2023-08-31 04:17:54 RAM 2119/3956MB (lfb 75x4MB) SWAP 0/4026MB (cached 0MB) CPU [20%@1036,29%@1036,18%@1036,18%@1036] EMC_FREQ 0% GR3D_FREQ 0% PLL@28C CPU@31C PMIC@50C GPU@30C AO@38.5C thermal@30.5C
2023-08-31 04:18:55 RAM 3116/3956MB (lfb 7x4MB) SWAP 39/4026MB (cached 0MB) CPU [23%@1479,20%@1479,19%@1479,16%@1479] EMC_FREQ 0% GR3D_FREQ 0% PLL@27.5C CPU@30.5C PMIC@50C GPU@29.5C AO@38C thermal@29.25C
2023-08-31 04:19:59 RAM 3522/3956MB (lfb 8x4MB) SWAP 184/4026MB (cached 3MB) CPU [16%@102,18%@102,12%@102,10%@102] EMC_FREQ 0% GR3D_FREQ 0% PLL@27C CPU@30C PMIC@50C GPU@29C AO@38C thermal@29.25C
2023-08-31 04:20:58 RAM 3469/3956MB (lfb 8x4MB) SWAP 339/4026MB (cached 4MB) CPU [15%@204,12%@204,8%@204,6%@204] EMC_FREQ 0% GR3D_FREQ 0% PLL@26.5C CPU@29C PMIC@50C GPU@28.5C AO@37.5C thermal@28.75C
2023-08-31 04:22:02 RAM 3487/3956MB (lfb 8x4MB) SWAP 475/4026MB (cached 3MB) CPU [17%@204,13%@204,16%@204,12%@204] EMC_FREQ 0% GR3D_FREQ 0% PLL@26C CPU@29C PMIC@50C GPU@28C AO@37C thermal@28.5C
2023-08-31 04:23:02 RAM 3580/3956MB (lfb 8x4MB) SWAP 602/4026MB (cached 12MB) CPU [12%@204,11%@204,9%@204,5%@204] EMC_FREQ 0% GR3D_FREQ 0% PLL@26C CPU@28.5C PMIC@50C GPU@28C AO@36C thermal@28.25C
2023-08-31 04:23:59 RAM 3555/3956MB (lfb 8x4MB) SWAP 646/4026MB (cached 13MB) CPU [18%@204,15%@204,14%@204,11%@204] EMC_FREQ 0% GR3D_FREQ 0% PLL@26C CPU@29C PMIC@50C GPU@28C AO@36.5C thermal@27.5C
2023-08-31 04:25:00 RAM 3505/3956MB (lfb 9x4MB) SWAP 808/4026MB (cached 25MB) CPU [17%@1479,13%@1479,14%@1479,11%@1479] EMC_FREQ 0% GR3D_FREQ 0% PLL@26C CPU@28.5C PMIC@50C GPU@26C AO@36C thermal@27.25C
2023-08-31 04:25:58 RAM 3403/3956MB (lfb 8x4MB) SWAP 1058/4026MB (cached 39MB) CPU [20%@307,18%@307,13%@307,14%@307] EMC_FREQ 0% GR3D_FREQ 0% PLL@26C CPU@29C PMIC@50C GPU@27C AO@37C thermal@28.5C
2023-08-31 04:26:57 RAM 3393/3956MB (lfb 8x4MB) SWAP 1144/4026MB (cached 46MB) CPU [30%@1479,27%@1479,25%@1479,22%@1479] EMC_FREQ 0% GR3D_FREQ 99% PLL@29C CPU@33C PMIC@50C GPU@30.5C AO@39.5C thermal@31.5C
2023-08-31 04:27:57 RAM 3446/3956MB (lfb 6x4MB) SWAP 1139/4026MB (cached 65MB) CPU [30%@710,28%@710,27%@710,23%@710] EMC_FREQ 0% GR3D_FREQ 0% PLL@29.5C CPU@32C PMIC@50C GPU@30C AO@40.5C thermal@31.5C
2023-08-31 04:28:57 RAM 3402/3956MB (lfb 7x4MB) SWAP 1178/4026MB (cached 70MB) CPU [36%@1479,36%@1479,40%@1479,35%@1479] EMC_FREQ 0% GR3D_FREQ 0% PLL@32C CPU@35C PMIC@50C GPU@32.5C AO@43C thermal@34.5C
2023-08-31 04:29:57 RAM 3407/3956MB (lfb 7x4MB) SWAP 1181/4026MB (cached 70MB) CPU [45%@1479,36%@1479,35%@1479,36%@1479] EMC_FREQ 0% GR3D_FREQ 0% PLL@34C CPU@37.5C PMIC@50C GPU@34.5C AO@44.5C thermal@36C
2023-08-31 04:30:57 RAM 3408/3956MB (lfb 7x4MB) SWAP 1193/4026MB (cached 70MB) CPU [38%@1479,39%@1479,42%@1479,38%@1479] EMC_FREQ 0% GR3D_FREQ 0% PLL@35.5C CPU@39C PMIC@50C GPU@36C AO@46.5C thermal@37.25C
2023-08-31 04:31:57 RAM 3413/3956MB (lfb 7x4MB) SWAP 1193/4026MB (cached 70MB) CPU [41%@1479,37%@1479,43%@1479,36%@1479] EMC_FREQ 0% GR3D_FREQ 27% PLL@36.5C CPU@40.5C PMIC@50C GPU@37.5C AO@47.5C thermal@38.75C
2023-08-31 04:32:57 RAM 3416/3956MB (lfb 7x4MB) SWAP 1192/4026MB (cached 70MB) CPU [41%@1479,42%@1479,37%@1479,39%@1479] EMC_FREQ 0% GR3D_FREQ 96% PLL@37.5C CPU@40.5C PMIC@50C GPU@38.5C AO@48.5C thermal@40C
2023-08-31 04:33:57 RAM 3421/3956MB (lfb 7x4MB) SWAP 1190/4026MB (cached 71MB) CPU [42%@1479,38%@1479,43%@1479,34%@1479] EMC_FREQ 0% GR3D_FREQ 0% PLL@37.5C CPU@42.5C PMIC@50C GPU@38.5C AO@49C thermal@40.5C
2023-08-31 04:34:57 RAM 3424/3956MB (lfb 7x4MB) SWAP 1190/4026MB (cached 71MB) CPU [39%@1479,40%@1479,42%@1479,36%@1479] EMC_FREQ 0% GR3D_FREQ 99% PLL@38C CPU@43.5C PMIC@50C GPU@40C AO@49C thermal@41C
2023-08-31 04:35:57 RAM 3413/3956MB (lfb 7x4MB) SWAP 1221/4026MB (cached 71MB) CPU [41%@1479,39%@1479,39%@1479,40%@1479] EMC_FREQ 0% GR3D_FREQ 97% PLL@39C CPU@42.5C PMIC@50C GPU@40C AO@49.5C thermal@42C
2023-08-31 04:36:57 RAM 3423/3956MB (lfb 7x4MB) SWAP 1221/4026MB (cached 71MB) CPU [38%@1479,38%@1479,41%@1479,41%@1479] EMC_FREQ 0% GR3D_FREQ 96% PLL@38.5C CPU@44C PMIC@50C GPU@40C AO@49.5C thermal@40.5C
2023-08-31 04:37:57 RAM 3422/3956MB (lfb 7x4MB) SWAP 1221/4026MB (cached 71MB) CPU [42%@1479,40%@1479,37%@1479,37%@1479] EMC_FREQ 0% GR3D_FREQ 0% PLL@39.5C CPU@42.5C PMIC@50C GPU@40C AO@50C thermal@41.5C
2023-08-31 04:38:57 RAM 3426/3956MB (lfb 7x4MB) SWAP 1220/4026MB (cached 72MB) CPU [41%@1479,38%@1479,38%@1479,40%@1479] EMC_FREQ 0% GR3D_FREQ 97% PLL@39C CPU@44C PMIC@50C GPU@40.5C AO@50.5C thermal@41.75C
2023-08-31 04:39:57 RAM 3406/3956MB (lfb 9x4MB) SWAP 1250/4026MB (cached 71MB) CPU [43%@1479,40%@1479,39%@1479,39%@1479] EMC_FREQ 0% GR3D_FREQ 99% PLL@39.5C CPU@44.5C PMIC@50C GPU@40C AO@50.5C thermal@42C
2023-08-31 04:40:57 RAM 3416/3956MB (lfb 9x4MB) SWAP 1249/4026MB (cached 71MB) CPU [43%@1479,37%@1479,42%@1479,39%@1479] EMC_FREQ 0% GR3D_FREQ 0% PLL@39.5C CPU@42.5C PMIC@50C GPU@39.5C AO@50.5C thermal@42.25C
2023-08-31 04:41:57 RAM 3421/3956MB (lfb 9x4MB) SWAP 1249/4026MB (cached 71MB) CPU [40%@1479,38%@1479,39%@1479,41%@1479] EMC_FREQ 0% GR3D_FREQ 86% PLL@40C CPU@43.5C PMIC@50C GPU@40.5C AO@50.5C thermal@42.5C
2023-08-31 04:42:57 RAM 3425/3956MB (lfb 9x4MB) SWAP 1249/4026MB (cached 71MB) CPU [37%@1479,39%@1479,38%@1479,43%@1479] EMC_FREQ 0% GR3D_FREQ 84% PLL@40C CPU@43C PMIC@50C GPU@41C AO@51C thermal@41.5C
2023-08-31 04:43:57 RAM 3425/3956MB (lfb 9x4MB) SWAP 1248/4026MB (cached 71MB) CPU [38%@1479,38%@1479,37%@1479,42%@1479] EMC_FREQ 0% GR3D_FREQ 41% PLL@39.5C CPU@43C PMIC@50C GPU@40C AO@50.5C thermal@42.5C
2023-08-31 04:44:57 RAM 3418/3956MB (lfb 9x4MB) SWAP 1264/4026MB (cached 71MB) CPU [38%@1479,39%@1479,38%@1479,43%@1479] EMC_FREQ 0% GR3D_FREQ 99% PLL@39C CPU@44.5C PMIC@50C GPU@40.5C AO@50.5C thermal@42C
2023-08-31 04:45:57 RAM 3390/3956MB (lfb 8x4MB) SWAP 1289/4026MB (cached 79MB) CPU [44%@1479,44%@1479,39%@1479,39%@1479] EMC_FREQ 0% GR3D_FREQ 74% PLL@39.5C CPU@42.5C PMIC@50C GPU@40.5C AO@50.5C thermal@40.75C
2023-08-31 04:46:57 RAM 3389/3956MB (lfb 8x4MB) SWAP 1288/4026MB (cached 79MB) CPU [38%@1479,41%@1479,39%@1479,36%@1479] EMC_FREQ 0% GR3D_FREQ 0% PLL@39C CPU@43.5C PMIC@50C GPU@39.5C AO@49.5C thermal@42.75C
2023-08-31 04:47:57 RAM 3390/3956MB (lfb 8x4MB) SWAP 1288/4026MB (cached 79MB) CPU [36%@1479,36%@1479,40%@1479,43%@1479] EMC_FREQ 0% GR3D_FREQ 13% PLL@39.5C CPU@43.5C PMIC@50C GPU@40C AO@49.5C thermal@42C
2023-08-31 04:48:57 RAM 3390/3956MB (lfb 8x4MB) SWAP 1288/4026MB (cached 79MB) CPU [38%@1479,36%@1479,41%@1479,42%@1479] EMC_FREQ 0% GR3D_FREQ 0% PLL@40C CPU@43C PMIC@50C GPU@39.5C AO@50C thermal@41.5C
2023-08-31 04:49:57 RAM 3392/3956MB (lfb 8x4MB) SWAP 1288/4026MB (cached 79MB) CPU [39%@1479,39%@1479,40%@1479,40%@1479] EMC_FREQ 0% GR3D_FREQ 0% PLL@39.5C CPU@42.5C PMIC@50C GPU@39.5C AO@50C thermal@41.5C
2023-08-31 04:50:57 RAM 3391/3956MB (lfb 8x4MB) SWAP 1288/4026MB (cached 79MB) CPU [42%@1479,35%@1479,42%@1479,38%@1479] EMC_FREQ 0% GR3D_FREQ 0% PLL@38.5C CPU@43.5C PMIC@50C GPU@39.5C AO@49.5C thermal@41.5C
2023-08-31 04:51:57 RAM 3395/3956MB (lfb 8x4MB) SWAP 1288/4026MB (cached 79MB) CPU [37%@1479,40%@1479,41%@1479,38%@1479] EMC_FREQ 0% GR3D_FREQ 99% PLL@40C CPU@43C PMIC@50C GPU@40C AO@50C thermal@42C
2023-08-31 04:52:57 RAM 3395/3956MB (lfb 8x4MB) SWAP 1288/4026MB (cached 79MB) CPU [39%@1479,39%@1479,39%@1479,39%@1479] EMC_FREQ 0% GR3D_FREQ 99% PLL@39C CPU@44C PMIC@50C GPU@40.5C AO@51C thermal@41.5C
2023-08-31 04:53:57 RAM 3397/3956MB (lfb 8x4MB) SWAP 1288/4026MB (cached 79MB) CPU [39%@1479,39%@1479,41%@1479,40%@1479] EMC_FREQ 0% GR3D_FREQ 93% PLL@39C CPU@42C PMIC@50C GPU@40C AO@50.5C thermal@41.75C
2023-08-31 04:54:57 RAM 3400/3956MB (lfb 7x4MB) SWAP 1288/4026MB (cached 79MB) CPU [39%@1479,36%@1479,41%@1479,40%@1479] EMC_FREQ 0% GR3D_FREQ 30% PLL@39C CPU@44C PMIC@50C GPU@40.5C AO@50C thermal@41.75C
2023-08-31 04:55:57 RAM 3399/3956MB (lfb 7x4MB) SWAP 1288/4026MB (cached 79MB) CPU [38%@1479,36%@1479,39%@1479,45%@1479] EMC_FREQ 0% GR3D_FREQ 99% PLL@39C CPU@44C PMIC@50C GPU@40C AO@50.5C thermal@42C
2023-08-31 04:56:57 RAM 3402/3956MB (lfb 10x4MB) SWAP 1288/4026MB (cached 79MB) CPU [40%@1479,35%@1479,36%@1479,43%@1479] EMC_FREQ 0% GR3D_FREQ 74% PLL@39C CPU@42.5C PMIC@50C GPU@40C AO@50C thermal@41.5C
2023-08-31 04:57:57 RAM 3409/3956MB (lfb 10x4MB) SWAP 1288/4026MB (cached 80MB) CPU [37%@1479,41%@1479,39%@1479,38%@1479] EMC_FREQ 0% GR3D_FREQ 35% PLL@39C CPU@43.5C PMIC@50C GPU@40C AO@50C thermal@41.75C
2023-08-31 04:58:57 RAM 3409/3956MB (lfb 10x4MB) SWAP 1288/4026MB (cached 80MB) CPU [40%@1479,41%@1479,36%@1479,39%@1479] EMC_FREQ 0% GR3D_FREQ 97% PLL@38.5C CPU@43.5C PMIC@50C GPU@40C AO@50C thermal@41.25C
2023-08-31 04:59:57 RAM 3416/3956MB (lfb 10x4MB) SWAP 1286/4026MB (cached 80MB) CPU [38%@1479,40%@1479,41%@1479,40%@1479] EMC_FREQ 0% GR3D_FREQ 0% PLL@38.5C CPU@43.5C PMIC@50C GPU@39C AO@49.5C thermal@41.5C
2023-08-31 05:00:57 RAM 3427/3956MB (lfb 10x4MB) SWAP 1284/4026MB (cached 81MB) CPU [39%@1479,42%@1479,37%@1479,35%@1479] EMC_FREQ 0% GR3D_FREQ 99% PLL@39.5C CPU@42.5C PMIC@50C GPU@40C AO@49.5C thermal@41.25C
2023-08-31 05:01:57 RAM 3424/3956MB (lfb 10x4MB) SWAP 1291/4026MB (cached 81MB) CPU [36%@1479,45%@1479,39%@1479,35%@1479] EMC_FREQ 0% GR3D_FREQ 38% PLL@38.5C CPU@43C PMIC@50C GPU@40C AO@49.5C thermal@41.5C
2023-08-31 05:02:57 RAM 3427/3956MB (lfb 10x4MB) SWAP 1290/4026MB (cached 81MB) CPU [39%@1479,37%@1479,37%@1479,40%@1479] EMC_FREQ 0% GR3D_FREQ 32% PLL@39C CPU@42.5C PMIC@50C GPU@40C AO@49.5C thermal@41.5C
2023-08-31 05:03:57 RAM 3426/3956MB (lfb 10x4MB) SWAP 1290/4026MB (cached 81MB) CPU [44%@1479,41%@1479,35%@1479,35%@1479] EMC_FREQ 0% GR3D_FREQ 0% PLL@38.5C CPU@42C PMIC@50C GPU@39.5C AO@49.5C thermal@42C
2023-08-31 05:04:57 RAM 3428/3956MB (lfb 10x4MB) SWAP 1291/4026MB (cached 81MB) CPU [40%@1479,39%@1479,36%@1479,40%@1479] EMC_FREQ 0% GR3D_FREQ 88% PLL@38.5C CPU@43.5C PMIC@50C GPU@39.5C AO@49.5C thermal@41.5C
2023-08-31 05:05:57 RAM 3425/3956MB (lfb 10x4MB) SWAP 1291/4026MB (cached 81MB) CPU [38%@1479,41%@1479,37%@1479,38%@1479] EMC_FREQ 0% GR3D_FREQ 93% PLL@38.5C CPU@44C PMIC@50C GPU@40.5C AO@49.5C thermal@41C
2023-08-31 05:06:57 RAM 3424/3956MB (lfb 10x4MB) SWAP 1291/4026MB (cached 81MB) CPU [38%@1479,38%@1479,38%@1479,42%@1479] EMC_FREQ 0% GR3D_FREQ 99% PLL@38.5C CPU@42.5C PMIC@50C GPU@39.5C AO@50C thermal@41.25C
2023-08-31 05:07:57 RAM 3434/3956MB (lfb 10x4MB) SWAP 1291/4026MB (cached 81MB) CPU [37%@1479,36%@1479,39%@1479,41%@1479] EMC_FREQ 0% GR3D_FREQ 99% PLL@39C CPU@42.5C PMIC@50C GPU@39.5C AO@49.5C thermal@41.25C
2023-08-31 05:08:57 RAM 3438/3956MB (lfb 10x4MB) SWAP 1291/4026MB (cached 81MB) CPU [41%@1479,41%@1479,38%@1479,36%@1479] EMC_FREQ 0% GR3D_FREQ 1% PLL@38.5C CPU@43.5C PMIC@50C GPU@39.5C AO@50C thermal@41.5C
2023-08-31 05:09:57 RAM 3439/3956MB (lfb 10x4MB) SWAP 1291/4026MB (cached 81MB) CPU [41%@1479,37%@1479,36%@1479,39%@1479] EMC_FREQ 0% GR3D_FREQ 72% PLL@38.5C CPU@41.5C PMIC@50C GPU@39.5C AO@49.5C thermal@41C
2023-08-31 05:10:57 RAM 3438/3956MB (lfb 10x4MB) SWAP 1290/4026MB (cached 81MB) CPU [41%@1479,43%@1479,34%@1479,37%@1479] EMC_FREQ 0% GR3D_FREQ 80% PLL@38.5C CPU@43.5C PMIC@50C GPU@40C AO@50C thermal@41C
2023-08-31 05:11:57 RAM 3438/3956MB (lfb 10x4MB) SWAP 1290/4026MB (cached 81MB) CPU [36%@1479,43%@1479,36%@1479,37%@1479] EMC_FREQ 0% GR3D_FREQ 52% PLL@38.5C CPU@42C PMIC@50C GPU@40C AO@50C thermal@41.25C
2023-08-31 05:12:57 RAM 3441/3956MB (lfb 10x4MB) SWAP 1290/4026MB (cached 81MB) CPU [39%@1479,39%@1479,36%@1479,40%@1479] EMC_FREQ 0% GR3D_FREQ 0% PLL@38C CPU@41.5C PMIC@50C GPU@39C AO@49C thermal@39.75C
2023-08-31 05:13:57 RAM 3442/3956MB (lfb 10x4MB) SWAP 1290/4026MB (cached 81MB) CPU [40%@1479,42%@1479,37%@1479,36%@1479] EMC_FREQ 0% GR3D_FREQ 95% PLL@38.5C CPU@42C PMIC@50C GPU@39.5C AO@49C thermal@41C
2023-08-31 05:14:57 RAM 3447/3956MB (lfb 10x4MB) SWAP 1290/4026MB (cached 81MB) CPU [37%@1479,41%@1479,39%@1479,35%@1479] EMC_FREQ 0% GR3D_FREQ 0% PLL@38.5C CPU@41C PMIC@50C GPU@38.5C AO@49.5C thermal@41.5C
2023-08-31 05:15:57 RAM 3451/3956MB (lfb 10x4MB) SWAP 1289/4026MB (cached 81MB) CPU [35%@1479,42%@1479,39%@1479,35%@1479] EMC_FREQ 0% GR3D_FREQ 87% PLL@38.5C CPU@44C PMIC@50C GPU@38.5C AO@49.5C thermal@41C
2023-08-31 05:16:57 RAM 3450/3956MB (lfb 10x4MB) SWAP 1293/4026MB (cached 81MB) CPU [38%@1479,37%@1479,35%@1479,44%@1479] EMC_FREQ 0% GR3D_FREQ 99% PLL@38.5C CPU@42.5C PMIC@50C GPU@39.5C AO@49.5C thermal@41.5C
2023-08-31 05:17:57 RAM 3463/3956MB (lfb 10x4MB) SWAP 1293/4026MB (cached 82MB) CPU [40%@1479,37%@1479,36%@1479,38%@1479] EMC_FREQ 0% GR3D_FREQ 11% PLL@38C CPU@44C PMIC@50C GPU@39.5C AO@49.5C thermal@41.5C
2023-08-31 05:18:57 RAM 3457/3956MB (lfb 10x4MB) SWAP 1298/4026MB (cached 82MB) CPU [39%@403,42%@403,38%@403,34%@403] EMC_FREQ 0% GR3D_FREQ 99% PLL@38.5C CPU@43C PMIC@50C GPU@40C AO@49.5C thermal@41C
2023-08-31 05:19:57 RAM 3458/3956MB (lfb 10x4MB) SWAP 1298/4026MB (cached 82MB) CPU [39%@1479,35%@1479,38%@1479,40%@1479] EMC_FREQ 0% GR3D_FREQ 88% PLL@38.5C CPU@44C PMIC@50C GPU@39.5C AO@50C thermal@41.25C
2023-08-31 05:20:57 RAM 3461/3956MB (lfb 10x4MB) SWAP 1298/4026MB (cached 82MB) CPU [37%@1479,44%@1479,39%@1479,33%@1479] EMC_FREQ 0% GR3D_FREQ 18% PLL@39C CPU@44.5C PMIC@50C GPU@40C AO@50C thermal@41.5C
2023-08-31 05:21:57 RAM 3462/3956MB (lfb 10x4MB) SWAP 1298/4026MB (cached 82MB) CPU [37%@1479,38%@1479,40%@1479,36%@1479] EMC_FREQ 0% GR3D_FREQ 0% PLL@38.5C CPU@43C PMIC@50C GPU@40C AO@49.5C thermal@42C
2023-08-31 05:22:57 RAM 3464/3956MB (lfb 10x4MB) SWAP 1300/4026MB (cached 82MB) CPU [40%@1479,41%@1479,38%@1479,35%@1479] EMC_FREQ 0% GR3D_FREQ 92% PLL@38.5C CPU@43.5C PMIC@50C GPU@40.5C AO@49.5C thermal@42C
2023-08-31 05:23:57 RAM 3465/3956MB (lfb 10x4MB) SWAP 1300/4026MB (cached 82MB) CPU [38%@921,43%@921,37%@921,33%@921] EMC_FREQ 0% GR3D_FREQ 0% PLL@38.5C CPU@42C PMIC@50C GPU@39C AO@50C thermal@41.25C
2023-08-31 05:24:57 RAM 3458/3956MB (lfb 10x4MB) SWAP 1314/4026MB (cached 82MB) CPU [40%@1479,43%@1479,36%@1479,36%@1479] EMC_FREQ 0% GR3D_FREQ 0% PLL@38.5C CPU@42C PMIC@50C GPU@39C AO@49.5C thermal@41.25C
2023-08-31 05:25:57 RAM 3401/3956MB (lfb 10x4MB) SWAP 1313/4026MB (cached 81MB) CPU [40%@1479,40%@1479,39%@1479,38%@1479] EMC_FREQ 0% GR3D_FREQ 34% PLL@39C CPU@43C PMIC@50C GPU@40C AO@50C thermal@41C
2023-08-31 05:26:57 RAM 3399/3956MB (lfb 10x4MB) SWAP 1313/4026MB (cached 81MB) CPU [37%@1479,40%@1479,40%@1479,40%@1479] EMC_FREQ 0% GR3D_FREQ 99% PLL@39C CPU@44.5C PMIC@50C GPU@40.5C AO@50C thermal@42.5C
2023-08-31 05:27:57 RAM 3406/3956MB (lfb 10x4MB) SWAP 1313/4026MB (cached 81MB) CPU [37%@1479,45%@1479,38%@1479,37%@1479] EMC_FREQ 0% GR3D_FREQ 26% PLL@39.5C CPU@44C PMIC@50C GPU@40.5C AO@50.5C thermal@42C
2023-08-31 05:28:57 RAM 3407/3956MB (lfb 10x4MB) SWAP 1313/4026MB (cached 81MB) CPU [37%@1479,42%@1479,33%@1479,43%@1479] EMC_FREQ 0% GR3D_FREQ 99% PLL@39.5C CPU@44.5C PMIC@50C GPU@41C AO@50C thermal@41C
2023-08-31 05:29:57 RAM 3412/3956MB (lfb 10x4MB) SWAP 1313/4026MB (cached 81MB) CPU [37%@1479,37%@1479,41%@1479,40%@1479] EMC_FREQ 0% GR3D_FREQ 99% PLL@39C CPU@44C PMIC@50C GPU@40C AO@50.5C thermal@41.5C
2023-08-31 05:30:57 RAM 3408/3956MB (lfb 10x4MB) SWAP 1313/4026MB (cached 81MB) CPU [41%@1479,33%@1479,42%@1479,40%@1479] EMC_FREQ 0% GR3D_FREQ 95% PLL@39.5C CPU@42.5C PMIC@50C GPU@40.5C AO@50.5C thermal@42.25C
2023-08-31 05:31:57 RAM 3410/3956MB (lfb 10x4MB) SWAP 1313/4026MB (cached 81MB) CPU [35%@1479,42%@1479,42%@1479,39%@1479] EMC_FREQ 0% GR3D_FREQ 94% PLL@39C CPU@42.5C PMIC@50C GPU@40.5C AO@50C thermal@41C
2023-08-31 05:32:57 RAM 3412/3956MB (lfb 10x4MB) SWAP 1313/4026MB (cached 81MB) CPU [34%@1479,42%@1479,39%@1479,41%@1479] EMC_FREQ 0% GR3D_FREQ 0% PLL@39C CPU@44.5C PMIC@50C GPU@40C AO@50.5C thermal@42.25C
2023-08-31 05:33:57 RAM 3410/3956MB (lfb 10x4MB) SWAP 1315/4026MB (cached 81MB) CPU [42%@1479,40%@1479,37%@1479,38%@1479] EMC_FREQ 0% GR3D_FREQ 99% PLL@39C CPU@42.5C PMIC@50C GPU@40.5C AO@50.5C thermal@42.25C
2023-08-31 05:34:57 RAM 3407/3956MB (lfb 10x4MB) SWAP 1325/4026MB (cached 81MB) CPU [42%@1479,40%@1479,35%@1479,42%@1479] EMC_FREQ 0% GR3D_FREQ 98% PLL@39.5C CPU@44C PMIC@50C GPU@40.5C AO@50.5C thermal@41.5C
2023-08-31 05:35:57 RAM 3406/3956MB (lfb 10x4MB) SWAP 1325/4026MB (cached 82MB) CPU [39%@1479,41%@1479,37%@1479,41%@1479] EMC_FREQ 0% GR3D_FREQ 35% PLL@39C CPU@43.5C PMIC@50C GPU@40C AO@50.5C thermal@41.5C
2023-08-31 05:36:57 RAM 3408/3956MB (lfb 10x4MB) SWAP 1327/4026MB (cached 82MB) CPU [38%@1479,44%@1479,41%@1479,40%@1479] EMC_FREQ 0% GR3D_FREQ 0% PLL@39C CPU@42.5C PMIC@50C GPU@39.5C AO@50C thermal@41.5C
2023-08-31 05:37:57 RAM 3408/3956MB (lfb 10x4MB) SWAP 1330/4026MB (cached 82MB) CPU [35%@1479,40%@1479,43%@1479,39%@1479] EMC_FREQ 0% GR3D_FREQ 3% PLL@39C CPU@43C PMIC@50C GPU@40C AO@50C thermal@41.5C
2023-08-31 05:38:57 RAM 3408/3956MB (lfb 10x4MB) SWAP 1334/4026MB (cached 82MB) CPU [40%@1479,38%@1479,42%@1479,38%@1479] EMC_FREQ 0% GR3D_FREQ 0% PLL@39C CPU@42C PMIC@50C GPU@40C AO@50C thermal@41.5C
2023-08-31 05:39:57 RAM 3407/3956MB (lfb 10x4MB) SWAP 1339/4026MB (cached 82MB) CPU [38%@1479,39%@1479,39%@1479,40%@1479] EMC_FREQ 0% GR3D_FREQ 99% PLL@39.5C CPU@43.5C PMIC@50C GPU@40C AO@50C thermal@41.75C
2023-08-31 05:40:57 RAM 1889/3956MB (lfb 20x4MB) SWAP 978/4026MB (cached 61MB) CPU [16%@307,16%@307,16%@307,10%@307] EMC_FREQ 0% GR3D_FREQ 0% PLL@34.5C CPU@38C PMIC@50C GPU@35C AO@46C thermal@36.5C
2023-08-31 05:41:57 RAM 1889/3956MB (lfb 20x4MB) SWAP 977/4026MB (cached 62MB) CPU [13%@1479,11%@1479,14%@1479,11%@1479] EMC_FREQ 0% GR3D_FREQ 0% PLL@32.5C CPU@36C PMIC@50C GPU@33C AO@43C thermal@34.75C
2023-08-31 05:42:57 RAM 1963/3956MB (lfb 20x4MB) SWAP 945/4026MB (cached 101MB) CPU [33%@102,33%@102,31%@102,32%@102] EMC_FREQ 0% GR3D_FREQ 0% PLL@30C CPU@33.5C PMIC@50C GPU@32C AO@41.5C thermal@33C
2023-08-31 05:43:57 RAM 2128/3956MB (lfb 20x4MB) SWAP 901/4026MB (cached 152MB) CPU [53%@307,55%@307,52%@403,52%@403] EMC_FREQ 0% GR3D_FREQ 0% PLL@30.5C CPU@33.5C PMIC@50C GPU@31C AO@41.5C thermal@32.5C
2023-08-31 05:44:57 RAM 2148/3956MB (lfb 20x4MB) SWAP 896/4026MB (cached 149MB) CPU [34%@1479,34%@1479,33%@1479,36%@1479] EMC_FREQ 0% GR3D_FREQ 56% PLL@30.5C CPU@34C PMIC@50C GPU@31C AO@40.5C thermal@31.75C
2023-08-31 05:45:57 RAM 3061/3956MB (lfb 1x2MB) SWAP 886/4026MB (cached 137MB) CPU [18%@614,23%@614,18%@614,14%@614] EMC_FREQ 0% GR3D_FREQ 0% PLL@29C CPU@31.5C PMIC@50C GPU@29.5C AO@40C thermal@31C
2023-08-31 05:46:59 RAM 3462/3956MB (lfb 7x2MB) SWAP 916/4026MB (cached 130MB) CPU [14%@102,14%@102,13%@102,13%@102] EMC_FREQ 0% GR3D_FREQ 0% PLL@28C CPU@31C PMIC@50C GPU@30C AO@39C thermal@29.5C
2023-08-31 05:48:00 RAM 3533/3956MB (lfb 1x4MB) SWAP 960/4026MB (cached 122MB) CPU [12%@204,11%@204,9%@204,10%@204] EMC_FREQ 0% GR3D_FREQ 0% PLL@27.5C CPU@30.5C PMIC@50C GPU@27.5C AO@38C thermal@30C
2023-08-31 05:48:59 RAM 3508/3956MB (lfb 6x1MB) SWAP 963/4026MB (cached 132MB) CPU [17%@102,13%@102,11%@102,15%@102] EMC_FREQ 0% GR3D_FREQ 0% PLL@27C CPU@30C PMIC@50C GPU@27C AO@37.5C thermal@28.75C
2023-08-31 05:49:58 RAM 2010/3956MB (lfb 3x4MB) SWAP 936/4026MB (cached 145MB) CPU [23%@1479,20%@1479,17%@1479,19%@1479] EMC_FREQ 0% GR3D_FREQ 0% PLL@28C CPU@30.5C PMIC@50C GPU@28C AO@38C thermal@30.25C
2023-08-31 05:50:58 RAM 2083/3956MB (lfb 3x4MB) SWAP 922/4026MB (cached 144MB) CPU [56%@1479,54%@1479,53%@1479,50%@1479] EMC_FREQ 0% GR3D_FREQ 0% PLL@28.5C CPU@31.5C PMIC@50C GPU@29C AO@39.5C thermal@31.25C
2023-08-31 05:51:58 RAM 2095/3956MB (lfb 3x4MB) SWAP 920/4026MB (cached 143MB) CPU [24%@1479,23%@1479,23%@1479,24%@1479] EMC_FREQ 0% GR3D_FREQ 75% PLL@28.5C CPU@31.5C PMIC@50C GPU@28.5C AO@39C thermal@29.75C
2023-08-31 05:52:58 RAM 2762/3956MB (lfb 3x512kB) SWAP 916/4026MB (cached 137MB) CPU [21%@1479,21%@1479,19%@1479,20%@1479] EMC_FREQ 0% GR3D_FREQ 0% PLL@27.5C CPU@30.5C PMIC@50C GPU@28C AO@38.5C thermal@30.25C
2023-08-31 05:53:59 RAM 3410/3956MB (lfb 1x2MB) SWAP 937/4026MB (cached 129MB) CPU [12%@102,11%@204,11%@204,14%@204] EMC_FREQ 0% GR3D_FREQ 0% PLL@26.5C CPU@29.5C PMIC@50C GPU@28.5C AO@38C thermal@29C
2023-08-31 05:55:04 RAM 3522/3956MB (lfb 1x1MB) SWAP 981/4026MB (cached 125MB) CPU [14%@1479,9%@1479,9%@1479,6%@1479] EMC_FREQ 0% GR3D_FREQ 7% PLL@26C CPU@29C PMIC@50C GPU@26.5C AO@37C thermal@28.25C
2023-08-31 05:56:01 RAM 3446/3956MB (lfb 3x1MB) SWAP 1100/4026MB (cached 114MB) CPU [15%@102,7%@102,13%@102,7%@102] EMC_FREQ 0% GR3D_FREQ 0% PLL@26C CPU@28.5C PMIC@50C GPU@28C AO@36.5C thermal@28.25C
2023-08-31 05:56:58 RAM 3445/3956MB (lfb 3x2MB) SWAP 1273/4026MB (cached 151MB) CPU [25%@518,22%@518,20%@518,16%@518] EMC_FREQ 0% GR3D_FREQ 0% PLL@26C CPU@29C PMIC@50C GPU@28C AO@37C thermal@28.25C
2023-08-31 05:57:58 RAM 3400/3956MB (lfb 5x1MB) SWAP 1414/4026MB (cached 156MB) CPU [22%@1479,12%@1479,16%@1479,12%@1479] EMC_FREQ 0% GR3D_FREQ 99% PLL@28C CPU@33C PMIC@50C GPU@29.5C AO@38.5C thermal@30.25C
2023-08-31 05:58:58 RAM 3363/3956MB (lfb 2x2MB) SWAP 1561/4026MB (cached 156MB) CPU [16%@204,11%@204,12%@204,12%@204] EMC_FREQ 0% GR3D_FREQ 0% PLL@26C CPU@29C PMIC@50C GPU@27C AO@37C thermal@28.25C
2023-08-31 05:59:58 RAM 3351/3956MB (lfb 1x2MB) SWAP 1623/4026MB (cached 160MB) CPU [18%@102,14%@102,13%@102,11%@102] EMC_FREQ 0% GR3D_FREQ 0% PLL@26.5C CPU@29C PMIC@50C GPU@28.5C AO@37C thermal@28.5C
2023-08-31 06:00:58 RAM 3358/3956MB (lfb 1x2MB) SWAP 1657/4026MB (cached 173MB) CPU [23%@1479,17%@1479,19%@1479,20%@1479] EMC_FREQ 0% GR3D_FREQ 99% PLL@30.5C CPU@34.5C PMIC@50C GPU@32C AO@41C thermal@33.5C
2023-08-31 06:01:58 RAM 3356/3956MB (lfb 1x2MB) SWAP 1685/4026MB (cached 173MB) CPU [24%@1479,21%@1479,22%@1479,15%@1479] EMC_FREQ 0% GR3D_FREQ 99% PLL@34C CPU@38C PMIC@50C GPU@35C AO@44.5C thermal@36C
2023-08-31 06:02:58 RAM 3351/3956MB (lfb 1x2MB) SWAP 1704/4026MB (cached 171MB) CPU [26%@825,21%@825,20%@825,17%@825] EMC_FREQ 0% GR3D_FREQ 98% PLL@36.5C CPU@40.5C PMIC@50C GPU@37.5C AO@47C thermal@38.75C
2023-08-31 06:03:58 RAM 3325/3956MB (lfb 6x1MB) SWAP 1733/4026MB (cached 152MB) CPU [23%@102,16%@204,14%@204,14%@204] EMC_FREQ 0% GR3D_FREQ 0% PLL@34C CPU@37C PMIC@50C GPU@36C AO@45C thermal@36.5C
2023-08-31 06:04:58 RAM 3287/3956MB (lfb 6x1MB) SWAP 1790/4026MB (cached 124MB) CPU [23%@403,20%@403,18%@403,19%@403] EMC_FREQ 0% GR3D_FREQ 95% PLL@34C CPU@38C PMIC@50C GPU@36C AO@45C thermal@37.5C
2023-08-31 06:05:58 RAM 3287/3956MB (lfb 1x2MB) SWAP 1790/4026MB (cached 125MB) CPU [21%@1479,22%@1479,21%@1479,17%@1479] EMC_FREQ 0% GR3D_FREQ 99% PLL@37C CPU@41.5C PMIC@50C GPU@38.5C AO@48C thermal@39.5C
2023-08-31 06:06:58 RAM 3284/3956MB (lfb 2x2MB) SWAP 1791/4026MB (cached 124MB) CPU [17%@1479,22%@1479,22%@1479,20%@1479] EMC_FREQ 0% GR3D_FREQ 99% PLL@38.5C CPU@42C PMIC@50C GPU@40C AO@49.5C thermal@41.5C
2023-08-31 06:07:58 RAM 3294/3956MB (lfb 2x2MB) SWAP 1794/4026MB (cached 129MB) CPU [23%@518,21%@518,21%@518,21%@518] EMC_FREQ 0% GR3D_FREQ 99% PLL@40C CPU@43.5C PMIC@50C GPU@41.5C AO@50.5C thermal@42C
2023-08-31 06:08:58 RAM 3295/3956MB (lfb 2x2MB) SWAP 1795/4026MB (cached 129MB) CPU [28%@1479,21%@1479,22%@1479,20%@1479] EMC_FREQ 0% GR3D_FREQ 96% PLL@41.5C CPU@45.5C PMIC@50C GPU@42.5C AO@52.5C thermal@43.75C
2023-08-31 06:09:58 RAM 3306/3956MB (lfb 1x2MB) SWAP 1794/4026MB (cached 128MB) CPU [21%@307,23%@307,23%@307,17%@307] EMC_FREQ 0% GR3D_FREQ 99% PLL@41.5C CPU@45.5C PMIC@50C GPU@44C AO@52.5C thermal@45C
2023-08-31 06:10:58 RAM 3308/3956MB (lfb 2x2MB) SWAP 1793/4026MB (cached 129MB) CPU [18%@403,23%@1479,24%@1479,18%@1479] EMC_FREQ 0% GR3D_FREQ 99% PLL@42C CPU@47C PMIC@50C GPU@44C AO@54C thermal@45C
2023-08-31 06:11:58 RAM 3312/3956MB (lfb 2x2MB) SWAP 1792/4026MB (cached 128MB) CPU [22%@1479,21%@1479,20%@1479,20%@1479] EMC_FREQ 0% GR3D_FREQ 99% PLL@43C CPU@48.5C PMIC@50C GPU@44C AO@54.5C thermal@45.75C
2023-08-31 06:12:58 RAM 3314/3956MB (lfb 2x2MB) SWAP 1791/4026MB (cached 128MB) CPU [21%@614,19%@614,21%@614,20%@614] EMC_FREQ 0% GR3D_FREQ 99% PLL@43C CPU@46.5C PMIC@50C GPU@44C AO@54.5C thermal@45.75C
2023-08-31 06:13:58 RAM 3310/3956MB (lfb 1x2MB) SWAP 1789/4026MB (cached 126MB) CPU [23%@518,22%@518,21%@518,18%@518] EMC_FREQ 0% GR3D_FREQ 92% PLL@43C CPU@47C PMIC@50C GPU@45C AO@54.5C thermal@46.5C
2023-08-31 06:14:58 RAM 3318/3956MB (lfb 1x2MB) SWAP 1788/4026MB (cached 126MB) CPU [21%@1479,20%@1479,21%@1479,21%@1479] EMC_FREQ 0% GR3D_FREQ 99% PLL@43.5C CPU@48C PMIC@50C GPU@45C AO@55C thermal@46C
2023-08-31 06:15:58 RAM 3303/3956MB (lfb 2x2MB) SWAP 1802/4026MB (cached 127MB) CPU [21%@518,21%@518,22%@518,20%@518] EMC_FREQ 0% GR3D_FREQ 99% PLL@43.5C CPU@47.5C PMIC@50C GPU@45.5C AO@55C thermal@46.5C
2023-08-31 06:16:58 RAM 3308/3956MB (lfb 2x2MB) SWAP 1802/4026MB (cached 127MB) CPU [21%@1479,20%@1479,21%@1479,20%@1479] EMC_FREQ 0% GR3D_FREQ 99% PLL@43.5C CPU@47.5C PMIC@50C GPU@45C AO@55C thermal@46.75C
2023-08-31 06:17:58 RAM 3313/3956MB (lfb 2x2MB) SWAP 1800/4026MB (cached 127MB) CPU [20%@1479,21%@1479,22%@1479,18%@1479] EMC_FREQ 0% GR3D_FREQ 99% PLL@43.5C CPU@48C PMIC@50C GPU@45C AO@55C thermal@46.75C
2023-08-31 06:18:58 RAM 3311/3956MB (lfb 2x2MB) SWAP 1804/4026MB (cached 127MB) CPU [22%@518,19%@518,24%@518,21%@518] EMC_FREQ 0% GR3D_FREQ 99% PLL@43.5C CPU@47.5C PMIC@50C GPU@45C AO@55.5C thermal@46.75C
2023-08-31 06:19:58 RAM 3283/3956MB (lfb 3x2MB) SWAP 1720/4026MB (cached 120MB) CPU [17%@825,14%@825,16%@825,13%@825] EMC_FREQ 0% GR3D_FREQ 0% PLL@39.5C CPU@43C PMIC@50C GPU@41.5C AO@51.5C thermal@42.5C
2023-08-31 06:20:58 RAM 1947/3956MB (lfb 2x4MB) SWAP 1124/4026MB (cached 116MB) CPU [9%@403,8%@204,11%@204,5%@307] EMC_FREQ 0% GR3D_FREQ 96% PLL@36C CPU@39.5C PMIC@50C GPU@37C AO@47.5C thermal@39C
2023-08-31 06:21:58 RAM 1531/3956MB (lfb 2x4MB) SWAP 707/4026MB (cached 47MB) CPU [19%@102,18%@102,15%@102,15%@102] EMC_FREQ 0% GR3D_FREQ 0% PLL@34C CPU@36C PMIC@50C GPU@36C AO@45C thermal@36.25C
