2023-08-30 04:16:31 RAM 2081/3956MB (lfb 107x4MB) SWAP 0/4026MB (cached 0MB) CPU [25%@1479,21%@1479,25%@1479,26%@1479] EMC_FREQ 0% GR3D_FREQ 21% PLL@26C CPU@29.5C PMIC@50C GPU@26C AO@36.5C thermal@27.75C
2023-08-30 04:17:31 RAM 2084/3956MB (lfb 107x4MB) SWAP 0/4026MB (cached 0MB) CPU [23%@1224,22%@1224,21%@1224,22%@1224] EMC_FREQ 0% GR3D_FREQ 0% PLL@24.5C CPU@27C PMIC@50C GPU@26.5C AO@35.5C thermal@26.75C
2023-08-30 04:18:31 RAM 2199/3956MB (lfb 98x4MB) SWAP 3/4026MB (cached 0MB) CPU [43%@1479,38%@1479,34%@1479,42%@1479] EMC_FREQ 0% GR3D_FREQ 53% PLL@26C CPU@30C PMIC@50C GPU@26C AO@36.5C thermal@28.25C
2023-08-30 04:19:31 RAM 2251/3956MB (lfb 97x4MB) SWAP 6/4026MB (cached 0MB) CPU [40%@307,36%@307,35%@307,36%@307] EMC_FREQ 0% GR3D_FREQ 0% PLL@25.5C CPU@28C PMIC@50C GPU@27.5C AO@36C thermal@28C
2023-08-30 04:20:32 RAM 3255/3956MB (lfb 86x4MB) SWAP 82/4026MB (cached 1MB) CPU [33%@102,25%@102,23%@102,23%@102] EMC_FREQ 0% GR3D_FREQ 0% PLL@25C CPU@27.5C PMIC@50C GPU@25C AO@35.5C thermal@27.25C
2023-08-30 04:21:32 RAM 3158/3956MB (lfb 86x4MB) SWAP 170/4026MB (cached 2MB) CPU [32%@1036,18%@1036,18%@1036,18%@1036] EMC_FREQ 0% GR3D_FREQ 0% PLL@25C CPU@28C PMIC@50C GPU@27C AO@35.5C thermal@27C
2023-08-30 04:22:32 RAM 2433/3956MB (lfb 86x4MB) SWAP 216/4026MB (cached 5MB) CPU [39%@1479,29%@1479,28%@1479,29%@1479] EMC_FREQ 0% GR3D_FREQ 0% PLL@26C CPU@28.5C PMIC@50C GPU@28C AO@36C thermal@28C
2023-08-30 04:23:32 RAM 3161/3956MB (lfb 1x4MB) SWAP 224/4026MB (cached 5MB) CPU [41%@710,26%@710,27%@710,32%@710] EMC_FREQ 0% GR3D_FREQ 0% PLL@24.5C CPU@28.5C PMIC@50C GPU@26.5C AO@35.5C thermal@27.75C
2023-08-30 04:24:33 RAM 3609/3956MB (lfb 1x4MB) SWAP 336/4026MB (cached 5MB) CPU [28%@102,18%@102,17%@102,17%@204] EMC_FREQ 0% GR3D_FREQ 0% PLL@24.5C CPU@26.5C PMIC@50C GPU@26.5C AO@35C thermal@26.75C
2023-08-30 04:25:33 RAM 3627/3956MB (lfb 1x4MB) SWAP 427/4026MB (cached 6MB) CPU [18%@102,12%@204,10%@204,7%@204] EMC_FREQ 0% GR3D_FREQ 0% PLL@23.5C CPU@26.5C PMIC@50C GPU@24.5C AO@34C thermal@26C
2023-08-30 04:26:38 RAM 3654/3956MB (lfb 1x4MB) SWAP 562/4026MB (cached 14MB) CPU [24%@1479,14%@1479,15%@1479,10%@1479] EMC_FREQ 0% GR3D_FREQ 0% PLL@23.5C CPU@26C PMIC@50C GPU@25.5C AO@34C thermal@25.25C
2023-08-30 04:27:36 RAM 3632/3956MB (lfb 1x4MB) SWAP 716/4026MB (cached 8MB) CPU [25%@1132,18%@1132,17%@1132,15%@1132] EMC_FREQ 0% GR3D_FREQ 0% PLL@23.5C CPU@26C PMIC@50C GPU@25.5C AO@34C thermal@26C
2023-08-30 04:28:35 RAM 3643/3956MB (lfb 3x4MB) SWAP 810/4026MB (cached 18MB) CPU [28%@1326,19%@1326,21%@1326,20%@1326] EMC_FREQ 0% GR3D_FREQ 0% PLL@23C CPU@26C PMIC@50C GPU@25C AO@34C thermal@26C
2023-08-30 04:29:36 RAM 3527/3956MB (lfb 3x4MB) SWAP 989/4026MB (cached 24MB) CPU [25%@1479,21%@1479,20%@1479,20%@1479] EMC_FREQ 0% GR3D_FREQ 0% PLL@23.5C CPU@27C PMIC@50C GPU@23.5C AO@34C thermal@25.25C
2023-08-30 04:30:36 RAM 3551/3956MB (lfb 1x4MB) SWAP 1170/4026MB (cached 33MB) CPU [53%@1479,34%@1479,34%@1479,33%@1479] EMC_FREQ 0% GR3D_FREQ 0% PLL@24C CPU@26C PMIC@50C GPU@26C AO@34.5C thermal@25.75C
2023-08-30 04:31:35 RAM 3520/3956MB (lfb 1x4MB) SWAP 1293/4026MB (cached 33MB) CPU [55%@1479,40%@1479,42%@1479,40%@1479] EMC_FREQ 0% GR3D_FREQ 94% PLL@26C CPU@29C PMIC@50C GPU@27C AO@36.5C thermal@27.5C
2023-08-30 04:32:35 RAM 3493/3956MB (lfb 1x4MB) SWAP 1345/4026MB (cached 39MB) CPU [66%@1479,43%@1479,41%@1479,37%@1479] EMC_FREQ 0% GR3D_FREQ 0% PLL@26C CPU@29.5C PMIC@50C GPU@28C AO@36.5C thermal@29C
2023-08-30 04:33:36 RAM 3449/3956MB (lfb 2x4MB) SWAP 1459/4026MB (cached 49MB) CPU [51%@1479,16%@1479,14%@1479,11%@1479] EMC_FREQ 0% GR3D_FREQ 0% PLL@25C CPU@28.5C PMIC@50C GPU@25.5C AO@36C thermal@27.25C
2023-08-30 04:34:38 RAM 3395/3956MB (lfb 5x4MB) SWAP 1563/4026MB (cached 48MB) CPU [66%@1479,11%@1479,9%@1479,8%@1479] EMC_FREQ 0% GR3D_FREQ 0% PLL@24.5C CPU@27.5C PMIC@50C GPU@26.5C AO@35C thermal@25.75C
2023-08-30 04:35:38 RAM 3363/3956MB (lfb 5x4MB) SWAP 1613/4026MB (cached 49MB) CPU [68%@204,8%@204,9%@204,9%@1479] EMC_FREQ 0% GR3D_FREQ 0% PLL@23.5C CPU@26C PMIC@50C GPU@24.5C AO@34C thermal@25C
2023-08-30 04:36:40 RAM 3356/3956MB (lfb 5x4MB) SWAP 1646/4026MB (cached 50MB) CPU [31%@825,13%@825,14%@825,10%@825] EMC_FREQ 0% GR3D_FREQ 0% PLL@23C CPU@26C PMIC@50C GPU@25C AO@33.5C thermal@25.25C
2023-08-30 04:37:39 RAM 3349/3956MB (lfb 5x4MB) SWAP 1682/4026MB (cached 50MB) CPU [17%@1036,12%@1036,14%@1036,10%@1036] EMC_FREQ 0% GR3D_FREQ 0% PLL@22.5C CPU@25.5C PMIC@50C GPU@24.5C AO@33.5C thermal@24.25C
2023-08-30 04:38:37 RAM 3315/3956MB (lfb 5x4MB) SWAP 1766/4026MB (cached 50MB) CPU [21%@1479,16%@1479,17%@1479,14%@1479] EMC_FREQ 0% GR3D_FREQ 0% PLL@23C CPU@27C PMIC@50C GPU@24C AO@33.5C thermal@26.25C
2023-08-30 04:39:36 RAM 3276/3956MB (lfb 5x4MB) SWAP 1797/4026MB (cached 105MB) CPU [33%@1479,27%@1479,32%@1479,27%@1479] EMC_FREQ 0% GR3D_FREQ 75% PLL@24C CPU@28C PMIC@50C GPU@25.5C AO@35C thermal@25.75C
2023-08-30 04:40:36 RAM 3282/3956MB (lfb 5x4MB) SWAP 1798/4026MB (cached 105MB) CPU [40%@1479,35%@1479,32%@1479,34%@1479] EMC_FREQ 0% GR3D_FREQ 0% PLL@26C CPU@28.5C PMIC@50C GPU@26.5C AO@36.5C thermal@27.5C
2023-08-30 04:41:36 RAM 3279/3956MB (lfb 5x4MB) SWAP 1797/4026MB (cached 105MB) CPU [40%@1479,39%@1479,32%@1479,32%@1479] EMC_FREQ 0% GR3D_FREQ 0% PLL@26.5C CPU@29C PMIC@50C GPU@27C AO@37.5C thermal@28.5C
2023-08-30 04:42:36 RAM 3289/3956MB (lfb 5x4MB) SWAP 1798/4026MB (cached 106MB) CPU [38%@1479,36%@1479,33%@1479,40%@1479] EMC_FREQ 0% GR3D_FREQ 6% PLL@28C CPU@30C PMIC@50C GPU@28C AO@38.5C thermal@30.25C
2023-08-30 04:43:36 RAM 3289/3956MB (lfb 5x4MB) SWAP 1797/4026MB (cached 106MB) CPU [41%@1479,30%@1479,28%@1479,39%@1479] EMC_FREQ 0% GR3D_FREQ 0% PLL@28C CPU@30.5C PMIC@50C GPU@28C AO@38.5C thermal@30.25C
2023-08-30 04:44:36 RAM 3290/3956MB (lfb 5x4MB) SWAP 1796/4026MB (cached 106MB) CPU [42%@1479,28%@1479,29%@1479,41%@1479] EMC_FREQ 0% GR3D_FREQ 0% PLL@28.5C CPU@31C PMIC@50C GPU@29C AO@39C thermal@29.5C
2023-08-30 04:45:36 RAM 3298/3956MB (lfb 5x4MB) SWAP 1796/4026MB (cached 106MB) CPU [40%@1479,33%@1479,30%@1479,36%@1479] EMC_FREQ 0% GR3D_FREQ 31% PLL@29C CPU@32C PMIC@50C GPU@29.5C AO@39C thermal@30C
2023-08-30 04:46:36 RAM 3298/3956MB (lfb 5x4MB) SWAP 1795/4026MB (cached 105MB) CPU [31%@1479,26%@1479,23%@1479,60%@1479] EMC_FREQ 0% GR3D_FREQ 75% PLL@29C CPU@32C PMIC@50C GPU@29C AO@39C thermal@30C
2023-08-30 04:47:36 RAM 3298/3956MB (lfb 5x4MB) SWAP 1790/4026MB (cached 105MB) CPU [37%@1479,43%@1479,34%@1479,27%@1479] EMC_FREQ 0% GR3D_FREQ 0% PLL@28.5C CPU@33C PMIC@50C GPU@30C AO@39.5C thermal@30.75C
2023-08-30 04:48:36 RAM 3297/3956MB (lfb 5x4MB) SWAP 1791/4026MB (cached 105MB) CPU [39%@1479,32%@1479,31%@1479,40%@1479] EMC_FREQ 0% GR3D_FREQ 0% PLL@28.5C CPU@31.5C PMIC@50C GPU@29C AO@39C thermal@30.75C
2023-08-30 04:49:36 RAM 3298/3956MB (lfb 5x4MB) SWAP 1786/4026MB (cached 105MB) CPU [38%@1479,33%@1479,33%@1479,38%@1479] EMC_FREQ 0% GR3D_FREQ 87% PLL@28.5C CPU@33C PMIC@50C GPU@30.5C AO@39.5C thermal@30.5C
2023-08-30 04:50:36 RAM 3292/3956MB (lfb 5x4MB) SWAP 1788/4026MB (cached 105MB) CPU [39%@1479,33%@1479,27%@1479,44%@1479] EMC_FREQ 0% GR3D_FREQ 44% PLL@29.5C CPU@32.5C PMIC@50C GPU@30C AO@40C thermal@31C
2023-08-30 04:51:36 RAM 3291/3956MB (lfb 5x4MB) SWAP 1788/4026MB (cached 105MB) CPU [34%@1479,34%@1479,31%@1479,45%@1479] EMC_FREQ 0% GR3D_FREQ 36% PLL@29C CPU@32.5C PMIC@50C GPU@30C AO@39.5C thermal@31.75C
2023-08-30 04:52:36 RAM 3283/3956MB (lfb 5x4MB) SWAP 1799/4026MB (cached 106MB) CPU [39%@1479,34%@1479,28%@1479,45%@1479] EMC_FREQ 0% GR3D_FREQ 0% PLL@28.5C CPU@32C PMIC@50C GPU@29.5C AO@39.5C thermal@31.5C
2023-08-30 04:53:36 RAM 3315/3956MB (lfb 5x4MB) SWAP 1791/4026MB (cached 114MB) CPU [49%@1479,38%@1479,38%@1479,52%@1479] EMC_FREQ 0% GR3D_FREQ 34% PLL@29.5C CPU@34C PMIC@50C GPU@30C AO@40.5C thermal@31.75C
2023-08-30 04:54:36 RAM 3326/3956MB (lfb 5x4MB) SWAP 1788/4026MB (cached 120MB) CPU [39%@1479,41%@1479,38%@1479,35%@1479] EMC_FREQ 0% GR3D_FREQ 0% PLL@29.5C CPU@33C PMIC@50C GPU@30.5C AO@40C thermal@31.25C
2023-08-30 04:55:36 RAM 3312/3956MB (lfb 5x4MB) SWAP 1785/4026MB (cached 117MB) CPU [41%@1479,43%@1479,35%@1479,27%@1479] EMC_FREQ 0% GR3D_FREQ 0% PLL@29C CPU@34.5C PMIC@50C GPU@30C AO@40.5C thermal@32.25C
2023-08-30 04:56:36 RAM 3311/3956MB (lfb 5x4MB) SWAP 1785/4026MB (cached 117MB) CPU [42%@1479,35%@1479,37%@1479,31%@1479] EMC_FREQ 0% GR3D_FREQ 33% PLL@29.5C CPU@33.5C PMIC@50C GPU@30.5C AO@40C thermal@31.75C
2023-08-30 04:57:36 RAM 3314/3956MB (lfb 5x4MB) SWAP 1787/4026MB (cached 117MB) CPU [38%@1479,36%@1479,32%@1479,39%@1479] EMC_FREQ 0% GR3D_FREQ 0% PLL@29C CPU@32.5C PMIC@50C GPU@30C AO@39.5C thermal@31C
2023-08-30 04:58:36 RAM 3314/3956MB (lfb 5x4MB) SWAP 1787/4026MB (cached 117MB) CPU [40%@1479,38%@1479,35%@1479,33%@1479] EMC_FREQ 0% GR3D_FREQ 0% PLL@29.5C CPU@32C PMIC@50C GPU@30C AO@40C thermal@32C
2023-08-30 04:59:36 RAM 3313/3956MB (lfb 5x4MB) SWAP 1786/4026MB (cached 117MB) CPU [36%@1479,38%@1479,38%@1479,35%@1479] EMC_FREQ 0% GR3D_FREQ 62% PLL@29.5C CPU@33.5C PMIC@50C GPU@30.5C AO@39.5C thermal@31C
2023-08-30 05:00:36 RAM 3314/3956MB (lfb 5x4MB) SWAP 1787/4026MB (cached 117MB) CPU [35%@1479,34%@1479,37%@1479,38%@1479] EMC_FREQ 0% GR3D_FREQ 92% PLL@29C CPU@32.5C PMIC@50C GPU@30C AO@39.5C thermal@31C
2023-08-30 05:01:36 RAM 3313/3956MB (lfb 5x4MB) SWAP 1787/4026MB (cached 117MB) CPU [33%@1479,42%@1479,35%@1479,35%@1479] EMC_FREQ 0% GR3D_FREQ 0% PLL@29C CPU@32C PMIC@50C GPU@30C AO@39.5C thermal@31C
2023-08-30 05:02:36 RAM 3314/3956MB (lfb 5x4MB) SWAP 1781/4026MB (cached 117MB) CPU [41%@1479,39%@1479,33%@1479,33%@1479] EMC_FREQ 0% GR3D_FREQ 0% PLL@29C CPU@32.5C PMIC@50C GPU@30C AO@39.5C thermal@31.75C
2023-08-30 05:03:36 RAM 3311/3956MB (lfb 5x4MB) SWAP 1781/4026MB (cached 117MB) CPU [40%@1479,41%@1479,35%@1479,31%@1479] EMC_FREQ 0% GR3D_FREQ 90% PLL@29C CPU@33.5C PMIC@50C GPU@30.5C AO@40C thermal@31.5C
2023-08-30 05:04:36 RAM 3312/3956MB (lfb 5x4MB) SWAP 1781/4026MB (cached 117MB) CPU [36%@1479,38%@1479,39%@1479,34%@1479] EMC_FREQ 0% GR3D_FREQ 0% PLL@28.5C CPU@33.5C PMIC@50C GPU@30.5C AO@40C thermal@30.75C
2023-08-30 05:05:36 RAM 3319/3956MB (lfb 5x4MB) SWAP 1781/4026MB (cached 117MB) CPU [36%@1479,41%@1479,35%@1479,32%@1479] EMC_FREQ 0% GR3D_FREQ 25% PLL@29.5C CPU@32.5C PMIC@50C GPU@30C AO@39.5C thermal@30.5C
2023-08-30 05:06:36 RAM 3318/3956MB (lfb 5x4MB) SWAP 1781/4026MB (cached 117MB) CPU [34%@1479,40%@1479,36%@1479,36%@1479] EMC_FREQ 0% GR3D_FREQ 93% PLL@28.5C CPU@34C PMIC@50C GPU@30.5C AO@40C thermal@31.25C
2023-08-30 05:07:36 RAM 3317/3956MB (lfb 5x4MB) SWAP 1781/4026MB (cached 117MB) CPU [40%@1479,34%@1479,36%@1479,35%@1479] EMC_FREQ 0% GR3D_FREQ 1% PLL@28.5C CPU@32.5C PMIC@50C GPU@29.5C AO@39.5C thermal@30.5C
2023-08-30 05:08:36 RAM 3316/3956MB (lfb 5x4MB) SWAP 1781/4026MB (cached 117MB) CPU [36%@1479,35%@1479,35%@1479,40%@1479] EMC_FREQ 0% GR3D_FREQ 0% PLL@29C CPU@32C PMIC@50C GPU@30C AO@39.5C thermal@32.25C
2023-08-30 05:09:36 RAM 3318/3956MB (lfb 5x4MB) SWAP 1780/4026MB (cached 118MB) CPU [37%@1479,37%@1479,29%@1479,42%@1479] EMC_FREQ 0% GR3D_FREQ 97% PLL@29.5C CPU@32.5C PMIC@50C GPU@30.5C AO@39.5C thermal@30.5C
2023-08-30 05:10:36 RAM 3333/3956MB (lfb 5x4MB) SWAP 1780/4026MB (cached 118MB) CPU [32%@1479,34%@1479,34%@1479,46%@1479] EMC_FREQ 0% GR3D_FREQ 0% PLL@29C CPU@33C PMIC@50C GPU@30C AO@40C thermal@31.25C
2023-08-30 05:11:36 RAM 3322/3956MB (lfb 5x4MB) SWAP 1779/4026MB (cached 118MB) CPU [32%@1479,32%@1479,30%@1479,51%@1479] EMC_FREQ 0% GR3D_FREQ 0% PLL@28.5C CPU@34C PMIC@50C GPU@30C AO@39.5C thermal@31.25C
2023-08-30 05:12:36 RAM 3328/3956MB (lfb 5x4MB) SWAP 1780/4026MB (cached 118MB) CPU [40%@1479,35%@1479,36%@1479,32%@1479] EMC_FREQ 0% GR3D_FREQ 0% PLL@29.5C CPU@31.5C PMIC@50C GPU@29.5C AO@39C thermal@31C
2023-08-30 05:13:36 RAM 3327/3956MB (lfb 5x4MB) SWAP 1780/4026MB (cached 118MB) CPU [42%@1479,39%@1479,35%@1479,30%@1479] EMC_FREQ 0% GR3D_FREQ 0% PLL@28.5C CPU@32.5C PMIC@50C GPU@30C AO@39.5C thermal@31.5C
2023-08-30 05:14:36 RAM 3329/3956MB (lfb 5x4MB) SWAP 1780/4026MB (cached 118MB) CPU [35%@1479,43%@1479,34%@1479,34%@1479] EMC_FREQ 0% GR3D_FREQ 62% PLL@29C CPU@32.5C PMIC@50C GPU@30C AO@39.5C thermal@31.75C
2023-08-30 05:15:36 RAM 3335/3956MB (lfb 5x4MB) SWAP 1780/4026MB (cached 118MB) CPU [47%@1479,37%@1479,33%@1479,29%@1479] EMC_FREQ 0% GR3D_FREQ 88% PLL@29C CPU@33.5C PMIC@50C GPU@30.5C AO@40C thermal@32C
2023-08-30 05:16:36 RAM 3324/3956MB (lfb 5x4MB) SWAP 1780/4026MB (cached 118MB) CPU [37%@1479,38%@1479,37%@1479,34%@1479] EMC_FREQ 0% GR3D_FREQ 24% PLL@29.5C CPU@33.5C PMIC@50C GPU@30.5C AO@40C thermal@31C
2023-08-30 05:17:36 RAM 3325/3956MB (lfb 5x4MB) SWAP 1775/4026MB (cached 118MB) CPU [36%@1479,41%@1479,36%@1479,33%@1479] EMC_FREQ 0% GR3D_FREQ 24% PLL@30C CPU@33.5C PMIC@50C GPU@30.5C AO@40C thermal@31.5C
2023-08-30 05:18:36 RAM 3324/3956MB (lfb 5x4MB) SWAP 1775/4026MB (cached 118MB) CPU [42%@710,39%@710,34%@710,32%@710] EMC_FREQ 0% GR3D_FREQ 92% PLL@29.5C CPU@32.5C PMIC@50C GPU@30.5C AO@40C thermal@31.5C
2023-08-30 05:19:36 RAM 3324/3956MB (lfb 5x4MB) SWAP 1775/4026MB (cached 118MB) CPU [38%@1479,38%@1479,35%@1479,32%@1479] EMC_FREQ 0% GR3D_FREQ 87% PLL@29.5C CPU@33C PMIC@50C GPU@30.5C AO@40C thermal@32.25C
2023-08-30 05:20:36 RAM 3331/3956MB (lfb 5x4MB) SWAP 1775/4026MB (cached 118MB) CPU [38%@1479,38%@1479,35%@1479,34%@1479] EMC_FREQ 0% GR3D_FREQ 0% PLL@29.5C CPU@32C PMIC@50C GPU@30C AO@40C thermal@31.75C
2023-08-30 05:21:36 RAM 3330/3956MB (lfb 5x4MB) SWAP 1775/4026MB (cached 118MB) CPU [38%@1479,38%@1479,37%@1479,32%@1479] EMC_FREQ 0% GR3D_FREQ 8% PLL@29.5C CPU@32.5C PMIC@50C GPU@30.5C AO@40C thermal@31.5C
2023-08-30 05:22:36 RAM 3329/3956MB (lfb 5x4MB) SWAP 1775/4026MB (cached 118MB) CPU [42%@1479,36%@1479,35%@1479,33%@1479] EMC_FREQ 0% GR3D_FREQ 93% PLL@29C CPU@34C PMIC@50C GPU@30.5C AO@40C thermal@32C
2023-08-30 05:23:36 RAM 3328/3956MB (lfb 5x4MB) SWAP 1775/4026MB (cached 118MB) CPU [40%@1479,34%@1479,36%@1479,35%@1479] EMC_FREQ 0% GR3D_FREQ 32% PLL@29C CPU@33C PMIC@50C GPU@30.5C AO@40C thermal@31.75C
2023-08-30 05:24:36 RAM 3327/3956MB (lfb 5x4MB) SWAP 1775/4026MB (cached 118MB) CPU [39%@1479,37%@1479,36%@1479,34%@1479] EMC_FREQ 0% GR3D_FREQ 29% PLL@29.5C CPU@33C PMIC@50C GPU@30.5C AO@40C thermal@30.75C
2023-08-30 05:25:36 RAM 3325/3956MB (lfb 5x4MB) SWAP 1775/4026MB (cached 118MB) CPU [38%@1479,41%@1479,33%@1479,34%@1479] EMC_FREQ 0% GR3D_FREQ 0% PLL@29C CPU@32.5C PMIC@50C GPU@30C AO@39.5C thermal@31.25C
2023-08-30 05:26:36 RAM 3325/3956MB (lfb 5x4MB) SWAP 1775/4026MB (cached 118MB) CPU [38%@1479,35%@1479,40%@1479,34%@1479] EMC_FREQ 0% GR3D_FREQ 97% PLL@29C CPU@34C PMIC@50C GPU@30.5C AO@40C thermal@32C
2023-08-30 05:27:36 RAM 3324/3956MB (lfb 5x4MB) SWAP 1775/4026MB (cached 118MB) CPU [36%@1479,34%@1479,36%@1479,38%@1479] EMC_FREQ 0% GR3D_FREQ 87% PLL@29.5C CPU@33C PMIC@50C GPU@31C AO@39.5C thermal@31.75C
2023-08-30 05:28:36 RAM 3330/3956MB (lfb 5x4MB) SWAP 1775/4026MB (cached 118MB) CPU [36%@1479,39%@1479,35%@1479,37%@1479] EMC_FREQ 0% GR3D_FREQ 6% PLL@29.5C CPU@32.5C PMIC@50C GPU@30.5C AO@39.5C thermal@32C
2023-08-30 05:29:36 RAM 3323/3956MB (lfb 5x4MB) SWAP 1775/4026MB (cached 118MB) CPU [39%@1479,38%@1479,41%@1479,34%@1479] EMC_FREQ 0% GR3D_FREQ 33% PLL@29C CPU@33.5C PMIC@50C GPU@30C AO@40C thermal@31.25C
2023-08-30 05:30:36 RAM 3331/3956MB (lfb 5x4MB) SWAP 1775/4026MB (cached 118MB) CPU [38%@1479,37%@1479,35%@1479,36%@1479] EMC_FREQ 0% GR3D_FREQ 1% PLL@29.5C CPU@33.5C PMIC@50C GPU@30.5C AO@40C thermal@32C
2023-08-30 05:31:36 RAM 3333/3956MB (lfb 5x4MB) SWAP 1775/4026MB (cached 119MB) CPU [36%@1479,32%@1479,35%@1479,42%@1479] EMC_FREQ 0% GR3D_FREQ 0% PLL@29C CPU@34C PMIC@50C GPU@30.5C AO@39.5C thermal@31.25C
2023-08-30 05:32:36 RAM 3329/3956MB (lfb 5x4MB) SWAP 1771/4026MB (cached 119MB) CPU [41%@1479,39%@1479,36%@1479,30%@1479] EMC_FREQ 0% GR3D_FREQ 0% PLL@29.5C CPU@31.5C PMIC@50C GPU@30C AO@39.5C thermal@31.75C
2023-08-30 05:33:36 RAM 3329/3956MB (lfb 5x4MB) SWAP 1771/4026MB (cached 119MB) CPU [41%@1479,35%@1479,32%@1479,36%@1479] EMC_FREQ 0% GR3D_FREQ 11% PLL@28.5C CPU@34C PMIC@50C GPU@30C AO@39.5C thermal@31.25C
2023-08-30 05:34:36 RAM 3329/3956MB (lfb 5x4MB) SWAP 1771/4026MB (cached 119MB) CPU [38%@1479,43%@1479,33%@1479,32%@1479] EMC_FREQ 0% GR3D_FREQ 0% PLL@28.5C CPU@32.5C PMIC@50C GPU@30C AO@39.5C thermal@31.75C
2023-08-30 05:35:36 RAM 3332/3956MB (lfb 5x4MB) SWAP 1767/4026MB (cached 119MB) CPU [35%@1479,35%@1479,38%@1479,39%@1479] EMC_FREQ 0% GR3D_FREQ 0% PLL@28.5C CPU@32.5C PMIC@50C GPU@29.5C AO@40C thermal@31C
2023-08-30 05:36:36 RAM 3330/3956MB (lfb 5x4MB) SWAP 1766/4026MB (cached 119MB) CPU [31%@1479,44%@1479,39%@1479,33%@1479] EMC_FREQ 0% GR3D_FREQ 1% PLL@29C CPU@31.5C PMIC@50C GPU@29.5C AO@39.5C thermal@31C
2023-08-30 05:37:36 RAM 3331/3956MB (lfb 5x4MB) SWAP 1765/4026MB (cached 120MB) CPU [34%@1479,38%@1479,37%@1479,37%@1479] EMC_FREQ 0% GR3D_FREQ 0% PLL@29C CPU@33C PMIC@50C GPU@30C AO@39.5C thermal@31C
2023-08-30 05:38:36 RAM 3337/3956MB (lfb 5x4MB) SWAP 1765/4026MB (cached 120MB) CPU [39%@1479,37%@1479,37%@1479,33%@1479] EMC_FREQ 0% GR3D_FREQ 0% PLL@29C CPU@32C PMIC@50C GPU@30.5C AO@39.5C thermal@31.5C
2023-08-30 05:39:36 RAM 3337/3956MB (lfb 5x4MB) SWAP 1765/4026MB (cached 120MB) CPU [38%@1479,31%@1479,40%@1479,37%@1479] EMC_FREQ 0% GR3D_FREQ 0% PLL@29C CPU@31.5C PMIC@50C GPU@30C AO@39C thermal@31.75C
2023-08-30 05:40:36 RAM 3336/3956MB (lfb 5x4MB) SWAP 1757/4026MB (cached 117MB) CPU [35%@1479,40%@1479,36%@1479,37%@1479] EMC_FREQ 0% GR3D_FREQ 0% PLL@29C CPU@34.5C PMIC@50C GPU@30C AO@40C thermal@30.75C
2023-08-30 05:41:36 RAM 3334/3956MB (lfb 5x4MB) SWAP 1757/4026MB (cached 117MB) CPU [40%@1479,35%@1479,39%@1479,31%@1479] EMC_FREQ 0% GR3D_FREQ 0% PLL@29C CPU@32C PMIC@50C GPU@30C AO@39.5C thermal@31.25C
2023-08-30 05:42:36 RAM 3331/3956MB (lfb 5x4MB) SWAP 1757/4026MB (cached 117MB) CPU [40%@1479,39%@1479,34%@1479,32%@1479] EMC_FREQ 0% GR3D_FREQ 59% PLL@29C CPU@32.5C PMIC@50C GPU@30C AO@39C thermal@31.25C
2023-08-30 05:43:36 RAM 3331/3956MB (lfb 5x4MB) SWAP 1757/4026MB (cached 117MB) CPU [43%@1479,36%@1479,34%@1479,32%@1479] EMC_FREQ 0% GR3D_FREQ 0% PLL@28.5C CPU@33C PMIC@50C GPU@30C AO@39.5C thermal@30.75C
2023-08-30 05:44:37 RAM 3432/3956MB (lfb 1x2MB) SWAP 1561/4026MB (cached 129MB) CPU [32%@204,27%@204,23%@307,23%@307] EMC_FREQ 0% GR3D_FREQ 0% PLL@26.5C CPU@29.5C PMIC@50C GPU@28.5C AO@37.5C thermal@29.25C
2023-08-30 05:45:36 RAM 1991/3956MB (lfb 8x4MB) SWAP 1020/4026MB (cached 105MB) CPU [25%@102,21%@102,20%@102,20%@102] EMC_FREQ 0% GR3D_FREQ 0% PLL@25.5C CPU@28C PMIC@50C GPU@27.5C AO@36C thermal@28.5C
