2023-09-04 05:40:21 RAM 2215/3956MB (lfb 32x4MB) SWAP 1025/4026MB (cached 207MB) CPU [60%@1479,57%@1479,56%@1479,56%@1479] EMC_FREQ 0% GR3D_FREQ 2% PLL@25C CPU@28C PMIC@50C GPU@25.5C AO@35.5C thermal@26.75C
2023-09-04 05:41:21 RAM 2662/3956MB (lfb 27x4MB) SWAP 1025/4026MB (cached 207MB) CPU [27%@825,28%@825,27%@825,25%@825] EMC_FREQ 0% GR3D_FREQ 29% PLL@25C CPU@29.5C PMIC@50C GPU@25C AO@35.5C thermal@26.25C
2023-09-04 05:42:21 RAM 3415/3956MB (lfb 2x4MB) SWAP 1032/4026MB (cached 196MB) CPU [23%@102,16%@102,14%@102,16%@102] EMC_FREQ 0% GR3D_FREQ 0% PLL@24C CPU@27C PMIC@50C GPU@24.5C AO@35C thermal@25.75C
2023-09-04 05:43:21 RAM 3611/3956MB (lfb 2x4MB) SWAP 1030/4026MB (cached 176MB) CPU [16%@102,14%@102,13%@102,9%@102] EMC_FREQ 0% GR3D_FREQ 0% PLL@24C CPU@26.5C PMIC@50C GPU@26C AO@34C thermal@26.25C
2023-09-04 05:44:22 RAM 3615/3956MB (lfb 2x4MB) SWAP 1084/4026MB (cached 143MB) CPU [14%@710,12%@710,13%@710,9%@710] EMC_FREQ 0% GR3D_FREQ 0% PLL@24C CPU@26C PMIC@50C GPU@26C AO@34C thermal@25.75C
2023-09-04 05:45:21 RAM 3576/3956MB (lfb 2x4MB) SWAP 1142/4026MB (cached 140MB) CPU [15%@1479,11%@1479,14%@1479,7%@1479] EMC_FREQ 0% GR3D_FREQ 0% PLL@23.5C CPU@26C PMIC@50C GPU@25.5C AO@34C thermal@25.75C
2023-09-04 05:46:21 RAM 3560/3956MB (lfb 2x4MB) SWAP 1274/4026MB (cached 169MB) CPU [22%@204,18%@204,17%@204,12%@204] EMC_FREQ 0% GR3D_FREQ 0% PLL@24C CPU@26C PMIC@50C GPU@24C AO@33.5C thermal@25C
2023-09-04 05:47:21 RAM 3529/3956MB (lfb 2x4MB) SWAP 1320/4026MB (cached 168MB) CPU [19%@1479,14%@1479,13%@1479,12%@1479] EMC_FREQ 0% GR3D_FREQ 0% PLL@24C CPU@26.5C PMIC@50C GPU@26C AO@33.5C thermal@26C
2023-09-04 05:48:30 RAM 3493/3956MB (lfb 3x4MB) SWAP 1496/4026MB (cached 153MB) CPU [16%@102,8%@204,9%@204,11%@102] EMC_FREQ 0% GR3D_FREQ 0% PLL@23.5C CPU@26C PMIC@50C GPU@25.5C AO@33.5C thermal@25.75C
2023-09-04 05:49:26 RAM 3425/3956MB (lfb 3x4MB) SWAP 1624/4026MB (cached 166MB) CPU [13%@102,11%@102,7%@102,5%@102] EMC_FREQ 0% GR3D_FREQ 0% PLL@23.5C CPU@26C PMIC@50C GPU@24C AO@33.5C thermal@25C
2023-09-04 05:50:25 RAM 3347/3956MB (lfb 3x4MB) SWAP 1766/4026MB (cached 167MB) CPU [18%@1479,17%@1479,12%@1479,12%@1479] EMC_FREQ 0% GR3D_FREQ 5% PLL@24C CPU@27C PMIC@50C GPU@24.5C AO@34.5C thermal@25.5C
2023-09-04 05:51:24 RAM 3326/3956MB (lfb 3x4MB) SWAP 1870/4026MB (cached 174MB) CPU [22%@1479,18%@1479,16%@1479,15%@1479] EMC_FREQ 0% GR3D_FREQ 0% PLL@25C CPU@29C PMIC@50C GPU@25.5C AO@35C thermal@26.75C
2023-09-04 05:52:24 RAM 3302/3956MB (lfb 3x4MB) SWAP 1957/4026MB (cached 183MB) CPU [43%@1479,36%@1479,40%@1479,37%@1479] EMC_FREQ 0% GR3D_FREQ 45% PLL@26.5C CPU@29.5C PMIC@50C GPU@27C AO@36C thermal@28C
2023-09-04 05:53:25 RAM 3303/3956MB (lfb 3x4MB) SWAP 1979/4026MB (cached 185MB) CPU [27%@1479,19%@1479,25%@1479,21%@1479] EMC_FREQ 0% GR3D_FREQ 0% PLL@25C CPU@28.5C PMIC@50C GPU@26C AO@35.5C thermal@27.25C
2023-09-04 05:54:24 RAM 3281/3956MB (lfb 3x4MB) SWAP 1990/4026MB (cached 176MB) CPU [34%@1479,39%@1479,35%@1479,30%@1479] EMC_FREQ 0% GR3D_FREQ 1% PLL@26.5C CPU@31.5C PMIC@50C GPU@27.5C AO@37.5C thermal@28.75C
2023-09-04 05:55:24 RAM 3282/3956MB (lfb 3x4MB) SWAP 1995/4026MB (cached 177MB) CPU [34%@1479,37%@1479,41%@1479,28%@1479] EMC_FREQ 0% GR3D_FREQ 9% PLL@27C CPU@30.5C PMIC@50C GPU@28C AO@37C thermal@29.5C
2023-09-04 05:56:24 RAM 3271/3956MB (lfb 3x4MB) SWAP 1996/4026MB (cached 173MB) CPU [39%@1479,37%@1479,32%@1479,37%@1479] EMC_FREQ 0% GR3D_FREQ 0% PLL@27.5C CPU@31.5C PMIC@50C GPU@28C AO@38C thermal@29.5C
2023-09-04 05:57:24 RAM 3277/3956MB (lfb 3x4MB) SWAP 1996/4026MB (cached 175MB) CPU [43%@1479,33%@1479,41%@1479,32%@1479] EMC_FREQ 0% GR3D_FREQ 67% PLL@27C CPU@32C PMIC@50C GPU@28C AO@38C thermal@30.5C
2023-09-04 05:58:24 RAM 3280/3956MB (lfb 3x4MB) SWAP 1994/4026MB (cached 175MB) CPU [40%@1479,42%@1479,36%@1479,32%@1479] EMC_FREQ 0% GR3D_FREQ 73% PLL@27.5C CPU@32.5C PMIC@50C GPU@29C AO@37.5C thermal@30C
2023-09-04 05:59:24 RAM 3278/3956MB (lfb 3x4MB) SWAP 1992/4026MB (cached 175MB) CPU [40%@1479,40%@1479,41%@1479,37%@1479] EMC_FREQ 0% GR3D_FREQ 0% PLL@28C CPU@32C PMIC@50C GPU@28.5C AO@38.5C thermal@30.5C
2023-09-04 06:00:24 RAM 3280/3956MB (lfb 3x4MB) SWAP 1990/4026MB (cached 174MB) CPU [37%@1479,44%@1479,42%@1479,41%@1479] EMC_FREQ 0% GR3D_FREQ 97% PLL@28C CPU@32.5C PMIC@50C GPU@29C AO@38C thermal@30.25C
2023-09-04 06:01:24 RAM 3283/3956MB (lfb 3x4MB) SWAP 1988/4026MB (cached 174MB) CPU [42%@1479,38%@1479,39%@1479,44%@1479] EMC_FREQ 0% GR3D_FREQ 39% PLL@28C CPU@32.5C PMIC@50C GPU@29C AO@38.5C thermal@30.25C
2023-09-04 06:02:24 RAM 3284/3956MB (lfb 3x4MB) SWAP 1988/4026MB (cached 174MB) CPU [37%@1479,39%@1479,41%@1479,41%@1479] EMC_FREQ 0% GR3D_FREQ 94% PLL@28.5C CPU@31.5C PMIC@50C GPU@28.5C AO@38.5C thermal@29.75C
2023-09-04 06:03:24 RAM 3287/3956MB (lfb 3x4MB) SWAP 1982/4026MB (cached 174MB) CPU [37%@1479,36%@1479,43%@1479,42%@1479] EMC_FREQ 0% GR3D_FREQ 16% PLL@28.5C CPU@31.5C PMIC@50C GPU@29.5C AO@38.5C thermal@30.25C
2023-09-04 06:04:24 RAM 3282/3956MB (lfb 3x4MB) SWAP 1982/4026MB (cached 174MB) CPU [43%@1479,41%@1479,36%@1479,37%@1479] EMC_FREQ 0% GR3D_FREQ 0% PLL@28.5C CPU@32.5C PMIC@50C GPU@29C AO@38.5C thermal@29.5C
2023-09-04 06:05:24 RAM 3288/3956MB (lfb 3x4MB) SWAP 1981/4026MB (cached 174MB) CPU [39%@1479,35%@1479,42%@1479,40%@1479] EMC_FREQ 0% GR3D_FREQ 99% PLL@28C CPU@32C PMIC@50C GPU@28.5C AO@38.5C thermal@30.5C
2023-09-04 06:06:24 RAM 3289/3956MB (lfb 3x4MB) SWAP 1981/4026MB (cached 174MB) CPU [41%@1479,40%@1479,37%@1479,39%@1479] EMC_FREQ 0% GR3D_FREQ 0% PLL@28C CPU@32C PMIC@50C GPU@28.5C AO@38.5C thermal@30.75C
2023-09-04 06:07:24 RAM 3287/3956MB (lfb 3x4MB) SWAP 1980/4026MB (cached 174MB) CPU [39%@1479,42%@1479,42%@1479,36%@1479] EMC_FREQ 0% GR3D_FREQ 0% PLL@28.5C CPU@31.5C PMIC@50C GPU@28.5C AO@39C thermal@30.75C
2023-09-04 06:08:24 RAM 3285/3956MB (lfb 3x4MB) SWAP 1980/4026MB (cached 173MB) CPU [37%@1479,35%@1479,42%@1479,42%@1479] EMC_FREQ 0% GR3D_FREQ 99% PLL@28C CPU@32C PMIC@50C GPU@29C AO@39C thermal@30.75C
2023-09-04 06:09:24 RAM 3294/3956MB (lfb 3x4MB) SWAP 1979/4026MB (cached 173MB) CPU [38%@1479,37%@1479,34%@1479,46%@1479] EMC_FREQ 0% GR3D_FREQ 93% PLL@28.5C CPU@32.5C PMIC@50C GPU@29.5C AO@38.5C thermal@30.75C
2023-09-04 06:10:24 RAM 3301/3956MB (lfb 3x4MB) SWAP 1974/4026MB (cached 173MB) CPU [37%@1479,38%@1479,36%@1479,46%@1479] EMC_FREQ 0% GR3D_FREQ 36% PLL@28C CPU@32C PMIC@50C GPU@29C AO@38.5C thermal@30.5C
2023-09-04 06:11:24 RAM 3297/3956MB (lfb 3x4MB) SWAP 1972/4026MB (cached 172MB) CPU [41%@1479,35%@1479,40%@1479,42%@1479] EMC_FREQ 0% GR3D_FREQ 67% PLL@28.5C CPU@32C PMIC@50C GPU@29C AO@38.5C thermal@30.25C
2023-09-04 06:12:24 RAM 3297/3956MB (lfb 3x4MB) SWAP 1971/4026MB (cached 172MB) CPU [39%@1479,36%@1479,45%@1479,38%@1479] EMC_FREQ 0% GR3D_FREQ 94% PLL@28C CPU@32C PMIC@50C GPU@28.5C AO@38.5C thermal@30.5C
2023-09-04 06:13:24 RAM 3297/3956MB (lfb 3x4MB) SWAP 1971/4026MB (cached 172MB) CPU [39%@1479,38%@1479,40%@1479,40%@1479] EMC_FREQ 0% GR3D_FREQ 70% PLL@28.5C CPU@31.5C PMIC@50C GPU@29C AO@38.5C thermal@30.5C
2023-09-04 06:14:24 RAM 3297/3956MB (lfb 3x4MB) SWAP 1971/4026MB (cached 172MB) CPU [36%@1479,36%@1479,42%@1479,42%@1479] EMC_FREQ 0% GR3D_FREQ 0% PLL@28C CPU@31C PMIC@50C GPU@28.5C AO@38C thermal@30C
2023-09-04 06:15:24 RAM 3299/3956MB (lfb 3x4MB) SWAP 1969/4026MB (cached 171MB) CPU [41%@1479,39%@1479,40%@1479,39%@1479] EMC_FREQ 0% GR3D_FREQ 0% PLL@28C CPU@32.5C PMIC@50C GPU@29C AO@39C thermal@30.75C
2023-09-04 06:16:24 RAM 3298/3956MB (lfb 3x4MB) SWAP 1963/4026MB (cached 171MB) CPU [38%@1479,36%@1479,40%@1479,45%@1479] EMC_FREQ 0% GR3D_FREQ 0% PLL@28.5C CPU@31C PMIC@50C GPU@28.5C AO@38.5C thermal@30.5C
2023-09-04 06:17:24 RAM 3303/3956MB (lfb 3x4MB) SWAP 1963/4026MB (cached 171MB) CPU [36%@1479,36%@1479,42%@1479,43%@1479] EMC_FREQ 0% GR3D_FREQ 71% PLL@28C CPU@31.5C PMIC@50C GPU@28.5C AO@38.5C thermal@31C
2023-09-04 06:18:24 RAM 3296/3956MB (lfb 4x4MB) SWAP 1963/4026MB (cached 171MB) CPU [42%@1479,38%@1479,36%@1479,42%@1479] EMC_FREQ 0% GR3D_FREQ 31% PLL@28C CPU@32.5C PMIC@50C GPU@29C AO@38.5C thermal@30.75C
2023-09-04 06:19:24 RAM 3298/3956MB (lfb 4x4MB) SWAP 1962/4026MB (cached 171MB) CPU [38%@1479,38%@1479,43%@1479,37%@1479] EMC_FREQ 0% GR3D_FREQ 0% PLL@28.5C CPU@31C PMIC@50C GPU@28.5C AO@38C thermal@30.25C
2023-09-04 06:20:24 RAM 3297/3956MB (lfb 4x4MB) SWAP 1962/4026MB (cached 171MB) CPU [42%@1479,39%@1479,35%@1479,42%@1479] EMC_FREQ 0% GR3D_FREQ 87% PLL@28.5C CPU@31C PMIC@50C GPU@29C AO@38.5C thermal@30.25C
2023-09-04 06:21:24 RAM 3297/3956MB (lfb 4x4MB) SWAP 1962/4026MB (cached 171MB) CPU [39%@1479,40%@1479,41%@1479,38%@1479] EMC_FREQ 0% GR3D_FREQ 12% PLL@28C CPU@32.5C PMIC@50C GPU@28.5C AO@39C thermal@30.75C
2023-09-04 06:22:24 RAM 3304/3956MB (lfb 4x4MB) SWAP 1961/4026MB (cached 170MB) CPU [37%@1479,38%@1479,41%@1479,40%@1479] EMC_FREQ 0% GR3D_FREQ 0% PLL@28C CPU@32C PMIC@50C GPU@29C AO@38.5C thermal@31C
2023-09-04 06:23:24 RAM 3284/3956MB (lfb 4x4MB) SWAP 2006/4026MB (cached 174MB) CPU [37%@1479,43%@1479,41%@1479,39%@1479] EMC_FREQ 0% GR3D_FREQ 7% PLL@28C CPU@31.5C PMIC@50C GPU@29C AO@38.5C thermal@30.25C
2023-09-04 06:24:24 RAM 3282/3956MB (lfb 4x4MB) SWAP 2005/4026MB (cached 174MB) CPU [40%@1479,41%@1479,40%@1479,36%@1479] EMC_FREQ 0% GR3D_FREQ 2% PLL@27.5C CPU@33C PMIC@50C GPU@29C AO@39C thermal@30.75C
2023-09-04 06:25:24 RAM 3288/3956MB (lfb 3x4MB) SWAP 2003/4026MB (cached 174MB) CPU [42%@1479,47%@1479,49%@1479,40%@1479] EMC_FREQ 0% GR3D_FREQ 79% PLL@28.5C CPU@32.5C PMIC@50C GPU@29.5C AO@38.5C thermal@30.25C
2023-09-04 06:26:24 RAM 3287/3956MB (lfb 3x4MB) SWAP 2002/4026MB (cached 174MB) CPU [39%@1479,42%@1479,36%@1479,37%@1479] EMC_FREQ 0% GR3D_FREQ 11% PLL@28.5C CPU@30.5C PMIC@50C GPU@28.5C AO@38.5C thermal@30.25C
2023-09-04 06:27:24 RAM 3287/3956MB (lfb 3x4MB) SWAP 2002/4026MB (cached 174MB) CPU [39%@1479,37%@1479,39%@1479,42%@1479] EMC_FREQ 0% GR3D_FREQ 99% PLL@28C CPU@32C PMIC@50C GPU@28.5C AO@38.5C thermal@30.75C
2023-09-04 06:28:24 RAM 3284/3956MB (lfb 3x4MB) SWAP 2002/4026MB (cached 174MB) CPU [40%@1479,40%@1479,34%@1479,42%@1479] EMC_FREQ 0% GR3D_FREQ 18% PLL@28C CPU@33C PMIC@50C GPU@29C AO@39C thermal@30.25C
2023-09-04 06:29:24 RAM 3280/3956MB (lfb 3x4MB) SWAP 1996/4026MB (cached 174MB) CPU [43%@1479,39%@1479,36%@1479,40%@1479] EMC_FREQ 0% GR3D_FREQ 92% PLL@28C CPU@32C PMIC@50C GPU@29C AO@38.5C thermal@30.25C
2023-09-04 06:30:24 RAM 3282/3956MB (lfb 3x4MB) SWAP 1996/4026MB (cached 174MB) CPU [41%@1479,41%@1479,39%@1479,37%@1479] EMC_FREQ 0% GR3D_FREQ 0% PLL@28.5C CPU@31C PMIC@50C GPU@28.5C AO@38.5C thermal@30.75C
2023-09-04 06:31:24 RAM 3283/3956MB (lfb 3x4MB) SWAP 1996/4026MB (cached 174MB) CPU [41%@1479,36%@1479,41%@1479,38%@1479] EMC_FREQ 0% GR3D_FREQ 0% PLL@28C CPU@31.5C PMIC@50C GPU@28.5C AO@38.5C thermal@30.75C
2023-09-04 06:32:24 RAM 3291/3956MB (lfb 3x4MB) SWAP 1996/4026MB (cached 173MB) CPU [39%@1479,33%@1479,38%@1479,44%@1479] EMC_FREQ 0% GR3D_FREQ 73% PLL@28C CPU@32.5C PMIC@50C GPU@29C AO@38.5C thermal@30.25C
2023-09-04 06:33:24 RAM 3290/3956MB (lfb 3x4MB) SWAP 1996/4026MB (cached 174MB) CPU [39%@1479,36%@1479,45%@1479,36%@1479] EMC_FREQ 0% GR3D_FREQ 0% PLL@27.5C CPU@33C PMIC@50C GPU@28.5C AO@39C thermal@30.5C
2023-09-04 06:34:24 RAM 3289/3956MB (lfb 3x4MB) SWAP 1996/4026MB (cached 173MB) CPU [40%@1479,34%@1479,39%@1479,43%@1479] EMC_FREQ 0% GR3D_FREQ 99% PLL@28C CPU@32C PMIC@50C GPU@28.5C AO@38.5C thermal@30C
2023-09-04 06:35:24 RAM 3291/3956MB (lfb 3x4MB) SWAP 1996/4026MB (cached 173MB) CPU [37%@1479,40%@1479,38%@1479,41%@1479] EMC_FREQ 0% GR3D_FREQ 29% PLL@28.5C CPU@33C PMIC@50C GPU@29.5C AO@38.5C thermal@31C
2023-09-04 06:36:24 RAM 3291/3956MB (lfb 3x4MB) SWAP 1995/4026MB (cached 174MB) CPU [41%@1479,41%@1479,37%@1479,38%@1479] EMC_FREQ 0% GR3D_FREQ 0% PLL@28C CPU@32.5C PMIC@50C GPU@29C AO@38.5C thermal@30.25C
2023-09-04 06:37:24 RAM 3291/3956MB (lfb 3x4MB) SWAP 1995/4026MB (cached 174MB) CPU [39%@1479,39%@1479,41%@1479,38%@1479] EMC_FREQ 0% GR3D_FREQ 90% PLL@28.5C CPU@32.5C PMIC@50C GPU@29.5C AO@38.5C thermal@30.5C
2023-09-04 06:38:24 RAM 3292/3956MB (lfb 3x4MB) SWAP 1995/4026MB (cached 174MB) CPU [38%@307,40%@307,38%@307,37%@307] EMC_FREQ 0% GR3D_FREQ 0% PLL@27C CPU@29.5C PMIC@50C GPU@28C AO@37.5C thermal@28.75C
2023-09-04 06:39:24 RAM 2050/3956MB (lfb 8x4MB) SWAP 1085/4026MB (cached 169MB) CPU [19%@1224,13%@1224,16%@1224,14%@1224] EMC_FREQ 0% GR3D_FREQ 0% PLL@25C CPU@28C PMIC@50C GPU@27C AO@35.5C thermal@27.25C
