2023-08-30 22:10:23 RAM 2383/3956MB (lfb 3x4MB) SWAP 994/4026MB (cached 168MB) CPU [40%@1479,48%@1479,34%@1479,36%@1479] EMC_FREQ 0% GR3D_FREQ 0% PLL@34.5C CPU@37C PMIC@50C GPU@35C AO@46C thermal@36.75C
2023-08-30 22:11:23 RAM 3364/3956MB (lfb 1x1MB) SWAP 995/4026MB (cached 162MB) CPU [15%@1479,14%@1479,12%@1479,14%@1479] EMC_FREQ 0% GR3D_FREQ 0% PLL@32.5C CPU@35C PMIC@50C GPU@32.5C AO@43.5C thermal@34C
2023-08-30 22:12:24 RAM 3599/3956MB (lfb 12x1MB) SWAP 990/4026MB (cached 157MB) CPU [9%@1479,9%@1479,7%@1479,7%@1479] EMC_FREQ 0% GR3D_FREQ 0% PLL@30.5C CPU@34C PMIC@50C GPU@31C AO@42C thermal@32.25C
2023-08-30 22:13:23 RAM 3615/3956MB (lfb 2x1MB) SWAP 1008/4026MB (cached 156MB) CPU [6%@1224,3%@1224,5%@1224,2%@1224] EMC_FREQ 0% GR3D_FREQ 0% PLL@30C CPU@32C PMIC@50C GPU@30C AO@40.5C thermal@32C
2023-08-30 22:14:23 RAM 3689/3956MB (lfb 2x1MB) SWAP 1030/4026MB (cached 157MB) CPU [12%@1224,12%@1224,22%@1224,9%@1224] EMC_FREQ 0% GR3D_FREQ 0% PLL@30.5C CPU@33C PMIC@50C GPU@31C AO@42C thermal@34C
2023-08-30 22:15:23 RAM 3654/3956MB (lfb 1x2MB) SWAP 1117/4026MB (cached 163MB) CPU [24%@1224,21%@1224,22%@1224,22%@1224] EMC_FREQ 0% GR3D_FREQ 99% PLL@34C CPU@38C PMIC@50C GPU@35.5C AO@45C thermal@37.25C
2023-08-30 22:16:23 RAM 3657/3956MB (lfb 1x2MB) SWAP 1130/4026MB (cached 163MB) CPU [20%@1224,23%@1224,26%@1224,22%@1224] EMC_FREQ 0% GR3D_FREQ 99% PLL@36.5C CPU@41.5C PMIC@50C GPU@38.5C AO@48C thermal@39.75C
2023-08-30 22:17:23 RAM 3647/3956MB (lfb 1x2MB) SWAP 1143/4026MB (cached 162MB) CPU [20%@1479,20%@1479,21%@1479,25%@1479] EMC_FREQ 0% GR3D_FREQ 38% PLL@38C CPU@42C PMIC@50C GPU@39.5C AO@49C thermal@41C
2023-08-30 22:18:23 RAM 3619/3956MB (lfb 1x2MB) SWAP 1232/4026MB (cached 162MB) CPU [15%@1224,16%@1224,18%@1224,15%@1224] EMC_FREQ 0% GR3D_FREQ 99% PLL@38C CPU@42C PMIC@50C GPU@39.5C AO@49C thermal@40.75C
2023-08-30 22:19:23 RAM 3604/3956MB (lfb 1x2MB) SWAP 1244/4026MB (cached 162MB) CPU [14%@1479,11%@1479,16%@1479,16%@1479] EMC_FREQ 0% GR3D_FREQ 99% PLL@39C CPU@43.5C PMIC@50C GPU@40.5C AO@50C thermal@42C
2023-08-30 22:20:23 RAM 3559/3956MB (lfb 20x1MB) SWAP 1354/4026MB (cached 162MB) CPU [20%@1479,18%@1479,25%@1479,31%@1479] EMC_FREQ 0% GR3D_FREQ 99% PLL@40C CPU@44C PMIC@50C GPU@41C AO@51C thermal@42.75C
2023-08-30 22:21:23 RAM 3563/3956MB (lfb 1x2MB) SWAP 1354/4026MB (cached 162MB) CPU [22%@1479,21%@1479,24%@1479,24%@1479] EMC_FREQ 0% GR3D_FREQ 99% PLL@41.5C CPU@45.5C PMIC@50C GPU@42.5C AO@52.5C thermal@44.5C
2023-08-30 22:22:23 RAM 3566/3956MB (lfb 1x2MB) SWAP 1353/4026MB (cached 162MB) CPU [23%@1224,23%@1224,21%@1224,24%@1224] EMC_FREQ 0% GR3D_FREQ 99% PLL@42C CPU@45.5C PMIC@50C GPU@43.5C AO@52.5C thermal@44.75C
2023-08-30 22:23:23 RAM 3558/3956MB (lfb 1x2MB) SWAP 1353/4026MB (cached 162MB) CPU [20%@1224,17%@1224,17%@1224,17%@1224] EMC_FREQ 0% GR3D_FREQ 99% PLL@42.5C CPU@46C PMIC@50C GPU@44C AO@53.5C thermal@45.25C
2023-08-30 22:24:23 RAM 3560/3956MB (lfb 1x2MB) SWAP 1359/4026MB (cached 162MB) CPU [21%@1224,18%@1224,20%@1224,19%@1224] EMC_FREQ 0% GR3D_FREQ 99% PLL@42.5C CPU@47C PMIC@50C GPU@44C AO@54C thermal@46.25C
2023-08-30 22:25:23 RAM 3540/3956MB (lfb 1x2MB) SWAP 1387/4026MB (cached 162MB) CPU [23%@1224,23%@1224,23%@1224,23%@1224] EMC_FREQ 0% GR3D_FREQ 99% PLL@43C CPU@47.5C PMIC@50C GPU@45C AO@54.5C thermal@46.5C
2023-08-30 22:26:23 RAM 3538/3956MB (lfb 1x2MB) SWAP 1390/4026MB (cached 162MB) CPU [21%@1479,20%@1479,27%@1479,23%@1479] EMC_FREQ 0% GR3D_FREQ 99% PLL@43.5C CPU@47.5C PMIC@50C GPU@45.5C AO@55C thermal@47.5C
2023-08-30 22:27:23 RAM 3528/3956MB (lfb 17x1MB) SWAP 1414/4026MB (cached 163MB) CPU [16%@1224,22%@1224,21%@1224,20%@1224] EMC_FREQ 0% GR3D_FREQ 99% PLL@43C CPU@47.5C PMIC@50C GPU@45.5C AO@55C thermal@46.5C
2023-08-30 22:28:23 RAM 3531/3956MB (lfb 16x1MB) SWAP 1414/4026MB (cached 163MB) CPU [15%@1479,19%@1479,16%@1479,17%@1479] EMC_FREQ 0% GR3D_FREQ 99% PLL@44C CPU@48.5C PMIC@50C GPU@45.5C AO@55C thermal@47.25C
2023-08-30 22:29:23 RAM 3534/3956MB (lfb 14x1MB) SWAP 1416/4026MB (cached 163MB) CPU [24%@1224,22%@1224,21%@1224,23%@1224] EMC_FREQ 0% GR3D_FREQ 99% PLL@43.5C CPU@47.5C PMIC@50C GPU@45.5C AO@55C thermal@47.25C
2023-08-30 22:30:23 RAM 3527/3956MB (lfb 14x1MB) SWAP 1417/4026MB (cached 163MB) CPU [23%@1479,24%@1479,23%@1479,24%@1479] EMC_FREQ 0% GR3D_FREQ 99% PLL@44C CPU@48.5C PMIC@50C GPU@45.5C AO@55.5C thermal@47.75C
2023-08-30 22:31:23 RAM 3519/3956MB (lfb 7x1MB) SWAP 1436/4026MB (cached 167MB) CPU [24%@1224,24%@1224,22%@1224,19%@1224] EMC_FREQ 0% GR3D_FREQ 99% PLL@44C CPU@48.5C PMIC@50C GPU@46C AO@55C thermal@47C
2023-08-30 22:32:23 RAM 3521/3956MB (lfb 1x2MB) SWAP 1439/4026MB (cached 167MB) CPU [18%@1224,13%@1224,15%@1224,15%@1224] EMC_FREQ 0% GR3D_FREQ 99% PLL@44.5C CPU@49C PMIC@50C GPU@45.5C AO@55.5C thermal@47.5C
2023-08-30 22:33:23 RAM 3520/3956MB (lfb 32x1MB) SWAP 1441/4026MB (cached 167MB) CPU [22%@1224,23%@1224,22%@1224,22%@1224] EMC_FREQ 0% GR3D_FREQ 99% PLL@44C CPU@48C PMIC@50C GPU@46C AO@55.5C thermal@47.25C
2023-08-30 22:34:23 RAM 3513/3956MB (lfb 33x1MB) SWAP 1441/4026MB (cached 167MB) CPU [23%@1224,24%@1224,23%@1224,20%@1224] EMC_FREQ 0% GR3D_FREQ 99% PLL@44.5C CPU@49C PMIC@50C GPU@45.5C AO@56C thermal@47.75C
2023-08-30 22:35:23 RAM 3515/3956MB (lfb 33x1MB) SWAP 1444/4026MB (cached 167MB) CPU [23%@1224,21%@1224,24%@1224,23%@1224] EMC_FREQ 0% GR3D_FREQ 99% PLL@44C CPU@49C PMIC@50C GPU@46C AO@55.5C thermal@47.5C
2023-08-30 22:36:23 RAM 3514/3956MB (lfb 33x1MB) SWAP 1446/4026MB (cached 167MB) CPU [12%@1224,14%@1224,14%@1224,13%@1224] EMC_FREQ 0% GR3D_FREQ 99% PLL@44C CPU@49C PMIC@50C GPU@46C AO@55.5C thermal@48C
2023-08-30 22:37:23 RAM 3527/3956MB (lfb 27x1MB) SWAP 1444/4026MB (cached 172MB) CPU [23%@1224,25%@1224,21%@1224,23%@1224] EMC_FREQ 0% GR3D_FREQ 99% PLL@44.5C CPU@49C PMIC@50C GPU@46C AO@56C thermal@47.25C
2023-08-30 22:38:23 RAM 3525/3956MB (lfb 27x1MB) SWAP 1444/4026MB (cached 172MB) CPU [22%@1479,22%@1479,22%@1479,23%@1479] EMC_FREQ 0% GR3D_FREQ 99% PLL@44.5C CPU@50C PMIC@50C GPU@46C AO@56.5C thermal@47.5C
2023-08-30 22:39:23 RAM 3522/3956MB (lfb 27x1MB) SWAP 1446/4026MB (cached 171MB) CPU [24%@1224,22%@1224,24%@1224,21%@1224] EMC_FREQ 0% GR3D_FREQ 99% PLL@45.5C CPU@49.5C PMIC@50C GPU@46.5C AO@56.5C thermal@48C
2023-08-30 22:40:23 RAM 3521/3956MB (lfb 27x1MB) SWAP 1450/4026MB (cached 171MB) CPU [14%@1479,16%@1479,15%@1479,13%@1479] EMC_FREQ 0% GR3D_FREQ 99% PLL@44.5C CPU@49C PMIC@50C GPU@46.5C AO@56C thermal@47.75C
2023-08-30 22:41:23 RAM 3514/3956MB (lfb 27x1MB) SWAP 1454/4026MB (cached 171MB) CPU [23%@1479,22%@1479,23%@1479,22%@1479] EMC_FREQ 0% GR3D_FREQ 99% PLL@45.5C CPU@49.5C PMIC@50C GPU@46.5C AO@56.5C thermal@48.25C
2023-08-30 22:42:23 RAM 3516/3956MB (lfb 27x1MB) SWAP 1456/4026MB (cached 171MB) CPU [21%@1224,24%@1224,22%@1224,24%@1224] EMC_FREQ 0% GR3D_FREQ 99% PLL@45.5C CPU@49.5C PMIC@50C GPU@47.5C AO@56.5C thermal@48.75C
2023-08-30 22:43:23 RAM 3518/3956MB (lfb 27x1MB) SWAP 1456/4026MB (cached 171MB) CPU [23%@1224,25%@1224,20%@1224,21%@1224] EMC_FREQ 0% GR3D_FREQ 99% PLL@45.5C CPU@49.5C PMIC@50C GPU@47.5C AO@56.5C thermal@49C
2023-08-30 22:44:23 RAM 3511/3956MB (lfb 27x1MB) SWAP 1456/4026MB (cached 171MB) CPU [16%@1224,17%@1224,17%@1224,18%@1224] EMC_FREQ 0% GR3D_FREQ 99% PLL@45C CPU@50C PMIC@50C GPU@47.5C AO@56.5C thermal@48.5C
2023-08-30 22:45:23 RAM 3512/3956MB (lfb 27x1MB) SWAP 1456/4026MB (cached 171MB) CPU [20%@1479,21%@1479,18%@1479,20%@1479] EMC_FREQ 0% GR3D_FREQ 99% PLL@45.5C CPU@50C PMIC@50C GPU@48C AO@57C thermal@48.5C
2023-08-30 22:46:23 RAM 3517/3956MB (lfb 27x1MB) SWAP 1455/4026MB (cached 171MB) CPU [22%@1479,23%@1479,22%@1479,22%@1479] EMC_FREQ 0% GR3D_FREQ 99% PLL@46C CPU@50.5C PMIC@50C GPU@47.5C AO@57C thermal@49C
2023-08-30 22:47:23 RAM 3514/3956MB (lfb 27x1MB) SWAP 1455/4026MB (cached 171MB) CPU [24%@1224,23%@1224,22%@1224,22%@1224] EMC_FREQ 0% GR3D_FREQ 99% PLL@45.5C CPU@49.5C PMIC@50C GPU@47.5C AO@57C thermal@48.25C
2023-08-30 22:48:23 RAM 3515/3956MB (lfb 27x1MB) SWAP 1455/4026MB (cached 171MB) CPU [19%@1224,19%@1224,14%@1224,18%@1224] EMC_FREQ 0% GR3D_FREQ 99% PLL@45C CPU@49C PMIC@50C GPU@47C AO@56.5C thermal@48.25C
2023-08-30 22:49:23 RAM 3520/3956MB (lfb 27x1MB) SWAP 1455/4026MB (cached 171MB) CPU [19%@1479,19%@1479,16%@1479,19%@1479] EMC_FREQ 0% GR3D_FREQ 99% PLL@46C CPU@49.5C PMIC@50C GPU@47C AO@56.5C thermal@48.25C
2023-08-30 22:50:23 RAM 3526/3956MB (lfb 27x1MB) SWAP 1455/4026MB (cached 171MB) CPU [25%@1479,22%@1479,18%@1479,24%@1479] EMC_FREQ 0% GR3D_FREQ 99% PLL@45.5C CPU@51C PMIC@50C GPU@47.5C AO@56.5C thermal@48C
2023-08-30 22:51:23 RAM 3521/3956MB (lfb 27x1MB) SWAP 1455/4026MB (cached 171MB) CPU [24%@1479,21%@1479,22%@1479,24%@1479] EMC_FREQ 0% GR3D_FREQ 99% PLL@45.5C CPU@50C PMIC@50C GPU@47C AO@56.5C thermal@48C
2023-08-30 22:52:23 RAM 3523/3956MB (lfb 27x1MB) SWAP 1455/4026MB (cached 171MB) CPU [21%@1224,19%@1224,21%@1224,20%@1224] EMC_FREQ 0% GR3D_FREQ 99% PLL@44.5C CPU@49C PMIC@50C GPU@46.5C AO@56C thermal@47.75C
2023-08-30 22:53:23 RAM 3526/3956MB (lfb 27x1MB) SWAP 1450/4026MB (cached 171MB) CPU [16%@1224,15%@1224,17%@1224,16%@1224] EMC_FREQ 0% GR3D_FREQ 99% PLL@44.5C CPU@48.5C PMIC@50C GPU@46.5C AO@56.5C thermal@48C
2023-08-30 22:54:23 RAM 3520/3956MB (lfb 27x1MB) SWAP 1450/4026MB (cached 171MB) CPU [23%@1479,21%@1479,24%@1479,21%@1479] EMC_FREQ 0% GR3D_FREQ 99% PLL@44.5C CPU@49C PMIC@50C GPU@46.5C AO@56C thermal@48C
2023-08-30 22:55:23 RAM 3525/3956MB (lfb 27x1MB) SWAP 1450/4026MB (cached 171MB) CPU [24%@1224,22%@1224,22%@1224,22%@1224] EMC_FREQ 0% GR3D_FREQ 99% PLL@45C CPU@49.5C PMIC@50C GPU@47C AO@56.5C thermal@48.75C
2023-08-30 22:56:23 RAM 3528/3956MB (lfb 27x1MB) SWAP 1450/4026MB (cached 171MB) CPU [20%@1224,21%@1224,23%@1224,22%@1224] EMC_FREQ 0% GR3D_FREQ 99% PLL@45.5C CPU@49.5C PMIC@50C GPU@47.5C AO@57C thermal@48.25C
2023-08-30 22:57:23 RAM 3529/3956MB (lfb 25x1MB) SWAP 1450/4026MB (cached 171MB) CPU [17%@1224,16%@1224,12%@1224,12%@1224] EMC_FREQ 0% GR3D_FREQ 99% PLL@46C CPU@50.5C PMIC@50C GPU@48C AO@57.5C thermal@48.75C
2023-08-30 22:58:23 RAM 3521/3956MB (lfb 25x1MB) SWAP 1450/4026MB (cached 171MB) CPU [22%@1224,26%@1224,20%@1224,23%@1224] EMC_FREQ 0% GR3D_FREQ 99% PLL@46C CPU@50.5C PMIC@50C GPU@47.5C AO@57C thermal@49.5C
2023-08-30 22:59:23 RAM 3517/3956MB (lfb 11x1MB) SWAP 1502/4026MB (cached 170MB) CPU [29%@1479,28%@1479,25%@1479,24%@1479] EMC_FREQ 0% GR3D_FREQ 99% PLL@47C CPU@51C PMIC@50C GPU@48.5C AO@58.5C thermal@49.75C
2023-08-30 23:00:23 RAM 3520/3956MB (lfb 11x1MB) SWAP 1510/4026MB (cached 170MB) CPU [22%@1224,27%@1224,25%@1224,26%@1224] EMC_FREQ 0% GR3D_FREQ 99% PLL@47C CPU@51C PMIC@50C GPU@48.5C AO@58.5C thermal@49.75C
2023-08-30 23:01:23 RAM 3498/3956MB (lfb 11x1MB) SWAP 1510/4026MB (cached 170MB) CPU [11%@1224,14%@1224,11%@1224,13%@1224] EMC_FREQ 0% GR3D_FREQ 99% PLL@46C CPU@50.5C PMIC@50C GPU@48C AO@57.5C thermal@49.75C
2023-08-30 23:02:23 RAM 3506/3956MB (lfb 11x1MB) SWAP 1510/4026MB (cached 170MB) CPU [18%@1224,21%@1224,20%@1224,22%@1224] EMC_FREQ 0% GR3D_FREQ 99% PLL@47C CPU@51C PMIC@50C GPU@48C AO@58.5C thermal@49.75C
2023-08-30 23:03:23 RAM 3507/3956MB (lfb 11x1MB) SWAP 1511/4026MB (cached 169MB) CPU [23%@1479,16%@1479,22%@1479,21%@1479] EMC_FREQ 0% GR3D_FREQ 99% PLL@47.5C CPU@52.5C PMIC@50C GPU@48.5C AO@58C thermal@50.25C
2023-08-30 23:04:23 RAM 3502/3956MB (lfb 11x1MB) SWAP 1511/4026MB (cached 169MB) CPU [17%@1224,20%@1224,23%@1224,23%@1224] EMC_FREQ 0% GR3D_FREQ 99% PLL@47C CPU@51C PMIC@50C GPU@48C AO@58C thermal@50C
2023-08-30 23:05:23 RAM 3500/3956MB (lfb 11x1MB) SWAP 1511/4026MB (cached 169MB) CPU [12%@1224,12%@1224,15%@1224,13%@1224] EMC_FREQ 0% GR3D_FREQ 99% PLL@46C CPU@51C PMIC@50C GPU@48C AO@58C thermal@49.5C
2023-08-30 23:06:23 RAM 3505/3956MB (lfb 11x1MB) SWAP 1511/4026MB (cached 169MB) CPU [17%@1479,19%@1479,20%@1479,20%@1479] EMC_FREQ 0% GR3D_FREQ 99% PLL@47C CPU@51C PMIC@50C GPU@48C AO@58C thermal@49.25C
2023-08-30 23:07:23 RAM 3509/3956MB (lfb 11x1MB) SWAP 1511/4026MB (cached 169MB) CPU [22%@1224,17%@1224,21%@1224,21%@1224] EMC_FREQ 0% GR3D_FREQ 99% PLL@46C CPU@50C PMIC@50C GPU@48C AO@57.5C thermal@49.5C
2023-08-30 23:08:23 RAM 3500/3956MB (lfb 11x1MB) SWAP 1511/4026MB (cached 169MB) CPU [24%@1479,17%@1479,24%@1479,20%@1479] EMC_FREQ 0% GR3D_FREQ 99% PLL@45.5C CPU@50C PMIC@50C GPU@47.5C AO@57C thermal@48.5C
2023-08-30 23:09:23 RAM 3506/3956MB (lfb 11x1MB) SWAP 1511/4026MB (cached 169MB) CPU [17%@1224,17%@1224,14%@1224,12%@1224] EMC_FREQ 0% GR3D_FREQ 99% PLL@44.5C CPU@49C PMIC@50C GPU@47C AO@56.5C thermal@48C
2023-08-30 23:10:23 RAM 3507/3956MB (lfb 11x1MB) SWAP 1511/4026MB (cached 170MB) CPU [18%@1479,17%@1479,16%@1479,18%@1479] EMC_FREQ 0% GR3D_FREQ 99% PLL@45.5C CPU@49.5C PMIC@50C GPU@47C AO@56.5C thermal@48.25C
2023-08-30 23:11:23 RAM 3511/3956MB (lfb 26x1MB) SWAP 1511/4026MB (cached 170MB) CPU [19%@1479,20%@1479,21%@1479,22%@1479] EMC_FREQ 0% GR3D_FREQ 99% PLL@45C CPU@49C PMIC@50C GPU@46.5C AO@56.5C thermal@47.5C
2023-08-30 23:12:23 RAM 3504/3956MB (lfb 25x1MB) SWAP 1512/4026MB (cached 170MB) CPU [22%@1479,20%@1479,21%@1479,19%@1479] EMC_FREQ 0% GR3D_FREQ 99% PLL@44.5C CPU@49.5C PMIC@50C GPU@46.5C AO@56C thermal@47.25C
2023-08-30 23:13:23 RAM 3502/3956MB (lfb 25x1MB) SWAP 1512/4026MB (cached 170MB) CPU [15%@1224,18%@1224,15%@1224,17%@1224] EMC_FREQ 0% GR3D_FREQ 99% PLL@44.5C CPU@48.5C PMIC@50C GPU@46.5C AO@56C thermal@47.25C
2023-08-30 23:14:23 RAM 3509/3956MB (lfb 25x1MB) SWAP 1513/4026MB (cached 170MB) CPU [15%@1479,16%@1479,16%@1479,16%@1479] EMC_FREQ 0% GR3D_FREQ 99% PLL@44.5C CPU@48.5C PMIC@50C GPU@46.5C AO@55.5C thermal@47.25C
2023-08-30 23:15:23 RAM 3502/3956MB (lfb 25x1MB) SWAP 1513/4026MB (cached 170MB) CPU [20%@1479,21%@1479,22%@1479,21%@1479] EMC_FREQ 0% GR3D_FREQ 99% PLL@44.5C CPU@50.5C PMIC@50C GPU@46.5C AO@56C thermal@47.5C
2023-08-30 23:16:23 RAM 3505/3956MB (lfb 25x1MB) SWAP 1517/4026MB (cached 170MB) CPU [23%@1479,19%@1479,21%@1479,19%@1479] EMC_FREQ 0% GR3D_FREQ 99% PLL@44.5C CPU@49.5C PMIC@50C GPU@46C AO@56C thermal@47.25C
2023-08-30 23:17:23 RAM 3501/3956MB (lfb 25x1MB) SWAP 1523/4026MB (cached 170MB) CPU [22%@1224,19%@1224,14%@1224,16%@1224] EMC_FREQ 0% GR3D_FREQ 99% PLL@43.5C CPU@48C PMIC@50C GPU@46C AO@55.5C thermal@46.75C
2023-08-30 23:18:23 RAM 3504/3956MB (lfb 25x1MB) SWAP 1527/4026MB (cached 170MB) CPU [17%@1479,16%@1479,12%@1479,14%@1479] EMC_FREQ 0% GR3D_FREQ 99% PLL@44C CPU@49C PMIC@50C GPU@46C AO@55.5C thermal@46.5C
2023-08-30 23:19:23 RAM 3495/3956MB (lfb 25x1MB) SWAP 1531/4026MB (cached 170MB) CPU [23%@1224,19%@1224,19%@1224,22%@1224] EMC_FREQ 0% GR3D_FREQ 99% PLL@44C CPU@49C PMIC@50C GPU@46C AO@55.5C thermal@47.25C
2023-08-30 23:20:23 RAM 3496/3956MB (lfb 25x1MB) SWAP 1532/4026MB (cached 169MB) CPU [18%@1224,22%@1224,19%@1224,23%@1224] EMC_FREQ 0% GR3D_FREQ 99% PLL@44.5C CPU@49C PMIC@50C GPU@46C AO@56C thermal@46.75C
2023-08-30 23:21:23 RAM 3500/3956MB (lfb 25x1MB) SWAP 1527/4026MB (cached 169MB) CPU [16%@1224,22%@1224,20%@1224,19%@1224] EMC_FREQ 0% GR3D_FREQ 99% PLL@44C CPU@48.5C PMIC@50C GPU@46C AO@55.5C thermal@47.25C
2023-08-30 23:22:23 RAM 3495/3956MB (lfb 25x1MB) SWAP 1527/4026MB (cached 169MB) CPU [15%@1479,12%@1479,13%@1479,14%@1479] EMC_FREQ 0% GR3D_FREQ 99% PLL@43.5C CPU@47.5C PMIC@50C GPU@45.5C AO@55C thermal@47.25C
2023-08-30 23:23:23 RAM 3498/3956MB (lfb 25x1MB) SWAP 1527/4026MB (cached 170MB) CPU [20%@1479,21%@1479,20%@1479,21%@1479] EMC_FREQ 0% GR3D_FREQ 99% PLL@44C CPU@50C PMIC@50C GPU@46C AO@55.5C thermal@46.75C
2023-08-30 23:24:23 RAM 3500/3956MB (lfb 25x1MB) SWAP 1526/4026MB (cached 170MB) CPU [19%@1479,22%@1479,19%@1479,21%@1479] EMC_FREQ 0% GR3D_FREQ 99% PLL@44.5C CPU@50C PMIC@50C GPU@46C AO@55.5C thermal@47.25C
2023-08-30 23:25:23 RAM 3489/3956MB (lfb 23x1MB) SWAP 1533/4026MB (cached 170MB) CPU [21%@1479,23%@1479,21%@1479,19%@1479] EMC_FREQ 0% GR3D_FREQ 99% PLL@44C CPU@48C PMIC@50C GPU@45.5C AO@55.5C thermal@47C
2023-08-30 23:26:23 RAM 3494/3956MB (lfb 23x1MB) SWAP 1532/4026MB (cached 172MB) CPU [11%@1479,12%@1479,13%@1479,12%@1479] EMC_FREQ 0% GR3D_FREQ 99% PLL@44C CPU@48.5C PMIC@50C GPU@45C AO@55.5C thermal@46.75C
2023-08-30 23:27:23 RAM 3498/3956MB (lfb 23x1MB) SWAP 1535/4026MB (cached 172MB) CPU [18%@1224,20%@1224,22%@1224,22%@1224] EMC_FREQ 0% GR3D_FREQ 99% PLL@44C CPU@48C PMIC@50C GPU@45.5C AO@55C thermal@48.25C
2023-08-30 23:28:23 RAM 3498/3956MB (lfb 23x1MB) SWAP 1538/4026MB (cached 171MB) CPU [22%@1479,20%@1479,21%@1479,20%@1479] EMC_FREQ 0% GR3D_FREQ 99% PLL@44.5C CPU@50.5C PMIC@50C GPU@46C AO@55.5C thermal@48.25C
2023-08-30 23:29:23 RAM 3491/3956MB (lfb 23x1MB) SWAP 1543/4026MB (cached 172MB) CPU [23%@1224,22%@1224,19%@1224,21%@1224] EMC_FREQ 0% GR3D_FREQ 99% PLL@44C CPU@48.5C PMIC@50C GPU@46C AO@55C thermal@48.5C
2023-08-30 23:30:23 RAM 3489/3956MB (lfb 22x1MB) SWAP 1548/4026MB (cached 171MB) CPU [11%@1224,13%@1224,13%@1224,11%@1224] EMC_FREQ 0% GR3D_FREQ 99% PLL@44C CPU@48C PMIC@50C GPU@45.5C AO@55C thermal@47C
2023-08-30 23:31:23 RAM 3493/3956MB (lfb 22x1MB) SWAP 1551/4026MB (cached 171MB) CPU [20%@1224,23%@1224,21%@1224,23%@1224] EMC_FREQ 0% GR3D_FREQ 99% PLL@45C CPU@49C PMIC@50C GPU@46.5C AO@56C thermal@47.75C
2023-08-30 23:32:23 RAM 3484/3956MB (lfb 22x1MB) SWAP 1551/4026MB (cached 171MB) CPU [19%@1224,22%@1224,22%@1224,22%@1224] EMC_FREQ 0% GR3D_FREQ 99% PLL@44.5C CPU@48.5C PMIC@50C GPU@46C AO@56C thermal@48C
2023-08-30 23:33:23 RAM 3489/3956MB (lfb 22x1MB) SWAP 1551/4026MB (cached 171MB) CPU [18%@1224,20%@1224,20%@1224,24%@1224] EMC_FREQ 0% GR3D_FREQ 99% PLL@44.5C CPU@48.5C PMIC@50C GPU@46C AO@55.5C thermal@47.75C
2023-08-30 23:34:23 RAM 3489/3956MB (lfb 22x1MB) SWAP 1552/4026MB (cached 171MB) CPU [12%@1224,12%@1224,13%@1224,12%@1224] EMC_FREQ 0% GR3D_FREQ 99% PLL@43.5C CPU@48.5C PMIC@50C GPU@45.5C AO@55C thermal@46.75C
2023-08-30 23:35:23 RAM 3487/3956MB (lfb 22x1MB) SWAP 1552/4026MB (cached 171MB) CPU [23%@1479,21%@1479,18%@1479,19%@1479] EMC_FREQ 0% GR3D_FREQ 99% PLL@44.5C CPU@50C PMIC@50C GPU@46.5C AO@55.5C thermal@47.75C
2023-08-30 23:36:23 RAM 3489/3956MB (lfb 22x1MB) SWAP 1552/4026MB (cached 171MB) CPU [19%@1479,24%@1479,19%@1479,18%@1479] EMC_FREQ 0% GR3D_FREQ 99% PLL@44.5C CPU@49C PMIC@50C GPU@45.5C AO@56C thermal@48.25C
2023-08-30 23:37:23 RAM 3491/3956MB (lfb 22x1MB) SWAP 1554/4026MB (cached 171MB) CPU [19%@1479,21%@1479,20%@1479,22%@1479] EMC_FREQ 0% GR3D_FREQ 99% PLL@45C CPU@49C PMIC@50C GPU@46C AO@55.5C thermal@47.25C
2023-08-30 23:38:23 RAM 3491/3956MB (lfb 22x1MB) SWAP 1554/4026MB (cached 171MB) CPU [16%@1224,14%@1224,11%@1224,12%@1224] EMC_FREQ 0% GR3D_FREQ 99% PLL@44C CPU@48.5C PMIC@50C GPU@45.5C AO@55.5C thermal@47C
2023-08-30 23:39:23 RAM 3487/3956MB (lfb 22x1MB) SWAP 1557/4026MB (cached 171MB) CPU [19%@1479,18%@1479,17%@1479,21%@1479] EMC_FREQ 0% GR3D_FREQ 99% PLL@44.5C CPU@48.5C PMIC@50C GPU@45.5C AO@55.5C thermal@46.5C
2023-08-30 23:40:23 RAM 3486/3956MB (lfb 22x1MB) SWAP 1563/4026MB (cached 171MB) CPU [22%@1479,21%@1479,20%@1479,21%@1479] EMC_FREQ 0% GR3D_FREQ 99% PLL@44.5C CPU@48.5C PMIC@50C GPU@46C AO@56C thermal@47.25C
2023-08-30 23:41:23 RAM 3486/3956MB (lfb 22x1MB) SWAP 1566/4026MB (cached 171MB) CPU [20%@1479,19%@1479,23%@1479,20%@1479] EMC_FREQ 0% GR3D_FREQ 99% PLL@44.5C CPU@50C PMIC@50C GPU@46.5C AO@56C thermal@47.25C
2023-08-30 23:42:23 RAM 3477/3956MB (lfb 22x1MB) SWAP 1566/4026MB (cached 171MB) CPU [16%@1224,19%@1224,11%@1224,14%@1224] EMC_FREQ 0% GR3D_FREQ 99% PLL@44C CPU@48.5C PMIC@50C GPU@46C AO@55.5C thermal@47C
2023-08-30 23:43:23 RAM 3483/3956MB (lfb 22x1MB) SWAP 1566/4026MB (cached 171MB) CPU [16%@1479,14%@1479,19%@1479,19%@1479] EMC_FREQ 0% GR3D_FREQ 99% PLL@44.5C CPU@48.5C PMIC@50C GPU@46C AO@56C thermal@47.5C
2023-08-30 23:44:23 RAM 3482/3956MB (lfb 22x1MB) SWAP 1566/4026MB (cached 171MB) CPU [21%@1479,22%@1479,19%@1479,21%@1479] EMC_FREQ 0% GR3D_FREQ 99% PLL@45C CPU@49C PMIC@50C GPU@46C AO@56C thermal@47C
2023-08-30 23:45:23 RAM 3478/3956MB (lfb 22x1MB) SWAP 1563/4026MB (cached 171MB) CPU [21%@1479,21%@1479,21%@1479,21%@1479] EMC_FREQ 0% GR3D_FREQ 99% PLL@45C CPU@49.5C PMIC@50C GPU@46C AO@56C thermal@47.75C
2023-08-30 23:46:23 RAM 3478/3956MB (lfb 22x1MB) SWAP 1563/4026MB (cached 171MB) CPU [17%@1224,16%@1224,14%@1224,17%@1224] EMC_FREQ 0% GR3D_FREQ 99% PLL@44C CPU@49.5C PMIC@50C GPU@46.5C AO@55.5C thermal@47.25C
2023-08-30 23:47:23 RAM 3482/3956MB (lfb 22x1MB) SWAP 1563/4026MB (cached 171MB) CPU [16%@1479,17%@1479,14%@1479,15%@1479] EMC_FREQ 0% GR3D_FREQ 99% PLL@44.5C CPU@48.5C PMIC@50C GPU@46C AO@56C thermal@47.25C
2023-08-30 23:48:23 RAM 3484/3956MB (lfb 22x1MB) SWAP 1563/4026MB (cached 171MB) CPU [19%@1479,22%@1479,20%@1479,20%@1479] EMC_FREQ 0% GR3D_FREQ 49% PLL@44.5C CPU@48.5C PMIC@50C GPU@45.5C AO@55.5C thermal@47.25C
2023-08-30 23:49:23 RAM 3481/3956MB (lfb 24x1MB) SWAP 1563/4026MB (cached 171MB) CPU [21%@1479,24%@1479,20%@1479,21%@1479] EMC_FREQ 0% GR3D_FREQ 99% PLL@45C CPU@49.5C PMIC@50C GPU@46.5C AO@55.5C thermal@47.5C
2023-08-30 23:50:23 RAM 3479/3956MB (lfb 24x1MB) SWAP 1563/4026MB (cached 171MB) CPU [18%@1224,20%@1224,18%@1224,15%@1224] EMC_FREQ 0% GR3D_FREQ 99% PLL@44C CPU@48.5C PMIC@50C GPU@46C AO@55.5C thermal@47C
2023-08-30 23:51:23 RAM 3482/3956MB (lfb 24x1MB) SWAP 1563/4026MB (cached 171MB) CPU [16%@1479,15%@1479,12%@1479,15%@1479] EMC_FREQ 0% GR3D_FREQ 99% PLL@45C CPU@49C PMIC@50C GPU@46C AO@55.5C thermal@46.75C
2023-08-30 23:52:23 RAM 3487/3956MB (lfb 24x1MB) SWAP 1563/4026MB (cached 171MB) CPU [21%@1224,20%@1224,18%@1224,22%@1224] EMC_FREQ 0% GR3D_FREQ 99% PLL@44.5C CPU@48.5C PMIC@50C GPU@46C AO@55C thermal@47.75C
2023-08-30 23:53:23 RAM 3480/3956MB (lfb 24x1MB) SWAP 1563/4026MB (cached 171MB) CPU [22%@1479,21%@1479,18%@1479,21%@1479] EMC_FREQ 0% GR3D_FREQ 99% PLL@44C CPU@48.5C PMIC@50C GPU@46.5C AO@56C thermal@46.75C
2023-08-30 23:54:23 RAM 3484/3956MB (lfb 24x1MB) SWAP 1558/4026MB (cached 171MB) CPU [19%@1224,19%@1224,16%@1224,21%@1224] EMC_FREQ 0% GR3D_FREQ 99% PLL@43.5C CPU@48C PMIC@50C GPU@45.5C AO@55C thermal@46.75C
2023-08-30 23:55:23 RAM 3485/3956MB (lfb 24x1MB) SWAP 1558/4026MB (cached 171MB) CPU [18%@1224,12%@1224,9%@1224,12%@1224] EMC_FREQ 0% GR3D_FREQ 99% PLL@43.5C CPU@48C PMIC@50C GPU@45.5C AO@55C thermal@46.25C
2023-08-30 23:56:23 RAM 3477/3956MB (lfb 24x1MB) SWAP 1558/4026MB (cached 171MB) CPU [20%@1224,21%@1224,20%@1224,20%@1224] EMC_FREQ 0% GR3D_FREQ 99% PLL@43.5C CPU@47.5C PMIC@50C GPU@45.5C AO@54.5C thermal@47C
2023-08-30 23:57:23 RAM 3483/3956MB (lfb 24x1MB) SWAP 1558/4026MB (cached 171MB) CPU [21%@1224,20%@1224,20%@1224,20%@1224] EMC_FREQ 0% GR3D_FREQ 99% PLL@43.5C CPU@47.5C PMIC@50C GPU@45.5C AO@54.5C thermal@46.25C
2023-08-30 23:58:23 RAM 3487/3956MB (lfb 24x1MB) SWAP 1558/4026MB (cached 171MB) CPU [20%@1224,23%@1224,17%@1224,19%@1224] EMC_FREQ 0% GR3D_FREQ 99% PLL@43.5C CPU@48.5C PMIC@50C GPU@45.5C AO@55C thermal@47.25C
2023-08-30 23:59:23 RAM 3489/3956MB (lfb 24x1MB) SWAP 1558/4026MB (cached 171MB) CPU [10%@1479,12%@1479,13%@1479,12%@1479] EMC_FREQ 0% GR3D_FREQ 99% PLL@43.5C CPU@48.5C PMIC@50C GPU@45.5C AO@55C thermal@47C
2023-08-31 00:00:23 RAM 3487/3956MB (lfb 24x1MB) SWAP 1557/4026MB (cached 172MB) CPU [22%@1479,19%@1479,23%@1479,20%@1479] EMC_FREQ 0% GR3D_FREQ 99% PLL@44C CPU@49C PMIC@50C GPU@45.5C AO@55C thermal@46.5C
2023-08-31 00:01:23 RAM 3496/3956MB (lfb 22x1MB) SWAP 1553/4026MB (cached 172MB) CPU [21%@1479,24%@1479,22%@1479,19%@1479] EMC_FREQ 0% GR3D_FREQ 99% PLL@44.5C CPU@48.5C PMIC@50C GPU@45.5C AO@55C thermal@46.25C
2023-08-31 00:02:23 RAM 3495/3956MB (lfb 22x1MB) SWAP 1553/4026MB (cached 172MB) CPU [20%@1479,21%@1479,23%@1479,18%@1479] EMC_FREQ 0% GR3D_FREQ 99% PLL@44.5C CPU@48.5C PMIC@50C GPU@45.5C AO@55C thermal@46.5C
2023-08-31 00:03:23 RAM 3493/3956MB (lfb 21x1MB) SWAP 1553/4026MB (cached 172MB) CPU [13%@1479,13%@1479,12%@1479,8%@1479] EMC_FREQ 0% GR3D_FREQ 99% PLL@43.5C CPU@48C PMIC@50C GPU@45.5C AO@55C thermal@46.5C
2023-08-31 00:04:23 RAM 3495/3956MB (lfb 21x1MB) SWAP 1553/4026MB (cached 172MB) CPU [20%@1479,22%@1479,20%@1479,19%@1479] EMC_FREQ 0% GR3D_FREQ 99% PLL@44C CPU@48C PMIC@50C GPU@45.5C AO@55C thermal@47.25C
2023-08-31 00:05:23 RAM 3498/3956MB (lfb 21x1MB) SWAP 1553/4026MB (cached 172MB) CPU [21%@1479,19%@1479,24%@1479,19%@1479] EMC_FREQ 0% GR3D_FREQ 99% PLL@43.5C CPU@48.5C PMIC@50C GPU@45.5C AO@55C thermal@46.75C
2023-08-31 00:06:23 RAM 3492/3956MB (lfb 21x1MB) SWAP 1554/4026MB (cached 172MB) CPU [23%@1479,24%@1479,21%@1479,17%@1479] EMC_FREQ 0% GR3D_FREQ 99% PLL@44C CPU@48.5C PMIC@50C GPU@45.5C AO@55C thermal@47.25C
2023-08-31 00:07:23 RAM 3493/3956MB (lfb 21x1MB) SWAP 1554/4026MB (cached 172MB) CPU [16%@1224,9%@1224,11%@1224,11%@1224] EMC_FREQ 0% GR3D_FREQ 99% PLL@43C CPU@48C PMIC@50C GPU@45C AO@54.5C thermal@46.25C
2023-08-31 00:08:23 RAM 3494/3956MB (lfb 19x1MB) SWAP 1554/4026MB (cached 172MB) CPU [19%@1224,21%@1224,21%@1224,19%@1224] EMC_FREQ 0% GR3D_FREQ 99% PLL@43.5C CPU@49.5C PMIC@50C GPU@45.5C AO@55C thermal@47C
2023-08-31 00:09:23 RAM 3499/3956MB (lfb 19x1MB) SWAP 1553/4026MB (cached 173MB) CPU [17%@1224,24%@1224,21%@1224,20%@1224] EMC_FREQ 0% GR3D_FREQ 99% PLL@43.5C CPU@47.5C PMIC@50C GPU@45.5C AO@55C thermal@46.25C
2023-08-31 00:10:23 RAM 3496/3956MB (lfb 19x1MB) SWAP 1553/4026MB (cached 173MB) CPU [20%@1479,23%@1479,22%@1479,21%@1479] EMC_FREQ 0% GR3D_FREQ 99% PLL@43.5C CPU@48C PMIC@50C GPU@45.5C AO@55C thermal@46C
2023-08-31 00:11:23 RAM 3494/3956MB (lfb 19x1MB) SWAP 1553/4026MB (cached 173MB) CPU [16%@1224,13%@1224,12%@1224,11%@1224] EMC_FREQ 0% GR3D_FREQ 99% PLL@43C CPU@47C PMIC@50C GPU@44.5C AO@54.5C thermal@46.25C
2023-08-31 00:12:23 RAM 3499/3956MB (lfb 19x1MB) SWAP 1553/4026MB (cached 173MB) CPU [19%@1479,18%@1479,18%@1479,19%@1479] EMC_FREQ 0% GR3D_FREQ 99% PLL@43C CPU@49C PMIC@50C GPU@45C AO@54.5C thermal@45.75C
2023-08-31 00:13:23 RAM 3500/3956MB (lfb 19x1MB) SWAP 1555/4026MB (cached 173MB) CPU [22%@1479,20%@1479,18%@1479,22%@1479] EMC_FREQ 0% GR3D_FREQ 99% PLL@43.5C CPU@48C PMIC@50C GPU@45.5C AO@54.5C thermal@47.5C
2023-08-31 00:14:23 RAM 3489/3956MB (lfb 19x1MB) SWAP 1559/4026MB (cached 173MB) CPU [24%@1224,20%@1224,18%@1224,22%@1224] EMC_FREQ 0% GR3D_FREQ 99% PLL@43.5C CPU@47.5C PMIC@50C GPU@44.5C AO@54.5C thermal@45.75C
2023-08-31 00:15:23 RAM 3487/3956MB (lfb 19x1MB) SWAP 1561/4026MB (cached 173MB) CPU [16%@1224,16%@1224,12%@1224,14%@1224] EMC_FREQ 0% GR3D_FREQ 99% PLL@43C CPU@47C PMIC@50C GPU@44.5C AO@54C thermal@46C
2023-08-31 00:16:23 RAM 3493/3956MB (lfb 19x1MB) SWAP 1562/4026MB (cached 173MB) CPU [21%@1224,17%@1224,16%@1224,15%@1224] EMC_FREQ 0% GR3D_FREQ 99% PLL@43.5C CPU@47C PMIC@50C GPU@44.5C AO@54.5C thermal@45.75C
2023-08-31 00:17:23 RAM 3486/3956MB (lfb 19x1MB) SWAP 1564/4026MB (cached 173MB) CPU [21%@1224,22%@1224,19%@1224,21%@1224] EMC_FREQ 0% GR3D_FREQ 99% PLL@42.5C CPU@47C PMIC@50C GPU@44.5C AO@54C thermal@46C
2023-08-31 00:18:23 RAM 3486/3956MB (lfb 19x1MB) SWAP 1567/4026MB (cached 173MB) CPU [20%@1224,20%@1224,19%@1224,23%@1224] EMC_FREQ 0% GR3D_FREQ 99% PLL@43C CPU@47.5C PMIC@50C GPU@44.5C AO@54.5C thermal@45.75C
2023-08-31 00:19:23 RAM 3486/3956MB (lfb 19x1MB) SWAP 1570/4026MB (cached 173MB) CPU [14%@1224,18%@1224,15%@1224,17%@1224] EMC_FREQ 0% GR3D_FREQ 99% PLL@42.5C CPU@47C PMIC@50C GPU@44.5C AO@54C thermal@45.75C
2023-08-31 00:20:23 RAM 3488/3956MB (lfb 19x1MB) SWAP 1572/4026MB (cached 173MB) CPU [16%@1479,16%@1479,16%@1479,17%@1479] EMC_FREQ 0% GR3D_FREQ 99% PLL@43C CPU@49C PMIC@50C GPU@45C AO@54C thermal@46C
2023-08-31 00:21:23 RAM 3483/3956MB (lfb 19x1MB) SWAP 1573/4026MB (cached 173MB) CPU [22%@1224,20%@1224,21%@1224,22%@1224] EMC_FREQ 0% GR3D_FREQ 99% PLL@42.5C CPU@47C PMIC@50C GPU@44.5C AO@54C thermal@46C
2023-08-31 00:22:23 RAM 3484/3956MB (lfb 19x1MB) SWAP 1574/4026MB (cached 173MB) CPU [23%@1224,19%@1224,20%@1224,21%@1224] EMC_FREQ 0% GR3D_FREQ 99% PLL@43C CPU@47.5C PMIC@50C GPU@44.5C AO@54C thermal@45.75C
2023-08-31 00:23:23 RAM 3484/3956MB (lfb 19x1MB) SWAP 1577/4026MB (cached 173MB) CPU [16%@1224,19%@1224,19%@1224,16%@1224] EMC_FREQ 0% GR3D_FREQ 99% PLL@42.5C CPU@47C PMIC@50C GPU@44.5C AO@54C thermal@45.75C
2023-08-31 00:24:23 RAM 3475/3956MB (lfb 19x1MB) SWAP 1580/4026MB (cached 173MB) CPU [18%@1224,14%@1224,15%@1224,16%@1224] EMC_FREQ 0% GR3D_FREQ 99% PLL@42.5C CPU@46.5C PMIC@50C GPU@44.5C AO@54C thermal@45.75C
2023-08-31 00:25:23 RAM 3479/3956MB (lfb 19x1MB) SWAP 1580/4026MB (cached 173MB) CPU [19%@1224,20%@1224,21%@1224,22%@1224] EMC_FREQ 0% GR3D_FREQ 99% PLL@42C CPU@47C PMIC@50C GPU@44.5C AO@54C thermal@45.5C
2023-08-31 00:26:23 RAM 3481/3956MB (lfb 19x1MB) SWAP 1580/4026MB (cached 173MB) CPU [24%@1224,22%@1224,17%@1224,20%@1224] EMC_FREQ 0% GR3D_FREQ 99% PLL@42.5C CPU@47C PMIC@50C GPU@44.5C AO@54C thermal@46C
2023-08-31 00:27:23 RAM 3472/3956MB (lfb 23x1MB) SWAP 1580/4026MB (cached 173MB) CPU [21%@1224,18%@1224,17%@1224,23%@1224] EMC_FREQ 0% GR3D_FREQ 99% PLL@42.5C CPU@47C PMIC@50C GPU@44.5C AO@54C thermal@46C
2023-08-31 00:28:23 RAM 3479/3956MB (lfb 23x1MB) SWAP 1575/4026MB (cached 173MB) CPU [14%@1224,14%@1224,10%@1224,14%@1224] EMC_FREQ 0% GR3D_FREQ 99% PLL@42.5C CPU@46.5C PMIC@50C GPU@44.5C AO@54C thermal@46.75C
2023-08-31 00:29:23 RAM 3483/3956MB (lfb 23x1MB) SWAP 1575/4026MB (cached 173MB) CPU [19%@1224,23%@1224,19%@1224,22%@1224] EMC_FREQ 0% GR3D_FREQ 99% PLL@42.5C CPU@47C PMIC@50C GPU@44C AO@53.5C thermal@45.75C
2023-08-31 00:30:23 RAM 3486/3956MB (lfb 23x1MB) SWAP 1575/4026MB (cached 173MB) CPU [25%@1479,20%@1479,18%@1479,19%@1479] EMC_FREQ 0% GR3D_FREQ 99% PLL@43.5C CPU@47.5C PMIC@50C GPU@45C AO@54.5C thermal@46C
2023-08-31 00:31:23 RAM 3482/3956MB (lfb 23x1MB) SWAP 1575/4026MB (cached 173MB) CPU [24%@1224,19%@1224,18%@1224,20%@1224] EMC_FREQ 0% GR3D_FREQ 99% PLL@42.5C CPU@47.5C PMIC@50C GPU@45.5C AO@54C thermal@46C
2023-08-31 00:32:23 RAM 3484/3956MB (lfb 23x1MB) SWAP 1575/4026MB (cached 173MB) CPU [13%@1479,15%@1479,9%@1479,11%@1479] EMC_FREQ 0% GR3D_FREQ 99% PLL@43C CPU@47C PMIC@50C GPU@45C AO@54C thermal@46C
2023-08-31 00:33:23 RAM 3486/3956MB (lfb 23x1MB) SWAP 1575/4026MB (cached 173MB) CPU [19%@1224,23%@1224,18%@1224,21%@1224] EMC_FREQ 0% GR3D_FREQ 99% PLL@43C CPU@46.5C PMIC@50C GPU@45C AO@53.5C thermal@46C
2023-08-31 00:34:23 RAM 3480/3956MB (lfb 23x1MB) SWAP 1575/4026MB (cached 173MB) CPU [21%@1224,20%@1224,22%@1224,20%@1224] EMC_FREQ 0% GR3D_FREQ 99% PLL@42.5C CPU@47C PMIC@50C GPU@44.5C AO@54C thermal@45.75C
2023-08-31 00:35:23 RAM 3482/3956MB (lfb 23x1MB) SWAP 1577/4026MB (cached 173MB) CPU [21%@1224,23%@1224,18%@1224,21%@1224] EMC_FREQ 0% GR3D_FREQ 99% PLL@42.5C CPU@47C PMIC@50C GPU@45C AO@54C thermal@46C
2023-08-31 00:36:23 RAM 3484/3956MB (lfb 23x1MB) SWAP 1578/4026MB (cached 173MB) CPU [10%@1224,15%@1224,11%@1224,10%@1224] EMC_FREQ 0% GR3D_FREQ 99% PLL@42.5C CPU@47C PMIC@50C GPU@44.5C AO@53.5C thermal@45.75C
2023-08-31 00:37:23 RAM 3485/3956MB (lfb 23x1MB) SWAP 1580/4026MB (cached 173MB) CPU [18%@1224,22%@1224,21%@1224,20%@1224] EMC_FREQ 0% GR3D_FREQ 99% PLL@42.5C CPU@46.5C PMIC@50C GPU@44C AO@54C thermal@46C
2023-08-31 00:38:23 RAM 3479/3956MB (lfb 23x1MB) SWAP 1580/4026MB (cached 173MB) CPU [23%@1224,21%@1224,19%@1224,22%@1224] EMC_FREQ 0% GR3D_FREQ 99% PLL@42.5C CPU@47C PMIC@50C GPU@44.5C AO@53.5C thermal@45.75C
2023-08-31 00:39:23 RAM 3483/3956MB (lfb 23x1MB) SWAP 1580/4026MB (cached 173MB) CPU [19%@1224,21%@1224,21%@1224,21%@1224] EMC_FREQ 0% GR3D_FREQ 99% PLL@42.5C CPU@46.5C PMIC@50C GPU@44.5C AO@54C thermal@45.75C
2023-08-31 00:40:23 RAM 3481/3956MB (lfb 23x1MB) SWAP 1580/4026MB (cached 173MB) CPU [10%@1224,12%@1224,13%@1224,11%@1224] EMC_FREQ 0% GR3D_FREQ 99% PLL@42.5C CPU@47C PMIC@50C GPU@44.5C AO@54C thermal@45.75C
2023-08-31 00:41:23 RAM 3476/3956MB (lfb 23x1MB) SWAP 1583/4026MB (cached 173MB) CPU [23%@1479,23%@1479,18%@1479,22%@1479] EMC_FREQ 0% GR3D_FREQ 99% PLL@43C CPU@49C PMIC@50C GPU@45C AO@54C thermal@46.25C
2023-08-31 00:42:23 RAM 3476/3956MB (lfb 23x1MB) SWAP 1588/4026MB (cached 173MB) CPU [20%@1479,21%@1479,23%@1479,20%@1479] EMC_FREQ 0% GR3D_FREQ 99% PLL@43.5C CPU@47.5C PMIC@50C GPU@45C AO@53.5C thermal@45.75C
2023-08-31 00:43:23 RAM 3476/3956MB (lfb 23x1MB) SWAP 1591/4026MB (cached 173MB) CPU [21%@1479,21%@1479,21%@1479,21%@1479] EMC_FREQ 0% GR3D_FREQ 99% PLL@43C CPU@47.5C PMIC@50C GPU@45C AO@54C thermal@46.25C
2023-08-31 00:44:23 RAM 3475/3956MB (lfb 23x1MB) SWAP 1594/4026MB (cached 173MB) CPU [12%@1224,14%@1224,14%@1224,13%@1224] EMC_FREQ 0% GR3D_FREQ 99% PLL@42.5C CPU@46.5C PMIC@50C GPU@44.5C AO@53.5C thermal@46C
2023-08-31 00:45:23 RAM 3469/3956MB (lfb 23x1MB) SWAP 1597/4026MB (cached 173MB) CPU [19%@1479,20%@1479,20%@1479,21%@1479] EMC_FREQ 0% GR3D_FREQ 99% PLL@43C CPU@47.5C PMIC@50C GPU@45C AO@53.5C thermal@45.25C
2023-08-31 00:46:23 RAM 3471/3956MB (lfb 24x1MB) SWAP 1599/4026MB (cached 173MB) CPU [22%@1479,23%@1479,19%@1479,18%@1479] EMC_FREQ 0% GR3D_FREQ 99% PLL@42.5C CPU@47C PMIC@50C GPU@44.5C AO@54C thermal@45.75C
2023-08-31 00:47:23 RAM 3474/3956MB (lfb 24x1MB) SWAP 1600/4026MB (cached 173MB) CPU [20%@1479,19%@1479,22%@1479,20%@1479] EMC_FREQ 0% GR3D_FREQ 99% PLL@43C CPU@47C PMIC@50C GPU@44.5C AO@54C thermal@45.75C
2023-08-31 00:48:23 RAM 3463/3956MB (lfb 24x1MB) SWAP 1604/4026MB (cached 173MB) CPU [14%@1224,15%@1224,16%@1224,15%@1224] EMC_FREQ 0% GR3D_FREQ 99% PLL@42.5C CPU@46.5C PMIC@50C GPU@44.5C AO@53.5C thermal@45.5C
2023-08-31 00:49:23 RAM 3463/3956MB (lfb 24x1MB) SWAP 1607/4026MB (cached 173MB) CPU [19%@1479,19%@1479,18%@1479,16%@1479] EMC_FREQ 0% GR3D_FREQ 99% PLL@43.5C CPU@47C PMIC@50C GPU@44.5C AO@54C thermal@45.5C
2023-08-31 00:50:23 RAM 3467/3956MB (lfb 24x1MB) SWAP 1610/4026MB (cached 173MB) CPU [19%@1479,19%@1479,21%@1479,24%@1479] EMC_FREQ 0% GR3D_FREQ 99% PLL@43.5C CPU@47.5C PMIC@50C GPU@44.5C AO@54.5C thermal@46C
2023-08-31 00:51:23 RAM 3459/3956MB (lfb 24x1MB) SWAP 1614/4026MB (cached 173MB) CPU [22%@1224,21%@1224,20%@1224,23%@1224] EMC_FREQ 0% GR3D_FREQ 99% PLL@42.5C CPU@47C PMIC@50C GPU@44.5C AO@54C thermal@46.25C
2023-08-31 00:52:23 RAM 3457/3956MB (lfb 24x1MB) SWAP 1616/4026MB (cached 173MB) CPU [18%@1224,16%@1224,16%@1224,15%@1224] EMC_FREQ 0% GR3D_FREQ 99% PLL@42.5C CPU@47C PMIC@50C GPU@44.5C AO@54C thermal@46C
2023-08-31 00:53:23 RAM 3466/3956MB (lfb 24x1MB) SWAP 1618/4026MB (cached 173MB) CPU [16%@1224,17%@1224,16%@1224,17%@1224] EMC_FREQ 0% GR3D_FREQ 99% PLL@43C CPU@47C PMIC@50C GPU@44.5C AO@54C thermal@46C
2023-08-31 00:54:23 RAM 3464/3956MB (lfb 24x1MB) SWAP 1620/4026MB (cached 173MB) CPU [21%@1224,20%@1224,22%@1224,20%@1224] EMC_FREQ 0% GR3D_FREQ 99% PLL@43C CPU@47C PMIC@50C GPU@44.5C AO@54C thermal@46C
2023-08-31 00:55:23 RAM 3455/3956MB (lfb 24x1MB) SWAP 1623/4026MB (cached 173MB) CPU [22%@1479,22%@1479,21%@1479,21%@1479] EMC_FREQ 0% GR3D_FREQ 99% PLL@43.5C CPU@48.5C PMIC@50C GPU@44.5C AO@54C thermal@46C
2023-08-31 00:56:23 RAM 3452/3956MB (lfb 24x1MB) SWAP 1628/4026MB (cached 173MB) CPU [17%@1479,17%@1479,17%@1479,18%@1479] EMC_FREQ 0% GR3D_FREQ 99% PLL@43C CPU@47.5C PMIC@50C GPU@45C AO@54C thermal@46.25C
2023-08-31 00:57:23 RAM 3457/3956MB (lfb 24x1MB) SWAP 1630/4026MB (cached 173MB) CPU [14%@1479,15%@1479,17%@1479,14%@1479] EMC_FREQ 0% GR3D_FREQ 99% PLL@43C CPU@49C PMIC@50C GPU@45C AO@54C thermal@47.25C
2023-08-31 00:58:23 RAM 3459/3956MB (lfb 24x1MB) SWAP 1631/4026MB (cached 173MB) CPU [21%@1479,19%@1479,22%@1479,21%@1479] EMC_FREQ 0% GR3D_FREQ 99% PLL@43C CPU@47.5C PMIC@50C GPU@44.5C AO@54C thermal@46C
2023-08-31 00:59:23 RAM 3453/3956MB (lfb 24x1MB) SWAP 1632/4026MB (cached 173MB) CPU [22%@1224,23%@1224,20%@1224,21%@1224] EMC_FREQ 0% GR3D_FREQ 99% PLL@43C CPU@47.5C PMIC@50C GPU@45C AO@54.5C thermal@46.25C
2023-08-31 01:00:23 RAM 3452/3956MB (lfb 24x1MB) SWAP 1635/4026MB (cached 173MB) CPU [17%@1224,19%@1224,20%@1224,18%@1224] EMC_FREQ 0% GR3D_FREQ 99% PLL@43C CPU@47C PMIC@50C GPU@45C AO@54C thermal@46C
2023-08-31 01:01:23 RAM 3456/3956MB (lfb 24x1MB) SWAP 1637/4026MB (cached 173MB) CPU [16%@1479,14%@1479,15%@1479,12%@1479] EMC_FREQ 0% GR3D_FREQ 99% PLL@43C CPU@48C PMIC@50C GPU@45C AO@55C thermal@45.75C
2023-08-31 01:02:23 RAM 3444/3956MB (lfb 24x1MB) SWAP 1635/4026MB (cached 173MB) CPU [19%@1224,23%@1224,22%@1224,22%@1224] EMC_FREQ 0% GR3D_FREQ 99% PLL@43.5C CPU@47.5C PMIC@50C GPU@45C AO@54.5C thermal@46.75C
2023-08-31 01:03:23 RAM 3445/3956MB (lfb 24x1MB) SWAP 1637/4026MB (cached 173MB) CPU [23%@1224,20%@1224,21%@1224,20%@1224] EMC_FREQ 0% GR3D_FREQ 99% PLL@43.5C CPU@47.5C PMIC@50C GPU@45.5C AO@54.5C thermal@46C
2023-08-31 01:04:23 RAM 3450/3956MB (lfb 24x1MB) SWAP 1640/4026MB (cached 173MB) CPU [26%@1224,18%@1224,19%@1224,16%@1224] EMC_FREQ 0% GR3D_FREQ 99% PLL@43C CPU@47.5C PMIC@50C GPU@45.5C AO@54.5C thermal@46.25C
2023-08-31 01:05:23 RAM 3449/3956MB (lfb 24x1MB) SWAP 1640/4026MB (cached 173MB) CPU [14%@1224,12%@1224,13%@1224,12%@1224] EMC_FREQ 0% GR3D_FREQ 99% PLL@43C CPU@48C PMIC@50C GPU@45C AO@54.5C thermal@46.25C
2023-08-31 01:06:23 RAM 3442/3956MB (lfb 30x1MB) SWAP 1642/4026MB (cached 172MB) CPU [20%@1479,21%@1479,23%@1479,22%@1479] EMC_FREQ 0% GR3D_FREQ 99% PLL@43.5C CPU@48C PMIC@50C GPU@45.5C AO@55C thermal@46C
2023-08-31 01:07:23 RAM 3444/3956MB (lfb 30x1MB) SWAP 1644/4026MB (cached 172MB) CPU [20%@1479,19%@1479,23%@1479,21%@1479] EMC_FREQ 0% GR3D_FREQ 99% PLL@44C CPU@48.5C PMIC@50C GPU@45.5C AO@55C thermal@46.75C
2023-08-31 01:08:23 RAM 3444/3956MB (lfb 30x1MB) SWAP 1648/4026MB (cached 172MB) CPU [21%@1224,19%@1224,23%@1224,20%@1224] EMC_FREQ 0% GR3D_FREQ 99% PLL@43.5C CPU@47.5C PMIC@50C GPU@45.5C AO@55C thermal@47.5C
2023-08-31 01:09:23 RAM 3436/3956MB (lfb 30x1MB) SWAP 1651/4026MB (cached 172MB) CPU [15%@1479,12%@1479,13%@1479,8%@1479] EMC_FREQ 0% GR3D_FREQ 99% PLL@43.5C CPU@48C PMIC@50C GPU@45C AO@55C thermal@46.75C
2023-08-31 01:10:23 RAM 3439/3956MB (lfb 30x1MB) SWAP 1653/4026MB (cached 172MB) CPU [20%@1224,23%@1224,21%@1224,17%@1224] EMC_FREQ 0% GR3D_FREQ 99% PLL@43C CPU@47.5C PMIC@50C GPU@45.5C AO@54C thermal@47.5C
2023-08-31 01:11:23 RAM 3441/3956MB (lfb 30x1MB) SWAP 1655/4026MB (cached 172MB) CPU [20%@1224,20%@1224,24%@1224,19%@1224] EMC_FREQ 0% GR3D_FREQ 99% PLL@43.5C CPU@48C PMIC@50C GPU@45.5C AO@54.5C thermal@46.75C
2023-08-31 01:12:23 RAM 3440/3956MB (lfb 30x1MB) SWAP 1658/4026MB (cached 172MB) CPU [19%@1224,24%@1224,20%@1224,21%@1224] EMC_FREQ 0% GR3D_FREQ 99% PLL@43.5C CPU@48C PMIC@50C GPU@45.5C AO@54.5C thermal@46.25C
2023-08-31 01:13:23 RAM 3428/3956MB (lfb 30x1MB) SWAP 1661/4026MB (cached 172MB) CPU [9%@1479,15%@1479,12%@1479,12%@1479] EMC_FREQ 0% GR3D_FREQ 99% PLL@43C CPU@47.5C PMIC@50C GPU@45.5C AO@54.5C thermal@46.25C
2023-08-31 01:14:23 RAM 3430/3956MB (lfb 30x1MB) SWAP 1662/4026MB (cached 172MB) CPU [20%@1479,23%@1479,19%@1479,22%@1479] EMC_FREQ 0% GR3D_FREQ 99% PLL@44C CPU@48C PMIC@50C GPU@45C AO@55C thermal@47C
2023-08-31 01:15:23 RAM 3432/3956MB (lfb 30x1MB) SWAP 1664/4026MB (cached 172MB) CPU [20%@1224,21%@1224,22%@1224,20%@1224] EMC_FREQ 0% GR3D_FREQ 99% PLL@43.5C CPU@48C PMIC@50C GPU@45.5C AO@55C thermal@47C
2023-08-31 01:16:23 RAM 3425/3956MB (lfb 30x1MB) SWAP 1664/4026MB (cached 172MB) CPU [21%@1479,20%@1479,22%@1479,22%@1479] EMC_FREQ 0% GR3D_FREQ 99% PLL@44.5C CPU@48.5C PMIC@50C GPU@45.5C AO@55C thermal@47.75C
2023-08-31 01:17:23 RAM 3424/3956MB (lfb 30x1MB) SWAP 1664/4026MB (cached 172MB) CPU [13%@1224,10%@1224,13%@1224,13%@1224] EMC_FREQ 0% GR3D_FREQ 99% PLL@43.5C CPU@48C PMIC@50C GPU@45.5C AO@54.5C thermal@46.75C
2023-08-31 01:18:23 RAM 3432/3956MB (lfb 30x1MB) SWAP 1664/4026MB (cached 172MB) CPU [22%@1224,19%@1224,18%@1224,18%@1224] EMC_FREQ 0% GR3D_FREQ 99% PLL@44C CPU@48C PMIC@50C GPU@45.5C AO@55C thermal@47.75C
2023-08-31 01:19:23 RAM 3435/3956MB (lfb 30x1MB) SWAP 1664/4026MB (cached 172MB) CPU [19%@1479,19%@1479,23%@1479,22%@1479] EMC_FREQ 0% GR3D_FREQ 99% PLL@44C CPU@49C PMIC@50C GPU@46C AO@55.5C thermal@47C
2023-08-31 01:20:23 RAM 3423/3956MB (lfb 30x1MB) SWAP 1670/4026MB (cached 172MB) CPU [20%@1479,19%@1479,24%@1479,22%@1479] EMC_FREQ 0% GR3D_FREQ 99% PLL@44.5C CPU@48.5C PMIC@50C GPU@45.5C AO@55C thermal@47C
2023-08-31 01:21:23 RAM 3419/3956MB (lfb 30x1MB) SWAP 1675/4026MB (cached 172MB) CPU [16%@1479,13%@1479,14%@1479,14%@1479] EMC_FREQ 0% GR3D_FREQ 99% PLL@44C CPU@48C PMIC@50C GPU@46C AO@54.5C thermal@46.5C
2023-08-31 01:22:23 RAM 3423/3956MB (lfb 30x1MB) SWAP 1677/4026MB (cached 172MB) CPU [19%@1479,18%@1479,18%@1479,17%@1479] EMC_FREQ 0% GR3D_FREQ 99% PLL@44C CPU@48.5C PMIC@50C GPU@46C AO@55C thermal@46.75C
2023-08-31 01:23:23 RAM 3416/3956MB (lfb 30x1MB) SWAP 1677/4026MB (cached 172MB) CPU [20%@1479,22%@1479,21%@1479,21%@1479] EMC_FREQ 0% GR3D_FREQ 72% PLL@44C CPU@48.5C PMIC@50C GPU@46C AO@55C thermal@46.75C
2023-08-31 01:24:23 RAM 3420/3956MB (lfb 30x1MB) SWAP 1677/4026MB (cached 172MB) CPU [23%@1224,20%@1224,20%@1224,20%@1224] EMC_FREQ 0% GR3D_FREQ 99% PLL@44C CPU@48C PMIC@50C GPU@45.5C AO@55C thermal@47.25C
2023-08-31 01:25:23 RAM 3420/3956MB (lfb 43x1MB) SWAP 1682/4026MB (cached 172MB) CPU [17%@1479,16%@1479,15%@1479,15%@1479] EMC_FREQ 0% GR3D_FREQ 99% PLL@43.5C CPU@48C PMIC@50C GPU@45.5C AO@54.5C thermal@46.75C
2023-08-31 01:26:23 RAM 3426/3956MB (lfb 43x1MB) SWAP 1683/4026MB (cached 171MB) CPU [17%@1224,17%@1224,17%@1224,15%@1224] EMC_FREQ 0% GR3D_FREQ 99% PLL@43.5C CPU@48C PMIC@50C GPU@45C AO@54.5C thermal@46.25C
2023-08-31 01:27:23 RAM 3419/3956MB (lfb 43x1MB) SWAP 1683/4026MB (cached 171MB) CPU [24%@1224,22%@1224,16%@1224,24%@1224] EMC_FREQ 0% GR3D_FREQ 99% PLL@44C CPU@48C PMIC@50C GPU@46C AO@55C thermal@47.25C
2023-08-31 01:28:23 RAM 3420/3956MB (lfb 43x1MB) SWAP 1683/4026MB (cached 171MB) CPU [23%@1224,19%@1224,20%@1224,20%@1224] EMC_FREQ 0% GR3D_FREQ 99% PLL@44C CPU@48.5C PMIC@50C GPU@45.5C AO@55C thermal@46.75C
2023-08-31 01:29:23 RAM 3423/3956MB (lfb 43x1MB) SWAP 1683/4026MB (cached 171MB) CPU [18%@1224,18%@1224,14%@1224,17%@1224] EMC_FREQ 0% GR3D_FREQ 99% PLL@43.5C CPU@47.5C PMIC@50C GPU@45C AO@54.5C thermal@47C
2023-08-31 01:30:23 RAM 3418/3956MB (lfb 43x1MB) SWAP 1683/4026MB (cached 171MB) CPU [16%@1224,17%@1224,15%@1224,15%@1224] EMC_FREQ 0% GR3D_FREQ 99% PLL@43.5C CPU@48C PMIC@50C GPU@45C AO@55C thermal@46.5C
2023-08-31 01:31:23 RAM 3421/3956MB (lfb 43x1MB) SWAP 1683/4026MB (cached 171MB) CPU [21%@1224,19%@1224,22%@1224,20%@1224] EMC_FREQ 0% GR3D_FREQ 99% PLL@44C CPU@48C PMIC@50C GPU@45C AO@54.5C thermal@47.25C
2023-08-31 01:32:23 RAM 3425/3956MB (lfb 43x1MB) SWAP 1683/4026MB (cached 171MB) CPU [19%@1224,22%@1224,20%@1224,21%@1224] EMC_FREQ 0% GR3D_FREQ 99% PLL@44C CPU@48C PMIC@50C GPU@45.5C AO@55C thermal@47C
2023-08-31 01:33:23 RAM 3427/3956MB (lfb 43x1MB) SWAP 1683/4026MB (cached 171MB) CPU [19%@1224,22%@1224,18%@1224,13%@1224] EMC_FREQ 0% GR3D_FREQ 99% PLL@43.5C CPU@48.5C PMIC@50C GPU@46C AO@54.5C thermal@46.75C
2023-08-31 01:34:23 RAM 3422/3956MB (lfb 43x1MB) SWAP 1683/4026MB (cached 171MB) CPU [14%@1224,13%@1224,17%@1224,13%@1224] EMC_FREQ 0% GR3D_FREQ 99% PLL@44C CPU@48C PMIC@50C GPU@45.5C AO@54.5C thermal@47.5C
2023-08-31 01:35:23 RAM 3425/3956MB (lfb 43x1MB) SWAP 1678/4026MB (cached 171MB) CPU [20%@1224,18%@1224,23%@1224,21%@1224] EMC_FREQ 0% GR3D_FREQ 99% PLL@44C CPU@48C PMIC@50C GPU@46C AO@55C thermal@46.75C
2023-08-31 01:36:23 RAM 3430/3956MB (lfb 43x1MB) SWAP 1678/4026MB (cached 171MB) CPU [21%@1224,20%@1224,20%@1224,21%@1224] EMC_FREQ 0% GR3D_FREQ 99% PLL@44C CPU@48C PMIC@50C GPU@45.5C AO@54.5C thermal@47.25C
2023-08-31 01:37:23 RAM 3422/3956MB (lfb 43x1MB) SWAP 1678/4026MB (cached 171MB) CPU [23%@1224,19%@1224,16%@1224,21%@1224] EMC_FREQ 0% GR3D_FREQ 99% PLL@43.5C CPU@47.5C PMIC@50C GPU@45.5C AO@54.5C thermal@46.75C
2023-08-31 01:38:23 RAM 3425/3956MB (lfb 43x1MB) SWAP 1678/4026MB (cached 171MB) CPU [13%@1224,12%@1224,11%@1224,13%@1224] EMC_FREQ 0% GR3D_FREQ 99% PLL@43.5C CPU@48C PMIC@50C GPU@45C AO@54.5C thermal@46.5C
2023-08-31 01:39:23 RAM 3428/3956MB (lfb 43x1MB) SWAP 1678/4026MB (cached 171MB) CPU [16%@1479,22%@1479,20%@1479,23%@1479] EMC_FREQ 0% GR3D_FREQ 99% PLL@44C CPU@48C PMIC@50C GPU@45.5C AO@54.5C thermal@46.75C
2023-08-31 01:40:23 RAM 3430/3956MB (lfb 43x1MB) SWAP 1678/4026MB (cached 171MB) CPU [19%@1224,19%@1224,23%@1224,21%@1224] EMC_FREQ 0% GR3D_FREQ 99% PLL@43.5C CPU@48C PMIC@50C GPU@45.5C AO@54.5C thermal@46.5C
2023-08-31 01:41:23 RAM 3424/3956MB (lfb 43x1MB) SWAP 1678/4026MB (cached 171MB) CPU [23%@1224,20%@1224,20%@1224,21%@1224] EMC_FREQ 0% GR3D_FREQ 99% PLL@43.5C CPU@48C PMIC@50C GPU@46C AO@55C thermal@47.5C
2023-08-31 01:42:23 RAM 3428/3956MB (lfb 43x1MB) SWAP 1678/4026MB (cached 171MB) CPU [13%@1224,12%@1224,10%@1224,11%@1224] EMC_FREQ 0% GR3D_FREQ 99% PLL@43C CPU@48C PMIC@50C GPU@45.5C AO@54.5C thermal@46.75C
2023-08-31 01:43:23 RAM 3407/3956MB (lfb 45x1MB) SWAP 1675/4026MB (cached 170MB) CPU [20%@1479,22%@1479,21%@1479,23%@1479] EMC_FREQ 0% GR3D_FREQ 99% PLL@44C CPU@48.5C PMIC@50C GPU@45.5C AO@55C thermal@46.75C
2023-08-31 01:44:23 RAM 3405/3956MB (lfb 47x1MB) SWAP 1674/4026MB (cached 170MB) CPU [21%@1224,23%@1224,21%@1224,20%@1224] EMC_FREQ 0% GR3D_FREQ 99% PLL@43.5C CPU@48.5C PMIC@50C GPU@46C AO@55C thermal@47C
2023-08-31 01:45:23 RAM 3407/3956MB (lfb 47x1MB) SWAP 1674/4026MB (cached 170MB) CPU [19%@1479,23%@1479,19%@1479,20%@1479] EMC_FREQ 0% GR3D_FREQ 99% PLL@44C CPU@50C PMIC@50C GPU@46C AO@55.5C thermal@46.5C
2023-08-31 01:46:23 RAM 3403/3956MB (lfb 47x1MB) SWAP 1674/4026MB (cached 170MB) CPU [9%@1479,14%@1479,11%@1479,12%@1479] EMC_FREQ 0% GR3D_FREQ 99% PLL@44C CPU@48.5C PMIC@50C GPU@46C AO@55C thermal@46.75C
2023-08-31 01:47:23 RAM 3411/3956MB (lfb 47x1MB) SWAP 1674/4026MB (cached 170MB) CPU [21%@1479,20%@1479,19%@1479,23%@1479] EMC_FREQ 0% GR3D_FREQ 99% PLL@44.5C CPU@48C PMIC@50C GPU@46C AO@55.5C thermal@46.75C
2023-08-31 01:48:23 RAM 3404/3956MB (lfb 47x1MB) SWAP 1674/4026MB (cached 170MB) CPU [20%@1224,24%@1224,19%@1224,21%@1224] EMC_FREQ 0% GR3D_FREQ 99% PLL@44C CPU@48.5C PMIC@50C GPU@46C AO@55C thermal@47.25C
2023-08-31 01:49:23 RAM 3405/3956MB (lfb 47x1MB) SWAP 1674/4026MB (cached 170MB) CPU [20%@1479,24%@1479,18%@1479,20%@1479] EMC_FREQ 0% GR3D_FREQ 99% PLL@44.5C CPU@48.5C PMIC@50C GPU@46C AO@56C thermal@47.5C
2023-08-31 01:50:23 RAM 3413/3956MB (lfb 47x1MB) SWAP 1674/4026MB (cached 170MB) CPU [15%@1224,17%@1224,11%@1224,11%@1224] EMC_FREQ 0% GR3D_FREQ 99% PLL@44C CPU@48.5C PMIC@50C GPU@46.5C AO@56C thermal@47.5C
2023-08-31 01:51:23 RAM 3406/3956MB (lfb 47x1MB) SWAP 1674/4026MB (cached 170MB) CPU [21%@1224,22%@1224,17%@1224,18%@1224] EMC_FREQ 0% GR3D_FREQ 99% PLL@44.5C CPU@49C PMIC@50C GPU@47C AO@56.5C thermal@48.75C
2023-08-31 01:52:23 RAM 3407/3956MB (lfb 47x1MB) SWAP 1674/4026MB (cached 170MB) CPU [21%@1224,25%@1224,21%@1224,17%@1224] EMC_FREQ 0% GR3D_FREQ 99% PLL@45C CPU@49.5C PMIC@50C GPU@47C AO@56.5C thermal@48.25C
2023-08-31 01:53:23 RAM 3411/3956MB (lfb 47x1MB) SWAP 1674/4026MB (cached 170MB) CPU [21%@1479,22%@1479,18%@1479,21%@1479] EMC_FREQ 0% GR3D_FREQ 99% PLL@46C CPU@51.5C PMIC@50C GPU@47.5C AO@56.5C thermal@48.25C
2023-08-31 01:54:23 RAM 3415/3956MB (lfb 47x1MB) SWAP 1674/4026MB (cached 170MB) CPU [16%@1224,12%@1224,16%@1224,14%@1224] EMC_FREQ 0% GR3D_FREQ 99% PLL@45C CPU@49.5C PMIC@50C GPU@47C AO@56C thermal@48.25C
2023-08-31 01:55:23 RAM 3411/3956MB (lfb 47x1MB) SWAP 1674/4026MB (cached 170MB) CPU [18%@1224,17%@1224,20%@1224,18%@1224] EMC_FREQ 0% GR3D_FREQ 99% PLL@45.5C CPU@50C PMIC@50C GPU@47C AO@56.5C thermal@48.25C
2023-08-31 01:56:23 RAM 3413/3956MB (lfb 47x1MB) SWAP 1674/4026MB (cached 170MB) CPU [21%@1479,19%@1479,22%@1479,19%@1479] EMC_FREQ 0% GR3D_FREQ 99% PLL@45.5C CPU@49.5C PMIC@50C GPU@47C AO@56.5C thermal@48.5C
2023-08-31 01:57:23 RAM 3414/3956MB (lfb 47x1MB) SWAP 1674/4026MB (cached 170MB) CPU [20%@1224,20%@1224,22%@1224,21%@1224] EMC_FREQ 0% GR3D_FREQ 99% PLL@45C CPU@49.5C PMIC@50C GPU@47C AO@56C thermal@49C
2023-08-31 01:58:23 RAM 3404/3956MB (lfb 47x1MB) SWAP 1674/4026MB (cached 170MB) CPU [18%@1224,18%@1224,18%@1224,13%@1224] EMC_FREQ 0% GR3D_FREQ 99% PLL@45C CPU@49.5C PMIC@50C GPU@47C AO@56C thermal@48.5C
2023-08-31 01:59:23 RAM 3411/3956MB (lfb 47x1MB) SWAP 1674/4026MB (cached 170MB) CPU [16%@1479,19%@1479,17%@1479,12%@1479] EMC_FREQ 0% GR3D_FREQ 99% PLL@46C CPU@50C PMIC@50C GPU@47C AO@56.5C thermal@48.25C
2023-08-31 02:00:23 RAM 3414/3956MB (lfb 47x1MB) SWAP 1674/4026MB (cached 170MB) CPU [23%@1224,23%@1224,20%@1224,16%@1224] EMC_FREQ 0% GR3D_FREQ 99% PLL@45.5C CPU@49.5C PMIC@50C GPU@47C AO@56.5C thermal@48.25C
2023-08-31 02:01:23 RAM 3413/3956MB (lfb 47x1MB) SWAP 1674/4026MB (cached 170MB) CPU [20%@1479,23%@1479,23%@1479,21%@1479] EMC_FREQ 0% GR3D_FREQ 99% PLL@46C CPU@50.5C PMIC@50C GPU@47C AO@56.5C thermal@48.5C
2023-08-31 02:02:23 RAM 3411/3956MB (lfb 47x1MB) SWAP 1674/4026MB (cached 170MB) CPU [18%@1224,17%@1224,19%@1224,17%@1224] EMC_FREQ 0% GR3D_FREQ 99% PLL@45C CPU@49.5C PMIC@50C GPU@46.5C AO@56.5C thermal@48.25C
2023-08-31 02:03:23 RAM 3413/3956MB (lfb 41x1MB) SWAP 1674/4026MB (cached 170MB) CPU [13%@1479,15%@1479,14%@1479,14%@1479] EMC_FREQ 0% GR3D_FREQ 68% PLL@45C CPU@49.5C PMIC@50C GPU@46.5C AO@56.5C thermal@48.25C
2023-08-31 02:04:23 RAM 3415/3956MB (lfb 41x1MB) SWAP 1674/4026MB (cached 170MB) CPU [21%@1479,21%@1479,20%@1479,21%@1479] EMC_FREQ 0% GR3D_FREQ 99% PLL@45.5C CPU@50C PMIC@50C GPU@47C AO@56.5C thermal@49C
2023-08-31 02:05:23 RAM 3412/3956MB (lfb 41x1MB) SWAP 1674/4026MB (cached 170MB) CPU [19%@1479,26%@1479,18%@1479,21%@1479] EMC_FREQ 0% GR3D_FREQ 99% PLL@45.5C CPU@50.5C PMIC@50C GPU@47.5C AO@57C thermal@49C
2023-08-31 02:06:23 RAM 3414/3956MB (lfb 41x1MB) SWAP 1674/4026MB (cached 170MB) CPU [15%@1224,24%@1224,19%@1224,19%@1224] EMC_FREQ 0% GR3D_FREQ 99% PLL@45.5C CPU@50C PMIC@50C GPU@47C AO@56.5C thermal@48.5C
2023-08-31 02:07:23 RAM 3419/3956MB (lfb 41x1MB) SWAP 1674/4026MB (cached 170MB) CPU [15%@1224,13%@1224,12%@1224,12%@1224] EMC_FREQ 0% GR3D_FREQ 99% PLL@45.5C CPU@50C PMIC@50C GPU@47C AO@56.5C thermal@48.25C
2023-08-31 02:08:23 RAM 3422/3956MB (lfb 41x1MB) SWAP 1669/4026MB (cached 170MB) CPU [22%@1224,21%@1224,19%@1224,21%@1224] EMC_FREQ 0% GR3D_FREQ 99% PLL@45.5C CPU@50.5C PMIC@50C GPU@47.5C AO@56.5C thermal@48.5C
2023-08-31 02:09:23 RAM 3413/3956MB (lfb 41x1MB) SWAP 1669/4026MB (cached 170MB) CPU [21%@1224,22%@1224,21%@1224,22%@1224] EMC_FREQ 0% GR3D_FREQ 99% PLL@45.5C CPU@50C PMIC@50C GPU@47.5C AO@57C thermal@48.25C
2023-08-31 02:10:23 RAM 3419/3956MB (lfb 41x1MB) SWAP 1669/4026MB (cached 170MB) CPU [20%@1224,22%@1224,21%@1224,21%@1224] EMC_FREQ 0% GR3D_FREQ 99% PLL@45.5C CPU@50C PMIC@50C GPU@47.5C AO@57C thermal@48.5C
2023-08-31 02:11:23 RAM 3419/3956MB (lfb 41x1MB) SWAP 1669/4026MB (cached 170MB) CPU [13%@1224,13%@1224,10%@1224,11%@1224] EMC_FREQ 0% GR3D_FREQ 99% PLL@45C CPU@50C PMIC@50C GPU@47.5C AO@57C thermal@48.25C
2023-08-31 02:12:23 RAM 3413/3956MB (lfb 41x1MB) SWAP 1669/4026MB (cached 170MB) CPU [25%@1224,21%@1224,20%@1224,20%@1224] EMC_FREQ 0% GR3D_FREQ 99% PLL@45C CPU@49.5C PMIC@50C GPU@47C AO@57C thermal@48.5C
2023-08-31 02:13:23 RAM 3411/3956MB (lfb 41x1MB) SWAP 1669/4026MB (cached 170MB) CPU [23%@1224,21%@1224,20%@1224,19%@1224] EMC_FREQ 0% GR3D_FREQ 99% PLL@45.5C CPU@50C PMIC@50C GPU@47C AO@57C thermal@49.5C
2023-08-31 02:14:23 RAM 3417/3956MB (lfb 41x1MB) SWAP 1669/4026MB (cached 170MB) CPU [23%@1326,18%@1326,21%@1326,21%@1326] EMC_FREQ 0% GR3D_FREQ 99% PLL@45.5C CPU@51C PMIC@50C GPU@47.5C AO@57C thermal@49C
2023-08-31 02:15:23 RAM 3416/3956MB (lfb 41x1MB) SWAP 1669/4026MB (cached 170MB) CPU [9%@1224,15%@1224,11%@1224,11%@1224] EMC_FREQ 0% GR3D_FREQ 99% PLL@45C CPU@49.5C PMIC@50C GPU@47C AO@56.5C thermal@48.5C
2023-08-31 02:16:23 RAM 3411/3956MB (lfb 41x1MB) SWAP 1669/4026MB (cached 170MB) CPU [19%@1224,20%@1224,23%@1224,22%@1224] EMC_FREQ 0% GR3D_FREQ 99% PLL@44.5C CPU@49C PMIC@50C GPU@47C AO@56.5C thermal@48C
2023-08-31 02:17:23 RAM 3412/3956MB (lfb 41x1MB) SWAP 1669/4026MB (cached 170MB) CPU [19%@1224,20%@1224,24%@1224,21%@1224] EMC_FREQ 0% GR3D_FREQ 99% PLL@45C CPU@49.5C PMIC@50C GPU@46.5C AO@56C thermal@47.75C
2023-08-31 02:18:23 RAM 3416/3956MB (lfb 41x1MB) SWAP 1669/4026MB (cached 170MB) CPU [18%@1224,21%@1224,21%@1224,24%@1224] EMC_FREQ 0% GR3D_FREQ 99% PLL@45.5C CPU@50C PMIC@50C GPU@46.5C AO@56.5C thermal@47.75C
2023-08-31 02:19:23 RAM 3409/3956MB (lfb 41x1MB) SWAP 1669/4026MB (cached 170MB) CPU [14%@1224,13%@1224,15%@1224,12%@1224] EMC_FREQ 0% GR3D_FREQ 99% PLL@44.5C CPU@48.5C PMIC@50C GPU@46C AO@56.5C thermal@47.75C
2023-08-31 02:20:23 RAM 3411/3956MB (lfb 41x1MB) SWAP 1669/4026MB (cached 170MB) CPU [19%@1224,20%@1224,19%@1224,19%@1224] EMC_FREQ 0% GR3D_FREQ 99% PLL@44C CPU@49C PMIC@50C GPU@46.5C AO@56C thermal@47.5C
2023-08-31 02:21:23 RAM 3417/3956MB (lfb 41x1MB) SWAP 1669/4026MB (cached 170MB) CPU [19%@1479,24%@1479,22%@1479,20%@1479] EMC_FREQ 0% GR3D_FREQ 99% PLL@45C CPU@49C PMIC@50C GPU@46.5C AO@56.5C thermal@47.5C
2023-08-31 02:22:23 RAM 3409/3956MB (lfb 41x1MB) SWAP 1669/4026MB (cached 170MB) CPU [20%@1479,18%@1479,25%@1479,21%@1479] EMC_FREQ 0% GR3D_FREQ 99% PLL@45C CPU@49.5C PMIC@50C GPU@46.5C AO@56.5C thermal@48.75C
2023-08-31 02:23:23 RAM 3410/3956MB (lfb 41x1MB) SWAP 1670/4026MB (cached 170MB) CPU [12%@1224,15%@1224,18%@1224,15%@1224] EMC_FREQ 0% GR3D_FREQ 99% PLL@44.5C CPU@49.5C PMIC@50C GPU@46.5C AO@56C thermal@47.5C
2023-08-31 02:24:23 RAM 3417/3956MB (lfb 41x1MB) SWAP 1671/4026MB (cached 170MB) CPU [17%@1224,18%@1224,18%@1224,19%@1224] EMC_FREQ 0% GR3D_FREQ 99% PLL@44.5C CPU@49C PMIC@50C GPU@46.5C AO@56C thermal@47.75C
2023-08-31 02:25:23 RAM 3418/3956MB (lfb 41x1MB) SWAP 1672/4026MB (cached 170MB) CPU [22%@1479,22%@1479,18%@1479,21%@1479] EMC_FREQ 0% GR3D_FREQ 99% PLL@45C CPU@50C PMIC@50C GPU@46.5C AO@56.5C thermal@47.5C
2023-08-31 02:26:23 RAM 3412/3956MB (lfb 41x1MB) SWAP 1674/4026MB (cached 170MB) CPU [20%@1479,23%@1479,21%@1479,21%@1479] EMC_FREQ 0% GR3D_FREQ 99% PLL@45C CPU@49C PMIC@50C GPU@46.5C AO@56C thermal@47.75C
2023-08-31 02:27:23 RAM 3411/3956MB (lfb 41x1MB) SWAP 1679/4026MB (cached 170MB) CPU [16%@1479,19%@1479,15%@1479,17%@1479] EMC_FREQ 0% GR3D_FREQ 99% PLL@44C CPU@49C PMIC@50C GPU@46.5C AO@56C thermal@47.25C
2023-08-31 02:28:23 RAM 3414/3956MB (lfb 41x1MB) SWAP 1682/4026MB (cached 170MB) CPU [16%@1479,15%@1479,17%@1479,17%@1479] EMC_FREQ 0% GR3D_FREQ 99% PLL@45C CPU@49C PMIC@50C GPU@46.5C AO@56C thermal@47.75C
2023-08-31 02:29:23 RAM 3404/3956MB (lfb 39x1MB) SWAP 1684/4026MB (cached 170MB) CPU [20%@1479,25%@1479,20%@1479,20%@1479] EMC_FREQ 0% GR3D_FREQ 99% PLL@45C CPU@49.5C PMIC@50C GPU@46.5C AO@56C thermal@47.75C
2023-08-31 02:30:23 RAM 3409/3956MB (lfb 39x1MB) SWAP 1685/4026MB (cached 170MB) CPU [18%@1479,23%@1479,21%@1479,22%@1479] EMC_FREQ 0% GR3D_FREQ 99% PLL@45C CPU@49C PMIC@50C GPU@46.5C AO@56C thermal@47.5C
2023-08-31 02:31:23 RAM 3410/3956MB (lfb 39x1MB) SWAP 1687/4026MB (cached 170MB) CPU [16%@1479,19%@1479,19%@1479,18%@1479] EMC_FREQ 0% GR3D_FREQ 99% PLL@44.5C CPU@48.5C PMIC@50C GPU@47C AO@56C thermal@47.75C
2023-08-31 02:32:23 RAM 3412/3956MB (lfb 39x1MB) SWAP 1689/4026MB (cached 170MB) CPU [12%@1224,17%@1224,16%@1224,15%@1224] EMC_FREQ 0% GR3D_FREQ 99% PLL@45.5C CPU@50C PMIC@50C GPU@46.5C AO@56C thermal@47.25C
2023-08-31 02:33:23 RAM 3403/3956MB (lfb 39x1MB) SWAP 1691/4026MB (cached 170MB) CPU [24%@1479,19%@1479,22%@1479,20%@1479] EMC_FREQ 0% GR3D_FREQ 99% PLL@44.5C CPU@49.5C PMIC@50C GPU@46.5C AO@56C thermal@47.75C
2023-08-31 02:34:23 RAM 3406/3956MB (lfb 39x1MB) SWAP 1692/4026MB (cached 171MB) CPU [20%@1224,22%@1224,23%@1224,21%@1224] EMC_FREQ 0% GR3D_FREQ 99% PLL@45C CPU@49.5C PMIC@50C GPU@46.5C AO@56C thermal@47.75C
2023-08-31 02:35:23 RAM 3408/3956MB (lfb 39x1MB) SWAP 1695/4026MB (cached 171MB) CPU [22%@1224,21%@1224,19%@1224,19%@1224] EMC_FREQ 0% GR3D_FREQ 99% PLL@44.5C CPU@49C PMIC@50C GPU@46.5C AO@55.5C thermal@48.5C
2023-08-31 02:36:23 RAM 3407/3956MB (lfb 39x1MB) SWAP 1696/4026MB (cached 171MB) CPU [14%@1224,12%@1224,9%@1224,10%@1224] EMC_FREQ 0% GR3D_FREQ 99% PLL@44C CPU@48.5C PMIC@50C GPU@46C AO@55.5C thermal@47.25C
2023-08-31 02:37:23 RAM 3499/3956MB (lfb 8x1MB) SWAP 1717/4026MB (cached 176MB) CPU [11%@1479,7%@1479,9%@1479,5%@1479] EMC_FREQ 0% GR3D_FREQ 0% PLL@42C CPU@46C PMIC@50C GPU@43C AO@53C thermal@44.75C
2023-08-31 02:38:23 RAM 2120/3956MB (lfb 23x4MB) SWAP 1013/4026MB (cached 175MB) CPU [8%@1224,4%@1224,6%@1224,3%@1224] EMC_FREQ 0% GR3D_FREQ 0% PLL@37.5C CPU@41C PMIC@50C GPU@39.5C AO@48C thermal@39.25C
2023-08-31 02:39:23 RAM 2124/3956MB (lfb 23x4MB) SWAP 1011/4026MB (cached 181MB) CPU [6%@1224,4%@1224,5%@1224,5%@1224] EMC_FREQ 0% GR3D_FREQ 0% PLL@34.5C CPU@37.5C PMIC@50C GPU@36.5C AO@45C thermal@36.5C
2023-08-31 02:40:23 RAM 2104/3956MB (lfb 23x4MB) SWAP 1011/4026MB (cached 181MB) CPU [2%@1224,0%@1224,0%@1224,0%@1224] EMC_FREQ 0% GR3D_FREQ 0% PLL@31.5C CPU@34C PMIC@50C GPU@33.5C AO@42.5C thermal@33.75C
2023-08-31 02:41:23 RAM 2104/3956MB (lfb 23x4MB) SWAP 1011/4026MB (cached 181MB) CPU [1%@1224,1%@1224,0%@1224,0%@1224] EMC_FREQ 0% GR3D_FREQ 0% PLL@30C CPU@32.5C PMIC@50C GPU@32C AO@40C thermal@32C
2023-08-31 02:42:23 RAM 2105/3956MB (lfb 23x4MB) SWAP 1011/4026MB (cached 181MB) CPU [2%@1224,0%@1224,0%@1224,0%@1224] EMC_FREQ 0% GR3D_FREQ 0% PLL@28C CPU@31C PMIC@50C GPU@30C AO@38.5C thermal@30.75C
2023-08-31 02:43:23 RAM 2106/3956MB (lfb 23x4MB) SWAP 1011/4026MB (cached 181MB) CPU [1%@1224,0%@1224,0%@1224,0%@1224] EMC_FREQ 0% GR3D_FREQ 0% PLL@27C CPU@30.5C PMIC@50C GPU@29C AO@37.5C thermal@29.5C
2023-08-31 02:44:23 RAM 2106/3956MB (lfb 23x4MB) SWAP 1008/4026MB (cached 181MB) CPU [1%@1224,1%@1224,0%@1224,0%@1224] EMC_FREQ 0% GR3D_FREQ 0% PLL@26.5C CPU@29C PMIC@50C GPU@28.5C AO@37C thermal@29C
2023-08-31 02:45:23 RAM 2107/3956MB (lfb 23x4MB) SWAP 1008/4026MB (cached 181MB) CPU [1%@1224,0%@1224,0%@1224,0%@1224] EMC_FREQ 0% GR3D_FREQ 0% PLL@25.5C CPU@28.5C PMIC@50C GPU@27.5C AO@36C thermal@28.25C
2023-08-31 02:46:23 RAM 2108/3956MB (lfb 23x4MB) SWAP 1008/4026MB (cached 181MB) CPU [1%@1224,0%@1224,0%@1224,0%@1224] EMC_FREQ 0% GR3D_FREQ 0% PLL@25C CPU@28.5C PMIC@50C GPU@27C AO@35.5C thermal@27.5C
2023-08-31 02:47:23 RAM 2117/3956MB (lfb 23x4MB) SWAP 1003/4026MB (cached 185MB) CPU [3%@102,1%@102,2%@102,1%@102] EMC_FREQ 0% GR3D_FREQ 0% PLL@25C CPU@28C PMIC@50C GPU@27C AO@35C thermal@27.5C
2023-08-31 02:48:23 RAM 2108/3956MB (lfb 23x4MB) SWAP 1003/4026MB (cached 185MB) CPU [7%@102,7%@102,3%@102,3%@102] EMC_FREQ 0% GR3D_FREQ 0% PLL@24.5C CPU@27.5C PMIC@50C GPU@26.5C AO@35C thermal@27C
2023-08-31 02:49:23 RAM 2110/3956MB (lfb 23x4MB) SWAP 1003/4026MB (cached 185MB) CPU [5%@102,7%@102,4%@102,3%@102] EMC_FREQ 0% GR3D_FREQ 0% PLL@24.5C CPU@27C PMIC@50C GPU@26.5C AO@35C thermal@26.5C
2023-08-31 02:50:23 RAM 2110/3956MB (lfb 23x4MB) SWAP 1003/4026MB (cached 185MB) CPU [7%@102,6%@102,3%@102,3%@102] EMC_FREQ 0% GR3D_FREQ 0% PLL@24C CPU@27C PMIC@50C GPU@26C AO@34.5C thermal@26.75C
2023-08-31 02:51:23 RAM 2110/3956MB (lfb 23x4MB) SWAP 1003/4026MB (cached 185MB) CPU [8%@102,6%@102,2%@102,3%@102] EMC_FREQ 0% GR3D_FREQ 0% PLL@24.5C CPU@27.5C PMIC@50C GPU@26.5C AO@34.5C thermal@26.75C
2023-08-31 02:52:23 RAM 2110/3956MB (lfb 23x4MB) SWAP 1003/4026MB (cached 185MB) CPU [4%@102,8%@102,3%@102,3%@102] EMC_FREQ 0% GR3D_FREQ 0% PLL@24C CPU@27C PMIC@50C GPU@26C AO@34.5C thermal@26.5C
2023-08-31 02:53:24 RAM 2112/3956MB (lfb 23x4MB) SWAP 1003/4026MB (cached 185MB) CPU [5%@102,8%@102,2%@102,3%@102] EMC_FREQ 0% GR3D_FREQ 0% PLL@23.5C CPU@26.5C PMIC@50C GPU@25.5C AO@34C thermal@26.5C
2023-08-31 02:54:24 RAM 2113/3956MB (lfb 23x4MB) SWAP 1003/4026MB (cached 185MB) CPU [6%@102,7%@102,3%@102,3%@102] EMC_FREQ 0% GR3D_FREQ 0% PLL@24C CPU@26.5C PMIC@50C GPU@26C AO@34.5C thermal@26.25C
2023-08-31 02:55:24 RAM 2112/3956MB (lfb 23x4MB) SWAP 1003/4026MB (cached 185MB) CPU [8%@102,6%@102,4%@102,2%@102] EMC_FREQ 0% GR3D_FREQ 0% PLL@23.5C CPU@27C PMIC@50C GPU@25.5C AO@34C thermal@26.25C
2023-08-31 02:56:24 RAM 2113/3956MB (lfb 23x4MB) SWAP 1003/4026MB (cached 185MB) CPU [8%@102,6%@102,2%@102,3%@102] EMC_FREQ 0% GR3D_FREQ 0% PLL@23.5C CPU@26.5C PMIC@50C GPU@25.5C AO@34C thermal@26C
2023-08-31 02:57:24 RAM 2114/3956MB (lfb 23x4MB) SWAP 1003/4026MB (cached 185MB) CPU [9%@102,6%@102,3%@102,3%@102] EMC_FREQ 0% GR3D_FREQ 0% PLL@24C CPU@26.5C PMIC@50C GPU@26C AO@33.5C thermal@26.25C
2023-08-31 02:58:24 RAM 2133/3956MB (lfb 23x4MB) SWAP 1001/4026MB (cached 188MB) CPU [11%@1479,10%@1479,7%@1479,7%@1479] EMC_FREQ 0% GR3D_FREQ 94% PLL@25C CPU@28.5C PMIC@50C GPU@24.5C AO@35C thermal@26.5C
2023-08-31 02:59:24 RAM 2547/3956MB (lfb 19x4MB) SWAP 977/4026MB (cached 198MB) CPU [40%@614,43%@614,40%@614,35%@614] EMC_FREQ 0% GR3D_FREQ 0% PLL@26C CPU@28.5C PMIC@50C GPU@25.5C AO@36C thermal@27C
2023-08-31 03:00:26 RAM 3407/3956MB (lfb 1x1MB) SWAP 987/4026MB (cached 193MB) CPU [27%@403,18%@403,22%@403,21%@403] EMC_FREQ 0% GR3D_FREQ 0% PLL@25.5C CPU@28.5C PMIC@50C GPU@27.5C AO@36C thermal@28C
2023-08-31 03:01:27 RAM 3589/3956MB (lfb 1x1MB) SWAP 1018/4026MB (cached 164MB) CPU [22%@204,17%@204,16%@204,16%@204] EMC_FREQ 0% GR3D_FREQ 0% PLL@25.5C CPU@28C PMIC@50C GPU@27.5C AO@36C thermal@26.75C
2023-08-31 03:02:36 RAM 3618/3956MB (lfb 1x1MB) SWAP 1110/4026MB (cached 129MB) CPU [22%@1479,20%@1479,18%@1479,16%@1479] EMC_FREQ 0% GR3D_FREQ 0% PLL@25.5C CPU@28.5C PMIC@50C GPU@27.5C AO@36C thermal@28C
2023-08-31 03:03:38 RAM 3573/3956MB (lfb 1x2MB) SWAP 1191/4026MB (cached 135MB) CPU [22%@1479,20%@1479,25%@1479,19%@1479] EMC_FREQ 0% GR3D_FREQ 0% PLL@25.5C CPU@28.5C PMIC@50C GPU@27.5C AO@36C thermal@28.75C
2023-08-31 03:04:34 RAM 3517/3956MB (lfb 2x2MB) SWAP 1303/4026MB (cached 126MB) CPU [23%@614,22%@614,30%@614,33%@614] EMC_FREQ 0% GR3D_FREQ 0% PLL@25.5C CPU@29C PMIC@50C GPU@27.5C AO@36C thermal@28.25C
2023-08-31 03:05:35 RAM 3491/3956MB (lfb 2x2MB) SWAP 1351/4026MB (cached 114MB) CPU [22%@1479,23%@1479,24%@1479,28%@1479] EMC_FREQ 0% GR3D_FREQ 0% PLL@25.5C CPU@28.5C PMIC@50C GPU@27.5C AO@36C thermal@28.5C
2023-08-31 03:06:38 RAM 3411/3956MB (lfb 1x4MB) SWAP 1482/4026MB (cached 112MB) CPU [25%@1479,17%@1479,19%@1479,23%@1479] EMC_FREQ 0% GR3D_FREQ 0% PLL@25.5C CPU@28.5C PMIC@50C GPU@27.5C AO@36C thermal@28C
2023-08-31 03:07:34 RAM 3402/3956MB (lfb 1x4MB) SWAP 1567/4026MB (cached 130MB) CPU [21%@1479,18%@1479,16%@1479,11%@1479] EMC_FREQ 0% GR3D_FREQ 99% PLL@27C CPU@31.5C PMIC@50C GPU@29.5C AO@37.5C thermal@30.25C
2023-08-31 03:08:34 RAM 3403/3956MB (lfb 1x2MB) SWAP 1607/4026MB (cached 131MB) CPU [26%@307,18%@307,20%@307,17%@307] EMC_FREQ 0% GR3D_FREQ 99% PLL@29C CPU@33C PMIC@50C GPU@31C AO@39.5C thermal@31.75C
2023-08-31 03:09:34 RAM 3380/3956MB (lfb 1x2MB) SWAP 1683/4026MB (cached 125MB) CPU [29%@1479,24%@1479,22%@1479,24%@1479] EMC_FREQ 0% GR3D_FREQ 99% PLL@32.5C CPU@36.5C PMIC@50C GPU@33.5C AO@43.5C thermal@35C
2023-08-31 03:10:34 RAM 3335/3956MB (lfb 2x2MB) SWAP 1766/4026MB (cached 101MB) CPU [28%@204,27%@204,27%@204,25%@204] EMC_FREQ 0% GR3D_FREQ 99% PLL@34.5C CPU@38C PMIC@50C GPU@36.5C AO@45C thermal@38C
2023-08-31 03:11:34 RAM 3317/3956MB (lfb 3x2MB) SWAP 1802/4026MB (cached 99MB) CPU [30%@307,25%@307,22%@307,21%@307] EMC_FREQ 0% GR3D_FREQ 99% PLL@37C CPU@41C PMIC@50C GPU@39C AO@47.5C thermal@40.25C
2023-08-31 03:12:35 RAM 3312/3956MB (lfb 2x2MB) SWAP 1826/4026MB (cached 105MB) CPU [21%@307,15%@307,19%@307,13%@307] EMC_FREQ 0% GR3D_FREQ 99% PLL@36C CPU@40C PMIC@50C GPU@37.5C AO@47C thermal@38.75C
2023-08-31 03:13:34 RAM 3312/3956MB (lfb 1x2MB) SWAP 1831/4026MB (cached 104MB) CPU [29%@1479,17%@1479,17%@1479,15%@1479] EMC_FREQ 0% GR3D_FREQ 99% PLL@37.5C CPU@42.5C PMIC@50C GPU@39.5C AO@49C thermal@40.75C
2023-08-31 03:14:34 RAM 3310/3956MB (lfb 1x2MB) SWAP 1847/4026MB (cached 103MB) CPU [22%@1479,29%@1479,23%@1479,25%@1479] EMC_FREQ 0% GR3D_FREQ 99% PLL@39.5C CPU@43.5C PMIC@50C GPU@41C AO@49.5C thermal@41C
2023-08-31 03:15:34 RAM 3306/3956MB (lfb 1x2MB) SWAP 1854/4026MB (cached 104MB) CPU [22%@307,26%@307,27%@307,23%@307] EMC_FREQ 0% GR3D_FREQ 99% PLL@40C CPU@44.5C PMIC@50C GPU@42C AO@51C thermal@42.5C
2023-08-31 03:16:34 RAM 3301/3956MB (lfb 1x2MB) SWAP 1853/4026MB (cached 104MB) CPU [27%@1479,22%@1479,25%@1479,24%@1479] EMC_FREQ 0% GR3D_FREQ 99% PLL@41.5C CPU@44.5C PMIC@50C GPU@42C AO@52C thermal@43C
2023-08-31 03:17:34 RAM 3308/3956MB (lfb 1x2MB) SWAP 1853/4026MB (cached 104MB) CPU [23%@102,20%@204,20%@204,22%@204] EMC_FREQ 0% GR3D_FREQ 99% PLL@41C CPU@45C PMIC@50C GPU@43C AO@52C thermal@43.75C
2023-08-31 03:18:34 RAM 3309/3956MB (lfb 1x2MB) SWAP 1858/4026MB (cached 104MB) CPU [32%@1479,19%@1479,18%@1479,19%@1479] EMC_FREQ 0% GR3D_FREQ 99% PLL@42C CPU@46C PMIC@50C GPU@44C AO@53C thermal@45C
2023-08-31 03:19:34 RAM 3311/3956MB (lfb 1x2MB) SWAP 1860/4026MB (cached 104MB) CPU [37%@1479,22%@1479,22%@1479,20%@1479] EMC_FREQ 0% GR3D_FREQ 99% PLL@42.5C CPU@47C PMIC@50C GPU@44C AO@54C thermal@45.75C
2023-08-31 03:20:34 RAM 3306/3956MB (lfb 1x2MB) SWAP 1859/4026MB (cached 104MB) CPU [33%@1479,22%@1479,25%@1479,20%@1479] EMC_FREQ 0% GR3D_FREQ 39% PLL@42.5C CPU@46.5C PMIC@50C GPU@44C AO@53.5C thermal@45.75C
2023-08-31 03:21:34 RAM 3296/3956MB (lfb 1x2MB) SWAP 1892/4026MB (cached 110MB) CPU [29%@204,27%@204,22%@204,21%@204] EMC_FREQ 0% GR3D_FREQ 99% PLL@42.5C CPU@46.5C PMIC@50C GPU@44.5C AO@53.5C thermal@45.25C
2023-08-31 03:22:34 RAM 3318/3956MB (lfb 3x1MB) SWAP 1897/4026MB (cached 110MB) CPU [29%@1479,25%@1479,25%@1479,23%@1479] EMC_FREQ 0% GR3D_FREQ 99% PLL@43.5C CPU@48C PMIC@50C GPU@45C AO@54.5C thermal@46.75C
2023-08-31 03:23:34 RAM 3306/3956MB (lfb 1x2MB) SWAP 1908/4026MB (cached 112MB) CPU [31%@307,32%@307,30%@307,30%@307] EMC_FREQ 0% GR3D_FREQ 99% PLL@43.5C CPU@47.5C PMIC@50C GPU@45.5C AO@55C thermal@47C
2023-08-31 03:24:34 RAM 3309/3956MB (lfb 1x2MB) SWAP 1910/4026MB (cached 112MB) CPU [27%@307,28%@307,27%@307,26%@307] EMC_FREQ 0% GR3D_FREQ 99% PLL@44C CPU@48C PMIC@50C GPU@46C AO@55C thermal@47C
2023-08-31 03:25:34 RAM 3304/3956MB (lfb 1x2MB) SWAP 1920/4026MB (cached 111MB) CPU [26%@204,28%@204,29%@204,25%@204] EMC_FREQ 0% GR3D_FREQ 99% PLL@44C CPU@48C PMIC@50C GPU@45.5C AO@55C thermal@47.5C
2023-08-31 03:26:34 RAM 3296/3956MB (lfb 2x2MB) SWAP 1927/4026MB (cached 111MB) CPU [23%@204,22%@204,24%@204,19%@204] EMC_FREQ 0% GR3D_FREQ 99% PLL@43.5C CPU@48C PMIC@50C GPU@45.5C AO@55C thermal@47C
2023-08-31 03:27:34 RAM 2046/3956MB (lfb 14x4MB) SWAP 1142/4026MB (cached 110MB) CPU [16%@102,16%@102,15%@102,12%@102] EMC_FREQ 0% GR3D_FREQ 0% PLL@39C CPU@42C PMIC@50C GPU@41C AO@50.5C thermal@41.75C
2023-08-31 03:28:34 RAM 2030/3956MB (lfb 14x4MB) SWAP 1142/4026MB (cached 110MB) CPU [10%@102,6%@102,5%@102,4%@102] EMC_FREQ 0% GR3D_FREQ 0% PLL@35C CPU@38C PMIC@50C GPU@37.5C AO@46.5C thermal@37.75C
2023-08-31 03:29:34 RAM 2031/3956MB (lfb 14x4MB) SWAP 1141/4026MB (cached 110MB) CPU [8%@102,8%@102,5%@102,5%@102] EMC_FREQ 0% GR3D_FREQ 0% PLL@32.5C CPU@35.5C PMIC@50C GPU@34.5C AO@43C thermal@35C
2023-08-31 03:30:34 RAM 2032/3956MB (lfb 14x4MB) SWAP 1141/4026MB (cached 110MB) CPU [8%@102,8%@102,5%@102,5%@102] EMC_FREQ 0% GR3D_FREQ 0% PLL@30C CPU@33C PMIC@50C GPU@32C AO@41C thermal@32.5C
2023-08-31 03:31:34 RAM 2035/3956MB (lfb 14x4MB) SWAP 1141/4026MB (cached 110MB) CPU [10%@102,7%@102,5%@102,4%@102] EMC_FREQ 0% GR3D_FREQ 0% PLL@28.5C CPU@31.5C PMIC@50C GPU@30.5C AO@39.5C thermal@31C
2023-08-31 03:32:34 RAM 2035/3956MB (lfb 14x4MB) SWAP 1141/4026MB (cached 111MB) CPU [10%@102,6%@102,6%@102,5%@102] EMC_FREQ 0% GR3D_FREQ 0% PLL@27.5C CPU@30C PMIC@50C GPU@29.5C AO@38C thermal@30C
2023-08-31 03:33:34 RAM 2036/3956MB (lfb 14x4MB) SWAP 1141/4026MB (cached 111MB) CPU [6%@102,6%@102,8%@102,5%@102] EMC_FREQ 0% GR3D_FREQ 0% PLL@26.5C CPU@29.5C PMIC@50C GPU@28.5C AO@37.5C thermal@29C
2023-08-31 03:34:34 RAM 2038/3956MB (lfb 14x4MB) SWAP 1141/4026MB (cached 111MB) CPU [10%@102,6%@102,4%@102,4%@102] EMC_FREQ 0% GR3D_FREQ 0% PLL@26C CPU@29C PMIC@50C GPU@28C AO@36.5C thermal@28.5C
2023-08-31 03:35:34 RAM 2038/3956MB (lfb 14x4MB) SWAP 1141/4026MB (cached 111MB) CPU [7%@102,10%@102,4%@102,4%@102] EMC_FREQ 0% GR3D_FREQ 0% PLL@25.5C CPU@28.5C PMIC@50C GPU@27.5C AO@35.5C thermal@28C
2023-08-31 03:36:34 RAM 2039/3956MB (lfb 14x4MB) SWAP 1141/4026MB (cached 111MB) CPU [7%@102,9%@102,5%@102,4%@102] EMC_FREQ 0% GR3D_FREQ 0% PLL@25C CPU@28C PMIC@50C GPU@27C AO@35.5C thermal@27.5C
2023-08-31 03:37:34 RAM 2029/3956MB (lfb 14x4MB) SWAP 1141/4026MB (cached 111MB) CPU [9%@102,8%@102,6%@102,6%@102] EMC_FREQ 0% GR3D_FREQ 0% PLL@24.5C CPU@28C PMIC@50C GPU@26.5C AO@35C thermal@27C
2023-08-31 03:38:34 RAM 2032/3956MB (lfb 14x4MB) SWAP 1141/4026MB (cached 111MB) CPU [6%@102,10%@102,5%@102,5%@102] EMC_FREQ 0% GR3D_FREQ 0% PLL@24.5C CPU@27.5C PMIC@50C GPU@26.5C AO@34.5C thermal@27C
2023-08-31 03:39:34 RAM 2032/3956MB (lfb 14x4MB) SWAP 1141/4026MB (cached 111MB) CPU [9%@102,8%@102,5%@102,5%@102] EMC_FREQ 0% GR3D_FREQ 0% PLL@24.5C CPU@27.5C PMIC@50C GPU@26.5C AO@34.5C thermal@26.75C
2023-08-31 03:40:34 RAM 2033/3956MB (lfb 14x4MB) SWAP 1141/4026MB (cached 111MB) CPU [9%@102,7%@102,5%@102,5%@102] EMC_FREQ 0% GR3D_FREQ 0% PLL@24C CPU@27.5C PMIC@50C GPU@26C AO@34.5C thermal@27C
2023-08-31 03:41:34 RAM 2034/3956MB (lfb 14x4MB) SWAP 1141/4026MB (cached 111MB) CPU [7%@102,8%@102,5%@102,5%@102] EMC_FREQ 0% GR3D_FREQ 0% PLL@24C CPU@27.5C PMIC@50C GPU@26C AO@34.5C thermal@26.75C
2023-08-31 03:42:34 RAM 2034/3956MB (lfb 14x4MB) SWAP 1141/4026MB (cached 111MB) CPU [7%@102,9%@102,5%@102,4%@102] EMC_FREQ 0% GR3D_FREQ 0% PLL@24C CPU@27.5C PMIC@50C GPU@26C AO@34.5C thermal@26.5C
2023-08-31 03:43:34 RAM 2034/3956MB (lfb 14x4MB) SWAP 1141/4026MB (cached 111MB) CPU [9%@102,7%@102,5%@102,5%@102] EMC_FREQ 0% GR3D_FREQ 0% PLL@24C CPU@27C PMIC@50C GPU@26C AO@34C thermal@26.5C
2023-08-31 03:44:34 RAM 2034/3956MB (lfb 14x4MB) SWAP 1141/4026MB (cached 111MB) CPU [8%@102,8%@102,5%@102,4%@102] EMC_FREQ 0% GR3D_FREQ 0% PLL@24C CPU@27C PMIC@50C GPU@26C AO@34C thermal@26.25C
2023-08-31 03:45:34 RAM 2038/3956MB (lfb 14x4MB) SWAP 1141/4026MB (cached 111MB) CPU [10%@102,6%@102,5%@102,5%@102] EMC_FREQ 0% GR3D_FREQ 0% PLL@23.5C CPU@27C PMIC@50C GPU@25.5C AO@34C thermal@26.5C
2023-08-31 03:46:34 RAM 2036/3956MB (lfb 14x4MB) SWAP 1141/4026MB (cached 111MB) CPU [9%@204,7%@204,5%@204,5%@204] EMC_FREQ 0% GR3D_FREQ 0% PLL@23.5C CPU@26.5C PMIC@50C GPU@25.5C AO@34C thermal@26C
2023-08-31 03:47:34 RAM 2037/3956MB (lfb 14x4MB) SWAP 1141/4026MB (cached 111MB) CPU [11%@403,5%@403,5%@403,5%@403] EMC_FREQ 0% GR3D_FREQ 0% PLL@23.5C CPU@27C PMIC@50C GPU@25.5C AO@34C thermal@26C
2023-08-31 03:48:34 RAM 2038/3956MB (lfb 14x4MB) SWAP 1141/4026MB (cached 111MB) CPU [7%@921,9%@921,5%@921,4%@921] EMC_FREQ 0% GR3D_FREQ 0% PLL@23.5C CPU@26.5C PMIC@50C GPU@25.5C AO@33.5C thermal@26.25C
2023-08-31 03:49:34 RAM 2039/3956MB (lfb 14x4MB) SWAP 1141/4026MB (cached 111MB) CPU [9%@204,7%@204,5%@204,4%@204] EMC_FREQ 0% GR3D_FREQ 0% PLL@23.5C CPU@27C PMIC@50C GPU@25.5C AO@34C thermal@25.75C
2023-08-31 03:50:34 RAM 2040/3956MB (lfb 14x4MB) SWAP 1141/4026MB (cached 111MB) CPU [8%@307,8%@102,5%@102,4%@102] EMC_FREQ 0% GR3D_FREQ 0% PLL@23C CPU@27C PMIC@50C GPU@25C AO@34C thermal@26.25C
2023-08-31 03:51:34 RAM 2040/3956MB (lfb 14x4MB) SWAP 1141/4026MB (cached 111MB) CPU [6%@102,10%@102,5%@102,5%@102] EMC_FREQ 0% GR3D_FREQ 0% PLL@23.5C CPU@27C PMIC@50C GPU@25.5C AO@34C thermal@26.25C
2023-08-31 03:52:34 RAM 2040/3956MB (lfb 14x4MB) SWAP 1141/4026MB (cached 111MB) CPU [8%@102,9%@102,5%@204,4%@204] EMC_FREQ 0% GR3D_FREQ 0% PLL@23.5C CPU@26.5C PMIC@50C GPU@25.5C AO@33.5C thermal@26.25C
2023-08-31 03:53:34 RAM 2032/3956MB (lfb 14x4MB) SWAP 1141/4026MB (cached 111MB) CPU [7%@102,11%@102,5%@102,5%@102] EMC_FREQ 0% GR3D_FREQ 0% PLL@23.5C CPU@26C PMIC@50C GPU@25.5C AO@33.5C thermal@25.75C
2023-08-31 03:54:34 RAM 2033/3956MB (lfb 14x4MB) SWAP 1141/4026MB (cached 111MB) CPU [6%@102,10%@102,5%@102,5%@102] EMC_FREQ 0% GR3D_FREQ 0% PLL@23.5C CPU@26.5C PMIC@50C GPU@25.5C AO@34C thermal@26C
2023-08-31 03:55:34 RAM 2035/3956MB (lfb 14x4MB) SWAP 1141/4026MB (cached 111MB) CPU [10%@102,6%@102,5%@102,5%@102] EMC_FREQ 0% GR3D_FREQ 0% PLL@23.5C CPU@26.5C PMIC@50C GPU@25.5C AO@34C thermal@26C
2023-08-31 03:56:34 RAM 2036/3956MB (lfb 14x4MB) SWAP 1141/4026MB (cached 111MB) CPU [8%@102,8%@102,5%@102,5%@102] EMC_FREQ 0% GR3D_FREQ 0% PLL@23.5C CPU@27C PMIC@50C GPU@25.5C AO@34C thermal@26C
2023-08-31 03:57:34 RAM 2036/3956MB (lfb 14x4MB) SWAP 1140/4026MB (cached 110MB) CPU [9%@102,7%@102,5%@102,4%@102] EMC_FREQ 0% GR3D_FREQ 0% PLL@23.5C CPU@26.5C PMIC@50C GPU@25.5C AO@33.5C thermal@26C
2023-08-31 03:58:34 RAM 2039/3956MB (lfb 14x4MB) SWAP 1140/4026MB (cached 110MB) CPU [9%@102,8%@102,5%@102,5%@102] EMC_FREQ 0% GR3D_FREQ 0% PLL@23C CPU@26.5C PMIC@50C GPU@25C AO@33.5C thermal@25.5C
2023-08-31 03:59:34 RAM 2037/3956MB (lfb 14x4MB) SWAP 1140/4026MB (cached 110MB) CPU [6%@102,11%@102,5%@102,5%@102] EMC_FREQ 0% GR3D_FREQ 0% PLL@23.5C CPU@26.5C PMIC@50C GPU@25.5C AO@33.5C thermal@25.75C
2023-08-31 04:00:34 RAM 2038/3956MB (lfb 14x4MB) SWAP 1140/4026MB (cached 110MB) CPU [8%@102,8%@102,5%@102,5%@102] EMC_FREQ 0% GR3D_FREQ 0% PLL@23C CPU@26C PMIC@50C GPU@25C AO@33.5C thermal@25.75C
2023-08-31 04:01:34 RAM 2039/3956MB (lfb 14x4MB) SWAP 1140/4026MB (cached 110MB) CPU [10%@102,6%@102,5%@102,5%@102] EMC_FREQ 0% GR3D_FREQ 0% PLL@23C CPU@26.5C PMIC@50C GPU@25C AO@33.5C thermal@25.75C
2023-08-31 04:02:34 RAM 2040/3956MB (lfb 14x4MB) SWAP 1140/4026MB (cached 110MB) CPU [8%@102,8%@102,5%@102,4%@102] EMC_FREQ 0% GR3D_FREQ 0% PLL@23.5C CPU@26C PMIC@50C GPU@25.5C AO@33.5C thermal@26C
2023-08-31 04:03:34 RAM 2040/3956MB (lfb 14x4MB) SWAP 1140/4026MB (cached 110MB) CPU [9%@102,8%@102,5%@102,4%@102] EMC_FREQ 0% GR3D_FREQ 0% PLL@23.5C CPU@26C PMIC@50C GPU@25.5C AO@33.5C thermal@25.75C
2023-08-31 04:04:34 RAM 2041/3956MB (lfb 14x4MB) SWAP 1140/4026MB (cached 110MB) CPU [9%@102,7%@102,5%@102,4%@102] EMC_FREQ 0% GR3D_FREQ 0% PLL@23C CPU@26.5C PMIC@50C GPU@25C AO@33.5C thermal@25.75C
2023-08-31 04:05:34 RAM 2043/3956MB (lfb 14x4MB) SWAP 1140/4026MB (cached 110MB) CPU [10%@102,7%@102,5%@102,5%@102] EMC_FREQ 0% GR3D_FREQ 0% PLL@23.5C CPU@26.5C PMIC@50C GPU@25.5C AO@33.5C thermal@25.75C
2023-08-31 04:06:34 RAM 2042/3956MB (lfb 14x4MB) SWAP 1139/4026MB (cached 109MB) CPU [7%@102,9%@102,5%@102,5%@102] EMC_FREQ 0% GR3D_FREQ 0% PLL@23C CPU@26C PMIC@50C GPU@25C AO@33.5C thermal@25.75C
2023-08-31 04:07:34 RAM 2043/3956MB (lfb 14x4MB) SWAP 1139/4026MB (cached 109MB) CPU [6%@102,9%@102,5%@102,5%@102] EMC_FREQ 0% GR3D_FREQ 0% PLL@23C CPU@26C PMIC@50C GPU@25C AO@33.5C thermal@25.5C
2023-08-31 04:08:34 RAM 2045/3956MB (lfb 14x4MB) SWAP 1139/4026MB (cached 109MB) CPU [9%@102,7%@102,5%@102,5%@102] EMC_FREQ 0% GR3D_FREQ 0% PLL@23C CPU@27C PMIC@50C GPU@25C AO@33.5C thermal@26C
2023-08-31 04:09:34 RAM 2047/3956MB (lfb 14x4MB) SWAP 1139/4026MB (cached 109MB) CPU [9%@102,7%@102,5%@102,4%@102] EMC_FREQ 0% GR3D_FREQ 0% PLL@23.5C CPU@26.5C PMIC@50C GPU@25.5C AO@33.5C thermal@25.75C
2023-08-31 04:10:34 RAM 2038/3956MB (lfb 14x4MB) SWAP 1139/4026MB (cached 109MB) CPU [9%@102,7%@102,6%@102,5%@102] EMC_FREQ 0% GR3D_FREQ 0% PLL@23C CPU@26.5C PMIC@50C GPU@25C AO@33C thermal@25.75C
2023-08-31 04:11:34 RAM 2038/3956MB (lfb 14x4MB) SWAP 1139/4026MB (cached 109MB) CPU [9%@102,8%@102,5%@102,4%@102] EMC_FREQ 0% GR3D_FREQ 0% PLL@23C CPU@26C PMIC@50C GPU@25C AO@33.5C thermal@25.75C
