2023-09-03 19:59:54 RAM 2273/3956MB (lfb 41x4MB) SWAP 0/4026MB (cached 0MB) CPU [62%@1224,60%@1224,61%@1224,63%@1224] EMC_FREQ 0% GR3D_FREQ 0% PLL@28C CPU@31C PMIC@50C GPU@30C AO@39C thermal@30.5C
2023-09-03 20:00:54 RAM 3237/3956MB (lfb 30x4MB) SWAP 65/4026MB (cached 1MB) CPU [15%@1479,9%@1479,9%@1479,12%@1479] EMC_FREQ 0% GR3D_FREQ 0% PLL@28C CPU@31.5C PMIC@50C GPU@28.5C AO@39C thermal@29.75C
2023-09-03 20:01:55 RAM 3357/3956MB (lfb 29x4MB) SWAP 164/4026MB (cached 3MB) CPU [10%@1479,10%@1479,12%@1479,9%@1479] EMC_FREQ 0% GR3D_FREQ 0% PLL@27.5C CPU@30C PMIC@50C GPU@28C AO@38C thermal@29C
2023-09-03 20:03:02 RAM 3483/3956MB (lfb 27x4MB) SWAP 373/4026MB (cached 7MB) CPU [8%@1224,7%@1224,5%@1224,3%@1224] EMC_FREQ 0% GR3D_FREQ 0% PLL@27C CPU@29.5C PMIC@50C GPU@29C AO@37.5C thermal@29.25C
2023-09-03 20:03:59 RAM 3400/3956MB (lfb 28x4MB) SWAP 535/4026MB (cached 17MB) CPU [5%@1479,2%@1479,4%@1479,2%@1479] EMC_FREQ 0% GR3D_FREQ 0% PLL@26.5C CPU@29C PMIC@50C GPU@28.5C AO@37.5C thermal@29.25C
2023-09-03 20:05:01 RAM 3519/3956MB (lfb 27x4MB) SWAP 780/4026MB (cached 18MB) CPU [7%@1224,6%@1224,6%@1224,4%@1224] EMC_FREQ 0% GR3D_FREQ 0% PLL@26C CPU@29C PMIC@50C GPU@27C AO@37C thermal@28C
2023-09-03 20:06:04 RAM 3475/3956MB (lfb 27x4MB) SWAP 891/4026MB (cached 24MB) CPU [4%@1224,4%@1224,2%@1224,1%@1224] EMC_FREQ 0% GR3D_FREQ 0% PLL@25.5C CPU@28.5C PMIC@50C GPU@27.5C AO@36C thermal@27.75C
2023-09-03 20:06:59 RAM 3376/3956MB (lfb 27x4MB) SWAP 1027/4026MB (cached 28MB) CPU [6%@1479,3%@1479,4%@1479,2%@1479] EMC_FREQ 0% GR3D_FREQ 99% PLL@26.5C CPU@30.5C PMIC@50C GPU@27C AO@37C thermal@27.5C
2023-09-03 20:07:58 RAM 3308/3956MB (lfb 27x4MB) SWAP 1144/4026MB (cached 38MB) CPU [9%@1479,32%@1479,12%@1479,7%@1479] EMC_FREQ 0% GR3D_FREQ 99% PLL@29C CPU@33C PMIC@50C GPU@31C AO@40C thermal@32C
2023-09-03 20:08:58 RAM 3307/3956MB (lfb 27x4MB) SWAP 1214/4026MB (cached 66MB) CPU [26%@403,29%@403,29%@403,26%@403] EMC_FREQ 0% GR3D_FREQ 99% PLL@32C CPU@36C PMIC@50C GPU@34C AO@42.5C thermal@35.25C
2023-09-03 20:09:58 RAM 3275/3956MB (lfb 28x4MB) SWAP 1320/4026MB (cached 69MB) CPU [29%@1479,26%@1479,27%@1479,28%@1479] EMC_FREQ 0% GR3D_FREQ 99% PLL@35C CPU@40C PMIC@50C GPU@36.5C AO@45.5C thermal@37C
2023-09-03 20:10:58 RAM 3281/3956MB (lfb 27x4MB) SWAP 1369/4026MB (cached 75MB) CPU [31%@1479,23%@1479,21%@1479,19%@1479] EMC_FREQ 0% GR3D_FREQ 0% PLL@34C CPU@36.5C PMIC@50C GPU@36C AO@45C thermal@35.75C
2023-09-03 20:11:58 RAM 3282/3956MB (lfb 27x4MB) SWAP 1415/4026MB (cached 113MB) CPU [22%@1479,15%@1479,16%@1479,17%@1479] EMC_FREQ 0% GR3D_FREQ 0% PLL@34C CPU@38.5C PMIC@50C GPU@35C AO@45.5C thermal@36C
2023-09-03 20:12:58 RAM 3286/3956MB (lfb 27x4MB) SWAP 1422/4026MB (cached 113MB) CPU [26%@307,25%@307,35%@307,22%@307] EMC_FREQ 0% GR3D_FREQ 99% PLL@36C CPU@40C PMIC@50C GPU@38C AO@47.5C thermal@39.5C
2023-09-03 20:13:58 RAM 3289/3956MB (lfb 28x4MB) SWAP 1427/4026MB (cached 113MB) CPU [38%@1479,27%@1479,24%@1479,22%@1479] EMC_FREQ 0% GR3D_FREQ 99% PLL@38C CPU@42C PMIC@50C GPU@39C AO@48.5C thermal@40.75C
2023-09-03 20:14:58 RAM 3289/3956MB (lfb 27x4MB) SWAP 1426/4026MB (cached 113MB) CPU [25%@307,26%@307,23%@307,18%@307] EMC_FREQ 0% GR3D_FREQ 99% PLL@38C CPU@42C PMIC@50C GPU@39.5C AO@49C thermal@40.5C
2023-09-03 20:15:58 RAM 3298/3956MB (lfb 27x4MB) SWAP 1431/4026MB (cached 113MB) CPU [29%@1479,27%@1479,27%@1479,25%@1479] EMC_FREQ 0% GR3D_FREQ 99% PLL@38.5C CPU@43C PMIC@50C GPU@40.5C AO@49.5C thermal@41.25C
2023-09-03 20:16:58 RAM 3302/3956MB (lfb 27x4MB) SWAP 1433/4026MB (cached 115MB) CPU [27%@1479,22%@1479,34%@1479,27%@1479] EMC_FREQ 0% GR3D_FREQ 99% PLL@39C CPU@44C PMIC@50C GPU@41C AO@49.5C thermal@41C
2023-09-03 20:17:58 RAM 3295/3956MB (lfb 27x4MB) SWAP 1435/4026MB (cached 115MB) CPU [27%@204,26%@204,22%@204,21%@204] EMC_FREQ 0% GR3D_FREQ 99% PLL@38C CPU@42.5C PMIC@50C GPU@40C AO@50C thermal@41.5C
2023-09-03 20:18:58 RAM 3299/3956MB (lfb 27x4MB) SWAP 1436/4026MB (cached 115MB) CPU [32%@1479,27%@1479,23%@1479,23%@1479] EMC_FREQ 0% GR3D_FREQ 99% PLL@39.5C CPU@43.5C PMIC@50C GPU@40.5C AO@50.5C thermal@41.75C
2023-09-03 20:19:58 RAM 3294/3956MB (lfb 27x4MB) SWAP 1441/4026MB (cached 115MB) CPU [30%@1479,26%@1479,27%@1479,28%@1479] EMC_FREQ 0% GR3D_FREQ 99% PLL@38.5C CPU@43C PMIC@50C GPU@41C AO@50C thermal@42C
2023-09-03 20:20:58 RAM 3297/3956MB (lfb 27x4MB) SWAP 1441/4026MB (cached 115MB) CPU [32%@204,24%@204,22%@204,22%@204] EMC_FREQ 0% GR3D_FREQ 99% PLL@39C CPU@42.5C PMIC@50C GPU@41C AO@50C thermal@42C
2023-09-03 20:21:58 RAM 3302/3956MB (lfb 27x4MB) SWAP 1441/4026MB (cached 115MB) CPU [26%@1479,26%@1479,24%@1479,24%@1479] EMC_FREQ 0% GR3D_FREQ 99% PLL@39.5C CPU@43.5C PMIC@50C GPU@40C AO@50.5C thermal@41.75C
2023-09-03 20:22:58 RAM 3299/3956MB (lfb 27x4MB) SWAP 1440/4026MB (cached 115MB) CPU [24%@204,28%@204,33%@204,25%@204] EMC_FREQ 0% GR3D_FREQ 99% PLL@39C CPU@43C PMIC@50C GPU@41C AO@50C thermal@42C
2023-09-03 20:23:58 RAM 3304/3956MB (lfb 27x4MB) SWAP 1440/4026MB (cached 115MB) CPU [28%@204,26%@204,24%@204,27%@102] EMC_FREQ 0% GR3D_FREQ 99% PLL@38.5C CPU@42.5C PMIC@50C GPU@40.5C AO@50C thermal@41.75C
2023-09-03 20:24:58 RAM 3313/3956MB (lfb 27x4MB) SWAP 1432/4026MB (cached 114MB) CPU [25%@1479,26%@1479,24%@1479,21%@1479] EMC_FREQ 0% GR3D_FREQ 99% PLL@39C CPU@43C PMIC@50C GPU@40.5C AO@50.5C thermal@42C
2023-09-03 20:25:58 RAM 3309/3956MB (lfb 27x4MB) SWAP 1436/4026MB (cached 114MB) CPU [27%@1479,35%@1479,24%@1479,26%@1479] EMC_FREQ 0% GR3D_FREQ 99% PLL@39C CPU@43.5C PMIC@50C GPU@40.5C AO@50.5C thermal@41.5C
2023-09-03 20:26:58 RAM 3314/3956MB (lfb 27x4MB) SWAP 1436/4026MB (cached 114MB) CPU [30%@1479,28%@1479,26%@1479,26%@1479] EMC_FREQ 0% GR3D_FREQ 99% PLL@39.5C CPU@44C PMIC@50C GPU@41C AO@50.5C thermal@41.75C
2023-09-03 20:27:58 RAM 3312/3956MB (lfb 27x4MB) SWAP 1437/4026MB (cached 114MB) CPU [24%@403,23%@403,25%@403,20%@403] EMC_FREQ 0% GR3D_FREQ 99% PLL@38.5C CPU@43C PMIC@50C GPU@41C AO@50C thermal@41.75C
2023-09-03 20:28:58 RAM 3314/3956MB (lfb 27x4MB) SWAP 1448/4026MB (cached 119MB) CPU [26%@1479,29%@1479,29%@1479,28%@1479] EMC_FREQ 0% GR3D_FREQ 99% PLL@39C CPU@43.5C PMIC@50C GPU@41C AO@50.5C thermal@42C
2023-09-03 20:29:58 RAM 3307/3956MB (lfb 27x4MB) SWAP 1451/4026MB (cached 120MB) CPU [33%@307,29%@307,25%@307,30%@307] EMC_FREQ 0% GR3D_FREQ 99% PLL@38.5C CPU@43.5C PMIC@50C GPU@41.5C AO@50.5C thermal@42.5C
2023-09-03 20:30:58 RAM 3313/3956MB (lfb 27x4MB) SWAP 1451/4026MB (cached 120MB) CPU [25%@1479,21%@1479,22%@1479,21%@1479] EMC_FREQ 0% GR3D_FREQ 99% PLL@39C CPU@44C PMIC@50C GPU@40.5C AO@50.5C thermal@42.5C
2023-09-03 20:31:58 RAM 3316/3956MB (lfb 27x4MB) SWAP 1452/4026MB (cached 120MB) CPU [31%@204,26%@204,31%@204,25%@204] EMC_FREQ 0% GR3D_FREQ 99% PLL@39C CPU@43.5C PMIC@50C GPU@41.5C AO@50.5C thermal@42.5C
2023-09-03 20:32:58 RAM 3314/3956MB (lfb 27x4MB) SWAP 1452/4026MB (cached 120MB) CPU [25%@1224,28%@1224,31%@1224,28%@1224] EMC_FREQ 0% GR3D_FREQ 99% PLL@39.5C CPU@44C PMIC@50C GPU@41.5C AO@51C thermal@42.5C
2023-09-03 20:33:58 RAM 3317/3956MB (lfb 27x4MB) SWAP 1454/4026MB (cached 120MB) CPU [25%@825,25%@825,21%@825,17%@825] EMC_FREQ 0% GR3D_FREQ 99% PLL@39C CPU@43C PMIC@50C GPU@41C AO@50.5C thermal@42.25C
2023-09-03 20:34:58 RAM 3321/3956MB (lfb 27x4MB) SWAP 1448/4026MB (cached 116MB) CPU [27%@403,29%@403,28%@403,25%@403] EMC_FREQ 0% GR3D_FREQ 99% PLL@39C CPU@43.5C PMIC@50C GPU@41C AO@50.5C thermal@42.5C
2023-09-03 20:35:58 RAM 3316/3956MB (lfb 28x4MB) SWAP 1450/4026MB (cached 116MB) CPU [25%@1479,30%@1479,32%@1479,25%@1479] EMC_FREQ 0% GR3D_FREQ 99% PLL@39.5C CPU@45C PMIC@50C GPU@41.5C AO@50.5C thermal@42.25C
2023-09-03 20:36:58 RAM 3318/3956MB (lfb 28x4MB) SWAP 1450/4026MB (cached 116MB) CPU [25%@614,21%@614,22%@614,20%@614] EMC_FREQ 0% GR3D_FREQ 99% PLL@39C CPU@43C PMIC@50C GPU@41C AO@50C thermal@41.75C
2023-09-03 20:37:58 RAM 3322/3956MB (lfb 28x4MB) SWAP 1450/4026MB (cached 116MB) CPU [31%@710,27%@710,30%@710,23%@710] EMC_FREQ 0% GR3D_FREQ 99% PLL@39C CPU@44C PMIC@50C GPU@41.5C AO@50.5C thermal@42.25C
2023-09-03 20:38:58 RAM 3312/3956MB (lfb 28x4MB) SWAP 1457/4026MB (cached 116MB) CPU [29%@518,27%@518,28%@518,27%@518] EMC_FREQ 0% GR3D_FREQ 99% PLL@39.5C CPU@43.5C PMIC@50C GPU@41.5C AO@50.5C thermal@42.5C
2023-09-03 20:39:58 RAM 3318/3956MB (lfb 27x4MB) SWAP 1457/4026MB (cached 116MB) CPU [23%@307,25%@307,22%@307,22%@307] EMC_FREQ 0% GR3D_FREQ 99% PLL@39.5C CPU@43.5C PMIC@50C GPU@41C AO@51C thermal@42.75C
2023-09-03 20:40:58 RAM 3316/3956MB (lfb 27x4MB) SWAP 1457/4026MB (cached 116MB) CPU [29%@1479,27%@1479,26%@1479,26%@1479] EMC_FREQ 0% GR3D_FREQ 99% PLL@39.5C CPU@43.5C PMIC@50C GPU@41C AO@51C thermal@42.5C
2023-09-03 20:41:58 RAM 3342/3956MB (lfb 27x4MB) SWAP 1455/4026MB (cached 117MB) CPU [31%@1479,30%@1479,32%@1479,29%@1479] EMC_FREQ 0% GR3D_FREQ 99% PLL@39.5C CPU@44C PMIC@50C GPU@41.5C AO@51C thermal@42.75C
2023-09-03 20:42:58 RAM 3326/3956MB (lfb 27x4MB) SWAP 1456/4026MB (cached 117MB) CPU [24%@204,25%@204,29%@204,23%@204] EMC_FREQ 0% GR3D_FREQ 99% PLL@39C CPU@43C PMIC@50C GPU@41.5C AO@50.5C thermal@42.75C
2023-09-03 20:43:58 RAM 3324/3956MB (lfb 27x4MB) SWAP 1456/4026MB (cached 117MB) CPU [28%@204,24%@204,28%@204,23%@204] EMC_FREQ 0% GR3D_FREQ 99% PLL@39.5C CPU@43.5C PMIC@50C GPU@41.5C AO@50.5C thermal@42.5C
2023-09-03 20:44:58 RAM 3325/3956MB (lfb 27x4MB) SWAP 1456/4026MB (cached 117MB) CPU [28%@1479,31%@1479,25%@1479,27%@1479] EMC_FREQ 0% GR3D_FREQ 99% PLL@40C CPU@44.5C PMIC@50C GPU@41.5C AO@51C thermal@43C
2023-09-03 20:45:58 RAM 3327/3956MB (lfb 27x4MB) SWAP 1456/4026MB (cached 117MB) CPU [25%@1479,23%@1479,25%@1479,27%@1479] EMC_FREQ 0% GR3D_FREQ 99% PLL@39.5C CPU@44C PMIC@50C GPU@41C AO@50.5C thermal@42C
2023-09-03 20:46:58 RAM 3322/3956MB (lfb 27x4MB) SWAP 1455/4026MB (cached 117MB) CPU [27%@403,26%@403,21%@403,25%@403] EMC_FREQ 0% GR3D_FREQ 99% PLL@39.5C CPU@43.5C PMIC@50C GPU@41.5C AO@50.5C thermal@42.5C
2023-09-03 20:47:58 RAM 3327/3956MB (lfb 27x4MB) SWAP 1455/4026MB (cached 117MB) CPU [27%@403,26%@403,30%@403,26%@403] EMC_FREQ 0% GR3D_FREQ 99% PLL@39.5C CPU@43.5C PMIC@50C GPU@41.5C AO@50.5C thermal@42.75C
2023-09-03 20:48:58 RAM 3323/3956MB (lfb 27x4MB) SWAP 1455/4026MB (cached 117MB) CPU [27%@204,25%@204,32%@204,23%@204] EMC_FREQ 0% GR3D_FREQ 99% PLL@39C CPU@43.5C PMIC@50C GPU@41C AO@50.5C thermal@42.25C
2023-09-03 20:49:58 RAM 3330/3956MB (lfb 27x4MB) SWAP 1455/4026MB (cached 117MB) CPU [25%@1479,24%@1479,21%@1479,21%@1479] EMC_FREQ 0% GR3D_FREQ 99% PLL@39.5C CPU@43.5C PMIC@50C GPU@41C AO@51C thermal@42C
2023-09-03 20:50:58 RAM 3336/3956MB (lfb 27x4MB) SWAP 1454/4026MB (cached 117MB) CPU [29%@307,26%@307,26%@307,28%@307] EMC_FREQ 0% GR3D_FREQ 99% PLL@39.5C CPU@43.5C PMIC@50C GPU@41.5C AO@51C thermal@43.5C
2023-09-03 20:51:58 RAM 3331/3956MB (lfb 27x4MB) SWAP 1454/4026MB (cached 117MB) CPU [28%@1224,27%@1224,33%@1224,24%@1224] EMC_FREQ 0% GR3D_FREQ 99% PLL@39.5C CPU@44C PMIC@50C GPU@41.5C AO@51C thermal@43.25C
2023-09-03 20:52:58 RAM 3332/3956MB (lfb 27x4MB) SWAP 1454/4026MB (cached 117MB) CPU [25%@403,24%@403,20%@403,20%@403] EMC_FREQ 0% GR3D_FREQ 99% PLL@39.5C CPU@44C PMIC@50C GPU@42.5C AO@51C thermal@43C
2023-09-03 20:53:58 RAM 3335/3956MB (lfb 27x4MB) SWAP 1454/4026MB (cached 117MB) CPU [30%@307,26%@307,24%@307,29%@307] EMC_FREQ 0% GR3D_FREQ 99% PLL@39.5C CPU@44.5C PMIC@50C GPU@42C AO@51C thermal@42.75C
2023-09-03 20:54:58 RAM 3329/3956MB (lfb 27x4MB) SWAP 1454/4026MB (cached 117MB) CPU [26%@1479,25%@1479,32%@1479,28%@1479] EMC_FREQ 0% GR3D_FREQ 99% PLL@41C CPU@44.5C PMIC@50C GPU@42C AO@51.5C thermal@43.5C
2023-09-03 20:55:58 RAM 3337/3956MB (lfb 27x4MB) SWAP 1454/4026MB (cached 117MB) CPU [24%@1479,22%@1479,18%@1479,25%@1479] EMC_FREQ 0% GR3D_FREQ 99% PLL@41C CPU@44.5C PMIC@50C GPU@42C AO@52C thermal@44.25C
2023-09-03 20:56:58 RAM 3333/3956MB (lfb 27x4MB) SWAP 1453/4026MB (cached 117MB) CPU [28%@1479,32%@1479,25%@1479,25%@1479] EMC_FREQ 0% GR3D_FREQ 99% PLL@40.5C CPU@45.5C PMIC@50C GPU@42C AO@52C thermal@43.25C
2023-09-03 20:57:58 RAM 3355/3956MB (lfb 27x4MB) SWAP 1453/4026MB (cached 117MB) CPU [30%@1224,26%@1224,29%@1224,29%@1224] EMC_FREQ 0% GR3D_FREQ 99% PLL@40.5C CPU@44.5C PMIC@50C GPU@42.5C AO@52C thermal@43.75C
2023-09-03 20:58:58 RAM 3336/3956MB (lfb 27x4MB) SWAP 1453/4026MB (cached 117MB) CPU [23%@1479,21%@1479,24%@1479,22%@1479] EMC_FREQ 0% GR3D_FREQ 99% PLL@40.5C CPU@44C PMIC@50C GPU@42C AO@52C thermal@43C
2023-09-03 20:59:58 RAM 3334/3956MB (lfb 27x4MB) SWAP 1453/4026MB (cached 117MB) CPU [29%@307,29%@307,29%@307,29%@307] EMC_FREQ 0% GR3D_FREQ 99% PLL@40C CPU@44.5C PMIC@50C GPU@42.5C AO@52C thermal@43.25C
2023-09-03 21:00:58 RAM 3338/3956MB (lfb 27x4MB) SWAP 1453/4026MB (cached 117MB) CPU [29%@403,28%@403,27%@403,27%@403] EMC_FREQ 0% GR3D_FREQ 99% PLL@40.5C CPU@44.5C PMIC@50C GPU@43C AO@52C thermal@43.25C
2023-09-03 21:01:58 RAM 3338/3956MB (lfb 27x4MB) SWAP 1453/4026MB (cached 118MB) CPU [30%@403,23%@403,20%@403,19%@403] EMC_FREQ 0% GR3D_FREQ 99% PLL@39.5C CPU@44.5C PMIC@50C GPU@42C AO@52C thermal@43.75C
2023-09-03 21:02:58 RAM 3334/3956MB (lfb 27x4MB) SWAP 1453/4026MB (cached 118MB) CPU [27%@307,26%@307,26%@307,27%@307] EMC_FREQ 0% GR3D_FREQ 99% PLL@40C CPU@44.5C PMIC@50C GPU@42C AO@52C thermal@43.5C
2023-09-03 21:03:58 RAM 3339/3956MB (lfb 27x4MB) SWAP 1453/4026MB (cached 118MB) CPU [28%@1479,30%@1479,26%@1479,27%@1479] EMC_FREQ 0% GR3D_FREQ 99% PLL@40.5C CPU@45C PMIC@50C GPU@42.5C AO@51.5C thermal@43C
2023-09-03 21:04:58 RAM 3330/3956MB (lfb 27x4MB) SWAP 1453/4026MB (cached 118MB) CPU [25%@710,25%@710,23%@710,26%@710] EMC_FREQ 0% GR3D_FREQ 99% PLL@40C CPU@44.5C PMIC@50C GPU@42C AO@51.5C thermal@43.25C
2023-09-03 21:05:58 RAM 3334/3956MB (lfb 27x4MB) SWAP 1453/4026MB (cached 118MB) CPU [26%@1479,26%@1479,22%@1479,25%@1479] EMC_FREQ 0% GR3D_FREQ 99% PLL@40.5C CPU@45.5C PMIC@50C GPU@42C AO@51.5C thermal@43.5C
2023-09-03 21:06:58 RAM 3334/3956MB (lfb 27x4MB) SWAP 1450/4026MB (cached 118MB) CPU [32%@1479,28%@1479,25%@1479,25%@1479] EMC_FREQ 0% GR3D_FREQ 46% PLL@40C CPU@45C PMIC@50C GPU@42.5C AO@52C thermal@43.5C
2023-09-03 21:07:58 RAM 3330/3956MB (lfb 27x4MB) SWAP 1450/4026MB (cached 118MB) CPU [28%@204,28%@204,27%@204,23%@204] EMC_FREQ 0% GR3D_FREQ 99% PLL@40C CPU@45C PMIC@50C GPU@42.5C AO@51.5C thermal@43.75C
2023-09-03 21:08:58 RAM 3336/3956MB (lfb 27x4MB) SWAP 1441/4026MB (cached 123MB) CPU [26%@307,24%@307,27%@307,20%@307] EMC_FREQ 0% GR3D_FREQ 99% PLL@40C CPU@44.5C PMIC@50C GPU@42.5C AO@51.5C thermal@43.75C
2023-09-03 21:09:58 RAM 3343/3956MB (lfb 27x4MB) SWAP 1440/4026MB (cached 123MB) CPU [25%@1479,28%@1479,30%@1479,27%@1479] EMC_FREQ 0% GR3D_FREQ 99% PLL@40C CPU@45C PMIC@50C GPU@42.5C AO@52.5C thermal@44.25C
2023-09-03 21:10:58 RAM 3333/3956MB (lfb 27x4MB) SWAP 1440/4026MB (cached 123MB) CPU [28%@204,26%@204,31%@204,28%@204] EMC_FREQ 0% GR3D_FREQ 99% PLL@40C CPU@45C PMIC@50C GPU@42.5C AO@52C thermal@43.5C
2023-09-03 21:11:58 RAM 3336/3956MB (lfb 27x4MB) SWAP 1440/4026MB (cached 123MB) CPU [24%@1479,23%@1479,19%@1479,23%@1479] EMC_FREQ 0% GR3D_FREQ 99% PLL@40C CPU@44.5C PMIC@50C GPU@42.5C AO@52C thermal@43.75C
2023-09-03 21:12:58 RAM 3332/3956MB (lfb 27x4MB) SWAP 1440/4026MB (cached 123MB) CPU [27%@307,26%@307,28%@307,30%@307] EMC_FREQ 0% GR3D_FREQ 99% PLL@40.5C CPU@45C PMIC@50C GPU@43C AO@52C thermal@44C
2023-09-03 21:13:58 RAM 3337/3956MB (lfb 27x4MB) SWAP 1440/4026MB (cached 123MB) CPU [28%@1479,29%@1479,33%@1479,24%@1479] EMC_FREQ 0% GR3D_FREQ 99% PLL@41C CPU@45.5C PMIC@50C GPU@42.5C AO@52.5C thermal@44C
2023-09-03 21:14:58 RAM 3341/3956MB (lfb 27x4MB) SWAP 1440/4026MB (cached 123MB) CPU [25%@1479,24%@1479,22%@1479,18%@1479] EMC_FREQ 0% GR3D_FREQ 99% PLL@41C CPU@45.5C PMIC@50C GPU@42.5C AO@52.5C thermal@43.75C
2023-09-03 21:15:58 RAM 3334/3956MB (lfb 27x4MB) SWAP 1440/4026MB (cached 122MB) CPU [28%@1036,32%@1036,27%@1036,24%@1036] EMC_FREQ 0% GR3D_FREQ 99% PLL@40.5C CPU@45.5C PMIC@50C GPU@42.5C AO@52.5C thermal@44.25C
2023-09-03 21:16:58 RAM 3339/3956MB (lfb 27x4MB) SWAP 1440/4026MB (cached 122MB) CPU [26%@1479,33%@1479,25%@1479,25%@1479] EMC_FREQ 0% GR3D_FREQ 99% PLL@41C CPU@45.5C PMIC@50C GPU@42.5C AO@52.5C thermal@44C
2023-09-03 21:17:58 RAM 3341/3956MB (lfb 27x4MB) SWAP 1440/4026MB (cached 123MB) CPU [21%@1479,24%@1479,24%@1479,20%@1479] EMC_FREQ 0% GR3D_FREQ 99% PLL@41.5C CPU@45.5C PMIC@50C GPU@42.5C AO@52.5C thermal@43.75C
2023-09-03 21:18:58 RAM 3335/3956MB (lfb 27x4MB) SWAP 1440/4026MB (cached 122MB) CPU [29%@1479,28%@1479,31%@1479,24%@1479] EMC_FREQ 0% GR3D_FREQ 99% PLL@40.5C CPU@45C PMIC@50C GPU@42C AO@52C thermal@43.5C
2023-09-03 21:19:58 RAM 3341/3956MB (lfb 27x4MB) SWAP 1440/4026MB (cached 122MB) CPU [32%@307,28%@307,24%@307,25%@307] EMC_FREQ 0% GR3D_FREQ 99% PLL@40.5C CPU@44.5C PMIC@50C GPU@43C AO@52.5C thermal@43.75C
2023-09-03 21:20:58 RAM 3339/3956MB (lfb 27x4MB) SWAP 1440/4026MB (cached 122MB) CPU [27%@307,24%@307,20%@307,20%@307] EMC_FREQ 0% GR3D_FREQ 99% PLL@40C CPU@45C PMIC@50C GPU@42.5C AO@52C thermal@43.5C
2023-09-03 21:21:58 RAM 3336/3956MB (lfb 27x4MB) SWAP 1440/4026MB (cached 122MB) CPU [26%@1479,28%@1479,30%@1479,22%@1479] EMC_FREQ 0% GR3D_FREQ 99% PLL@41C CPU@45.5C PMIC@50C GPU@42.5C AO@52C thermal@43.5C
2023-09-03 21:22:58 RAM 3342/3956MB (lfb 27x4MB) SWAP 1440/4026MB (cached 122MB) CPU [26%@1479,34%@1479,24%@1479,24%@1479] EMC_FREQ 0% GR3D_FREQ 99% PLL@41C CPU@45C PMIC@50C GPU@42C AO@52C thermal@43.75C
2023-09-03 21:23:58 RAM 3331/3956MB (lfb 27x4MB) SWAP 1440/4026MB (cached 123MB) CPU [26%@710,25%@710,25%@710,23%@710] EMC_FREQ 0% GR3D_FREQ 99% PLL@40.5C CPU@44C PMIC@50C GPU@42C AO@52C thermal@43.25C
2023-09-03 21:24:58 RAM 3341/3956MB (lfb 27x4MB) SWAP 1439/4026MB (cached 124MB) CPU [29%@204,27%@204,24%@204,22%@204] EMC_FREQ 0% GR3D_FREQ 99% PLL@40C CPU@44.5C PMIC@50C GPU@42C AO@52C thermal@44.25C
2023-09-03 21:25:58 RAM 3344/3956MB (lfb 27x4MB) SWAP 1440/4026MB (cached 124MB) CPU [31%@614,29%@614,25%@614,26%@614] EMC_FREQ 0% GR3D_FREQ 99% PLL@40C CPU@45C PMIC@50C GPU@42.5C AO@51.5C thermal@43.25C
2023-09-03 21:26:58 RAM 3336/3956MB (lfb 27x4MB) SWAP 1440/4026MB (cached 124MB) CPU [31%@204,26%@204,24%@204,25%@204] EMC_FREQ 0% GR3D_FREQ 99% PLL@40.5C CPU@44.5C PMIC@50C GPU@42.5C AO@51.5C thermal@43.5C
2023-09-03 21:27:58 RAM 3342/3956MB (lfb 27x4MB) SWAP 1440/4026MB (cached 124MB) CPU [25%@1479,25%@1479,23%@1479,23%@1479] EMC_FREQ 0% GR3D_FREQ 99% PLL@40.5C CPU@46C PMIC@50C GPU@42C AO@52C thermal@43.25C
2023-09-03 21:28:58 RAM 3350/3956MB (lfb 27x4MB) SWAP 1440/4026MB (cached 124MB) CPU [29%@1479,27%@1479,28%@1479,27%@1479] EMC_FREQ 0% GR3D_FREQ 99% PLL@40C CPU@44.5C PMIC@50C GPU@42C AO@52C thermal@43.25C
2023-09-03 21:29:58 RAM 3341/3956MB (lfb 27x4MB) SWAP 1440/4026MB (cached 124MB) CPU [28%@307,29%@307,28%@307,28%@307] EMC_FREQ 0% GR3D_FREQ 99% PLL@40.5C CPU@44.5C PMIC@50C GPU@42.5C AO@52C thermal@43.5C
2023-09-03 21:30:58 RAM 3343/3956MB (lfb 27x4MB) SWAP 1440/4026MB (cached 124MB) CPU [27%@1479,23%@1479,21%@1479,19%@1479] EMC_FREQ 0% GR3D_FREQ 99% PLL@40.5C CPU@44.5C PMIC@50C GPU@42.5C AO@52C thermal@44.25C
2023-09-03 21:31:58 RAM 3337/3956MB (lfb 27x4MB) SWAP 1440/4026MB (cached 124MB) CPU [25%@1479,33%@1479,26%@1479,26%@1479] EMC_FREQ 0% GR3D_FREQ 99% PLL@40.5C CPU@45C PMIC@50C GPU@42C AO@52C thermal@43.5C
2023-09-03 21:32:58 RAM 3342/3956MB (lfb 27x4MB) SWAP 1440/4026MB (cached 124MB) CPU [30%@307,27%@307,26%@307,26%@307] EMC_FREQ 0% GR3D_FREQ 99% PLL@40C CPU@44.5C PMIC@50C GPU@42.5C AO@52C thermal@43.5C
2023-09-03 21:33:58 RAM 3348/3956MB (lfb 27x4MB) SWAP 1440/4026MB (cached 124MB) CPU [27%@403,24%@403,20%@403,19%@403] EMC_FREQ 0% GR3D_FREQ 99% PLL@40C CPU@44.5C PMIC@50C GPU@42C AO@52C thermal@43C
2023-09-03 21:34:58 RAM 3344/3956MB (lfb 27x4MB) SWAP 1440/4026MB (cached 124MB) CPU [28%@1479,27%@1479,29%@1479,27%@1479] EMC_FREQ 0% GR3D_FREQ 99% PLL@40.5C CPU@46C PMIC@50C GPU@42.5C AO@52C thermal@43.5C
2023-09-03 21:35:58 RAM 3348/3956MB (lfb 27x4MB) SWAP 1440/4026MB (cached 124MB) CPU [30%@1479,28%@1479,27%@1479,24%@1479] EMC_FREQ 0% GR3D_FREQ 99% PLL@40.5C CPU@46C PMIC@50C GPU@42.5C AO@52C thermal@43.5C
2023-09-03 21:36:58 RAM 3346/3956MB (lfb 27x4MB) SWAP 1440/4026MB (cached 124MB) CPU [29%@1479,22%@1479,19%@1479,19%@1479] EMC_FREQ 0% GR3D_FREQ 99% PLL@40.5C CPU@44.5C PMIC@50C GPU@42.5C AO@51.5C thermal@43.25C
2023-09-03 21:37:58 RAM 3345/3956MB (lfb 27x4MB) SWAP 1440/4026MB (cached 124MB) CPU [27%@1224,26%@1224,35%@1224,23%@1224] EMC_FREQ 0% GR3D_FREQ 99% PLL@40C CPU@44.5C PMIC@50C GPU@42.5C AO@52C thermal@43.75C
2023-09-03 21:38:58 RAM 3348/3956MB (lfb 27x4MB) SWAP 1440/4026MB (cached 124MB) CPU [26%@1479,26%@1479,33%@1479,24%@1479] EMC_FREQ 0% GR3D_FREQ 99% PLL@40.5C CPU@46.5C PMIC@50C GPU@42.5C AO@52C thermal@43.5C
2023-09-03 21:39:58 RAM 3348/3956MB (lfb 27x4MB) SWAP 1440/4026MB (cached 124MB) CPU [27%@204,22%@204,21%@204,19%@204] EMC_FREQ 0% GR3D_FREQ 99% PLL@40C CPU@44.5C PMIC@50C GPU@42C AO@51.5C thermal@43C
2023-09-03 21:40:58 RAM 3343/3956MB (lfb 27x4MB) SWAP 1441/4026MB (cached 124MB) CPU [30%@1479,28%@1479,26%@1479,25%@1479] EMC_FREQ 0% GR3D_FREQ 99% PLL@40.5C CPU@45C PMIC@50C GPU@42.5C AO@51.5C thermal@44C
2023-09-03 21:41:58 RAM 3345/3956MB (lfb 27x4MB) SWAP 1441/4026MB (cached 124MB) CPU [30%@307,27%@307,25%@307,28%@307] EMC_FREQ 0% GR3D_FREQ 99% PLL@40.5C CPU@44.5C PMIC@50C GPU@42.5C AO@52C thermal@43.75C
2023-09-03 21:42:58 RAM 3337/3956MB (lfb 27x4MB) SWAP 1441/4026MB (cached 124MB) CPU [26%@204,22%@204,28%@204,22%@204] EMC_FREQ 0% GR3D_FREQ 99% PLL@40C CPU@44.5C PMIC@50C GPU@42.5C AO@51.5C thermal@43.25C
2023-09-03 21:43:58 RAM 3344/3956MB (lfb 27x4MB) SWAP 1441/4026MB (cached 124MB) CPU [26%@1479,26%@1479,23%@1479,27%@1479] EMC_FREQ 0% GR3D_FREQ 99% PLL@41C CPU@45C PMIC@50C GPU@42.5C AO@52C thermal@43.5C
2023-09-03 21:44:58 RAM 3349/3956MB (lfb 27x4MB) SWAP 1441/4026MB (cached 124MB) CPU [26%@1479,31%@1479,26%@1479,25%@1479] EMC_FREQ 0% GR3D_FREQ 99% PLL@41C CPU@46C PMIC@50C GPU@42.5C AO@52.5C thermal@43.75C
2023-09-03 21:45:58 RAM 3342/3956MB (lfb 27x4MB) SWAP 1443/4026MB (cached 124MB) CPU [26%@307,24%@307,27%@307,26%@307] EMC_FREQ 0% GR3D_FREQ 99% PLL@40.5C CPU@44.5C PMIC@50C GPU@42C AO@52C thermal@43.25C
2023-09-03 21:46:58 RAM 3348/3956MB (lfb 27x4MB) SWAP 1443/4026MB (cached 124MB) CPU [26%@307,24%@307,24%@307,22%@307] EMC_FREQ 0% GR3D_FREQ 99% PLL@40.5C CPU@44.5C PMIC@50C GPU@42.5C AO@52C thermal@43.5C
2023-09-03 21:47:58 RAM 3343/3956MB (lfb 27x4MB) SWAP 1443/4026MB (cached 124MB) CPU [32%@1479,25%@1479,26%@1479,28%@1479] EMC_FREQ 0% GR3D_FREQ 99% PLL@41C CPU@45.5C PMIC@50C GPU@42.5C AO@52.5C thermal@43.75C
2023-09-03 21:48:58 RAM 3343/3956MB (lfb 27x4MB) SWAP 1443/4026MB (cached 124MB) CPU [29%@921,22%@921,29%@921,27%@921] EMC_FREQ 0% GR3D_FREQ 99% PLL@40.5C CPU@45C PMIC@50C GPU@42.5C AO@52C thermal@43.75C
2023-09-03 21:49:58 RAM 3349/3956MB (lfb 27x4MB) SWAP 1443/4026MB (cached 124MB) CPU [27%@1479,21%@1479,23%@1479,19%@1479] EMC_FREQ 0% GR3D_FREQ 55% PLL@40.5C CPU@45C PMIC@50C GPU@42.5C AO@52C thermal@43.75C
2023-09-03 21:50:58 RAM 3349/3956MB (lfb 27x4MB) SWAP 1443/4026MB (cached 124MB) CPU [29%@307,27%@307,28%@307,28%@307] EMC_FREQ 0% GR3D_FREQ 99% PLL@40.5C CPU@45.5C PMIC@50C GPU@43C AO@52C thermal@43.75C
2023-09-03 21:51:58 RAM 3347/3956MB (lfb 27x4MB) SWAP 1443/4026MB (cached 124MB) CPU [26%@1479,27%@1479,30%@1479,27%@1479] EMC_FREQ 0% GR3D_FREQ 99% PLL@41C CPU@46C PMIC@50C GPU@43C AO@52.5C thermal@44C
2023-09-03 21:52:58 RAM 3350/3956MB (lfb 27x4MB) SWAP 1444/4026MB (cached 124MB) CPU [27%@1479,21%@1479,21%@1479,21%@1479] EMC_FREQ 0% GR3D_FREQ 99% PLL@40.5C CPU@45.5C PMIC@50C GPU@42.5C AO@52C thermal@43.75C
2023-09-03 21:53:58 RAM 3346/3956MB (lfb 27x4MB) SWAP 1444/4026MB (cached 124MB) CPU [30%@307,27%@307,26%@307,29%@307] EMC_FREQ 0% GR3D_FREQ 99% PLL@40C CPU@45C PMIC@50C GPU@42.5C AO@52.5C thermal@44.25C
2023-09-03 21:54:58 RAM 3348/3956MB (lfb 27x4MB) SWAP 1444/4026MB (cached 124MB) CPU [28%@1479,25%@1479,32%@1479,24%@1479] EMC_FREQ 0% GR3D_FREQ 99% PLL@41C CPU@46.5C PMIC@50C GPU@43C AO@52.5C thermal@43.75C
2023-09-03 21:55:58 RAM 3349/3956MB (lfb 27x4MB) SWAP 1444/4026MB (cached 124MB) CPU [26%@1479,23%@1479,21%@1479,20%@1479] EMC_FREQ 0% GR3D_FREQ 99% PLL@41C CPU@45.5C PMIC@50C GPU@42.5C AO@52C thermal@43.75C
2023-09-03 21:56:58 RAM 3352/3956MB (lfb 27x4MB) SWAP 1447/4026MB (cached 124MB) CPU [28%@307,28%@307,25%@307,30%@307] EMC_FREQ 0% GR3D_FREQ 99% PLL@40.5C CPU@45C PMIC@50C GPU@43C AO@52C thermal@44.25C
2023-09-03 21:57:58 RAM 3354/3956MB (lfb 27x4MB) SWAP 1449/4026MB (cached 124MB) CPU [30%@1479,26%@1479,24%@1479,29%@1479] EMC_FREQ 0% GR3D_FREQ 99% PLL@41.5C CPU@45.5C PMIC@50C GPU@42.5C AO@52.5C thermal@43.5C
2023-09-03 21:58:58 RAM 3347/3956MB (lfb 27x4MB) SWAP 1452/4026MB (cached 124MB) CPU [27%@1326,21%@1326,20%@1326,24%@1326] EMC_FREQ 0% GR3D_FREQ 99% PLL@40.5C CPU@45C PMIC@50C GPU@42.5C AO@52C thermal@43.5C
2023-09-03 21:59:58 RAM 3357/3956MB (lfb 27x4MB) SWAP 1449/4026MB (cached 124MB) CPU [27%@307,28%@307,26%@307,28%@307] EMC_FREQ 0% GR3D_FREQ 99% PLL@41C CPU@45C PMIC@50C GPU@43C AO@52C thermal@44.25C
2023-09-03 22:00:58 RAM 3355/3956MB (lfb 27x4MB) SWAP 1449/4026MB (cached 124MB) CPU [27%@1479,33%@1479,29%@1479,24%@1479] EMC_FREQ 0% GR3D_FREQ 99% PLL@41C CPU@46C PMIC@50C GPU@43C AO@52.5C thermal@44.25C
2023-09-03 22:01:58 RAM 3353/3956MB (lfb 27x4MB) SWAP 1449/4026MB (cached 124MB) CPU [27%@204,25%@204,23%@204,21%@204] EMC_FREQ 0% GR3D_FREQ 99% PLL@40.5C CPU@45C PMIC@50C GPU@42.5C AO@52C thermal@44C
2023-09-03 22:02:58 RAM 3359/3956MB (lfb 27x4MB) SWAP 1449/4026MB (cached 124MB) CPU [27%@518,25%@518,27%@518,24%@518] EMC_FREQ 0% GR3D_FREQ 99% PLL@40.5C CPU@45C PMIC@50C GPU@42.5C AO@52.5C thermal@44C
2023-09-03 22:03:58 RAM 3356/3956MB (lfb 27x4MB) SWAP 1449/4026MB (cached 124MB) CPU [30%@1479,27%@1479,24%@1479,30%@1479] EMC_FREQ 0% GR3D_FREQ 99% PLL@41C CPU@45.5C PMIC@50C GPU@42.5C AO@52C thermal@43.75C
2023-09-03 22:04:58 RAM 3359/3956MB (lfb 27x4MB) SWAP 1449/4026MB (cached 124MB) CPU [26%@204,25%@204,24%@204,26%@204] EMC_FREQ 0% GR3D_FREQ 99% PLL@40.5C CPU@45C PMIC@50C GPU@42.5C AO@52C thermal@43.5C
2023-09-03 22:05:58 RAM 3364/3956MB (lfb 27x4MB) SWAP 1449/4026MB (cached 124MB) CPU [26%@204,22%@204,24%@204,25%@204] EMC_FREQ 0% GR3D_FREQ 99% PLL@40C CPU@45C PMIC@50C GPU@43C AO@52C thermal@43.75C
2023-09-03 22:06:58 RAM 3359/3956MB (lfb 27x4MB) SWAP 1449/4026MB (cached 124MB) CPU [28%@825,31%@825,25%@825,26%@825] EMC_FREQ 0% GR3D_FREQ 99% PLL@40.5C CPU@45C PMIC@50C GPU@43C AO@51.5C thermal@43.5C
2023-09-03 22:07:58 RAM 3361/3956MB (lfb 27x4MB) SWAP 1449/4026MB (cached 124MB) CPU [27%@307,32%@307,26%@307,22%@307] EMC_FREQ 0% GR3D_FREQ 99% PLL@40C CPU@44.5C PMIC@50C GPU@42.5C AO@51.5C thermal@43.25C
2023-09-03 22:08:58 RAM 3364/3956MB (lfb 27x4MB) SWAP 1449/4026MB (cached 124MB) CPU [25%@1479,21%@1479,23%@1479,22%@1479] EMC_FREQ 0% GR3D_FREQ 99% PLL@40.5C CPU@45C PMIC@50C GPU@42C AO@51.5C thermal@43.5C
2023-09-03 22:09:58 RAM 3362/3956MB (lfb 27x4MB) SWAP 1450/4026MB (cached 124MB) CPU [24%@307,29%@307,35%@307,26%@307] EMC_FREQ 0% GR3D_FREQ 99% PLL@40.5C CPU@44.5C PMIC@50C GPU@42.5C AO@52C thermal@43.75C
2023-09-03 22:10:58 RAM 3362/3956MB (lfb 27x4MB) SWAP 1450/4026MB (cached 124MB) CPU [27%@1479,27%@1479,32%@1479,25%@1479] EMC_FREQ 0% GR3D_FREQ 99% PLL@41C CPU@47C PMIC@50C GPU@43C AO@51.5C thermal@44C
2023-09-03 22:11:58 RAM 3358/3956MB (lfb 27x4MB) SWAP 1451/4026MB (cached 124MB) CPU [25%@1479,22%@1479,23%@1479,20%@1479] EMC_FREQ 0% GR3D_FREQ 99% PLL@40.5C CPU@45.5C PMIC@50C GPU@42.5C AO@52C thermal@43.25C
2023-09-03 22:12:58 RAM 3361/3956MB (lfb 27x4MB) SWAP 1451/4026MB (cached 124MB) CPU [28%@1479,28%@1479,29%@1479,26%@1479] EMC_FREQ 0% GR3D_FREQ 99% PLL@40.5C CPU@46C PMIC@50C GPU@42C AO@52C thermal@43.75C
2023-09-03 22:13:58 RAM 3365/3956MB (lfb 27x4MB) SWAP 1451/4026MB (cached 124MB) CPU [30%@307,28%@307,24%@307,28%@307] EMC_FREQ 0% GR3D_FREQ 99% PLL@40C CPU@45C PMIC@50C GPU@42.5C AO@52C thermal@43.75C
2023-09-03 22:14:58 RAM 3354/3956MB (lfb 27x4MB) SWAP 1451/4026MB (cached 124MB) CPU [27%@307,22%@307,21%@307,21%@307] EMC_FREQ 0% GR3D_FREQ 99% PLL@40C CPU@44.5C PMIC@50C GPU@42.5C AO@52C thermal@43.5C
2023-09-03 22:15:58 RAM 3360/3956MB (lfb 27x4MB) SWAP 1451/4026MB (cached 124MB) CPU [31%@307,25%@307,25%@307,26%@307] EMC_FREQ 0% GR3D_FREQ 99% PLL@40C CPU@44.5C PMIC@50C GPU@42.5C AO@52C thermal@43.5C
2023-09-03 22:16:58 RAM 3363/3956MB (lfb 27x4MB) SWAP 1451/4026MB (cached 124MB) CPU [30%@1479,25%@1479,29%@1479,27%@1479] EMC_FREQ 0% GR3D_FREQ 99% PLL@40.5C CPU@46C PMIC@50C GPU@43C AO@52C thermal@43.75C
2023-09-03 22:17:58 RAM 3351/3956MB (lfb 27x4MB) SWAP 1451/4026MB (cached 124MB) CPU [27%@204,22%@204,20%@204,20%@204] EMC_FREQ 0% GR3D_FREQ 99% PLL@40C CPU@44.5C PMIC@50C GPU@42.5C AO@51.5C thermal@43.5C
2023-09-03 22:18:58 RAM 3360/3956MB (lfb 27x4MB) SWAP 1451/4026MB (cached 124MB) CPU [28%@1479,26%@1479,26%@1479,29%@1479] EMC_FREQ 0% GR3D_FREQ 99% PLL@41C CPU@45C PMIC@50C GPU@42C AO@51.5C thermal@43.75C
2023-09-03 22:19:58 RAM 3353/3956MB (lfb 27x4MB) SWAP 1451/4026MB (cached 124MB) CPU [33%@1479,29%@1479,24%@1479,25%@1479] EMC_FREQ 0% GR3D_FREQ 99% PLL@41C CPU@45C PMIC@50C GPU@42C AO@52C thermal@43.75C
2023-09-03 22:20:58 RAM 3356/3956MB (lfb 27x4MB) SWAP 1451/4026MB (cached 124MB) CPU [31%@204,22%@204,21%@204,21%@204] EMC_FREQ 0% GR3D_FREQ 99% PLL@40C CPU@44.5C PMIC@50C GPU@42.5C AO@52C thermal@43.5C
2023-09-03 22:21:58 RAM 3366/3956MB (lfb 27x4MB) SWAP 1467/4026MB (cached 127MB) CPU [27%@1479,33%@1479,28%@1479,26%@1479] EMC_FREQ 0% GR3D_FREQ 99% PLL@40C CPU@45.5C PMIC@50C GPU@42.5C AO@52C thermal@43.25C
2023-09-03 22:22:58 RAM 3377/3956MB (lfb 27x4MB) SWAP 1473/4026MB (cached 127MB) CPU [28%@1479,29%@1479,31%@1479,31%@1479] EMC_FREQ 0% GR3D_FREQ 99% PLL@37.5C CPU@41.5C PMIC@50C GPU@39.5C AO@48.5C thermal@40.25C
2023-09-03 22:23:58 RAM 3364/3956MB (lfb 27x4MB) SWAP 1476/4026MB (cached 127MB) CPU [28%@307,28%@307,26%@307,30%@307] EMC_FREQ 0% GR3D_FREQ 99% PLL@35C CPU@39C PMIC@50C GPU@37C AO@46C thermal@38C
2023-09-03 22:24:58 RAM 3355/3956MB (lfb 27x4MB) SWAP 1475/4026MB (cached 127MB) CPU [28%@1479,23%@1479,23%@1479,24%@1479] EMC_FREQ 0% GR3D_FREQ 99% PLL@33.5C CPU@38C PMIC@50C GPU@35.5C AO@44.5C thermal@37.25C
2023-09-03 22:25:58 RAM 3360/3956MB (lfb 27x4MB) SWAP 1476/4026MB (cached 127MB) CPU [31%@1479,26%@1479,30%@1479,28%@1479] EMC_FREQ 0% GR3D_FREQ 99% PLL@33.5C CPU@38C PMIC@50C GPU@35.5C AO@44C thermal@36C
2023-09-03 22:26:58 RAM 3361/3956MB (lfb 27x4MB) SWAP 1476/4026MB (cached 127MB) CPU [32%@1479,29%@1479,28%@1479,24%@1479] EMC_FREQ 0% GR3D_FREQ 99% PLL@33C CPU@37C PMIC@50C GPU@35C AO@44C thermal@36C
2023-09-03 22:27:58 RAM 3358/3956MB (lfb 27x4MB) SWAP 1475/4026MB (cached 127MB) CPU [24%@307,23%@307,23%@307,23%@307] EMC_FREQ 0% GR3D_FREQ 99% PLL@32C CPU@36.5C PMIC@50C GPU@34.5C AO@43.5C thermal@35.5C
2023-09-03 22:28:58 RAM 3362/3956MB (lfb 27x4MB) SWAP 1476/4026MB (cached 127MB) CPU [34%@1479,24%@1479,30%@1479,26%@1479] EMC_FREQ 0% GR3D_FREQ 99% PLL@32.5C CPU@37.5C PMIC@50C GPU@34.5C AO@43.5C thermal@36.25C
2023-09-03 22:29:58 RAM 3357/3956MB (lfb 27x4MB) SWAP 1476/4026MB (cached 127MB) CPU [30%@518,27%@403,28%@403,29%@403] EMC_FREQ 0% GR3D_FREQ 99% PLL@32C CPU@36.5C PMIC@50C GPU@34.5C AO@43.5C thermal@35.5C
2023-09-03 22:30:58 RAM 3356/3956MB (lfb 27x4MB) SWAP 1475/4026MB (cached 127MB) CPU [26%@1036,25%@1036,21%@1036,24%@1036] EMC_FREQ 0% GR3D_FREQ 99% PLL@32C CPU@36C PMIC@50C GPU@34C AO@43C thermal@35.25C
2023-09-03 22:31:58 RAM 3360/3956MB (lfb 27x4MB) SWAP 1475/4026MB (cached 127MB) CPU [28%@1479,29%@1479,25%@1479,23%@1479] EMC_FREQ 0% GR3D_FREQ 99% PLL@32C CPU@36.5C PMIC@50C GPU@34.5C AO@43C thermal@35.75C
2023-09-03 22:32:58 RAM 3357/3956MB (lfb 27x4MB) SWAP 1475/4026MB (cached 127MB) CPU [29%@307,30%@307,27%@307,28%@307] EMC_FREQ 0% GR3D_FREQ 99% PLL@32C CPU@36.5C PMIC@50C GPU@34.5C AO@43.5C thermal@35.25C
2023-09-03 22:33:58 RAM 3359/3956MB (lfb 27x4MB) SWAP 1475/4026MB (cached 127MB) CPU [24%@307,26%@307,28%@307,29%@307] EMC_FREQ 0% GR3D_FREQ 99% PLL@32C CPU@36.5C PMIC@50C GPU@34.5C AO@43C thermal@35.5C
2023-09-03 22:34:58 RAM 3367/3956MB (lfb 27x4MB) SWAP 1476/4026MB (cached 127MB) CPU [26%@1479,22%@1479,26%@1479,24%@1479] EMC_FREQ 0% GR3D_FREQ 99% PLL@32.5C CPU@37.5C PMIC@50C GPU@34.5C AO@43C thermal@35.5C
2023-09-03 22:35:58 RAM 3360/3956MB (lfb 27x4MB) SWAP 1476/4026MB (cached 127MB) CPU [29%@710,28%@710,30%@710,28%@710] EMC_FREQ 0% GR3D_FREQ 99% PLL@32.5C CPU@36.5C PMIC@50C GPU@34.5C AO@43C thermal@35.75C
2023-09-03 22:36:58 RAM 3364/3956MB (lfb 27x4MB) SWAP 1471/4026MB (cached 127MB) CPU [31%@307,25%@307,32%@307,26%@307] EMC_FREQ 0% GR3D_FREQ 99% PLL@32C CPU@36.5C PMIC@50C GPU@34.5C AO@43.5C thermal@35.25C
2023-09-03 22:37:58 RAM 3368/3956MB (lfb 27x4MB) SWAP 1471/4026MB (cached 127MB) CPU [24%@307,21%@307,23%@307,23%@307] EMC_FREQ 0% GR3D_FREQ 99% PLL@31.5C CPU@36.5C PMIC@50C GPU@34C AO@43.5C thermal@35.5C
2023-09-03 22:38:58 RAM 3363/3956MB (lfb 27x4MB) SWAP 1471/4026MB (cached 127MB) CPU [34%@307,28%@307,30%@307,24%@307] EMC_FREQ 0% GR3D_FREQ 99% PLL@32.5C CPU@36.5C PMIC@50C GPU@34.5C AO@43C thermal@35.5C
2023-09-03 22:39:58 RAM 3366/3956MB (lfb 27x4MB) SWAP 1471/4026MB (cached 127MB) CPU [28%@1479,25%@1479,34%@1479,27%@1479] EMC_FREQ 0% GR3D_FREQ 99% PLL@32C CPU@37C PMIC@50C GPU@34C AO@43.5C thermal@35.5C
2023-09-03 22:40:58 RAM 3365/3956MB (lfb 27x4MB) SWAP 1471/4026MB (cached 127MB) CPU [26%@307,20%@307,25%@307,20%@307] EMC_FREQ 0% GR3D_FREQ 99% PLL@32C CPU@36C PMIC@50C GPU@33.5C AO@43C thermal@34.75C
2023-09-03 22:41:58 RAM 3363/3956MB (lfb 27x4MB) SWAP 1471/4026MB (cached 127MB) CPU [27%@1479,33%@1479,30%@1479,27%@1479] EMC_FREQ 0% GR3D_FREQ 99% PLL@32.5C CPU@36.5C PMIC@50C GPU@34C AO@43.5C thermal@35.5C
2023-09-03 22:42:58 RAM 3365/3956MB (lfb 27x4MB) SWAP 1471/4026MB (cached 127MB) CPU [27%@1479,29%@1479,29%@1479,28%@1479] EMC_FREQ 0% GR3D_FREQ 24% PLL@32C CPU@36C PMIC@50C GPU@34C AO@43.5C thermal@35C
2023-09-03 22:43:58 RAM 3382/3956MB (lfb 27x4MB) SWAP 1472/4026MB (cached 127MB) CPU [32%@1479,29%@1479,25%@1479,30%@1479] EMC_FREQ 0% GR3D_FREQ 99% PLL@32.5C CPU@36.5C PMIC@50C GPU@34C AO@43.5C thermal@35C
2023-09-03 22:44:58 RAM 3362/3956MB (lfb 27x4MB) SWAP 1477/4026MB (cached 127MB) CPU [28%@307,27%@307,23%@307,25%@307] EMC_FREQ 0% GR3D_FREQ 99% PLL@32C CPU@36C PMIC@50C GPU@34C AO@43C thermal@35.5C
2023-09-03 22:45:58 RAM 3366/3956MB (lfb 27x4MB) SWAP 1477/4026MB (cached 127MB) CPU [29%@403,29%@403,27%@403,29%@403] EMC_FREQ 0% GR3D_FREQ 99% PLL@32.5C CPU@36C PMIC@50C GPU@34.5C AO@43.5C thermal@35.5C
2023-09-03 22:46:58 RAM 3361/3956MB (lfb 27x4MB) SWAP 1477/4026MB (cached 127MB) CPU [33%@1479,29%@1479,31%@1479,31%@1479] EMC_FREQ 0% GR3D_FREQ 99% PLL@32.5C CPU@36.5C PMIC@50C GPU@34C AO@43.5C thermal@35.5C
2023-09-03 22:47:58 RAM 3366/3956MB (lfb 27x4MB) SWAP 1477/4026MB (cached 127MB) CPU [28%@204,22%@204,24%@204,21%@204] EMC_FREQ 0% GR3D_FREQ 99% PLL@32C CPU@36C PMIC@50C GPU@34C AO@43C thermal@35C
2023-09-03 22:48:58 RAM 3372/3956MB (lfb 27x4MB) SWAP 1472/4026MB (cached 127MB) CPU [29%@1224,29%@1224,34%@1224,27%@1224] EMC_FREQ 0% GR3D_FREQ 99% PLL@32C CPU@36C PMIC@50C GPU@34C AO@43C thermal@35.75C
2023-09-03 22:49:58 RAM 3363/3956MB (lfb 27x4MB) SWAP 1471/4026MB (cached 127MB) CPU [32%@307,28%@307,30%@307,28%@307] EMC_FREQ 0% GR3D_FREQ 99% PLL@32.5C CPU@36C PMIC@50C GPU@34C AO@43.5C thermal@35.25C
2023-09-03 22:50:58 RAM 3362/3956MB (lfb 27x4MB) SWAP 1471/4026MB (cached 127MB) CPU [26%@204,20%@204,26%@204,21%@204] EMC_FREQ 0% GR3D_FREQ 99% PLL@32.5C CPU@36.5C PMIC@50C GPU@34.5C AO@43C thermal@35.5C
2023-09-03 22:51:58 RAM 3368/3956MB (lfb 27x4MB) SWAP 1471/4026MB (cached 127MB) CPU [28%@204,23%@204,33%@204,25%@204] EMC_FREQ 0% GR3D_FREQ 99% PLL@32C CPU@36C PMIC@50C GPU@34.5C AO@43C thermal@35.25C
2023-09-03 22:52:58 RAM 3386/3956MB (lfb 27x4MB) SWAP 1471/4026MB (cached 127MB) CPU [28%@921,28%@921,29%@921,31%@921] EMC_FREQ 0% GR3D_FREQ 99% PLL@32.5C CPU@36.5C PMIC@50C GPU@34.5C AO@43.5C thermal@36.25C
2023-09-03 22:53:58 RAM 3361/3956MB (lfb 27x4MB) SWAP 1477/4026MB (cached 127MB) CPU [30%@204,26%@204,30%@204,26%@204] EMC_FREQ 0% GR3D_FREQ 99% PLL@32C CPU@36C PMIC@50C GPU@34C AO@43C thermal@35.25C
2023-09-03 22:54:58 RAM 3361/3956MB (lfb 27x4MB) SWAP 1476/4026MB (cached 127MB) CPU [29%@1479,26%@1479,25%@1479,26%@1479] EMC_FREQ 0% GR3D_FREQ 99% PLL@32.5C CPU@37C PMIC@50C GPU@34C AO@43.5C thermal@36C
2023-09-03 22:55:58 RAM 3361/3956MB (lfb 27x4MB) SWAP 1476/4026MB (cached 127MB) CPU [30%@1479,29%@1479,32%@1479,26%@1479] EMC_FREQ 0% GR3D_FREQ 99% PLL@32.5C CPU@36.5C PMIC@50C GPU@34.5C AO@43C thermal@35.5C
2023-09-03 22:56:58 RAM 3365/3956MB (lfb 27x4MB) SWAP 1476/4026MB (cached 127MB) CPU [31%@1479,23%@1479,30%@1479,30%@1479] EMC_FREQ 0% GR3D_FREQ 99% PLL@32.5C CPU@36.5C PMIC@50C GPU@34.5C AO@43.5C thermal@35.25C
2023-09-03 22:57:58 RAM 3360/3956MB (lfb 27x4MB) SWAP 1476/4026MB (cached 127MB) CPU [27%@1479,21%@1479,21%@1479,24%@1479] EMC_FREQ 0% GR3D_FREQ 99% PLL@32.5C CPU@37.5C PMIC@50C GPU@34.5C AO@43.5C thermal@35.25C
2023-09-03 22:58:58 RAM 3365/3956MB (lfb 27x4MB) SWAP 1476/4026MB (cached 127MB) CPU [30%@307,28%@307,29%@307,29%@307] EMC_FREQ 0% GR3D_FREQ 99% PLL@32C CPU@36.5C PMIC@50C GPU@34C AO@43C thermal@35.25C
2023-09-03 22:59:58 RAM 3369/3956MB (lfb 27x4MB) SWAP 1477/4026MB (cached 127MB) CPU [33%@1479,28%@1479,31%@1479,26%@1479] EMC_FREQ 0% GR3D_FREQ 99% PLL@32.5C CPU@38C PMIC@50C GPU@35C AO@43.5C thermal@35.5C
2023-09-03 23:00:58 RAM 3362/3956MB (lfb 27x4MB) SWAP 1477/4026MB (cached 127MB) CPU [25%@204,26%@204,25%@204,21%@204] EMC_FREQ 0% GR3D_FREQ 99% PLL@32C CPU@36.5C PMIC@50C GPU@34.5C AO@43.5C thermal@35.5C
2023-09-03 23:01:58 RAM 3367/3956MB (lfb 27x4MB) SWAP 1477/4026MB (cached 127MB) CPU [31%@307,29%@307,27%@307,25%@307] EMC_FREQ 0% GR3D_FREQ 99% PLL@32.5C CPU@36.5C PMIC@50C GPU@34.5C AO@43C thermal@35.75C
2023-09-03 23:02:58 RAM 3359/3956MB (lfb 27x4MB) SWAP 1477/4026MB (cached 127MB) CPU [30%@825,28%@825,34%@825,29%@825] EMC_FREQ 0% GR3D_FREQ 60% PLL@32C CPU@36.5C PMIC@50C GPU@34.5C AO@43C thermal@36.25C
2023-09-03 23:03:58 RAM 3364/3956MB (lfb 27x4MB) SWAP 1477/4026MB (cached 127MB) CPU [30%@1132,26%@1132,26%@1132,26%@1132] EMC_FREQ 0% GR3D_FREQ 99% PLL@32.5C CPU@36.5C PMIC@50C GPU@34.5C AO@43.5C thermal@35.75C
2023-09-03 23:04:58 RAM 3368/3956MB (lfb 27x4MB) SWAP 1477/4026MB (cached 127MB) CPU [26%@307,24%@307,26%@307,19%@307] EMC_FREQ 0% GR3D_FREQ 99% PLL@32.5C CPU@37C PMIC@50C GPU@34.5C AO@43.5C thermal@35.25C
2023-09-03 23:05:58 RAM 3361/3956MB (lfb 27x4MB) SWAP 1473/4026MB (cached 127MB) CPU [30%@403,28%@403,31%@403,26%@403] EMC_FREQ 0% GR3D_FREQ 99% PLL@32.5C CPU@36.5C PMIC@50C GPU@34.5C AO@43.5C thermal@35.75C
2023-09-03 23:06:58 RAM 3366/3956MB (lfb 27x4MB) SWAP 1473/4026MB (cached 127MB) CPU [30%@1479,26%@1479,33%@1479,25%@1479] EMC_FREQ 0% GR3D_FREQ 99% PLL@32.5C CPU@37.5C PMIC@50C GPU@34.5C AO@43.5C thermal@35.75C
2023-09-03 23:07:58 RAM 3364/3956MB (lfb 27x4MB) SWAP 1506/4026MB (cached 128MB) CPU [31%@1479,26%@1479,27%@1479,26%@1479] EMC_FREQ 0% GR3D_FREQ 99% PLL@32C CPU@37C PMIC@50C GPU@34.5C AO@43.5C thermal@34.25C
2023-09-03 23:08:58 RAM 3343/3956MB (lfb 27x4MB) SWAP 1518/4026MB (cached 128MB) CPU [27%@307,28%@307,33%@307,29%@307] EMC_FREQ 0% GR3D_FREQ 99% PLL@32C CPU@36.5C PMIC@50C GPU@34.5C AO@43.5C thermal@35.5C
2023-09-03 23:09:58 RAM 3340/3956MB (lfb 27x4MB) SWAP 1515/4026MB (cached 128MB) CPU [26%@1479,26%@1479,34%@1479,24%@1479] EMC_FREQ 0% GR3D_FREQ 99% PLL@32C CPU@37C PMIC@50C GPU@34C AO@43C thermal@36C
2023-09-03 23:10:58 RAM 3340/3956MB (lfb 27x4MB) SWAP 1514/4026MB (cached 128MB) CPU [22%@307,24%@307,27%@307,23%@307] EMC_FREQ 0% GR3D_FREQ 99% PLL@31.5C CPU@36C PMIC@50C GPU@34.5C AO@42.5C thermal@35.25C
2023-09-03 23:11:58 RAM 3345/3956MB (lfb 27x4MB) SWAP 1514/4026MB (cached 128MB) CPU [26%@1479,27%@1479,25%@1479,21%@1479] EMC_FREQ 0% GR3D_FREQ 99% PLL@32C CPU@36.5C PMIC@50C GPU@34C AO@43.5C thermal@35.25C
2023-09-03 23:12:58 RAM 3347/3956MB (lfb 27x4MB) SWAP 1514/4026MB (cached 128MB) CPU [32%@1224,28%@1224,26%@1224,24%@1224] EMC_FREQ 0% GR3D_FREQ 99% PLL@32C CPU@37C PMIC@50C GPU@34.5C AO@43C thermal@35.25C
2023-09-03 23:13:58 RAM 3340/3956MB (lfb 27x4MB) SWAP 1514/4026MB (cached 128MB) CPU [27%@307,23%@307,33%@307,26%@307] EMC_FREQ 0% GR3D_FREQ 99% PLL@31.5C CPU@36.5C PMIC@50C GPU@34C AO@42.5C thermal@35C
2023-09-03 23:14:58 RAM 3343/3956MB (lfb 27x4MB) SWAP 1514/4026MB (cached 128MB) CPU [25%@307,22%@307,23%@307,21%@307] EMC_FREQ 0% GR3D_FREQ 99% PLL@31.5C CPU@36.5C PMIC@50C GPU@34C AO@43C thermal@35C
2023-09-03 23:15:58 RAM 3364/3956MB (lfb 27x4MB) SWAP 1514/4026MB (cached 128MB) CPU [34%@1479,32%@1479,32%@1479,27%@1479] EMC_FREQ 0% GR3D_FREQ 99% PLL@32.5C CPU@36.5C PMIC@50C GPU@33.5C AO@43C thermal@35C
2023-09-03 23:16:58 RAM 3342/3956MB (lfb 27x4MB) SWAP 1513/4026MB (cached 128MB) CPU [29%@1479,30%@1479,33%@1479,28%@1479] EMC_FREQ 0% GR3D_FREQ 99% PLL@32.5C CPU@36.5C PMIC@50C GPU@33.5C AO@43C thermal@35.5C
2023-09-03 23:17:58 RAM 3345/3956MB (lfb 27x4MB) SWAP 1514/4026MB (cached 128MB) CPU [25%@204,19%@307,22%@307,19%@307] EMC_FREQ 0% GR3D_FREQ 99% PLL@31.5C CPU@35.5C PMIC@50C GPU@33.5C AO@42.5C thermal@34.5C
2023-09-03 23:18:58 RAM 3350/3956MB (lfb 27x4MB) SWAP 1510/4026MB (cached 128MB) CPU [31%@307,30%@307,32%@307,30%@307] EMC_FREQ 0% GR3D_FREQ 99% PLL@31.5C CPU@35.5C PMIC@50C GPU@33.5C AO@42.5C thermal@34.5C
2023-09-03 23:19:58 RAM 3343/3956MB (lfb 27x4MB) SWAP 1510/4026MB (cached 128MB) CPU [32%@710,27%@710,39%@710,29%@710] EMC_FREQ 0% GR3D_FREQ 99% PLL@32C CPU@35.5C PMIC@50C GPU@33.5C AO@42.5C thermal@35C
2023-09-03 23:20:58 RAM 3364/3956MB (lfb 27x4MB) SWAP 1510/4026MB (cached 128MB) CPU [27%@403,24%@403,29%@403,24%@403] EMC_FREQ 0% GR3D_FREQ 99% PLL@32C CPU@36C PMIC@50C GPU@33.5C AO@42.5C thermal@34.75C
2023-09-03 23:21:58 RAM 3349/3956MB (lfb 27x4MB) SWAP 1510/4026MB (cached 128MB) CPU [25%@1479,22%@1479,26%@1479,25%@1479] EMC_FREQ 0% GR3D_FREQ 99% PLL@31.5C CPU@36C PMIC@50C GPU@33.5C AO@43C thermal@35.25C
2023-09-03 23:22:58 RAM 3350/3956MB (lfb 27x4MB) SWAP 1510/4026MB (cached 128MB) CPU [34%@1479,29%@1479,30%@1479,33%@1479] EMC_FREQ 0% GR3D_FREQ 99% PLL@32.5C CPU@36.5C PMIC@50C GPU@33.5C AO@43C thermal@34.75C
2023-09-03 23:23:58 RAM 3348/3956MB (lfb 27x4MB) SWAP 1505/4026MB (cached 128MB) CPU [28%@307,30%@307,28%@307,29%@307] EMC_FREQ 0% GR3D_FREQ 99% PLL@32C CPU@36C PMIC@50C GPU@33.5C AO@42.5C thermal@34.75C
2023-09-03 23:24:58 RAM 3350/3956MB (lfb 27x4MB) SWAP 1505/4026MB (cached 128MB) CPU [35%@1479,24%@1479,21%@1479,25%@1479] EMC_FREQ 0% GR3D_FREQ 99% PLL@32C CPU@37.5C PMIC@50C GPU@34C AO@42.5C thermal@35C
2023-09-03 23:25:58 RAM 3363/3956MB (lfb 27x4MB) SWAP 1505/4026MB (cached 128MB) CPU [29%@1479,25%@1479,24%@1479,33%@1479] EMC_FREQ 0% GR3D_FREQ 99% PLL@32.5C CPU@36.5C PMIC@50C GPU@34C AO@43C thermal@35.5C
2023-09-03 23:26:58 RAM 3348/3956MB (lfb 27x4MB) SWAP 1505/4026MB (cached 128MB) CPU [30%@1479,29%@1479,25%@1479,30%@1479] EMC_FREQ 0% GR3D_FREQ 99% PLL@32C CPU@37C PMIC@50C GPU@34C AO@42.5C thermal@34.75C
2023-09-03 23:27:58 RAM 3345/3956MB (lfb 27x4MB) SWAP 1505/4026MB (cached 128MB) CPU [26%@825,22%@825,21%@825,21%@825] EMC_FREQ 0% GR3D_FREQ 55% PLL@31.5C CPU@35.5C PMIC@50C GPU@33.5C AO@43C thermal@35C
2023-09-03 23:28:58 RAM 3341/3956MB (lfb 27x4MB) SWAP 1505/4026MB (cached 128MB) CPU [29%@403,31%@403,26%@403,23%@403] EMC_FREQ 0% GR3D_FREQ 99% PLL@31.5C CPU@36.5C PMIC@50C GPU@33.5C AO@43C thermal@34.75C
2023-09-03 23:29:58 RAM 3343/3956MB (lfb 27x4MB) SWAP 1506/4026MB (cached 128MB) CPU [28%@307,28%@307,26%@307,25%@307] EMC_FREQ 0% GR3D_FREQ 99% PLL@32C CPU@36C PMIC@50C GPU@34C AO@43C thermal@35C
2023-09-03 23:30:58 RAM 3344/3956MB (lfb 27x4MB) SWAP 1506/4026MB (cached 128MB) CPU [23%@1479,26%@1479,25%@1479,27%@1479] EMC_FREQ 0% GR3D_FREQ 99% PLL@31.5C CPU@36C PMIC@50C GPU@34C AO@42.5C thermal@35C
2023-09-03 23:31:58 RAM 3340/3956MB (lfb 27x4MB) SWAP 1506/4026MB (cached 128MB) CPU [28%@518,26%@518,26%@518,24%@518] EMC_FREQ 0% GR3D_FREQ 99% PLL@32C CPU@36C PMIC@50C GPU@34C AO@43C thermal@35.25C
2023-09-03 23:32:58 RAM 3341/3956MB (lfb 27x4MB) SWAP 1506/4026MB (cached 128MB) CPU [27%@1479,25%@1479,28%@1479,29%@1479] EMC_FREQ 0% GR3D_FREQ 99% PLL@32.5C CPU@36.5C PMIC@50C GPU@34C AO@43C thermal@35.5C
2023-09-03 23:33:59 RAM 3365/3956MB (lfb 27x4MB) SWAP 1501/4026MB (cached 128MB) CPU [31%@1479,27%@1479,29%@1479,32%@1479] EMC_FREQ 0% GR3D_FREQ 99% PLL@32.5C CPU@36.5C PMIC@50C GPU@33.5C AO@43C thermal@35.5C
2023-09-03 23:34:59 RAM 3377/3956MB (lfb 27x4MB) SWAP 1502/4026MB (cached 127MB) CPU [30%@1479,22%@1479,22%@1479,22%@1479] EMC_FREQ 0% GR3D_FREQ 99% PLL@31.5C CPU@36C PMIC@50C GPU@34C AO@43C thermal@34.75C
2023-09-03 23:35:59 RAM 3403/3956MB (lfb 27x4MB) SWAP 1526/4026MB (cached 128MB) CPU [27%@614,24%@614,17%@614,19%@614] EMC_FREQ 0% GR3D_FREQ 69% PLL@29.5C CPU@33.5C PMIC@50C GPU@32C AO@40.5C thermal@32.5C
2023-09-03 23:36:59 RAM 1944/3956MB (lfb 18x4MB) SWAP 1067/4026MB (cached 84MB) CPU [19%@102,17%@102,14%@102,12%@102] EMC_FREQ 0% GR3D_FREQ 0% PLL@27C CPU@30.5C PMIC@50C GPU@29C AO@38.5C thermal@30C