2023-09-01 12:10:05 RAM 2319/3956MB (lfb 49x4MB) SWAP 895/4026MB (cached 159MB) CPU [31%@307,25%@307,29%@307,24%@307] EMC_FREQ 0% GR3D_FREQ 0% PLL@25C CPU@28C PMIC@50C GPU@26C AO@35C thermal@27C
2023-09-01 12:11:05 RAM 3356/3956MB (lfb 5x128kB) SWAP 905/4026MB (cached 153MB) CPU [18%@614,17%@614,19%@614,17%@614] EMC_FREQ 0% GR3D_FREQ 0% PLL@24.5C CPU@27.5C PMIC@50C GPU@26.5C AO@34C thermal@26.75C
2023-09-01 12:12:05 RAM 3649/3956MB (lfb 1x2MB) SWAP 917/4026MB (cached 137MB) CPU [14%@102,13%@102,12%@102,8%@102] EMC_FREQ 0% GR3D_FREQ 0% PLL@24C CPU@26.5C PMIC@50C GPU@26C AO@33C thermal@26C
2023-09-01 12:13:05 RAM 3686/3956MB (lfb 2x256kB) SWAP 932/4026MB (cached 131MB) CPU [16%@710,13%@710,13%@710,10%@710] EMC_FREQ 0% GR3D_FREQ 0% PLL@23.5C CPU@26.5C PMIC@50C GPU@23.5C AO@33C thermal@25.75C
2023-09-01 12:14:05 RAM 3647/3956MB (lfb 1x2MB) SWAP 1019/4026MB (cached 112MB) CPU [23%@518,17%@518,13%@518,15%@518] EMC_FREQ 0% GR3D_FREQ 0% PLL@23C CPU@26.5C PMIC@50C GPU@25C AO@33C thermal@25.75C
2023-09-01 12:15:05 RAM 3615/3956MB (lfb 1x2MB) SWAP 1178/4026MB (cached 114MB) CPU [19%@102,16%@102,16%@102,14%@102] EMC_FREQ 0% GR3D_FREQ 0% PLL@23C CPU@26C PMIC@50C GPU@24C AO@33C thermal@25.5C
2023-09-01 12:16:05 RAM 3668/3956MB (lfb 1x2MB) SWAP 1218/4026MB (cached 166MB) CPU [33%@1479,27%@1479,31%@1479,27%@1479] EMC_FREQ 0% GR3D_FREQ 88% PLL@26.5C CPU@30.5C PMIC@50C GPU@28.5C AO@36.5C thermal@29.5C
2023-09-01 12:17:05 RAM 3574/3956MB (lfb 15x256kB) SWAP 1444/4026MB (cached 183MB) CPU [34%@1479,26%@1479,27%@825,25%@825] EMC_FREQ 0% GR3D_FREQ 0% PLL@26C CPU@29C PMIC@50C GPU@28C AO@36.5C thermal@28.5C
2023-09-01 12:18:05 RAM 3561/3956MB (lfb 3x512kB) SWAP 1487/4026MB (cached 183MB) CPU [30%@1326,34%@1326,34%@1326,26%@1479] EMC_FREQ 0% GR3D_FREQ 99% PLL@29C CPU@33C PMIC@50C GPU@30.5C AO@39C thermal@31.75C
2023-09-01 12:19:05 RAM 3565/3956MB (lfb 1x512kB) SWAP 1501/4026MB (cached 185MB) CPU [31%@1479,45%@1479,39%@1479,30%@1479] EMC_FREQ 0% GR3D_FREQ 78% PLL@30.5C CPU@34C PMIC@50C GPU@31.5C AO@40.5C thermal@32.75C
2023-09-01 12:20:05 RAM 3558/3956MB (lfb 9x256kB) SWAP 1514/4026MB (cached 185MB) CPU [32%@1479,44%@1479,38%@1479,32%@1479] EMC_FREQ 0% GR3D_FREQ 99% PLL@31.5C CPU@35C PMIC@50C GPU@33C AO@41.5C thermal@34.5C
2023-09-01 12:21:05 RAM 3559/3956MB (lfb 10x256kB) SWAP 1519/4026MB (cached 185MB) CPU [33%@1479,44%@1479,40%@1479,34%@1479] EMC_FREQ 0% GR3D_FREQ 75% PLL@32.5C CPU@36.5C PMIC@50C GPU@33.5C AO@42.5C thermal@35C
2023-09-01 12:22:05 RAM 3555/3956MB (lfb 1x2MB) SWAP 1523/4026MB (cached 184MB) CPU [41%@921,39%@921,40%@921,34%@921] EMC_FREQ 0% GR3D_FREQ 99% PLL@32.5C CPU@36.5C PMIC@50C GPU@34C AO@42.5C thermal@35.75C
2023-09-01 12:23:05 RAM 3548/3956MB (lfb 1x2MB) SWAP 1534/4026MB (cached 184MB) CPU [37%@1479,45%@1479,39%@1479,41%@1479] EMC_FREQ 0% GR3D_FREQ 90% PLL@33.5C CPU@38C PMIC@50C GPU@35C AO@43.5C thermal@35.75C
2023-09-01 12:24:05 RAM 3561/3956MB (lfb 1x2MB) SWAP 1534/4026MB (cached 184MB) CPU [38%@1479,39%@1479,39%@1479,40%@1479] EMC_FREQ 0% GR3D_FREQ 93% PLL@33.5C CPU@37C PMIC@50C GPU@35C AO@44C thermal@36.25C
2023-09-01 12:25:05 RAM 3568/3956MB (lfb 1x2MB) SWAP 1533/4026MB (cached 185MB) CPU [39%@1479,39%@1479,39%@1479,40%@1479] EMC_FREQ 0% GR3D_FREQ 99% PLL@34C CPU@38C PMIC@50C GPU@35C AO@43.5C thermal@36.5C
2023-09-01 12:26:05 RAM 3558/3956MB (lfb 1x2MB) SWAP 1538/4026MB (cached 185MB) CPU [38%@1479,38%@1479,37%@1479,43%@1479] EMC_FREQ 0% GR3D_FREQ 99% PLL@34C CPU@38.5C PMIC@50C GPU@35C AO@44C thermal@36.5C
2023-09-01 12:27:05 RAM 3558/3956MB (lfb 5x1MB) SWAP 1541/4026MB (cached 185MB) CPU [37%@1479,37%@1479,42%@1479,42%@1479] EMC_FREQ 0% GR3D_FREQ 92% PLL@34C CPU@37.5C PMIC@50C GPU@35C AO@43.5C thermal@36.75C
2023-09-01 12:28:05 RAM 3558/3956MB (lfb 1x2MB) SWAP 1541/4026MB (cached 185MB) CPU [40%@1479,37%@1479,39%@1479,41%@1479] EMC_FREQ 0% GR3D_FREQ 99% PLL@34C CPU@38.5C PMIC@50C GPU@35.5C AO@44C thermal@36.25C
2023-09-01 12:29:05 RAM 3561/3956MB (lfb 1x2MB) SWAP 1541/4026MB (cached 185MB) CPU [41%@1479,37%@1479,38%@1479,40%@1479] EMC_FREQ 0% GR3D_FREQ 99% PLL@33.5C CPU@39C PMIC@50C GPU@35C AO@44.5C thermal@37C
2023-09-01 12:30:05 RAM 3566/3956MB (lfb 1x2MB) SWAP 1540/4026MB (cached 185MB) CPU [37%@1479,39%@1479,38%@1479,41%@1479] EMC_FREQ 0% GR3D_FREQ 99% PLL@34.5C CPU@37.5C PMIC@50C GPU@35.5C AO@44C thermal@36.5C
2023-09-01 12:31:05 RAM 3574/3956MB (lfb 1x2MB) SWAP 1540/4026MB (cached 185MB) CPU [36%@1479,37%@1479,40%@1479,41%@1479] EMC_FREQ 0% GR3D_FREQ 93% PLL@34C CPU@37.5C PMIC@50C GPU@35C AO@43.5C thermal@36.5C
2023-09-01 12:32:05 RAM 3579/3956MB (lfb 1x2MB) SWAP 1539/4026MB (cached 190MB) CPU [44%@1479,37%@1479,37%@1479,38%@1479] EMC_FREQ 0% GR3D_FREQ 99% PLL@33.5C CPU@38.5C PMIC@50C GPU@35.5C AO@44.5C thermal@36.75C
2023-09-01 12:33:05 RAM 3577/3956MB (lfb 1x2MB) SWAP 1532/4026MB (cached 187MB) CPU [43%@1479,36%@1479,37%@1479,38%@1479] EMC_FREQ 0% GR3D_FREQ 99% PLL@34C CPU@38C PMIC@50C GPU@35C AO@43.5C thermal@36.5C
2023-09-01 12:34:05 RAM 3577/3956MB (lfb 1x2MB) SWAP 1532/4026MB (cached 187MB) CPU [41%@1479,38%@1479,39%@1479,40%@1479] EMC_FREQ 0% GR3D_FREQ 99% PLL@34C CPU@37C PMIC@50C GPU@35C AO@43.5C thermal@35.75C
2023-09-01 12:35:05 RAM 3575/3956MB (lfb 1x2MB) SWAP 1536/4026MB (cached 187MB) CPU [40%@1479,39%@1479,43%@1479,39%@1479] EMC_FREQ 0% GR3D_FREQ 99% PLL@33.5C CPU@37.5C PMIC@50C GPU@35C AO@44C thermal@36.25C
2023-09-01 12:36:05 RAM 3585/3956MB (lfb 1x2MB) SWAP 1536/4026MB (cached 187MB) CPU [39%@1479,39%@1479,39%@1479,39%@1479] EMC_FREQ 0% GR3D_FREQ 96% PLL@33.5C CPU@38C PMIC@50C GPU@35C AO@44C thermal@36.25C
2023-09-01 12:37:05 RAM 3522/3956MB (lfb 1x2MB) SWAP 1507/4026MB (cached 188MB) CPU [37%@1479,38%@1479,43%@1479,40%@1479] EMC_FREQ 0% GR3D_FREQ 76% PLL@34C CPU@37.5C PMIC@50C GPU@35C AO@44C thermal@36.25C
2023-09-01 12:38:05 RAM 3521/3956MB (lfb 1x2MB) SWAP 1507/4026MB (cached 188MB) CPU [42%@1479,34%@1479,36%@1479,42%@1479] EMC_FREQ 0% GR3D_FREQ 91% PLL@34C CPU@37.5C PMIC@50C GPU@35C AO@44C thermal@36.25C
2023-09-01 12:39:05 RAM 3521/3956MB (lfb 1x2MB) SWAP 1506/4026MB (cached 188MB) CPU [40%@1479,36%@1479,39%@1479,42%@1479] EMC_FREQ 0% GR3D_FREQ 99% PLL@33.5C CPU@37C PMIC@50C GPU@35C AO@44C thermal@35.75C
2023-09-01 12:40:05 RAM 3518/3956MB (lfb 2x2MB) SWAP 1506/4026MB (cached 188MB) CPU [39%@1479,45%@1479,38%@1479,39%@1479] EMC_FREQ 0% GR3D_FREQ 99% PLL@34C CPU@37.5C PMIC@50C GPU@35C AO@43.5C thermal@36.25C
2023-09-01 12:41:05 RAM 3519/3956MB (lfb 2x2MB) SWAP 1501/4026MB (cached 188MB) CPU [36%@1479,34%@1479,44%@1479,40%@1479] EMC_FREQ 0% GR3D_FREQ 97% PLL@33.5C CPU@38C PMIC@50C GPU@35C AO@44C thermal@36.25C
2023-09-01 12:42:05 RAM 3521/3956MB (lfb 2x2MB) SWAP 1501/4026MB (cached 188MB) CPU [39%@1479,36%@1479,39%@1479,42%@1479] EMC_FREQ 0% GR3D_FREQ 99% PLL@34C CPU@37.5C PMIC@50C GPU@35C AO@44C thermal@36.75C
2023-09-01 12:43:05 RAM 3530/3956MB (lfb 2x2MB) SWAP 1501/4026MB (cached 188MB) CPU [37%@1479,37%@1479,38%@1479,42%@1479] EMC_FREQ 0% GR3D_FREQ 99% PLL@34C CPU@38C PMIC@50C GPU@35C AO@44C thermal@36.25C
2023-09-01 12:44:05 RAM 3531/3956MB (lfb 2x2MB) SWAP 1501/4026MB (cached 188MB) CPU [36%@1479,38%@1479,42%@1479,40%@1479] EMC_FREQ 0% GR3D_FREQ 98% PLL@33.5C CPU@38.5C PMIC@50C GPU@35C AO@44.5C thermal@36.75C
2023-09-01 12:45:05 RAM 3532/3956MB (lfb 1x2MB) SWAP 1501/4026MB (cached 188MB) CPU [39%@1479,42%@1479,42%@1479,36%@1479] EMC_FREQ 0% GR3D_FREQ 99% PLL@33.5C CPU@37.5C PMIC@50C GPU@35C AO@44.5C thermal@36.25C
2023-09-01 12:46:05 RAM 3535/3956MB (lfb 1x2MB) SWAP 1501/4026MB (cached 188MB) CPU [45%@1479,36%@1479,37%@1479,40%@1479] EMC_FREQ 0% GR3D_FREQ 95% PLL@34C CPU@37.5C PMIC@50C GPU@35.5C AO@44C thermal@37.25C
2023-09-01 12:47:05 RAM 3534/3956MB (lfb 1x2MB) SWAP 1501/4026MB (cached 188MB) CPU [42%@1479,41%@1479,36%@1479,35%@1479] EMC_FREQ 0% GR3D_FREQ 99% PLL@34C CPU@38.5C PMIC@50C GPU@35C AO@44.5C thermal@36C
2023-09-01 12:48:05 RAM 3537/3956MB (lfb 1x2MB) SWAP 1501/4026MB (cached 188MB) CPU [45%@1479,36%@1479,42%@1479,34%@1479] EMC_FREQ 0% GR3D_FREQ 99% PLL@34C CPU@38C PMIC@50C GPU@35.5C AO@44C thermal@37C
2023-09-01 12:49:05 RAM 3546/3956MB (lfb 1x2MB) SWAP 1501/4026MB (cached 188MB) CPU [36%@1479,38%@1479,41%@1479,40%@1479] EMC_FREQ 0% GR3D_FREQ 55% PLL@34C CPU@37.5C PMIC@50C GPU@35C AO@44C thermal@37.25C
2023-09-01 12:50:05 RAM 3547/3956MB (lfb 1x2MB) SWAP 1501/4026MB (cached 188MB) CPU [41%@1479,35%@1479,38%@1479,43%@1479] EMC_FREQ 0% GR3D_FREQ 87% PLL@34.5C CPU@38C PMIC@50C GPU@35.5C AO@44C thermal@36.75C
2023-09-01 12:51:05 RAM 3550/3956MB (lfb 1x2MB) SWAP 1501/4026MB (cached 188MB) CPU [37%@1479,38%@1479,40%@1479,41%@1479] EMC_FREQ 0% GR3D_FREQ 99% PLL@34C CPU@38.5C PMIC@50C GPU@35.5C AO@44.5C thermal@36.25C
2023-09-01 12:52:05 RAM 3553/3956MB (lfb 1x2MB) SWAP 1501/4026MB (cached 188MB) CPU [39%@1479,42%@1479,39%@1479,38%@1479] EMC_FREQ 0% GR3D_FREQ 99% PLL@34C CPU@37C PMIC@50C GPU@35.5C AO@44C thermal@36.5C
2023-09-01 12:53:05 RAM 3553/3956MB (lfb 1x2MB) SWAP 1501/4026MB (cached 188MB) CPU [36%@1479,41%@1479,36%@1479,42%@1479] EMC_FREQ 0% GR3D_FREQ 99% PLL@34C CPU@37.5C PMIC@50C GPU@35C AO@44C thermal@36.5C
2023-09-01 12:54:05 RAM 3560/3956MB (lfb 1x2MB) SWAP 1497/4026MB (cached 185MB) CPU [37%@1479,35%@1479,37%@1479,45%@1479] EMC_FREQ 0% GR3D_FREQ 47% PLL@33.5C CPU@37C PMIC@50C GPU@35.5C AO@44C thermal@36.75C
2023-09-01 12:55:05 RAM 3564/3956MB (lfb 1x2MB) SWAP 1497/4026MB (cached 185MB) CPU [39%@1479,40%@1479,41%@1479,35%@1479] EMC_FREQ 0% GR3D_FREQ 99% PLL@34C CPU@37.5C PMIC@50C GPU@35C AO@44C thermal@36.5C
2023-09-01 12:56:05 RAM 3562/3956MB (lfb 1x2MB) SWAP 1497/4026MB (cached 185MB) CPU [42%@1479,35%@1479,37%@1479,44%@1479] EMC_FREQ 0% GR3D_FREQ 99% PLL@33.5C CPU@38C PMIC@50C GPU@35C AO@43.5C thermal@36C
2023-09-01 12:57:05 RAM 3564/3956MB (lfb 1x2MB) SWAP 1486/4026MB (cached 186MB) CPU [42%@1479,38%@1479,43%@1479,37%@1479] EMC_FREQ 0% GR3D_FREQ 92% PLL@34C CPU@37.5C PMIC@50C GPU@35.5C AO@44C thermal@37.25C
2023-09-01 12:58:05 RAM 3567/3956MB (lfb 1x2MB) SWAP 1486/4026MB (cached 186MB) CPU [38%@1479,39%@1479,42%@1479,37%@1479] EMC_FREQ 0% GR3D_FREQ 85% PLL@33.5C CPU@37.5C PMIC@50C GPU@35C AO@44C thermal@37.25C
2023-09-01 12:59:05 RAM 3564/3956MB (lfb 1x2MB) SWAP 1487/4026MB (cached 186MB) CPU [42%@1479,37%@1479,35%@1479,44%@1479] EMC_FREQ 0% GR3D_FREQ 99% PLL@34C CPU@38.5C PMIC@50C GPU@35C AO@44C thermal@36.75C
2023-09-01 13:00:05 RAM 3566/3956MB (lfb 2x1MB) SWAP 1487/4026MB (cached 186MB) CPU [41%@1479,38%@1479,36%@1479,41%@1479] EMC_FREQ 0% GR3D_FREQ 87% PLL@34.5C CPU@37.5C PMIC@50C GPU@35C AO@44.5C thermal@36C
2023-09-01 13:01:05 RAM 3576/3956MB (lfb 1x1MB) SWAP 1487/4026MB (cached 186MB) CPU [37%@1479,40%@1479,37%@1479,41%@1479] EMC_FREQ 0% GR3D_FREQ 99% PLL@33.5C CPU@38C PMIC@50C GPU@35C AO@44.5C thermal@36.75C
2023-09-01 13:02:05 RAM 3572/3956MB (lfb 1x1MB) SWAP 1489/4026MB (cached 186MB) CPU [40%@1479,39%@1479,40%@1479,37%@1479] EMC_FREQ 0% GR3D_FREQ 94% PLL@34.5C CPU@37.5C PMIC@50C GPU@35.5C AO@44.5C thermal@36.25C
2023-09-01 13:03:05 RAM 3575/3956MB (lfb 1x1MB) SWAP 1489/4026MB (cached 186MB) CPU [35%@1479,41%@1479,41%@1479,38%@1479] EMC_FREQ 0% GR3D_FREQ 90% PLL@34.5C CPU@39.5C PMIC@50C GPU@36C AO@44.5C thermal@37.5C
2023-09-01 13:04:05 RAM 3573/3956MB (lfb 1x1MB) SWAP 1491/4026MB (cached 186MB) CPU [37%@1479,42%@1479,39%@1479,40%@1479] EMC_FREQ 0% GR3D_FREQ 99% PLL@35C CPU@40C PMIC@50C GPU@36.5C AO@45C thermal@37C
2023-09-01 13:05:05 RAM 3575/3956MB (lfb 1x1MB) SWAP 1491/4026MB (cached 186MB) CPU [38%@1479,41%@1479,40%@1479,38%@1479] EMC_FREQ 0% GR3D_FREQ 94% PLL@35.5C CPU@38.5C PMIC@50C GPU@36C AO@45.5C thermal@37.75C
2023-09-01 13:06:05 RAM 3582/3956MB (lfb 1x1MB) SWAP 1494/4026MB (cached 186MB) CPU [38%@1479,40%@1479,40%@1479,37%@1479] EMC_FREQ 0% GR3D_FREQ 99% PLL@35C CPU@38C PMIC@50C GPU@36C AO@45.5C thermal@37.25C
2023-09-01 13:07:05 RAM 3579/3956MB (lfb 1x1MB) SWAP 1496/4026MB (cached 186MB) CPU [34%@1479,43%@1479,41%@1479,40%@1479] EMC_FREQ 0% GR3D_FREQ 99% PLL@34.5C CPU@39C PMIC@50C GPU@36C AO@45.5C thermal@37.25C
2023-09-01 13:08:05 RAM 3581/3956MB (lfb 1x1MB) SWAP 1498/4026MB (cached 186MB) CPU [38%@1479,43%@1479,40%@1479,37%@1479] EMC_FREQ 0% GR3D_FREQ 97% PLL@34.5C CPU@39.5C PMIC@50C GPU@36C AO@45C thermal@37.5C
2023-09-01 13:09:05 RAM 3582/3956MB (lfb 1x1MB) SWAP 1498/4026MB (cached 186MB) CPU [39%@1479,40%@1479,38%@1479,43%@1479] EMC_FREQ 0% GR3D_FREQ 99% PLL@34C CPU@37.5C PMIC@50C GPU@35.5C AO@44.5C thermal@37.25C
2023-09-01 13:10:05 RAM 3565/3956MB (lfb 1x1MB) SWAP 1540/4026MB (cached 186MB) CPU [38%@1479,40%@1479,39%@1479,42%@1479] EMC_FREQ 0% GR3D_FREQ 99% PLL@34.5C CPU@38.5C PMIC@50C GPU@35C AO@44.5C thermal@36.75C
2023-09-01 13:11:05 RAM 3563/3956MB (lfb 2x1MB) SWAP 1547/4026MB (cached 186MB) CPU [38%@1479,41%@1479,39%@1479,40%@1479] EMC_FREQ 0% GR3D_FREQ 90% PLL@34C CPU@37C PMIC@50C GPU@35C AO@44C thermal@36.75C
2023-09-01 13:12:05 RAM 3569/3956MB (lfb 2x1MB) SWAP 1548/4026MB (cached 186MB) CPU [38%@1479,41%@1479,39%@1479,40%@1479] EMC_FREQ 0% GR3D_FREQ 99% PLL@34C CPU@39C PMIC@50C GPU@35.5C AO@44.5C thermal@36C
2023-09-01 13:13:05 RAM 3566/3956MB (lfb 2x1MB) SWAP 1554/4026MB (cached 186MB) CPU [38%@1479,40%@1479,41%@1479,39%@1479] EMC_FREQ 0% GR3D_FREQ 99% PLL@34C CPU@38.5C PMIC@50C GPU@35.5C AO@44.5C thermal@37C
2023-09-01 13:14:05 RAM 3562/3956MB (lfb 2x1MB) SWAP 1557/4026MB (cached 186MB) CPU [35%@1479,37%@1479,44%@1479,41%@1479] EMC_FREQ 0% GR3D_FREQ 87% PLL@34C CPU@39C PMIC@50C GPU@35.5C AO@44C thermal@36C
2023-09-01 13:15:05 RAM 3565/3956MB (lfb 2x1MB) SWAP 1560/4026MB (cached 186MB) CPU [39%@1479,37%@1479,40%@1479,40%@1479] EMC_FREQ 0% GR3D_FREQ 99% PLL@34.5C CPU@37.5C PMIC@50C GPU@35.5C AO@44.5C thermal@36.5C
2023-09-01 13:16:05 RAM 3563/3956MB (lfb 2x1MB) SWAP 1567/4026MB (cached 186MB) CPU [42%@1479,40%@1479,38%@1479,41%@1479] EMC_FREQ 0% GR3D_FREQ 99% PLL@33.5C CPU@39C PMIC@50C GPU@35C AO@44C thermal@36C
2023-09-01 13:17:05 RAM 3561/3956MB (lfb 2x1MB) SWAP 1573/4026MB (cached 186MB) CPU [39%@1479,42%@1479,40%@1479,39%@1479] EMC_FREQ 0% GR3D_FREQ 97% PLL@34C CPU@37.5C PMIC@50C GPU@35.5C AO@44C thermal@36.5C
2023-09-01 13:18:05 RAM 3567/3956MB (lfb 2x1MB) SWAP 1579/4026MB (cached 186MB) CPU [38%@1479,44%@1479,45%@1479,34%@1479] EMC_FREQ 0% GR3D_FREQ 99% PLL@34C CPU@38C PMIC@50C GPU@35C AO@44.5C thermal@36.5C
2023-09-01 13:19:05 RAM 3562/3956MB (lfb 1x2MB) SWAP 1582/4026MB (cached 186MB) CPU [41%@1479,40%@1479,39%@1479,39%@1479] EMC_FREQ 0% GR3D_FREQ 99% PLL@34C CPU@38C PMIC@50C GPU@35C AO@44.5C thermal@36.25C
2023-09-01 13:20:05 RAM 3564/3956MB (lfb 11x1MB) SWAP 1582/4026MB (cached 186MB) CPU [42%@1479,34%@1479,39%@1479,40%@1479] EMC_FREQ 0% GR3D_FREQ 65% PLL@34C CPU@37C PMIC@50C GPU@35.5C AO@44C thermal@36.25C
2023-09-01 13:21:05 RAM 3566/3956MB (lfb 10x1MB) SWAP 1582/4026MB (cached 186MB) CPU [40%@1479,38%@1479,40%@1479,38%@1479] EMC_FREQ 0% GR3D_FREQ 98% PLL@34C CPU@37C PMIC@50C GPU@35C AO@44C thermal@36.75C
2023-09-01 13:22:05 RAM 3566/3956MB (lfb 10x1MB) SWAP 1582/4026MB (cached 186MB) CPU [39%@1479,38%@1479,39%@1479,40%@1479] EMC_FREQ 0% GR3D_FREQ 91% PLL@34C CPU@39C PMIC@50C GPU@35.5C AO@44.5C thermal@37C
2023-09-01 13:23:05 RAM 3573/3956MB (lfb 10x1MB) SWAP 1585/4026MB (cached 186MB) CPU [39%@1479,36%@1479,37%@1479,43%@1479] EMC_FREQ 0% GR3D_FREQ 99% PLL@33.5C CPU@39C PMIC@50C GPU@35.5C AO@44.5C thermal@36.5C
2023-09-01 13:24:05 RAM 3576/3956MB (lfb 10x1MB) SWAP 1585/4026MB (cached 186MB) CPU [35%@1479,42%@1479,40%@1479,38%@1479] EMC_FREQ 0% GR3D_FREQ 99% PLL@34C CPU@39C PMIC@50C GPU@35C AO@44.5C thermal@36.25C
2023-09-01 13:25:05 RAM 3575/3956MB (lfb 10x1MB) SWAP 1589/4026MB (cached 186MB) CPU [32%@1479,37%@1479,45%@1479,45%@1479] EMC_FREQ 0% GR3D_FREQ 99% PLL@34C CPU@37.5C PMIC@50C GPU@35.5C AO@44.5C thermal@36.75C
2023-09-01 13:26:05 RAM 3573/3956MB (lfb 10x1MB) SWAP 1592/4026MB (cached 186MB) CPU [38%@307,38%@307,40%@307,42%@307] EMC_FREQ 0% GR3D_FREQ 99% PLL@34C CPU@37.5C PMIC@50C GPU@35.5C AO@44.5C thermal@36C
2023-09-01 13:27:05 RAM 3572/3956MB (lfb 10x1MB) SWAP 1594/4026MB (cached 186MB) CPU [42%@1479,37%@1479,42%@1479,36%@1479] EMC_FREQ 0% GR3D_FREQ 93% PLL@34C CPU@38.5C PMIC@50C GPU@35C AO@44.5C thermal@37C
2023-09-01 13:28:05 RAM 3569/3956MB (lfb 10x1MB) SWAP 1600/4026MB (cached 186MB) CPU [44%@1479,40%@1479,37%@1479,36%@1479] EMC_FREQ 0% GR3D_FREQ 99% PLL@34C CPU@39C PMIC@50C GPU@35.5C AO@44.5C thermal@36C
2023-09-01 13:29:05 RAM 3578/3956MB (lfb 10x1MB) SWAP 1600/4026MB (cached 186MB) CPU [39%@1479,39%@1479,40%@1479,40%@1479] EMC_FREQ 0% GR3D_FREQ 99% PLL@33.5C CPU@37.5C PMIC@50C GPU@35C AO@44.5C thermal@36.75C
2023-09-01 13:30:05 RAM 3581/3956MB (lfb 10x1MB) SWAP 1600/4026MB (cached 186MB) CPU [40%@1479,38%@1479,39%@1479,44%@1479] EMC_FREQ 0% GR3D_FREQ 99% PLL@34.5C CPU@38C PMIC@50C GPU@35C AO@44.5C thermal@37.25C
2023-09-01 13:31:05 RAM 3582/3956MB (lfb 10x1MB) SWAP 1600/4026MB (cached 186MB) CPU [40%@1479,37%@1479,38%@1479,41%@1479] EMC_FREQ 0% GR3D_FREQ 99% PLL@34C CPU@39C PMIC@50C GPU@35.5C AO@45C thermal@37.25C
2023-09-01 13:32:05 RAM 3582/3956MB (lfb 10x1MB) SWAP 1600/4026MB (cached 186MB) CPU [42%@1479,34%@1479,41%@1479,38%@1479] EMC_FREQ 0% GR3D_FREQ 99% PLL@34C CPU@39C PMIC@50C GPU@35.5C AO@44.5C thermal@37.5C
2023-09-01 13:33:05 RAM 3588/3956MB (lfb 10x1MB) SWAP 1600/4026MB (cached 186MB) CPU [37%@1479,41%@1479,41%@1479,37%@1479] EMC_FREQ 0% GR3D_FREQ 99% PLL@34C CPU@38C PMIC@50C GPU@35.5C AO@44.5C thermal@36.75C
2023-09-01 13:34:05 RAM 3595/3956MB (lfb 10x1MB) SWAP 1600/4026MB (cached 186MB) CPU [39%@1479,31%@1479,40%@1479,45%@1479] EMC_FREQ 0% GR3D_FREQ 99% PLL@34C CPU@37.5C PMIC@50C GPU@35.5C AO@44.5C thermal@36.75C
2023-09-01 13:35:05 RAM 3608/3956MB (lfb 6x1MB) SWAP 1600/4026MB (cached 187MB) CPU [36%@1479,38%@1479,42%@1479,41%@1479] EMC_FREQ 0% GR3D_FREQ 99% PLL@34C CPU@39C PMIC@50C GPU@35C AO@45C thermal@36.25C
2023-09-01 13:36:05 RAM 3597/3956MB (lfb 5x1MB) SWAP 1600/4026MB (cached 187MB) CPU [44%@1479,39%@1479,34%@1479,39%@1479] EMC_FREQ 0% GR3D_FREQ 99% PLL@33.5C CPU@38C PMIC@50C GPU@36C AO@44.5C thermal@36.5C
2023-09-01 13:37:05 RAM 3600/3956MB (lfb 5x1MB) SWAP 1600/4026MB (cached 187MB) CPU [36%@1479,39%@1479,41%@1479,40%@1479] EMC_FREQ 0% GR3D_FREQ 99% PLL@34C CPU@38C PMIC@50C GPU@35C AO@43.5C thermal@36.5C
2023-09-01 13:38:05 RAM 3473/3956MB (lfb 5x1MB) SWAP 1600/4026MB (cached 187MB) CPU [39%@1479,38%@1479,41%@1479,41%@1479] EMC_FREQ 0% GR3D_FREQ 48% PLL@33.5C CPU@38C PMIC@50C GPU@35.5C AO@44C thermal@37.25C
2023-09-01 13:39:05 RAM 3470/3956MB (lfb 5x1MB) SWAP 1600/4026MB (cached 187MB) CPU [39%@1479,35%@1479,39%@1479,43%@1479] EMC_FREQ 0% GR3D_FREQ 40% PLL@34C CPU@38C PMIC@50C GPU@35C AO@44.5C thermal@36.75C
2023-09-01 13:40:05 RAM 3476/3956MB (lfb 5x1MB) SWAP 1600/4026MB (cached 187MB) CPU [39%@518,38%@518,42%@518,41%@518] EMC_FREQ 0% GR3D_FREQ 99% PLL@34C CPU@37.5C PMIC@50C GPU@35C AO@44C thermal@36C
2023-09-01 13:41:05 RAM 3476/3956MB (lfb 5x1MB) SWAP 1600/4026MB (cached 187MB) CPU [40%@1479,38%@1479,39%@1479,40%@1479] EMC_FREQ 0% GR3D_FREQ 99% PLL@34C CPU@38.5C PMIC@50C GPU@35.5C AO@44C thermal@36.75C
2023-09-01 13:42:05 RAM 3478/3956MB (lfb 5x1MB) SWAP 1595/4026MB (cached 187MB) CPU [37%@1479,41%@1479,41%@1479,37%@1479] EMC_FREQ 0% GR3D_FREQ 93% PLL@34C CPU@37.5C PMIC@50C GPU@35C AO@44.5C thermal@36.75C
2023-09-01 13:43:05 RAM 3499/3956MB (lfb 2x1MB) SWAP 1599/4026MB (cached 151MB) CPU [29%@102,23%@204,23%@204,23%@204] EMC_FREQ 0% GR3D_FREQ 0% PLL@30C CPU@32.5C PMIC@50C GPU@32C AO@40.5C thermal@32.25C
2023-09-01 13:44:05 RAM 2032/3956MB (lfb 13x4MB) SWAP 1012/4026MB (cached 132MB) CPU [27%@1479,21%@1479,21%@1479,21%@1479] EMC_FREQ 0% GR3D_FREQ 43% PLL@28.5C CPU@31.5C PMIC@50C GPU@29C AO@38.5C thermal@30C
