2023-09-04 22:48:30 RAM 2268/3956MB (lfb 9x4MB) SWAP 335/4026MB (cached 29MB) CPU [15%@1224,16%@1224,15%@1224,15%@1224] EMC_FREQ 0% GR3D_FREQ 0% PLL@43.5C CPU@46.5C PMIC@50C GPU@44C AO@55.5C thermal@45.25C
2023-09-04 22:49:30 RAM 2411/3956MB (lfb 9x4MB) SWAP 334/4026MB (cached 29MB) CPU [13%@1224,20%@1224,12%@1224,11%@1224] EMC_FREQ 0% GR3D_FREQ 0% PLL@38C CPU@41C PMIC@50C GPU@40C AO@49.5C thermal@40.75C
2023-09-04 22:50:31 RAM 3360/3956MB (lfb 1x2MB) SWAP 449/4026MB (cached 26MB) CPU [12%@1479,8%@1479,11%@1479,8%@1479] EMC_FREQ 0% GR3D_FREQ 0% PLL@33.5C CPU@37C PMIC@50C GPU@34C AO@45C thermal@35.5C
2023-09-04 22:51:31 RAM 3650/3956MB (lfb 2x2MB) SWAP 670/4026MB (cached 25MB) CPU [12%@1224,9%@1224,11%@1224,8%@1224] EMC_FREQ 0% GR3D_FREQ 0% PLL@30C CPU@33.5C PMIC@50C GPU@32C AO@41.5C thermal@32.25C
2023-09-04 22:52:34 RAM 3702/3956MB (lfb 1x4MB) SWAP 1022/4026MB (cached 24MB) CPU [9%@1224,5%@1224,7%@1224,5%@1224] EMC_FREQ 0% GR3D_FREQ 0% PLL@28.5C CPU@31.5C PMIC@50C GPU@29C AO@40C thermal@30.25C
2023-09-04 22:53:33 RAM 3651/3956MB (lfb 1x1MB) SWAP 1356/4026MB (cached 37MB) CPU [9%@1224,7%@1224,8%@1224,4%@1224] EMC_FREQ 0% GR3D_FREQ 0% PLL@28C CPU@31C PMIC@50C GPU@30C AO@39C thermal@30.25C
2023-09-04 22:54:33 RAM 3576/3956MB (lfb 1x2MB) SWAP 1663/4026MB (cached 64MB) CPU [9%@1479,8%@1479,8%@1479,5%@1479] EMC_FREQ 0% GR3D_FREQ 0% PLL@27.5C CPU@32C PMIC@50C GPU@27.5C AO@38.5C thermal@29.25C
2023-09-04 22:55:32 RAM 3519/3956MB (lfb 1x2MB) SWAP 1875/4026MB (cached 82MB) CPU [16%@1224,24%@1224,20%@1224,16%@1224] EMC_FREQ 0% GR3D_FREQ 0% PLL@27.5C CPU@31C PMIC@50C GPU@29.5C AO@38.5C thermal@29.25C
2023-09-04 22:56:32 RAM 3503/3956MB (lfb 2x2MB) SWAP 1908/4026MB (cached 86MB) CPU [29%@1224,26%@1224,25%@1224,28%@1224] EMC_FREQ 0% GR3D_FREQ 0% PLL@28C CPU@31C PMIC@50C GPU@30C AO@39C thermal@30.5C
2023-09-04 22:57:32 RAM 3490/3956MB (lfb 3x2MB) SWAP 1958/4026MB (cached 100MB) CPU [31%@1479,32%@1479,34%@1479,27%@1479] EMC_FREQ 0% GR3D_FREQ 0% PLL@29.5C CPU@32.5C PMIC@50C GPU@30C AO@40.5C thermal@31.75C
2023-09-04 22:58:32 RAM 3484/3956MB (lfb 3x2MB) SWAP 1966/4026MB (cached 100MB) CPU [35%@1479,39%@1479,37%@1479,35%@1479] EMC_FREQ 0% GR3D_FREQ 0% PLL@30C CPU@34C PMIC@50C GPU@30.5C AO@41C thermal@31.75C
2023-09-04 22:59:32 RAM 3485/3956MB (lfb 2x2MB) SWAP 1983/4026MB (cached 105MB) CPU [37%@1479,41%@1479,34%@1479,41%@1479] EMC_FREQ 0% GR3D_FREQ 97% PLL@31C CPU@34.5C PMIC@50C GPU@31C AO@41.5C thermal@32.25C
2023-09-04 23:00:32 RAM 3487/3956MB (lfb 2x2MB) SWAP 1994/4026MB (cached 112MB) CPU [41%@1479,39%@1479,41%@1479,32%@1479] EMC_FREQ 0% GR3D_FREQ 63% PLL@30.5C CPU@34.5C PMIC@50C GPU@31.5C AO@41.5C thermal@33.25C
2023-09-04 23:01:32 RAM 3472/3956MB (lfb 1x2MB) SWAP 2012/4026MB (cached 109MB) CPU [44%@1479,38%@1479,35%@1479,38%@1479] EMC_FREQ 0% GR3D_FREQ 0% PLL@30.5C CPU@36C PMIC@50C GPU@31.5C AO@42C thermal@33.75C
2023-09-04 23:02:32 RAM 3475/3956MB (lfb 1x2MB) SWAP 2011/4026MB (cached 100MB) CPU [37%@1479,38%@1479,42%@1479,37%@1479] EMC_FREQ 0% GR3D_FREQ 0% PLL@30.5C CPU@34.5C PMIC@50C GPU@32C AO@41.5C thermal@33.5C
2023-09-04 23:03:32 RAM 3474/3956MB (lfb 1x2MB) SWAP 2009/4026MB (cached 100MB) CPU [36%@1479,38%@1479,39%@1479,41%@1479] EMC_FREQ 0% GR3D_FREQ 35% PLL@30.5C CPU@34.5C PMIC@50C GPU@32C AO@42C thermal@32.75C
2023-09-04 23:04:32 RAM 3463/3956MB (lfb 1x2MB) SWAP 2014/4026MB (cached 92MB) CPU [38%@1479,37%@1479,41%@1479,38%@1479] EMC_FREQ 0% GR3D_FREQ 58% PLL@30.5C CPU@34C PMIC@50C GPU@32C AO@42C thermal@33.5C
2023-09-04 23:05:32 RAM 3462/3956MB (lfb 1x4MB) SWAP 2012/4026MB (cached 81MB) CPU [42%@1479,40%@1479,36%@1479,35%@1479] EMC_FREQ 0% GR3D_FREQ 0% PLL@30.5C CPU@35C PMIC@50C GPU@31.5C AO@41.5C thermal@33.75C
2023-09-04 23:06:32 RAM 3461/3956MB (lfb 1x4MB) SWAP 2011/4026MB (cached 81MB) CPU [40%@1479,34%@1479,39%@1479,41%@1479] EMC_FREQ 0% GR3D_FREQ 26% PLL@31.5C CPU@34.5C PMIC@50C GPU@31.5C AO@41.5C thermal@33C
2023-09-04 23:07:32 RAM 3467/3956MB (lfb 1x4MB) SWAP 2010/4026MB (cached 81MB) CPU [38%@1479,36%@1479,38%@1479,41%@1479] EMC_FREQ 0% GR3D_FREQ 35% PLL@31C CPU@36C PMIC@50C GPU@31.5C AO@42C thermal@33.25C
2023-09-04 23:08:32 RAM 3465/3956MB (lfb 1x4MB) SWAP 2009/4026MB (cached 81MB) CPU [38%@1479,38%@1479,42%@1479,36%@1479] EMC_FREQ 0% GR3D_FREQ 96% PLL@31C CPU@34.5C PMIC@50C GPU@32C AO@41.5C thermal@33.25C
2023-09-04 23:09:32 RAM 3464/3956MB (lfb 1x4MB) SWAP 2009/4026MB (cached 81MB) CPU [42%@1479,38%@1479,40%@1479,34%@1479] EMC_FREQ 0% GR3D_FREQ 0% PLL@31C CPU@35C PMIC@50C GPU@31.5C AO@41.5C thermal@33.75C
2023-09-04 23:10:32 RAM 3467/3956MB (lfb 1x4MB) SWAP 2007/4026MB (cached 81MB) CPU [41%@1479,35%@1479,39%@1479,39%@1479] EMC_FREQ 0% GR3D_FREQ 54% PLL@31C CPU@36C PMIC@50C GPU@32C AO@41.5C thermal@33C
2023-09-04 23:11:32 RAM 3463/3956MB (lfb 1x4MB) SWAP 2013/4026MB (cached 80MB) CPU [42%@1479,34%@1479,41%@1479,38%@1479] EMC_FREQ 0% GR3D_FREQ 99% PLL@30.5C CPU@34.5C PMIC@50C GPU@31.5C AO@41.5C thermal@33C
2023-09-04 23:12:32 RAM 3468/3956MB (lfb 1x4MB) SWAP 2013/4026MB (cached 80MB) CPU [37%@1479,35%@1479,39%@1479,42%@1479] EMC_FREQ 0% GR3D_FREQ 0% PLL@31.5C CPU@33C PMIC@50C GPU@31.5C AO@41.5C thermal@33C
2023-09-04 23:13:32 RAM 3464/3956MB (lfb 1x4MB) SWAP 2013/4026MB (cached 80MB) CPU [37%@1479,37%@1479,40%@1479,40%@1479] EMC_FREQ 0% GR3D_FREQ 45% PLL@31.5C CPU@34.5C PMIC@50C GPU@32C AO@41.5C thermal@33C
2023-09-04 23:14:32 RAM 3453/3956MB (lfb 2x4MB) SWAP 2013/4026MB (cached 57MB) CPU [39%@1479,35%@1479,39%@1479,41%@1479] EMC_FREQ 0% GR3D_FREQ 0% PLL@31C CPU@33.5C PMIC@50C GPU@31.5C AO@41.5C thermal@33C
2023-09-04 23:15:32 RAM 3453/3956MB (lfb 2x4MB) SWAP 2013/4026MB (cached 57MB) CPU [39%@1479,39%@1479,38%@1479,39%@1479] EMC_FREQ 0% GR3D_FREQ 0% PLL@30.5C CPU@33.5C PMIC@50C GPU@31.5C AO@41.5C thermal@32.75C
2023-09-04 23:16:32 RAM 3441/3956MB (lfb 2x4MB) SWAP 2014/4026MB (cached 52MB) CPU [34%@1479,42%@1479,37%@1479,42%@1479] EMC_FREQ 0% GR3D_FREQ 30% PLL@31C CPU@35.5C PMIC@50C GPU@32C AO@41.5C thermal@33.75C
2023-09-04 23:17:32 RAM 3442/3956MB (lfb 1x4MB) SWAP 2014/4026MB (cached 34MB) CPU [41%@1479,34%@1479,39%@1479,38%@1479] EMC_FREQ 0% GR3D_FREQ 67% PLL@30.5C CPU@34C PMIC@50C GPU@31.5C AO@42C thermal@33.5C
2023-09-04 23:18:32 RAM 3423/3956MB (lfb 1x4MB) SWAP 2014/4026MB (cached 12MB) CPU [39%@1479,34%@1479,40%@1479,41%@1479] EMC_FREQ 0% GR3D_FREQ 8% PLL@31C CPU@35.5C PMIC@50C GPU@32C AO@41.5C thermal@33.75C
2023-09-04 23:19:32 RAM 3429/3956MB (lfb 1x4MB) SWAP 2013/4026MB (cached 12MB) CPU [33%@1479,39%@1479,43%@1479,37%@1479] EMC_FREQ 0% GR3D_FREQ 0% PLL@31C CPU@34C PMIC@50C GPU@31.5C AO@41.5C thermal@32.5C
2023-09-04 23:20:32 RAM 3426/3956MB (lfb 1x4MB) SWAP 2013/4026MB (cached 12MB) CPU [38%@1479,39%@1479,38%@1479,40%@1479] EMC_FREQ 0% GR3D_FREQ 27% PLL@30.5C CPU@35C PMIC@50C GPU@32C AO@41.5C thermal@32.25C
2023-09-04 23:21:32 RAM 3421/3956MB (lfb 1x4MB) SWAP 2019/4026MB (cached 8MB) CPU [40%@1479,43%@1479,35%@1479,35%@1479] EMC_FREQ 0% GR3D_FREQ 99% PLL@31C CPU@34C PMIC@50C GPU@31.5C AO@41.5C thermal@33.75C
2023-09-04 23:22:32 RAM 3419/3956MB (lfb 1x4MB) SWAP 2013/4026MB (cached 8MB) CPU [40%@1479,36%@1479,36%@1479,41%@1479] EMC_FREQ 0% GR3D_FREQ 96% PLL@31C CPU@34.5C PMIC@50C GPU@31.5C AO@41.5C thermal@33C
2023-09-04 23:23:32 RAM 3411/3956MB (lfb 1x4MB) SWAP 2051/4026MB (cached 32MB) CPU [41%@1479,37%@1479,36%@1479,37%@1479] EMC_FREQ 0% GR3D_FREQ 94% PLL@30.5C CPU@35C PMIC@50C GPU@32C AO@41.5C thermal@33.25C
2023-09-04 23:24:32 RAM 3410/3956MB (lfb 1x4MB) SWAP 2050/4026MB (cached 23MB) CPU [40%@1479,40%@1479,36%@1479,37%@1479] EMC_FREQ 0% GR3D_FREQ 0% PLL@30.5C CPU@35C PMIC@50C GPU@31.5C AO@41.5C thermal@32.25C
2023-09-04 23:25:32 RAM 3400/3956MB (lfb 1x4MB) SWAP 2043/4026MB (cached 14MB) CPU [39%@1479,41%@1479,37%@1479,39%@1479] EMC_FREQ 0% GR3D_FREQ 0% PLL@30.5C CPU@34C PMIC@50C GPU@31C AO@41.5C thermal@32.75C
2023-09-04 23:26:32 RAM 3398/3956MB (lfb 1x4MB) SWAP 2041/4026MB (cached 14MB) CPU [39%@1479,40%@1479,37%@1479,38%@1479] EMC_FREQ 0% GR3D_FREQ 97% PLL@31C CPU@34.5C PMIC@50C GPU@31.5C AO@41.5C thermal@33.5C
2023-09-04 23:27:32 RAM 3390/3956MB (lfb 1x4MB) SWAP 2041/4026MB (cached 6MB) CPU [40%@1479,40%@1479,35%@1479,38%@1479] EMC_FREQ 0% GR3D_FREQ 99% PLL@31C CPU@34C PMIC@50C GPU@31C AO@41.5C thermal@33.5C
2023-09-04 23:28:32 RAM 3388/3956MB (lfb 1x4MB) SWAP 2041/4026MB (cached 6MB) CPU [39%@1479,40%@1479,36%@1479,39%@1479] EMC_FREQ 0% GR3D_FREQ 0% PLL@30.5C CPU@36C PMIC@50C GPU@31C AO@42C thermal@33C
2023-09-04 23:29:32 RAM 3390/3956MB (lfb 1x4MB) SWAP 2041/4026MB (cached 6MB) CPU [41%@1479,38%@1479,35%@1479,40%@1479] EMC_FREQ 0% GR3D_FREQ 94% PLL@30.5C CPU@35C PMIC@50C GPU@32C AO@41.5C thermal@32.75C
2023-09-04 23:30:32 RAM 3388/3956MB (lfb 1x4MB) SWAP 2041/4026MB (cached 6MB) CPU [40%@1479,38%@1479,38%@1479,38%@1479] EMC_FREQ 0% GR3D_FREQ 1% PLL@30.5C CPU@34.5C PMIC@50C GPU@32C AO@41.5C thermal@33.5C
2023-09-04 23:31:32 RAM 3393/3956MB (lfb 1x4MB) SWAP 2041/4026MB (cached 6MB) CPU [41%@1479,38%@1479,37%@1479,37%@1479] EMC_FREQ 0% GR3D_FREQ 59% PLL@30.5C CPU@35.5C PMIC@50C GPU@32C AO@42C thermal@33.5C
2023-09-04 23:32:32 RAM 3387/3956MB (lfb 1x4MB) SWAP 2042/4026MB (cached 4MB) CPU [38%@1326,36%@1326,40%@1326,39%@1326] EMC_FREQ 0% GR3D_FREQ 99% PLL@31C CPU@35.5C PMIC@50C GPU@31.5C AO@41.5C thermal@33.25C
2023-09-04 23:33:32 RAM 3383/3956MB (lfb 1x4MB) SWAP 2042/4026MB (cached 4MB) CPU [39%@1479,37%@1479,40%@1479,39%@1479] EMC_FREQ 0% GR3D_FREQ 41% PLL@31C CPU@35C PMIC@50C GPU@32C AO@41.5C thermal@33.5C
2023-09-04 23:34:32 RAM 3389/3956MB (lfb 1x4MB) SWAP 2042/4026MB (cached 4MB) CPU [37%@1479,39%@1479,42%@1479,36%@1479] EMC_FREQ 0% GR3D_FREQ 0% PLL@31C CPU@35C PMIC@50C GPU@31.5C AO@42C thermal@33.25C
2023-09-04 23:35:32 RAM 3379/3956MB (lfb 1x2MB) SWAP 2046/4026MB (cached 4MB) CPU [41%@1479,41%@1479,38%@1479,38%@1479] EMC_FREQ 0% GR3D_FREQ 0% PLL@30.5C CPU@35.5C PMIC@50C GPU@32C AO@41.5C thermal@33C
2023-09-04 23:36:32 RAM 3386/3956MB (lfb 22x1MB) SWAP 2046/4026MB (cached 4MB) CPU [40%@1479,40%@1479,35%@1479,37%@1479] EMC_FREQ 0% GR3D_FREQ 72% PLL@30.5C CPU@35C PMIC@50C GPU@31.5C AO@41.5C thermal@33.25C
2023-09-04 23:37:32 RAM 3378/3956MB (lfb 9x4MB) SWAP 2046/4026MB (cached 4MB) CPU [43%@1479,32%@1479,38%@1479,42%@1479] EMC_FREQ 0% GR3D_FREQ 99% PLL@30.5C CPU@35C PMIC@50C GPU@31.5C AO@42C thermal@33.25C
2023-09-04 23:38:32 RAM 3386/3956MB (lfb 11x4MB) SWAP 2046/4026MB (cached 4MB) CPU [40%@1479,34%@1479,42%@1479,38%@1479] EMC_FREQ 0% GR3D_FREQ 95% PLL@31C CPU@34C PMIC@50C GPU@31C AO@41.5C thermal@34C
2023-09-04 23:39:32 RAM 3385/3956MB (lfb 11x4MB) SWAP 2046/4026MB (cached 4MB) CPU [40%@1479,36%@1479,38%@1479,40%@1479] EMC_FREQ 0% GR3D_FREQ 0% PLL@30.5C CPU@34.5C PMIC@50C GPU@31C AO@41.5C thermal@33.25C
2023-09-04 23:40:32 RAM 3380/3956MB (lfb 11x4MB) SWAP 2049/4026MB (cached 4MB) CPU [38%@1479,40%@1479,39%@1479,39%@1479] EMC_FREQ 0% GR3D_FREQ 70% PLL@30.5C CPU@34.5C PMIC@50C GPU@31C AO@41.5C thermal@33C
2023-09-04 23:41:32 RAM 3384/3956MB (lfb 11x4MB) SWAP 2049/4026MB (cached 4MB) CPU [39%@1479,37%@1479,40%@1479,36%@1479] EMC_FREQ 0% GR3D_FREQ 96% PLL@30.5C CPU@34C PMIC@50C GPU@32C AO@41.5C thermal@32.5C
2023-09-04 23:42:32 RAM 3374/3956MB (lfb 11x4MB) SWAP 2051/4026MB (cached 5MB) CPU [37%@1479,34%@1479,43%@1479,44%@1479] EMC_FREQ 0% GR3D_FREQ 64% PLL@30.5C CPU@35.5C PMIC@50C GPU@32C AO@42C thermal@33C
2023-09-04 23:43:32 RAM 3381/3956MB (lfb 11x4MB) SWAP 2051/4026MB (cached 5MB) CPU [42%@1479,37%@1479,39%@1479,36%@1479] EMC_FREQ 0% GR3D_FREQ 28% PLL@30.5C CPU@35C PMIC@50C GPU@31C AO@41C thermal@33.5C
2023-09-04 23:44:32 RAM 3378/3956MB (lfb 11x4MB) SWAP 2051/4026MB (cached 5MB) CPU [42%@1479,34%@1479,39%@1479,40%@1479] EMC_FREQ 0% GR3D_FREQ 0% PLL@30.5C CPU@34.5C PMIC@50C GPU@31C AO@41C thermal@33.25C
2023-09-04 23:45:32 RAM 3381/3956MB (lfb 11x4MB) SWAP 2052/4026MB (cached 5MB) CPU [42%@1479,40%@1479,34%@1479,38%@1479] EMC_FREQ 0% GR3D_FREQ 0% PLL@31C CPU@34C PMIC@50C GPU@31C AO@41.5C thermal@32.25C
2023-09-04 23:46:32 RAM 3378/3956MB (lfb 11x4MB) SWAP 2052/4026MB (cached 5MB) CPU [39%@1479,39%@1479,36%@1479,40%@1479] EMC_FREQ 0% GR3D_FREQ 15% PLL@30.5C CPU@35.5C PMIC@50C GPU@32C AO@42C thermal@33.75C
2023-09-04 23:47:32 RAM 3374/3956MB (lfb 11x4MB) SWAP 2052/4026MB (cached 5MB) CPU [40%@1479,35%@1479,40%@1479,40%@1479] EMC_FREQ 0% GR3D_FREQ 0% PLL@30.5C CPU@34C PMIC@50C GPU@31C AO@42C thermal@32.5C
2023-09-04 23:48:32 RAM 3380/3956MB (lfb 11x4MB) SWAP 2047/4026MB (cached 5MB) CPU [38%@1479,38%@1479,38%@1479,39%@1479] EMC_FREQ 0% GR3D_FREQ 0% PLL@30.5C CPU@35C PMIC@50C GPU@31.5C AO@42C thermal@33C
2023-09-04 23:49:32 RAM 3375/3956MB (lfb 11x4MB) SWAP 2047/4026MB (cached 5MB) CPU [38%@1479,39%@1479,40%@1479,37%@1479] EMC_FREQ 0% GR3D_FREQ 41% PLL@30.5C CPU@35.5C PMIC@50C GPU@32.5C AO@41.5C thermal@33C
2023-09-04 23:50:32 RAM 3380/3956MB (lfb 11x4MB) SWAP 2047/4026MB (cached 5MB) CPU [39%@1479,41%@1479,38%@1479,35%@1479] EMC_FREQ 0% GR3D_FREQ 33% PLL@31C CPU@35.5C PMIC@50C GPU@32C AO@41.5C thermal@33.75C
2023-09-04 23:51:32 RAM 3377/3956MB (lfb 11x4MB) SWAP 2047/4026MB (cached 5MB) CPU [40%@1479,37%@1479,35%@1479,43%@1479] EMC_FREQ 0% GR3D_FREQ 37% PLL@30.5C CPU@34.5C PMIC@50C GPU@31C AO@42C thermal@33.5C
2023-09-04 23:52:32 RAM 3385/3956MB (lfb 11x4MB) SWAP 2046/4026MB (cached 5MB) CPU [40%@1479,34%@1479,43%@1479,37%@1479] EMC_FREQ 0% GR3D_FREQ 99% PLL@30.5C CPU@34.5C PMIC@50C GPU@31.5C AO@41.5C thermal@33.25C
2023-09-04 23:53:32 RAM 3382/3956MB (lfb 11x4MB) SWAP 2046/4026MB (cached 5MB) CPU [43%@1479,33%@1479,41%@1479,39%@1479] EMC_FREQ 0% GR3D_FREQ 46% PLL@31C CPU@35.5C PMIC@50C GPU@32C AO@41.5C thermal@33.75C
2023-09-04 23:54:32 RAM 3379/3956MB (lfb 11x4MB) SWAP 2046/4026MB (cached 5MB) CPU [45%@1479,33%@1479,39%@1479,37%@1479] EMC_FREQ 0% GR3D_FREQ 48% PLL@30.5C CPU@34C PMIC@50C GPU@31.5C AO@41.5C thermal@32.75C
2023-09-04 23:55:32 RAM 3384/3956MB (lfb 11x4MB) SWAP 2046/4026MB (cached 5MB) CPU [41%@1479,43%@1479,33%@1479,36%@1479] EMC_FREQ 0% GR3D_FREQ 99% PLL@30.5C CPU@34.5C PMIC@50C GPU@31.5C AO@41.5C thermal@33.5C
2023-09-04 23:56:32 RAM 3378/3956MB (lfb 11x4MB) SWAP 2045/4026MB (cached 5MB) CPU [40%@1479,40%@1479,36%@1479,38%@1479] EMC_FREQ 0% GR3D_FREQ 0% PLL@30C CPU@36C PMIC@50C GPU@31.5C AO@42C thermal@33.75C
2023-09-04 23:57:32 RAM 3381/3956MB (lfb 11x4MB) SWAP 2046/4026MB (cached 5MB) CPU [38%@1479,42%@1479,35%@1479,40%@1479] EMC_FREQ 0% GR3D_FREQ 0% PLL@31C CPU@34C PMIC@50C GPU@31.5C AO@42C thermal@33.5C
2023-09-04 23:58:32 RAM 3378/3956MB (lfb 11x4MB) SWAP 2049/4026MB (cached 5MB) CPU [40%@1479,36%@1479,41%@1479,39%@1479] EMC_FREQ 0% GR3D_FREQ 0% PLL@30.5C CPU@35.5C PMIC@50C GPU@31.5C AO@42.5C thermal@33.5C
2023-09-04 23:59:32 RAM 3374/3956MB (lfb 11x4MB) SWAP 2051/4026MB (cached 5MB) CPU [39%@1479,40%@1479,37%@1479,41%@1479] EMC_FREQ 0% GR3D_FREQ 0% PLL@31C CPU@33.5C PMIC@50C GPU@31C AO@41.5C thermal@33.5C
2023-09-05 00:00:32 RAM 3392/3956MB (lfb 11x4MB) SWAP 2072/4026MB (cached 7MB) CPU [34%@1224,29%@1224,29%@1224,30%@1224] EMC_FREQ 0% GR3D_FREQ 0% PLL@29.5C CPU@32.5C PMIC@50C GPU@30C AO@40.5C thermal@31.75C
2023-09-05 00:01:32 RAM 2112/3956MB (lfb 13x4MB) SWAP 1243/4026MB (cached 9MB) CPU [14%@1224,12%@1224,11%@1224,9%@1224] EMC_FREQ 0% GR3D_FREQ 0% PLL@27.5C CPU@30.5C PMIC@50C GPU@29.5C AO@38.5C thermal@30C
2023-09-05 00:02:32 RAM 2126/3956MB (lfb 13x4MB) SWAP 1235/4026MB (cached 13MB) CPU [13%@1224,12%@1224,12%@1224,10%@1224] EMC_FREQ 0% GR3D_FREQ 0% PLL@27C CPU@29.5C PMIC@50C GPU@29C AO@37.5C thermal@29.25C
2023-09-05 00:03:32 RAM 2139/3956MB (lfb 13x4MB) SWAP 1234/4026MB (cached 13MB) CPU [11%@1224,9%@1224,10%@1224,9%@1224] EMC_FREQ 0% GR3D_FREQ 0% PLL@26.5C CPU@29.5C PMIC@50C GPU@28.5C AO@37C thermal@28.25C
2023-09-05 00:04:32 RAM 2142/3956MB (lfb 13x4MB) SWAP 1234/4026MB (cached 13MB) CPU [6%@1479,4%@1479,5%@1479,4%@1479] EMC_FREQ 0% GR3D_FREQ 0% PLL@25.5C CPU@28.5C PMIC@50C GPU@27.5C AO@36.5C thermal@28.25C
2023-09-05 00:05:32 RAM 2158/3956MB (lfb 11x4MB) SWAP 1233/4026MB (cached 13MB) CPU [8%@1326,5%@1326,6%@1326,5%@1326] EMC_FREQ 0% GR3D_FREQ 0% PLL@25.5C CPU@28.5C PMIC@50C GPU@26C AO@36C thermal@27.25C
2023-09-05 00:06:32 RAM 2191/3956MB (lfb 11x4MB) SWAP 1227/4026MB (cached 16MB) CPU [21%@1224,13%@1224,17%@1224,13%@1224] EMC_FREQ 0% GR3D_FREQ 0% PLL@25.5C CPU@29C PMIC@50C GPU@27.5C AO@36.5C thermal@27.5C
2023-09-05 00:07:32 RAM 2204/3956MB (lfb 11x4MB) SWAP 1227/4026MB (cached 16MB) CPU [8%@1224,5%@1224,5%@1224,4%@1224] EMC_FREQ 0% GR3D_FREQ 99% PLL@25.5C CPU@28.5C PMIC@50C GPU@26C AO@36C thermal@27.25C
2023-09-05 00:08:32 RAM 2238/3956MB (lfb 10x4MB) SWAP 1198/4026MB (cached 85MB) CPU [25%@1224,35%@1224,24%@1224,25%@1224] EMC_FREQ 0% GR3D_FREQ 0% PLL@26C CPU@29C PMIC@50C GPU@26.5C AO@37C thermal@28.75C
2023-09-05 00:09:32 RAM 2368/3956MB (lfb 10x4MB) SWAP 1125/4026MB (cached 116MB) CPU [38%@1224,39%@1224,36%@1224,37%@1224] EMC_FREQ 0% GR3D_FREQ 0% PLL@27C CPU@30C PMIC@50C GPU@28C AO@37.5C thermal@29C
2023-09-05 00:10:32 RAM 1980/3956MB (lfb 15x1MB) SWAP 1059/4026MB (cached 102MB) CPU [56%@1224,54%@1224,56%@1224,54%@1224] EMC_FREQ 0% GR3D_FREQ 0% PLL@27C CPU@30.5C PMIC@50C GPU@29C AO@38C thermal@29.75C
2023-09-05 00:11:32 RAM 1937/3956MB (lfb 3x2MB) SWAP 1057/4026MB (cached 102MB) CPU [4%@1224,3%@1224,3%@1224,3%@1224] EMC_FREQ 0% GR3D_FREQ 0% PLL@26C CPU@29C PMIC@50C GPU@27C AO@37C thermal@28C
2023-09-05 00:12:32 RAM 1862/3956MB (lfb 4x2MB) SWAP 1016/4026MB (cached 68MB) CPU [6%@1224,5%@1224,4%@1224,4%@1224] EMC_FREQ 0% GR3D_FREQ 0% PLL@25.5C CPU@28.5C PMIC@50C GPU@27.5C AO@36.5C thermal@28C
2023-09-05 00:13:32 RAM 1866/3956MB (lfb 4x2MB) SWAP 1016/4026MB (cached 68MB) CPU [2%@1224,2%@1224,2%@1224,1%@1224] EMC_FREQ 0% GR3D_FREQ 0% PLL@25C CPU@28C PMIC@50C GPU@27C AO@36C thermal@27.5C
2023-09-05 00:14:32 RAM 1878/3956MB (lfb 1x2MB) SWAP 1016/4026MB (cached 68MB) CPU [2%@1224,3%@1224,2%@1224,2%@1224] EMC_FREQ 0% GR3D_FREQ 0% PLL@25C CPU@28C PMIC@50C GPU@27C AO@36C thermal@27.5C
2023-09-05 00:15:32 RAM 1867/3956MB (lfb 4x2MB) SWAP 1016/4026MB (cached 68MB) CPU [2%@1224,2%@1224,2%@1224,1%@1224] EMC_FREQ 0% GR3D_FREQ 0% PLL@25C CPU@27.5C PMIC@50C GPU@27C AO@35.5C thermal@27.5C
2023-09-05 00:16:32 RAM 1870/3956MB (lfb 4x2MB) SWAP 1016/4026MB (cached 68MB) CPU [5%@1224,5%@1224,4%@1224,5%@1224] EMC_FREQ 0% GR3D_FREQ 0% PLL@25C CPU@28C PMIC@50C GPU@27C AO@35.5C thermal@27.5C
2023-09-05 00:17:32 RAM 1909/3956MB (lfb 4x2MB) SWAP 1016/4026MB (cached 68MB) CPU [11%@1224,10%@1224,8%@1224,9%@1224] EMC_FREQ 0% GR3D_FREQ 0% PLL@25C CPU@28C PMIC@50C GPU@27C AO@36C thermal@27.75C
2023-09-05 00:18:32 RAM 1910/3956MB (lfb 4x2MB) SWAP 1016/4026MB (cached 68MB) CPU [2%@1224,1%@1224,1%@1224,1%@1224] EMC_FREQ 0% GR3D_FREQ 0% PLL@24.5C CPU@28C PMIC@50C GPU@26.5C AO@36C thermal@27.5C
2023-09-05 00:19:32 RAM 1911/3956MB (lfb 4x2MB) SWAP 1016/4026MB (cached 68MB) CPU [3%@1224,3%@1224,3%@1224,2%@1224] EMC_FREQ 0% GR3D_FREQ 0% PLL@25C CPU@27.5C PMIC@50C GPU@27C AO@35.5C thermal@27C
2023-09-05 00:20:32 RAM 1911/3956MB (lfb 4x2MB) SWAP 1016/4026MB (cached 68MB) CPU [1%@1224,2%@1224,1%@1224,1%@1224] EMC_FREQ 0% GR3D_FREQ 0% PLL@25C CPU@28C PMIC@50C GPU@27C AO@35.5C thermal@27.25C
2023-09-05 00:21:32 RAM 1938/3956MB (lfb 2x2MB) SWAP 1016/4026MB (cached 68MB) CPU [5%@1224,4%@1224,4%@1224,3%@1224] EMC_FREQ 0% GR3D_FREQ 0% PLL@25C CPU@28C PMIC@50C GPU@27C AO@36C thermal@27.5C
2023-09-05 00:22:32 RAM 1977/3956MB (lfb 15x1MB) SWAP 1016/4026MB (cached 68MB) CPU [11%@1224,6%@1224,5%@1224,5%@1224] EMC_FREQ 0% GR3D_FREQ 0% PLL@25.5C CPU@28C PMIC@50C GPU@27.5C AO@36C thermal@26.75C
2023-09-05 00:23:32 RAM 1968/3956MB (lfb 2x2MB) SWAP 1014/4026MB (cached 66MB) CPU [37%@1479,44%@1479,33%@1479,33%@1479] EMC_FREQ 0% GR3D_FREQ 44% PLL@28C CPU@31.5C PMIC@50C GPU@28C AO@38C thermal@29.75C
2023-09-05 00:24:32 RAM 1939/3956MB (lfb 5x2MB) SWAP 1009/4026MB (cached 62MB) CPU [9%@1224,10%@1224,10%@1224,8%@1224] EMC_FREQ 0% GR3D_FREQ 0% PLL@26C CPU@29C PMIC@50C GPU@26C AO@37C thermal@27.25C
2023-09-05 00:25:32 RAM 1967/3956MB (lfb 2x2MB) SWAP 1007/4026MB (cached 60MB) CPU [9%@1479,9%@1479,8%@1479,7%@1479] EMC_FREQ 0% GR3D_FREQ 36% PLL@26C CPU@29C PMIC@50C GPU@26.5C AO@37C thermal@27.5C
2023-09-05 00:26:32 RAM 1970/3956MB (lfb 2x2MB) SWAP 1006/4026MB (cached 60MB) CPU [29%@1479,28%@1479,28%@1479,29%@1479] EMC_FREQ 0% GR3D_FREQ 1% PLL@27C CPU@30.5C PMIC@50C GPU@27C AO@38C thermal@29.75C
2023-09-05 00:27:32 RAM 2062/3956MB (lfb 2x2MB) SWAP 1002/4026MB (cached 60MB) CPU [42%@1479,47%@1479,46%@1479,42%@1479] EMC_FREQ 0% GR3D_FREQ 0% PLL@28C CPU@31.5C PMIC@50C GPU@27.5C AO@38.5C thermal@29.75C
2023-09-05 00:28:32 RAM 2108/3956MB (lfb 1x2MB) SWAP 1001/4026MB (cached 60MB) CPU [33%@1479,37%@1479,37%@1479,33%@1479] EMC_FREQ 0% GR3D_FREQ 52% PLL@28.5C CPU@33C PMIC@50C GPU@29C AO@39C thermal@30.5C
2023-09-05 00:29:32 RAM 2278/3956MB (lfb 7x1MB) SWAP 996/4026MB (cached 60MB) CPU [28%@1479,32%@1479,26%@1479,27%@1479] EMC_FREQ 0% GR3D_FREQ 61% PLL@28C CPU@31.5C PMIC@50C GPU@28C AO@38.5C thermal@29.5C
2023-09-05 00:30:32 RAM 3279/3956MB (lfb 11x1MB) SWAP 1018/4026MB (cached 47MB) CPU [13%@1224,23%@1224,13%@1224,16%@1224] EMC_FREQ 0% GR3D_FREQ 0% PLL@26.5C CPU@29.5C PMIC@50C GPU@27C AO@37.5C thermal@28.5C
2023-09-05 00:31:38 RAM 3662/3956MB (lfb 7x1MB) SWAP 1057/4026MB (cached 46MB) CPU [21%@1224,10%@1224,18%@1224,6%@1224] EMC_FREQ 0% GR3D_FREQ 0% PLL@26C CPU@29.5C PMIC@50C GPU@27C AO@37C thermal@28.25C
2023-09-05 00:32:37 RAM 3727/3956MB (lfb 2x512kB) SWAP 1264/4026MB (cached 40MB) CPU [9%@1224,6%@1224,6%@1224,5%@1224] EMC_FREQ 0% GR3D_FREQ 0% PLL@26C CPU@29C PMIC@50C GPU@26.5C AO@37C thermal@28C
2023-09-05 00:33:36 RAM 3598/3956MB (lfb 1x512kB) SWAP 1697/4026MB (cached 50MB) CPU [9%@1224,6%@1224,7%@1224,9%@1479] EMC_FREQ 0% GR3D_FREQ 0% PLL@25.5C CPU@28.5C PMIC@50C GPU@26C AO@36.5C thermal@27.5C
2023-09-05 00:34:35 RAM 3627/3956MB (lfb 1x512kB) SWAP 1863/4026MB (cached 101MB) CPU [12%@1224,9%@1224,6%@1224,6%@1224] EMC_FREQ 0% GR3D_FREQ 0% PLL@25.5C CPU@28.5C PMIC@50C GPU@26.5C AO@36C thermal@27.25C
2023-09-05 00:35:35 RAM 3634/3956MB (lfb 1x512kB) SWAP 1914/4026MB (cached 106MB) CPU [21%@1479,25%@1479,26%@1479,23%@1479] EMC_FREQ 0% GR3D_FREQ 99% PLL@29.5C CPU@34C PMIC@50C GPU@31.5C AO@41C thermal@32.75C
2023-09-05 00:36:35 RAM 3629/3956MB (lfb 1x512kB) SWAP 1927/4026MB (cached 103MB) CPU [25%@1479,32%@1479,34%@1479,27%@1479] EMC_FREQ 0% GR3D_FREQ 99% PLL@32C CPU@36.5C PMIC@50C GPU@33.5C AO@43.5C thermal@34.75C
2023-09-05 00:37:35 RAM 3662/3956MB (lfb 1x512kB) SWAP 1942/4026MB (cached 124MB) CPU [15%@1479,21%@1479,17%@1479,15%@1479] EMC_FREQ 0% GR3D_FREQ 99% PLL@32C CPU@36C PMIC@50C GPU@33.5C AO@43C thermal@34.75C
2023-09-05 00:38:35 RAM 3610/3956MB (lfb 1x512kB) SWAP 2017/4026MB (cached 118MB) CPU [23%@1479,21%@1479,26%@1479,21%@1479] EMC_FREQ 0% GR3D_FREQ 99% PLL@32.5C CPU@38C PMIC@50C GPU@34C AO@43C thermal@35.5C
2023-09-05 00:39:35 RAM 3599/3956MB (lfb 1x512kB) SWAP 2015/4026MB (cached 101MB) CPU [26%@1479,24%@1479,37%@1479,29%@1479] EMC_FREQ 0% GR3D_FREQ 99% PLL@34C CPU@38C PMIC@50C GPU@35C AO@45C thermal@36.25C
2023-09-05 00:40:35 RAM 3584/3956MB (lfb 1x512kB) SWAP 2014/4026MB (cached 71MB) CPU [21%@1479,18%@1479,19%@1479,23%@1479] EMC_FREQ 0% GR3D_FREQ 99% PLL@34C CPU@37.5C PMIC@50C GPU@35C AO@44.5C thermal@36.75C
2023-09-05 00:41:35 RAM 3576/3956MB (lfb 1x512kB) SWAP 2014/4026MB (cached 55MB) CPU [26%@1224,26%@1224,29%@1224,28%@1224] EMC_FREQ 0% GR3D_FREQ 99% PLL@33.5C CPU@38C PMIC@50C GPU@35.5C AO@45.5C thermal@37.25C
2023-09-05 00:42:35 RAM 3573/3956MB (lfb 1x512kB) SWAP 2013/4026MB (cached 55MB) CPU [28%@1479,26%@1479,32%@1479,30%@1479] EMC_FREQ 0% GR3D_FREQ 99% PLL@34.5C CPU@38.5C PMIC@50C GPU@36C AO@45C thermal@36.75C
2023-09-05 00:43:35 RAM 3576/3956MB (lfb 1x512kB) SWAP 2012/4026MB (cached 55MB) CPU [19%@1479,23%@1479,21%@1479,22%@1479] EMC_FREQ 0% GR3D_FREQ 99% PLL@34.5C CPU@38.5C PMIC@50C GPU@35.5C AO@45.5C thermal@37C
2023-09-05 00:44:35 RAM 3580/3956MB (lfb 1x512kB) SWAP 2012/4026MB (cached 55MB) CPU [25%@1428,29%@1428,31%@1428,28%@1428] EMC_FREQ 0% GR3D_FREQ 99% PLL@34C CPU@38.5C PMIC@50C GPU@36C AO@45.5C thermal@37.5C
2023-09-05 00:45:35 RAM 3570/3956MB (lfb 1x512kB) SWAP 2011/4026MB (cached 56MB) CPU [25%@1224,27%@1224,30%@1224,29%@1224] EMC_FREQ 0% GR3D_FREQ 99% PLL@34C CPU@38.5C PMIC@50C GPU@36C AO@45.5C thermal@37.25C
2023-09-05 00:46:35 RAM 3576/3956MB (lfb 1x512kB) SWAP 2011/4026MB (cached 56MB) CPU [21%@1479,22%@1479,22%@1479,24%@1479] EMC_FREQ 0% GR3D_FREQ 99% PLL@34C CPU@39.5C PMIC@50C GPU@36C AO@45.5C thermal@37.25C
2023-09-05 00:47:35 RAM 3581/3956MB (lfb 1x512kB) SWAP 2010/4026MB (cached 56MB) CPU [29%@1224,27%@1224,31%@1224,28%@1224] EMC_FREQ 0% GR3D_FREQ 99% PLL@34C CPU@38.5C PMIC@50C GPU@36C AO@45.5C thermal@37.75C
2023-09-05 00:48:35 RAM 3580/3956MB (lfb 1x512kB) SWAP 2010/4026MB (cached 56MB) CPU [24%@1224,22%@1224,28%@1224,22%@1224] EMC_FREQ 0% GR3D_FREQ 99% PLL@34.5C CPU@38C PMIC@50C GPU@36C AO@45C thermal@37C
2023-09-05 00:49:35 RAM 3577/3956MB (lfb 1x512kB) SWAP 2009/4026MB (cached 56MB) CPU [28%@1479,25%@1479,27%@1479,27%@1479] EMC_FREQ 0% GR3D_FREQ 99% PLL@34.5C CPU@39C PMIC@50C GPU@36C AO@45.5C thermal@37C
2023-09-05 00:50:35 RAM 3573/3956MB (lfb 1x512kB) SWAP 1978/4026MB (cached 59MB) CPU [37%@1479,30%@1479,27%@1479,24%@1479] EMC_FREQ 0% GR3D_FREQ 99% PLL@34.5C CPU@38C PMIC@50C GPU@36C AO@45.5C thermal@37.25C
2023-09-05 00:51:35 RAM 3572/3956MB (lfb 1x512kB) SWAP 1978/4026MB (cached 59MB) CPU [19%@1224,25%@1224,23%@1224,19%@1224] EMC_FREQ 0% GR3D_FREQ 99% PLL@34C CPU@37.5C PMIC@50C GPU@36C AO@45C thermal@37C
2023-09-05 00:52:35 RAM 3566/3956MB (lfb 1x512kB) SWAP 1977/4026MB (cached 59MB) CPU [30%@1224,28%@1224,29%@1224,27%@1224] EMC_FREQ 0% GR3D_FREQ 99% PLL@34.5C CPU@38C PMIC@50C GPU@36C AO@45.5C thermal@37C
2023-09-05 00:53:35 RAM 3561/3956MB (lfb 1x512kB) SWAP 1977/4026MB (cached 60MB) CPU [24%@1479,35%@1479,34%@1479,26%@1479] EMC_FREQ 0% GR3D_FREQ 99% PLL@34.5C CPU@38C PMIC@50C GPU@36C AO@45.5C thermal@36.75C
2023-09-05 00:54:35 RAM 3567/3956MB (lfb 1x512kB) SWAP 1976/4026MB (cached 60MB) CPU [22%@1479,21%@1479,23%@1479,21%@1479] EMC_FREQ 0% GR3D_FREQ 99% PLL@34C CPU@39C PMIC@50C GPU@35.5C AO@45.5C thermal@37.25C
2023-09-05 00:55:35 RAM 3572/3956MB (lfb 1x512kB) SWAP 1976/4026MB (cached 63MB) CPU [28%@1479,29%@1479,31%@1479,28%@1479] EMC_FREQ 0% GR3D_FREQ 99% PLL@34.5C CPU@38.5C PMIC@50C GPU@36C AO@45.5C thermal@36.75C
2023-09-05 00:56:35 RAM 3566/3956MB (lfb 1x512kB) SWAP 1977/4026MB (cached 63MB) CPU [29%@1224,27%@1224,36%@1224,27%@1224] EMC_FREQ 0% GR3D_FREQ 99% PLL@34.5C CPU@38C PMIC@50C GPU@36C AO@45.5C thermal@37.25C
2023-09-05 00:57:35 RAM 3573/3956MB (lfb 1x512kB) SWAP 1980/4026MB (cached 63MB) CPU [22%@1479,23%@1479,20%@1479,24%@1479] EMC_FREQ 0% GR3D_FREQ 99% PLL@34.5C CPU@38C PMIC@50C GPU@35.5C AO@45C thermal@36.75C
2023-09-05 00:58:35 RAM 3566/3956MB (lfb 1x512kB) SWAP 1976/4026MB (cached 63MB) CPU [32%@1479,29%@1479,28%@1479,28%@1479] EMC_FREQ 0% GR3D_FREQ 99% PLL@34C CPU@39C PMIC@50C GPU@35.5C AO@45.5C thermal@37.5C
2023-09-05 00:59:35 RAM 3564/3956MB (lfb 1x512kB) SWAP 1980/4026MB (cached 62MB) CPU [30%@1479,27%@1479,31%@1479,22%@1479] EMC_FREQ 0% GR3D_FREQ 99% PLL@34.5C CPU@38C PMIC@50C GPU@36C AO@45.5C thermal@36.75C
2023-09-05 01:00:35 RAM 3553/3956MB (lfb 1x512kB) SWAP 1986/4026MB (cached 62MB) CPU [26%@1479,25%@1479,25%@1479,24%@1479] EMC_FREQ 0% GR3D_FREQ 99% PLL@34C CPU@38C PMIC@50C GPU@35C AO@45.5C thermal@36.75C
2023-09-05 01:01:35 RAM 3551/3956MB (lfb 1x512kB) SWAP 1988/4026MB (cached 63MB) CPU [31%@1479,27%@1479,30%@1479,29%@1479] EMC_FREQ 0% GR3D_FREQ 99% PLL@34C CPU@38C PMIC@50C GPU@35.5C AO@45.5C thermal@36.5C
2023-09-05 01:02:35 RAM 3551/3956MB (lfb 1x512kB) SWAP 1991/4026MB (cached 63MB) CPU [27%@1224,25%@1224,23%@1224,23%@1224] EMC_FREQ 0% GR3D_FREQ 99% PLL@33.5C CPU@37.5C PMIC@50C GPU@35.5C AO@45C thermal@36.5C
2023-09-05 01:03:35 RAM 3554/3956MB (lfb 1x512kB) SWAP 1997/4026MB (cached 62MB) CPU [29%@1479,25%@1479,26%@1479,26%@1479] EMC_FREQ 0% GR3D_FREQ 99% PLL@34C CPU@38C PMIC@50C GPU@35C AO@45.5C thermal@36.75C
2023-09-05 01:04:35 RAM 3549/3956MB (lfb 1x512kB) SWAP 1996/4026MB (cached 62MB) CPU [34%@1224,29%@1224,30%@1224,28%@1224] EMC_FREQ 0% GR3D_FREQ 99% PLL@34C CPU@38C PMIC@50C GPU@36C AO@45C thermal@36.75C
2023-09-05 01:05:35 RAM 3545/3956MB (lfb 1x512kB) SWAP 2000/4026MB (cached 62MB) CPU [23%@1224,24%@1224,23%@1224,21%@1224] EMC_FREQ 0% GR3D_FREQ 99% PLL@33.5C CPU@37.5C PMIC@50C GPU@35.5C AO@45C thermal@36.75C
2023-09-05 01:06:35 RAM 3549/3956MB (lfb 3x512kB) SWAP 2002/4026MB (cached 62MB) CPU [29%@1479,25%@1479,29%@1479,30%@1479] EMC_FREQ 0% GR3D_FREQ 99% PLL@34.5C CPU@38C PMIC@50C GPU@35C AO@45.5C thermal@36.25C
2023-09-05 01:07:35 RAM 3549/3956MB (lfb 3x512kB) SWAP 2004/4026MB (cached 62MB) CPU [30%@1224,27%@1224,30%@1224,29%@1224] EMC_FREQ 0% GR3D_FREQ 99% PLL@34C CPU@38C PMIC@50C GPU@36C AO@45C thermal@37C
2023-09-05 01:08:35 RAM 3545/3956MB (lfb 2x512kB) SWAP 2008/4026MB (cached 62MB) CPU [26%@1479,23%@1479,20%@1479,23%@1479] EMC_FREQ 0% GR3D_FREQ 99% PLL@34.5C CPU@37.5C PMIC@50C GPU@35.5C AO@45C thermal@36.75C
2023-09-05 01:09:35 RAM 3536/3956MB (lfb 3x512kB) SWAP 2012/4026MB (cached 62MB) CPU [33%@1224,27%@1224,26%@1224,33%@1224] EMC_FREQ 0% GR3D_FREQ 99% PLL@33.5C CPU@37.5C PMIC@50C GPU@36C AO@45C thermal@37.25C
2023-09-05 01:10:35 RAM 3540/3956MB (lfb 3x512kB) SWAP 2014/4026MB (cached 61MB) CPU [32%@1479,30%@1479,27%@1479,29%@1479] EMC_FREQ 0% GR3D_FREQ 99% PLL@34C CPU@37.5C PMIC@50C GPU@35.5C AO@45C thermal@36.75C
2023-09-05 01:11:35 RAM 3532/3956MB (lfb 1x1MB) SWAP 2014/4026MB (cached 57MB) CPU [24%@1224,24%@1224,22%@1224,22%@1224] EMC_FREQ 0% GR3D_FREQ 99% PLL@34C CPU@37.5C PMIC@50C GPU@35.5C AO@45C thermal@36.5C
2023-09-05 01:12:35 RAM 3533/3956MB (lfb 1x1MB) SWAP 2014/4026MB (cached 57MB) CPU [30%@1224,29%@1224,26%@1224,28%@1224] EMC_FREQ 0% GR3D_FREQ 99% PLL@34C CPU@37.5C PMIC@50C GPU@35.5C AO@45C thermal@36.5C
2023-09-05 01:13:35 RAM 3537/3956MB (lfb 1x1MB) SWAP 2014/4026MB (cached 57MB) CPU [31%@1479,28%@1479,28%@1479,26%@1479] EMC_FREQ 0% GR3D_FREQ 99% PLL@34C CPU@38.5C PMIC@50C GPU@36C AO@45.5C thermal@37C
2023-09-05 01:14:35 RAM 3548/3956MB (lfb 3x512kB) SWAP 2013/4026MB (cached 57MB) CPU [22%@1479,23%@1479,20%@1479,19%@1479] EMC_FREQ 0% GR3D_FREQ 99% PLL@34C CPU@37.5C PMIC@50C GPU@35.5C AO@45C thermal@36.5C
2023-09-05 01:15:35 RAM 3536/3956MB (lfb 3x512kB) SWAP 2013/4026MB (cached 57MB) CPU [26%@1479,33%@1479,30%@1479,27%@1479] EMC_FREQ 0% GR3D_FREQ 99% PLL@34C CPU@38.5C PMIC@50C GPU@35.5C AO@45.5C thermal@37.5C
2023-09-05 01:16:35 RAM 3537/3956MB (lfb 1x1MB) SWAP 2013/4026MB (cached 57MB) CPU [26%@1326,23%@1428,28%@1428,30%@1428] EMC_FREQ 0% GR3D_FREQ 99% PLL@33.5C CPU@38C PMIC@50C GPU@35.5C AO@45C thermal@36.75C
2023-09-05 01:17:35 RAM 3537/3956MB (lfb 2x512kB) SWAP 2014/4026MB (cached 55MB) CPU [24%@1479,22%@1479,26%@1479,24%@1479] EMC_FREQ 0% GR3D_FREQ 99% PLL@34C CPU@38.5C PMIC@50C GPU@35.5C AO@45C thermal@37C
2023-09-05 01:18:35 RAM 3542/3956MB (lfb 2x512kB) SWAP 2013/4026MB (cached 55MB) CPU [31%@1224,27%@1224,26%@1224,29%@1224] EMC_FREQ 0% GR3D_FREQ 99% PLL@33.5C CPU@37.5C PMIC@50C GPU@36C AO@45C thermal@36.5C
2023-09-05 01:19:35 RAM 3536/3956MB (lfb 2x512kB) SWAP 2013/4026MB (cached 55MB) CPU [27%@1224,24%@1224,24%@1224,26%@1224] EMC_FREQ 0% GR3D_FREQ 99% PLL@34C CPU@38C PMIC@50C GPU@35.5C AO@45C thermal@36.25C
2023-09-05 01:20:35 RAM 3546/3956MB (lfb 2x512kB) SWAP 2013/4026MB (cached 55MB) CPU [26%@1224,24%@1224,25%@1224,25%@1224] EMC_FREQ 0% GR3D_FREQ 99% PLL@33.5C CPU@37.5C PMIC@50C GPU@36C AO@45.5C thermal@36.5C
2023-09-05 01:21:35 RAM 3544/3956MB (lfb 1x1MB) SWAP 2013/4026MB (cached 55MB) CPU [30%@1479,26%@1479,28%@1479,29%@1479] EMC_FREQ 0% GR3D_FREQ 99% PLL@34C CPU@37.5C PMIC@50C GPU@35.5C AO@45.5C thermal@36.75C
2023-09-05 01:22:35 RAM 3532/3956MB (lfb 1x1MB) SWAP 2014/4026MB (cached 52MB) CPU [24%@1224,25%@1224,26%@1224,21%@1224] EMC_FREQ 0% GR3D_FREQ 99% PLL@34C CPU@37.5C PMIC@50C GPU@35.5C AO@45C thermal@36.5C
2023-09-05 01:23:35 RAM 3534/3956MB (lfb 3x512kB) SWAP 2013/4026MB (cached 39MB) CPU [30%@1479,27%@1479,29%@1479,27%@1479] EMC_FREQ 0% GR3D_FREQ 99% PLL@34.5C CPU@37.5C PMIC@50C GPU@35.5C AO@45C thermal@36.75C
2023-09-05 01:24:35 RAM 3535/3956MB (lfb 3x512kB) SWAP 2013/4026MB (cached 37MB) CPU [29%@1224,30%@1224,33%@1224,26%@1224] EMC_FREQ 0% GR3D_FREQ 99% PLL@33.5C CPU@37.5C PMIC@50C GPU@35.5C AO@45C thermal@36.5C
2023-09-05 01:25:35 RAM 3549/3956MB (lfb 2x512kB) SWAP 2013/4026MB (cached 36MB) CPU [23%@1479,22%@1479,22%@1479,21%@1479] EMC_FREQ 0% GR3D_FREQ 0% PLL@34C CPU@37.5C PMIC@50C GPU@34.5C AO@45.5C thermal@36.5C
2023-09-05 01:26:35 RAM 3528/3956MB (lfb 1x1MB) SWAP 2013/4026MB (cached 36MB) CPU [29%@1224,29%@1224,30%@1224,29%@1224] EMC_FREQ 0% GR3D_FREQ 99% PLL@34C CPU@37.5C PMIC@50C GPU@36C AO@45C thermal@37C
2023-09-05 01:27:35 RAM 3532/3956MB (lfb 1x1MB) SWAP 2013/4026MB (cached 36MB) CPU [28%@1224,28%@1224,30%@1224,28%@1224] EMC_FREQ 0% GR3D_FREQ 99% PLL@34C CPU@37.5C PMIC@50C GPU@35.5C AO@45.5C thermal@36.5C
2023-09-05 01:28:35 RAM 3543/3956MB (lfb 1x1MB) SWAP 2013/4026MB (cached 36MB) CPU [22%@1479,20%@1479,20%@1479,21%@1479] EMC_FREQ 0% GR3D_FREQ 74% PLL@33.5C CPU@37C PMIC@50C GPU@35C AO@45C thermal@36.75C
2023-09-05 01:29:35 RAM 3531/3956MB (lfb 1x2MB) SWAP 2013/4026MB (cached 36MB) CPU [29%@1224,26%@1224,31%@1224,30%@1224] EMC_FREQ 0% GR3D_FREQ 99% PLL@33.5C CPU@37C PMIC@50C GPU@35.5C AO@45.5C thermal@36.75C
2023-09-05 01:30:35 RAM 3535/3956MB (lfb 1x2MB) SWAP 2013/4026MB (cached 36MB) CPU [29%@1224,27%@1224,27%@1224,32%@1224] EMC_FREQ 0% GR3D_FREQ 99% PLL@34C CPU@37.5C PMIC@50C GPU@35.5C AO@45.5C thermal@36.5C
2023-09-05 01:31:35 RAM 3545/3956MB (lfb 1x2MB) SWAP 2013/4026MB (cached 36MB) CPU [23%@1224,20%@1224,22%@1224,19%@1224] EMC_FREQ 0% GR3D_FREQ 99% PLL@34C CPU@38C PMIC@50C GPU@35C AO@45C thermal@36.25C
2023-09-05 01:32:35 RAM 3546/3956MB (lfb 1x2MB) SWAP 2013/4026MB (cached 36MB) CPU [30%@1224,29%@1224,30%@1224,25%@1224] EMC_FREQ 0% GR3D_FREQ 99% PLL@34C CPU@38C PMIC@50C GPU@35.5C AO@45C thermal@36.75C
2023-09-05 01:33:35 RAM 3544/3956MB (lfb 1x2MB) SWAP 2013/4026MB (cached 36MB) CPU [32%@1479,26%@1479,31%@1479,27%@1479] EMC_FREQ 0% GR3D_FREQ 99% PLL@34C CPU@38.5C PMIC@50C GPU@35.5C AO@45.5C thermal@37C
2023-09-05 01:34:35 RAM 3544/3956MB (lfb 1x2MB) SWAP 2012/4026MB (cached 36MB) CPU [21%@1224,21%@1224,21%@1224,21%@1224] EMC_FREQ 0% GR3D_FREQ 99% PLL@33.5C CPU@37.5C PMIC@50C GPU@35.5C AO@45C thermal@36.75C
2023-09-05 01:35:35 RAM 3546/3956MB (lfb 1x2MB) SWAP 2012/4026MB (cached 36MB) CPU [28%@1479,34%@1479,26%@1479,26%@1479] EMC_FREQ 0% GR3D_FREQ 99% PLL@34C CPU@39C PMIC@50C GPU@35.5C AO@45C thermal@36.75C
2023-09-05 01:36:35 RAM 3550/3956MB (lfb 1x2MB) SWAP 2011/4026MB (cached 36MB) CPU [28%@1224,27%@1224,27%@1224,26%@1224] EMC_FREQ 0% GR3D_FREQ 99% PLL@33.5C CPU@37.5C PMIC@50C GPU@35.5C AO@45C thermal@36.75C
2023-09-05 01:37:35 RAM 3541/3956MB (lfb 1x2MB) SWAP 2006/4026MB (cached 36MB) CPU [24%@1479,23%@1479,24%@1479,22%@1479] EMC_FREQ 0% GR3D_FREQ 99% PLL@34C CPU@38.5C PMIC@50C GPU@35.5C AO@45.5C thermal@37.25C
2023-09-05 01:38:35 RAM 3546/3956MB (lfb 1x2MB) SWAP 2006/4026MB (cached 36MB) CPU [32%@1224,29%@1224,27%@1224,25%@1224] EMC_FREQ 0% GR3D_FREQ 85% PLL@33.5C CPU@37C PMIC@50C GPU@35.5C AO@45C thermal@36.25C
2023-09-05 01:39:35 RAM 3545/3956MB (lfb 1x2MB) SWAP 2007/4026MB (cached 36MB) CPU [28%@1224,25%@1224,23%@1224,23%@1224] EMC_FREQ 0% GR3D_FREQ 99% PLL@33.5C CPU@37.5C PMIC@50C GPU@35.5C AO@44.5C thermal@36.25C
2023-09-05 01:40:35 RAM 3544/3956MB (lfb 1x2MB) SWAP 2007/4026MB (cached 36MB) CPU [24%@1224,27%@1224,25%@1224,25%@1224] EMC_FREQ 0% GR3D_FREQ 99% PLL@33.5C CPU@37.5C PMIC@50C GPU@36C AO@45.5C thermal@36.5C
2023-09-05 01:41:35 RAM 3545/3956MB (lfb 1x2MB) SWAP 2007/4026MB (cached 36MB) CPU [28%@1479,30%@1479,27%@1479,29%@1479] EMC_FREQ 0% GR3D_FREQ 99% PLL@34C CPU@39C PMIC@50C GPU@35.5C AO@45C thermal@37C
2023-09-05 01:42:35 RAM 3547/3956MB (lfb 1x2MB) SWAP 2007/4026MB (cached 36MB) CPU [27%@1224,25%@1224,23%@1224,19%@1224] EMC_FREQ 0% GR3D_FREQ 99% PLL@33C CPU@37.5C PMIC@50C GPU@35.5C AO@45C thermal@36.25C
2023-09-05 01:43:35 RAM 3551/3956MB (lfb 1x2MB) SWAP 2007/4026MB (cached 36MB) CPU [27%@1224,25%@1224,26%@1224,26%@1224] EMC_FREQ 0% GR3D_FREQ 99% PLL@33C CPU@37.5C PMIC@50C GPU@35.5C AO@45C thermal@36.75C
2023-09-05 01:44:35 RAM 3548/3956MB (lfb 1x2MB) SWAP 2007/4026MB (cached 36MB) CPU [33%@1479,27%@1479,31%@1479,27%@1479] EMC_FREQ 0% GR3D_FREQ 99% PLL@33.5C CPU@38.5C PMIC@50C GPU@35C AO@45C thermal@36.5C
2023-09-05 01:45:35 RAM 3547/3956MB (lfb 1x2MB) SWAP 2007/4026MB (cached 36MB) CPU [24%@1224,24%@1224,18%@1224,20%@1224] EMC_FREQ 0% GR3D_FREQ 99% PLL@33.5C CPU@37.5C PMIC@50C GPU@35.5C AO@45C thermal@36.75C
2023-09-05 01:46:35 RAM 3553/3956MB (lfb 1x2MB) SWAP 2007/4026MB (cached 36MB) CPU [30%@1224,29%@1224,24%@1224,29%@1224] EMC_FREQ 0% GR3D_FREQ 99% PLL@33.5C CPU@38C PMIC@50C GPU@36C AO@45C thermal@36.5C
2023-09-05 01:47:35 RAM 3556/3956MB (lfb 1x2MB) SWAP 2007/4026MB (cached 36MB) CPU [26%@1224,27%@1224,30%@1224,30%@1224] EMC_FREQ 0% GR3D_FREQ 99% PLL@34C CPU@37.5C PMIC@50C GPU@35.5C AO@45C thermal@37.5C
2023-09-05 01:48:35 RAM 3547/3956MB (lfb 1x2MB) SWAP 2007/4026MB (cached 36MB) CPU [21%@1479,21%@1479,23%@1479,21%@1479] EMC_FREQ 0% GR3D_FREQ 99% PLL@34C CPU@38.5C PMIC@50C GPU@36C AO@45C thermal@36.5C
2023-09-05 01:49:35 RAM 3553/3956MB (lfb 1x2MB) SWAP 2007/4026MB (cached 36MB) CPU [33%@1224,27%@1224,29%@1224,27%@1224] EMC_FREQ 0% GR3D_FREQ 99% PLL@33.5C CPU@38C PMIC@50C GPU@36C AO@45C thermal@37.25C
2023-09-05 01:50:35 RAM 3555/3956MB (lfb 1x2MB) SWAP 2007/4026MB (cached 36MB) CPU [29%@1479,29%@1479,30%@1479,26%@1479] EMC_FREQ 0% GR3D_FREQ 99% PLL@34C CPU@38C PMIC@50C GPU@35.5C AO@45C thermal@36.75C
2023-09-05 01:51:35 RAM 3556/3956MB (lfb 1x2MB) SWAP 2007/4026MB (cached 36MB) CPU [23%@1224,22%@1224,21%@1224,20%@1224] EMC_FREQ 0% GR3D_FREQ 99% PLL@33C CPU@37.5C PMIC@50C GPU@35C AO@45C thermal@37.25C
2023-09-05 01:52:35 RAM 3548/3956MB (lfb 3x1MB) SWAP 2007/4026MB (cached 36MB) CPU [29%@1479,29%@1479,31%@1479,28%@1479] EMC_FREQ 0% GR3D_FREQ 99% PLL@34C CPU@37.5C PMIC@50C GPU@35.5C AO@45C thermal@36.5C
2023-09-05 01:53:35 RAM 3551/3956MB (lfb 3x1MB) SWAP 2007/4026MB (cached 36MB) CPU [32%@1224,28%@1224,28%@1224,28%@1224] EMC_FREQ 0% GR3D_FREQ 99% PLL@33.5C CPU@37.5C PMIC@50C GPU@35.5C AO@45C thermal@36C
2023-09-05 01:54:35 RAM 3552/3956MB (lfb 3x1MB) SWAP 2007/4026MB (cached 36MB) CPU [22%@1224,21%@1224,22%@1224,20%@1224] EMC_FREQ 0% GR3D_FREQ 99% PLL@34C CPU@37.5C PMIC@50C GPU@35.5C AO@45C thermal@37.25C
2023-09-05 01:55:35 RAM 3550/3956MB (lfb 3x1MB) SWAP 2007/4026MB (cached 36MB) CPU [30%@1224,30%@1224,32%@1224,30%@1224] EMC_FREQ 0% GR3D_FREQ 99% PLL@33.5C CPU@37.5C PMIC@50C GPU@35.5C AO@45C thermal@36.25C
2023-09-05 01:56:35 RAM 3551/3956MB (lfb 3x1MB) SWAP 2007/4026MB (cached 36MB) CPU [30%@1224,30%@1224,28%@1224,26%@1224] EMC_FREQ 0% GR3D_FREQ 99% PLL@33.5C CPU@38C PMIC@50C GPU@35.5C AO@45C thermal@36.75C
2023-09-05 01:57:35 RAM 3556/3956MB (lfb 3x1MB) SWAP 2007/4026MB (cached 36MB) CPU [24%@1479,22%@1479,20%@1479,19%@1479] EMC_FREQ 0% GR3D_FREQ 99% PLL@33.5C CPU@38C PMIC@50C GPU@35C AO@44.5C thermal@36.5C
2023-09-05 01:58:35 RAM 3558/3956MB (lfb 3x1MB) SWAP 2007/4026MB (cached 36MB) CPU [29%@1224,26%@1224,32%@1224,28%@1224] EMC_FREQ 0% GR3D_FREQ 99% PLL@33.5C CPU@37.5C PMIC@50C GPU@35.5C AO@45C thermal@36.5C
2023-09-05 01:59:35 RAM 3544/3956MB (lfb 3x1MB) SWAP 2012/4026MB (cached 36MB) CPU [32%@1224,30%@1224,29%@1224,27%@1224] EMC_FREQ 0% GR3D_FREQ 99% PLL@33.5C CPU@37.5C PMIC@50C GPU@35.5C AO@45C thermal@36.5C
2023-09-05 02:00:35 RAM 3549/3956MB (lfb 3x1MB) SWAP 2013/4026MB (cached 37MB) CPU [24%@1479,22%@1479,22%@1479,22%@1479] EMC_FREQ 0% GR3D_FREQ 99% PLL@34C CPU@38C PMIC@50C GPU@35C AO@45C thermal@36C
2023-09-05 02:01:35 RAM 3548/3956MB (lfb 3x1MB) SWAP 2015/4026MB (cached 31MB) CPU [30%@1479,31%@1479,29%@1479,31%@1479] EMC_FREQ 0% GR3D_FREQ 99% PLL@33.5C CPU@37.5C PMIC@50C GPU@35C AO@45C thermal@36C
2023-09-05 02:02:35 RAM 3547/3956MB (lfb 3x1MB) SWAP 2015/4026MB (cached 28MB) CPU [26%@1224,29%@1224,28%@1224,27%@1224] EMC_FREQ 0% GR3D_FREQ 99% PLL@33.5C CPU@37.5C PMIC@50C GPU@35.5C AO@45C thermal@36C
2023-09-05 02:03:35 RAM 3536/3956MB (lfb 3x1MB) SWAP 2015/4026MB (cached 23MB) CPU [28%@1224,22%@1224,26%@1224,26%@1224] EMC_FREQ 0% GR3D_FREQ 99% PLL@33.5C CPU@37C PMIC@50C GPU@35C AO@45C thermal@36.75C
2023-09-05 02:04:35 RAM 3537/3956MB (lfb 3x1MB) SWAP 2015/4026MB (cached 20MB) CPU [33%@1224,29%@1224,27%@1224,29%@1224] EMC_FREQ 0% GR3D_FREQ 99% PLL@33.5C CPU@37.5C PMIC@50C GPU@35.5C AO@45C thermal@36.5C
2023-09-05 02:05:35 RAM 3535/3956MB (lfb 3x1MB) SWAP 2015/4026MB (cached 18MB) CPU [27%@1479,26%@1479,26%@1479,25%@1479] EMC_FREQ 0% GR3D_FREQ 99% PLL@33.5C CPU@37.5C PMIC@50C GPU@35.5C AO@44.5C thermal@36.5C
2023-09-05 02:06:35 RAM 3538/3956MB (lfb 3x1MB) SWAP 2015/4026MB (cached 15MB) CPU [26%@1479,25%@1479,28%@1479,24%@1479] EMC_FREQ 0% GR3D_FREQ 99% PLL@33.5C CPU@38.5C PMIC@50C GPU@35C AO@45C thermal@36.5C
2023-09-05 02:07:35 RAM 3532/3956MB (lfb 3x1MB) SWAP 2016/4026MB (cached 11MB) CPU [30%@1224,28%@1224,29%@1224,32%@1224] EMC_FREQ 0% GR3D_FREQ 99% PLL@33.5C CPU@37.5C PMIC@50C GPU@35C AO@44.5C thermal@36.25C
2023-09-05 02:08:35 RAM 3533/3956MB (lfb 3x1MB) SWAP 2016/4026MB (cached 11MB) CPU [24%@1224,22%@1224,25%@1224,26%@1224] EMC_FREQ 0% GR3D_FREQ 99% PLL@34C CPU@37.5C PMIC@50C GPU@35C AO@45C thermal@36.25C
2023-09-05 02:09:35 RAM 3538/3956MB (lfb 3x1MB) SWAP 2015/4026MB (cached 11MB) CPU [28%@1479,27%@1479,21%@1479,27%@1479] EMC_FREQ 0% GR3D_FREQ 99% PLL@33.5C CPU@37.5C PMIC@50C GPU@35C AO@44.5C thermal@36C
2023-09-05 02:10:35 RAM 3526/3956MB (lfb 3x1MB) SWAP 2015/4026MB (cached 11MB) CPU [30%@1224,30%@1224,29%@1224,30%@1224] EMC_FREQ 0% GR3D_FREQ 99% PLL@33.5C CPU@37.5C PMIC@50C GPU@35C AO@45C thermal@36.25C
2023-09-05 02:11:35 RAM 3527/3956MB (lfb 3x1MB) SWAP 2010/4026MB (cached 11MB) CPU [26%@1224,23%@1224,21%@1224,22%@1224] EMC_FREQ 0% GR3D_FREQ 99% PLL@33.5C CPU@37.5C PMIC@50C GPU@35C AO@44.5C thermal@36.25C
2023-09-05 02:12:35 RAM 3543/3956MB (lfb 3x1MB) SWAP 2009/4026MB (cached 11MB) CPU [30%@1224,25%@1224,24%@1224,28%@1224] EMC_FREQ 0% GR3D_FREQ 99% PLL@33.5C CPU@37.5C PMIC@50C GPU@35.5C AO@45C thermal@36C
2023-09-05 02:13:35 RAM 3537/3956MB (lfb 3x1MB) SWAP 2009/4026MB (cached 11MB) CPU [31%@1479,27%@1479,29%@1479,28%@1479] EMC_FREQ 0% GR3D_FREQ 99% PLL@34C CPU@37.5C PMIC@50C GPU@35C AO@45C thermal@36.25C
2023-09-05 02:14:35 RAM 3529/3956MB (lfb 3x1MB) SWAP 2009/4026MB (cached 11MB) CPU [24%@1224,21%@1224,23%@1224,23%@1224] EMC_FREQ 0% GR3D_FREQ 99% PLL@33.5C CPU@37.5C PMIC@50C GPU@35C AO@44.5C thermal@36.5C
2023-09-05 02:15:35 RAM 3535/3956MB (lfb 3x1MB) SWAP 2018/4026MB (cached 11MB) CPU [30%@1224,27%@1224,29%@1224,29%@1224] EMC_FREQ 0% GR3D_FREQ 99% PLL@33.5C CPU@37C PMIC@50C GPU@35C AO@45C thermal@36C
2023-09-05 02:16:35 RAM 3530/3956MB (lfb 3x1MB) SWAP 2018/4026MB (cached 9MB) CPU [32%@1479,31%@1479,28%@1479,28%@1479] EMC_FREQ 0% GR3D_FREQ 99% PLL@33.5C CPU@37.5C PMIC@50C GPU@34.5C AO@45C thermal@36.25C
2023-09-05 02:17:35 RAM 3529/3956MB (lfb 3x1MB) SWAP 2018/4026MB (cached 9MB) CPU [21%@1224,25%@1224,21%@1224,19%@1224] EMC_FREQ 0% GR3D_FREQ 99% PLL@33.5C CPU@37.5C PMIC@50C GPU@35C AO@44.5C thermal@36C
2023-09-05 02:18:35 RAM 3530/3956MB (lfb 3x1MB) SWAP 2019/4026MB (cached 9MB) CPU [31%@1479,31%@1479,32%@1479,25%@1479] EMC_FREQ 0% GR3D_FREQ 99% PLL@33.5C CPU@37.5C PMIC@50C GPU@35C AO@44.5C thermal@36.25C
2023-09-05 02:19:35 RAM 3533/3956MB (lfb 3x1MB) SWAP 2020/4026MB (cached 9MB) CPU [29%@1479,30%@1479,29%@1479,28%@1479] EMC_FREQ 0% GR3D_FREQ 99% PLL@34C CPU@38.5C PMIC@50C GPU@35C AO@45C thermal@36.75C
2023-09-05 02:20:35 RAM 3530/3956MB (lfb 3x1MB) SWAP 2020/4026MB (cached 9MB) CPU [22%@1224,23%@1224,19%@1224,20%@1224] EMC_FREQ 0% GR3D_FREQ 99% PLL@33.5C CPU@37.5C PMIC@50C GPU@35C AO@44.5C thermal@36C
2023-09-05 02:21:35 RAM 3534/3956MB (lfb 3x1MB) SWAP 2020/4026MB (cached 9MB) CPU [29%@1224,33%@1224,28%@1224,26%@1224] EMC_FREQ 0% GR3D_FREQ 99% PLL@34C CPU@38C PMIC@50C GPU@35C AO@45C thermal@36.5C
2023-09-05 02:22:35 RAM 3525/3956MB (lfb 3x1MB) SWAP 2021/4026MB (cached 9MB) CPU [29%@1479,32%@1479,31%@1479,28%@1479] EMC_FREQ 0% GR3D_FREQ 99% PLL@34.5C CPU@38C PMIC@50C GPU@35C AO@45C thermal@36.75C
2023-09-05 02:23:35 RAM 3540/3956MB (lfb 3x512kB) SWAP 2036/4026MB (cached 19MB) CPU [23%@1479,23%@1479,22%@1479,21%@1479] EMC_FREQ 0% GR3D_FREQ 0% PLL@34C CPU@38.5C PMIC@50C GPU@34.5C AO@45C thermal@36.25C
2023-09-05 02:24:35 RAM 3541/3956MB (lfb 3x512kB) SWAP 2036/4026MB (cached 17MB) CPU [33%@1224,29%@1224,26%@1224,30%@1224] EMC_FREQ 0% GR3D_FREQ 99% PLL@33.5C CPU@37.5C PMIC@50C GPU@35.5C AO@44.5C thermal@36.5C
2023-09-05 02:25:35 RAM 3518/3956MB (lfb 3x512kB) SWAP 2036/4026MB (cached 12MB) CPU [29%@1479,32%@1479,32%@1479,29%@1479] EMC_FREQ 0% GR3D_FREQ 99% PLL@33.5C CPU@37.5C PMIC@50C GPU@35C AO@45C thermal@36.25C
2023-09-05 02:26:35 RAM 3527/3956MB (lfb 3x512kB) SWAP 2037/4026MB (cached 10MB) CPU [21%@1224,25%@1224,21%@1224,20%@1224] EMC_FREQ 0% GR3D_FREQ 84% PLL@33C CPU@37.5C PMIC@50C GPU@35C AO@44.5C thermal@36.25C
2023-09-05 02:27:35 RAM 3517/3956MB (lfb 3x1MB) SWAP 2037/4026MB (cached 10MB) CPU [32%@1479,30%@1479,28%@1479,25%@1479] EMC_FREQ 0% GR3D_FREQ 99% PLL@34C CPU@37.5C PMIC@50C GPU@35C AO@44.5C thermal@36.5C
2023-09-05 02:28:35 RAM 3522/3956MB (lfb 3x1MB) SWAP 2037/4026MB (cached 10MB) CPU [31%@1428,28%@1428,29%@1428,27%@1428] EMC_FREQ 0% GR3D_FREQ 99% PLL@33.5C CPU@37.5C PMIC@50C GPU@35.5C AO@44.5C thermal@36.5C
2023-09-05 02:29:35 RAM 3524/3956MB (lfb 3x1MB) SWAP 2037/4026MB (cached 10MB) CPU [27%@1479,21%@1479,18%@1479,21%@1479] EMC_FREQ 0% GR3D_FREQ 99% PLL@34C CPU@37.5C PMIC@50C GPU@35C AO@44.5C thermal@36.25C
2023-09-05 02:30:35 RAM 3521/3956MB (lfb 3x1MB) SWAP 2037/4026MB (cached 10MB) CPU [27%@1479,27%@1479,32%@1479,29%@1479] EMC_FREQ 0% GR3D_FREQ 99% PLL@34C CPU@37.5C PMIC@50C GPU@35C AO@45C thermal@36C
2023-09-05 02:31:35 RAM 3522/3956MB (lfb 3x1MB) SWAP 2037/4026MB (cached 10MB) CPU [29%@1479,29%@1479,25%@1479,32%@1479] EMC_FREQ 0% GR3D_FREQ 44% PLL@33.5C CPU@37C PMIC@50C GPU@35C AO@44.5C thermal@36.25C
2023-09-05 02:32:35 RAM 3532/3956MB (lfb 3x1MB) SWAP 2037/4026MB (cached 10MB) CPU [25%@1224,22%@1224,19%@1224,19%@1224] EMC_FREQ 0% GR3D_FREQ 99% PLL@33.5C CPU@37.5C PMIC@50C GPU@35C AO@44.5C thermal@36.5C
2023-09-05 02:33:35 RAM 3516/3956MB (lfb 3x1MB) SWAP 2037/4026MB (cached 10MB) CPU [31%@1479,28%@1479,29%@1479,30%@1479] EMC_FREQ 0% GR3D_FREQ 47% PLL@33.5C CPU@37C PMIC@50C GPU@35C AO@44.5C thermal@36.75C
2023-09-05 02:34:35 RAM 3518/3956MB (lfb 3x1MB) SWAP 2037/4026MB (cached 10MB) CPU [30%@1479,32%@1479,30%@1479,24%@1479] EMC_FREQ 0% GR3D_FREQ 96% PLL@33.5C CPU@37.5C PMIC@50C GPU@35C AO@44.5C thermal@36.25C
2023-09-05 02:35:35 RAM 3539/3956MB (lfb 3x1MB) SWAP 2036/4026MB (cached 10MB) CPU [21%@1224,19%@1224,18%@1224,18%@1224] EMC_FREQ 0% GR3D_FREQ 99% PLL@33C CPU@37C PMIC@50C GPU@35C AO@44C thermal@36.5C
2023-09-05 02:36:35 RAM 3708/3956MB (lfb 3x1MB) SWAP 2072/4026MB (cached 12MB) CPU [20%@1479,40%@1479,7%@1479,11%@1479] EMC_FREQ 0% GR3D_FREQ 0% PLL@30.5C CPU@34.5C PMIC@50C GPU@32.5C AO@41.5C thermal@33.5C
2023-09-05 02:37:36 RAM 3622/3956MB (lfb 3x1MB) SWAP 2052/4026MB (cached 14MB) CPU [42%@1224,7%@1224,5%@1224,5%@1224] EMC_FREQ 0% GR3D_FREQ 0% PLL@28C CPU@31.5C PMIC@50C GPU@29C AO@39C thermal@30.75C
2023-09-05 02:38:36 RAM 3605/3956MB (lfb 3x1MB) SWAP 2094/4026MB (cached 8MB) CPU [10%@1479,9%@1479,8%@1479,10%@1479] EMC_FREQ 0% GR3D_FREQ 0% PLL@28C CPU@32C PMIC@50C GPU@30C AO@39C thermal@30.75C
2023-09-05 02:39:35 RAM 2183/3956MB (lfb 8x2MB) SWAP 1415/4026MB (cached 5MB) CPU [4%@1224,5%@1224,3%@1224,4%@1224] EMC_FREQ 0% GR3D_FREQ 0% PLL@26C CPU@29.5C PMIC@50C GPU@28C AO@37C thermal@28.5C
2023-09-05 02:40:35 RAM 2185/3956MB (lfb 8x2MB) SWAP 1415/4026MB (cached 5MB) CPU [2%@1224,2%@1224,2%@1224,1%@1224] EMC_FREQ 0% GR3D_FREQ 0% PLL@25.5C CPU@28.5C PMIC@50C GPU@27.5C AO@36C thermal@28C
2023-09-05 02:41:35 RAM 2186/3956MB (lfb 8x2MB) SWAP 1415/4026MB (cached 5MB) CPU [2%@1224,3%@1224,2%@1224,1%@1224] EMC_FREQ 0% GR3D_FREQ 0% PLL@25C CPU@28.5C PMIC@50C GPU@27C AO@36C thermal@27.75C
2023-09-05 02:42:35 RAM 2180/3956MB (lfb 9x2MB) SWAP 1414/4026MB (cached 5MB) CPU [2%@1224,3%@1224,2%@1224,1%@1224] EMC_FREQ 0% GR3D_FREQ 0% PLL@24.5C CPU@28C PMIC@50C GPU@26.5C AO@35.5C thermal@27C
2023-09-05 02:43:35 RAM 2182/3956MB (lfb 9x2MB) SWAP 1414/4026MB (cached 5MB) CPU [2%@1224,2%@1224,1%@1224,1%@1224] EMC_FREQ 0% GR3D_FREQ 0% PLL@24.5C CPU@28C PMIC@50C GPU@26.5C AO@35.5C thermal@27.25C
2023-09-05 02:44:35 RAM 2181/3956MB (lfb 9x2MB) SWAP 1414/4026MB (cached 6MB) CPU [2%@1224,2%@1224,1%@1224,1%@1224] EMC_FREQ 0% GR3D_FREQ 0% PLL@24C CPU@27.5C PMIC@50C GPU@26C AO@35C thermal@27C
2023-09-05 02:45:35 RAM 2181/3956MB (lfb 9x2MB) SWAP 1414/4026MB (cached 6MB) CPU [2%@1224,2%@1224,1%@1224,1%@1224] EMC_FREQ 0% GR3D_FREQ 0% PLL@24.5C CPU@27.5C PMIC@50C GPU@26.5C AO@35C thermal@26.75C
2023-09-05 02:46:35 RAM 2181/3956MB (lfb 9x2MB) SWAP 1414/4026MB (cached 6MB) CPU [3%@1224,1%@1224,1%@1224,1%@1224] EMC_FREQ 0% GR3D_FREQ 0% PLL@24.5C CPU@27.5C PMIC@50C GPU@26.5C AO@35C thermal@27C
2023-09-05 02:47:35 RAM 2183/3956MB (lfb 9x2MB) SWAP 1414/4026MB (cached 6MB) CPU [2%@1224,1%@1224,1%@1224,1%@1224] EMC_FREQ 0% GR3D_FREQ 0% PLL@24.5C CPU@27.5C PMIC@50C GPU@26.5C AO@35C thermal@27C
2023-09-05 02:48:35 RAM 2184/3956MB (lfb 7x2MB) SWAP 1414/4026MB (cached 6MB) CPU [2%@1224,2%@1224,1%@1224,1%@1224] EMC_FREQ 0% GR3D_FREQ 0% PLL@24.5C CPU@27.5C PMIC@50C GPU@26.5C AO@35C thermal@26.75C
2023-09-05 02:49:35 RAM 2187/3956MB (lfb 7x2MB) SWAP 1414/4026MB (cached 6MB) CPU [2%@1224,2%@1224,1%@1224,1%@1224] EMC_FREQ 0% GR3D_FREQ 0% PLL@24C CPU@27.5C PMIC@50C GPU@26C AO@35C thermal@26.75C
2023-09-05 02:50:35 RAM 2184/3956MB (lfb 7x2MB) SWAP 1414/4026MB (cached 6MB) CPU [2%@1224,2%@1224,1%@1224,1%@1224] EMC_FREQ 0% GR3D_FREQ 0% PLL@24.5C CPU@27.5C PMIC@50C GPU@26.5C AO@35.5C thermal@26.75C
2023-09-05 02:51:35 RAM 2177/3956MB (lfb 7x2MB) SWAP 1414/4026MB (cached 6MB) CPU [2%@1224,2%@1224,1%@1224,1%@1224] EMC_FREQ 0% GR3D_FREQ 0% PLL@24C CPU@27.5C PMIC@50C GPU@26C AO@35C thermal@26.75C
2023-09-05 02:52:35 RAM 2178/3956MB (lfb 7x2MB) SWAP 1414/4026MB (cached 6MB) CPU [2%@1224,2%@1224,1%@1224,1%@1224] EMC_FREQ 0% GR3D_FREQ 0% PLL@24.5C CPU@27.5C PMIC@50C GPU@26.5C AO@35C thermal@26.75C
2023-09-05 02:53:35 RAM 2182/3956MB (lfb 7x2MB) SWAP 1413/4026MB (cached 6MB) CPU [2%@1224,4%@1224,1%@1224,1%@1224] EMC_FREQ 0% GR3D_FREQ 0% PLL@24C CPU@27.5C PMIC@50C GPU@26C AO@35C thermal@27C
2023-09-05 02:54:35 RAM 2189/3956MB (lfb 7x2MB) SWAP 1412/4026MB (cached 8MB) CPU [2%@1224,2%@1224,2%@1224,1%@1224] EMC_FREQ 0% GR3D_FREQ 0% PLL@24.5C CPU@27C PMIC@50C GPU@26.5C AO@35C thermal@27C
2023-09-05 02:55:35 RAM 2193/3956MB (lfb 7x2MB) SWAP 1410/4026MB (cached 11MB) CPU [2%@1224,2%@1224,2%@1224,1%@1224] EMC_FREQ 0% GR3D_FREQ 0% PLL@24.5C CPU@27C PMIC@50C GPU@26.5C AO@35C thermal@26.5C
2023-09-05 02:56:35 RAM 2194/3956MB (lfb 7x2MB) SWAP 1410/4026MB (cached 11MB) CPU [3%@1224,1%@1224,1%@1224,1%@1224] EMC_FREQ 0% GR3D_FREQ 0% PLL@24.5C CPU@27.5C PMIC@50C GPU@26.5C AO@35C thermal@26.75C
2023-09-05 02:57:35 RAM 2195/3956MB (lfb 7x2MB) SWAP 1410/4026MB (cached 11MB) CPU [2%@1224,1%@1224,1%@1224,1%@1224] EMC_FREQ 0% GR3D_FREQ 0% PLL@24C CPU@27.5C PMIC@50C GPU@26C AO@35C thermal@26.75C
2023-09-05 02:58:35 RAM 2193/3956MB (lfb 7x2MB) SWAP 1409/4026MB (cached 11MB) CPU [2%@1224,1%@1224,1%@1224,1%@1224] EMC_FREQ 0% GR3D_FREQ 0% PLL@24.5C CPU@27.5C PMIC@50C GPU@26.5C AO@35C thermal@27C
2023-09-05 02:59:35 RAM 2194/3956MB (lfb 7x2MB) SWAP 1409/4026MB (cached 11MB) CPU [2%@1224,1%@1224,2%@1224,1%@1224] EMC_FREQ 0% GR3D_FREQ 0% PLL@24.5C CPU@27.5C PMIC@50C GPU@26.5C AO@34.5C thermal@27C
2023-09-05 03:00:35 RAM 2188/3956MB (lfb 7x2MB) SWAP 1408/4026MB (cached 11MB) CPU [3%@1224,2%@1224,2%@1224,2%@1224] EMC_FREQ 0% GR3D_FREQ 0% PLL@24.5C CPU@27.5C PMIC@50C GPU@26.5C AO@35.5C thermal@26.75C
2023-09-05 03:01:35 RAM 2187/3956MB (lfb 7x2MB) SWAP 1405/4026MB (cached 16MB) CPU [2%@1224,2%@1224,1%@1224,1%@1224] EMC_FREQ 0% GR3D_FREQ 0% PLL@24.5C CPU@27.5C PMIC@50C GPU@26.5C AO@34.5C thermal@26.75C
2023-09-05 03:02:35 RAM 2188/3956MB (lfb 7x2MB) SWAP 1405/4026MB (cached 16MB) CPU [2%@1224,2%@1224,1%@1224,1%@1224] EMC_FREQ 0% GR3D_FREQ 0% PLL@24.5C CPU@27.5C PMIC@50C GPU@26.5C AO@35C thermal@27.25C
2023-09-05 03:03:35 RAM 2354/3956MB (lfb 4x2MB) SWAP 1356/4026MB (cached 121MB) CPU [12%@1479,11%@1479,11%@1479,11%@1479] EMC_FREQ 0% GR3D_FREQ 0% PLL@26C CPU@30.5C PMIC@50C GPU@26.5C AO@36C thermal@28.25C
2023-09-05 03:04:35 RAM 2609/3956MB (lfb 7x2MB) SWAP 1180/4026MB (cached 121MB) CPU [61%@1224,67%@1224,61%@1224,61%@1224] EMC_FREQ 0% GR3D_FREQ 0% PLL@26.5C CPU@29.5C PMIC@50C GPU@28.5C AO@37.5C thermal@29.5C
2023-09-05 03:05:35 RAM 3205/3956MB (lfb 1x512kB) SWAP 1152/4026MB (cached 82MB) CPU [18%@1479,15%@1479,18%@1479,13%@1479] EMC_FREQ 0% GR3D_FREQ 3% PLL@26.5C CPU@29.5C PMIC@50C GPU@27.5C AO@37.5C thermal@28.75C
2023-09-05 03:06:35 RAM 3064/3956MB (lfb 1x1MB) SWAP 1114/4026MB (cached 49MB) CPU [26%@1224,23%@1224,21%@1224,21%@1224] EMC_FREQ 0% GR3D_FREQ 0% PLL@27C CPU@29.5C PMIC@50C GPU@27.5C AO@37C thermal@28.75C
2023-09-05 03:07:35 RAM 3066/3956MB (lfb 1x1MB) SWAP 1114/4026MB (cached 49MB) CPU [30%@1224,24%@1224,24%@1224,24%@1224] EMC_FREQ 0% GR3D_FREQ 40% PLL@27C CPU@30.5C PMIC@50C GPU@27.5C AO@37.5C thermal@29.25C
2023-09-05 03:08:36 RAM 3371/3956MB (lfb 1x512kB) SWAP 1115/4026MB (cached 46MB) CPU [16%@1479,17%@1479,34%@1479,18%@1479] EMC_FREQ 0% GR3D_FREQ 0% PLL@26.5C CPU@29.5C PMIC@50C GPU@27.5C AO@37.5C thermal@28.25C
2023-09-05 03:09:37 RAM 3542/3956MB (lfb 1x512kB) SWAP 1295/4026MB (cached 43MB) CPU [10%@1224,7%@1224,8%@1224,6%@1224] EMC_FREQ 0% GR3D_FREQ 0% PLL@26C CPU@28.5C PMIC@50C GPU@28C AO@36.5C thermal@28.5C
2023-09-05 03:10:38 RAM 3606/3956MB (lfb 1x1MB) SWAP 1535/4026MB (cached 44MB) CPU [9%@1224,6%@1224,5%@1224,8%@1224] EMC_FREQ 0% GR3D_FREQ 0% PLL@26C CPU@28.5C PMIC@50C GPU@28C AO@36.5C thermal@28.25C
2023-09-05 03:11:51 RAM 3531/3956MB (lfb 1x2MB) SWAP 1708/4026MB (cached 55MB) CPU [12%@1224,14%@1224,10%@1224,7%@1224] EMC_FREQ 0% GR3D_FREQ 0% PLL@25.5C CPU@28.5C PMIC@50C GPU@27.5C AO@36.5C thermal@28.25C
2023-09-05 03:12:39 RAM 3500/3956MB (lfb 2x512kB) SWAP 1973/4026MB (cached 71MB) CPU [13%@1224,7%@1224,6%@1224,7%@1224] EMC_FREQ 0% GR3D_FREQ 0% PLL@25.5C CPU@28.5C PMIC@50C GPU@27.5C AO@36.5C thermal@28C
2023-09-05 03:13:38 RAM 3533/3956MB (lfb 7x4MB) SWAP 2005/4026MB (cached 85MB) CPU [22%@1224,19%@1224,21%@1224,18%@1224] EMC_FREQ 0% GR3D_FREQ 99% PLL@28.5C CPU@32C PMIC@50C GPU@30.5C AO@39.5C thermal@32C
2023-09-05 03:14:38 RAM 3543/3956MB (lfb 7x4MB) SWAP 1994/4026MB (cached 83MB) CPU [31%@1479,26%@1479,41%@1479,34%@1479] EMC_FREQ 0% GR3D_FREQ 99% PLL@31C CPU@35C PMIC@50C GPU@33C AO@41.5C thermal@33.5C
2023-09-05 03:15:38 RAM 3576/3956MB (lfb 7x4MB) SWAP 1995/4026MB (cached 106MB) CPU [24%@1479,22%@1479,27%@1479,22%@1479] EMC_FREQ 0% GR3D_FREQ 99% PLL@31C CPU@35C PMIC@50C GPU@32.5C AO@42C thermal@34C
2023-09-05 03:16:38 RAM 3572/3956MB (lfb 7x4MB) SWAP 2006/4026MB (cached 106MB) CPU [25%@1479,30%@1479,30%@1479,26%@1479] EMC_FREQ 0% GR3D_FREQ 99% PLL@32C CPU@37C PMIC@50C GPU@34C AO@43C thermal@35C
2023-09-05 03:17:38 RAM 3573/3956MB (lfb 7x4MB) SWAP 2008/4026MB (cached 107MB) CPU [32%@1479,33%@1479,37%@1479,33%@1479] EMC_FREQ 0% GR3D_FREQ 99% PLL@33C CPU@37C PMIC@50C GPU@35C AO@43.5C thermal@35.75C
2023-09-05 03:18:38 RAM 3570/3956MB (lfb 7x4MB) SWAP 2013/4026MB (cached 106MB) CPU [25%@1224,24%@1224,26%@1224,27%@1224] EMC_FREQ 0% GR3D_FREQ 80% PLL@33C CPU@37C PMIC@50C GPU@35C AO@44C thermal@36C
2023-09-05 03:19:38 RAM 3561/3956MB (lfb 7x4MB) SWAP 2004/4026MB (cached 117MB) CPU [31%@1224,35%@1224,33%@1224,34%@1224] EMC_FREQ 0% GR3D_FREQ 99% PLL@33.5C CPU@37.5C PMIC@50C GPU@35.5C AO@44.5C thermal@36.25C
2023-09-05 03:20:38 RAM 3562/3956MB (lfb 7x4MB) SWAP 2009/4026MB (cached 117MB) CPU [30%@1479,38%@1479,32%@1224,32%@1224] EMC_FREQ 0% GR3D_FREQ 99% PLL@33.5C CPU@38C PMIC@50C GPU@35C AO@44.5C thermal@37C
2023-09-05 03:21:38 RAM 3557/3956MB (lfb 7x4MB) SWAP 2013/4026MB (cached 105MB) CPU [26%@1224,28%@1224,23%@1224,27%@1224] EMC_FREQ 0% GR3D_FREQ 99% PLL@33.5C CPU@37.5C PMIC@50C GPU@35.5C AO@44.5C thermal@37C
2023-09-05 03:22:38 RAM 3550/3956MB (lfb 7x4MB) SWAP 2013/4026MB (cached 105MB) CPU [35%@1479,32%@1479,31%@1479,30%@1479] EMC_FREQ 0% GR3D_FREQ 99% PLL@33.5C CPU@37.5C PMIC@50C GPU@35.5C AO@44.5C thermal@36.25C
2023-09-05 03:23:38 RAM 3537/3956MB (lfb 7x4MB) SWAP 2013/4026MB (cached 69MB) CPU [31%@1224,29%@1224,30%@1224,29%@1224] EMC_FREQ 0% GR3D_FREQ 99% PLL@33C CPU@37.5C PMIC@50C GPU@35C AO@44.5C thermal@36.5C
2023-09-05 03:24:38 RAM 3554/3956MB (lfb 7x4MB) SWAP 2012/4026MB (cached 69MB) CPU [30%@1224,27%@1224,26%@1224,27%@1224] EMC_FREQ 0% GR3D_FREQ 99% PLL@33C CPU@37C PMIC@50C GPU@35.5C AO@44.5C thermal@36.25C
2023-09-05 03:25:38 RAM 3536/3956MB (lfb 7x4MB) SWAP 2012/4026MB (cached 69MB) CPU [35%@1479,36%@1479,30%@1479,31%@1479] EMC_FREQ 0% GR3D_FREQ 99% PLL@33.5C CPU@37C PMIC@50C GPU@35.5C AO@44.5C thermal@37C
2023-09-05 03:26:38 RAM 3546/3956MB (lfb 7x4MB) SWAP 2012/4026MB (cached 69MB) CPU [27%@1479,23%@1479,25%@1479,22%@1479] EMC_FREQ 0% GR3D_FREQ 99% PLL@33.5C CPU@37.5C PMIC@50C GPU@35C AO@44.5C thermal@36.25C
2023-09-05 03:27:38 RAM 3542/3956MB (lfb 7x4MB) SWAP 2011/4026MB (cached 70MB) CPU [34%@1479,32%@1479,28%@1479,35%@1479] EMC_FREQ 0% GR3D_FREQ 99% PLL@34C CPU@38C PMIC@50C GPU@35.5C AO@45C thermal@36C
2023-09-05 03:28:38 RAM 3547/3956MB (lfb 7x4MB) SWAP 2010/4026MB (cached 70MB) CPU [34%@1479,31%@1479,34%@1479,32%@1479] EMC_FREQ 0% GR3D_FREQ 99% PLL@33.5C CPU@37C PMIC@50C GPU@35C AO@44.5C thermal@37C
2023-09-05 03:29:38 RAM 3547/3956MB (lfb 7x4MB) SWAP 2010/4026MB (cached 70MB) CPU [26%@1479,24%@1479,23%@1479,24%@1479] EMC_FREQ 0% GR3D_FREQ 99% PLL@33.5C CPU@38C PMIC@50C GPU@35C AO@44.5C thermal@36.5C
2023-09-05 03:30:38 RAM 3546/3956MB (lfb 7x4MB) SWAP 2009/4026MB (cached 70MB) CPU [32%@1479,31%@1479,32%@1479,33%@1479] EMC_FREQ 0% GR3D_FREQ 99% PLL@33.5C CPU@38C PMIC@50C GPU@35.5C AO@44.5C thermal@36.25C
2023-09-05 03:31:38 RAM 3544/3956MB (lfb 7x4MB) SWAP 2009/4026MB (cached 70MB) CPU [31%@1479,29%@1479,29%@1479,31%@1479] EMC_FREQ 0% GR3D_FREQ 99% PLL@33C CPU@37C PMIC@50C GPU@35C AO@44.5C thermal@36.25C
2023-09-05 03:32:38 RAM 3550/3956MB (lfb 7x4MB) SWAP 2009/4026MB (cached 70MB) CPU [27%@1224,27%@1224,28%@1224,25%@1224] EMC_FREQ 0% GR3D_FREQ 99% PLL@33C CPU@37C PMIC@50C GPU@35C AO@44.5C thermal@36C
2023-09-05 03:33:38 RAM 3547/3956MB (lfb 7x4MB) SWAP 2009/4026MB (cached 70MB) CPU [34%@1224,29%@1224,33%@1224,30%@1224] EMC_FREQ 0% GR3D_FREQ 99% PLL@33.5C CPU@37C PMIC@50C GPU@35C AO@44.5C thermal@36.25C
2023-09-05 03:34:38 RAM 3546/3956MB (lfb 7x4MB) SWAP 2008/4026MB (cached 70MB) CPU [26%@1224,23%@1224,25%@1224,26%@1224] EMC_FREQ 0% GR3D_FREQ 99% PLL@33C CPU@37C PMIC@50C GPU@35.5C AO@44C thermal@36.5C
2023-09-05 03:35:38 RAM 3543/3956MB (lfb 7x4MB) SWAP 2008/4026MB (cached 70MB) CPU [34%@1224,33%@1224,30%@1224,33%@1224] EMC_FREQ 0% GR3D_FREQ 99% PLL@33C CPU@37C PMIC@50C GPU@35C AO@44C thermal@36C
2023-09-05 03:36:38 RAM 3550/3956MB (lfb 7x4MB) SWAP 2008/4026MB (cached 70MB) CPU [34%@1224,30%@1224,32%@1224,33%@1224] EMC_FREQ 0% GR3D_FREQ 99% PLL@33C CPU@37.5C PMIC@50C GPU@35C AO@44C thermal@36.5C
2023-09-05 03:37:38 RAM 3559/3956MB (lfb 7x4MB) SWAP 2010/4026MB (cached 70MB) CPU [27%@1479,25%@1479,23%@1479,25%@1479] EMC_FREQ 0% GR3D_FREQ 99% PLL@33C CPU@37.5C PMIC@50C GPU@34.5C AO@44.5C thermal@35.75C
2023-09-05 03:38:38 RAM 3541/3956MB (lfb 7x4MB) SWAP 2013/4026MB (cached 70MB) CPU [38%@1479,32%@1479,31%@1479,35%@1479] EMC_FREQ 0% GR3D_FREQ 99% PLL@33.5C CPU@38C PMIC@50C GPU@34.5C AO@44.5C thermal@35.75C
2023-09-05 03:39:38 RAM 3544/3956MB (lfb 7x4MB) SWAP 2013/4026MB (cached 69MB) CPU [33%@1224,31%@1224,32%@1224,33%@1224] EMC_FREQ 0% GR3D_FREQ 99% PLL@33.5C CPU@37.5C PMIC@50C GPU@35C AO@44C thermal@36C
2023-09-05 03:40:38 RAM 3546/3956MB (lfb 7x4MB) SWAP 2013/4026MB (cached 69MB) CPU [29%@1479,23%@1479,22%@1479,25%@1479] EMC_FREQ 0% GR3D_FREQ 99% PLL@33.5C CPU@37.5C PMIC@50C GPU@35C AO@44C thermal@36C
2023-09-05 03:41:38 RAM 3547/3956MB (lfb 7x4MB) SWAP 2013/4026MB (cached 67MB) CPU [34%@1479,31%@1479,34%@1479,32%@1479] EMC_FREQ 0% GR3D_FREQ 62% PLL@33C CPU@37C PMIC@50C GPU@35C AO@44.5C thermal@35.75C
2023-09-05 03:42:38 RAM 3541/3956MB (lfb 7x4MB) SWAP 2012/4026MB (cached 67MB) CPU [31%@1224,26%@1224,28%@1224,27%@1224] EMC_FREQ 0% GR3D_FREQ 99% PLL@33C CPU@37C PMIC@50C GPU@35C AO@44C thermal@36C
2023-09-05 03:43:38 RAM 3549/3956MB (lfb 7x4MB) SWAP 2012/4026MB (cached 67MB) CPU [30%@1479,32%@1479,27%@1479,28%@1479] EMC_FREQ 0% GR3D_FREQ 99% PLL@33C CPU@37C PMIC@50C GPU@34.5C AO@44C thermal@36C
2023-09-05 03:44:38 RAM 3550/3956MB (lfb 7x4MB) SWAP 2012/4026MB (cached 67MB) CPU [32%@1479,31%@1479,34%@1479,33%@1479] EMC_FREQ 0% GR3D_FREQ 99% PLL@33C CPU@38C PMIC@50C GPU@35C AO@44.5C thermal@36C
2023-09-05 03:45:38 RAM 3552/3956MB (lfb 7x4MB) SWAP 2012/4026MB (cached 67MB) CPU [28%@1479,25%@1479,24%@1479,24%@1479] EMC_FREQ 0% GR3D_FREQ 99% PLL@33C CPU@37.5C PMIC@50C GPU@35C AO@44.5C thermal@35.75C
2023-09-05 03:46:38 RAM 3545/3956MB (lfb 7x4MB) SWAP 2007/4026MB (cached 67MB) CPU [33%@1479,32%@1479,32%@1479,32%@1479] EMC_FREQ 0% GR3D_FREQ 99% PLL@33C CPU@37.5C PMIC@50C GPU@34.5C AO@44.5C thermal@36.25C
2023-09-05 03:47:38 RAM 3547/3956MB (lfb 7x4MB) SWAP 2007/4026MB (cached 67MB) CPU [32%@1224,30%@1224,33%@1224,32%@1224] EMC_FREQ 0% GR3D_FREQ 99% PLL@33C CPU@36.5C PMIC@50C GPU@34.5C AO@43.5C thermal@36C
2023-09-05 03:48:38 RAM 3553/3956MB (lfb 7x4MB) SWAP 2006/4026MB (cached 67MB) CPU [27%@1224,24%@1224,26%@1224,21%@1224] EMC_FREQ 0% GR3D_FREQ 99% PLL@33.5C CPU@37C PMIC@50C GPU@35C AO@44C thermal@35.75C
2023-09-05 03:49:38 RAM 3541/3956MB (lfb 7x4MB) SWAP 2011/4026MB (cached 67MB) CPU [36%@1479,32%@1479,36%@1479,34%@1479] EMC_FREQ 0% GR3D_FREQ 99% PLL@33.5C CPU@37C PMIC@50C GPU@34.5C AO@44.5C thermal@36C
2023-09-05 03:50:38 RAM 3547/3956MB (lfb 7x4MB) SWAP 2008/4026MB (cached 69MB) CPU [33%@1479,30%@1479,28%@1479,32%@1479] EMC_FREQ 0% GR3D_FREQ 99% PLL@33C CPU@37C PMIC@50C GPU@34.5C AO@43.5C thermal@36C
2023-09-05 03:51:38 RAM 3526/3956MB (lfb 7x4MB) SWAP 2014/4026MB (cached 45MB) CPU [28%@1479,28%@1479,26%@1479,27%@1479] EMC_FREQ 0% GR3D_FREQ 99% PLL@33C CPU@37.5C PMIC@50C GPU@35C AO@44C thermal@36C
2023-09-05 03:52:38 RAM 3520/3956MB (lfb 7x4MB) SWAP 2014/4026MB (cached 42MB) CPU [33%@1224,35%@1224,35%@1224,32%@1224] EMC_FREQ 0% GR3D_FREQ 99% PLL@33C CPU@37C PMIC@50C GPU@35C AO@44.5C thermal@36C
2023-09-05 03:53:38 RAM 3519/3956MB (lfb 7x4MB) SWAP 2014/4026MB (cached 40MB) CPU [27%@1224,30%@1224,28%@1224,26%@1224] EMC_FREQ 0% GR3D_FREQ 99% PLL@33C CPU@37C PMIC@50C GPU@35C AO@44.5C thermal@35.75C
2023-09-05 03:54:38 RAM 3530/3956MB (lfb 7x4MB) SWAP 2014/4026MB (cached 38MB) CPU [31%@1479,29%@1479,31%@1479,31%@1479] EMC_FREQ 0% GR3D_FREQ 99% PLL@33.5C CPU@37C PMIC@50C GPU@35C AO@44.5C thermal@36C
2023-09-05 03:55:38 RAM 3523/3956MB (lfb 7x4MB) SWAP 2014/4026MB (cached 37MB) CPU [33%@1479,35%@1479,33%@1479,32%@1479] EMC_FREQ 0% GR3D_FREQ 99% PLL@33C CPU@37.5C PMIC@50C GPU@35C AO@44.5C thermal@35.75C
2023-09-05 03:56:38 RAM 3527/3956MB (lfb 7x4MB) SWAP 2013/4026MB (cached 35MB) CPU [26%@1224,23%@1224,24%@1224,29%@1224] EMC_FREQ 0% GR3D_FREQ 99% PLL@33C CPU@37C PMIC@50C GPU@35C AO@44C thermal@36C
2023-09-05 03:57:38 RAM 3523/3956MB (lfb 7x4MB) SWAP 2013/4026MB (cached 35MB) CPU [34%@1479,30%@1479,33%@1479,32%@1479] EMC_FREQ 0% GR3D_FREQ 78% PLL@33C CPU@36.5C PMIC@50C GPU@35.5C AO@44C thermal@35.75C
2023-09-05 03:58:38 RAM 3528/3956MB (lfb 7x4MB) SWAP 2013/4026MB (cached 35MB) CPU [34%@1479,30%@1479,36%@1479,29%@1479] EMC_FREQ 0% GR3D_FREQ 99% PLL@33.5C CPU@38C PMIC@50C GPU@35C AO@44.5C thermal@36.5C
2023-09-05 03:59:38 RAM 3522/3956MB (lfb 7x4MB) SWAP 2013/4026MB (cached 35MB) CPU [23%@1224,24%@1224,27%@1224,26%@1224] EMC_FREQ 0% GR3D_FREQ 99% PLL@33C CPU@37C PMIC@50C GPU@34.5C AO@44.5C thermal@36C
2023-09-05 04:00:38 RAM 3527/3956MB (lfb 7x4MB) SWAP 2013/4026MB (cached 35MB) CPU [34%@1224,32%@1224,33%@1224,30%@1224] EMC_FREQ 0% GR3D_FREQ 99% PLL@33C CPU@37C PMIC@50C GPU@34.5C AO@44.5C thermal@36.5C
2023-09-05 04:01:38 RAM 3526/3956MB (lfb 7x4MB) SWAP 2013/4026MB (cached 35MB) CPU [31%@1224,30%@1224,31%@1224,28%@1224] EMC_FREQ 0% GR3D_FREQ 99% PLL@33C CPU@37C PMIC@50C GPU@35C AO@44C thermal@36.25C
2023-09-05 04:02:38 RAM 3524/3956MB (lfb 7x4MB) SWAP 2013/4026MB (cached 35MB) CPU [28%@1224,26%@1224,27%@1224,28%@1224] EMC_FREQ 0% GR3D_FREQ 99% PLL@33C CPU@37C PMIC@50C GPU@34.5C AO@44C thermal@36C
2023-09-05 04:03:38 RAM 3532/3956MB (lfb 7x4MB) SWAP 2011/4026MB (cached 38MB) CPU [32%@1224,33%@1224,34%@1224,30%@1224] EMC_FREQ 0% GR3D_FREQ 80% PLL@33C CPU@36.5C PMIC@50C GPU@35C AO@44C thermal@35.75C
2023-09-05 04:04:38 RAM 3530/3956MB (lfb 7x4MB) SWAP 2011/4026MB (cached 38MB) CPU [28%@1479,26%@1479,25%@1479,26%@1479] EMC_FREQ 0% GR3D_FREQ 99% PLL@32.5C CPU@37C PMIC@50C GPU@34.5C AO@43.5C thermal@35.75C
2023-09-05 04:05:38 RAM 3531/3956MB (lfb 7x4MB) SWAP 2011/4026MB (cached 38MB) CPU [30%@1479,30%@1479,33%@1479,31%@1479] EMC_FREQ 0% GR3D_FREQ 99% PLL@32.5C CPU@37.5C PMIC@50C GPU@34.5C AO@44.5C thermal@36C
2023-09-05 04:06:38 RAM 3530/3956MB (lfb 7x4MB) SWAP 2011/4026MB (cached 38MB) CPU [38%@1479,33%@1479,26%@1479,32%@1479] EMC_FREQ 0% GR3D_FREQ 99% PLL@33C CPU@37C PMIC@50C GPU@34C AO@44C thermal@35.75C
2023-09-05 04:07:38 RAM 3539/3956MB (lfb 7x4MB) SWAP 2011/4026MB (cached 38MB) CPU [25%@1428,24%@1428,23%@1428,27%@1428] EMC_FREQ 0% GR3D_FREQ 99% PLL@32.5C CPU@36.5C PMIC@50C GPU@35C AO@44C thermal@35.75C
2023-09-05 04:08:38 RAM 3537/3956MB (lfb 7x4MB) SWAP 2011/4026MB (cached 38MB) CPU [33%@1224,32%@1224,31%@1224,32%@1224] EMC_FREQ 0% GR3D_FREQ 99% PLL@33C CPU@37C PMIC@50C GPU@35C AO@44C thermal@36.5C
2023-09-05 04:09:38 RAM 3529/3956MB (lfb 7x4MB) SWAP 2011/4026MB (cached 38MB) CPU [36%@1479,33%@1479,31%@1479,33%@1479] EMC_FREQ 0% GR3D_FREQ 99% PLL@33.5C CPU@37.5C PMIC@50C GPU@35C AO@44C thermal@36C
2023-09-05 04:10:38 RAM 3534/3956MB (lfb 7x4MB) SWAP 2011/4026MB (cached 38MB) CPU [25%@1479,24%@1479,25%@1479,22%@1479] EMC_FREQ 0% GR3D_FREQ 99% PLL@33.5C CPU@37C PMIC@50C GPU@35C AO@44C thermal@36C
2023-09-05 04:11:38 RAM 3534/3956MB (lfb 7x4MB) SWAP 2011/4026MB (cached 38MB) CPU [35%@1479,33%@1479,31%@1479,31%@1479] EMC_FREQ 0% GR3D_FREQ 99% PLL@33.5C CPU@37C PMIC@50C GPU@35C AO@44.5C thermal@36C
2023-09-05 04:12:38 RAM 3529/3956MB (lfb 7x4MB) SWAP 2011/4026MB (cached 38MB) CPU [32%@1224,26%@1224,31%@1224,30%@1224] EMC_FREQ 0% GR3D_FREQ 99% PLL@33C CPU@37C PMIC@50C GPU@35C AO@44C thermal@36C
2023-09-05 04:13:38 RAM 3540/3956MB (lfb 7x4MB) SWAP 2011/4026MB (cached 38MB) CPU [28%@1479,24%@1479,30%@1479,26%@1479] EMC_FREQ 0% GR3D_FREQ 99% PLL@33C CPU@37.5C PMIC@50C GPU@35C AO@44.5C thermal@36.5C
2023-09-05 04:14:38 RAM 3536/3956MB (lfb 7x4MB) SWAP 2011/4026MB (cached 38MB) CPU [35%@1479,29%@1479,35%@1479,30%@1479] EMC_FREQ 0% GR3D_FREQ 99% PLL@33C CPU@38C PMIC@50C GPU@35C AO@44.5C thermal@36.75C
2023-09-05 04:15:38 RAM 3533/3956MB (lfb 7x4MB) SWAP 2011/4026MB (cached 38MB) CPU [26%@1224,25%@1224,25%@1224,23%@1224] EMC_FREQ 0% GR3D_FREQ 99% PLL@33C CPU@37C PMIC@50C GPU@35C AO@44C thermal@35.75C
2023-09-05 04:16:38 RAM 3533/3956MB (lfb 7x4MB) SWAP 2011/4026MB (cached 39MB) CPU [31%@1479,34%@1479,32%@1479,31%@1479] EMC_FREQ 0% GR3D_FREQ 99% PLL@33C CPU@38C PMIC@50C GPU@35C AO@44.5C thermal@36.25C
2023-09-05 04:17:38 RAM 3535/3956MB (lfb 7x4MB) SWAP 2011/4026MB (cached 39MB) CPU [31%@1479,32%@1479,33%@1479,32%@1479] EMC_FREQ 0% GR3D_FREQ 99% PLL@33C CPU@37.5C PMIC@50C GPU@35C AO@44C thermal@36C
2023-09-05 04:18:38 RAM 3541/3956MB (lfb 7x4MB) SWAP 2006/4026MB (cached 39MB) CPU [24%@1479,27%@1479,21%@1479,26%@1479] EMC_FREQ 0% GR3D_FREQ 99% PLL@33C CPU@37.5C PMIC@50C GPU@34.5C AO@44.5C thermal@36C
2023-09-05 04:19:38 RAM 3534/3956MB (lfb 7x4MB) SWAP 2006/4026MB (cached 39MB) CPU [35%@1479,34%@1479,29%@1479,33%@1479] EMC_FREQ 0% GR3D_FREQ 99% PLL@33C CPU@37.5C PMIC@50C GPU@34.5C AO@44.5C thermal@36C
2023-09-05 04:20:38 RAM 3536/3956MB (lfb 7x4MB) SWAP 2006/4026MB (cached 39MB) CPU [34%@1479,32%@1479,32%@1479,30%@1479] EMC_FREQ 0% GR3D_FREQ 99% PLL@33C CPU@37C PMIC@50C GPU@34.5C AO@43.5C thermal@36.25C
2023-09-05 04:21:38 RAM 3542/3956MB (lfb 7x4MB) SWAP 2006/4026MB (cached 39MB) CPU [26%@1479,26%@1479,22%@1479,23%@1479] EMC_FREQ 0% GR3D_FREQ 99% PLL@33C CPU@38C PMIC@50C GPU@35C AO@44.5C thermal@36.5C
2023-09-05 04:22:38 RAM 3539/3956MB (lfb 7x4MB) SWAP 2006/4026MB (cached 39MB) CPU [34%@1479,31%@1479,29%@1479,33%@1479] EMC_FREQ 0% GR3D_FREQ 99% PLL@33C CPU@37C PMIC@50C GPU@34C AO@44C thermal@35.75C
2023-09-05 04:23:38 RAM 3535/3956MB (lfb 7x4MB) SWAP 2005/4026MB (cached 39MB) CPU [31%@1224,30%@1224,33%@1224,25%@1224] EMC_FREQ 0% GR3D_FREQ 99% PLL@33C CPU@37C PMIC@50C GPU@35C AO@44C thermal@35.75C
2023-09-05 04:24:38 RAM 3551/3956MB (lfb 7x4MB) SWAP 2005/4026MB (cached 39MB) CPU [30%@1224,26%@1224,30%@1224,25%@1224] EMC_FREQ 0% GR3D_FREQ 99% PLL@33C CPU@36.5C PMIC@50C GPU@35C AO@44C thermal@35.5C
2023-09-05 04:25:38 RAM 3546/3956MB (lfb 7x4MB) SWAP 2005/4026MB (cached 39MB) CPU [30%@1479,33%@1479,32%@1479,34%@1479] EMC_FREQ 0% GR3D_FREQ 99% PLL@33C CPU@37.5C PMIC@50C GPU@35C AO@44.5C thermal@36C
2023-09-05 04:26:38 RAM 3538/3956MB (lfb 7x4MB) SWAP 2005/4026MB (cached 39MB) CPU [28%@1224,23%@1224,25%@1224,28%@1224] EMC_FREQ 0% GR3D_FREQ 99% PLL@32.5C CPU@37C PMIC@50C GPU@34.5C AO@44C thermal@35.75C
2023-09-05 04:27:38 RAM 3541/3956MB (lfb 7x4MB) SWAP 2005/4026MB (cached 39MB) CPU [34%@1479,30%@1479,32%@1479,33%@1479] EMC_FREQ 0% GR3D_FREQ 99% PLL@33C CPU@37C PMIC@50C GPU@34.5C AO@44.5C thermal@35.75C
2023-09-05 04:28:38 RAM 3544/3956MB (lfb 7x4MB) SWAP 2005/4026MB (cached 39MB) CPU [36%@1224,31%@1224,32%@1224,29%@1224] EMC_FREQ 0% GR3D_FREQ 99% PLL@32.5C CPU@36.5C PMIC@50C GPU@34.5C AO@44C thermal@35.75C
2023-09-05 04:29:38 RAM 3545/3956MB (lfb 7x4MB) SWAP 2006/4026MB (cached 39MB) CPU [27%@1479,26%@1479,24%@1479,25%@1479] EMC_FREQ 0% GR3D_FREQ 99% PLL@33C CPU@37C PMIC@50C GPU@34.5C AO@44C thermal@36C
2023-09-05 04:30:38 RAM 3540/3956MB (lfb 7x4MB) SWAP 2008/4026MB (cached 39MB) CPU [33%@1479,36%@1479,32%@1479,32%@1479] EMC_FREQ 0% GR3D_FREQ 99% PLL@33C CPU@37C PMIC@50C GPU@34.5C AO@44C thermal@36C
2023-09-05 04:31:38 RAM 3546/3956MB (lfb 7x4MB) SWAP 2009/4026MB (cached 40MB) CPU [35%@1479,34%@1479,32%@1479,37%@1479] EMC_FREQ 0% GR3D_FREQ 99% PLL@33C CPU@37C PMIC@50C GPU@34.5C AO@44.5C thermal@35.75C
2023-09-05 04:32:38 RAM 3555/3956MB (lfb 7x4MB) SWAP 2009/4026MB (cached 40MB) CPU [23%@1479,24%@1479,28%@1479,23%@1479] EMC_FREQ 0% GR3D_FREQ 99% PLL@33C CPU@38C PMIC@50C GPU@34.5C AO@44C thermal@36.25C
2023-09-05 04:33:38 RAM 3541/3956MB (lfb 7x4MB) SWAP 2009/4026MB (cached 40MB) CPU [32%@1224,36%@1224,33%@1224,31%@1224] EMC_FREQ 0% GR3D_FREQ 99% PLL@33C CPU@37C PMIC@50C GPU@34.5C AO@43.5C thermal@35.75C
2023-09-05 04:34:38 RAM 3544/3956MB (lfb 7x4MB) SWAP 2009/4026MB (cached 40MB) CPU [31%@1224,28%@1224,28%@1224,29%@1224] EMC_FREQ 0% GR3D_FREQ 99% PLL@32.5C CPU@37C PMIC@50C GPU@35C AO@44C thermal@36C
2023-09-05 04:35:38 RAM 3544/3956MB (lfb 7x4MB) SWAP 2012/4026MB (cached 40MB) CPU [29%@1479,26%@1479,27%@1479,29%@1479] EMC_FREQ 0% GR3D_FREQ 99% PLL@33.5C CPU@37.5C PMIC@50C GPU@34.5C AO@44C thermal@36.25C
2023-09-05 04:36:38 RAM 3540/3956MB (lfb 7x4MB) SWAP 2012/4026MB (cached 40MB) CPU [33%@1428,32%@1428,36%@1428,32%@1428] EMC_FREQ 0% GR3D_FREQ 99% PLL@33C CPU@37.5C PMIC@50C GPU@34.5C AO@44C thermal@35.75C
2023-09-05 04:37:38 RAM 3541/3956MB (lfb 7x4MB) SWAP 2013/4026MB (cached 39MB) CPU [29%@1479,27%@1479,26%@1479,25%@1479] EMC_FREQ 0% GR3D_FREQ 52% PLL@32.5C CPU@37C PMIC@50C GPU@34.5C AO@44C thermal@35.75C
2023-09-05 04:38:38 RAM 3544/3956MB (lfb 7x4MB) SWAP 2013/4026MB (cached 39MB) CPU [33%@1479,32%@1479,31%@1479,28%@1479] EMC_FREQ 0% GR3D_FREQ 99% PLL@33C CPU@37.5C PMIC@50C GPU@34.5C AO@44.5C thermal@35.75C
2023-09-05 04:39:38 RAM 3544/3956MB (lfb 7x4MB) SWAP 2013/4026MB (cached 36MB) CPU [32%@1479,35%@1479,32%@1479,33%@1479] EMC_FREQ 0% GR3D_FREQ 99% PLL@33.5C CPU@37.5C PMIC@50C GPU@34.5C AO@44.5C thermal@36C
2023-09-05 04:40:38 RAM 3545/3956MB (lfb 7x4MB) SWAP 2013/4026MB (cached 35MB) CPU [24%@1224,23%@1224,28%@1224,27%@1224] EMC_FREQ 0% GR3D_FREQ 99% PLL@33C CPU@36.5C PMIC@50C GPU@34.5C AO@44.5C thermal@35.75C
2023-09-05 04:41:38 RAM 3541/3956MB (lfb 7x4MB) SWAP 2013/4026MB (cached 35MB) CPU [34%@1479,28%@1479,33%@1479,34%@1479] EMC_FREQ 0% GR3D_FREQ 99% PLL@33.5C CPU@37C PMIC@50C GPU@34.5C AO@44.5C thermal@35.25C
2023-09-05 04:42:38 RAM 3544/3956MB (lfb 7x4MB) SWAP 2013/4026MB (cached 35MB) CPU [35%@1479,31%@1479,30%@1479,32%@1479] EMC_FREQ 0% GR3D_FREQ 99% PLL@33C CPU@38C PMIC@50C GPU@34.5C AO@44.5C thermal@35.75C
2023-09-05 04:43:38 RAM 3540/3956MB (lfb 7x4MB) SWAP 2013/4026MB (cached 35MB) CPU [27%@1479,24%@1479,25%@1479,25%@1479] EMC_FREQ 0% GR3D_FREQ 99% PLL@33.5C CPU@37.5C PMIC@50C GPU@35C AO@44C thermal@36C
2023-09-05 04:44:38 RAM 3541/3956MB (lfb 7x4MB) SWAP 2013/4026MB (cached 34MB) CPU [33%@1479,33%@1479,33%@1479,32%@1479] EMC_FREQ 0% GR3D_FREQ 99% PLL@33C CPU@37C PMIC@50C GPU@34.5C AO@44C thermal@35.75C
2023-09-05 04:45:38 RAM 3544/3956MB (lfb 7x4MB) SWAP 2013/4026MB (cached 33MB) CPU [30%@1224,31%@1224,28%@1224,30%@1224] EMC_FREQ 0% GR3D_FREQ 99% PLL@33C CPU@37C PMIC@50C GPU@34.5C AO@44C thermal@35.75C
2023-09-05 04:46:38 RAM 3545/3956MB (lfb 7x4MB) SWAP 2013/4026MB (cached 33MB) CPU [28%@1479,29%@1479,28%@1479,25%@1479] EMC_FREQ 0% GR3D_FREQ 99% PLL@33C CPU@36.5C PMIC@50C GPU@34.5C AO@44C thermal@35.75C
2023-09-05 04:47:38 RAM 3540/3956MB (lfb 7x4MB) SWAP 2013/4026MB (cached 33MB) CPU [34%@1479,33%@1479,35%@1479,32%@1479] EMC_FREQ 0% GR3D_FREQ 99% PLL@33.5C CPU@37C PMIC@50C GPU@34.5C AO@44.5C thermal@35.75C
2023-09-05 04:48:38 RAM 3541/3956MB (lfb 7x4MB) SWAP 2013/4026MB (cached 33MB) CPU [25%@1224,23%@1224,25%@1224,24%@1224] EMC_FREQ 0% GR3D_FREQ 99% PLL@33C CPU@37C PMIC@50C GPU@34.5C AO@44C thermal@35.75C
2023-09-05 04:49:38 RAM 3541/3956MB (lfb 7x4MB) SWAP 2013/4026MB (cached 33MB) CPU [34%@1479,34%@1479,31%@1479,31%@1479] EMC_FREQ 0% GR3D_FREQ 99% PLL@32.5C CPU@37C PMIC@50C GPU@34.5C AO@44C thermal@35.75C
2023-09-05 04:50:38 RAM 3537/3956MB (lfb 7x4MB) SWAP 2013/4026MB (cached 33MB) CPU [34%@1479,31%@1479,33%@1479,34%@1479] EMC_FREQ 0% GR3D_FREQ 99% PLL@33C CPU@36.5C PMIC@50C GPU@34.5C AO@44C thermal@35.75C
2023-09-05 04:51:38 RAM 3544/3956MB (lfb 7x4MB) SWAP 2008/4026MB (cached 33MB) CPU [27%@1479,24%@1479,23%@1479,24%@1479] EMC_FREQ 0% GR3D_FREQ 99% PLL@33C CPU@37C PMIC@50C GPU@34.5C AO@44C thermal@35.5C
2023-09-05 04:52:38 RAM 3541/3956MB (lfb 7x4MB) SWAP 2008/4026MB (cached 33MB) CPU [34%@1224,31%@1224,31%@1224,32%@1224] EMC_FREQ 0% GR3D_FREQ 99% PLL@33C CPU@37C PMIC@50C GPU@34.5C AO@44C thermal@36C
2023-09-05 04:53:38 RAM 3548/3956MB (lfb 7x4MB) SWAP 2008/4026MB (cached 33MB) CPU [34%@1224,32%@1224,31%@1224,30%@1224] EMC_FREQ 0% GR3D_FREQ 99% PLL@33C CPU@37C PMIC@50C GPU@34.5C AO@44C thermal@35.75C
2023-09-05 04:54:38 RAM 3553/3956MB (lfb 7x4MB) SWAP 2009/4026MB (cached 33MB) CPU [27%@1479,27%@1479,28%@1479,24%@1479] EMC_FREQ 0% GR3D_FREQ 99% PLL@33C CPU@37C PMIC@50C GPU@34.5C AO@44.5C thermal@36C
2023-09-05 04:55:38 RAM 3543/3956MB (lfb 7x4MB) SWAP 2013/4026MB (cached 33MB) CPU [37%@1224,34%@1224,30%@1224,33%@1224] EMC_FREQ 0% GR3D_FREQ 99% PLL@33C CPU@37C PMIC@50C GPU@34.5C AO@44.5C thermal@35.75C
2023-09-05 04:56:38 RAM 3542/3956MB (lfb 7x4MB) SWAP 2013/4026MB (cached 33MB) CPU [33%@1479,28%@1479,23%@1479,27%@1479] EMC_FREQ 0% GR3D_FREQ 99% PLL@33C CPU@37.5C PMIC@50C GPU@34.5C AO@44C thermal@35.5C
2023-09-05 04:57:38 RAM 3538/3956MB (lfb 7x4MB) SWAP 2013/4026MB (cached 33MB) CPU [32%@1479,30%@1479,29%@1479,28%@1479] EMC_FREQ 0% GR3D_FREQ 99% PLL@33.5C CPU@37C PMIC@50C GPU@34.5C AO@44.5C thermal@35.75C
2023-09-05 04:58:38 RAM 3537/3956MB (lfb 7x4MB) SWAP 2014/4026MB (cached 29MB) CPU [35%@1224,34%@1224,30%@1224,35%@1224] EMC_FREQ 0% GR3D_FREQ 99% PLL@33C CPU@37C PMIC@50C GPU@34.5C AO@44C thermal@36C
2023-09-05 04:59:38 RAM 3542/3956MB (lfb 7x4MB) SWAP 2013/4026MB (cached 28MB) CPU [28%@1479,22%@1479,24%@1479,27%@1479] EMC_FREQ 0% GR3D_FREQ 99% PLL@33C CPU@37.5C PMIC@50C GPU@34.5C AO@44C thermal@35.75C
2023-09-05 05:00:38 RAM 3532/3956MB (lfb 7x4MB) SWAP 2011/4026MB (cached 26MB) CPU [33%@1479,30%@1479,34%@1479,36%@1479] EMC_FREQ 0% GR3D_FREQ 99% PLL@33.5C CPU@37.5C PMIC@50C GPU@34.5C AO@44C thermal@35.5C
2023-09-05 05:01:38 RAM 3527/3956MB (lfb 7x4MB) SWAP 2011/4026MB (cached 26MB) CPU [33%@1479,34%@1479,35%@1479,36%@1479] EMC_FREQ 0% GR3D_FREQ 99% PLL@33.5C CPU@38C PMIC@50C GPU@34.5C AO@44.5C thermal@36C
2023-09-05 05:02:38 RAM 3536/3956MB (lfb 7x4MB) SWAP 2011/4026MB (cached 26MB) CPU [28%@1224,24%@1224,22%@1224,23%@1224] EMC_FREQ 0% GR3D_FREQ 99% PLL@33C CPU@37.5C PMIC@50C GPU@35C AO@44.5C thermal@36.5C
2023-09-05 05:03:38 RAM 3533/3956MB (lfb 7x4MB) SWAP 2011/4026MB (cached 26MB) CPU [34%@1224,28%@1224,34%@1224,33%@1224] EMC_FREQ 0% GR3D_FREQ 99% PLL@33C CPU@37C PMIC@50C GPU@35C AO@44C thermal@36.25C
2023-09-05 05:04:38 RAM 3526/3956MB (lfb 7x4MB) SWAP 2011/4026MB (cached 26MB) CPU [33%@1479,37%@1479,31%@1479,27%@1479] EMC_FREQ 0% GR3D_FREQ 40% PLL@33C CPU@37C PMIC@50C GPU@35C AO@44C thermal@35.75C
2023-09-05 05:05:38 RAM 3537/3956MB (lfb 7x4MB) SWAP 2011/4026MB (cached 26MB) CPU [26%@1224,24%@1224,27%@1224,23%@1224] EMC_FREQ 0% GR3D_FREQ 99% PLL@33C CPU@37C PMIC@50C GPU@34.5C AO@44.5C thermal@36.25C
2023-09-05 05:06:38 RAM 3535/3956MB (lfb 7x4MB) SWAP 2011/4026MB (cached 26MB) CPU [35%@1479,31%@1479,30%@1479,33%@1479] EMC_FREQ 0% GR3D_FREQ 99% PLL@33.5C CPU@37C PMIC@50C GPU@34.5C AO@44.5C thermal@36.5C
2023-09-05 05:07:38 RAM 3537/3956MB (lfb 7x4MB) SWAP 2011/4026MB (cached 26MB) CPU [28%@1479,31%@1479,27%@1479,26%@1479] EMC_FREQ 0% GR3D_FREQ 99% PLL@33C CPU@37.5C PMIC@50C GPU@34.5C AO@44C thermal@36C
2023-09-05 05:08:38 RAM 3529/3956MB (lfb 7x4MB) SWAP 2011/4026MB (cached 26MB) CPU [33%@1479,29%@1479,27%@1479,28%@1479] EMC_FREQ 0% GR3D_FREQ 99% PLL@33.5C CPU@38C PMIC@50C GPU@34.5C AO@44.5C thermal@36C
2023-09-05 05:09:38 RAM 3532/3956MB (lfb 7x4MB) SWAP 2012/4026MB (cached 28MB) CPU [36%@1479,32%@1479,32%@1479,32%@1479] EMC_FREQ 0% GR3D_FREQ 99% PLL@33.5C CPU@37C PMIC@50C GPU@35C AO@44.5C thermal@36.25C
2023-09-05 05:10:38 RAM 3619/3956MB (lfb 7x4MB) SWAP 2002/4026MB (cached 65MB) CPU [45%@1479,45%@1479,46%@1479,48%@1479] EMC_FREQ 0% GR3D_FREQ 72% PLL@33.5C CPU@37C PMIC@50C GPU@35C AO@44.5C thermal@36.25C
2023-09-05 05:11:38 RAM 3567/3956MB (lfb 7x4MB) SWAP 2019/4026MB (cached 45MB) CPU [32%@1479,31%@1479,34%@1479,33%@1479] EMC_FREQ 0% GR3D_FREQ 99% PLL@33.5C CPU@37.5C PMIC@50C GPU@34.5C AO@44.5C thermal@36C
2023-09-05 05:12:38 RAM 3552/3956MB (lfb 7x4MB) SWAP 2019/4026MB (cached 41MB) CPU [32%@1224,34%@1224,39%@1224,32%@1224] EMC_FREQ 0% GR3D_FREQ 99% PLL@33.5C CPU@37C PMIC@50C GPU@35C AO@44.5C thermal@36.5C
2023-09-05 05:13:38 RAM 3558/3956MB (lfb 7x4MB) SWAP 2018/4026MB (cached 28MB) CPU [25%@1479,26%@1479,25%@1479,26%@1479] EMC_FREQ 0% GR3D_FREQ 99% PLL@33.5C CPU@37.5C PMIC@50C GPU@34.5C AO@44.5C thermal@36C
2023-09-05 05:14:38 RAM 3545/3956MB (lfb 7x4MB) SWAP 2015/4026MB (cached 21MB) CPU [33%@1479,33%@1479,32%@1479,37%@1479] EMC_FREQ 0% GR3D_FREQ 99% PLL@33C CPU@37.5C PMIC@50C GPU@35C AO@44.5C thermal@35.75C
2023-09-05 05:15:38 RAM 3544/3956MB (lfb 7x4MB) SWAP 2017/4026MB (cached 19MB) CPU [30%@1326,33%@1326,35%@1326,35%@1326] EMC_FREQ 0% GR3D_FREQ 99% PLL@33.5C CPU@37.5C PMIC@50C GPU@34.5C AO@44.5C thermal@36C
2023-09-05 05:16:38 RAM 3540/3956MB (lfb 7x4MB) SWAP 2017/4026MB (cached 14MB) CPU [26%@1479,25%@1479,25%@1479,25%@1479] EMC_FREQ 0% GR3D_FREQ 99% PLL@33.5C CPU@37.5C PMIC@50C GPU@34.5C AO@44.5C thermal@36C
2023-09-05 05:17:38 RAM 3539/3956MB (lfb 7x4MB) SWAP 2016/4026MB (cached 14MB) CPU [34%@1479,33%@1479,27%@1479,34%@1479] EMC_FREQ 0% GR3D_FREQ 99% PLL@33C CPU@37C PMIC@50C GPU@34.5C AO@44.5C thermal@36.5C
2023-09-05 05:18:38 RAM 3542/3956MB (lfb 7x4MB) SWAP 2016/4026MB (cached 14MB) CPU [37%@1224,32%@1224,27%@1224,32%@1224] EMC_FREQ 0% GR3D_FREQ 99% PLL@33C CPU@37C PMIC@50C GPU@35C AO@44C thermal@36C
2023-09-05 05:19:38 RAM 3541/3956MB (lfb 7x4MB) SWAP 2017/4026MB (cached 10MB) CPU [26%@1224,28%@1224,23%@1224,30%@1224] EMC_FREQ 0% GR3D_FREQ 99% PLL@33C CPU@37.5C PMIC@50C GPU@35C AO@44.5C thermal@36.5C
2023-09-05 05:20:38 RAM 3537/3956MB (lfb 7x4MB) SWAP 2017/4026MB (cached 10MB) CPU [35%@1479,35%@1479,30%@1479,29%@1479] EMC_FREQ 0% GR3D_FREQ 99% PLL@33.5C CPU@37.5C PMIC@50C GPU@35C AO@44.5C thermal@36.5C
2023-09-05 05:21:38 RAM 3536/3956MB (lfb 7x4MB) SWAP 2016/4026MB (cached 10MB) CPU [29%@1224,28%@1224,28%@1224,28%@1224] EMC_FREQ 0% GR3D_FREQ 99% PLL@33C CPU@37.5C PMIC@50C GPU@35C AO@44C thermal@36.25C
2023-09-05 05:22:38 RAM 3544/3956MB (lfb 7x4MB) SWAP 2017/4026MB (cached 9MB) CPU [32%@1479,29%@1479,27%@1479,27%@1479] EMC_FREQ 0% GR3D_FREQ 99% PLL@33C CPU@37C PMIC@50C GPU@34.5C AO@44C thermal@36C
2023-09-05 05:23:38 RAM 3527/3956MB (lfb 7x4MB) SWAP 2031/4026MB (cached 17MB) CPU [37%@1479,37%@1479,35%@1479,32%@1479] EMC_FREQ 0% GR3D_FREQ 99% PLL@33.5C CPU@38C PMIC@50C GPU@35C AO@44.5C thermal@36.25C
2023-09-05 05:24:38 RAM 3516/3956MB (lfb 7x4MB) SWAP 2030/4026MB (cached 11MB) CPU [27%@1224,27%@1224,27%@1224,25%@1224] EMC_FREQ 0% GR3D_FREQ 99% PLL@32.5C CPU@37.5C PMIC@50C GPU@35C AO@44C thermal@36C
2023-09-05 05:25:38 RAM 3523/3956MB (lfb 7x4MB) SWAP 2032/4026MB (cached 6MB) CPU [31%@1479,29%@1479,32%@1479,33%@1479] EMC_FREQ 0% GR3D_FREQ 99% PLL@34C CPU@37C PMIC@50C GPU@34.5C AO@44.5C thermal@36C
2023-09-05 05:26:38 RAM 3513/3956MB (lfb 7x4MB) SWAP 2032/4026MB (cached 6MB) CPU [34%@1479,32%@1479,32%@1479,32%@1479] EMC_FREQ 0% GR3D_FREQ 99% PLL@33.5C CPU@38C PMIC@50C GPU@35C AO@44C thermal@36.25C
2023-09-05 05:27:38 RAM 3525/3956MB (lfb 7x4MB) SWAP 2032/4026MB (cached 6MB) CPU [25%@1479,27%@1479,25%@1479,21%@1479] EMC_FREQ 0% GR3D_FREQ 99% PLL@33.5C CPU@37C PMIC@50C GPU@35C AO@44.5C thermal@36C
2023-09-05 05:28:38 RAM 3519/3956MB (lfb 7x4MB) SWAP 2032/4026MB (cached 6MB) CPU [32%@1479,32%@1479,32%@1479,33%@1479] EMC_FREQ 0% GR3D_FREQ 86% PLL@32.5C CPU@37C PMIC@50C GPU@34.5C AO@44C thermal@36C
2023-09-05 05:29:38 RAM 3516/3956MB (lfb 7x4MB) SWAP 2032/4026MB (cached 6MB) CPU [31%@1224,36%@1224,36%@1224,29%@1224] EMC_FREQ 0% GR3D_FREQ 99% PLL@33C CPU@37C PMIC@50C GPU@34.5C AO@44.5C thermal@35.75C
2023-09-05 05:30:38 RAM 3523/3956MB (lfb 7x4MB) SWAP 2032/4026MB (cached 6MB) CPU [27%@1224,25%@1224,25%@1224,20%@1224] EMC_FREQ 0% GR3D_FREQ 99% PLL@33.5C CPU@37C PMIC@50C GPU@35C AO@44C thermal@36C
2023-09-05 05:31:38 RAM 3522/3956MB (lfb 7x4MB) SWAP 2032/4026MB (cached 6MB) CPU [33%@1224,32%@1224,34%@1224,29%@1224] EMC_FREQ 0% GR3D_FREQ 75% PLL@33.5C CPU@37C PMIC@50C GPU@34.5C AO@44.5C thermal@36C
2023-09-05 05:32:38 RAM 3522/3956MB (lfb 7x4MB) SWAP 2032/4026MB (cached 6MB) CPU [30%@1224,29%@1224,32%@1224,25%@1479] EMC_FREQ 0% GR3D_FREQ 99% PLL@33.5C CPU@37C PMIC@50C GPU@35C AO@44.5C thermal@36C
2023-09-05 05:33:38 RAM 3518/3956MB (lfb 7x4MB) SWAP 2032/4026MB (cached 6MB) CPU [31%@1224,26%@1224,29%@1224,26%@1224] EMC_FREQ 0% GR3D_FREQ 94% PLL@33C CPU@37C PMIC@50C GPU@35C AO@44.5C thermal@36.25C
2023-09-05 05:34:38 RAM 3519/3956MB (lfb 7x4MB) SWAP 2032/4026MB (cached 6MB) CPU [30%@1224,34%@1224,36%@1224,29%@1224] EMC_FREQ 0% GR3D_FREQ 99% PLL@32.5C CPU@37.5C PMIC@50C GPU@35C AO@44.5C thermal@36C
2023-09-05 05:35:38 RAM 3518/3956MB (lfb 7x4MB) SWAP 2032/4026MB (cached 6MB) CPU [25%@1224,25%@1224,26%@1224,23%@1224] EMC_FREQ 0% GR3D_FREQ 99% PLL@33.5C CPU@37C PMIC@50C GPU@34.5C AO@44C thermal@35.75C
2023-09-05 05:36:38 RAM 3524/3956MB (lfb 7x4MB) SWAP 2032/4026MB (cached 6MB) CPU [34%@1224,34%@1224,33%@1224,29%@1224] EMC_FREQ 0% GR3D_FREQ 99% PLL@32.5C CPU@37C PMIC@50C GPU@35C AO@44C thermal@36C
2023-09-05 05:37:38 RAM 3523/3956MB (lfb 7x4MB) SWAP 2032/4026MB (cached 6MB) CPU [34%@1479,31%@1479,33%@1479,32%@1479] EMC_FREQ 0% GR3D_FREQ 99% PLL@33.5C CPU@37C PMIC@50C GPU@35C AO@44.5C thermal@36C
2023-09-05 05:38:38 RAM 3532/3956MB (lfb 7x4MB) SWAP 2036/4026MB (cached 6MB) CPU [29%@1479,27%@1479,26%@1479,29%@1479] EMC_FREQ 0% GR3D_FREQ 99% PLL@33C CPU@37C PMIC@50C GPU@34.5C AO@44.5C thermal@35.75C
2023-09-05 05:39:38 RAM 3525/3956MB (lfb 7x4MB) SWAP 2036/4026MB (cached 6MB) CPU [34%@1224,34%@1224,32%@1224,30%@1224] EMC_FREQ 0% GR3D_FREQ 99% PLL@33C CPU@37C PMIC@50C GPU@34.5C AO@44.5C thermal@35.75C
2023-09-05 05:40:38 RAM 3515/3956MB (lfb 7x4MB) SWAP 2036/4026MB (cached 6MB) CPU [33%@1479,33%@1479,30%@1479,36%@1479] EMC_FREQ 0% GR3D_FREQ 99% PLL@33C CPU@37.5C PMIC@50C GPU@34.5C AO@44.5C thermal@36C
2023-09-05 05:41:38 RAM 3528/3956MB (lfb 7x4MB) SWAP 2035/4026MB (cached 6MB) CPU [23%@1479,26%@1479,24%@1479,24%@1479] EMC_FREQ 0% GR3D_FREQ 99% PLL@33C CPU@37.5C PMIC@50C GPU@34.5C AO@44C thermal@36.25C
2023-09-05 05:42:38 RAM 3525/3956MB (lfb 7x4MB) SWAP 2035/4026MB (cached 6MB) CPU [31%@1479,33%@1479,31%@1479,34%@1479] EMC_FREQ 0% GR3D_FREQ 99% PLL@33C CPU@37C PMIC@50C GPU@35C AO@44C thermal@35.75C
2023-09-05 05:43:38 RAM 3517/3956MB (lfb 7x4MB) SWAP 2035/4026MB (cached 6MB) CPU [34%@1224,30%@1224,27%@1224,33%@1224] EMC_FREQ 0% GR3D_FREQ 99% PLL@33C CPU@37.5C PMIC@50C GPU@35C AO@44.5C thermal@36C
2023-09-05 05:44:38 RAM 3525/3956MB (lfb 7x4MB) SWAP 2035/4026MB (cached 6MB) CPU [27%@1479,27%@1479,24%@1479,25%@1479] EMC_FREQ 0% GR3D_FREQ 99% PLL@33.5C CPU@37.5C PMIC@50C GPU@34.5C AO@44C thermal@36C
2023-09-05 05:45:38 RAM 3526/3956MB (lfb 7x4MB) SWAP 2035/4026MB (cached 6MB) CPU [36%@1224,31%@1224,31%@1224,32%@1224] EMC_FREQ 0% GR3D_FREQ 99% PLL@33.5C CPU@37C PMIC@50C GPU@35C AO@44C thermal@36C
2023-09-05 05:46:38 RAM 3523/3956MB (lfb 7x4MB) SWAP 2035/4026MB (cached 6MB) CPU [31%@1224,24%@1224,27%@1224,28%@1224] EMC_FREQ 0% GR3D_FREQ 99% PLL@33C CPU@37C PMIC@50C GPU@35C AO@44C thermal@36C
2023-09-05 05:47:38 RAM 3531/3956MB (lfb 7x4MB) SWAP 2035/4026MB (cached 6MB) CPU [31%@1479,29%@1479,30%@1479,30%@1479] EMC_FREQ 0% GR3D_FREQ 99% PLL@33.5C CPU@38.5C PMIC@50C GPU@35C AO@44C thermal@36C
2023-09-05 05:48:38 RAM 3529/3956MB (lfb 7x4MB) SWAP 2035/4026MB (cached 6MB) CPU [33%@1479,31%@1479,31%@1479,33%@1479] EMC_FREQ 0% GR3D_FREQ 99% PLL@33.5C CPU@38C PMIC@50C GPU@34.5C AO@44.5C thermal@36.25C
2023-09-05 05:49:38 RAM 3527/3956MB (lfb 7x4MB) SWAP 2035/4026MB (cached 6MB) CPU [25%@1224,24%@1224,24%@1224,23%@1224] EMC_FREQ 0% GR3D_FREQ 99% PLL@33C CPU@37C PMIC@50C GPU@35C AO@44C thermal@35.75C
2023-09-05 05:50:38 RAM 3525/3956MB (lfb 7x4MB) SWAP 2035/4026MB (cached 6MB) CPU [33%@1479,34%@1479,32%@1479,32%@1479] EMC_FREQ 0% GR3D_FREQ 99% PLL@33.5C CPU@37C PMIC@50C GPU@34.5C AO@44C thermal@36.75C
2023-09-05 05:51:38 RAM 3526/3956MB (lfb 7x4MB) SWAP 2035/4026MB (cached 6MB) CPU [32%@1224,32%@1224,34%@1224,31%@1224] EMC_FREQ 0% GR3D_FREQ 99% PLL@33C CPU@37C PMIC@50C GPU@34.5C AO@44C thermal@36.25C
2023-09-05 05:52:38 RAM 3532/3956MB (lfb 7x4MB) SWAP 2035/4026MB (cached 6MB) CPU [25%@1479,25%@1479,25%@1479,22%@1479] EMC_FREQ 0% GR3D_FREQ 99% PLL@33C CPU@37.5C PMIC@50C GPU@34C AO@43.5C thermal@35.25C
2023-09-05 05:53:38 RAM 3540/3956MB (lfb 7x4MB) SWAP 2035/4026MB (cached 6MB) CPU [35%@1224,32%@1224,33%@1224,30%@1224] EMC_FREQ 0% GR3D_FREQ 99% PLL@33C CPU@37C PMIC@50C GPU@35C AO@44.5C thermal@35.75C
2023-09-05 05:54:38 RAM 3526/3956MB (lfb 7x4MB) SWAP 2035/4026MB (cached 6MB) CPU [32%@1224,37%@1224,34%@1224,29%@1224] EMC_FREQ 0% GR3D_FREQ 99% PLL@33C CPU@36.5C PMIC@50C GPU@34C AO@43.5C thermal@35.75C
2023-09-05 05:55:38 RAM 3538/3956MB (lfb 7x4MB) SWAP 2030/4026MB (cached 6MB) CPU [25%@1479,23%@1479,28%@1479,21%@1479] EMC_FREQ 0% GR3D_FREQ 99% PLL@34C CPU@37C PMIC@50C GPU@34.5C AO@44C thermal@36.5C
2023-09-05 05:56:38 RAM 3532/3956MB (lfb 7x4MB) SWAP 2030/4026MB (cached 6MB) CPU [32%@1224,33%@1224,32%@1224,32%@1224] EMC_FREQ 0% GR3D_FREQ 99% PLL@33C CPU@37C PMIC@50C GPU@35C AO@44C thermal@36C
2023-09-05 05:57:38 RAM 3532/3956MB (lfb 7x4MB) SWAP 2030/4026MB (cached 6MB) CPU [32%@1224,31%@1224,28%@1224,28%@1224] EMC_FREQ 0% GR3D_FREQ 99% PLL@33C CPU@37C PMIC@50C GPU@34.5C AO@44C thermal@36C
2023-09-05 05:58:38 RAM 3531/3956MB (lfb 7x4MB) SWAP 2030/4026MB (cached 6MB) CPU [26%@1224,29%@1224,29%@1224,25%@1224] EMC_FREQ 0% GR3D_FREQ 99% PLL@33C CPU@37C PMIC@50C GPU@35C AO@44C thermal@36.25C
2023-09-05 05:59:38 RAM 3533/3956MB (lfb 7x4MB) SWAP 2030/4026MB (cached 6MB) CPU [35%@1479,29%@1479,34%@1479,30%@1479] EMC_FREQ 0% GR3D_FREQ 65% PLL@33C CPU@36.5C PMIC@50C GPU@34.5C AO@44C thermal@35.75C
2023-09-05 06:00:38 RAM 3531/3956MB (lfb 7x4MB) SWAP 2030/4026MB (cached 6MB) CPU [28%@1224,24%@1224,25%@1224,29%@1224] EMC_FREQ 0% GR3D_FREQ 99% PLL@33.5C CPU@37C PMIC@50C GPU@34.5C AO@44C thermal@35.75C
2023-09-05 06:01:38 RAM 3532/3956MB (lfb 7x4MB) SWAP 2030/4026MB (cached 6MB) CPU [31%@1479,31%@1479,30%@1479,31%@1479] EMC_FREQ 0% GR3D_FREQ 69% PLL@33.5C CPU@37C PMIC@50C GPU@34.5C AO@44C thermal@35.75C
2023-09-05 06:02:38 RAM 3530/3956MB (lfb 7x4MB) SWAP 2030/4026MB (cached 6MB) CPU [31%@1479,32%@1479,34%@1479,31%@1479] EMC_FREQ 0% GR3D_FREQ 99% PLL@33.5C CPU@38C PMIC@50C GPU@34.5C AO@44.5C thermal@35.75C
2023-09-05 06:03:38 RAM 3545/3956MB (lfb 7x4MB) SWAP 2030/4026MB (cached 8MB) CPU [27%@1479,26%@1479,23%@1479,28%@1479] EMC_FREQ 0% GR3D_FREQ 99% PLL@33.5C CPU@37.5C PMIC@50C GPU@35C AO@44.5C thermal@36C
2023-09-05 06:04:38 RAM 3534/3956MB (lfb 7x4MB) SWAP 2030/4026MB (cached 8MB) CPU [33%@1479,35%@1479,33%@1479,32%@1479] EMC_FREQ 0% GR3D_FREQ 99% PLL@33.5C CPU@38C PMIC@50C GPU@35C AO@44.5C thermal@36C
2023-09-05 06:05:38 RAM 3534/3956MB (lfb 7x4MB) SWAP 2030/4026MB (cached 8MB) CPU [32%@1479,31%@1479,33%@1479,33%@1479] EMC_FREQ 0% GR3D_FREQ 99% PLL@33.5C CPU@38C PMIC@50C GPU@34.5C AO@44C thermal@35.75C
2023-09-05 06:06:38 RAM 3538/3956MB (lfb 7x4MB) SWAP 2109/4026MB (cached 23MB) CPU [48%@1479,45%@1479,38%@1479,46%@1479] EMC_FREQ 0% GR3D_FREQ 99% PLL@33.5C CPU@37.5C PMIC@50C GPU@34.5C AO@44.5C thermal@36.25C
2023-09-05 06:07:38 RAM 3473/3956MB (lfb 7x4MB) SWAP 2143/4026MB (cached 12MB) CPU [41%@1479,45%@1479,47%@1479,49%@1479] EMC_FREQ 0% GR3D_FREQ 99% PLL@33.5C CPU@37C PMIC@50C GPU@34.5C AO@44C thermal@35C
2023-09-05 06:08:38 RAM 3420/3956MB (lfb 7x4MB) SWAP 2201/4026MB (cached 8MB) CPU [44%@1479,38%@1479,41%@1479,39%@1479] EMC_FREQ 0% GR3D_FREQ 99% PLL@32C CPU@37C PMIC@50C GPU@33.5C AO@43C thermal@35.25C
2023-09-05 06:09:38 RAM 3396/3956MB (lfb 7x4MB) SWAP 2221/4026MB (cached 25MB) CPU [29%@1479,25%@1479,30%@1479,29%@1479] EMC_FREQ 0% GR3D_FREQ 0% PLL@31.5C CPU@35.5C PMIC@50C GPU@33.5C AO@42.5C thermal@35.25C
2023-09-05 06:10:38 RAM 3372/3956MB (lfb 7x4MB) SWAP 2217/4026MB (cached 24MB) CPU [26%@1224,26%@1224,24%@1224,25%@1224] EMC_FREQ 0% GR3D_FREQ 99% PLL@32.5C CPU@36.5C PMIC@50C GPU@34C AO@43.5C thermal@35.25C
2023-09-05 06:11:38 RAM 3373/3956MB (lfb 7x4MB) SWAP 2217/4026MB (cached 24MB) CPU [28%@1479,35%@1479,36%@1479,34%@1479] EMC_FREQ 0% GR3D_FREQ 99% PLL@33.5C CPU@37C PMIC@50C GPU@34.5C AO@43.5C thermal@36C
2023-09-05 06:12:38 RAM 3365/3956MB (lfb 7x4MB) SWAP 2217/4026MB (cached 24MB) CPU [26%@1224,36%@1224,36%@1224,29%@1224] EMC_FREQ 0% GR3D_FREQ 99% PLL@32.5C CPU@37C PMIC@50C GPU@34.5C AO@43.5C thermal@35.75C
2023-09-05 06:13:38 RAM 3447/3956MB (lfb 7x4MB) SWAP 2217/4026MB (cached 10MB) CPU [19%@1479,16%@1479,17%@1479,31%@1479] EMC_FREQ 0% GR3D_FREQ 0% PLL@32C CPU@34.5C PMIC@50C GPU@34C AO@43C thermal@34.25C
2023-09-05 06:14:38 RAM 3417/3956MB (lfb 7x4MB) SWAP 2225/4026MB (cached 10MB) CPU [10%@1479,39%@1479,26%@1479,9%@1479] EMC_FREQ 0% GR3D_FREQ 0% PLL@29C CPU@32.5C PMIC@50C GPU@31C AO@40C thermal@31.75C
2023-09-05 06:15:39 RAM 3523/3956MB (lfb 4x1MB) SWAP 1859/4026MB (cached 29MB) CPU [13%@1224,13%@1224,10%@1224,7%@1224] EMC_FREQ 0% GR3D_FREQ 0% PLL@28C CPU@31.5C PMIC@50C GPU@30C AO@39C thermal@30.75C
2023-09-05 06:16:38 RAM 2308/3956MB (lfb 2x2MB) SWAP 1174/4026MB (cached 14MB) CPU [4%@1224,2%@1224,2%@1224,3%@1224] EMC_FREQ 0% GR3D_FREQ 0% PLL@26.5C CPU@30C PMIC@50C GPU@28.5C AO@37.5C thermal@29.25C
2023-09-05 06:17:38 RAM 2310/3956MB (lfb 2x2MB) SWAP 1174/4026MB (cached 14MB) CPU [3%@1224,2%@1224,2%@1224,1%@1224] EMC_FREQ 0% GR3D_FREQ 0% PLL@26C CPU@29C PMIC@50C GPU@28C AO@36.5C thermal@28.5C
2023-09-05 06:18:38 RAM 2310/3956MB (lfb 2x2MB) SWAP 1173/4026MB (cached 14MB) CPU [2%@1224,1%@1224,1%@1224,1%@1224] EMC_FREQ 0% GR3D_FREQ 0% PLL@25C CPU@28.5C PMIC@50C GPU@27C AO@35.5C thermal@27.75C
2023-09-05 06:19:38 RAM 2312/3956MB (lfb 2x2MB) SWAP 1173/4026MB (cached 16MB) CPU [6%@1224,5%@1224,5%@1224,4%@1224] EMC_FREQ 0% GR3D_FREQ 0% PLL@25C CPU@28C PMIC@50C GPU@26C AO@36C thermal@27C
2023-09-05 06:20:38 RAM 2347/3956MB (lfb 9x1MB) SWAP 1161/4026MB (cached 29MB) CPU [18%@1479,16%@1479,16%@1479,15%@1479] EMC_FREQ 0% GR3D_FREQ 66% PLL@26C CPU@29.5C PMIC@50C GPU@26.5C AO@36.5C thermal@28C
2023-09-05 06:21:38 RAM 2374/3956MB (lfb 9x1MB) SWAP 1157/4026MB (cached 30MB) CPU [11%@1224,10%@1224,8%@1224,8%@1224] EMC_FREQ 0% GR3D_FREQ 0% PLL@25.5C CPU@28.5C PMIC@50C GPU@26C AO@36C thermal@28C
2023-09-05 06:22:38 RAM 2374/3956MB (lfb 69x4MB) SWAP 1157/4026MB (cached 30MB) CPU [5%@1224,5%@1224,4%@1224,3%@1224] EMC_FREQ 0% GR3D_FREQ 0% PLL@25C CPU@28.5C PMIC@50C GPU@27C AO@36C thermal@27.75C
2023-09-05 06:23:38 RAM 2386/3956MB (lfb 69x4MB) SWAP 1151/4026MB (cached 30MB) CPU [9%@1224,7%@1224,6%@1224,5%@1224] EMC_FREQ 0% GR3D_FREQ 0% PLL@25C CPU@28.5C PMIC@50C GPU@26C AO@35.5C thermal@27.5C
2023-09-05 06:24:38 RAM 1824/3956MB (lfb 71x4MB) SWAP 1151/4026MB (cached 30MB) CPU [8%@1224,17%@1224,6%@1224,6%@1224] EMC_FREQ 0% GR3D_FREQ 0% PLL@25C CPU@28C PMIC@50C GPU@27C AO@35.5C thermal@27.5C
