2023-08-24 23:10:53 RAM 2238/3956MB (lfb 8x2MB) SWAP 948/4026MB (cached 111MB) CPU [10%@1224,10%@1224,9%@1224,8%@1224] EMC_FREQ 0% GR3D_FREQ 0% PLL@29C CPU@32C PMIC@50C GPU@31C AO@39C thermal@31.25C
2023-08-24 23:11:53 RAM 2935/3956MB (lfb 2x1MB) SWAP 948/4026MB (cached 110MB) CPU [24%@1479,19%@1479,24%@1479,22%@1479] EMC_FREQ 0% GR3D_FREQ 0% PLL@29C CPU@32C PMIC@50C GPU@29C AO@38.5C thermal@30.5C
2023-08-24 23:12:56 RAM 3426/3956MB (lfb 2x2MB) SWAP 965/4026MB (cached 92MB) CPU [10%@1224,9%@1224,8%@1224,3%@1224] EMC_FREQ 0% GR3D_FREQ 0% PLL@27C CPU@30.5C PMIC@50C GPU@28C AO@37.5C thermal@29.25C
2023-08-24 23:14:00 RAM 3585/3956MB (lfb 1x2MB) SWAP 982/4026MB (cached 92MB) CPU [10%@1479,3%@1479,4%@1479,1%@1479] EMC_FREQ 0% GR3D_FREQ 0% PLL@26.5C CPU@30C PMIC@50C GPU@27.5C AO@37C thermal@29C
2023-08-24 23:15:16 RAM 3635/3956MB (lfb 2x2MB) SWAP 1034/4026MB (cached 92MB) CPU [5%@1479,5%@1479,3%@1479,3%@1479] EMC_FREQ 0% GR3D_FREQ 0% PLL@26C CPU@29C PMIC@50C GPU@28C AO@36C thermal@28.75C
2023-08-24 23:16:04 RAM 3596/3956MB (lfb 1x2MB) SWAP 1133/4026MB (cached 101MB) CPU [4%@1224,2%@1224,3%@1224,2%@1224] EMC_FREQ 0% GR3D_FREQ 0% PLL@26C CPU@29C PMIC@50C GPU@28C AO@35.5C thermal@27.75C
2023-08-24 23:17:02 RAM 3604/3956MB (lfb 15x4MB) SWAP 1168/4026MB (cached 72MB) CPU [8%@1224,6%@1224,3%@1224,2%@1224] EMC_FREQ 0% GR3D_FREQ 0% PLL@26C CPU@28.5C PMIC@50C GPU@28C AO@35.5C thermal@28.25C
2023-08-24 23:18:01 RAM 3562/3956MB (lfb 15x4MB) SWAP 1260/4026MB (cached 73MB) CPU [6%@1224,4%@1224,1%@1224,1%@1224] EMC_FREQ 0% GR3D_FREQ 0% PLL@25.5C CPU@29C PMIC@50C GPU@27.5C AO@35.5C thermal@28C
2023-08-24 23:19:00 RAM 3519/3956MB (lfb 15x4MB) SWAP 1380/4026MB (cached 79MB) CPU [7%@1224,7%@1224,3%@1224,1%@1224] EMC_FREQ 0% GR3D_FREQ 0% PLL@25.5C CPU@28.5C PMIC@50C GPU@26.5C AO@35.5C thermal@28.5C
2023-08-24 23:20:02 RAM 3449/3956MB (lfb 15x4MB) SWAP 1571/4026MB (cached 78MB) CPU [11%@1224,6%@1224,6%@1224,5%@1224] EMC_FREQ 0% GR3D_FREQ 0% PLL@26C CPU@29C PMIC@50C GPU@28C AO@35.5C thermal@28.5C
2023-08-24 23:21:06 RAM 3503/3956MB (lfb 15x4MB) SWAP 1628/4026MB (cached 95MB) CPU [6%@1224,5%@1224,3%@1224,1%@1224] EMC_FREQ 0% GR3D_FREQ 0% PLL@25.5C CPU@29C PMIC@50C GPU@27.5C AO@35.5C thermal@28.25C
2023-08-24 23:22:04 RAM 3473/3956MB (lfb 15x4MB) SWAP 1702/4026MB (cached 95MB) CPU [5%@1224,5%@1224,2%@1224,1%@1224] EMC_FREQ 0% GR3D_FREQ 0% PLL@25.5C CPU@28.5C PMIC@50C GPU@27.5C AO@35C thermal@28C
2023-08-24 23:23:03 RAM 3442/3956MB (lfb 15x4MB) SWAP 1756/4026MB (cached 96MB) CPU [7%@1224,6%@1224,3%@1224,2%@1224] EMC_FREQ 0% GR3D_FREQ 0% PLL@26C CPU@28.5C PMIC@50C GPU@28C AO@35.5C thermal@27.25C
2023-08-24 23:24:03 RAM 3425/3956MB (lfb 15x4MB) SWAP 1834/4026MB (cached 113MB) CPU [6%@1224,5%@1224,3%@1224,3%@1224] EMC_FREQ 0% GR3D_FREQ 0% PLL@25.5C CPU@28.5C PMIC@50C GPU@27.5C AO@35.5C thermal@28.25C
2023-08-24 23:25:02 RAM 3356/3956MB (lfb 15x4MB) SWAP 1925/4026MB (cached 117MB) CPU [7%@1224,4%@1224,4%@1224,3%@1224] EMC_FREQ 0% GR3D_FREQ 99% PLL@26.5C CPU@30.5C PMIC@50C GPU@28.5C AO@36.5C thermal@29.75C
2023-08-24 23:26:01 RAM 3376/3956MB (lfb 15x4MB) SWAP 1936/4026MB (cached 130MB) CPU [25%@1479,23%@1479,28%@1479,24%@1479] EMC_FREQ 0% GR3D_FREQ 99% PLL@30.5C CPU@35C PMIC@50C GPU@32C AO@40.5C thermal@33.5C
2023-08-24 23:27:01 RAM 3379/3956MB (lfb 15x4MB) SWAP 2003/4026MB (cached 199MB) CPU [28%@1224,27%@1224,26%@1224,28%@1224] EMC_FREQ 0% GR3D_FREQ 99% PLL@30.5C CPU@35C PMIC@50C GPU@33C AO@41C thermal@34C
2023-08-24 23:28:01 RAM 3370/3956MB (lfb 15x4MB) SWAP 2002/4026MB (cached 190MB) CPU [18%@1479,19%@1479,20%@1479,17%@1479] EMC_FREQ 0% GR3D_FREQ 99% PLL@32C CPU@36.5C PMIC@50C GPU@33.5C AO@42.5C thermal@35.25C
2023-08-24 23:29:01 RAM 3375/3956MB (lfb 11x4MB) SWAP 1994/4026MB (cached 189MB) CPU [23%@1224,18%@1224,17%@1224,22%@1224] EMC_FREQ 0% GR3D_FREQ 0% PLL@32C CPU@35.5C PMIC@50C GPU@33.5C AO@42.5C thermal@35.5C
2023-08-24 23:30:01 RAM 3390/3956MB (lfb 9x4MB) SWAP 1991/4026MB (cached 188MB) CPU [21%@1479,21%@1479,22%@1479,21%@1479] EMC_FREQ 0% GR3D_FREQ 99% PLL@33.5C CPU@37.5C PMIC@50C GPU@35C AO@43.5C thermal@36.25C
2023-08-24 23:31:01 RAM 3386/3956MB (lfb 9x4MB) SWAP 1990/4026MB (cached 188MB) CPU [18%@1479,20%@1479,19%@1479,19%@1479] EMC_FREQ 0% GR3D_FREQ 91% PLL@33C CPU@37.5C PMIC@50C GPU@35C AO@43.5C thermal@36.5C
2023-08-24 23:32:01 RAM 3383/3956MB (lfb 9x4MB) SWAP 1989/4026MB (cached 188MB) CPU [22%@1224,18%@1224,19%@1224,18%@1224] EMC_FREQ 0% GR3D_FREQ 95% PLL@33.5C CPU@37.5C PMIC@50C GPU@35.5C AO@44.5C thermal@36.75C
2023-08-24 23:33:01 RAM 3394/3956MB (lfb 9x4MB) SWAP 1991/4026MB (cached 186MB) CPU [33%@1224,22%@1224,21%@1224,17%@1224] EMC_FREQ 0% GR3D_FREQ 99% PLL@34C CPU@38C PMIC@50C GPU@36C AO@44.5C thermal@37.25C
2023-08-24 23:34:01 RAM 3392/3956MB (lfb 9x4MB) SWAP 1986/4026MB (cached 190MB) CPU [20%@1479,19%@1479,19%@1479,21%@1479] EMC_FREQ 0% GR3D_FREQ 99% PLL@35C CPU@39.5C PMIC@50C GPU@36.5C AO@45C thermal@37.5C
2023-08-24 23:35:01 RAM 3394/3956MB (lfb 9x4MB) SWAP 1985/4026MB (cached 190MB) CPU [19%@1479,17%@1479,22%@1479,19%@1479] EMC_FREQ 0% GR3D_FREQ 99% PLL@34.5C CPU@39C PMIC@50C GPU@36C AO@44.5C thermal@37.25C
2023-08-24 23:36:01 RAM 3385/3956MB (lfb 9x4MB) SWAP 1992/4026MB (cached 189MB) CPU [22%@1224,20%@1224,25%@1224,27%@1224] EMC_FREQ 0% GR3D_FREQ 99% PLL@34C CPU@37.5C PMIC@50C GPU@36C AO@44.5C thermal@37C
2023-08-24 23:37:01 RAM 3386/3956MB (lfb 9x4MB) SWAP 1998/4026MB (cached 189MB) CPU [20%@1224,18%@1224,20%@1224,17%@1224] EMC_FREQ 0% GR3D_FREQ 99% PLL@34.5C CPU@38C PMIC@50C GPU@36C AO@44.5C thermal@37C
2023-08-24 23:38:01 RAM 3382/3956MB (lfb 9x4MB) SWAP 1997/4026MB (cached 189MB) CPU [19%@1224,20%@1224,18%@1224,19%@1224] EMC_FREQ 0% GR3D_FREQ 99% PLL@34C CPU@37.5C PMIC@50C GPU@36C AO@44.5C thermal@37C
2023-08-24 23:39:01 RAM 3386/3956MB (lfb 9x4MB) SWAP 1997/4026MB (cached 189MB) CPU [20%@1479,17%@1479,18%@1479,18%@1479] EMC_FREQ 0% GR3D_FREQ 99% PLL@34C CPU@37.5C PMIC@50C GPU@35.5C AO@44C thermal@36.5C
2023-08-24 23:40:01 RAM 3383/3956MB (lfb 9x4MB) SWAP 1999/4026MB (cached 189MB) CPU [24%@1326,23%@1326,23%@1326,22%@1326] EMC_FREQ 0% GR3D_FREQ 99% PLL@33.5C CPU@37.5C PMIC@50C GPU@35C AO@43.5C thermal@36.75C
2023-08-24 23:41:01 RAM 3388/3956MB (lfb 9x4MB) SWAP 1998/4026MB (cached 189MB) CPU [21%@1224,18%@1224,18%@1224,17%@1224] EMC_FREQ 0% GR3D_FREQ 99% PLL@33.5C CPU@37.5C PMIC@50C GPU@35C AO@43.5C thermal@36.5C
2023-08-24 23:42:01 RAM 3384/3956MB (lfb 9x4MB) SWAP 1998/4026MB (cached 189MB) CPU [19%@1224,19%@1224,19%@1224,19%@1224] EMC_FREQ 0% GR3D_FREQ 97% PLL@33.5C CPU@37C PMIC@50C GPU@35C AO@43.5C thermal@36.25C
2023-08-24 23:43:01 RAM 3392/3956MB (lfb 9x4MB) SWAP 1999/4026MB (cached 190MB) CPU [25%@1224,22%@1224,21%@1224,23%@1224] EMC_FREQ 0% GR3D_FREQ 99% PLL@34C CPU@37.5C PMIC@50C GPU@35.5C AO@43.5C thermal@36.5C
2023-08-24 23:44:01 RAM 3398/3956MB (lfb 9x4MB) SWAP 2002/4026MB (cached 189MB) CPU [21%@1224,20%@1224,18%@1224,19%@1224] EMC_FREQ 0% GR3D_FREQ 99% PLL@33.5C CPU@37.5C PMIC@50C GPU@35.5C AO@43.5C thermal@36.5C
2023-08-24 23:45:01 RAM 3400/3956MB (lfb 9x4MB) SWAP 1995/4026MB (cached 188MB) CPU [25%@1224,23%@1224,23%@1224,24%@1224] EMC_FREQ 0% GR3D_FREQ 99% PLL@33.5C CPU@37.5C PMIC@50C GPU@35C AO@44C thermal@36.5C
2023-08-24 23:46:01 RAM 3384/3956MB (lfb 9x4MB) SWAP 1995/4026MB (cached 188MB) CPU [21%@1479,20%@1479,19%@1479,19%@1479] EMC_FREQ 0% GR3D_FREQ 99% PLL@34C CPU@37.5C PMIC@50C GPU@35.5C AO@44C thermal@36.25C
2023-08-24 23:47:01 RAM 3391/3956MB (lfb 9x4MB) SWAP 1998/4026MB (cached 188MB) CPU [25%@1224,23%@1224,20%@1224,25%@1224] EMC_FREQ 0% GR3D_FREQ 97% PLL@33.5C CPU@37.5C PMIC@50C GPU@35C AO@44C thermal@36.75C
2023-08-24 23:48:01 RAM 3383/3956MB (lfb 9x4MB) SWAP 2003/4026MB (cached 188MB) CPU [21%@1479,19%@1479,20%@1479,18%@1479] EMC_FREQ 0% GR3D_FREQ 69% PLL@33.5C CPU@37.5C PMIC@50C GPU@35.5C AO@44C thermal@36.75C
2023-08-24 23:49:01 RAM 3386/3956MB (lfb 9x4MB) SWAP 2007/4026MB (cached 191MB) CPU [18%@1224,20%@1224,20%@1224,19%@1224] EMC_FREQ 0% GR3D_FREQ 99% PLL@34C CPU@37.5C PMIC@50C GPU@35.5C AO@44C thermal@36.5C
2023-08-24 23:50:01 RAM 3386/3956MB (lfb 9x4MB) SWAP 2006/4026MB (cached 188MB) CPU [24%@1224,23%@1224,23%@1224,23%@1224] EMC_FREQ 0% GR3D_FREQ 99% PLL@34C CPU@38C PMIC@50C GPU@36C AO@44.5C thermal@36.5C
2023-08-24 23:51:01 RAM 3380/3956MB (lfb 9x4MB) SWAP 2010/4026MB (cached 188MB) CPU [21%@1224,20%@1224,19%@1224,20%@1224] EMC_FREQ 0% GR3D_FREQ 97% PLL@33.5C CPU@37.5C PMIC@50C GPU@35.5C AO@44C thermal@36.5C
2023-08-24 23:52:01 RAM 3386/3956MB (lfb 9x4MB) SWAP 2009/4026MB (cached 188MB) CPU [19%@1479,19%@1479,20%@1479,19%@1479] EMC_FREQ 0% GR3D_FREQ 99% PLL@34C CPU@37.5C PMIC@50C GPU@35C AO@43.5C thermal@36C
2023-08-24 23:53:01 RAM 3392/3956MB (lfb 9x4MB) SWAP 2009/4026MB (cached 188MB) CPU [22%@1479,20%@1479,20%@1479,22%@1479] EMC_FREQ 0% GR3D_FREQ 99% PLL@34C CPU@37.5C PMIC@50C GPU@35C AO@43.5C thermal@36C
2023-08-24 23:54:01 RAM 3379/3956MB (lfb 9x4MB) SWAP 2007/4026MB (cached 178MB) CPU [29%@1479,29%@1479,29%@1479,27%@1479] EMC_FREQ 0% GR3D_FREQ 99% PLL@33.5C CPU@37.5C PMIC@50C GPU@35C AO@43.5C thermal@35.5C
2023-08-24 23:55:01 RAM 3378/3956MB (lfb 9x4MB) SWAP 2013/4026MB (cached 177MB) CPU [19%@1479,18%@1479,20%@1479,19%@1479] EMC_FREQ 0% GR3D_FREQ 99% PLL@33C CPU@38C PMIC@50C GPU@34.5C AO@43C thermal@35.75C
2023-08-24 23:56:01 RAM 3371/3956MB (lfb 9x4MB) SWAP 2013/4026MB (cached 177MB) CPU [20%@1479,18%@1479,20%@1479,20%@1479] EMC_FREQ 0% GR3D_FREQ 99% PLL@33C CPU@37.5C PMIC@50C GPU@34.5C AO@43C thermal@35.5C
2023-08-24 23:57:01 RAM 3373/3956MB (lfb 9x4MB) SWAP 2013/4026MB (cached 174MB) CPU [23%@1224,23%@1224,23%@1224,22%@1224] EMC_FREQ 0% GR3D_FREQ 90% PLL@32.5C CPU@36.5C PMIC@50C GPU@34.5C AO@43C thermal@35.5C
2023-08-24 23:58:01 RAM 3369/3956MB (lfb 9x4MB) SWAP 2013/4026MB (cached 174MB) CPU [20%@1224,19%@1224,19%@1224,18%@1224] EMC_FREQ 0% GR3D_FREQ 90% PLL@33C CPU@36.5C PMIC@50C GPU@34.5C AO@43C thermal@35.75C
2023-08-24 23:59:01 RAM 3372/3956MB (lfb 29x4MB) SWAP 2012/4026MB (cached 174MB) CPU [21%@1224,19%@1224,17%@1224,20%@1224] EMC_FREQ 0% GR3D_FREQ 96% PLL@33C CPU@36.5C PMIC@50C GPU@34.5C AO@43C thermal@35.75C
2023-08-25 00:00:01 RAM 3382/3956MB (lfb 29x4MB) SWAP 2007/4026MB (cached 175MB) CPU [25%@1224,29%@1224,26%@1224,28%@1224] EMC_FREQ 0% GR3D_FREQ 99% PLL@33.5C CPU@37C PMIC@50C GPU@35C AO@43.5C thermal@36.5C
2023-08-25 00:01:01 RAM 3370/3956MB (lfb 29x4MB) SWAP 2013/4026MB (cached 157MB) CPU [26%@1479,25%@1479,24%@1479,26%@1479] EMC_FREQ 0% GR3D_FREQ 94% PLL@33C CPU@37.5C PMIC@50C GPU@34.5C AO@43.5C thermal@35.75C
2023-08-25 00:02:01 RAM 3378/3956MB (lfb 29x4MB) SWAP 2013/4026MB (cached 157MB) CPU [19%@1224,19%@1224,18%@1224,19%@1224] EMC_FREQ 0% GR3D_FREQ 96% PLL@32.5C CPU@36.5C PMIC@50C GPU@34.5C AO@43C thermal@36.25C
2023-08-25 00:03:01 RAM 3373/3956MB (lfb 29x4MB) SWAP 2013/4026MB (cached 157MB) CPU [19%@1479,20%@1479,20%@1479,20%@1479] EMC_FREQ 0% GR3D_FREQ 99% PLL@32.5C CPU@36.5C PMIC@50C GPU@34.5C AO@43C thermal@35.75C
2023-08-25 00:04:01 RAM 3380/3956MB (lfb 29x4MB) SWAP 2013/4026MB (cached 157MB) CPU [23%@1224,20%@1224,27%@1224,22%@1224] EMC_FREQ 0% GR3D_FREQ 96% PLL@33C CPU@37C PMIC@50C GPU@35C AO@43C thermal@35.5C
2023-08-25 00:05:01 RAM 3376/3956MB (lfb 29x4MB) SWAP 2013/4026MB (cached 157MB) CPU [20%@1224,20%@1224,19%@1224,19%@1224] EMC_FREQ 0% GR3D_FREQ 91% PLL@33C CPU@37C PMIC@50C GPU@35C AO@44C thermal@36C
2023-08-25 00:06:01 RAM 3370/3956MB (lfb 29x4MB) SWAP 2013/4026MB (cached 157MB) CPU [19%@1479,18%@1479,19%@1479,20%@1479] EMC_FREQ 0% GR3D_FREQ 99% PLL@33.5C CPU@37C PMIC@50C GPU@35.5C AO@43.5C thermal@36.5C
2023-08-25 00:07:01 RAM 3377/3956MB (lfb 29x4MB) SWAP 2013/4026MB (cached 157MB) CPU [24%@1224,20%@1224,22%@1224,25%@1224] EMC_FREQ 0% GR3D_FREQ 99% PLL@33.5C CPU@37.5C PMIC@50C GPU@35.5C AO@43.5C thermal@36.25C
2023-08-25 00:08:01 RAM 3372/3956MB (lfb 29x4MB) SWAP 2012/4026MB (cached 157MB) CPU [20%@1479,19%@1479,20%@1479,18%@1479] EMC_FREQ 0% GR3D_FREQ 99% PLL@33.5C CPU@37C PMIC@50C GPU@35C AO@43.5C thermal@36C
2023-08-25 00:09:01 RAM 3378/3956MB (lfb 29x4MB) SWAP 2012/4026MB (cached 158MB) CPU [19%@1479,19%@1479,20%@1479,18%@1479] EMC_FREQ 0% GR3D_FREQ 93% PLL@33C CPU@36.5C PMIC@50C GPU@34.5C AO@43C thermal@35.75C
2023-08-25 00:10:01 RAM 3376/3956MB (lfb 29x4MB) SWAP 2012/4026MB (cached 158MB) CPU [19%@1479,19%@1479,21%@1479,18%@1479] EMC_FREQ 0% GR3D_FREQ 99% PLL@33C CPU@36.5C PMIC@50C GPU@35C AO@43C thermal@36C
2023-08-25 00:11:01 RAM 3378/3956MB (lfb 29x4MB) SWAP 2012/4026MB (cached 158MB) CPU [26%@1224,28%@1224,27%@1224,27%@1224] EMC_FREQ 0% GR3D_FREQ 99% PLL@33C CPU@37C PMIC@50C GPU@34.5C AO@43C thermal@35.5C
2023-08-25 00:12:01 RAM 3381/3956MB (lfb 29x4MB) SWAP 2012/4026MB (cached 158MB) CPU [21%@1479,20%@1479,21%@1479,21%@1479] EMC_FREQ 0% GR3D_FREQ 99% PLL@33C CPU@37.5C PMIC@50C GPU@35C AO@42.5C thermal@36C
2023-08-25 00:13:01 RAM 3378/3956MB (lfb 29x4MB) SWAP 2007/4026MB (cached 158MB) CPU [22%@1224,20%@1224,21%@1224,21%@1224] EMC_FREQ 0% GR3D_FREQ 99% PLL@32.5C CPU@36C PMIC@50C GPU@34.5C AO@43C thermal@35.5C
2023-08-25 00:14:01 RAM 3382/3956MB (lfb 29x4MB) SWAP 2008/4026MB (cached 158MB) CPU [24%@1479,23%@1479,25%@1479,26%@1479] EMC_FREQ 0% GR3D_FREQ 99% PLL@33.5C CPU@38C PMIC@50C GPU@34.5C AO@43.5C thermal@35.5C
2023-08-25 00:15:01 RAM 3374/3956MB (lfb 29x4MB) SWAP 2013/4026MB (cached 157MB) CPU [22%@1224,22%@1224,22%@1224,21%@1224] EMC_FREQ 0% GR3D_FREQ 96% PLL@32.5C CPU@36.5C PMIC@50C GPU@34C AO@42.5C thermal@35.75C
2023-08-25 00:16:01 RAM 3376/3956MB (lfb 29x4MB) SWAP 2013/4026MB (cached 154MB) CPU [22%@1224,21%@1224,21%@1224,19%@1224] EMC_FREQ 0% GR3D_FREQ 99% PLL@32.5C CPU@36.5C PMIC@50C GPU@34C AO@42.5C thermal@35.75C
2023-08-25 00:17:01 RAM 3373/3956MB (lfb 29x4MB) SWAP 2013/4026MB (cached 154MB) CPU [22%@1479,20%@1479,21%@1479,22%@1479] EMC_FREQ 0% GR3D_FREQ 99% PLL@33C CPU@37C PMIC@50C GPU@34.5C AO@43C thermal@35.5C
2023-08-25 00:18:01 RAM 3375/3956MB (lfb 29x4MB) SWAP 2013/4026MB (cached 150MB) CPU [25%@1479,25%@1479,24%@1479,25%@1479] EMC_FREQ 0% GR3D_FREQ 99% PLL@33C CPU@37C PMIC@50C GPU@35C AO@43C thermal@36.25C
2023-08-25 00:19:01 RAM 3370/3956MB (lfb 29x4MB) SWAP 2013/4026MB (cached 149MB) CPU [24%@1224,20%@1224,21%@1224,21%@1224] EMC_FREQ 0% GR3D_FREQ 98% PLL@32C CPU@36C PMIC@50C GPU@34.5C AO@43C thermal@35.25C
2023-08-25 00:20:01 RAM 3368/3956MB (lfb 29x4MB) SWAP 2013/4026MB (cached 147MB) CPU [22%@1224,21%@1224,21%@1224,21%@1224] EMC_FREQ 0% GR3D_FREQ 99% PLL@32.5C CPU@36C PMIC@50C GPU@34.5C AO@42.5C thermal@35C
2023-08-25 00:21:01 RAM 3371/3956MB (lfb 29x4MB) SWAP 2013/4026MB (cached 145MB) CPU [26%@1224,23%@1224,25%@1224,25%@1224] EMC_FREQ 0% GR3D_FREQ 90% PLL@32.5C CPU@36.5C PMIC@50C GPU@34C AO@43C thermal@35.25C
2023-08-25 00:22:01 RAM 3364/3956MB (lfb 29x4MB) SWAP 2013/4026MB (cached 135MB) CPU [22%@1479,21%@1479,20%@1479,23%@1479] EMC_FREQ 0% GR3D_FREQ 99% PLL@33C CPU@37C PMIC@50C GPU@34.5C AO@43C thermal@35.5C
2023-08-25 00:23:01 RAM 3379/3956MB (lfb 29x4MB) SWAP 2013/4026MB (cached 132MB) CPU [22%@1224,20%@1224,21%@1224,22%@1224] EMC_FREQ 0% GR3D_FREQ 99% PLL@32.5C CPU@36.5C PMIC@50C GPU@34C AO@42.5C thermal@35.75C
2023-08-25 00:24:01 RAM 3358/3956MB (lfb 29x4MB) SWAP 2013/4026MB (cached 129MB) CPU [24%@1479,22%@1479,22%@1479,23%@1479] EMC_FREQ 0% GR3D_FREQ 94% PLL@32.5C CPU@36.5C PMIC@50C GPU@34C AO@43C thermal@35.5C
2023-08-25 00:25:01 RAM 3364/3956MB (lfb 29x4MB) SWAP 2013/4026MB (cached 129MB) CPU [24%@1224,23%@1224,23%@1224,25%@1224] EMC_FREQ 0% GR3D_FREQ 99% PLL@32.5C CPU@36C PMIC@50C GPU@34.5C AO@43C thermal@35.5C
2023-08-25 00:26:01 RAM 3361/3956MB (lfb 29x4MB) SWAP 2013/4026MB (cached 127MB) CPU [22%@1224,21%@1224,22%@1224,19%@1224] EMC_FREQ 0% GR3D_FREQ 99% PLL@33C CPU@36.5C PMIC@50C GPU@34.5C AO@42.5C thermal@36C
2023-08-25 00:27:01 RAM 3365/3956MB (lfb 29x4MB) SWAP 2013/4026MB (cached 126MB) CPU [22%@1428,20%@1428,21%@1428,21%@1428] EMC_FREQ 0% GR3D_FREQ 99% PLL@32.5C CPU@36.5C PMIC@50C GPU@34C AO@42.5C thermal@35.25C
2023-08-25 00:28:01 RAM 3361/3956MB (lfb 29x4MB) SWAP 2013/4026MB (cached 123MB) CPU [28%@1479,28%@1479,31%@1479,28%@1479] EMC_FREQ 0% GR3D_FREQ 99% PLL@33.5C CPU@37C PMIC@50C GPU@34.5C AO@43C thermal@35.25C
2023-08-25 00:29:01 RAM 3360/3956MB (lfb 29x4MB) SWAP 2013/4026MB (cached 121MB) CPU [20%@1224,18%@1224,21%@1224,19%@1224] EMC_FREQ 0% GR3D_FREQ 99% PLL@32.5C CPU@35.5C PMIC@50C GPU@34C AO@42.5C thermal@36.25C
2023-08-25 00:30:01 RAM 3357/3956MB (lfb 29x4MB) SWAP 2009/4026MB (cached 121MB) CPU [19%@1479,19%@1479,22%@1479,19%@1479] EMC_FREQ 0% GR3D_FREQ 99% PLL@32.5C CPU@36.5C PMIC@50C GPU@34C AO@42.5C thermal@35C
2023-08-25 00:31:01 RAM 3357/3956MB (lfb 29x4MB) SWAP 2010/4026MB (cached 120MB) CPU [21%@1479,21%@1479,21%@1479,22%@1479] EMC_FREQ 0% GR3D_FREQ 99% PLL@33C CPU@38C PMIC@50C GPU@34.5C AO@42.5C thermal@35.75C
2023-08-25 00:32:01 RAM 3357/3956MB (lfb 29x4MB) SWAP 2011/4026MB (cached 119MB) CPU [22%@1224,21%@1224,22%@1224,23%@1224] EMC_FREQ 0% GR3D_FREQ 99% PLL@32C CPU@36C PMIC@50C GPU@34C AO@42.5C thermal@35C
2023-08-25 00:33:01 RAM 3360/3956MB (lfb 29x4MB) SWAP 2012/4026MB (cached 119MB) CPU [21%@1224,19%@1224,21%@1224,19%@1224] EMC_FREQ 0% GR3D_FREQ 91% PLL@32C CPU@36.5C PMIC@50C GPU@34.5C AO@42.5C thermal@36.25C
2023-08-25 00:34:01 RAM 3356/3956MB (lfb 29x4MB) SWAP 2013/4026MB (cached 117MB) CPU [19%@1479,19%@1479,20%@1479,21%@1479] EMC_FREQ 0% GR3D_FREQ 99% PLL@32.5C CPU@36C PMIC@50C GPU@34.5C AO@42.5C thermal@35.75C
2023-08-25 00:35:01 RAM 3357/3956MB (lfb 29x4MB) SWAP 2013/4026MB (cached 114MB) CPU [24%@1224,22%@1224,23%@1224,24%@1224] EMC_FREQ 0% GR3D_FREQ 96% PLL@32C CPU@36C PMIC@50C GPU@34C AO@43C thermal@35.5C
2023-08-25 00:36:01 RAM 3352/3956MB (lfb 29x4MB) SWAP 2013/4026MB (cached 113MB) CPU [19%@1479,20%@1479,20%@1479,20%@1479] EMC_FREQ 0% GR3D_FREQ 99% PLL@32.5C CPU@37C PMIC@50C GPU@34.5C AO@42.5C thermal@35.75C
2023-08-25 00:37:01 RAM 3358/3956MB (lfb 29x4MB) SWAP 2013/4026MB (cached 112MB) CPU [20%@1326,17%@1326,20%@1326,19%@1326] EMC_FREQ 0% GR3D_FREQ 92% PLL@32C CPU@35.5C PMIC@50C GPU@34.5C AO@42.5C thermal@35.75C
2023-08-25 00:38:01 RAM 3352/3956MB (lfb 29x4MB) SWAP 2013/4026MB (cached 110MB) CPU [24%@1479,23%@1479,23%@1479,24%@1479] EMC_FREQ 0% GR3D_FREQ 99% PLL@33C CPU@37C PMIC@50C GPU@34.5C AO@43C thermal@35.25C
2023-08-25 00:39:01 RAM 3354/3956MB (lfb 29x4MB) SWAP 2013/4026MB (cached 106MB) CPU [20%@1428,19%@1428,22%@1428,19%@1428] EMC_FREQ 0% GR3D_FREQ 92% PLL@32.5C CPU@36.5C PMIC@50C GPU@34.5C AO@42.5C thermal@35.5C
2023-08-25 00:40:01 RAM 3350/3956MB (lfb 29x4MB) SWAP 2013/4026MB (cached 103MB) CPU [21%@1479,19%@1479,20%@1479,19%@1479] EMC_FREQ 0% GR3D_FREQ 99% PLL@33C CPU@36.5C PMIC@50C GPU@34.5C AO@42.5C thermal@35C
2023-08-25 00:41:01 RAM 3352/3956MB (lfb 29x4MB) SWAP 2013/4026MB (cached 100MB) CPU [20%@1479,18%@1479,20%@1479,20%@1479] EMC_FREQ 0% GR3D_FREQ 99% PLL@32.5C CPU@36.5C PMIC@50C GPU@34.5C AO@43C thermal@35.5C
2023-08-25 00:42:01 RAM 3348/3956MB (lfb 29x4MB) SWAP 2013/4026MB (cached 99MB) CPU [23%@1479,25%@1479,22%@1479,23%@1479] EMC_FREQ 0% GR3D_FREQ 99% PLL@33C CPU@37C PMIC@50C GPU@35C AO@43C thermal@35C
2023-08-25 00:43:01 RAM 3363/3956MB (lfb 29x4MB) SWAP 2013/4026MB (cached 99MB) CPU [22%@1479,19%@1479,19%@1479,20%@1479] EMC_FREQ 0% GR3D_FREQ 94% PLL@32.5C CPU@37C PMIC@50C GPU@34C AO@43C thermal@35.25C
2023-08-25 00:44:01 RAM 3357/3956MB (lfb 29x4MB) SWAP 2013/4026MB (cached 99MB) CPU [20%@1479,18%@1479,20%@1479,19%@1479] EMC_FREQ 0% GR3D_FREQ 99% PLL@32.5C CPU@36.5C PMIC@50C GPU@34C AO@42.5C thermal@35C
2023-08-25 00:45:01 RAM 3350/3956MB (lfb 29x4MB) SWAP 2013/4026MB (cached 99MB) CPU [24%@1224,22%@1224,22%@1224,23%@1224] EMC_FREQ 0% GR3D_FREQ 99% PLL@33C CPU@36.5C PMIC@50C GPU@34.5C AO@43C thermal@35.25C
2023-08-25 00:46:01 RAM 3357/3956MB (lfb 29x4MB) SWAP 2012/4026MB (cached 99MB) CPU [19%@1224,21%@1224,20%@1224,18%@1224] EMC_FREQ 0% GR3D_FREQ 99% PLL@32.5C CPU@36.5C PMIC@50C GPU@34.5C AO@42.5C thermal@35C
2023-08-25 00:47:01 RAM 3352/3956MB (lfb 29x4MB) SWAP 2012/4026MB (cached 99MB) CPU [20%@1224,19%@1224,20%@1224,17%@1224] EMC_FREQ 0% GR3D_FREQ 99% PLL@33C CPU@36.5C PMIC@50C GPU@34.5C AO@43C thermal@36.25C
2023-08-25 00:48:01 RAM 3349/3956MB (lfb 29x4MB) SWAP 2012/4026MB (cached 99MB) CPU [18%@1224,20%@1224,18%@1224,20%@1224] EMC_FREQ 0% GR3D_FREQ 99% PLL@32.5C CPU@36C PMIC@50C GPU@34.5C AO@42.5C thermal@35.5C
2023-08-25 00:49:01 RAM 3356/3956MB (lfb 29x4MB) SWAP 2012/4026MB (cached 99MB) CPU [22%@1479,24%@1479,22%@1479,21%@1479] EMC_FREQ 0% GR3D_FREQ 99% PLL@33C CPU@37C PMIC@50C GPU@34C AO@43C thermal@35.25C
2023-08-25 00:50:01 RAM 3356/3956MB (lfb 29x4MB) SWAP 2011/4026MB (cached 101MB) CPU [20%@1326,19%@1326,18%@1326,18%@1326] EMC_FREQ 0% GR3D_FREQ 99% PLL@33C CPU@36.5C PMIC@50C GPU@34.5C AO@42.5C thermal@35.25C
2023-08-25 00:51:01 RAM 3361/3956MB (lfb 29x4MB) SWAP 2006/4026MB (cached 101MB) CPU [19%@1479,19%@1479,19%@1479,18%@1479] EMC_FREQ 0% GR3D_FREQ 99% PLL@33C CPU@37C PMIC@50C GPU@35C AO@43.5C thermal@35.75C
2023-08-25 00:52:01 RAM 3357/3956MB (lfb 29x4MB) SWAP 2006/4026MB (cached 101MB) CPU [25%@1479,23%@1479,23%@1479,20%@1479] EMC_FREQ 0% GR3D_FREQ 99% PLL@34C CPU@38.5C PMIC@50C GPU@35.5C AO@44.5C thermal@36.25C
2023-08-25 00:53:01 RAM 3372/3956MB (lfb 29x4MB) SWAP 2004/4026MB (cached 101MB) CPU [21%@1479,20%@1479,18%@1479,19%@1479] EMC_FREQ 0% GR3D_FREQ 99% PLL@34C CPU@39C PMIC@50C GPU@35.5C AO@44C thermal@37.25C
2023-08-25 00:54:01 RAM 3353/3956MB (lfb 29x4MB) SWAP 2004/4026MB (cached 101MB) CPU [19%@1479,21%@1479,19%@1479,20%@1479] EMC_FREQ 0% GR3D_FREQ 96% PLL@34C CPU@37.5C PMIC@50C GPU@35.5C AO@44.5C thermal@36.5C
2023-08-25 00:55:01 RAM 3361/3956MB (lfb 29x4MB) SWAP 2004/4026MB (cached 101MB) CPU [22%@1224,21%@1224,20%@1224,22%@1224] EMC_FREQ 0% GR3D_FREQ 99% PLL@34.5C CPU@37.5C PMIC@50C GPU@36C AO@44.5C thermal@37.25C
2023-08-25 00:56:01 RAM 3359/3956MB (lfb 29x4MB) SWAP 2004/4026MB (cached 101MB) CPU [21%@1479,21%@1479,23%@1479,20%@1479] EMC_FREQ 0% GR3D_FREQ 99% PLL@34C CPU@38C PMIC@50C GPU@35.5C AO@44.5C thermal@36.5C
2023-08-25 00:57:01 RAM 3356/3956MB (lfb 29x4MB) SWAP 2004/4026MB (cached 101MB) CPU [21%@1479,18%@1479,19%@1479,20%@1479] EMC_FREQ 0% GR3D_FREQ 83% PLL@34C CPU@38C PMIC@50C GPU@36C AO@44.5C thermal@36.5C
2023-08-25 00:58:01 RAM 3389/3956MB (lfb 29x4MB) SWAP 2013/4026MB (cached 165MB) CPU [25%@1224,24%@1224,25%@1224,25%@1224] EMC_FREQ 0% GR3D_FREQ 97% PLL@34C CPU@37.5C PMIC@50C GPU@36C AO@44C thermal@36.5C
2023-08-25 00:59:01 RAM 3391/3956MB (lfb 29x4MB) SWAP 2013/4026MB (cached 164MB) CPU [22%@1224,23%@1224,28%@1224,21%@1224] EMC_FREQ 0% GR3D_FREQ 99% PLL@34C CPU@37.5C PMIC@50C GPU@36C AO@44.5C thermal@36.75C
2023-08-25 01:00:01 RAM 3388/3956MB (lfb 29x4MB) SWAP 2013/4026MB (cached 164MB) CPU [20%@1224,18%@1224,21%@1224,19%@1224] EMC_FREQ 0% GR3D_FREQ 99% PLL@34C CPU@38C PMIC@50C GPU@36C AO@44C thermal@37C
2023-08-25 01:01:01 RAM 3393/3956MB (lfb 29x4MB) SWAP 2013/4026MB (cached 164MB) CPU [19%@1479,19%@1479,18%@1479,20%@1479] EMC_FREQ 0% GR3D_FREQ 99% PLL@35C CPU@39C PMIC@50C GPU@36C AO@45C thermal@37C
2023-08-25 01:02:01 RAM 3385/3956MB (lfb 29x4MB) SWAP 2013/4026MB (cached 158MB) CPU [21%@1479,23%@1479,25%@1479,23%@1479] EMC_FREQ 0% GR3D_FREQ 99% PLL@34C CPU@38.5C PMIC@50C GPU@36C AO@44.5C thermal@36.75C
2023-08-25 01:03:01 RAM 3387/3956MB (lfb 29x4MB) SWAP 2013/4026MB (cached 154MB) CPU [19%@1224,20%@1224,19%@1224,18%@1224] EMC_FREQ 0% GR3D_FREQ 99% PLL@34C CPU@38C PMIC@50C GPU@35.5C AO@44.5C thermal@36.75C
2023-08-25 01:04:01 RAM 3378/3956MB (lfb 29x4MB) SWAP 2013/4026MB (cached 148MB) CPU [22%@1479,20%@1479,18%@1479,22%@1479] EMC_FREQ 0% GR3D_FREQ 99% PLL@34C CPU@38C PMIC@50C GPU@36C AO@44C thermal@36.75C
2023-08-25 01:05:01 RAM 3385/3956MB (lfb 29x4MB) SWAP 2013/4026MB (cached 148MB) CPU [20%@1428,19%@1428,19%@1428,17%@1428] EMC_FREQ 0% GR3D_FREQ 99% PLL@34C CPU@38.5C PMIC@50C GPU@36C AO@44.5C thermal@36.75C
2023-08-25 01:06:01 RAM 3381/3956MB (lfb 29x4MB) SWAP 2013/4026MB (cached 148MB) CPU [23%@1479,22%@1479,23%@1479,25%@1479] EMC_FREQ 0% GR3D_FREQ 99% PLL@34C CPU@38C PMIC@50C GPU@36C AO@44.5C thermal@37C
2023-08-25 01:07:01 RAM 3384/3956MB (lfb 29x4MB) SWAP 2012/4026MB (cached 148MB) CPU [23%@1224,24%@1224,20%@1224,23%@1224] EMC_FREQ 0% GR3D_FREQ 94% PLL@34.5C CPU@37.5C PMIC@50C GPU@35.5C AO@44C thermal@37C
2023-08-25 01:08:01 RAM 3387/3956MB (lfb 29x4MB) SWAP 2012/4026MB (cached 148MB) CPU [19%@1479,18%@1479,20%@1479,20%@1479] EMC_FREQ 0% GR3D_FREQ 89% PLL@33.5C CPU@38C PMIC@50C GPU@35C AO@44.5C thermal@36.5C
2023-08-25 01:09:01 RAM 3384/3956MB (lfb 29x4MB) SWAP 2012/4026MB (cached 148MB) CPU [22%@1224,24%@1224,24%@1224,23%@1224] EMC_FREQ 0% GR3D_FREQ 99% PLL@34C CPU@37.5C PMIC@50C GPU@35.5C AO@44.5C thermal@37C
2023-08-25 01:10:01 RAM 3388/3956MB (lfb 29x4MB) SWAP 2012/4026MB (cached 148MB) CPU [19%@1428,21%@1428,19%@1428,19%@1428] EMC_FREQ 0% GR3D_FREQ 95% PLL@34C CPU@38C PMIC@50C GPU@35.5C AO@44.5C thermal@36.5C
2023-08-25 01:11:01 RAM 3385/3956MB (lfb 29x4MB) SWAP 2012/4026MB (cached 148MB) CPU [21%@1224,19%@1224,19%@1224,19%@1224] EMC_FREQ 0% GR3D_FREQ 99% PLL@34C CPU@37.5C PMIC@50C GPU@35.5C AO@44.5C thermal@37.75C
2023-08-25 01:12:01 RAM 3390/3956MB (lfb 29x4MB) SWAP 2007/4026MB (cached 148MB) CPU [20%@1224,19%@1224,19%@1224,18%@1224] EMC_FREQ 0% GR3D_FREQ 99% PLL@34C CPU@38.5C PMIC@50C GPU@36C AO@44.5C thermal@36.75C
2023-08-25 01:13:01 RAM 3385/3956MB (lfb 29x4MB) SWAP 2007/4026MB (cached 148MB) CPU [24%@1224,22%@1224,24%@1224,22%@1224] EMC_FREQ 0% GR3D_FREQ 89% PLL@33.5C CPU@37.5C PMIC@50C GPU@35.5C AO@44C thermal@36.5C
2023-08-25 01:14:01 RAM 3389/3956MB (lfb 29x4MB) SWAP 2007/4026MB (cached 148MB) CPU [20%@1224,19%@1224,20%@1224,18%@1224] EMC_FREQ 0% GR3D_FREQ 94% PLL@33.5C CPU@37.5C PMIC@50C GPU@35.5C AO@44.5C thermal@37C
2023-08-25 01:15:01 RAM 3386/3956MB (lfb 29x4MB) SWAP 2007/4026MB (cached 148MB) CPU [20%@1224,21%@1224,20%@1224,20%@1224] EMC_FREQ 0% GR3D_FREQ 83% PLL@34C CPU@38C PMIC@50C GPU@36C AO@44.5C thermal@37.25C
2023-08-25 01:16:01 RAM 3383/3956MB (lfb 29x4MB) SWAP 2013/4026MB (cached 144MB) CPU [24%@1224,24%@1224,24%@1224,24%@1224] EMC_FREQ 0% GR3D_FREQ 99% PLL@34C CPU@38C PMIC@50C GPU@36.5C AO@45C thermal@37.5C
2023-08-25 01:17:01 RAM 3379/3956MB (lfb 29x4MB) SWAP 2013/4026MB (cached 144MB) CPU [20%@1224,19%@1224,20%@1224,19%@1224] EMC_FREQ 0% GR3D_FREQ 99% PLL@35C CPU@38.5C PMIC@50C GPU@36C AO@45C thermal@37C
2023-08-25 01:18:01 RAM 3382/3956MB (lfb 29x4MB) SWAP 2013/4026MB (cached 144MB) CPU [20%@1224,20%@1224,19%@1224,18%@1224] EMC_FREQ 0% GR3D_FREQ 92% PLL@34.5C CPU@37.5C PMIC@50C GPU@36C AO@45C thermal@37.75C
2023-08-25 01:19:01 RAM 3381/3956MB (lfb 29x4MB) SWAP 2013/4026MB (cached 144MB) CPU [22%@1479,22%@1479,21%@1479,20%@1479] EMC_FREQ 0% GR3D_FREQ 99% PLL@35.5C CPU@39C PMIC@50C GPU@36.5C AO@45C thermal@37.75C
2023-08-25 01:20:01 RAM 3384/3956MB (lfb 29x4MB) SWAP 2012/4026MB (cached 144MB) CPU [23%@1479,21%@1479,20%@1479,20%@1479] EMC_FREQ 0% GR3D_FREQ 99% PLL@35C CPU@39C PMIC@50C GPU@36C AO@45C thermal@38C
2023-08-25 01:21:01 RAM 3382/3956MB (lfb 29x4MB) SWAP 2012/4026MB (cached 144MB) CPU [20%@1479,20%@1479,19%@1479,19%@1479] EMC_FREQ 0% GR3D_FREQ 99% PLL@34.5C CPU@39C PMIC@50C GPU@36C AO@45C thermal@37C
2023-08-25 01:22:01 RAM 3379/3956MB (lfb 29x4MB) SWAP 2013/4026MB (cached 132MB) CPU [22%@1224,21%@1224,21%@1224,19%@1224] EMC_FREQ 0% GR3D_FREQ 99% PLL@34.5C CPU@37.5C PMIC@50C GPU@36C AO@44.5C thermal@36.5C
2023-08-25 01:23:01 RAM 3383/3956MB (lfb 29x4MB) SWAP 2010/4026MB (cached 108MB) CPU [32%@1479,31%@1479,30%@1479,34%@1479] EMC_FREQ 0% GR3D_FREQ 96% PLL@34.5C CPU@38C PMIC@50C GPU@36C AO@45C thermal@37.25C
2023-08-25 01:24:01 RAM 3374/3956MB (lfb 29x4MB) SWAP 2010/4026MB (cached 108MB) CPU [18%@1224,20%@1224,20%@1224,19%@1224] EMC_FREQ 0% GR3D_FREQ 99% PLL@34C CPU@38C PMIC@50C GPU@35.5C AO@44.5C thermal@37C
2023-08-25 01:25:01 RAM 3389/3956MB (lfb 29x4MB) SWAP 2008/4026MB (cached 111MB) CPU [19%@1479,19%@1479,21%@1479,19%@1479] EMC_FREQ 0% GR3D_FREQ 0% PLL@33.5C CPU@36.5C PMIC@50C GPU@34.5C AO@44C thermal@37.25C
2023-08-25 01:26:01 RAM 3495/3956MB (lfb 29x4MB) SWAP 1996/4026MB (cached 166MB) CPU [44%@1479,47%@1479,45%@1479,43%@1479] EMC_FREQ 0% GR3D_FREQ 12% PLL@31.5C CPU@36C PMIC@50C GPU@32C AO@42C thermal@33.5C
2023-08-25 01:27:01 RAM 3503/3956MB (lfb 29x4MB) SWAP 2013/4026MB (cached 162MB) CPU [12%@1224,11%@1224,17%@1224,12%@1224] EMC_FREQ 0% GR3D_FREQ 0% PLL@28.5C CPU@31.5C PMIC@50C GPU@29.5C AO@39.5C thermal@30.75C
2023-08-25 01:28:01 RAM 3500/3956MB (lfb 29x4MB) SWAP 2013/4026MB (cached 115MB) CPU [42%@1479,41%@1479,42%@1479,41%@1479] EMC_FREQ 0% GR3D_FREQ 0% PLL@29C CPU@33C PMIC@50C GPU@30C AO@39.5C thermal@31.25C
2023-08-25 01:29:01 RAM 3565/3956MB (lfb 26x4MB) SWAP 2011/4026MB (cached 113MB) CPU [40%@1479,44%@1479,56%@1479,40%@1479] EMC_FREQ 0% GR3D_FREQ 42% PLL@29C CPU@32C PMIC@50C GPU@30C AO@39C thermal@31C
2023-08-25 01:30:01 RAM 3453/3956MB (lfb 26x4MB) SWAP 2007/4026MB (cached 102MB) CPU [56%@1479,54%@1479,59%@1479,50%@1479] EMC_FREQ 0% GR3D_FREQ 27% PLL@29.5C CPU@32.5C PMIC@50C GPU@30C AO@39.5C thermal@30.75C
2023-08-25 01:31:01 RAM 3456/3956MB (lfb 26x4MB) SWAP 2005/4026MB (cached 101MB) CPU [14%@1224,9%@1224,14%@1224,10%@1224] EMC_FREQ 0% GR3D_FREQ 0% PLL@27.5C CPU@30C PMIC@50C GPU@29.5C AO@37.5C thermal@31.5C
2023-08-25 01:32:01 RAM 2319/3956MB (lfb 33x4MB) SWAP 899/4026MB (cached 74MB) CPU [19%@1224,19%@1224,18%@1224,18%@1224] EMC_FREQ 0% GR3D_FREQ 0% PLL@27C CPU@30C PMIC@50C GPU@27.5C AO@37C thermal@28.5C
2023-08-25 01:33:01 RAM 2439/3956MB (lfb 33x4MB) SWAP 898/4026MB (cached 74MB) CPU [12%@1224,16%@1224,11%@1224,12%@1224] EMC_FREQ 0% GR3D_FREQ 0% PLL@26.5C CPU@29.5C PMIC@50C GPU@28.5C AO@37C thermal@29C
2023-08-25 01:34:01 RAM 3146/3956MB (lfb 3x512kB) SWAP 898/4026MB (cached 75MB) CPU [18%@1224,22%@1224,17%@1224,13%@1224] EMC_FREQ 0% GR3D_FREQ 0% PLL@26C CPU@29C PMIC@50C GPU@27.5C AO@36.5C thermal@28.75C
2023-08-25 01:35:02 RAM 3581/3956MB (lfb 2x1MB) SWAP 908/4026MB (cached 75MB) CPU [13%@1224,11%@1224,9%@1224,8%@1224] EMC_FREQ 0% GR3D_FREQ 0% PLL@26C CPU@29C PMIC@50C GPU@26.5C AO@36C thermal@27.75C
2023-08-25 01:36:12 RAM 3720/3956MB (lfb 1x1MB) SWAP 945/4026MB (cached 72MB) CPU [7%@1224,5%@1224,4%@1224,1%@1224] EMC_FREQ 0% GR3D_FREQ 0% PLL@25.5C CPU@28.5C PMIC@50C GPU@27.5C AO@35.5C thermal@28.5C
2023-08-25 01:37:24 RAM 3705/3956MB (lfb 1x1MB) SWAP 1035/4026MB (cached 65MB) CPU [7%@1224,4%@1224,3%@1224,1%@1224] EMC_FREQ 0% GR3D_FREQ 0% PLL@25.5C CPU@28.5C PMIC@50C GPU@27.5C AO@36C thermal@28.5C
2023-08-25 01:38:13 RAM 3662/3956MB (lfb 1x1MB) SWAP 1145/4026MB (cached 57MB) CPU [7%@1224,3%@1224,3%@1224,4%@1224] EMC_FREQ 0% GR3D_FREQ 0% PLL@25C CPU@28C PMIC@50C GPU@27C AO@35C thermal@27.75C
2023-08-25 01:39:12 RAM 3614/3956MB (lfb 1x1MB) SWAP 1211/4026MB (cached 42MB) CPU [6%@1479,4%@1479,2%@1479,1%@1479] EMC_FREQ 0% GR3D_FREQ 0% PLL@25C CPU@28C PMIC@50C GPU@27C AO@34.5C thermal@27C
2023-08-25 01:40:12 RAM 3445/3956MB (lfb 3x2MB) SWAP 1187/4026MB (cached 42MB) CPU [7%@1224,5%@1224,3%@1224,2%@1224] EMC_FREQ 0% GR3D_FREQ 0% PLL@25C CPU@27.5C PMIC@50C GPU@25.5C AO@35C thermal@27.25C
