2023-08-31 05:52:55 RAM 2826/3956MB (lfb 3x512kB) SWAP 916/4026MB (cached 137MB) CPU [20%@1479,21%@1479,19%@1479,20%@1479] EMC_FREQ 0% GR3D_FREQ 0% PLL@27.5C CPU@32C PMIC@50C GPU@29.5C AO@38.5C thermal@29.5C
2023-08-31 05:53:59 RAM 3424/3956MB (lfb 1x1MB) SWAP 933/4026MB (cached 130MB) CPU [14%@1479,12%@1479,12%@1479,14%@1479] EMC_FREQ 0% GR3D_FREQ 0% PLL@27.5C CPU@31C PMIC@50C GPU@27.5C AO@38C thermal@29.5C
2023-08-31 05:55:04 RAM 3514/3956MB (lfb 2x1MB) SWAP 975/4026MB (cached 125MB) CPU [14%@204,9%@102,9%@102,6%@102] EMC_FREQ 0% GR3D_FREQ 0% PLL@26.5C CPU@28.5C PMIC@50C GPU@28.5C AO@37C thermal@28.25C
2023-08-31 05:56:01 RAM 3439/3956MB (lfb 4x2MB) SWAP 1091/4026MB (cached 114MB) CPU [15%@825,7%@825,13%@825,7%@825] EMC_FREQ 0% GR3D_FREQ 0% PLL@25.5C CPU@29C PMIC@50C GPU@27.5C AO@37C thermal@28.25C
2023-08-31 05:56:58 RAM 3444/3956MB (lfb 2x1MB) SWAP 1266/4026MB (cached 151MB) CPU [25%@1479,21%@1479,20%@1479,16%@1479] EMC_FREQ 0% GR3D_FREQ 0% PLL@26.5C CPU@31C PMIC@50C GPU@26C AO@37C thermal@27.75C
2023-08-31 05:57:57 RAM 3393/3956MB (lfb 3x2MB) SWAP 1384/4026MB (cached 156MB) CPU [20%@1479,12%@1479,16%@1479,12%@1479] EMC_FREQ 0% GR3D_FREQ 99% PLL@26.5C CPU@31C PMIC@50C GPU@28.5C AO@37.5C thermal@27.5C
2023-08-31 05:58:57 RAM 3363/3956MB (lfb 2x2MB) SWAP 1561/4026MB (cached 156MB) CPU [18%@102,12%@102,13%@102,13%@102] EMC_FREQ 0% GR3D_FREQ 0% PLL@26C CPU@29C PMIC@50C GPU@28C AO@37C thermal@28.5C
2023-08-31 05:59:58 RAM 3351/3956MB (lfb 1x2MB) SWAP 1623/4026MB (cached 160MB) CPU [18%@102,14%@102,13%@102,11%@102] EMC_FREQ 0% GR3D_FREQ 99% PLL@26C CPU@29C PMIC@50C GPU@27C AO@37C thermal@27.75C
2023-08-31 06:00:57 RAM 3362/3956MB (lfb 1x2MB) SWAP 1652/4026MB (cached 174MB) CPU [22%@403,17%@403,19%@204,19%@204] EMC_FREQ 0% GR3D_FREQ 95% PLL@30.5C CPU@33.5C PMIC@50C GPU@32C AO@41C thermal@33.25C
2023-08-31 06:01:57 RAM 3357/3956MB (lfb 1x2MB) SWAP 1678/4026MB (cached 173MB) CPU [24%@102,21%@102,22%@102,15%@102] EMC_FREQ 0% GR3D_FREQ 92% PLL@33C CPU@37C PMIC@50C GPU@35C AO@44C thermal@36.25C
2023-08-31 06:02:57 RAM 3347/3956MB (lfb 1x2MB) SWAP 1705/4026MB (cached 172MB) CPU [26%@1479,21%@1479,20%@1479,17%@1479] EMC_FREQ 0% GR3D_FREQ 99% PLL@36.5C CPU@40C PMIC@50C GPU@37.5C AO@47C thermal@38.25C
2023-08-31 06:03:57 RAM 3329/3956MB (lfb 6x1MB) SWAP 1731/4026MB (cached 156MB) CPU [23%@204,16%@204,14%@204,15%@204] EMC_FREQ 0% GR3D_FREQ 0% PLL@34C CPU@36.5C PMIC@50C GPU@36C AO@45C thermal@36.75C
2023-08-31 06:04:57 RAM 3286/3956MB (lfb 1x2MB) SWAP 1790/4026MB (cached 124MB) CPU [23%@1479,20%@1479,17%@1479,19%@1479] EMC_FREQ 0% GR3D_FREQ 99% PLL@34.5C CPU@38.5C PMIC@50C GPU@36C AO@45.5C thermal@37C
2023-08-31 06:05:57 RAM 3286/3956MB (lfb 1x2MB) SWAP 1790/4026MB (cached 125MB) CPU [21%@204,22%@204,21%@204,17%@204] EMC_FREQ 0% GR3D_FREQ 99% PLL@36C CPU@40.5C PMIC@50C GPU@38.5C AO@47.5C thermal@39.75C
2023-08-31 06:06:57 RAM 3283/3956MB (lfb 2x2MB) SWAP 1791/4026MB (cached 125MB) CPU [18%@1479,22%@1479,22%@1479,20%@1479] EMC_FREQ 0% GR3D_FREQ 99% PLL@39C CPU@42.5C PMIC@50C GPU@40C AO@50C thermal@42C
2023-08-31 06:07:57 RAM 3292/3956MB (lfb 2x2MB) SWAP 1794/4026MB (cached 129MB) CPU [23%@102,21%@102,21%@102,21%@204] EMC_FREQ 0% GR3D_FREQ 99% PLL@39.5C CPU@43.5C PMIC@50C GPU@42C AO@51C thermal@42.5C
2023-08-31 06:08:57 RAM 3293/3956MB (lfb 2x2MB) SWAP 1795/4026MB (cached 129MB) CPU [28%@102,20%@102,22%@102,20%@102] EMC_FREQ 0% GR3D_FREQ 99% PLL@40.5C CPU@44.5C PMIC@50C GPU@42.5C AO@51.5C thermal@43.75C
2023-08-31 06:09:57 RAM 3305/3956MB (lfb 1x2MB) SWAP 1794/4026MB (cached 128MB) CPU [21%@1479,24%@1479,23%@1479,17%@1479] EMC_FREQ 0% GR3D_FREQ 99% PLL@42C CPU@46C PMIC@50C GPU@43.5C AO@53C thermal@44.5C
2023-08-31 06:10:57 RAM 3304/3956MB (lfb 2x2MB) SWAP 1793/4026MB (cached 129MB) CPU [18%@1479,22%@1479,23%@1479,18%@1479] EMC_FREQ 0% GR3D_FREQ 99% PLL@42.5C CPU@46C PMIC@50C GPU@43.5C AO@54C thermal@44.75C
2023-08-31 06:11:57 RAM 3308/3956MB (lfb 2x2MB) SWAP 1792/4026MB (cached 128MB) CPU [22%@204,21%@204,20%@204,20%@204] EMC_FREQ 0% GR3D_FREQ 99% PLL@42C CPU@47C PMIC@50C GPU@44.5C AO@53.5C thermal@45C
2023-08-31 06:12:57 RAM 3313/3956MB (lfb 2x2MB) SWAP 1792/4026MB (cached 128MB) CPU [21%@102,19%@102,22%@102,19%@102] EMC_FREQ 0% GR3D_FREQ 99% PLL@42.5C CPU@47C PMIC@50C GPU@44.5C AO@54C thermal@46C
2023-08-31 06:13:57 RAM 3308/3956MB (lfb 1x2MB) SWAP 1789/4026MB (cached 126MB) CPU [23%@1479,23%@1479,21%@1479,18%@1479] EMC_FREQ 0% GR3D_FREQ 99% PLL@43C CPU@49C PMIC@50C GPU@45C AO@54.5C thermal@46.75C
2023-08-31 06:14:57 RAM 3316/3956MB (lfb 1x2MB) SWAP 1788/4026MB (cached 126MB) CPU [21%@1479,20%@1479,21%@1479,21%@1479] EMC_FREQ 0% GR3D_FREQ 95% PLL@43C CPU@48C PMIC@50C GPU@45C AO@54.5C thermal@46C
2023-08-31 06:15:57 RAM 3302/3956MB (lfb 2x2MB) SWAP 1803/4026MB (cached 127MB) CPU [21%@1479,21%@1479,22%@1479,20%@1479] EMC_FREQ 0% GR3D_FREQ 99% PLL@43.5C CPU@47.5C PMIC@50C GPU@45C AO@55C thermal@45.75C
2023-08-31 06:16:57 RAM 3308/3956MB (lfb 2x2MB) SWAP 1802/4026MB (cached 127MB) CPU [20%@307,20%@307,21%@307,20%@307] EMC_FREQ 0% GR3D_FREQ 99% PLL@43C CPU@47.5C PMIC@50C GPU@45C AO@55C thermal@46.5C
2023-08-31 06:17:57 RAM 3312/3956MB (lfb 2x2MB) SWAP 1800/4026MB (cached 127MB) CPU [20%@403,21%@403,22%@403,19%@403] EMC_FREQ 0% GR3D_FREQ 99% PLL@43.5C CPU@47.5C PMIC@50C GPU@45C AO@55C thermal@46.75C
2023-08-31 06:18:57 RAM 3310/3956MB (lfb 2x2MB) SWAP 1804/4026MB (cached 127MB) CPU [22%@204,19%@204,24%@204,21%@204] EMC_FREQ 0% GR3D_FREQ 99% PLL@43.5C CPU@47.5C PMIC@50C GPU@45.5C AO@55C thermal@46.5C
2023-08-31 06:19:57 RAM 3312/3956MB (lfb 3x2MB) SWAP 1721/4026MB (cached 120MB) CPU [17%@614,14%@614,16%@614,14%@614] EMC_FREQ 0% GR3D_FREQ 0% PLL@40C CPU@43C PMIC@50C GPU@40.5C AO@52C thermal@42.75C
2023-08-31 06:20:57 RAM 1945/3956MB (lfb 2x4MB) SWAP 1124/4026MB (cached 116MB) CPU [9%@102,8%@102,11%@102,5%@102] EMC_FREQ 0% GR3D_FREQ 0% PLL@36C CPU@39.5C PMIC@50C GPU@39C AO@47C thermal@39C
2023-08-31 06:21:57 RAM 1662/3956MB (lfb 2x4MB) SWAP 842/4026MB (cached 65MB) CPU [19%@1479,18%@1479,15%@1479,15%@1479] EMC_FREQ 0% GR3D_FREQ 0% PLL@34.5C CPU@38C PMIC@50C GPU@34.5C AO@45C thermal@36.5C
