2023-09-01 03:25:18 RAM 2151/3956MB (lfb 109x4MB) SWAP 5/4026MB (cached 0MB) CPU [19%@1479,21%@1479,18%@1479,18%@1479] EMC_FREQ 0% GR3D_FREQ 0% PLL@30.5C CPU@35C PMIC@50C GPU@30C AO@40.5C thermal@32.5C
2023-09-01 03:26:18 RAM 2646/3956MB (lfb 53x4MB) SWAP 40/4026MB (cached 0MB) CPU [17%@1224,14%@1224,16%@1224,13%@1224] EMC_FREQ 0% GR3D_FREQ 0% PLL@29C CPU@32.5C PMIC@50C GPU@29.5C AO@39.5C thermal@32C
2023-09-01 03:27:22 RAM 3327/3956MB (lfb 53x4MB) SWAP 157/4026MB (cached 3MB) CPU [11%@1479,10%@1479,11%@1479,8%@1479] EMC_FREQ 0% GR3D_FREQ 0% PLL@28C CPU@31.5C PMIC@50C GPU@30C AO@38.5C thermal@30.25C
2023-09-01 03:28:26 RAM 3456/3956MB (lfb 53x4MB) SWAP 305/4026MB (cached 7MB) CPU [9%@1224,6%@1224,5%@1224,3%@1224] EMC_FREQ 0% GR3D_FREQ 0% PLL@27.5C CPU@31C PMIC@50C GPU@27.5C AO@38C thermal@30C
2023-09-01 03:29:28 RAM 3437/3956MB (lfb 57x4MB) SWAP 428/4026MB (cached 5MB) CPU [6%@1224,5%@1224,2%@1224,1%@1224] EMC_FREQ 0% GR3D_FREQ 0% PLL@27C CPU@30C PMIC@50C GPU@29C AO@37.5C thermal@28.75C
2023-09-01 03:30:37 RAM 3577/3956MB (lfb 1x2MB) SWAP 556/4026MB (cached 12MB) CPU [6%@1224,4%@1224,5%@1224,1%@1224] EMC_FREQ 0% GR3D_FREQ 0% PLL@27C CPU@30C PMIC@50C GPU@29C AO@38C thermal@29.25C
2023-09-01 03:31:29 RAM 3574/3956MB (lfb 16x2MB) SWAP 699/4026MB (cached 8MB) CPU [6%@1479,3%@1479,3%@1479,3%@1479] EMC_FREQ 0% GR3D_FREQ 0% PLL@27C CPU@29.5C PMIC@50C GPU@27C AO@37.5C thermal@29C
2023-09-01 03:32:26 RAM 3454/3956MB (lfb 1x4MB) SWAP 908/4026MB (cached 28MB) CPU [7%@1224,6%@1224,3%@1224,3%@1224] EMC_FREQ 0% GR3D_FREQ 0% PLL@26.5C CPU@29C PMIC@50C GPU@28.5C AO@37C thermal@28.5C
2023-09-01 03:33:24 RAM 3470/3956MB (lfb 17x2MB) SWAP 1132/4026MB (cached 34MB) CPU [13%@1224,11%@1224,12%@1224,5%@1224] EMC_FREQ 0% GR3D_FREQ 0% PLL@27C CPU@30.5C PMIC@50C GPU@29C AO@38C thermal@29C
2023-09-01 03:34:24 RAM 3428/3956MB (lfb 18x2MB) SWAP 1254/4026MB (cached 36MB) CPU [9%@1224,6%@1224,5%@1224,2%@1224] EMC_FREQ 0% GR3D_FREQ 0% PLL@27C CPU@30C PMIC@50C GPU@27.5C AO@37.5C thermal@28.25C
2023-09-01 03:35:24 RAM 3416/3956MB (lfb 20x2MB) SWAP 1388/4026MB (cached 77MB) CPU [19%@1479,17%@1479,18%@1479,16%@1479] EMC_FREQ 0% GR3D_FREQ 0% PLL@28.5C CPU@31.5C PMIC@50C GPU@29C AO@39.5C thermal@30.75C
2023-09-01 03:36:24 RAM 3397/3956MB (lfb 20x2MB) SWAP 1423/4026MB (cached 88MB) CPU [23%@1224,23%@1224,24%@1224,18%@1224] EMC_FREQ 0% GR3D_FREQ 99% PLL@32.5C CPU@35.5C PMIC@50C GPU@33.5C AO@43C thermal@35.25C
2023-09-01 03:37:24 RAM 3404/3956MB (lfb 20x2MB) SWAP 1422/4026MB (cached 88MB) CPU [20%@1224,21%@1224,25%@1224,20%@1224] EMC_FREQ 0% GR3D_FREQ 99% PLL@34C CPU@38C PMIC@50C GPU@36C AO@45.5C thermal@37C
2023-09-01 03:38:24 RAM 3425/3956MB (lfb 1x2MB) SWAP 1417/4026MB (cached 106MB) CPU [18%@1479,16%@1479,18%@1479,13%@1479] EMC_FREQ 0% GR3D_FREQ 92% PLL@35.5C CPU@39C PMIC@50C GPU@36.5C AO@46.5C thermal@37.75C
2023-09-01 03:39:24 RAM 3420/3956MB (lfb 2x2MB) SWAP 1425/4026MB (cached 105MB) CPU [27%@1479,20%@1479,22%@1479,15%@1479] EMC_FREQ 0% GR3D_FREQ 99% PLL@37.5C CPU@41.5C PMIC@50C GPU@38.5C AO@48.5C thermal@39.5C
2023-09-01 03:40:24 RAM 3418/3956MB (lfb 2x2MB) SWAP 1429/4026MB (cached 105MB) CPU [19%@1326,20%@1326,23%@1326,22%@1326] EMC_FREQ 0% GR3D_FREQ 99% PLL@38C CPU@42.5C PMIC@50C GPU@39.5C AO@49.5C thermal@40.5C
2023-09-01 03:41:24 RAM 3415/3956MB (lfb 2x2MB) SWAP 1432/4026MB (cached 105MB) CPU [21%@1479,21%@1479,23%@1479,20%@1479] EMC_FREQ 0% GR3D_FREQ 99% PLL@39.5C CPU@44C PMIC@50C GPU@41C AO@50.5C thermal@41.75C
2023-09-01 03:42:24 RAM 3409/3956MB (lfb 3x2MB) SWAP 1445/4026MB (cached 107MB) CPU [21%@1224,21%@1224,26%@1224,23%@1224] EMC_FREQ 0% GR3D_FREQ 88% PLL@39.5C CPU@43.5C PMIC@50C GPU@41C AO@51C thermal@42.5C
2023-09-01 03:43:24 RAM 3412/3956MB (lfb 1x2MB) SWAP 1442/4026MB (cached 105MB) CPU [17%@1224,18%@1224,20%@1224,22%@1224] EMC_FREQ 0% GR3D_FREQ 99% PLL@40.5C CPU@44.5C PMIC@50C GPU@42C AO@51.5C thermal@43.5C
2023-09-01 03:44:24 RAM 3410/3956MB (lfb 2x2MB) SWAP 1449/4026MB (cached 105MB) CPU [20%@1224,17%@1224,20%@1224,20%@1224] EMC_FREQ 0% GR3D_FREQ 98% PLL@40.5C CPU@45C PMIC@50C GPU@42.5C AO@52C thermal@43.75C
2023-09-01 03:45:24 RAM 3407/3956MB (lfb 2x2MB) SWAP 1450/4026MB (cached 105MB) CPU [20%@1479,19%@1479,20%@1479,21%@1479] EMC_FREQ 0% GR3D_FREQ 68% PLL@41C CPU@45C PMIC@50C GPU@42.5C AO@52.5C thermal@44.25C
2023-09-01 03:46:24 RAM 3403/3956MB (lfb 2x2MB) SWAP 1455/4026MB (cached 105MB) CPU [19%@1479,21%@1479,17%@1479,19%@1479] EMC_FREQ 0% GR3D_FREQ 88% PLL@41.5C CPU@45.5C PMIC@50C GPU@43C AO@52.5C thermal@44.25C
2023-09-01 03:47:24 RAM 3402/3956MB (lfb 2x2MB) SWAP 1454/4026MB (cached 105MB) CPU [20%@1224,19%@1224,26%@1224,21%@1224] EMC_FREQ 0% GR3D_FREQ 99% PLL@41.5C CPU@46C PMIC@50C GPU@43C AO@52.5C thermal@44.25C
2023-09-01 03:48:24 RAM 3372/3956MB (lfb 2x2MB) SWAP 1498/4026MB (cached 105MB) CPU [24%@1479,19%@1479,26%@1479,23%@1479] EMC_FREQ 0% GR3D_FREQ 99% PLL@42C CPU@46.5C PMIC@50C GPU@43.5C AO@53.5C thermal@44.25C
2023-09-01 03:49:24 RAM 3374/3956MB (lfb 2x2MB) SWAP 1497/4026MB (cached 105MB) CPU [23%@1479,19%@1479,18%@1479,19%@1479] EMC_FREQ 0% GR3D_FREQ 99% PLL@42.5C CPU@47C PMIC@50C GPU@43.5C AO@53.5C thermal@45.5C
2023-09-01 03:50:24 RAM 3369/3956MB (lfb 2x2MB) SWAP 1497/4026MB (cached 105MB) CPU [20%@1224,19%@1224,23%@1224,22%@1224] EMC_FREQ 0% GR3D_FREQ 99% PLL@42C CPU@47.5C PMIC@50C GPU@43.5C AO@54C thermal@45C
2023-09-01 03:51:24 RAM 3375/3956MB (lfb 2x2MB) SWAP 1497/4026MB (cached 106MB) CPU [19%@1224,19%@1224,22%@1224,19%@1224] EMC_FREQ 0% GR3D_FREQ 99% PLL@42.5C CPU@47C PMIC@50C GPU@44C AO@53.5C thermal@45C
2023-09-01 03:52:24 RAM 3376/3956MB (lfb 2x2MB) SWAP 1496/4026MB (cached 106MB) CPU [23%@1479,20%@1479,20%@1479,19%@1479] EMC_FREQ 0% GR3D_FREQ 99% PLL@43C CPU@46.5C PMIC@50C GPU@43.5C AO@53.5C thermal@45C
2023-09-01 03:53:24 RAM 3381/3956MB (lfb 2x2MB) SWAP 1495/4026MB (cached 106MB) CPU [18%@1224,19%@1224,22%@1224,22%@1224] EMC_FREQ 0% GR3D_FREQ 99% PLL@42C CPU@46C PMIC@50C GPU@44C AO@53C thermal@45C
2023-09-01 03:54:24 RAM 3413/3956MB (lfb 2x2MB) SWAP 1482/4026MB (cached 137MB) CPU [17%@1224,20%@1224,21%@1224,18%@1224] EMC_FREQ 0% GR3D_FREQ 99% PLL@42C CPU@46C PMIC@50C GPU@43C AO@53C thermal@44.75C
2023-09-01 03:55:24 RAM 3404/3956MB (lfb 7x2MB) SWAP 1488/4026MB (cached 137MB) CPU [17%@1479,19%@1479,26%@1479,21%@1479] EMC_FREQ 0% GR3D_FREQ 85% PLL@42.5C CPU@46.5C PMIC@50C GPU@43.5C AO@53.5C thermal@45C
2023-09-01 03:56:24 RAM 3408/3956MB (lfb 7x2MB) SWAP 1487/4026MB (cached 137MB) CPU [20%@1479,18%@1479,23%@1479,21%@1479] EMC_FREQ 0% GR3D_FREQ 99% PLL@42C CPU@47C PMIC@50C GPU@44C AO@53C thermal@45C
2023-09-01 03:57:24 RAM 3404/3956MB (lfb 10x2MB) SWAP 1487/4026MB (cached 137MB) CPU [20%@1479,19%@1479,21%@1479,19%@1479] EMC_FREQ 0% GR3D_FREQ 99% PLL@42.5C CPU@47.5C PMIC@50C GPU@44C AO@53.5C thermal@44.25C
2023-09-01 03:58:24 RAM 3409/3956MB (lfb 10x2MB) SWAP 1487/4026MB (cached 137MB) CPU [21%@1479,17%@1479,24%@1479,21%@1479] EMC_FREQ 0% GR3D_FREQ 99% PLL@42.5C CPU@47C PMIC@50C GPU@43.5C AO@53C thermal@45.25C
2023-09-01 03:59:24 RAM 3412/3956MB (lfb 8x2MB) SWAP 1487/4026MB (cached 137MB) CPU [18%@1479,20%@1479,21%@1479,21%@1479] EMC_FREQ 0% GR3D_FREQ 99% PLL@42.5C CPU@46C PMIC@50C GPU@44C AO@53.5C thermal@45.25C
2023-09-01 04:00:24 RAM 3407/3956MB (lfb 1x4MB) SWAP 1486/4026MB (cached 138MB) CPU [20%@1479,21%@1479,19%@1479,20%@1479] EMC_FREQ 0% GR3D_FREQ 99% PLL@42C CPU@46C PMIC@50C GPU@43.5C AO@53.5C thermal@44.75C
2023-09-01 04:01:24 RAM 3412/3956MB (lfb 1x4MB) SWAP 1486/4026MB (cached 138MB) CPU [24%@1479,20%@1479,19%@1479,19%@1479] EMC_FREQ 0% GR3D_FREQ 99% PLL@42C CPU@46C PMIC@50C GPU@43.5C AO@53.5C thermal@44.75C
2023-09-01 04:02:24 RAM 3417/3956MB (lfb 1x4MB) SWAP 1484/4026MB (cached 139MB) CPU [21%@403,21%@403,24%@403,25%@403] EMC_FREQ 0% GR3D_FREQ 99% PLL@42C CPU@45.5C PMIC@50C GPU@43.5C AO@52.5C thermal@45.25C
2023-09-01 04:03:24 RAM 3419/3956MB (lfb 1x4MB) SWAP 1483/4026MB (cached 139MB) CPU [27%@1224,25%@1224,28%@1224,22%@1224] EMC_FREQ 0% GR3D_FREQ 99% PLL@41.5C CPU@45.5C PMIC@50C GPU@43.5C AO@52.5C thermal@44.25C
2023-09-01 04:04:24 RAM 3423/3956MB (lfb 1x4MB) SWAP 1480/4026MB (cached 139MB) CPU [29%@1479,18%@1479,19%@1479,16%@1479] EMC_FREQ 0% GR3D_FREQ 99% PLL@42C CPU@46.5C PMIC@50C GPU@43C AO@53C thermal@44C
2023-09-01 04:05:24 RAM 3415/3956MB (lfb 1x4MB) SWAP 1480/4026MB (cached 139MB) CPU [21%@1479,20%@1479,20%@1479,17%@1479] EMC_FREQ 0% GR3D_FREQ 99% PLL@42C CPU@47C PMIC@50C GPU@44C AO@53C thermal@44.5C
2023-09-01 04:06:24 RAM 3419/3956MB (lfb 1x4MB) SWAP 1480/4026MB (cached 139MB) CPU [22%@1479,18%@1479,20%@1479,22%@1479] EMC_FREQ 0% GR3D_FREQ 99% PLL@42C CPU@47C PMIC@50C GPU@43.5C AO@53C thermal@44.5C
2023-09-01 04:07:24 RAM 3416/3956MB (lfb 1x4MB) SWAP 1480/4026MB (cached 139MB) CPU [18%@1224,19%@1224,25%@1224,22%@1224] EMC_FREQ 0% GR3D_FREQ 99% PLL@42C CPU@46C PMIC@50C GPU@43.5C AO@53C thermal@44.75C
2023-09-01 04:08:24 RAM 3419/3956MB (lfb 1x4MB) SWAP 1480/4026MB (cached 140MB) CPU [19%@1224,19%@1224,22%@1224,18%@1224] EMC_FREQ 0% GR3D_FREQ 99% PLL@42C CPU@45.5C PMIC@50C GPU@43.5C AO@53C thermal@44.25C
2023-09-01 04:09:24 RAM 3418/3956MB (lfb 1x4MB) SWAP 1480/4026MB (cached 140MB) CPU [21%@1224,20%@1224,21%@1224,20%@1224] EMC_FREQ 0% GR3D_FREQ 92% PLL@42C CPU@45.5C PMIC@50C GPU@43.5C AO@53C thermal@45.25C
2023-09-01 04:10:24 RAM 3421/3956MB (lfb 1x4MB) SWAP 1480/4026MB (cached 140MB) CPU [20%@1224,18%@1224,18%@1224,21%@1224] EMC_FREQ 0% GR3D_FREQ 99% PLL@42C CPU@46C PMIC@50C GPU@44C AO@53C thermal@45.25C
2023-09-01 04:11:24 RAM 3424/3956MB (lfb 1x4MB) SWAP 1479/4026MB (cached 140MB) CPU [19%@1224,18%@1224,23%@1224,19%@1224] EMC_FREQ 0% GR3D_FREQ 99% PLL@41.5C CPU@46C PMIC@50C GPU@43C AO@52.5C thermal@45.25C
2023-09-01 04:12:24 RAM 3418/3956MB (lfb 1x4MB) SWAP 1479/4026MB (cached 140MB) CPU [19%@1479,17%@1479,23%@1479,23%@1479] EMC_FREQ 0% GR3D_FREQ 99% PLL@42C CPU@47C PMIC@50C GPU@43.5C AO@53.5C thermal@44.5C
2023-09-01 04:13:24 RAM 3423/3956MB (lfb 1x4MB) SWAP 1478/4026MB (cached 140MB) CPU [17%@1479,19%@1479,19%@1479,19%@1479] EMC_FREQ 0% GR3D_FREQ 87% PLL@42.5C CPU@46.5C PMIC@50C GPU@43.5C AO@53C thermal@44.5C
2023-09-01 04:14:24 RAM 3420/3956MB (lfb 1x4MB) SWAP 1478/4026MB (cached 140MB) CPU [19%@1224,17%@1224,21%@1224,21%@1224] EMC_FREQ 0% GR3D_FREQ 95% PLL@41.5C CPU@45.5C PMIC@50C GPU@43.5C AO@52.5C thermal@44.25C
2023-09-01 04:15:24 RAM 3423/3956MB (lfb 1x4MB) SWAP 1478/4026MB (cached 140MB) CPU [27%@1224,19%@1224,19%@1224,14%@1224] EMC_FREQ 0% GR3D_FREQ 99% PLL@41.5C CPU@45.5C PMIC@50C GPU@43C AO@52.5C thermal@44.75C
2023-09-01 04:16:24 RAM 3441/3956MB (lfb 1x4MB) SWAP 1478/4026MB (cached 140MB) CPU [24%@1479,19%@1479,20%@1479,18%@1479] EMC_FREQ 0% GR3D_FREQ 99% PLL@42C CPU@46.5C PMIC@50C GPU@43.5C AO@53C thermal@44.5C
2023-09-01 04:17:24 RAM 3427/3956MB (lfb 1x4MB) SWAP 1477/4026MB (cached 141MB) CPU [17%@1479,24%@1479,24%@1479,20%@1479] EMC_FREQ 0% GR3D_FREQ 99% PLL@42.5C CPU@47.5C PMIC@50C GPU@44C AO@53.5C thermal@44.75C
2023-09-01 04:18:24 RAM 3432/3956MB (lfb 1x4MB) SWAP 1477/4026MB (cached 141MB) CPU [20%@1224,21%@1224,20%@1224,20%@1224] EMC_FREQ 0% GR3D_FREQ 99% PLL@42.5C CPU@46C PMIC@50C GPU@44C AO@53.5C thermal@45.5C
2023-09-01 04:19:24 RAM 3425/3956MB (lfb 1x4MB) SWAP 1477/4026MB (cached 140MB) CPU [21%@1224,18%@1224,24%@1224,20%@1224] EMC_FREQ 0% GR3D_FREQ 99% PLL@42C CPU@45.5C PMIC@50C GPU@43.5C AO@53C thermal@45.75C
2023-09-01 04:20:24 RAM 3429/3956MB (lfb 1x4MB) SWAP 1477/4026MB (cached 140MB) CPU [19%@1479,19%@1479,23%@1479,23%@1479] EMC_FREQ 0% GR3D_FREQ 99% PLL@43C CPU@47C PMIC@50C GPU@44C AO@53.5C thermal@44.75C
2023-09-01 04:21:24 RAM 3432/3956MB (lfb 1x4MB) SWAP 1477/4026MB (cached 141MB) CPU [18%@1479,20%@1479,21%@1479,20%@1479] EMC_FREQ 0% GR3D_FREQ 99% PLL@42.5C CPU@46C PMIC@50C GPU@44C AO@54C thermal@45.5C
2023-09-01 04:22:24 RAM 3428/3956MB (lfb 1x4MB) SWAP 1477/4026MB (cached 141MB) CPU [21%@1479,22%@1479,21%@1479,20%@1479] EMC_FREQ 0% GR3D_FREQ 99% PLL@42.5C CPU@47.5C PMIC@50C GPU@44C AO@54C thermal@45.5C
2023-09-01 04:23:24 RAM 3435/3956MB (lfb 1x4MB) SWAP 1477/4026MB (cached 141MB) CPU [21%@1479,20%@1479,20%@1479,23%@1479] EMC_FREQ 0% GR3D_FREQ 99% PLL@42.5C CPU@48C PMIC@50C GPU@44.5C AO@54C thermal@46.25C
2023-09-01 04:24:24 RAM 3431/3956MB (lfb 1x4MB) SWAP 1477/4026MB (cached 141MB) CPU [19%@1224,19%@1224,23%@1224,19%@1224] EMC_FREQ 0% GR3D_FREQ 99% PLL@42.5C CPU@46.5C PMIC@50C GPU@44C AO@53.5C thermal@45C
2023-09-01 04:25:24 RAM 3433/3956MB (lfb 1x4MB) SWAP 1477/4026MB (cached 141MB) CPU [19%@1224,22%@1224,22%@1224,20%@1224] EMC_FREQ 0% GR3D_FREQ 99% PLL@42.5C CPU@46.5C PMIC@50C GPU@44C AO@53.5C thermal@46.25C
2023-09-01 04:26:24 RAM 3433/3956MB (lfb 1x4MB) SWAP 1477/4026MB (cached 141MB) CPU [17%@1479,23%@1479,21%@1479,19%@1479] EMC_FREQ 0% GR3D_FREQ 99% PLL@42.5C CPU@47C PMIC@50C GPU@44.5C AO@54C thermal@45.25C
2023-09-01 04:27:24 RAM 3425/3956MB (lfb 1x4MB) SWAP 1477/4026MB (cached 141MB) CPU [22%@1224,20%@1224,24%@1224,21%@1224] EMC_FREQ 0% GR3D_FREQ 99% PLL@42.5C CPU@47.5C PMIC@50C GPU@44.5C AO@54C thermal@45.5C
2023-09-01 04:28:24 RAM 3428/3956MB (lfb 1x4MB) SWAP 1477/4026MB (cached 141MB) CPU [26%@1479,20%@1479,21%@1479,16%@1479] EMC_FREQ 0% GR3D_FREQ 99% PLL@42.5C CPU@47.5C PMIC@50C GPU@44.5C AO@54C thermal@46C
2023-09-01 04:29:24 RAM 3426/3956MB (lfb 1x4MB) SWAP 1477/4026MB (cached 141MB) CPU [22%@1224,19%@1224,22%@1224,18%@1224] EMC_FREQ 0% GR3D_FREQ 99% PLL@42.5C CPU@46.5C PMIC@50C GPU@44C AO@54C thermal@45.25C
2023-09-01 04:30:24 RAM 3428/3956MB (lfb 1x4MB) SWAP 1477/4026MB (cached 141MB) CPU [19%@1224,20%@1224,23%@1224,21%@1224] EMC_FREQ 0% GR3D_FREQ 99% PLL@42.5C CPU@47.5C PMIC@50C GPU@44C AO@54C thermal@45.5C
2023-09-01 04:31:24 RAM 3431/3956MB (lfb 1x4MB) SWAP 1477/4026MB (cached 141MB) CPU [19%@1224,19%@1224,23%@1224,22%@1224] EMC_FREQ 0% GR3D_FREQ 99% PLL@42C CPU@47C PMIC@50C GPU@44C AO@53.5C thermal@45C
2023-09-01 04:32:24 RAM 3428/3956MB (lfb 1x4MB) SWAP 1477/4026MB (cached 141MB) CPU [23%@1479,20%@1479,21%@1479,18%@1479] EMC_FREQ 0% GR3D_FREQ 99% PLL@43C CPU@46.5C PMIC@50C GPU@44C AO@54C thermal@45.25C
2023-09-01 04:33:24 RAM 3431/3956MB (lfb 1x4MB) SWAP 1477/4026MB (cached 141MB) CPU [23%@1479,19%@1479,20%@1479,20%@1479] EMC_FREQ 0% GR3D_FREQ 99% PLL@43C CPU@47C PMIC@50C GPU@44.5C AO@54C thermal@46C
2023-09-01 04:34:24 RAM 3427/3956MB (lfb 1x4MB) SWAP 1477/4026MB (cached 141MB) CPU [18%@1224,20%@1224,21%@1224,20%@1224] EMC_FREQ 0% GR3D_FREQ 99% PLL@42.5C CPU@47C PMIC@50C GPU@44.5C AO@53.5C thermal@45.5C
2023-09-01 04:35:24 RAM 3431/3956MB (lfb 1x4MB) SWAP 1477/4026MB (cached 141MB) CPU [19%@1479,23%@1479,22%@1479,18%@1479] EMC_FREQ 0% GR3D_FREQ 99% PLL@42.5C CPU@46.5C PMIC@50C GPU@44C AO@54C thermal@45.5C
2023-09-01 04:36:24 RAM 3425/3956MB (lfb 1x4MB) SWAP 1477/4026MB (cached 141MB) CPU [20%@1224,25%@1224,21%@1224,20%@1224] EMC_FREQ 0% GR3D_FREQ 93% PLL@42C CPU@46.5C PMIC@50C GPU@44C AO@53.5C thermal@45.25C
2023-09-01 04:37:24 RAM 3429/3956MB (lfb 1x4MB) SWAP 1475/4026MB (cached 141MB) CPU [18%@1224,18%@1224,23%@1224,22%@1224] EMC_FREQ 0% GR3D_FREQ 99% PLL@42C CPU@46.5C PMIC@50C GPU@44.5C AO@54C thermal@46C
2023-09-01 04:38:24 RAM 3433/3956MB (lfb 1x4MB) SWAP 1475/4026MB (cached 141MB) CPU [19%@1479,19%@1479,23%@1479,23%@1479] EMC_FREQ 0% GR3D_FREQ 99% PLL@42.5C CPU@48C PMIC@50C GPU@44C AO@54C thermal@46.25C
2023-09-01 04:39:24 RAM 3428/3956MB (lfb 1x4MB) SWAP 1475/4026MB (cached 141MB) CPU [27%@1224,20%@1224,20%@1224,16%@1224] EMC_FREQ 0% GR3D_FREQ 99% PLL@42C CPU@46.5C PMIC@50C GPU@44C AO@54C thermal@45C
2023-09-01 04:40:24 RAM 3433/3956MB (lfb 1x4MB) SWAP 1475/4026MB (cached 141MB) CPU [20%@1479,18%@1479,20%@1479,20%@1479] EMC_FREQ 0% GR3D_FREQ 99% PLL@43C CPU@48C PMIC@50C GPU@44.5C AO@54.5C thermal@45.5C
2023-09-01 04:41:25 RAM 3476/3956MB (lfb 1x4MB) SWAP 1479/4026MB (cached 158MB) CPU [38%@1479,36%@1479,35%@1479,35%@1479] EMC_FREQ 0% GR3D_FREQ 0% PLL@42.5C CPU@48.5C PMIC@50C GPU@44C AO@54.5C thermal@46C
2023-09-01 04:42:24 RAM 3459/3956MB (lfb 1x4MB) SWAP 1479/4026MB (cached 158MB) CPU [25%@1479,27%@1479,23%@1479,21%@1479] EMC_FREQ 0% GR3D_FREQ 99% PLL@43.5C CPU@47.5C PMIC@50C GPU@45C AO@54.5C thermal@46C
2023-09-01 04:43:24 RAM 3457/3956MB (lfb 1x4MB) SWAP 1479/4026MB (cached 158MB) CPU [21%@1224,20%@1224,23%@1224,22%@1224] EMC_FREQ 0% GR3D_FREQ 99% PLL@43C CPU@46.5C PMIC@50C GPU@45C AO@54.5C thermal@46.5C
2023-09-01 04:44:24 RAM 3450/3956MB (lfb 1x4MB) SWAP 1479/4026MB (cached 158MB) CPU [23%@1479,22%@1479,25%@1479,25%@1479] EMC_FREQ 0% GR3D_FREQ 99% PLL@43.5C CPU@48C PMIC@50C GPU@45C AO@55C thermal@46.25C
2023-09-01 04:45:24 RAM 3451/3956MB (lfb 1x4MB) SWAP 1479/4026MB (cached 158MB) CPU [19%@1224,21%@1224,25%@1224,22%@1224] EMC_FREQ 0% GR3D_FREQ 99% PLL@44C CPU@48C PMIC@50C GPU@45C AO@55C thermal@46.75C
2023-09-01 04:46:24 RAM 3454/3956MB (lfb 1x4MB) SWAP 1480/4026MB (cached 158MB) CPU [22%@1479,20%@1479,25%@1479,24%@1479] EMC_FREQ 0% GR3D_FREQ 92% PLL@43.5C CPU@48C PMIC@50C GPU@45.5C AO@55C thermal@46C
2023-09-01 04:47:24 RAM 3450/3956MB (lfb 1x4MB) SWAP 1480/4026MB (cached 158MB) CPU [21%@1479,22%@1479,27%@1479,24%@1479] EMC_FREQ 0% GR3D_FREQ 99% PLL@43.5C CPU@48C PMIC@50C GPU@45C AO@54.5C thermal@46.25C
2023-09-01 04:48:24 RAM 3452/3956MB (lfb 1x4MB) SWAP 1482/4026MB (cached 158MB) CPU [22%@1479,20%@1479,24%@1479,22%@1479] EMC_FREQ 0% GR3D_FREQ 99% PLL@43.5C CPU@48C PMIC@50C GPU@45C AO@54.5C thermal@46C
2023-09-01 04:49:24 RAM 3455/3956MB (lfb 1x4MB) SWAP 1482/4026MB (cached 158MB) CPU [21%@1479,22%@1479,24%@1479,20%@1479] EMC_FREQ 0% GR3D_FREQ 51% PLL@43C CPU@47C PMIC@50C GPU@44C AO@54.5C thermal@45.75C
2023-09-01 04:50:24 RAM 3451/3956MB (lfb 1x4MB) SWAP 1482/4026MB (cached 158MB) CPU [19%@1224,20%@1224,25%@1224,23%@1224] EMC_FREQ 0% GR3D_FREQ 99% PLL@43C CPU@47.5C PMIC@50C GPU@45C AO@54.5C thermal@45.75C
2023-09-01 04:51:24 RAM 3457/3956MB (lfb 1x4MB) SWAP 1482/4026MB (cached 158MB) CPU [21%@1479,20%@1479,23%@1479,22%@1479] EMC_FREQ 0% GR3D_FREQ 99% PLL@43C CPU@47.5C PMIC@50C GPU@45C AO@54C thermal@46.5C
2023-09-01 04:52:24 RAM 3453/3956MB (lfb 1x4MB) SWAP 1482/4026MB (cached 158MB) CPU [18%@1479,28%@1479,24%@1479,24%@1479] EMC_FREQ 0% GR3D_FREQ 99% PLL@44C CPU@47.5C PMIC@50C GPU@45C AO@55C thermal@47C
2023-09-01 04:53:24 RAM 3455/3956MB (lfb 1x4MB) SWAP 1482/4026MB (cached 158MB) CPU [18%@1224,27%@1224,24%@1224,23%@1224] EMC_FREQ 0% GR3D_FREQ 99% PLL@43C CPU@47.5C PMIC@50C GPU@45C AO@55C thermal@47C
2023-09-01 04:54:24 RAM 3460/3956MB (lfb 1x4MB) SWAP 1483/4026MB (cached 158MB) CPU [19%@1479,22%@1479,23%@1479,23%@1479] EMC_FREQ 0% GR3D_FREQ 99% PLL@44.5C CPU@48.5C PMIC@50C GPU@45.5C AO@55.5C thermal@46.5C
2023-09-01 04:55:24 RAM 3453/3956MB (lfb 1x4MB) SWAP 1483/4026MB (cached 158MB) CPU [21%@1479,21%@1479,26%@1479,22%@1479] EMC_FREQ 0% GR3D_FREQ 99% PLL@44.5C CPU@48C PMIC@50C GPU@45.5C AO@55.5C thermal@46.75C
2023-09-01 04:56:24 RAM 3453/3956MB (lfb 1x4MB) SWAP 1483/4026MB (cached 158MB) CPU [19%@1224,24%@1224,24%@1224,22%@1224] EMC_FREQ 0% GR3D_FREQ 99% PLL@43.5C CPU@48C PMIC@50C GPU@45.5C AO@54.5C thermal@47C
2023-09-01 04:57:24 RAM 3460/3956MB (lfb 1x4MB) SWAP 1482/4026MB (cached 158MB) CPU [30%@1479,21%@1479,21%@1479,17%@1479] EMC_FREQ 0% GR3D_FREQ 99% PLL@44C CPU@48C PMIC@50C GPU@45C AO@55C thermal@46.75C
2023-09-01 04:58:24 RAM 3458/3956MB (lfb 1x4MB) SWAP 1482/4026MB (cached 158MB) CPU [23%@1479,20%@1479,24%@1479,24%@1479] EMC_FREQ 0% GR3D_FREQ 99% PLL@43.5C CPU@48C PMIC@50C GPU@45.5C AO@55C thermal@46.25C
2023-09-01 04:59:24 RAM 3462/3956MB (lfb 1x4MB) SWAP 1482/4026MB (cached 158MB) CPU [20%@1224,19%@1224,21%@1224,25%@1224] EMC_FREQ 0% GR3D_FREQ 99% PLL@43.5C CPU@48C PMIC@50C GPU@45.5C AO@55.5C thermal@46.5C
2023-09-01 05:00:24 RAM 3455/3956MB (lfb 1x4MB) SWAP 1482/4026MB (cached 158MB) CPU [23%@1224,20%@1224,22%@1224,26%@1224] EMC_FREQ 0% GR3D_FREQ 99% PLL@43.5C CPU@48C PMIC@50C GPU@45.5C AO@56C thermal@47.25C
2023-09-01 05:01:24 RAM 3457/3956MB (lfb 1x4MB) SWAP 1482/4026MB (cached 158MB) CPU [21%@1479,20%@1479,24%@1479,26%@1479] EMC_FREQ 0% GR3D_FREQ 99% PLL@44.5C CPU@48.5C PMIC@50C GPU@45.5C AO@55.5C thermal@46.75C
2023-09-01 05:02:24 RAM 3462/3956MB (lfb 1x4MB) SWAP 1482/4026MB (cached 158MB) CPU [19%@1224,24%@1224,24%@1224,21%@1224] EMC_FREQ 0% GR3D_FREQ 99% PLL@43.5C CPU@48.5C PMIC@50C GPU@45.5C AO@55.5C thermal@46.25C
2023-09-01 05:03:24 RAM 3456/3956MB (lfb 1x4MB) SWAP 1482/4026MB (cached 158MB) CPU [22%@1479,22%@1479,25%@1479,22%@1479] EMC_FREQ 0% GR3D_FREQ 99% PLL@43C CPU@48C PMIC@50C GPU@44.5C AO@55C thermal@46C
2023-09-01 05:04:24 RAM 3460/3956MB (lfb 1x4MB) SWAP 1482/4026MB (cached 158MB) CPU [21%@1224,24%@1224,23%@1224,24%@1224] EMC_FREQ 0% GR3D_FREQ 99% PLL@42.5C CPU@46.5C PMIC@50C GPU@44C AO@54C thermal@45.5C
2023-09-01 05:05:24 RAM 3463/3956MB (lfb 1x4MB) SWAP 1483/4026MB (cached 158MB) CPU [21%@1479,23%@1479,23%@1479,19%@1479] EMC_FREQ 0% GR3D_FREQ 95% PLL@42.5C CPU@46.5C PMIC@50C GPU@44.5C AO@54C thermal@46C
2023-09-01 05:06:24 RAM 3458/3956MB (lfb 1x4MB) SWAP 1482/4026MB (cached 158MB) CPU [23%@1479,24%@1479,23%@1479,20%@1479] EMC_FREQ 0% GR3D_FREQ 99% PLL@42.5C CPU@46C PMIC@50C GPU@44C AO@53.5C thermal@45.75C
2023-09-01 05:07:24 RAM 3461/3956MB (lfb 1x4MB) SWAP 1486/4026MB (cached 159MB) CPU [25%@1224,25%@1224,27%@1224,26%@1224] EMC_FREQ 0% GR3D_FREQ 99% PLL@42C CPU@47C PMIC@50C GPU@44C AO@53.5C thermal@44.75C
2023-09-01 05:08:24 RAM 3460/3956MB (lfb 1x4MB) SWAP 1486/4026MB (cached 159MB) CPU [23%@1479,21%@1479,23%@1479,23%@1479] EMC_FREQ 0% GR3D_FREQ 99% PLL@41.5C CPU@46C PMIC@50C GPU@43.5C AO@53C thermal@44.75C
2023-09-01 05:09:24 RAM 3455/3956MB (lfb 1x4MB) SWAP 1486/4026MB (cached 159MB) CPU [21%@1479,26%@1479,25%@1479,23%@1479] EMC_FREQ 0% GR3D_FREQ 99% PLL@42C CPU@46.5C PMIC@50C GPU@43.5C AO@53C thermal@44.75C
2023-09-01 05:10:24 RAM 3461/3956MB (lfb 1x4MB) SWAP 1486/4026MB (cached 159MB) CPU [21%@1224,23%@1224,23%@1224,22%@1224] EMC_FREQ 0% GR3D_FREQ 99% PLL@41.5C CPU@45C PMIC@50C GPU@43.5C AO@53C thermal@44.5C
2023-09-01 05:11:24 RAM 3464/3956MB (lfb 1x4MB) SWAP 1486/4026MB (cached 159MB) CPU [25%@1479,22%@1479,24%@1479,21%@1479] EMC_FREQ 0% GR3D_FREQ 99% PLL@42C CPU@45.5C PMIC@50C GPU@43.5C AO@53C thermal@44.75C
2023-09-01 05:12:24 RAM 3459/3956MB (lfb 1x4MB) SWAP 1486/4026MB (cached 159MB) CPU [24%@1224,19%@1224,27%@1224,24%@1224] EMC_FREQ 0% GR3D_FREQ 99% PLL@41C CPU@45.5C PMIC@50C GPU@43C AO@52.5C thermal@45C
2023-09-01 05:13:24 RAM 3458/3956MB (lfb 1x4MB) SWAP 1488/4026MB (cached 159MB) CPU [22%@1479,18%@1479,25%@1479,22%@1479] EMC_FREQ 0% GR3D_FREQ 99% PLL@42C CPU@47.5C PMIC@50C GPU@44C AO@53.5C thermal@45.25C
2023-09-01 05:14:24 RAM 3460/3956MB (lfb 1x4MB) SWAP 1496/4026MB (cached 158MB) CPU [21%@1224,24%@1224,25%@1224,22%@1224] EMC_FREQ 0% GR3D_FREQ 99% PLL@41.5C CPU@46C PMIC@50C GPU@43.5C AO@53C thermal@45C
2023-09-01 05:15:24 RAM 3455/3956MB (lfb 1x4MB) SWAP 1496/4026MB (cached 158MB) CPU [24%@1479,21%@1479,26%@1479,23%@1479] EMC_FREQ 0% GR3D_FREQ 99% PLL@42.5C CPU@46C PMIC@50C GPU@43.5C AO@53C thermal@44.75C
2023-09-01 05:16:24 RAM 3459/3956MB (lfb 1x4MB) SWAP 1496/4026MB (cached 158MB) CPU [20%@1326,21%@1326,26%@1326,22%@1326] EMC_FREQ 0% GR3D_FREQ 99% PLL@42C CPU@47C PMIC@50C GPU@44C AO@53.5C thermal@44.75C
2023-09-01 05:17:24 RAM 3457/3956MB (lfb 1x4MB) SWAP 1496/4026MB (cached 158MB) CPU [23%@1224,21%@1224,26%@1224,23%@1224] EMC_FREQ 0% GR3D_FREQ 95% PLL@42C CPU@46.5C PMIC@50C GPU@44C AO@53.5C thermal@45.25C
2023-09-01 05:18:24 RAM 3459/3956MB (lfb 1x4MB) SWAP 1499/4026MB (cached 158MB) CPU [21%@1224,22%@1224,25%@1224,21%@1224] EMC_FREQ 0% GR3D_FREQ 99% PLL@42C CPU@46.5C PMIC@50C GPU@44.5C AO@54C thermal@45.5C
2023-09-01 05:19:24 RAM 3460/3956MB (lfb 1x4MB) SWAP 1499/4026MB (cached 158MB) CPU [19%@1224,21%@1224,22%@1224,24%@1224] EMC_FREQ 0% GR3D_FREQ 99% PLL@42C CPU@46.5C PMIC@50C GPU@44C AO@54C thermal@45.5C
2023-09-01 05:20:24 RAM 3457/3956MB (lfb 1x4MB) SWAP 1499/4026MB (cached 158MB) CPU [22%@1479,23%@1479,25%@1479,20%@1479] EMC_FREQ 0% GR3D_FREQ 99% PLL@42C CPU@47C PMIC@50C GPU@44C AO@54C thermal@45.25C
2023-09-01 05:21:24 RAM 3461/3956MB (lfb 1x4MB) SWAP 1499/4026MB (cached 158MB) CPU [19%@1479,21%@1479,24%@1479,20%@1479] EMC_FREQ 0% GR3D_FREQ 99% PLL@42.5C CPU@47.5C PMIC@50C GPU@44C AO@54C thermal@45C
2023-09-01 05:22:24 RAM 3459/3956MB (lfb 1x4MB) SWAP 1499/4026MB (cached 158MB) CPU [23%@1224,26%@1224,27%@1224,25%@1224] EMC_FREQ 0% GR3D_FREQ 99% PLL@42.5C CPU@46.5C PMIC@50C GPU@44.5C AO@53.5C thermal@45.5C
2023-09-01 05:23:24 RAM 3465/3956MB (lfb 1x4MB) SWAP 1499/4026MB (cached 158MB) CPU [22%@1479,20%@1479,24%@1479,21%@1479] EMC_FREQ 0% GR3D_FREQ 99% PLL@44C CPU@48.5C PMIC@50C GPU@45.5C AO@56C thermal@46.75C
2023-09-01 05:24:24 RAM 3458/3956MB (lfb 1x4MB) SWAP 1499/4026MB (cached 158MB) CPU [26%@1224,22%@1224,22%@1224,20%@1224] EMC_FREQ 0% GR3D_FREQ 99% PLL@46.5C CPU@51C PMIC@50C GPU@49C AO@59C thermal@50C
2023-09-01 05:25:24 RAM 3460/3956MB (lfb 1x4MB) SWAP 1499/4026MB (cached 158MB) CPU [23%@1479,22%@1479,25%@1479,24%@1479] EMC_FREQ 0% GR3D_FREQ 97% PLL@48.5C CPU@52.5C PMIC@50C GPU@50.5C AO@60C thermal@51.5C
2023-09-01 05:26:24 RAM 3463/3956MB (lfb 1x4MB) SWAP 1499/4026MB (cached 158MB) CPU [20%@1224,26%@1224,25%@1224,26%@1224] EMC_FREQ 0% GR3D_FREQ 99% PLL@49.5C CPU@54C PMIC@50C GPU@51C AO@61C thermal@53C
2023-09-01 05:27:24 RAM 3462/3956MB (lfb 1x4MB) SWAP 1500/4026MB (cached 158MB) CPU [22%@1224,22%@1224,22%@1224,26%@1224] EMC_FREQ 0% GR3D_FREQ 99% PLL@51C CPU@55.5C PMIC@50C GPU@53C AO@63C thermal@54C
2023-09-01 05:28:24 RAM 3459/3956MB (lfb 1x4MB) SWAP 1500/4026MB (cached 158MB) CPU [23%@1224,23%@1224,21%@1224,26%@1224] EMC_FREQ 0% GR3D_FREQ 99% PLL@51C CPU@55.5C PMIC@50C GPU@53C AO@63C thermal@54.5C
2023-09-01 05:29:24 RAM 3460/3956MB (lfb 1x4MB) SWAP 1500/4026MB (cached 158MB) CPU [24%@1479,21%@1479,24%@1479,24%@1479] EMC_FREQ 0% GR3D_FREQ 99% PLL@51.5C CPU@55.5C PMIC@50C GPU@52.5C AO@63C thermal@53.75C
2023-09-01 05:30:24 RAM 3457/3956MB (lfb 1x4MB) SWAP 1500/4026MB (cached 158MB) CPU [21%@1224,25%@1224,23%@1224,24%@1224] EMC_FREQ 0% GR3D_FREQ 99% PLL@50C CPU@54.5C PMIC@50C GPU@52C AO@62C thermal@53C
2023-09-01 05:31:24 RAM 3461/3956MB (lfb 1x4MB) SWAP 1500/4026MB (cached 158MB) CPU [26%@1479,20%@1479,25%@1479,22%@1479] EMC_FREQ 0% GR3D_FREQ 99% PLL@50.5C CPU@55C PMIC@50C GPU@51C AO@62C thermal@53.25C
2023-09-01 05:32:24 RAM 3463/3956MB (lfb 1x4MB) SWAP 1500/4026MB (cached 158MB) CPU [27%@1479,20%@1479,21%@1479,25%@1479] EMC_FREQ 0% GR3D_FREQ 99% PLL@50.5C CPU@54.5C PMIC@50C GPU@51C AO@61.5C thermal@53C
2023-09-01 05:33:24 RAM 3459/3956MB (lfb 1x4MB) SWAP 1500/4026MB (cached 158MB) CPU [24%@1224,22%@1224,23%@1224,23%@1224] EMC_FREQ 0% GR3D_FREQ 99% PLL@49C CPU@53.5C PMIC@50C GPU@51.5C AO@61.5C thermal@52.75C
2023-09-01 05:34:24 RAM 3462/3956MB (lfb 1x4MB) SWAP 1500/4026MB (cached 158MB) CPU [21%@1224,22%@1224,27%@1224,23%@1224] EMC_FREQ 0% GR3D_FREQ 99% PLL@49C CPU@53.5C PMIC@50C GPU@51.5C AO@61C thermal@52.75C
2023-09-01 05:35:24 RAM 3456/3956MB (lfb 1x4MB) SWAP 1500/4026MB (cached 158MB) CPU [21%@1224,23%@1224,29%@1224,23%@1224] EMC_FREQ 0% GR3D_FREQ 99% PLL@49.5C CPU@54C PMIC@50C GPU@51.5C AO@61C thermal@52.75C
2023-09-01 05:36:24 RAM 3458/3956MB (lfb 1x4MB) SWAP 1500/4026MB (cached 158MB) CPU [23%@1479,23%@1479,22%@1479,23%@1479] EMC_FREQ 0% GR3D_FREQ 99% PLL@50C CPU@54C PMIC@50C GPU@51.5C AO@61.5C thermal@52.5C
2023-09-01 05:37:24 RAM 3460/3956MB (lfb 1x4MB) SWAP 1500/4026MB (cached 158MB) CPU [20%@1224,21%@1224,27%@1224,25%@1224] EMC_FREQ 0% GR3D_FREQ 99% PLL@49.5C CPU@53.5C PMIC@50C GPU@51C AO@61C thermal@52C
2023-09-01 05:38:24 RAM 3455/3956MB (lfb 1x4MB) SWAP 1500/4026MB (cached 158MB) CPU [23%@1224,21%@1224,23%@1224,23%@1224] EMC_FREQ 0% GR3D_FREQ 99% PLL@49C CPU@52.5C PMIC@50C GPU@50.5C AO@60.5C thermal@51.75C
2023-09-01 05:39:24 RAM 3510/3956MB (lfb 1x4MB) SWAP 1591/4026MB (cached 172MB) CPU [44%@1479,39%@1479,43%@1479,42%@1479] EMC_FREQ 0% GR3D_FREQ 99% PLL@48.5C CPU@52.5C PMIC@50C GPU@49.5C AO@59.5C thermal@50.75C
2023-09-01 05:40:24 RAM 3451/3956MB (lfb 1x4MB) SWAP 1637/4026MB (cached 161MB) CPU [36%@1479,36%@1479,34%@1479,33%@1479] EMC_FREQ 0% GR3D_FREQ 99% PLL@47C CPU@51.5C PMIC@50C GPU@48.5C AO@58.5C thermal@49.75C
2023-09-01 05:41:24 RAM 3434/3956MB (lfb 1x4MB) SWAP 1652/4026MB (cached 160MB) CPU [21%@1479,23%@1479,26%@1479,22%@1479] EMC_FREQ 0% GR3D_FREQ 99% PLL@47C CPU@51.5C PMIC@50C GPU@49.5C AO@58.5C thermal@50.5C
2023-09-01 05:42:24 RAM 3440/3956MB (lfb 1x4MB) SWAP 1653/4026MB (cached 160MB) CPU [20%@1224,19%@1224,19%@1224,21%@1224] EMC_FREQ 0% GR3D_FREQ 99% PLL@47C CPU@51C PMIC@50C GPU@48.5C AO@58.5C thermal@50.25C
2023-09-01 05:43:24 RAM 3441/3956MB (lfb 1x4MB) SWAP 1654/4026MB (cached 160MB) CPU [28%@1224,21%@1224,22%@1224,23%@1224] EMC_FREQ 0% GR3D_FREQ 99% PLL@47.5C CPU@52C PMIC@50C GPU@49.5C AO@59C thermal@50.25C
2023-09-01 05:44:24 RAM 3435/3956MB (lfb 1x4MB) SWAP 1654/4026MB (cached 160MB) CPU [27%@1479,20%@1479,23%@1479,22%@1479] EMC_FREQ 0% GR3D_FREQ 92% PLL@47.5C CPU@52C PMIC@50C GPU@49C AO@59C thermal@50.75C
2023-09-01 05:45:24 RAM 3439/3956MB (lfb 1x4MB) SWAP 1654/4026MB (cached 160MB) CPU [21%@1479,21%@1479,23%@1479,21%@1479] EMC_FREQ 0% GR3D_FREQ 99% PLL@48C CPU@52C PMIC@50C GPU@49C AO@59C thermal@50.25C
2023-09-01 05:46:24 RAM 3435/3956MB (lfb 1x4MB) SWAP 1656/4026MB (cached 160MB) CPU [23%@1479,19%@1479,24%@1479,25%@1479] EMC_FREQ 0% GR3D_FREQ 99% PLL@47.5C CPU@53C PMIC@50C GPU@49C AO@59C thermal@51.25C
2023-09-01 05:47:24 RAM 3443/3956MB (lfb 2x1MB) SWAP 1685/4026MB (cached 160MB) CPU [32%@1224,27%@1224,32%@1224,31%@1224] EMC_FREQ 0% GR3D_FREQ 99% PLL@46.5C CPU@51C PMIC@50C GPU@48.5C AO@58.5C thermal@50C
2023-09-01 05:48:24 RAM 3352/3956MB (lfb 1x2MB) SWAP 1765/4026MB (cached 161MB) CPU [33%@307,32%@307,34%@307,33%@307] EMC_FREQ 0% GR3D_FREQ 99% PLL@46.5C CPU@51C PMIC@50C GPU@48C AO@58C thermal@49.5C
2023-09-01 05:49:24 RAM 3341/3956MB (lfb 1x2MB) SWAP 1762/4026MB (cached 162MB) CPU [23%@307,25%@307,28%@307,25%@307] EMC_FREQ 0% GR3D_FREQ 99% PLL@47C CPU@51C PMIC@50C GPU@48.5C AO@59C thermal@49.75C
2023-09-01 05:50:24 RAM 3342/3956MB (lfb 1x2MB) SWAP 1761/4026MB (cached 162MB) CPU [21%@1479,26%@1479,28%@1479,24%@1479] EMC_FREQ 0% GR3D_FREQ 94% PLL@48C CPU@52C PMIC@50C GPU@49C AO@58.5C thermal@50.75C
2023-09-01 05:51:24 RAM 3341/3956MB (lfb 3x1MB) SWAP 1763/4026MB (cached 162MB) CPU [26%@1479,24%@1479,23%@1479,24%@1479] EMC_FREQ 0% GR3D_FREQ 99% PLL@47.5C CPU@51.5C PMIC@50C GPU@49C AO@59C thermal@50.25C
2023-09-01 05:52:24 RAM 3333/3956MB (lfb 3x1MB) SWAP 1762/4026MB (cached 162MB) CPU [28%@204,25%@204,27%@204,24%@204] EMC_FREQ 0% GR3D_FREQ 99% PLL@47.5C CPU@51C PMIC@50C GPU@48.5C AO@58.5C thermal@50.25C
2023-09-01 05:53:24 RAM 3337/3956MB (lfb 3x1MB) SWAP 1762/4026MB (cached 162MB) CPU [22%@825,22%@825,29%@825,26%@825] EMC_FREQ 0% GR3D_FREQ 99% PLL@47.5C CPU@52C PMIC@50C GPU@49C AO@58.5C thermal@50.75C
2023-09-01 05:54:24 RAM 3331/3956MB (lfb 3x1MB) SWAP 1759/4026MB (cached 162MB) CPU [24%@204,25%@403,27%@403,24%@403] EMC_FREQ 0% GR3D_FREQ 92% PLL@47.5C CPU@51C PMIC@50C GPU@48.5C AO@58.5C thermal@50.5C
2023-09-01 05:55:24 RAM 3333/3956MB (lfb 3x1MB) SWAP 1759/4026MB (cached 162MB) CPU [22%@204,25%@204,26%@204,27%@204] EMC_FREQ 0% GR3D_FREQ 99% PLL@47.5C CPU@51.5C PMIC@50C GPU@49C AO@59C thermal@51.75C
2023-09-01 05:56:24 RAM 3338/3956MB (lfb 3x1MB) SWAP 1759/4026MB (cached 162MB) CPU [23%@403,26%@403,25%@403,24%@403] EMC_FREQ 0% GR3D_FREQ 99% PLL@48C CPU@52C PMIC@50C GPU@49.5C AO@59C thermal@50.75C
2023-09-01 05:57:24 RAM 3333/3956MB (lfb 12x1MB) SWAP 1758/4026MB (cached 162MB) CPU [25%@204,25%@204,29%@204,25%@204] EMC_FREQ 0% GR3D_FREQ 99% PLL@47.5C CPU@52C PMIC@50C GPU@49C AO@59C thermal@50.5C
2023-09-01 05:58:24 RAM 3335/3956MB (lfb 12x1MB) SWAP 1758/4026MB (cached 162MB) CPU [23%@1479,24%@1479,28%@1479,27%@1479] EMC_FREQ 0% GR3D_FREQ 99% PLL@48C CPU@53C PMIC@50C GPU@49.5C AO@59C thermal@51C
2023-09-01 05:59:24 RAM 3330/3956MB (lfb 12x1MB) SWAP 1758/4026MB (cached 162MB) CPU [24%@1479,25%@1479,25%@1479,27%@1479] EMC_FREQ 0% GR3D_FREQ 99% PLL@48C CPU@53.5C PMIC@50C GPU@50C AO@59C thermal@51C
2023-09-01 06:00:24 RAM 3337/3956MB (lfb 12x1MB) SWAP 1753/4026MB (cached 162MB) CPU [25%@1479,24%@1479,24%@1479,27%@1479] EMC_FREQ 0% GR3D_FREQ 99% PLL@48C CPU@52.5C PMIC@50C GPU@49.5C AO@59.5C thermal@51C
2023-09-01 06:01:24 RAM 3341/3956MB (lfb 11x1MB) SWAP 1753/4026MB (cached 162MB) CPU [24%@1479,24%@1479,28%@1479,27%@1479] EMC_FREQ 0% GR3D_FREQ 99% PLL@48C CPU@52.5C PMIC@50C GPU@49.5C AO@59C thermal@50C
2023-09-01 06:02:24 RAM 3336/3956MB (lfb 12x1MB) SWAP 1753/4026MB (cached 162MB) CPU [25%@1479,25%@1479,25%@1479,26%@1479] EMC_FREQ 0% GR3D_FREQ 98% PLL@48C CPU@53C PMIC@50C GPU@49.5C AO@59.5C thermal@51.5C
2023-09-01 06:03:24 RAM 3339/3956MB (lfb 12x1MB) SWAP 1753/4026MB (cached 162MB) CPU [25%@1479,23%@1479,27%@1479,26%@1479] EMC_FREQ 0% GR3D_FREQ 99% PLL@48C CPU@52.5C PMIC@50C GPU@49.5C AO@59.5C thermal@50.5C
2023-09-01 06:04:24 RAM 3340/3956MB (lfb 12x1MB) SWAP 1753/4026MB (cached 162MB) CPU [23%@518,23%@518,23%@518,27%@518] EMC_FREQ 0% GR3D_FREQ 99% PLL@47C CPU@52C PMIC@50C GPU@49.5C AO@59C thermal@50.5C
2023-09-01 06:05:24 RAM 3337/3956MB (lfb 12x1MB) SWAP 1753/4026MB (cached 162MB) CPU [25%@102,28%@102,24%@102,23%@102] EMC_FREQ 0% GR3D_FREQ 99% PLL@47C CPU@51.5C PMIC@50C GPU@49C AO@59C thermal@50C
2023-09-01 06:06:24 RAM 3340/3956MB (lfb 12x1MB) SWAP 1753/4026MB (cached 162MB) CPU [26%@1479,25%@1479,23%@1479,25%@1479] EMC_FREQ 0% GR3D_FREQ 99% PLL@47.5C CPU@52.5C PMIC@50C GPU@49C AO@58.5C thermal@50C
2023-09-01 06:07:24 RAM 3344/3956MB (lfb 12x1MB) SWAP 1752/4026MB (cached 163MB) CPU [26%@1479,25%@1479,24%@1479,24%@1479] EMC_FREQ 0% GR3D_FREQ 87% PLL@48C CPU@52.5C PMIC@50C GPU@49C AO@58.5C thermal@50C
2023-09-01 06:08:24 RAM 3339/3956MB (lfb 12x1MB) SWAP 1752/4026MB (cached 163MB) CPU [24%@1479,25%@1479,29%@1479,25%@1479] EMC_FREQ 0% GR3D_FREQ 99% PLL@47C CPU@52.5C PMIC@50C GPU@48.5C AO@59C thermal@49.25C
2023-09-01 06:09:24 RAM 3343/3956MB (lfb 12x1MB) SWAP 1752/4026MB (cached 163MB) CPU [30%@1479,29%@1479,31%@1479,28%@1479] EMC_FREQ 0% GR3D_FREQ 99% PLL@47.5C CPU@52C PMIC@50C GPU@49C AO@58.5C thermal@50C
2023-09-01 06:10:24 RAM 3346/3956MB (lfb 12x1MB) SWAP 1752/4026MB (cached 163MB) CPU [24%@1479,23%@1479,26%@1479,24%@1479] EMC_FREQ 0% GR3D_FREQ 99% PLL@47.5C CPU@51.5C PMIC@50C GPU@49.5C AO@59C thermal@50.75C
2023-09-01 06:11:24 RAM 3340/3956MB (lfb 12x1MB) SWAP 1752/4026MB (cached 163MB) CPU [25%@1479,27%@1479,28%@1479,27%@1479] EMC_FREQ 0% GR3D_FREQ 99% PLL@48.5C CPU@52.5C PMIC@50C GPU@49C AO@59C thermal@50.75C
2023-09-01 06:12:24 RAM 3346/3956MB (lfb 12x1MB) SWAP 1752/4026MB (cached 163MB) CPU [25%@102,26%@102,28%@102,26%@102] EMC_FREQ 0% GR3D_FREQ 99% PLL@47.5C CPU@51C PMIC@50C GPU@48.5C AO@59C thermal@50C
2023-09-01 06:13:24 RAM 3339/3956MB (lfb 12x1MB) SWAP 1752/4026MB (cached 163MB) CPU [25%@204,23%@204,26%@204,25%@204] EMC_FREQ 0% GR3D_FREQ 99% PLL@47C CPU@51.5C PMIC@50C GPU@49C AO@58.5C thermal@50.5C
2023-09-01 06:14:24 RAM 3356/3956MB (lfb 12x1MB) SWAP 1751/4026MB (cached 164MB) CPU [28%@1479,26%@1479,27%@1479,25%@1479] EMC_FREQ 0% GR3D_FREQ 99% PLL@47.5C CPU@53C PMIC@50C GPU@49C AO@59C thermal@51C
2023-09-01 06:15:24 RAM 3343/3956MB (lfb 12x1MB) SWAP 1751/4026MB (cached 164MB) CPU [27%@710,23%@710,26%@710,28%@710] EMC_FREQ 0% GR3D_FREQ 77% PLL@47C CPU@51.5C PMIC@50C GPU@49C AO@58.5C thermal@50.25C
2023-09-01 06:16:24 RAM 3349/3956MB (lfb 8x1MB) SWAP 1751/4026MB (cached 164MB) CPU [25%@204,22%@204,27%@204,29%@204] EMC_FREQ 0% GR3D_FREQ 99% PLL@47C CPU@51C PMIC@50C GPU@48.5C AO@58C thermal@51C
2023-09-01 06:17:24 RAM 3343/3956MB (lfb 8x1MB) SWAP 1751/4026MB (cached 164MB) CPU [27%@204,23%@204,27%@204,27%@204] EMC_FREQ 0% GR3D_FREQ 99% PLL@46.5C CPU@51C PMIC@50C GPU@48.5C AO@58.5C thermal@49.75C
2023-09-01 06:18:24 RAM 3349/3956MB (lfb 8x1MB) SWAP 1751/4026MB (cached 164MB) CPU [25%@403,24%@403,26%@403,24%@403] EMC_FREQ 0% GR3D_FREQ 92% PLL@46.5C CPU@50.5C PMIC@50C GPU@48C AO@58C thermal@49C
2023-09-01 06:19:24 RAM 3344/3956MB (lfb 8x1MB) SWAP 1746/4026MB (cached 164MB) CPU [25%@1479,26%@1479,28%@1479,24%@1479] EMC_FREQ 0% GR3D_FREQ 99% PLL@47C CPU@51C PMIC@50C GPU@48C AO@58C thermal@49.75C
2023-09-01 06:20:24 RAM 3347/3956MB (lfb 8x1MB) SWAP 1746/4026MB (cached 164MB) CPU [27%@1479,24%@1479,25%@1479,24%@1479] EMC_FREQ 0% GR3D_FREQ 99% PLL@45.5C CPU@51C PMIC@50C GPU@47.5C AO@57C thermal@48.75C
2023-09-01 06:21:24 RAM 3350/3956MB (lfb 8x1MB) SWAP 1746/4026MB (cached 164MB) CPU [28%@307,24%@307,21%@307,25%@307] EMC_FREQ 0% GR3D_FREQ 99% PLL@45C CPU@49C PMIC@50C GPU@47C AO@57C thermal@48C
2023-09-01 06:22:24 RAM 3347/3956MB (lfb 8x1MB) SWAP 1746/4026MB (cached 164MB) CPU [27%@1479,24%@1479,24%@1479,27%@1479] EMC_FREQ 0% GR3D_FREQ 99% PLL@46C CPU@51C PMIC@50C GPU@47.5C AO@57C thermal@48.25C
2023-09-01 06:23:24 RAM 3351/3956MB (lfb 8x1MB) SWAP 1746/4026MB (cached 164MB) CPU [22%@921,25%@921,27%@921,25%@921] EMC_FREQ 0% GR3D_FREQ 99% PLL@46C CPU@50C PMIC@50C GPU@47.5C AO@57C thermal@48.75C
2023-09-01 06:24:24 RAM 3354/3956MB (lfb 8x1MB) SWAP 1746/4026MB (cached 164MB) CPU [25%@1479,24%@1479,24%@1479,26%@1479] EMC_FREQ 0% GR3D_FREQ 81% PLL@45.5C CPU@50.5C PMIC@50C GPU@47.5C AO@56.5C thermal@49.25C
2023-09-01 06:25:24 RAM 3347/3956MB (lfb 8x1MB) SWAP 1748/4026MB (cached 164MB) CPU [25%@1479,26%@1479,26%@1479,26%@1479] EMC_FREQ 0% GR3D_FREQ 92% PLL@46C CPU@50C PMIC@50C GPU@47C AO@57C thermal@48.5C
2023-09-01 06:26:24 RAM 3353/3956MB (lfb 8x1MB) SWAP 1748/4026MB (cached 164MB) CPU [23%@1479,25%@1479,26%@1479,25%@1479] EMC_FREQ 0% GR3D_FREQ 99% PLL@46.5C CPU@51C PMIC@50C GPU@47.5C AO@57C thermal@49.25C
2023-09-01 06:27:24 RAM 3347/3956MB (lfb 8x1MB) SWAP 1748/4026MB (cached 164MB) CPU [26%@1479,26%@1479,25%@1479,26%@1479] EMC_FREQ 0% GR3D_FREQ 99% PLL@46C CPU@52C PMIC@50C GPU@47.5C AO@57C thermal@48.25C
2023-09-01 06:28:24 RAM 3350/3956MB (lfb 8x1MB) SWAP 1748/4026MB (cached 164MB) CPU [25%@204,26%@204,26%@204,25%@204] EMC_FREQ 0% GR3D_FREQ 93% PLL@45.5C CPU@49.5C PMIC@50C GPU@47.5C AO@57C thermal@48.5C
2023-09-01 06:29:24 RAM 3352/3956MB (lfb 6x1MB) SWAP 1748/4026MB (cached 164MB) CPU [25%@1479,25%@1479,29%@1479,24%@1479] EMC_FREQ 0% GR3D_FREQ 99% PLL@46.5C CPU@50.5C PMIC@50C GPU@47.5C AO@57C thermal@48.75C
2023-09-01 06:30:24 RAM 3347/3956MB (lfb 6x1MB) SWAP 1748/4026MB (cached 164MB) CPU [25%@1479,28%@1479,27%@1479,24%@1479] EMC_FREQ 0% GR3D_FREQ 99% PLL@46.5C CPU@50.5C PMIC@50C GPU@48C AO@57.5C thermal@48.75C
2023-09-01 06:31:24 RAM 3353/3956MB (lfb 6x1MB) SWAP 1748/4026MB (cached 164MB) CPU [23%@1479,25%@1479,29%@1479,25%@1479] EMC_FREQ 0% GR3D_FREQ 99% PLL@46.5C CPU@50.5C PMIC@50C GPU@47.5C AO@57.5C thermal@49C
2023-09-01 06:32:24 RAM 3342/3956MB (lfb 6x1MB) SWAP 1748/4026MB (cached 164MB) CPU [28%@204,23%@204,25%@204,24%@204] EMC_FREQ 0% GR3D_FREQ 99% PLL@46C CPU@50C PMIC@50C GPU@47.5C AO@57C thermal@49C
2023-09-01 06:33:24 RAM 3346/3956MB (lfb 6x1MB) SWAP 1748/4026MB (cached 164MB) CPU [27%@1479,24%@1479,27%@1479,24%@1479] EMC_FREQ 0% GR3D_FREQ 99% PLL@46.5C CPU@50.5C PMIC@50C GPU@48C AO@57.5C thermal@49.25C
2023-09-01 06:34:24 RAM 3346/3956MB (lfb 6x1MB) SWAP 1749/4026MB (cached 164MB) CPU [24%@518,25%@518,26%@518,24%@518] EMC_FREQ 0% GR3D_FREQ 99% PLL@46C CPU@50.5C PMIC@50C GPU@48C AO@57C thermal@49C
2023-09-01 06:35:24 RAM 3428/3956MB (lfb 2x1MB) SWAP 1763/4026MB (cached 165MB) CPU [25%@1479,20%@1479,21%@1479,24%@1479] EMC_FREQ 0% GR3D_FREQ 0% PLL@43C CPU@46.5C PMIC@50C GPU@43.5C AO@54C thermal@45C
2023-09-01 06:36:24 RAM 2015/3956MB (lfb 14x4MB) SWAP 957/4026MB (cached 115MB) CPU [17%@1479,20%@1479,14%@1479,14%@1479] EMC_FREQ 0% GR3D_FREQ 0% PLL@40C CPU@42C PMIC@50C GPU@42C AO@50.5C thermal@41C
2023-09-01 06:37:24 RAM 921/3956MB (lfb 55x4MB) SWAP 101/4026MB (cached 15MB) CPU [31%@518,13%@518,13%@518,12%@518] EMC_FREQ 0% GR3D_FREQ 0% PLL@36C CPU@39.5C PMIC@50C GPU@38C AO@47.5C thermal@38.75C
