2023-08-31 04:16:28 RAM 2046/3956MB (lfb 167x4MB) SWAP 0/4026MB (cached 0MB) CPU [53%@518,52%@518,54%@518,52%@518] EMC_FREQ 0% GR3D_FREQ 0% PLL@30.5C CPU@33.5C PMIC@50C GPU@31C AO@41.5C thermal@32.25C
2023-08-31 04:17:28 RAM 2049/3956MB (lfb 157x4MB) SWAP 0/4026MB (cached 0MB) CPU [24%@1479,22%@1479,26%@1479,22%@1479] EMC_FREQ 0% GR3D_FREQ 0% PLL@30.5C CPU@35.5C PMIC@50C GPU@31C AO@41.5C thermal@32.5C
2023-08-31 04:18:28 RAM 3140/3956MB (lfb 85x4MB) SWAP 28/4026MB (cached 0MB) CPU [26%@1479,26%@1479,25%@1479,24%@1479] EMC_FREQ 0% GR3D_FREQ 0% PLL@29.5C CPU@32.5C PMIC@50C GPU@31.5C AO@40.5C thermal@32.25C
2023-08-31 04:19:29 RAM 3261/3956MB (lfb 85x4MB) SWAP 123/4026MB (cached 3MB) CPU [21%@102,17%@102,15%@102,14%@102] EMC_FREQ 0% GR3D_FREQ 0% PLL@29C CPU@31.5C PMIC@50C GPU@29.5C AO@39.5C thermal@30.5C
2023-08-31 04:20:33 RAM 3411/3956MB (lfb 85x4MB) SWAP 353/4026MB (cached 10MB) CPU [19%@825,14%@825,13%@825,14%@825] EMC_FREQ 0% GR3D_FREQ 0% PLL@28.5C CPU@31C PMIC@50C GPU@30.5C AO@39.5C thermal@30.75C
2023-08-31 04:21:32 RAM 3388/3956MB (lfb 65x4MB) SWAP 603/4026MB (cached 54MB) CPU [17%@1479,15%@1479,12%@1479,13%@1479] EMC_FREQ 0% GR3D_FREQ 0% PLL@28C CPU@31C PMIC@50C GPU@28.5C AO@38.5C thermal@29.75C
2023-08-31 04:22:32 RAM 3397/3956MB (lfb 63x4MB) SWAP 769/4026MB (cached 57MB) CPU [21%@102,14%@204,15%@204,11%@204] EMC_FREQ 0% GR3D_FREQ 0% PLL@27.5C CPU@30.5C PMIC@50C GPU@29.5C AO@38.5C thermal@30C
2023-08-31 04:23:31 RAM 3389/3956MB (lfb 63x4MB) SWAP 905/4026MB (cached 54MB) CPU [17%@1479,12%@1479,10%@1479,10%@1479] EMC_FREQ 0% GR3D_FREQ 0% PLL@27C CPU@30.5C PMIC@50C GPU@29C AO@38C thermal@29.75C
2023-08-31 04:24:31 RAM 3349/3956MB (lfb 63x4MB) SWAP 960/4026MB (cached 67MB) CPU [20%@102,13%@102,13%@102,12%@102] EMC_FREQ 0% GR3D_FREQ 0% PLL@27C CPU@30C PMIC@50C GPU@29C AO@37.5C thermal@29.5C
2023-08-31 04:25:31 RAM 2060/3956MB (lfb 7x4MB) SWAP 858/4026MB (cached 165MB) CPU [39%@1479,36%@1479,35%@1479,32%@1479] EMC_FREQ 0% GR3D_FREQ 0% PLL@27.5C CPU@31C PMIC@50C GPU@29.5C AO@38.5C thermal@30.25C
2023-08-31 04:26:31 RAM 3079/3956MB (lfb 2x256kB) SWAP 857/4026MB (cached 165MB) CPU [21%@1479,15%@1479,15%@1479,8%@1479] EMC_FREQ 0% GR3D_FREQ 0% PLL@27.5C CPU@30.5C PMIC@50C GPU@28C AO@39C thermal@29.25C
2023-08-31 04:27:31 RAM 3511/3956MB (lfb 17x512kB) SWAP 934/4026MB (cached 159MB) CPU [17%@403,14%@403,13%@403,9%@403] EMC_FREQ 0% GR3D_FREQ 0% PLL@27.5C CPU@30C PMIC@50C GPU@28C AO@38.5C thermal@29.25C
2023-08-31 04:28:31 RAM 3587/3956MB (lfb 1x2MB) SWAP 929/4026MB (cached 166MB) CPU [17%@102,12%@102,11%@102,13%@204] EMC_FREQ 0% GR3D_FREQ 0% PLL@27C CPU@30C PMIC@50C GPU@29C AO@37.5C thermal@29.5C
2023-08-31 04:29:32 RAM 3544/3956MB (lfb 1x4MB) SWAP 979/4026MB (cached 166MB) CPU [23%@1479,18%@1479,18%@1479,17%@825] EMC_FREQ 0% GR3D_FREQ 12% PLL@27C CPU@30C PMIC@50C GPU@27.5C AO@37.5C thermal@28.5C
2023-08-31 04:30:31 RAM 2002/3956MB (lfb 2x4MB) SWAP 943/4026MB (cached 197MB) CPU [41%@1479,39%@1479,39%@1479,38%@1479] EMC_FREQ 0% GR3D_FREQ 0% PLL@29C CPU@33C PMIC@50C GPU@29C AO@39.5C thermal@30.75C
2023-08-31 04:31:31 RAM 2054/3956MB (lfb 2x4MB) SWAP 932/4026MB (cached 199MB) CPU [53%@1479,54%@1479,54%@1479,56%@1479] EMC_FREQ 0% GR3D_FREQ 25% PLL@29.5C CPU@32.5C PMIC@50C GPU@30C AO@40.5C thermal@31.75C
2023-08-31 04:32:31 RAM 2755/3956MB (lfb 7x2MB) SWAP 915/4026MB (cached 190MB) CPU [16%@102,16%@102,21%@102,13%@102] EMC_FREQ 0% GR3D_FREQ 0% PLL@28.5C CPU@31.5C PMIC@50C GPU@29C AO@39C thermal@30C
2023-08-31 04:33:32 RAM 3351/3956MB (lfb 6x2MB) SWAP 924/4026MB (cached 162MB) CPU [15%@102,13%@102,12%@102,14%@102] EMC_FREQ 0% GR3D_FREQ 0% PLL@28C CPU@31C PMIC@50C GPU@30C AO@38.5C thermal@30.25C
2023-08-31 04:34:32 RAM 3420/3956MB (lfb 8x2MB) SWAP 952/4026MB (cached 145MB) CPU [16%@102,14%@102,10%@102,10%@102] EMC_FREQ 0% GR3D_FREQ 0% PLL@27C CPU@30C PMIC@50C GPU@29C AO@38.5C thermal@30C
2023-08-31 04:35:34 RAM 3455/3956MB (lfb 8x2MB) SWAP 973/4026MB (cached 134MB) CPU [14%@1479,13%@1479,11%@1479,11%@1479] EMC_FREQ 0% GR3D_FREQ 99% PLL@27.5C CPU@30.5C PMIC@50C GPU@28C AO@38C thermal@30C
2023-08-31 04:36:34 RAM 3426/3956MB (lfb 8x2MB) SWAP 1067/4026MB (cached 132MB) CPU [21%@614,17%@614,17%@614,16%@614] EMC_FREQ 0% GR3D_FREQ 0% PLL@27.5C CPU@30C PMIC@50C GPU@28C AO@38C thermal@29.25C
2023-08-31 04:37:33 RAM 3424/3956MB (lfb 9x2MB) SWAP 1208/4026MB (cached 142MB) CPU [14%@102,16%@102,14%@102,14%@102] EMC_FREQ 0% GR3D_FREQ 0% PLL@26.5C CPU@30C PMIC@50C GPU@28.5C AO@37.5C thermal@29.5C
2023-08-31 04:38:33 RAM 3379/3956MB (lfb 4x1MB) SWAP 1236/4026MB (cached 165MB) CPU [39%@825,35%@825,35%@825,32%@825] EMC_FREQ 0% GR3D_FREQ 0% PLL@27.5C CPU@30.5C PMIC@50C GPU@29.5C AO@38.5C thermal@30C
2023-08-31 04:39:33 RAM 2042/3956MB (lfb 2x4MB) SWAP 962/4026MB (cached 173MB) CPU [16%@1479,15%@1479,15%@1479,18%@1479] EMC_FREQ 0% GR3D_FREQ 67% PLL@28.5C CPU@33C PMIC@50C GPU@28.5C AO@39C thermal@29.5C
2023-08-31 04:40:33 RAM 3122/3956MB (lfb 2x1MB) SWAP 961/4026MB (cached 171MB) CPU [22%@102,23%@102,20%@102,19%@102] EMC_FREQ 0% GR3D_FREQ 0% PLL@27.5C CPU@30C PMIC@50C GPU@28C AO@38.5C thermal@29.25C
2023-08-31 04:41:33 RAM 3474/3956MB (lfb 2x512kB) SWAP 962/4026MB (cached 169MB) CPU [14%@204,15%@204,11%@204,10%@1479] EMC_FREQ 0% GR3D_FREQ 0% PLL@27.5C CPU@30.5C PMIC@50C GPU@29.5C AO@38C thermal@30.75C
2023-08-31 04:42:33 RAM 3618/3956MB (lfb 3x512kB) SWAP 981/4026MB (cached 161MB) CPU [19%@1479,17%@1479,15%@1479,14%@1479] EMC_FREQ 0% GR3D_FREQ 12% PLL@28.5C CPU@32C PMIC@50C GPU@29C AO@39C thermal@31.75C
2023-08-31 04:43:33 RAM 3600/3956MB (lfb 3x1MB) SWAP 1041/4026MB (cached 106MB) CPU [29%@1479,39%@1479,34%@1479,28%@1479] EMC_FREQ 0% GR3D_FREQ 92% PLL@31.5C CPU@35.5C PMIC@50C GPU@33C AO@42.5C thermal@34.25C
2023-08-31 04:44:33 RAM 3580/3956MB (lfb 1x1MB) SWAP 1044/4026MB (cached 102MB) CPU [42%@1479,23%@1479,21%@1479,21%@1479] EMC_FREQ 0% GR3D_FREQ 99% PLL@33C CPU@38C PMIC@50C GPU@34.5C AO@44C thermal@36C
2023-08-31 04:45:33 RAM 3568/3956MB (lfb 5x1MB) SWAP 1050/4026MB (cached 97MB) CPU [31%@1479,46%@1479,39%@1479,34%@1479] EMC_FREQ 0% GR3D_FREQ 99% PLL@37C CPU@40.5C PMIC@50C GPU@38C AO@47.5C thermal@38.75C
2023-08-31 04:46:33 RAM 3583/3956MB (lfb 3x1MB) SWAP 1049/4026MB (cached 96MB) CPU [47%@1479,34%@1479,28%@1479,33%@1479] EMC_FREQ 0% GR3D_FREQ 99% PLL@39C CPU@42.5C PMIC@50C GPU@40C AO@49.5C thermal@41.5C
2023-08-31 04:47:33 RAM 3587/3956MB (lfb 2x1MB) SWAP 1048/4026MB (cached 94MB) CPU [36%@1479,38%@1479,36%@1479,33%@1479] EMC_FREQ 0% GR3D_FREQ 99% PLL@40C CPU@45C PMIC@50C GPU@42C AO@51.5C thermal@43C
2023-08-31 04:48:33 RAM 3585/3956MB (lfb 3x1MB) SWAP 1049/4026MB (cached 91MB) CPU [44%@1479,36%@1479,34%@1479,29%@1479] EMC_FREQ 0% GR3D_FREQ 99% PLL@41.5C CPU@45.5C PMIC@50C GPU@43C AO@53C thermal@44.75C
2023-08-31 04:49:33 RAM 3586/3956MB (lfb 3x1MB) SWAP 1049/4026MB (cached 89MB) CPU [40%@1479,37%@1479,36%@1479,29%@1479] EMC_FREQ 0% GR3D_FREQ 99% PLL@42.5C CPU@47C PMIC@50C GPU@44C AO@54C thermal@46.25C
2023-08-31 04:50:33 RAM 3594/3956MB (lfb 3x1MB) SWAP 1049/4026MB (cached 89MB) CPU [31%@1326,44%@1326,38%@1326,29%@1326] EMC_FREQ 0% GR3D_FREQ 40% PLL@43C CPU@47C PMIC@50C GPU@44.5C AO@54C thermal@46C
2023-08-31 04:51:33 RAM 3596/3956MB (lfb 3x1MB) SWAP 1049/4026MB (cached 89MB) CPU [38%@1479,36%@1479,39%@1479,36%@1479] EMC_FREQ 0% GR3D_FREQ 99% PLL@44C CPU@48C PMIC@50C GPU@45.5C AO@55.5C thermal@46.75C
2023-08-31 04:52:33 RAM 3600/3956MB (lfb 3x1MB) SWAP 1048/4026MB (cached 89MB) CPU [34%@1479,42%@1479,38%@1479,33%@1479] EMC_FREQ 0% GR3D_FREQ 86% PLL@44.5C CPU@49.5C PMIC@50C GPU@45.5C AO@56C thermal@47.75C
2023-08-31 04:53:33 RAM 3593/3956MB (lfb 3x1MB) SWAP 1069/4026MB (cached 85MB) CPU [34%@1479,36%@1479,37%@1479,37%@1479] EMC_FREQ 0% GR3D_FREQ 90% PLL@45C CPU@50C PMIC@50C GPU@46C AO@56.5C thermal@48.25C
2023-08-31 04:54:33 RAM 3577/3956MB (lfb 3x1MB) SWAP 1092/4026MB (cached 86MB) CPU [31%@1479,45%@1479,38%@1479,32%@1479] EMC_FREQ 0% GR3D_FREQ 99% PLL@45C CPU@49C PMIC@50C GPU@46.5C AO@56.5C thermal@48.75C
2023-08-31 04:55:33 RAM 3581/3956MB (lfb 3x1MB) SWAP 1091/4026MB (cached 86MB) CPU [36%@1479,33%@1479,32%@1479,42%@1479] EMC_FREQ 0% GR3D_FREQ 99% PLL@45C CPU@49C PMIC@50C GPU@46.5C AO@57C thermal@48.5C
2023-08-31 04:56:33 RAM 3579/3956MB (lfb 3x1MB) SWAP 1091/4026MB (cached 87MB) CPU [38%@403,38%@403,37%@403,32%@403] EMC_FREQ 0% GR3D_FREQ 99% PLL@45C CPU@50C PMIC@50C GPU@47C AO@57C thermal@48.25C
2023-08-31 04:57:33 RAM 3581/3956MB (lfb 3x1MB) SWAP 1091/4026MB (cached 87MB) CPU [38%@1479,37%@1479,36%@1479,32%@1479] EMC_FREQ 0% GR3D_FREQ 99% PLL@45.5C CPU@51C PMIC@50C GPU@47C AO@57.5C thermal@48.25C
2023-08-31 04:58:33 RAM 3592/3956MB (lfb 3x1MB) SWAP 1091/4026MB (cached 87MB) CPU [38%@1479,33%@1479,34%@1479,33%@1479] EMC_FREQ 0% GR3D_FREQ 49% PLL@45.5C CPU@50C PMIC@50C GPU@47C AO@57.5C thermal@48.75C
2023-08-31 04:59:33 RAM 3588/3956MB (lfb 3x1MB) SWAP 1091/4026MB (cached 87MB) CPU [34%@1479,35%@1479,37%@1479,36%@1479] EMC_FREQ 0% GR3D_FREQ 99% PLL@46C CPU@50.5C PMIC@50C GPU@47C AO@58C thermal@48.5C
2023-08-31 05:00:33 RAM 3596/3956MB (lfb 3x1MB) SWAP 1086/4026MB (cached 95MB) CPU [34%@1479,36%@1479,33%@1479,37%@1479] EMC_FREQ 0% GR3D_FREQ 99% PLL@46C CPU@51.5C PMIC@50C GPU@48C AO@57.5C thermal@48.75C
2023-08-31 05:01:33 RAM 3597/3956MB (lfb 3x1MB) SWAP 1087/4026MB (cached 95MB) CPU [34%@1479,33%@1479,36%@1479,40%@1479] EMC_FREQ 0% GR3D_FREQ 99% PLL@46C CPU@50C PMIC@50C GPU@47.5C AO@57.5C thermal@49C
2023-08-31 05:02:33 RAM 3605/3956MB (lfb 3x1MB) SWAP 1086/4026MB (cached 95MB) CPU [36%@1479,32%@1479,38%@1479,40%@1479] EMC_FREQ 0% GR3D_FREQ 77% PLL@46C CPU@50.5C PMIC@50C GPU@47.5C AO@58C thermal@49C
2023-08-31 05:03:33 RAM 3604/3956MB (lfb 3x1MB) SWAP 1086/4026MB (cached 95MB) CPU [39%@1479,40%@1479,32%@1479,32%@1479] EMC_FREQ 0% GR3D_FREQ 99% PLL@46.5C CPU@51C PMIC@50C GPU@47.5C AO@58C thermal@49C
2023-08-31 05:04:33 RAM 3608/3956MB (lfb 3x1MB) SWAP 1086/4026MB (cached 95MB) CPU [38%@1479,38%@1479,34%@1479,33%@1479] EMC_FREQ 0% GR3D_FREQ 99% PLL@46C CPU@50C PMIC@50C GPU@47.5C AO@58C thermal@49.25C
2023-08-31 05:05:33 RAM 3612/3956MB (lfb 3x1MB) SWAP 1087/4026MB (cached 95MB) CPU [32%@1479,40%@1479,33%@1479,36%@1479] EMC_FREQ 0% GR3D_FREQ 99% PLL@46C CPU@51.5C PMIC@50C GPU@47.5C AO@57.5C thermal@48.5C
2023-08-31 05:06:33 RAM 3609/3956MB (lfb 3x1MB) SWAP 1090/4026MB (cached 95MB) CPU [36%@1479,33%@1479,36%@1479,38%@1479] EMC_FREQ 0% GR3D_FREQ 99% PLL@46C CPU@51C PMIC@50C GPU@47C AO@57.5C thermal@49.25C
2023-08-31 05:07:33 RAM 3596/3956MB (lfb 1x2MB) SWAP 1102/4026MB (cached 95MB) CPU [31%@518,37%@518,41%@518,35%@518] EMC_FREQ 0% GR3D_FREQ 99% PLL@46C CPU@50C PMIC@50C GPU@47.5C AO@57.5C thermal@48.75C
2023-08-31 05:08:33 RAM 3598/3956MB (lfb 1x2MB) SWAP 1102/4026MB (cached 95MB) CPU [34%@204,35%@1479,38%@1479,37%@1479] EMC_FREQ 0% GR3D_FREQ 91% PLL@46C CPU@50C PMIC@50C GPU@47.5C AO@57.5C thermal@50.25C
2023-08-31 05:09:33 RAM 3604/3956MB (lfb 1x2MB) SWAP 1105/4026MB (cached 95MB) CPU [36%@1479,37%@1479,35%@1479,35%@1479] EMC_FREQ 0% GR3D_FREQ 99% PLL@46C CPU@51.5C PMIC@50C GPU@48C AO@57.5C thermal@49C
2023-08-31 05:10:33 RAM 3604/3956MB (lfb 1x2MB) SWAP 1105/4026MB (cached 95MB) CPU [36%@1479,34%@1479,36%@1479,34%@1479] EMC_FREQ 0% GR3D_FREQ 99% PLL@46C CPU@50.5C PMIC@50C GPU@47.5C AO@57.5C thermal@49C
2023-08-31 05:11:33 RAM 3603/3956MB (lfb 1x2MB) SWAP 1105/4026MB (cached 95MB) CPU [33%@1479,37%@1479,31%@1479,39%@1479] EMC_FREQ 0% GR3D_FREQ 99% PLL@46.5C CPU@51.5C PMIC@50C GPU@48C AO@57.5C thermal@48.75C
2023-08-31 05:12:33 RAM 3585/3956MB (lfb 3x1MB) SWAP 1142/4026MB (cached 91MB) CPU [39%@1479,38%@1479,38%@1479,35%@1479] EMC_FREQ 0% GR3D_FREQ 97% PLL@45.5C CPU@49.5C PMIC@50C GPU@47C AO@57.5C thermal@48.5C
2023-08-31 05:13:33 RAM 3585/3956MB (lfb 3x1MB) SWAP 1145/4026MB (cached 91MB) CPU [32%@1036,37%@921,41%@921,37%@921] EMC_FREQ 0% GR3D_FREQ 99% PLL@45.5C CPU@50C PMIC@50C GPU@47C AO@57C thermal@48.5C
2023-08-31 05:14:33 RAM 3559/3956MB (lfb 1x2MB) SWAP 1137/4026MB (cached 96MB) CPU [33%@1479,34%@1479,39%@1479,39%@1479] EMC_FREQ 0% GR3D_FREQ 99% PLL@46C CPU@51C PMIC@50C GPU@47.5C AO@57.5C thermal@49.5C
2023-08-31 05:15:33 RAM 3554/3956MB (lfb 3x1MB) SWAP 1150/4026MB (cached 96MB) CPU [35%@1479,33%@1479,38%@1479,37%@1479] EMC_FREQ 0% GR3D_FREQ 99% PLL@46C CPU@50.5C PMIC@50C GPU@47.5C AO@57C thermal@49.5C
2023-08-31 05:16:33 RAM 3549/3956MB (lfb 3x1MB) SWAP 1154/4026MB (cached 96MB) CPU [31%@1479,34%@1479,40%@1479,37%@1479] EMC_FREQ 0% GR3D_FREQ 99% PLL@46C CPU@50C PMIC@50C GPU@47C AO@57C thermal@48.5C
2023-08-31 05:17:33 RAM 3544/3956MB (lfb 3x1MB) SWAP 1156/4026MB (cached 96MB) CPU [35%@1479,35%@1479,37%@1479,35%@1479] EMC_FREQ 0% GR3D_FREQ 99% PLL@46C CPU@49.5C PMIC@50C GPU@47.5C AO@57.5C thermal@49.5C
2023-08-31 05:18:33 RAM 3553/3956MB (lfb 3x1MB) SWAP 1158/4026MB (cached 96MB) CPU [33%@204,33%@204,37%@403,39%@403] EMC_FREQ 0% GR3D_FREQ 99% PLL@45.5C CPU@50C PMIC@50C GPU@47.5C AO@57C thermal@49.5C
2023-08-31 05:19:33 RAM 3551/3956MB (lfb 3x1MB) SWAP 1158/4026MB (cached 96MB) CPU [36%@1479,39%@1479,32%@1479,36%@1479] EMC_FREQ 0% GR3D_FREQ 0% PLL@45.5C CPU@49C PMIC@50C GPU@47C AO@57C thermal@48.5C
2023-08-31 05:20:33 RAM 3550/3956MB (lfb 3x1MB) SWAP 1158/4026MB (cached 96MB) CPU [36%@1479,36%@1479,34%@1479,34%@1479] EMC_FREQ 0% GR3D_FREQ 89% PLL@46C CPU@50C PMIC@50C GPU@47.5C AO@57C thermal@49C
2023-08-31 05:21:33 RAM 3549/3956MB (lfb 3x1MB) SWAP 1157/4026MB (cached 96MB) CPU [32%@1479,32%@1479,35%@1479,44%@1479] EMC_FREQ 0% GR3D_FREQ 99% PLL@46.5C CPU@50C PMIC@50C GPU@47.5C AO@57C thermal@48.5C
2023-08-31 05:22:33 RAM 3560/3956MB (lfb 3x1MB) SWAP 1157/4026MB (cached 96MB) CPU [33%@1479,35%@1479,39%@1479,34%@1479] EMC_FREQ 0% GR3D_FREQ 95% PLL@46C CPU@49.5C PMIC@50C GPU@47C AO@57C thermal@49.5C
2023-08-31 05:23:33 RAM 3558/3956MB (lfb 3x1MB) SWAP 1157/4026MB (cached 96MB) CPU [33%@1479,37%@1479,37%@1479,34%@1479] EMC_FREQ 0% GR3D_FREQ 99% PLL@46.5C CPU@51.5C PMIC@50C GPU@47.5C AO@57.5C thermal@48.75C
2023-08-31 05:24:33 RAM 3557/3956MB (lfb 1x2MB) SWAP 1156/4026MB (cached 95MB) CPU [38%@1479,32%@1479,37%@1479,38%@1479] EMC_FREQ 0% GR3D_FREQ 99% PLL@45.5C CPU@49C PMIC@50C GPU@47C AO@57C thermal@49.25C
2023-08-31 05:25:33 RAM 3558/3956MB (lfb 1x2MB) SWAP 1156/4026MB (cached 95MB) CPU [39%@1479,37%@1479,32%@1479,38%@1479] EMC_FREQ 0% GR3D_FREQ 94% PLL@45.5C CPU@49.5C PMIC@50C GPU@47C AO@57C thermal@48.25C
2023-08-31 05:26:33 RAM 3566/3956MB (lfb 4x1MB) SWAP 1156/4026MB (cached 95MB) CPU [34%@1479,32%@1479,39%@1479,36%@1479] EMC_FREQ 0% GR3D_FREQ 99% PLL@46C CPU@50C PMIC@50C GPU@47.5C AO@57C thermal@48.5C
2023-08-31 05:27:33 RAM 3570/3956MB (lfb 3x1MB) SWAP 1156/4026MB (cached 95MB) CPU [36%@1479,30%@1479,38%@1479,39%@1479] EMC_FREQ 0% GR3D_FREQ 91% PLL@45.5C CPU@50C PMIC@50C GPU@47.5C AO@57C thermal@49C
2023-08-31 05:28:33 RAM 3568/3956MB (lfb 3x1MB) SWAP 1156/4026MB (cached 95MB) CPU [35%@1479,35%@1479,38%@1479,34%@1479] EMC_FREQ 0% GR3D_FREQ 99% PLL@46C CPU@50.5C PMIC@50C GPU@47.5C AO@57C thermal@49.5C
2023-08-31 05:29:33 RAM 3569/3956MB (lfb 3x1MB) SWAP 1154/4026MB (cached 96MB) CPU [32%@1479,33%@1479,40%@1479,37%@1479] EMC_FREQ 0% GR3D_FREQ 97% PLL@46C CPU@50C PMIC@50C GPU@47C AO@57.5C thermal@49.5C
2023-08-31 05:30:33 RAM 3573/3956MB (lfb 3x1MB) SWAP 1154/4026MB (cached 96MB) CPU [37%@1479,34%@1479,36%@1479,35%@1479] EMC_FREQ 0% GR3D_FREQ 99% PLL@46C CPU@49.5C PMIC@50C GPU@47C AO@57C thermal@48C
2023-08-31 05:31:33 RAM 3572/3956MB (lfb 3x1MB) SWAP 1156/4026MB (cached 96MB) CPU [39%@1479,37%@1479,38%@1479,34%@1479] EMC_FREQ 0% GR3D_FREQ 99% PLL@45.5C CPU@51.5C PMIC@50C GPU@47C AO@57C thermal@48.25C
2023-08-31 05:32:33 RAM 3571/3956MB (lfb 3x1MB) SWAP 1158/4026MB (cached 96MB) CPU [37%@1479,34%@1479,36%@1479,35%@1479] EMC_FREQ 0% GR3D_FREQ 90% PLL@46C CPU@51.5C PMIC@50C GPU@47.5C AO@57C thermal@48.75C
2023-08-31 05:33:33 RAM 3566/3956MB (lfb 3x1MB) SWAP 1164/4026MB (cached 96MB) CPU [34%@1479,38%@1479,34%@1479,37%@1479] EMC_FREQ 0% GR3D_FREQ 99% PLL@45.5C CPU@49.5C PMIC@50C GPU@47C AO@57C thermal@48.5C
2023-08-31 05:34:33 RAM 3576/3956MB (lfb 1x2MB) SWAP 1166/4026MB (cached 98MB) CPU [34%@1479,33%@1479,35%@1479,40%@1479] EMC_FREQ 0% GR3D_FREQ 99% PLL@45.5C CPU@49.5C PMIC@50C GPU@47C AO@57C thermal@48.5C
2023-08-31 05:35:33 RAM 3574/3956MB (lfb 3x1MB) SWAP 1169/4026MB (cached 98MB) CPU [33%@1479,34%@1479,39%@1479,36%@1479] EMC_FREQ 0% GR3D_FREQ 99% PLL@46C CPU@50C PMIC@50C GPU@46.5C AO@57C thermal@49.25C
2023-08-31 05:36:33 RAM 3569/3956MB (lfb 3x1MB) SWAP 1175/4026MB (cached 98MB) CPU [35%@1479,34%@1479,37%@1479,36%@1479] EMC_FREQ 0% GR3D_FREQ 53% PLL@45C CPU@49.5C PMIC@50C GPU@47C AO@56.5C thermal@48.25C
2023-08-31 05:37:33 RAM 3566/3956MB (lfb 3x1MB) SWAP 1180/4026MB (cached 98MB) CPU [38%@1479,34%@1479,38%@1479,38%@1479] EMC_FREQ 0% GR3D_FREQ 90% PLL@46C CPU@50C PMIC@50C GPU@46.5C AO@57C thermal@48.25C
2023-08-31 05:38:33 RAM 3575/3956MB (lfb 3x1MB) SWAP 1180/4026MB (cached 98MB) CPU [33%@1479,37%@1479,37%@1479,34%@1479] EMC_FREQ 0% GR3D_FREQ 99% PLL@45.5C CPU@51C PMIC@50C GPU@47C AO@57C thermal@49C
2023-08-31 05:39:33 RAM 3573/3956MB (lfb 3x1MB) SWAP 1183/4026MB (cached 98MB) CPU [34%@1479,33%@1479,39%@1479,38%@1479] EMC_FREQ 0% GR3D_FREQ 99% PLL@45.5C CPU@51.5C PMIC@50C GPU@47C AO@57C thermal@48.75C
2023-08-31 05:40:33 RAM 3569/3956MB (lfb 1x2MB) SWAP 1190/4026MB (cached 98MB) CPU [34%@1479,36%@1479,38%@1479,36%@1479] EMC_FREQ 0% GR3D_FREQ 99% PLL@45.5C CPU@51C PMIC@50C GPU@47C AO@57.5C thermal@48.75C
2023-08-31 05:41:33 RAM 3566/3956MB (lfb 1x2MB) SWAP 1193/4026MB (cached 98MB) CPU [39%@1479,33%@1479,36%@1479,34%@1479] EMC_FREQ 0% GR3D_FREQ 99% PLL@45.5C CPU@51C PMIC@50C GPU@47C AO@57C thermal@48.5C
2023-08-31 05:42:33 RAM 3572/3956MB (lfb 1x2MB) SWAP 1196/4026MB (cached 98MB) CPU [37%@614,31%@614,40%@614,35%@614] EMC_FREQ 0% GR3D_FREQ 99% PLL@45C CPU@49.5C PMIC@50C GPU@47C AO@56.5C thermal@48.25C
2023-08-31 05:43:33 RAM 3570/3956MB (lfb 1x2MB) SWAP 1199/4026MB (cached 98MB) CPU [36%@1479,37%@1479,40%@1479,36%@1479] EMC_FREQ 0% GR3D_FREQ 99% PLL@45C CPU@51C PMIC@50C GPU@47.5C AO@56.5C thermal@49.25C
2023-08-31 05:44:33 RAM 3566/3956MB (lfb 3x1MB) SWAP 1202/4026MB (cached 98MB) CPU [33%@1479,33%@1479,41%@1479,35%@1479] EMC_FREQ 0% GR3D_FREQ 99% PLL@45.5C CPU@51C PMIC@50C GPU@47C AO@57.5C thermal@49C
2023-08-31 05:45:33 RAM 3575/3956MB (lfb 3x1MB) SWAP 1208/4026MB (cached 98MB) CPU [32%@1479,32%@1479,40%@1479,38%@1479] EMC_FREQ 0% GR3D_FREQ 99% PLL@45C CPU@49C PMIC@50C GPU@47C AO@56.5C thermal@48.5C
2023-08-31 05:46:33 RAM 3570/3956MB (lfb 3x1MB) SWAP 1214/4026MB (cached 98MB) CPU [31%@1479,37%@1479,39%@1479,36%@1479] EMC_FREQ 0% GR3D_FREQ 90% PLL@45.5C CPU@50.5C PMIC@50C GPU@47C AO@57.5C thermal@47.75C
2023-08-31 05:47:33 RAM 3570/3956MB (lfb 3x1MB) SWAP 1218/4026MB (cached 98MB) CPU [31%@1479,34%@1479,38%@1479,42%@1479] EMC_FREQ 0% GR3D_FREQ 99% PLL@45.5C CPU@50.5C PMIC@50C GPU@47C AO@57C thermal@48.5C
2023-08-31 05:48:33 RAM 3568/3956MB (lfb 3x1MB) SWAP 1220/4026MB (cached 98MB) CPU [37%@403,32%@403,40%@403,36%@403] EMC_FREQ 0% GR3D_FREQ 99% PLL@45.5C CPU@49.5C PMIC@50C GPU@47C AO@57C thermal@48.25C
2023-08-31 05:49:33 RAM 3567/3956MB (lfb 3x1MB) SWAP 1226/4026MB (cached 98MB) CPU [36%@1479,39%@1479,37%@1479,36%@1479] EMC_FREQ 0% GR3D_FREQ 99% PLL@46C CPU@50C PMIC@50C GPU@47C AO@57C thermal@49.25C
2023-08-31 05:50:33 RAM 3571/3956MB (lfb 3x1MB) SWAP 1231/4026MB (cached 98MB) CPU [33%@1479,32%@1479,35%@1479,41%@1479] EMC_FREQ 0% GR3D_FREQ 99% PLL@46.5C CPU@50C PMIC@50C GPU@47.5C AO@57C thermal@49.5C
2023-08-31 05:51:33 RAM 3568/3956MB (lfb 3x1MB) SWAP 1235/4026MB (cached 99MB) CPU [39%@1479,35%@1479,37%@1479,35%@1479] EMC_FREQ 0% GR3D_FREQ 99% PLL@46.5C CPU@50C PMIC@50C GPU@47C AO@57C thermal@48.5C
2023-08-31 05:52:33 RAM 3565/3956MB (lfb 3x1MB) SWAP 1240/4026MB (cached 99MB) CPU [37%@1479,32%@1479,39%@1479,39%@1479] EMC_FREQ 0% GR3D_FREQ 99% PLL@46C CPU@51.5C PMIC@50C GPU@47.5C AO@57.5C thermal@49C
2023-08-31 05:53:33 RAM 3568/3956MB (lfb 3x1MB) SWAP 1241/4026MB (cached 99MB) CPU [37%@1479,34%@1479,39%@1479,32%@1479] EMC_FREQ 0% GR3D_FREQ 58% PLL@46C CPU@50C PMIC@50C GPU@47.5C AO@58C thermal@49.25C
2023-08-31 05:54:33 RAM 3570/3956MB (lfb 3x1MB) SWAP 1246/4026MB (cached 99MB) CPU [34%@403,32%@825,41%@825,37%@825] EMC_FREQ 0% GR3D_FREQ 99% PLL@45.5C CPU@49.5C PMIC@50C GPU@47.5C AO@57C thermal@48.75C
2023-08-31 05:55:33 RAM 3566/3956MB (lfb 3x1MB) SWAP 1252/4026MB (cached 99MB) CPU [32%@1479,37%@1479,39%@1479,39%@1479] EMC_FREQ 0% GR3D_FREQ 90% PLL@46.5C CPU@51.5C PMIC@50C GPU@47.5C AO@57.5C thermal@49.75C
2023-08-31 05:56:33 RAM 3562/3956MB (lfb 1x2MB) SWAP 1258/4026MB (cached 99MB) CPU [34%@1479,34%@1479,38%@1479,38%@1479] EMC_FREQ 0% GR3D_FREQ 99% PLL@46.5C CPU@50C PMIC@50C GPU@47.5C AO@57.5C thermal@49.75C
2023-08-31 05:57:33 RAM 3564/3956MB (lfb 1x2MB) SWAP 1258/4026MB (cached 99MB) CPU [35%@1479,36%@1479,36%@1479,33%@1479] EMC_FREQ 0% GR3D_FREQ 99% PLL@46C CPU@51C PMIC@50C GPU@47.5C AO@58C thermal@49C
2023-08-31 05:58:33 RAM 3499/3956MB (lfb 1x2MB) SWAP 1250/4026MB (cached 93MB) CPU [36%@1479,38%@1479,36%@1479,34%@1479] EMC_FREQ 0% GR3D_FREQ 99% PLL@46.5C CPU@50C PMIC@50C GPU@47.5C AO@57C thermal@48.75C
2023-08-31 05:59:33 RAM 3495/3956MB (lfb 3x1MB) SWAP 1253/4026MB (cached 93MB) CPU [32%@1479,33%@1479,40%@1479,39%@1479] EMC_FREQ 0% GR3D_FREQ 99% PLL@46.5C CPU@50.5C PMIC@50C GPU@48C AO@57.5C thermal@49C
2023-08-31 06:00:33 RAM 3493/3956MB (lfb 3x1MB) SWAP 1255/4026MB (cached 93MB) CPU [36%@1479,36%@1479,40%@1479,38%@1479] EMC_FREQ 0% GR3D_FREQ 99% PLL@46.5C CPU@50C PMIC@50C GPU@47.5C AO@57.5C thermal@48.75C
2023-08-31 06:01:33 RAM 3487/3956MB (lfb 3x1MB) SWAP 1258/4026MB (cached 93MB) CPU [30%@1479,35%@1479,34%@1479,42%@1479] EMC_FREQ 0% GR3D_FREQ 99% PLL@46.5C CPU@51.5C PMIC@50C GPU@47.5C AO@57C thermal@48.5C
2023-08-31 06:02:33 RAM 3496/3956MB (lfb 3x1MB) SWAP 1262/4026MB (cached 93MB) CPU [33%@1479,38%@1479,33%@1479,37%@1479] EMC_FREQ 0% GR3D_FREQ 99% PLL@46.5C CPU@50C PMIC@50C GPU@47.5C AO@57C thermal@48.5C
2023-08-31 06:03:33 RAM 3486/3956MB (lfb 3x1MB) SWAP 1268/4026MB (cached 93MB) CPU [36%@1479,33%@1479,34%@1479,42%@1479] EMC_FREQ 0% GR3D_FREQ 99% PLL@46.5C CPU@50.5C PMIC@50C GPU@47.5C AO@57.5C thermal@49.25C
2023-08-31 06:04:33 RAM 3487/3956MB (lfb 3x1MB) SWAP 1268/4026MB (cached 93MB) CPU [40%@1479,37%@1479,31%@1479,35%@1479] EMC_FREQ 0% GR3D_FREQ 99% PLL@46C CPU@51.5C PMIC@50C GPU@48C AO@57.5C thermal@48.5C
2023-08-31 06:05:33 RAM 3488/3956MB (lfb 3x1MB) SWAP 1268/4026MB (cached 93MB) CPU [38%@1479,35%@1479,35%@1479,36%@1479] EMC_FREQ 0% GR3D_FREQ 99% PLL@46C CPU@51C PMIC@50C GPU@47.5C AO@57C thermal@49.25C
2023-08-31 06:06:33 RAM 3487/3956MB (lfb 3x1MB) SWAP 1268/4026MB (cached 93MB) CPU [39%@1479,33%@1479,34%@1479,40%@1479] EMC_FREQ 0% GR3D_FREQ 99% PLL@46.5C CPU@50.5C PMIC@50C GPU@47.5C AO@57.5C thermal@49C
2023-08-31 06:07:33 RAM 3495/3956MB (lfb 3x1MB) SWAP 1268/4026MB (cached 93MB) CPU [34%@1479,31%@1479,33%@1479,41%@1479] EMC_FREQ 0% GR3D_FREQ 99% PLL@46C CPU@51.5C PMIC@50C GPU@47.5C AO@57.5C thermal@48.75C
2023-08-31 06:08:33 RAM 3493/3956MB (lfb 3x1MB) SWAP 1268/4026MB (cached 93MB) CPU [38%@1479,36%@1479,35%@1479,35%@1479] EMC_FREQ 0% GR3D_FREQ 99% PLL@46C CPU@51.5C PMIC@50C GPU@47C AO@57C thermal@49.75C
2023-08-31 06:09:33 RAM 3492/3956MB (lfb 3x1MB) SWAP 1270/4026MB (cached 93MB) CPU [40%@1479,32%@1479,34%@1479,40%@1479] EMC_FREQ 0% GR3D_FREQ 99% PLL@46C CPU@51.5C PMIC@50C GPU@47.5C AO@57.5C thermal@49C
2023-08-31 06:10:33 RAM 3490/3956MB (lfb 1x2MB) SWAP 1274/4026MB (cached 93MB) CPU [35%@1479,35%@1479,36%@1479,38%@1479] EMC_FREQ 0% GR3D_FREQ 99% PLL@46.5C CPU@50C PMIC@50C GPU@47C AO@57C thermal@48.5C
2023-08-31 06:11:33 RAM 3497/3956MB (lfb 1x2MB) SWAP 1271/4026MB (cached 91MB) CPU [36%@518,34%@518,37%@518,38%@518] EMC_FREQ 0% GR3D_FREQ 99% PLL@46C CPU@49C PMIC@50C GPU@47C AO@57C thermal@48.25C
2023-08-31 06:12:33 RAM 3494/3956MB (lfb 15x1MB) SWAP 1272/4026MB (cached 91MB) CPU [37%@1479,39%@1479,38%@1479,33%@1479] EMC_FREQ 0% GR3D_FREQ 99% PLL@46C CPU@50.5C PMIC@50C GPU@47C AO@57C thermal@49.25C
2023-08-31 06:13:33 RAM 3495/3956MB (lfb 15x1MB) SWAP 1272/4026MB (cached 91MB) CPU [37%@1479,40%@1479,35%@1479,29%@1479] EMC_FREQ 0% GR3D_FREQ 99% PLL@46C CPU@51C PMIC@50C GPU@47C AO@57.5C thermal@48.75C
2023-08-31 06:14:33 RAM 3496/3956MB (lfb 15x1MB) SWAP 1272/4026MB (cached 91MB) CPU [36%@1479,38%@1479,37%@1479,32%@1479] EMC_FREQ 0% GR3D_FREQ 99% PLL@46C CPU@51C PMIC@50C GPU@47C AO@57.5C thermal@49C
2023-08-31 06:15:33 RAM 3510/3956MB (lfb 15x1MB) SWAP 1272/4026MB (cached 91MB) CPU [41%@1479,37%@1479,34%@1479,29%@1479] EMC_FREQ 0% GR3D_FREQ 99% PLL@46C CPU@50.5C PMIC@50C GPU@47.5C AO@57.5C thermal@49C
2023-08-31 06:16:33 RAM 3506/3956MB (lfb 15x1MB) SWAP 1272/4026MB (cached 91MB) CPU [40%@1479,36%@1479,34%@1479,33%@1479] EMC_FREQ 0% GR3D_FREQ 99% PLL@46C CPU@51C PMIC@50C GPU@47C AO@57.5C thermal@48C
2023-08-31 06:17:33 RAM 3507/3956MB (lfb 15x1MB) SWAP 1272/4026MB (cached 91MB) CPU [35%@710,41%@710,33%@710,35%@710] EMC_FREQ 0% GR3D_FREQ 99% PLL@45.5C CPU@49.5C PMIC@50C GPU@47C AO@57C thermal@48.5C
2023-08-31 06:18:33 RAM 3508/3956MB (lfb 15x1MB) SWAP 1272/4026MB (cached 91MB) CPU [41%@1479,36%@1479,37%@1479,33%@1479] EMC_FREQ 0% GR3D_FREQ 99% PLL@46.5C CPU@51C PMIC@50C GPU@47.5C AO@57C thermal@48.75C
2023-08-31 06:19:33 RAM 3517/3956MB (lfb 15x1MB) SWAP 1272/4026MB (cached 91MB) CPU [34%@1479,30%@1479,42%@1479,35%@1479] EMC_FREQ 0% GR3D_FREQ 99% PLL@46C CPU@51C PMIC@50C GPU@47C AO@57.5C thermal@48.5C
2023-08-31 06:20:33 RAM 3517/3956MB (lfb 15x1MB) SWAP 1272/4026MB (cached 91MB) CPU [34%@1479,39%@1479,36%@1479,35%@1479] EMC_FREQ 0% GR3D_FREQ 99% PLL@46.5C CPU@50.5C PMIC@50C GPU@47.5C AO@57C thermal@48.75C
2023-08-31 06:21:33 RAM 3517/3956MB (lfb 15x1MB) SWAP 1272/4026MB (cached 91MB) CPU [36%@1479,38%@1479,37%@1479,36%@1479] EMC_FREQ 0% GR3D_FREQ 99% PLL@46C CPU@51.5C PMIC@50C GPU@47.5C AO@57C thermal@48.75C
2023-08-31 06:22:33 RAM 3515/3956MB (lfb 14x1MB) SWAP 1275/4026MB (cached 91MB) CPU [37%@1479,33%@1479,37%@1479,41%@1479] EMC_FREQ 0% GR3D_FREQ 99% PLL@46C CPU@51C PMIC@50C GPU@47.5C AO@57.5C thermal@48.75C
2023-08-31 06:23:33 RAM 3517/3956MB (lfb 14x1MB) SWAP 1275/4026MB (cached 91MB) CPU [32%@1479,38%@1479,39%@1479,38%@1479] EMC_FREQ 0% GR3D_FREQ 0% PLL@46C CPU@49C PMIC@50C GPU@46.5C AO@57C thermal@48.75C
2023-08-31 06:24:33 RAM 3523/3956MB (lfb 14x1MB) SWAP 1275/4026MB (cached 91MB) CPU [33%@1479,36%@1479,39%@1479,33%@1479] EMC_FREQ 0% GR3D_FREQ 99% PLL@46C CPU@50C PMIC@50C GPU@47C AO@57.5C thermal@48.75C
2023-08-31 06:25:33 RAM 3525/3956MB (lfb 14x1MB) SWAP 1275/4026MB (cached 91MB) CPU [37%@1479,38%@1479,34%@1479,34%@1479] EMC_FREQ 0% GR3D_FREQ 99% PLL@46C CPU@49.5C PMIC@50C GPU@47C AO@57C thermal@48.5C
2023-08-31 06:26:33 RAM 3524/3956MB (lfb 14x1MB) SWAP 1275/4026MB (cached 91MB) CPU [41%@1479,36%@1479,32%@1479,33%@1479] EMC_FREQ 0% GR3D_FREQ 96% PLL@45.5C CPU@49C PMIC@50C GPU@47C AO@56.5C thermal@48.75C
2023-08-31 06:27:33 RAM 3524/3956MB (lfb 14x1MB) SWAP 1275/4026MB (cached 91MB) CPU [41%@1479,38%@1479,31%@1479,34%@1479] EMC_FREQ 0% GR3D_FREQ 99% PLL@46C CPU@50C PMIC@50C GPU@47C AO@56.5C thermal@49C
2023-08-31 06:28:33 RAM 3531/3956MB (lfb 14x1MB) SWAP 1275/4026MB (cached 91MB) CPU [34%@1479,36%@1479,34%@1479,36%@1479] EMC_FREQ 0% GR3D_FREQ 99% PLL@45.5C CPU@49.5C PMIC@50C GPU@47C AO@56.5C thermal@48C
2023-08-31 06:29:33 RAM 3529/3956MB (lfb 14x1MB) SWAP 1275/4026MB (cached 91MB) CPU [36%@1479,37%@1479,39%@1479,37%@1479] EMC_FREQ 0% GR3D_FREQ 62% PLL@45.5C CPU@49.5C PMIC@50C GPU@46.5C AO@57C thermal@48.25C
2023-08-31 06:30:33 RAM 3532/3956MB (lfb 14x1MB) SWAP 1275/4026MB (cached 91MB) CPU [36%@1479,35%@1479,35%@1479,37%@1479] EMC_FREQ 0% GR3D_FREQ 99% PLL@46C CPU@49.5C PMIC@50C GPU@47.5C AO@57C thermal@49C
2023-08-31 06:31:33 RAM 3532/3956MB (lfb 4x1MB) SWAP 1270/4026MB (cached 91MB) CPU [42%@1479,37%@1479,32%@1479,34%@1479] EMC_FREQ 0% GR3D_FREQ 99% PLL@48C CPU@53C PMIC@50C GPU@49.5C AO@59C thermal@50C
2023-08-31 06:32:33 RAM 3528/3956MB (lfb 4x1MB) SWAP 1270/4026MB (cached 91MB) CPU [37%@1479,37%@1479,35%@1479,35%@1479] EMC_FREQ 0% GR3D_FREQ 99% PLL@50C CPU@54C PMIC@50C GPU@51.5C AO@61C thermal@52.5C
2023-08-31 06:33:33 RAM 3536/3956MB (lfb 4x1MB) SWAP 1270/4026MB (cached 91MB) CPU [36%@1479,36%@1479,36%@1479,34%@1479] EMC_FREQ 0% GR3D_FREQ 99% PLL@52C CPU@58C PMIC@50C GPU@53.5C AO@64C thermal@55C
2023-08-31 06:34:33 RAM 3535/3956MB (lfb 4x1MB) SWAP 1271/4026MB (cached 91MB) CPU [35%@1479,34%@1479,34%@1479,40%@1479] EMC_FREQ 0% GR3D_FREQ 36% PLL@50.5C CPU@55C PMIC@50C GPU@52C AO@62C thermal@53C
2023-08-31 06:35:33 RAM 3534/3956MB (lfb 4x1MB) SWAP 1273/4026MB (cached 91MB) CPU [36%@1479,35%@1479,35%@1479,38%@1479] EMC_FREQ 0% GR3D_FREQ 99% PLL@50.5C CPU@54C PMIC@50C GPU@51.5C AO@61C thermal@53.25C
2023-08-31 06:36:33 RAM 3529/3956MB (lfb 3x1MB) SWAP 1282/4026MB (cached 91MB) CPU [36%@1479,34%@1479,39%@1479,36%@1479] EMC_FREQ 0% GR3D_FREQ 99% PLL@49C CPU@52.5C PMIC@50C GPU@50.5C AO@60.5C thermal@52.5C
2023-08-31 06:37:33 RAM 3536/3956MB (lfb 3x1MB) SWAP 1285/4026MB (cached 91MB) CPU [39%@1479,35%@1479,33%@1479,36%@1479] EMC_FREQ 0% GR3D_FREQ 94% PLL@48C CPU@52C PMIC@50C GPU@49.5C AO@59.5C thermal@51.75C
2023-08-31 06:38:33 RAM 3534/3956MB (lfb 3x1MB) SWAP 1288/4026MB (cached 91MB) CPU [31%@1479,42%@1479,35%@1479,37%@1479] EMC_FREQ 0% GR3D_FREQ 90% PLL@48C CPU@51.5C PMIC@50C GPU@49C AO@59C thermal@50.5C
2023-08-31 06:39:33 RAM 3487/3956MB (lfb 3x1MB) SWAP 1288/4026MB (cached 91MB) CPU [40%@1479,34%@1479,35%@1479,34%@1479] EMC_FREQ 0% GR3D_FREQ 44% PLL@47C CPU@51C PMIC@50C GPU@49C AO@58.5C thermal@51C
2023-08-31 06:40:33 RAM 3483/3956MB (lfb 3x1MB) SWAP 1287/4026MB (cached 91MB) CPU [39%@1479,39%@1479,41%@1479,35%@1479] EMC_FREQ 0% GR3D_FREQ 99% PLL@46.5C CPU@51.5C PMIC@50C GPU@48C AO@58C thermal@49.75C
2023-08-31 06:41:33 RAM 3489/3956MB (lfb 3x1MB) SWAP 1287/4026MB (cached 91MB) CPU [35%@1479,36%@1479,35%@1479,35%@1479] EMC_FREQ 0% GR3D_FREQ 99% PLL@46.5C CPU@50.5C PMIC@50C GPU@47.5C AO@57.5C thermal@48.75C
2023-08-31 06:42:33 RAM 3491/3956MB (lfb 3x1MB) SWAP 1286/4026MB (cached 91MB) CPU [40%@1479,33%@1479,33%@1479,36%@1479] EMC_FREQ 0% GR3D_FREQ 99% PLL@46C CPU@51.5C PMIC@50C GPU@48C AO@57C thermal@49.75C
2023-08-31 06:43:33 RAM 3487/3956MB (lfb 3x1MB) SWAP 1286/4026MB (cached 91MB) CPU [35%@1326,35%@1326,35%@1326,37%@1326] EMC_FREQ 0% GR3D_FREQ 78% PLL@46C CPU@50C PMIC@50C GPU@47.5C AO@57C thermal@49C
2023-08-31 06:44:33 RAM 3491/3956MB (lfb 3x1MB) SWAP 1288/4026MB (cached 91MB) CPU [34%@1479,37%@1479,30%@1479,34%@1479] EMC_FREQ 0% GR3D_FREQ 99% PLL@43.5C CPU@46.5C PMIC@50C GPU@44.5C AO@55.5C thermal@45.5C
2023-08-31 06:45:33 RAM 1876/3956MB (lfb 20x2MB) SWAP 1059/4026MB (cached 84MB) CPU [18%@102,14%@102,13%@102,16%@102] EMC_FREQ 0% GR3D_FREQ 0% PLL@39.5C CPU@42.5C PMIC@50C GPU@41.5C AO@50.5C thermal@42C
2023-08-31 06:46:33 RAM 1205/3956MB (lfb 3x4MB) SWAP 248/4026MB (cached 41MB) CPU [29%@102,25%@102,26%@102,27%@102] EMC_FREQ 0% GR3D_FREQ 0% PLL@36.5C CPU@40C PMIC@50C GPU@38.5C AO@47.5C thermal@39C
