2023-08-24 06:15:45 RAM 2036/3956MB (lfb 1x4MB) SWAP 811/4026MB (cached 71MB) CPU [12%@102,7%@102,6%@102,5%@102] EMC_FREQ 0% GR3D_FREQ 0% PLL@29C CPU@32C PMIC@50C GPU@32C AO@40C thermal@32C
2023-08-24 06:16:45 RAM 2244/3956MB (lfb 1x4MB) SWAP 810/4026MB (cached 71MB) CPU [26%@204,26%@204,21%@204,18%@204] EMC_FREQ 0% GR3D_FREQ 0% PLL@28C CPU@31C PMIC@50C GPU@29C AO@38.5C thermal@30.25C
2023-08-24 06:17:49 RAM 3256/3956MB (lfb 3x4MB) SWAP 830/4026MB (cached 70MB) CPU [18%@518,14%@518,12%@518,9%@518] EMC_FREQ 0% GR3D_FREQ 0% PLL@27C CPU@30C PMIC@50C GPU@29C AO@37.5C thermal@29.5C
2023-08-24 06:18:51 RAM 3419/3956MB (lfb 3x4MB) SWAP 900/4026MB (cached 57MB) CPU [16%@102,12%@102,11%@102,9%@102] EMC_FREQ 0% GR3D_FREQ 0% PLL@26.5C CPU@29.5C PMIC@50C GPU@28.5C AO@37C thermal@29C
2023-08-24 06:19:58 RAM 3378/3956MB (lfb 3x4MB) SWAP 1033/4026MB (cached 52MB) CPU [20%@1479,20%@1479,16%@1479,16%@1479] EMC_FREQ 0% GR3D_FREQ 0% PLL@26.5C CPU@29.5C PMIC@50C GPU@28.5C AO@36.5C thermal@29C
2023-08-24 06:20:55 RAM 3358/3956MB (lfb 4x4MB) SWAP 1157/4026MB (cached 52MB) CPU [20%@518,18%@518,16%@518,14%@518] EMC_FREQ 0% GR3D_FREQ 0% PLL@26C CPU@28.5C PMIC@50C GPU@28C AO@36C thermal@28.25C
2023-08-24 06:21:53 RAM 3322/3956MB (lfb 4x4MB) SWAP 1236/4026MB (cached 52MB) CPU [18%@102,17%@102,18%@102,12%@102] EMC_FREQ 0% GR3D_FREQ 0% PLL@25.5C CPU@28.5C PMIC@50C GPU@27.5C AO@35.5C thermal@28C
2023-08-24 06:22:52 RAM 3286/3956MB (lfb 4x4MB) SWAP 1317/4026MB (cached 55MB) CPU [20%@102,16%@102,15%@102,10%@102] EMC_FREQ 0% GR3D_FREQ 0% PLL@25.5C CPU@28.5C PMIC@50C GPU@27C AO@35.5C thermal@29C
2023-08-24 06:23:55 RAM 3319/3956MB (lfb 88x4MB) SWAP 1445/4026MB (cached 99MB) CPU [17%@102,13%@102,13%@102,10%@102] EMC_FREQ 0% GR3D_FREQ 0% PLL@25.5C CPU@28.5C PMIC@50C GPU@27.5C AO@36C thermal@28C
2023-08-24 06:24:57 RAM 3352/3956MB (lfb 88x4MB) SWAP 1528/4026MB (cached 104MB) CPU [11%@204,10%@204,10%@204,6%@204] EMC_FREQ 0% GR3D_FREQ 0% PLL@25C CPU@28C PMIC@50C GPU@27C AO@35.5C thermal@28C
2023-08-24 06:25:54 RAM 3281/3956MB (lfb 88x4MB) SWAP 1658/4026MB (cached 106MB) CPU [15%@307,10%@307,14%@307,8%@307] EMC_FREQ 0% GR3D_FREQ 0% PLL@25C CPU@28.5C PMIC@50C GPU@27C AO@35.5C thermal@28C
2023-08-24 06:26:54 RAM 3261/3956MB (lfb 88x4MB) SWAP 1737/4026MB (cached 110MB) CPU [22%@1428,18%@1428,18%@1428,17%@1428] EMC_FREQ 0% GR3D_FREQ 99% PLL@28C CPU@32C PMIC@50C GPU@30C AO@38C thermal@31C
2023-08-24 06:27:54 RAM 3254/3956MB (lfb 88x4MB) SWAP 1735/4026MB (cached 113MB) CPU [21%@1479,21%@1479,21%@1479,18%@1479] EMC_FREQ 0% GR3D_FREQ 99% PLL@30.5C CPU@35C PMIC@50C GPU@32C AO@40.5C thermal@33C
2023-08-24 06:28:54 RAM 3249/3956MB (lfb 88x4MB) SWAP 1754/4026MB (cached 113MB) CPU [23%@1479,20%@1479,21%@1479,18%@1479] EMC_FREQ 0% GR3D_FREQ 99% PLL@32.5C CPU@36C PMIC@50C GPU@33.5C AO@43C thermal@35C
2023-08-24 06:29:54 RAM 3237/3956MB (lfb 88x4MB) SWAP 1766/4026MB (cached 113MB) CPU [20%@825,23%@825,22%@825,17%@825] EMC_FREQ 0% GR3D_FREQ 49% PLL@33C CPU@37C PMIC@50C GPU@34.5C AO@43.5C thermal@35.5C
2023-08-24 06:30:54 RAM 3237/3956MB (lfb 88x4MB) SWAP 1793/4026MB (cached 114MB) CPU [25%@1036,21%@1036,20%@1036,18%@1036] EMC_FREQ 0% GR3D_FREQ 99% PLL@32C CPU@36.5C PMIC@50C GPU@33C AO@43.5C thermal@34.5C
2023-08-24 06:31:54 RAM 3246/3956MB (lfb 88x4MB) SWAP 1805/4026MB (cached 114MB) CPU [21%@1479,21%@1479,21%@1479,19%@1479] EMC_FREQ 0% GR3D_FREQ 99% PLL@35C CPU@39C PMIC@50C GPU@35.5C AO@45C thermal@36.5C
2023-08-24 06:32:54 RAM 3238/3956MB (lfb 88x4MB) SWAP 1805/4026MB (cached 114MB) CPU [20%@518,19%@518,20%@518,20%@518] EMC_FREQ 0% GR3D_FREQ 99% PLL@34.5C CPU@38C PMIC@50C GPU@36C AO@45C thermal@38.25C
2023-08-24 06:33:54 RAM 3241/3956MB (lfb 88x4MB) SWAP 1807/4026MB (cached 114MB) CPU [21%@204,20%@204,22%@204,18%@204] EMC_FREQ 0% GR3D_FREQ 99% PLL@34.5C CPU@38.5C PMIC@50C GPU@36.5C AO@45.5C thermal@37.5C
2023-08-24 06:34:54 RAM 3250/3956MB (lfb 88x4MB) SWAP 1810/4026MB (cached 114MB) CPU [22%@102,22%@102,25%@102,25%@102] EMC_FREQ 0% GR3D_FREQ 99% PLL@35C CPU@40C PMIC@50C GPU@37.5C AO@46C thermal@38.75C
2023-08-24 06:35:54 RAM 3247/3956MB (lfb 88x4MB) SWAP 1819/4026MB (cached 113MB) CPU [21%@307,21%@307,21%@307,19%@307] EMC_FREQ 0% GR3D_FREQ 99% PLL@35.5C CPU@40C PMIC@50C GPU@38C AO@46.5C thermal@38.75C
2023-08-24 06:36:54 RAM 3243/3956MB (lfb 88x4MB) SWAP 1819/4026MB (cached 113MB) CPU [21%@307,19%@307,21%@307,19%@307] EMC_FREQ 0% GR3D_FREQ 99% PLL@36C CPU@40.5C PMIC@50C GPU@38.5C AO@47C thermal@39.75C
2023-08-24 06:37:54 RAM 3247/3956MB (lfb 88x4MB) SWAP 1819/4026MB (cached 113MB) CPU [20%@102,20%@102,20%@102,19%@102] EMC_FREQ 0% GR3D_FREQ 99% PLL@36C CPU@40C PMIC@50C GPU@38C AO@47C thermal@39.5C
2023-08-24 06:38:54 RAM 3249/3956MB (lfb 88x4MB) SWAP 1819/4026MB (cached 113MB) CPU [23%@518,21%@518,28%@518,21%@518] EMC_FREQ 0% GR3D_FREQ 99% PLL@36.5C CPU@40.5C PMIC@50C GPU@38.5C AO@47C thermal@39C
2023-08-24 06:39:54 RAM 3249/3956MB (lfb 88x4MB) SWAP 1820/4026MB (cached 113MB) CPU [20%@1036,20%@1036,20%@1036,19%@1036] EMC_FREQ 0% GR3D_FREQ 99% PLL@36.5C CPU@40.5C PMIC@50C GPU@38C AO@47C thermal@39C
2023-08-24 06:40:54 RAM 3247/3956MB (lfb 88x4MB) SWAP 1820/4026MB (cached 113MB) CPU [21%@1479,20%@1479,20%@1479,18%@1479] EMC_FREQ 0% GR3D_FREQ 99% PLL@36.5C CPU@40.5C PMIC@50C GPU@38C AO@47C thermal@39C
2023-08-24 06:41:54 RAM 3249/3956MB (lfb 88x4MB) SWAP 1822/4026MB (cached 113MB) CPU [19%@102,20%@102,19%@102,20%@102] EMC_FREQ 0% GR3D_FREQ 99% PLL@35C CPU@40C PMIC@50C GPU@37.5C AO@46.5C thermal@38.75C
2023-08-24 06:42:54 RAM 3250/3956MB (lfb 88x4MB) SWAP 1822/4026MB (cached 113MB) CPU [28%@204,23%@204,22%@204,20%@204] EMC_FREQ 0% GR3D_FREQ 99% PLL@35.5C CPU@40C PMIC@50C GPU@38.5C AO@46.5C thermal@39.25C
2023-08-24 06:43:54 RAM 3256/3956MB (lfb 88x4MB) SWAP 1822/4026MB (cached 113MB) CPU [21%@1479,19%@1479,21%@1479,20%@1479] EMC_FREQ 0% GR3D_FREQ 99% PLL@36.5C CPU@40.5C PMIC@50C GPU@38C AO@47C thermal@38.75C
2023-08-24 06:44:54 RAM 3255/3956MB (lfb 88x4MB) SWAP 1821/4026MB (cached 113MB) CPU [21%@1479,19%@1479,19%@1479,21%@1479] EMC_FREQ 0% GR3D_FREQ 99% PLL@36C CPU@40C PMIC@50C GPU@38C AO@47C thermal@39C
2023-08-24 06:45:54 RAM 3232/3956MB (lfb 88x4MB) SWAP 1800/4026MB (cached 112MB) CPU [23%@1224,24%@1224,23%@1224,21%@1224] EMC_FREQ 0% GR3D_FREQ 99% PLL@36C CPU@40.5C PMIC@50C GPU@37.5C AO@47C thermal@39.25C
2023-08-24 06:46:54 RAM 3240/3956MB (lfb 88x4MB) SWAP 1799/4026MB (cached 112MB) CPU [21%@921,19%@921,21%@921,20%@921] EMC_FREQ 0% GR3D_FREQ 99% PLL@36.5C CPU@40.5C PMIC@50C GPU@38C AO@47C thermal@39C
2023-08-24 06:47:54 RAM 3235/3956MB (lfb 88x4MB) SWAP 1798/4026MB (cached 112MB) CPU [21%@1224,21%@1224,19%@1224,19%@1224] EMC_FREQ 0% GR3D_FREQ 99% PLL@36C CPU@41C PMIC@50C GPU@38.5C AO@47.5C thermal@39.5C
2023-08-24 06:48:54 RAM 3238/3956MB (lfb 88x4MB) SWAP 1798/4026MB (cached 113MB) CPU [21%@1479,19%@1479,20%@1479,19%@1479] EMC_FREQ 0% GR3D_FREQ 99% PLL@36C CPU@40.5C PMIC@50C GPU@38C AO@47C thermal@39C
2023-08-24 06:49:54 RAM 3235/3956MB (lfb 88x4MB) SWAP 1802/4026MB (cached 113MB) CPU [23%@1326,19%@1326,26%@1326,23%@1326] EMC_FREQ 0% GR3D_FREQ 13% PLL@35.5C CPU@40C PMIC@50C GPU@37.5C AO@46.5C thermal@38.75C
2023-08-24 06:50:54 RAM 3239/3956MB (lfb 88x4MB) SWAP 1806/4026MB (cached 113MB) CPU [21%@1479,21%@1479,20%@1479,18%@1479] EMC_FREQ 0% GR3D_FREQ 99% PLL@36C CPU@41C PMIC@50C GPU@38C AO@47C thermal@38.5C
2023-08-24 06:51:54 RAM 3234/3956MB (lfb 88x4MB) SWAP 1806/4026MB (cached 113MB) CPU [21%@204,20%@204,20%@204,19%@204] EMC_FREQ 0% GR3D_FREQ 99% PLL@36C CPU@40C PMIC@50C GPU@38C AO@46.5C thermal@39.25C
2023-08-24 06:52:54 RAM 3235/3956MB (lfb 88x4MB) SWAP 1806/4026MB (cached 113MB) CPU [20%@403,18%@403,21%@403,20%@403] EMC_FREQ 0% GR3D_FREQ 99% PLL@36C CPU@40C PMIC@50C GPU@38C AO@46.5C thermal@38.75C
2023-08-24 06:53:54 RAM 3239/3956MB (lfb 88x4MB) SWAP 1806/4026MB (cached 113MB) CPU [22%@614,20%@614,29%@614,23%@614] EMC_FREQ 0% GR3D_FREQ 93% PLL@36C CPU@40C PMIC@50C GPU@38C AO@46.5C thermal@38.25C
2023-08-24 06:54:54 RAM 3243/3956MB (lfb 88x4MB) SWAP 1808/4026MB (cached 112MB) CPU [19%@1479,19%@1479,21%@1479,20%@1479] EMC_FREQ 0% GR3D_FREQ 99% PLL@36.5C CPU@40.5C PMIC@50C GPU@38C AO@47C thermal@39.25C
2023-08-24 06:55:54 RAM 3237/3956MB (lfb 88x4MB) SWAP 1805/4026MB (cached 113MB) CPU [21%@1479,20%@1479,20%@1479,20%@1479] EMC_FREQ 0% GR3D_FREQ 99% PLL@36C CPU@40C PMIC@50C GPU@38C AO@47C thermal@39C
2023-08-24 06:56:54 RAM 3241/3956MB (lfb 88x4MB) SWAP 1805/4026MB (cached 113MB) CPU [22%@102,20%@102,20%@102,18%@102] EMC_FREQ 0% GR3D_FREQ 99% PLL@35.5C CPU@39.5C PMIC@50C GPU@37.5C AO@46.5C thermal@39.25C
2023-08-24 06:57:54 RAM 3243/3956MB (lfb 88x4MB) SWAP 1806/4026MB (cached 112MB) CPU [22%@825,22%@825,26%@825,23%@825] EMC_FREQ 0% GR3D_FREQ 99% PLL@36C CPU@40C PMIC@50C GPU@38.5C AO@47C thermal@40C
2023-08-24 06:58:54 RAM 3242/3956MB (lfb 88x4MB) SWAP 1807/4026MB (cached 112MB) CPU [20%@825,18%@825,20%@825,20%@825] EMC_FREQ 0% GR3D_FREQ 99% PLL@35.5C CPU@39.5C PMIC@50C GPU@37.5C AO@46.5C thermal@39C
2023-08-24 06:59:54 RAM 3240/3956MB (lfb 88x4MB) SWAP 1806/4026MB (cached 112MB) CPU [22%@1479,19%@1479,21%@1479,18%@1479] EMC_FREQ 0% GR3D_FREQ 99% PLL@35.5C CPU@41C PMIC@50C GPU@37.5C AO@47C thermal@38.75C
2023-08-24 07:00:54 RAM 3244/3956MB (lfb 88x4MB) SWAP 1809/4026MB (cached 114MB) CPU [22%@1479,23%@1479,22%@1479,21%@1479] EMC_FREQ 0% GR3D_FREQ 99% PLL@36C CPU@40.5C PMIC@50C GPU@38C AO@47C thermal@39.25C
2023-08-24 07:01:54 RAM 3232/3956MB (lfb 88x4MB) SWAP 1828/4026MB (cached 114MB) CPU [24%@614,25%@614,27%@614,24%@614] EMC_FREQ 0% GR3D_FREQ 94% PLL@35.5C CPU@40C PMIC@50C GPU@38C AO@46.5C thermal@39C
2023-08-24 07:02:54 RAM 3233/3956MB (lfb 88x4MB) SWAP 1829/4026MB (cached 113MB) CPU [20%@204,19%@204,21%@204,21%@204] EMC_FREQ 0% GR3D_FREQ 99% PLL@36.5C CPU@40C PMIC@50C GPU@39C AO@47C thermal@39.25C
2023-08-24 07:03:54 RAM 3241/3956MB (lfb 88x4MB) SWAP 1835/4026MB (cached 113MB) CPU [22%@1479,21%@1479,20%@1479,18%@1479] EMC_FREQ 0% GR3D_FREQ 99% PLL@36.5C CPU@42C PMIC@50C GPU@38.5C AO@47C thermal@40.5C
2023-08-24 07:04:54 RAM 3224/3956MB (lfb 88x4MB) SWAP 1835/4026MB (cached 113MB) CPU [27%@102,22%@102,28%@102,21%@102] EMC_FREQ 0% GR3D_FREQ 99% PLL@36.5C CPU@40C PMIC@50C GPU@38C AO@47.5C thermal@39.5C
2023-08-24 07:05:54 RAM 3229/3956MB (lfb 88x4MB) SWAP 1835/4026MB (cached 113MB) CPU [20%@1479,19%@1479,21%@1479,20%@1479] EMC_FREQ 0% GR3D_FREQ 99% PLL@37C CPU@41.5C PMIC@50C GPU@38.5C AO@47.5C thermal@39.25C
2023-08-24 07:06:54 RAM 3215/3956MB (lfb 88x4MB) SWAP 1845/4026MB (cached 113MB) CPU [19%@204,19%@204,21%@204,20%@204] EMC_FREQ 0% GR3D_FREQ 99% PLL@36.5C CPU@41C PMIC@50C GPU@38.5C AO@47C thermal@39.25C
2023-08-24 07:07:54 RAM 3218/3956MB (lfb 88x4MB) SWAP 1850/4026MB (cached 113MB) CPU [22%@1479,18%@1479,21%@1479,19%@1479] EMC_FREQ 0% GR3D_FREQ 99% PLL@36.5C CPU@42C PMIC@50C GPU@39C AO@47.5C thermal@39.75C
2023-08-24 07:08:54 RAM 3217/3956MB (lfb 88x4MB) SWAP 1855/4026MB (cached 113MB) CPU [23%@102,23%@102,27%@102,22%@102] EMC_FREQ 0% GR3D_FREQ 92% PLL@36.5C CPU@40C PMIC@50C GPU@38C AO@47.5C thermal@39.5C
2023-08-24 07:09:54 RAM 3218/3956MB (lfb 88x4MB) SWAP 1862/4026MB (cached 113MB) CPU [20%@1479,21%@1479,22%@1479,19%@1479] EMC_FREQ 0% GR3D_FREQ 99% PLL@37C CPU@41C PMIC@50C GPU@38.5C AO@47.5C thermal@39.25C
2023-08-24 07:10:54 RAM 3210/3956MB (lfb 88x4MB) SWAP 1865/4026MB (cached 113MB) CPU [22%@204,20%@204,21%@204,19%@204] EMC_FREQ 0% GR3D_FREQ 99% PLL@36.5C CPU@40.5C PMIC@50C GPU@39C AO@47C thermal@40C
2023-08-24 07:11:54 RAM 3215/3956MB (lfb 88x4MB) SWAP 1868/4026MB (cached 113MB) CPU [22%@204,18%@204,22%@204,18%@204] EMC_FREQ 0% GR3D_FREQ 99% PLL@36C CPU@40.5C PMIC@50C GPU@38.5C AO@47C thermal@39C
2023-08-24 07:12:54 RAM 3220/3956MB (lfb 88x4MB) SWAP 1871/4026MB (cached 113MB) CPU [24%@204,23%@204,23%@204,23%@204] EMC_FREQ 0% GR3D_FREQ 99% PLL@36.5C CPU@40C PMIC@50C GPU@39C AO@47C thermal@39.25C
2023-08-24 07:13:54 RAM 3223/3956MB (lfb 88x4MB) SWAP 1869/4026MB (cached 113MB) CPU [20%@1479,19%@1479,20%@1479,19%@1479] EMC_FREQ 0% GR3D_FREQ 99% PLL@36.5C CPU@40.5C PMIC@50C GPU@38C AO@47C thermal@39.25C
2023-08-24 07:14:54 RAM 3220/3956MB (lfb 88x4MB) SWAP 1869/4026MB (cached 113MB) CPU [20%@102,20%@102,20%@102,20%@102] EMC_FREQ 0% GR3D_FREQ 97% PLL@35.5C CPU@39.5C PMIC@50C GPU@38C AO@46.5C thermal@39.5C
2023-08-24 07:15:54 RAM 3221/3956MB (lfb 88x4MB) SWAP 1869/4026MB (cached 113MB) CPU [23%@1479,22%@1479,21%@1479,21%@1479] EMC_FREQ 0% GR3D_FREQ 99% PLL@36.5C CPU@42C PMIC@50C GPU@38.5C AO@47C thermal@39.25C
2023-08-24 07:16:54 RAM 3229/3956MB (lfb 88x4MB) SWAP 1868/4026MB (cached 113MB) CPU [22%@102,22%@102,22%@102,19%@102] EMC_FREQ 0% GR3D_FREQ 95% PLL@35.5C CPU@39.5C PMIC@50C GPU@37.5C AO@46.5C thermal@39.25C
2023-08-24 07:17:54 RAM 3225/3956MB (lfb 88x4MB) SWAP 1868/4026MB (cached 113MB) CPU [22%@204,19%@403,20%@403,18%@403] EMC_FREQ 0% GR3D_FREQ 99% PLL@36C CPU@40C PMIC@50C GPU@38C AO@46.5C thermal@39.75C
2023-08-24 07:18:54 RAM 3222/3956MB (lfb 88x4MB) SWAP 1879/4026MB (cached 112MB) CPU [22%@102,20%@102,20%@102,19%@102] EMC_FREQ 0% GR3D_FREQ 98% PLL@35.5C CPU@39C PMIC@50C GPU@37.5C AO@46.5C thermal@39.25C
2023-08-24 07:19:54 RAM 3219/3956MB (lfb 88x4MB) SWAP 1882/4026MB (cached 112MB) CPU [25%@1479,23%@1479,23%@1479,23%@1479] EMC_FREQ 0% GR3D_FREQ 34% PLL@36.5C CPU@40C PMIC@50C GPU@38C AO@47C thermal@39.5C
2023-08-24 07:20:54 RAM 3223/3956MB (lfb 88x4MB) SWAP 1882/4026MB (cached 112MB) CPU [21%@102,20%@102,21%@102,18%@102] EMC_FREQ 0% GR3D_FREQ 99% PLL@36C CPU@40C PMIC@50C GPU@38C AO@47C thermal@39C
2023-08-24 16:54:11 RAM 3213/3956MB (lfb 88x4MB) SWAP 1901/4026MB (cached 119MB) CPU [24%@1326,20%@1326,19%@1326,19%@1326] EMC_FREQ 0% GR3D_FREQ 99% PLL@37C CPU@41.5C PMIC@50C GPU@39C AO@47.5C thermal@40.25C
2023-08-24 16:55:11 RAM 3230/3956MB (lfb 88x4MB) SWAP 1923/4026MB (cached 116MB) CPU [16%@1224,17%@1224,18%@1224,18%@1224] EMC_FREQ 0% GR3D_FREQ 99% PLL@35C CPU@39C PMIC@50C GPU@36.5C AO@46C thermal@37.75C
2023-08-24 16:56:11 RAM 3210/3956MB (lfb 88x4MB) SWAP 1942/4026MB (cached 114MB) CPU [18%@1479,15%@1479,18%@1479,18%@1479] EMC_FREQ 0% GR3D_FREQ 99% PLL@33C CPU@37.5C PMIC@50C GPU@35C AO@43.5C thermal@35.75C
2023-08-24 16:57:11 RAM 3206/3956MB (lfb 88x4MB) SWAP 1952/4026MB (cached 113MB) CPU [18%@1224,15%@1224,16%@1224,15%@1224] EMC_FREQ 0% GR3D_FREQ 99% PLL@32C CPU@36C PMIC@50C GPU@34C AO@43C thermal@35.5C
2023-08-24 16:58:11 RAM 3197/3956MB (lfb 88x4MB) SWAP 1957/4026MB (cached 113MB) CPU [17%@1479,18%@1479,16%@1479,15%@1479] EMC_FREQ 0% GR3D_FREQ 99% PLL@32.5C CPU@36.5C PMIC@50C GPU@34C AO@43C thermal@35.5C
2023-08-24 16:59:11 RAM 3199/3956MB (lfb 88x4MB) SWAP 1956/4026MB (cached 113MB) CPU [20%@1224,16%@1224,15%@1224,12%@1224] EMC_FREQ 0% GR3D_FREQ 99% PLL@31.5C CPU@36C PMIC@50C GPU@33.5C AO@42.5C thermal@35.25C
2023-08-24 17:00:11 RAM 3210/3956MB (lfb 88x4MB) SWAP 1956/4026MB (cached 113MB) CPU [24%@1479,18%@1479,15%@1479,23%@1479] EMC_FREQ 0% GR3D_FREQ 92% PLL@32C CPU@36C PMIC@50C GPU@34C AO@42.5C thermal@35.25C
2023-08-24 17:01:11 RAM 3208/3956MB (lfb 88x4MB) SWAP 1953/4026MB (cached 113MB) CPU [15%@1224,16%@1224,16%@1224,16%@1224] EMC_FREQ 0% GR3D_FREQ 99% PLL@31.5C CPU@36C PMIC@50C GPU@33.5C AO@42C thermal@35C
2023-08-24 17:02:11 RAM 3212/3956MB (lfb 88x4MB) SWAP 1953/4026MB (cached 113MB) CPU [16%@1479,17%@1479,16%@1479,17%@1479] EMC_FREQ 0% GR3D_FREQ 99% PLL@32C CPU@36.5C PMIC@50C GPU@33.5C AO@41.5C thermal@35C
2023-08-24 17:03:11 RAM 3205/3956MB (lfb 88x4MB) SWAP 1954/4026MB (cached 113MB) CPU [16%@1479,15%@1479,17%@1479,16%@1479] EMC_FREQ 0% GR3D_FREQ 99% PLL@32C CPU@36C PMIC@50C GPU@33.5C AO@42C thermal@34C
2023-08-24 17:04:11 RAM 3210/3956MB (lfb 88x4MB) SWAP 1954/4026MB (cached 113MB) CPU [20%@1224,20%@1224,21%@1224,19%@1224] EMC_FREQ 0% GR3D_FREQ 99% PLL@32C CPU@36.5C PMIC@50C GPU@33.5C AO@42C thermal@34.25C
2023-08-24 17:05:11 RAM 3198/3956MB (lfb 88x4MB) SWAP 1959/4026MB (cached 110MB) CPU [17%@1224,16%@1224,16%@1224,17%@1224] EMC_FREQ 0% GR3D_FREQ 99% PLL@31.5C CPU@36C PMIC@50C GPU@34C AO@42C thermal@34.75C
2023-08-24 17:06:11 RAM 3203/3956MB (lfb 88x4MB) SWAP 1959/4026MB (cached 109MB) CPU [15%@1224,17%@1224,15%@1224,17%@1224] EMC_FREQ 0% GR3D_FREQ 99% PLL@31.5C CPU@35.5C PMIC@50C GPU@33.5C AO@41.5C thermal@34C
2023-08-24 17:07:11 RAM 3189/3956MB (lfb 88x4MB) SWAP 1974/4026MB (cached 109MB) CPU [18%@1479,20%@1479,19%@1479,18%@1479] EMC_FREQ 0% GR3D_FREQ 99% PLL@32C CPU@36.5C PMIC@50C GPU@34C AO@42.5C thermal@35.75C
2023-08-24 17:08:11 RAM 3194/3956MB (lfb 88x4MB) SWAP 1976/4026MB (cached 109MB) CPU [17%@1224,16%@1224,19%@1224,15%@1224] EMC_FREQ 0% GR3D_FREQ 91% PLL@31C CPU@35.5C PMIC@50C GPU@34C AO@41.5C thermal@34.5C
2023-08-24 17:09:11 RAM 3184/3956MB (lfb 88x4MB) SWAP 2008/4026MB (cached 137MB) CPU [15%@1224,17%@1224,16%@1224,15%@1224] EMC_FREQ 0% GR3D_FREQ 99% PLL@31C CPU@35C PMIC@50C GPU@33C AO@41.5C thermal@34C
2023-08-24 17:10:11 RAM 3189/3956MB (lfb 88x4MB) SWAP 2007/4026MB (cached 136MB) CPU [16%@1479,16%@1479,16%@1479,15%@1479] EMC_FREQ 0% GR3D_FREQ 67% PLL@31C CPU@35C PMIC@50C GPU@33C AO@41.5C thermal@34.75C
2023-08-24 17:11:11 RAM 3191/3956MB (lfb 88x4MB) SWAP 2007/4026MB (cached 136MB) CPU [20%@1224,20%@1224,20%@1224,22%@1224] EMC_FREQ 0% GR3D_FREQ 99% PLL@31C CPU@36C PMIC@50C GPU@34C AO@42C thermal@35.5C
2023-08-24 17:12:11 RAM 3196/3956MB (lfb 88x4MB) SWAP 2007/4026MB (cached 136MB) CPU [16%@1224,15%@1224,15%@1224,15%@1224] EMC_FREQ 0% GR3D_FREQ 99% PLL@31.5C CPU@36C PMIC@50C GPU@33.5C AO@42C thermal@35C
2023-08-24 17:13:11 RAM 3193/3956MB (lfb 88x4MB) SWAP 2007/4026MB (cached 136MB) CPU [15%@1224,16%@1224,16%@1224,16%@1224] EMC_FREQ 0% GR3D_FREQ 99% PLL@31.5C CPU@35C PMIC@50C GPU@33C AO@42C thermal@35.25C
2023-08-24 17:14:11 RAM 3197/3956MB (lfb 88x4MB) SWAP 2005/4026MB (cached 135MB) CPU [16%@1224,16%@1224,15%@1224,14%@1224] EMC_FREQ 0% GR3D_FREQ 99% PLL@31C CPU@35.5C PMIC@50C GPU@33.5C AO@42C thermal@35.75C
2023-08-24 17:15:11 RAM 3190/3956MB (lfb 88x4MB) SWAP 2005/4026MB (cached 131MB) CPU [21%@1224,21%@1224,18%@1224,21%@1224] EMC_FREQ 0% GR3D_FREQ 99% PLL@32C CPU@36.5C PMIC@50C GPU@33.5C AO@42.5C thermal@35C
2023-08-24 17:16:11 RAM 3193/3956MB (lfb 88x4MB) SWAP 2005/4026MB (cached 128MB) CPU [16%@1479,15%@1479,16%@1479,15%@1479] EMC_FREQ 0% GR3D_FREQ 99% PLL@31.5C CPU@37.5C PMIC@50C GPU@34C AO@42C thermal@35.25C
2023-08-24 17:17:11 RAM 3195/3956MB (lfb 88x4MB) SWAP 2005/4026MB (cached 125MB) CPU [15%@1479,15%@1479,16%@1479,16%@1479] EMC_FREQ 0% GR3D_FREQ 99% PLL@31.5C CPU@35.5C PMIC@50C GPU@33.5C AO@42C thermal@34.5C
2023-08-24 17:18:11 RAM 3185/3956MB (lfb 88x4MB) SWAP 2004/4026MB (cached 122MB) CPU [18%@1479,19%@1479,21%@1479,21%@1479] EMC_FREQ 0% GR3D_FREQ 99% PLL@32.5C CPU@37.5C PMIC@50C GPU@34C AO@43C thermal@36.25C
2023-08-24 17:19:11 RAM 3187/3956MB (lfb 88x4MB) SWAP 2004/4026MB (cached 119MB) CPU [17%@1224,17%@1224,16%@1224,16%@1224] EMC_FREQ 0% GR3D_FREQ 99% PLL@32C CPU@37C PMIC@50C GPU@34C AO@42.5C thermal@34.75C
2023-08-24 17:20:11 RAM 3179/3956MB (lfb 88x4MB) SWAP 2004/4026MB (cached 116MB) CPU [15%@1224,17%@1224,17%@1224,15%@1224] EMC_FREQ 0% GR3D_FREQ 99% PLL@32C CPU@37C PMIC@50C GPU@34C AO@42C thermal@34.75C
2023-08-24 17:21:11 RAM 3180/3956MB (lfb 88x4MB) SWAP 2004/4026MB (cached 114MB) CPU [16%@1224,16%@1224,15%@1224,15%@1224] EMC_FREQ 0% GR3D_FREQ 90% PLL@31.5C CPU@35.5C PMIC@50C GPU@33.5C AO@42C thermal@35C
2023-08-24 17:22:11 RAM 3170/3956MB (lfb 88x4MB) SWAP 2014/4026MB (cached 102MB) CPU [21%@1224,19%@1224,25%@1224,19%@1224] EMC_FREQ 0% GR3D_FREQ 99% PLL@32C CPU@36.5C PMIC@50C GPU@34C AO@42.5C thermal@35.25C
2023-08-24 17:23:11 RAM 3163/3956MB (lfb 88x4MB) SWAP 2014/4026MB (cached 102MB) CPU [16%@1479,15%@1479,15%@1479,16%@1479] EMC_FREQ 0% GR3D_FREQ 88% PLL@32C CPU@36.5C PMIC@50C GPU@34C AO@42.5C thermal@35.5C
2023-08-24 17:24:11 RAM 3159/3956MB (lfb 88x4MB) SWAP 2014/4026MB (cached 101MB) CPU [17%@1224,15%@1224,17%@1224,14%@1224] EMC_FREQ 0% GR3D_FREQ 99% PLL@31.5C CPU@36.5C PMIC@50C GPU@33.5C AO@41.5C thermal@35.25C
2023-08-24 17:25:11 RAM 3163/3956MB (lfb 88x4MB) SWAP 2014/4026MB (cached 101MB) CPU [16%@1479,15%@1479,17%@1479,15%@1479] EMC_FREQ 0% GR3D_FREQ 99% PLL@32.5C CPU@36.5C PMIC@50C GPU@33.5C AO@42.5C thermal@34.5C
2023-08-24 17:26:11 RAM 3155/3956MB (lfb 88x4MB) SWAP 2014/4026MB (cached 90MB) CPU [22%@1224,20%@1224,19%@1224,20%@1224] EMC_FREQ 0% GR3D_FREQ 89% PLL@32.5C CPU@36.5C PMIC@50C GPU@34.5C AO@42.5C thermal@35C
2023-08-24 17:27:11 RAM 3161/3956MB (lfb 88x4MB) SWAP 2014/4026MB (cached 90MB) CPU [17%@1224,15%@1224,16%@1224,14%@1224] EMC_FREQ 0% GR3D_FREQ 97% PLL@32C CPU@35.5C PMIC@50C GPU@33.5C AO@42.5C thermal@35C
2023-08-24 17:28:11 RAM 3155/3956MB (lfb 88x4MB) SWAP 2014/4026MB (cached 90MB) CPU [17%@1224,16%@1224,15%@1224,16%@1224] EMC_FREQ 0% GR3D_FREQ 99% PLL@31.5C CPU@36.5C PMIC@50C GPU@34C AO@42C thermal@34.75C
2023-08-24 17:29:11 RAM 3160/3956MB (lfb 88x4MB) SWAP 2014/4026MB (cached 90MB) CPU [18%@1479,19%@1479,21%@1479,18%@1479] EMC_FREQ 0% GR3D_FREQ 68% PLL@33C CPU@37C PMIC@50C GPU@34.5C AO@43C thermal@36C
2023-08-24 17:30:11 RAM 3156/3956MB (lfb 88x4MB) SWAP 2014/4026MB (cached 90MB) CPU [17%@1479,16%@1479,16%@1479,18%@1479] EMC_FREQ 0% GR3D_FREQ 99% PLL@33C CPU@37C PMIC@50C GPU@34C AO@43C thermal@35C
2023-08-24 17:31:11 RAM 3160/3956MB (lfb 88x4MB) SWAP 2013/4026MB (cached 90MB) CPU [17%@1479,15%@1479,14%@1479,15%@1479] EMC_FREQ 0% GR3D_FREQ 99% PLL@32C CPU@36.5C PMIC@50C GPU@34C AO@42.5C thermal@34.75C
2023-08-24 17:32:11 RAM 3153/3956MB (lfb 88x4MB) SWAP 2012/4026MB (cached 83MB) CPU [15%@1479,15%@1479,15%@1479,16%@1479] EMC_FREQ 0% GR3D_FREQ 99% PLL@32C CPU@36.5C PMIC@50C GPU@34.5C AO@42.5C thermal@34.75C
2023-08-24 17:33:11 RAM 3156/3956MB (lfb 88x4MB) SWAP 2012/4026MB (cached 83MB) CPU [19%@1224,19%@1224,20%@1224,21%@1224] EMC_FREQ 0% GR3D_FREQ 99% PLL@32C CPU@36.5C PMIC@50C GPU@34C AO@42.5C thermal@34.5C
2023-08-24 17:34:11 RAM 3152/3956MB (lfb 88x4MB) SWAP 2012/4026MB (cached 83MB) CPU [17%@1224,16%@1224,15%@1224,15%@1224] EMC_FREQ 0% GR3D_FREQ 99% PLL@31.5C CPU@35.5C PMIC@50C GPU@33.5C AO@42C thermal@35C
2023-08-24 17:35:11 RAM 3156/3956MB (lfb 88x4MB) SWAP 2012/4026MB (cached 83MB) CPU [14%@1224,15%@1224,17%@1224,16%@1224] EMC_FREQ 0% GR3D_FREQ 99% PLL@31.5C CPU@35C PMIC@50C GPU@33.5C AO@42C thermal@34.75C
2023-08-24 17:36:11 RAM 3154/3956MB (lfb 88x4MB) SWAP 2012/4026MB (cached 83MB) CPU [17%@1479,14%@1479,15%@1479,16%@1479] EMC_FREQ 0% GR3D_FREQ 98% PLL@32C CPU@36C PMIC@50C GPU@33.5C AO@42C thermal@34.75C
2023-08-24 17:37:11 RAM 3162/3956MB (lfb 88x4MB) SWAP 2012/4026MB (cached 83MB) CPU [21%@1224,18%@1224,19%@1224,20%@1224] EMC_FREQ 0% GR3D_FREQ 99% PLL@31.5C CPU@36.5C PMIC@50C GPU@34.5C AO@42.5C thermal@35.25C
2023-08-24 17:38:11 RAM 3161/3956MB (lfb 88x4MB) SWAP 2013/4026MB (cached 79MB) CPU [16%@1224,16%@1224,14%@1224,15%@1224] EMC_FREQ 0% GR3D_FREQ 99% PLL@31.5C CPU@36C PMIC@50C GPU@33.5C AO@42C thermal@35C
2023-08-24 17:39:11 RAM 3158/3956MB (lfb 88x4MB) SWAP 2013/4026MB (cached 79MB) CPU [17%@1224,15%@1224,16%@1224,15%@1224] EMC_FREQ 0% GR3D_FREQ 99% PLL@31.5C CPU@36C PMIC@50C GPU@34C AO@41.5C thermal@35.25C
2023-08-24 17:40:11 RAM 3159/3956MB (lfb 88x4MB) SWAP 2013/4026MB (cached 79MB) CPU [20%@1479,20%@1479,20%@1479,17%@1479] EMC_FREQ 0% GR3D_FREQ 99% PLL@32.5C CPU@38C PMIC@50C GPU@34.5C AO@43C thermal@36.25C
2023-08-24 17:41:11 RAM 3157/3956MB (lfb 88x4MB) SWAP 2013/4026MB (cached 79MB) CPU [15%@1224,16%@1224,16%@1224,17%@1224] EMC_FREQ 0% GR3D_FREQ 99% PLL@32C CPU@35.5C PMIC@50C GPU@34C AO@42.5C thermal@36.25C
2023-08-24 17:42:11 RAM 3160/3956MB (lfb 88x4MB) SWAP 2013/4026MB (cached 79MB) CPU [16%@1224,15%@1224,15%@1224,15%@1224] EMC_FREQ 0% GR3D_FREQ 94% PLL@31.5C CPU@36C PMIC@50C GPU@33.5C AO@42.5C thermal@34.75C
2023-08-24 17:43:11 RAM 3157/3956MB (lfb 88x4MB) SWAP 2013/4026MB (cached 79MB) CPU [16%@1224,16%@1224,17%@1224,15%@1224] EMC_FREQ 0% GR3D_FREQ 99% PLL@31.5C CPU@36C PMIC@50C GPU@34C AO@43C thermal@35C
2023-08-24 17:44:11 RAM 3160/3956MB (lfb 88x4MB) SWAP 2013/4026MB (cached 77MB) CPU [21%@1479,19%@1479,20%@1479,22%@1479] EMC_FREQ 0% GR3D_FREQ 99% PLL@32.5C CPU@38C PMIC@50C GPU@34.5C AO@43.5C thermal@35.5C
2023-08-24 17:45:11 RAM 3151/3956MB (lfb 88x4MB) SWAP 2014/4026MB (cached 70MB) CPU [16%@1479,16%@1479,16%@1479,16%@1479] EMC_FREQ 0% GR3D_FREQ 93% PLL@32C CPU@36C PMIC@50C GPU@34C AO@43C thermal@35.75C
2023-08-24 17:46:11 RAM 3157/3956MB (lfb 88x4MB) SWAP 2014/4026MB (cached 69MB) CPU [17%@1428,15%@1428,17%@1428,15%@1428] EMC_FREQ 0% GR3D_FREQ 99% PLL@33C CPU@36.5C PMIC@50C GPU@34.5C AO@43C thermal@34.75C
2023-08-24 17:47:11 RAM 3150/3956MB (lfb 88x4MB) SWAP 2014/4026MB (cached 68MB) CPU [17%@1224,15%@1224,17%@1224,16%@1224] EMC_FREQ 0% GR3D_FREQ 99% PLL@32C CPU@36C PMIC@50C GPU@34C AO@42.5C thermal@35.75C
2023-08-24 17:48:11 RAM 3156/3956MB (lfb 88x4MB) SWAP 2014/4026MB (cached 68MB) CPU [22%@1224,20%@1224,20%@1224,19%@1224] EMC_FREQ 0% GR3D_FREQ 99% PLL@32C CPU@36C PMIC@50C GPU@34C AO@42.5C thermal@35.75C
2023-08-24 17:49:11 RAM 3153/3956MB (lfb 88x4MB) SWAP 2014/4026MB (cached 68MB) CPU [16%@1224,16%@1224,16%@1224,15%@1224] EMC_FREQ 0% GR3D_FREQ 99% PLL@32.5C CPU@36.5C PMIC@50C GPU@34C AO@43C thermal@35.5C
2023-08-24 17:50:11 RAM 3145/3956MB (lfb 88x4MB) SWAP 2013/4026MB (cached 68MB) CPU [15%@1479,15%@1479,16%@1479,16%@1479] EMC_FREQ 0% GR3D_FREQ 99% PLL@32C CPU@36.5C PMIC@50C GPU@34C AO@42.5C thermal@35.25C
2023-08-24 17:51:11 RAM 3149/3956MB (lfb 88x4MB) SWAP 2013/4026MB (cached 68MB) CPU [23%@1479,19%@1479,19%@1479,18%@1479] EMC_FREQ 0% GR3D_FREQ 99% PLL@33C CPU@37C PMIC@50C GPU@35C AO@43C thermal@36.25C
2023-08-24 17:52:11 RAM 3137/3956MB (lfb 88x4MB) SWAP 2014/4026MB (cached 52MB) CPU [23%@1479,23%@1479,22%@1479,22%@1479] EMC_FREQ 0% GR3D_FREQ 99% PLL@33C CPU@36.5C PMIC@50C GPU@33.5C AO@42.5C thermal@35C
2023-08-24 17:53:11 RAM 3136/3956MB (lfb 88x4MB) SWAP 2013/4026MB (cached 51MB) CPU [17%@1224,16%@1224,16%@1224,17%@1224] EMC_FREQ 0% GR3D_FREQ 99% PLL@32.5C CPU@37C PMIC@50C GPU@34.5C AO@43C thermal@35.5C
2023-08-24 17:54:11 RAM 3141/3956MB (lfb 88x4MB) SWAP 2008/4026MB (cached 51MB) CPU [15%@1479,15%@1479,17%@1479,15%@1479] EMC_FREQ 0% GR3D_FREQ 99% PLL@33C CPU@37C PMIC@50C GPU@34.5C AO@43C thermal@35.5C
2023-08-24 17:55:11 RAM 3144/3956MB (lfb 88x4MB) SWAP 2008/4026MB (cached 51MB) CPU [22%@1479,19%@1479,21%@1479,20%@1479] EMC_FREQ 0% GR3D_FREQ 99% PLL@32.5C CPU@36.5C PMIC@50C GPU@34.5C AO@43.5C thermal@35.75C
2023-08-24 17:56:11 RAM 3137/3956MB (lfb 88x4MB) SWAP 2010/4026MB (cached 51MB) CPU [17%@1224,18%@1224,15%@1224,16%@1224] EMC_FREQ 0% GR3D_FREQ 99% PLL@32.5C CPU@36.5C PMIC@50C GPU@34.5C AO@43.5C thermal@35.75C
2023-08-24 17:57:11 RAM 3142/3956MB (lfb 88x4MB) SWAP 2010/4026MB (cached 51MB) CPU [16%@1224,15%@1224,17%@1224,15%@1224] EMC_FREQ 0% GR3D_FREQ 92% PLL@32.5C CPU@36C PMIC@50C GPU@34C AO@42.5C thermal@35.5C
2023-08-24 17:58:11 RAM 3139/3956MB (lfb 88x4MB) SWAP 2009/4026MB (cached 51MB) CPU [18%@1479,16%@1479,15%@1479,15%@1479] EMC_FREQ 0% GR3D_FREQ 99% PLL@33C CPU@36.5C PMIC@50C GPU@34C AO@43C thermal@35.25C
2023-08-24 17:59:11 RAM 3147/3956MB (lfb 88x4MB) SWAP 2009/4026MB (cached 51MB) CPU [21%@1224,20%@1224,20%@1224,19%@1224] EMC_FREQ 0% GR3D_FREQ 99% PLL@32.5C CPU@36.5C PMIC@50C GPU@34.5C AO@43.5C thermal@36C
2023-08-24 18:00:11 RAM 3143/3956MB (lfb 88x4MB) SWAP 2009/4026MB (cached 51MB) CPU [16%@1224,16%@1224,16%@1224,16%@1224] EMC_FREQ 0% GR3D_FREQ 99% PLL@32.5C CPU@37C PMIC@50C GPU@34.5C AO@42.5C thermal@35.25C
2023-08-24 18:01:11 RAM 3147/3956MB (lfb 88x4MB) SWAP 2009/4026MB (cached 51MB) CPU [16%@1224,17%@1224,14%@1224,15%@1224] EMC_FREQ 0% GR3D_FREQ 99% PLL@32.5C CPU@36.5C PMIC@50C GPU@34C AO@42.5C thermal@35.25C
2023-08-24 18:02:11 RAM 3143/3956MB (lfb 88x4MB) SWAP 2009/4026MB (cached 51MB) CPU [20%@1479,20%@1479,19%@1479,19%@1479] EMC_FREQ 0% GR3D_FREQ 99% PLL@33C CPU@37.5C PMIC@50C GPU@34.5C AO@43.5C thermal@35.5C
2023-08-24 18:03:11 RAM 3148/3956MB (lfb 88x4MB) SWAP 2009/4026MB (cached 51MB) CPU [19%@1224,16%@1224,15%@1224,16%@1224] EMC_FREQ 0% GR3D_FREQ 99% PLL@32.5C CPU@36C PMIC@50C GPU@34C AO@42.5C thermal@35C
2023-08-24 18:04:11 RAM 3143/3956MB (lfb 88x4MB) SWAP 2009/4026MB (cached 51MB) CPU [16%@1224,16%@1224,16%@1224,17%@1224] EMC_FREQ 0% GR3D_FREQ 97% PLL@32.5C CPU@36C PMIC@50C GPU@34C AO@42.5C thermal@35.75C
2023-08-24 18:05:11 RAM 3146/3956MB (lfb 88x4MB) SWAP 2012/4026MB (cached 51MB) CPU [16%@1224,17%@1224,15%@1224,16%@1224] EMC_FREQ 0% GR3D_FREQ 99% PLL@32.5C CPU@36.5C PMIC@50C GPU@35C AO@43C thermal@36.25C
2023-08-24 18:06:11 RAM 3151/3956MB (lfb 88x4MB) SWAP 2012/4026MB (cached 51MB) CPU [20%@1224,20%@1224,20%@1224,20%@1224] EMC_FREQ 0% GR3D_FREQ 99% PLL@33C CPU@37.5C PMIC@50C GPU@35.5C AO@43.5C thermal@35.75C
2023-08-24 18:07:11 RAM 3148/3956MB (lfb 88x4MB) SWAP 2012/4026MB (cached 51MB) CPU [18%@1479,16%@1479,16%@1479,14%@1479] EMC_FREQ 0% GR3D_FREQ 99% PLL@33C CPU@38C PMIC@50C GPU@34.5C AO@43.5C thermal@35.5C
2023-08-24 18:08:11 RAM 3149/3956MB (lfb 88x4MB) SWAP 2014/4026MB (cached 50MB) CPU [16%@1479,16%@1479,16%@1479,16%@1479] EMC_FREQ 0% GR3D_FREQ 99% PLL@33C CPU@37C PMIC@50C GPU@35C AO@43C thermal@35.75C
2023-08-24 18:09:11 RAM 3113/3956MB (lfb 88x4MB) SWAP 2018/4026MB (cached 7MB) CPU [18%@1224,17%@1224,18%@1224,18%@1224] EMC_FREQ 0% GR3D_FREQ 99% PLL@32C CPU@37C PMIC@50C GPU@35C AO@42.5C thermal@35C
2023-08-24 18:10:11 RAM 3126/3956MB (lfb 88x4MB) SWAP 2018/4026MB (cached 7MB) CPU [20%@1224,21%@1224,20%@1224,20%@1224] EMC_FREQ 0% GR3D_FREQ 99% PLL@32.5C CPU@37C PMIC@50C GPU@34.5C AO@43C thermal@36C
2023-08-24 18:11:11 RAM 3122/3956MB (lfb 88x4MB) SWAP 2018/4026MB (cached 7MB) CPU [16%@1479,16%@1479,17%@1479,16%@1479] EMC_FREQ 0% GR3D_FREQ 99% PLL@33C CPU@36.5C PMIC@50C GPU@34C AO@42.5C thermal@35C
2023-08-24 18:12:11 RAM 3120/3956MB (lfb 88x4MB) SWAP 2018/4026MB (cached 7MB) CPU [16%@1224,16%@1224,17%@1224,16%@1224] EMC_FREQ 0% GR3D_FREQ 99% PLL@32C CPU@36C PMIC@50C GPU@34C AO@42.5C thermal@35.5C
2023-08-24 18:13:11 RAM 3113/3956MB (lfb 88x4MB) SWAP 2018/4026MB (cached 7MB) CPU [18%@1479,20%@1479,22%@1479,19%@1479] EMC_FREQ 0% GR3D_FREQ 99% PLL@33C CPU@37.5C PMIC@50C GPU@35C AO@43.5C thermal@36.25C
2023-08-24 18:14:11 RAM 3117/3956MB (lfb 88x4MB) SWAP 2018/4026MB (cached 7MB) CPU [18%@1224,15%@1224,16%@1224,17%@1224] EMC_FREQ 0% GR3D_FREQ 99% PLL@32.5C CPU@37C PMIC@50C GPU@34.5C AO@43C thermal@35.25C
2023-08-24 18:15:11 RAM 3114/3956MB (lfb 88x4MB) SWAP 2018/4026MB (cached 7MB) CPU [18%@1326,15%@1326,17%@1326,15%@1326] EMC_FREQ 0% GR3D_FREQ 89% PLL@32C CPU@36.5C PMIC@50C GPU@33.5C AO@42.5C thermal@36C
2023-08-24 18:16:11 RAM 3118/3956MB (lfb 88x4MB) SWAP 2018/4026MB (cached 7MB) CPU [15%@1479,15%@1479,18%@1479,16%@1479] EMC_FREQ 0% GR3D_FREQ 99% PLL@32.5C CPU@37C PMIC@50C GPU@34C AO@43C thermal@35.5C
2023-08-24 18:17:11 RAM 3122/3956MB (lfb 88x4MB) SWAP 2018/4026MB (cached 7MB) CPU [18%@1224,22%@1224,20%@1224,21%@1224] EMC_FREQ 0% GR3D_FREQ 99% PLL@33C CPU@37C PMIC@50C GPU@34.5C AO@43C thermal@36C
2023-08-24 18:18:11 RAM 3117/3956MB (lfb 88x4MB) SWAP 2013/4026MB (cached 7MB) CPU [17%@1224,16%@1224,16%@1224,15%@1224] EMC_FREQ 0% GR3D_FREQ 99% PLL@32.5C CPU@36.5C PMIC@50C GPU@34C AO@43C thermal@36C
2023-08-24 18:19:11 RAM 3121/3956MB (lfb 88x4MB) SWAP 2012/4026MB (cached 8MB) CPU [16%@1224,16%@1224,17%@1224,16%@1224] EMC_FREQ 0% GR3D_FREQ 99% PLL@32.5C CPU@37C PMIC@50C GPU@34.5C AO@42.5C thermal@35.75C
2023-08-24 18:20:11 RAM 3118/3956MB (lfb 88x4MB) SWAP 2012/4026MB (cached 8MB) CPU [17%@1479,16%@1479,16%@1479,16%@1479] EMC_FREQ 0% GR3D_FREQ 99% PLL@32.5C CPU@37C PMIC@50C GPU@34.5C AO@43.5C thermal@36C
2023-08-24 18:21:11 RAM 3121/3956MB (lfb 88x4MB) SWAP 2012/4026MB (cached 8MB) CPU [21%@1224,19%@1224,21%@1224,21%@1224] EMC_FREQ 0% GR3D_FREQ 99% PLL@32.5C CPU@36.5C PMIC@50C GPU@34.5C AO@43C thermal@36.25C
2023-08-24 18:22:11 RAM 3119/3956MB (lfb 88x4MB) SWAP 2012/4026MB (cached 8MB) CPU [16%@1224,17%@1224,17%@1224,15%@1224] EMC_FREQ 0% GR3D_FREQ 99% PLL@32.5C CPU@37C PMIC@50C GPU@34.5C AO@43C thermal@35.25C
2023-08-24 18:23:11 RAM 3123/3956MB (lfb 88x4MB) SWAP 2012/4026MB (cached 8MB) CPU [16%@1224,17%@1224,17%@1224,15%@1224] EMC_FREQ 0% GR3D_FREQ 99% PLL@32.5C CPU@37C PMIC@50C GPU@34.5C AO@43.5C thermal@34.75C
2023-08-24 18:24:11 RAM 3119/3956MB (lfb 88x4MB) SWAP 2012/4026MB (cached 8MB) CPU [19%@1479,19%@1479,20%@1479,19%@1479] EMC_FREQ 0% GR3D_FREQ 99% PLL@33.5C CPU@37C PMIC@50C GPU@34.5C AO@43C thermal@36C
2023-08-24 18:25:11 RAM 3123/3956MB (lfb 88x4MB) SWAP 2012/4026MB (cached 8MB) CPU [18%@1224,17%@1224,18%@1224,18%@1224] EMC_FREQ 0% GR3D_FREQ 99% PLL@32.5C CPU@36C PMIC@50C GPU@34C AO@43C thermal@35.5C
2023-08-24 18:26:11 RAM 3119/3956MB (lfb 88x4MB) SWAP 2012/4026MB (cached 8MB) CPU [17%@1224,15%@1224,16%@1224,16%@1224] EMC_FREQ 0% GR3D_FREQ 99% PLL@32.5C CPU@36.5C PMIC@50C GPU@34.5C AO@43C thermal@36C
2023-08-24 18:27:11 RAM 3122/3956MB (lfb 88x4MB) SWAP 2012/4026MB (cached 8MB) CPU [15%@1224,15%@1224,16%@1224,16%@1224] EMC_FREQ 0% GR3D_FREQ 99% PLL@32.5C CPU@37C PMIC@50C GPU@35C AO@43C thermal@35.5C
2023-08-24 18:28:11 RAM 3127/3956MB (lfb 88x4MB) SWAP 2012/4026MB (cached 8MB) CPU [22%@1479,20%@1479,19%@1479,20%@1479] EMC_FREQ 0% GR3D_FREQ 99% PLL@33.5C CPU@37.5C PMIC@50C GPU@35C AO@43.5C thermal@36C
2023-08-24 18:29:11 RAM 3121/3956MB (lfb 88x4MB) SWAP 2012/4026MB (cached 8MB) CPU [16%@1224,15%@1224,18%@1224,16%@1224] EMC_FREQ 0% GR3D_FREQ 99% PLL@33C CPU@36C PMIC@50C GPU@34.5C AO@43C thermal@35.75C
2023-08-24 18:30:11 RAM 3126/3956MB (lfb 88x4MB) SWAP 2012/4026MB (cached 8MB) CPU [16%@1224,16%@1224,15%@1224,16%@1224] EMC_FREQ 0% GR3D_FREQ 99% PLL@32.5C CPU@36C PMIC@50C GPU@34C AO@43C thermal@36C
2023-08-24 18:31:11 RAM 3119/3956MB (lfb 88x4MB) SWAP 2014/4026MB (cached 8MB) CPU [18%@1224,16%@1224,17%@1224,16%@1224] EMC_FREQ 0% GR3D_FREQ 86% PLL@33C CPU@37.5C PMIC@50C GPU@34.5C AO@43C thermal@36C
2023-08-24 18:32:11 RAM 3124/3956MB (lfb 88x4MB) SWAP 2015/4026MB (cached 8MB) CPU [20%@1224,20%@1224,21%@1224,21%@1224] EMC_FREQ 0% GR3D_FREQ 99% PLL@32.5C CPU@36.5C PMIC@50C GPU@35C AO@43C thermal@36.5C
2023-08-24 18:33:11 RAM 3119/3956MB (lfb 88x4MB) SWAP 2015/4026MB (cached 8MB) CPU [15%@1479,15%@1479,17%@1479,16%@1479] EMC_FREQ 0% GR3D_FREQ 99% PLL@33C CPU@37C PMIC@50C GPU@34.5C AO@43C thermal@35.25C
2023-08-24 18:34:11 RAM 3123/3956MB (lfb 88x4MB) SWAP 2016/4026MB (cached 8MB) CPU [15%@1224,15%@1224,17%@1224,16%@1224] EMC_FREQ 0% GR3D_FREQ 97% PLL@32.5C CPU@36.5C PMIC@50C GPU@34C AO@43C thermal@35.75C
2023-08-24 18:35:11 RAM 3117/3956MB (lfb 88x4MB) SWAP 2017/4026MB (cached 8MB) CPU [19%@1479,18%@1479,18%@1479,19%@1479] EMC_FREQ 0% GR3D_FREQ 99% PLL@33.5C CPU@38C PMIC@50C GPU@35C AO@44C thermal@36.5C
2023-08-24 18:36:11 RAM 3122/3956MB (lfb 88x4MB) SWAP 2018/4026MB (cached 7MB) CPU [18%@1224,18%@1224,17%@1224,18%@1224] EMC_FREQ 0% GR3D_FREQ 99% PLL@32.5C CPU@36.5C PMIC@50C GPU@34.5C AO@43.5C thermal@35.5C
2023-08-24 18:37:11 RAM 3118/3956MB (lfb 88x4MB) SWAP 2019/4026MB (cached 7MB) CPU [16%@1224,16%@1224,17%@1224,16%@1224] EMC_FREQ 0% GR3D_FREQ 99% PLL@32.5C CPU@37C PMIC@50C GPU@35.5C AO@43.5C thermal@36.25C
2023-08-24 18:38:11 RAM 3121/3956MB (lfb 88x4MB) SWAP 2019/4026MB (cached 7MB) CPU [17%@1479,16%@1479,16%@1479,15%@1479] EMC_FREQ 0% GR3D_FREQ 99% PLL@33C CPU@37.5C PMIC@50C GPU@34.5C AO@42.5C thermal@35.5C
2023-08-24 18:39:11 RAM 3116/3956MB (lfb 88x4MB) SWAP 2037/4026MB (cached 12MB) CPU [26%@1224,25%@1224,27%@1224,27%@1224] EMC_FREQ 0% GR3D_FREQ 99% PLL@32.5C CPU@37C PMIC@50C GPU@35C AO@43C thermal@36.25C
2023-08-24 18:40:11 RAM 3120/3956MB (lfb 88x4MB) SWAP 2032/4026MB (cached 12MB) CPU [16%@1224,14%@1224,16%@1224,17%@1224] EMC_FREQ 0% GR3D_FREQ 93% PLL@32.5C CPU@36.5C PMIC@50C GPU@34.5C AO@43C thermal@35.75C
2023-08-24 18:41:11 RAM 3120/3956MB (lfb 88x4MB) SWAP 2032/4026MB (cached 11MB) CPU [15%@1224,16%@1224,16%@1224,17%@1224] EMC_FREQ 0% GR3D_FREQ 99% PLL@32.5C CPU@37C PMIC@50C GPU@35C AO@43.5C thermal@35.75C
2023-08-24 18:42:11 RAM 3110/3956MB (lfb 88x4MB) SWAP 2032/4026MB (cached 9MB) CPU [16%@1479,14%@1479,18%@1479,17%@1479] EMC_FREQ 0% GR3D_FREQ 99% PLL@33C CPU@36.5C PMIC@50C GPU@34.5C AO@43.5C thermal@36.25C
2023-08-24 18:43:11 RAM 3113/3956MB (lfb 88x4MB) SWAP 2033/4026MB (cached 8MB) CPU [21%@1224,22%@1224,21%@1224,20%@1224] EMC_FREQ 0% GR3D_FREQ 99% PLL@33C CPU@37.5C PMIC@50C GPU@35C AO@43.5C thermal@36.5C
2023-08-24 18:44:11 RAM 3105/3956MB (lfb 88x4MB) SWAP 2034/4026MB (cached 8MB) CPU [16%@1479,15%@1479,16%@1479,17%@1479] EMC_FREQ 0% GR3D_FREQ 64% PLL@32.5C CPU@37C PMIC@50C GPU@34.5C AO@43.5C thermal@35.5C
2023-08-24 18:45:11 RAM 3109/3956MB (lfb 88x4MB) SWAP 2035/4026MB (cached 8MB) CPU [17%@1479,17%@1479,15%@1479,15%@1479] EMC_FREQ 0% GR3D_FREQ 99% PLL@33C CPU@38C PMIC@50C GPU@35C AO@43.5C thermal@35.75C
2023-08-24 18:46:11 RAM 3099/3956MB (lfb 88x4MB) SWAP 2036/4026MB (cached 8MB) CPU [19%@1479,16%@1479,16%@1479,19%@1479] EMC_FREQ 0% GR3D_FREQ 99% PLL@34C CPU@38C PMIC@50C GPU@35C AO@43.5C thermal@36.25C
2023-08-24 18:47:11 RAM 3109/3956MB (lfb 88x4MB) SWAP 2037/4026MB (cached 8MB) CPU [20%@1224,18%@1224,19%@1224,21%@1224] EMC_FREQ 0% GR3D_FREQ 99% PLL@33C CPU@37C PMIC@50C GPU@35C AO@43.5C thermal@36C
2023-08-24 18:48:11 RAM 3104/3956MB (lfb 88x4MB) SWAP 2038/4026MB (cached 8MB) CPU [18%@1224,17%@1224,17%@1224,16%@1224] EMC_FREQ 0% GR3D_FREQ 99% PLL@33C CPU@37C PMIC@50C GPU@35C AO@43.5C thermal@36.25C
2023-08-24 18:49:11 RAM 3108/3956MB (lfb 88x4MB) SWAP 2038/4026MB (cached 8MB) CPU [16%@1479,15%@1479,16%@1479,16%@1479] EMC_FREQ 0% GR3D_FREQ 89% PLL@33.5C CPU@37.5C PMIC@50C GPU@35.5C AO@44C thermal@36.25C
2023-08-24 18:50:11 RAM 3110/3956MB (lfb 88x4MB) SWAP 2038/4026MB (cached 8MB) CPU [20%@1479,20%@1479,21%@1479,20%@1479] EMC_FREQ 0% GR3D_FREQ 99% PLL@33.5C CPU@39C PMIC@50C GPU@35C AO@44C thermal@36.5C
2023-08-24 18:51:11 RAM 3108/3956MB (lfb 88x4MB) SWAP 2038/4026MB (cached 8MB) CPU [16%@1224,17%@1224,18%@1224,15%@1224] EMC_FREQ 0% GR3D_FREQ 99% PLL@33C CPU@38C PMIC@50C GPU@35C AO@44C thermal@36.5C
2023-08-24 18:52:11 RAM 3111/3956MB (lfb 88x4MB) SWAP 2039/4026MB (cached 8MB) CPU [18%@1224,16%@1224,16%@1224,15%@1224] EMC_FREQ 0% GR3D_FREQ 92% PLL@32.5C CPU@37C PMIC@50C GPU@35C AO@43.5C thermal@35.75C
2023-08-24 18:53:11 RAM 3109/3956MB (lfb 88x4MB) SWAP 2039/4026MB (cached 8MB) CPU [16%@1224,17%@1224,17%@1224,17%@1224] EMC_FREQ 0% GR3D_FREQ 99% PLL@34.5C CPU@39C PMIC@50C GPU@36.5C AO@45.5C thermal@37.75C
2023-08-24 18:54:11 RAM 3114/3956MB (lfb 88x4MB) SWAP 2039/4026MB (cached 8MB) CPU [20%@1224,22%@1224,21%@1224,20%@1224] EMC_FREQ 0% GR3D_FREQ 93% PLL@34C CPU@39C PMIC@50C GPU@36.5C AO@44.5C thermal@37.75C
2023-08-24 18:55:11 RAM 3107/3956MB (lfb 88x4MB) SWAP 2040/4026MB (cached 8MB) CPU [17%@1479,16%@1479,16%@1479,16%@1479] EMC_FREQ 0% GR3D_FREQ 99% PLL@34.5C CPU@38C PMIC@50C GPU@35.5C AO@44C thermal@37.25C
2023-08-24 18:56:11 RAM 3104/3956MB (lfb 88x4MB) SWAP 2038/4026MB (cached 8MB) CPU [17%@1224,15%@1224,16%@1224,16%@1224] EMC_FREQ 0% GR3D_FREQ 99% PLL@33.5C CPU@38C PMIC@50C GPU@35C AO@44C thermal@36.75C
2023-08-24 18:57:11 RAM 3099/3956MB (lfb 88x4MB) SWAP 2039/4026MB (cached 8MB) CPU [17%@1479,17%@1479,16%@1479,16%@1479] EMC_FREQ 0% GR3D_FREQ 99% PLL@33.5C CPU@37.5C PMIC@50C GPU@35C AO@44C thermal@36C
2023-08-24 18:58:11 RAM 3101/3956MB (lfb 88x4MB) SWAP 2039/4026MB (cached 8MB) CPU [18%@1479,18%@1479,23%@1479,21%@1479] EMC_FREQ 0% GR3D_FREQ 99% PLL@34C CPU@40C PMIC@50C GPU@36C AO@44.5C thermal@38C
2023-08-24 18:59:11 RAM 3097/3956MB (lfb 88x4MB) SWAP 2040/4026MB (cached 8MB) CPU [17%@1224,15%@1224,16%@1224,16%@1224] EMC_FREQ 0% GR3D_FREQ 99% PLL@34C CPU@39.5C PMIC@50C GPU@35.5C AO@44C thermal@37.5C
2023-08-24 19:00:11 RAM 3101/3956MB (lfb 88x4MB) SWAP 2041/4026MB (cached 8MB) CPU [16%@1224,15%@1224,17%@1224,15%@1224] EMC_FREQ 0% GR3D_FREQ 99% PLL@33C CPU@37C PMIC@50C GPU@35C AO@43.5C thermal@36.75C
2023-08-24 19:01:11 RAM 3095/3956MB (lfb 88x4MB) SWAP 2042/4026MB (cached 8MB) CPU [22%@1224,22%@1224,20%@1224,20%@1224] EMC_FREQ 0% GR3D_FREQ 99% PLL@34C CPU@38C PMIC@50C GPU@35.5C AO@43.5C thermal@36.5C
2023-08-24 19:02:11 RAM 3097/3956MB (lfb 88x4MB) SWAP 2042/4026MB (cached 8MB) CPU [16%@1479,16%@1479,16%@1479,16%@1479] EMC_FREQ 0% GR3D_FREQ 99% PLL@33.5C CPU@39C PMIC@50C GPU@35.5C AO@43.5C thermal@36.5C
2023-08-24 19:03:11 RAM 3101/3956MB (lfb 88x4MB) SWAP 2043/4026MB (cached 9MB) CPU [15%@1479,16%@1479,17%@1479,15%@1479] EMC_FREQ 0% GR3D_FREQ 99% PLL@34C CPU@38C PMIC@50C GPU@35.5C AO@43.5C thermal@36.25C
2023-08-24 19:04:11 RAM 3096/3956MB (lfb 88x4MB) SWAP 2039/4026MB (cached 8MB) CPU [15%@1479,17%@1479,16%@1479,17%@1479] EMC_FREQ 0% GR3D_FREQ 96% PLL@33C CPU@36.5C PMIC@50C GPU@34.5C AO@43.5C thermal@36.25C
2023-08-24 19:05:11 RAM 3102/3956MB (lfb 88x4MB) SWAP 2040/4026MB (cached 8MB) CPU [20%@1224,20%@1224,23%@1224,19%@1224] EMC_FREQ 0% GR3D_FREQ 99% PLL@33C CPU@37C PMIC@50C GPU@35C AO@43.5C thermal@36C
2023-08-24 19:06:11 RAM 3090/3956MB (lfb 88x4MB) SWAP 2041/4026MB (cached 8MB) CPU [17%@1479,16%@1479,16%@1479,18%@1479] EMC_FREQ 0% GR3D_FREQ 83% PLL@33C CPU@37.5C PMIC@50C GPU@35.5C AO@43.5C thermal@36.5C
2023-08-24 19:07:11 RAM 3093/3956MB (lfb 88x4MB) SWAP 2042/4026MB (cached 8MB) CPU [18%@1224,17%@1224,16%@1224,15%@1224] EMC_FREQ 0% GR3D_FREQ 99% PLL@32.5C CPU@37C PMIC@50C GPU@35.5C AO@43.5C thermal@36.75C
2023-08-24 19:08:11 RAM 3093/3956MB (lfb 88x4MB) SWAP 2044/4026MB (cached 9MB) CPU [16%@1224,16%@1224,16%@1224,18%@1224] EMC_FREQ 0% GR3D_FREQ 97% PLL@33C CPU@37C PMIC@50C GPU@34.5C AO@43C thermal@36.25C
2023-08-24 19:09:11 RAM 3095/3956MB (lfb 88x4MB) SWAP 2044/4026MB (cached 8MB) CPU [22%@1224,22%@1224,19%@1224,19%@1224] EMC_FREQ 0% GR3D_FREQ 99% PLL@33C CPU@37.5C PMIC@50C GPU@35.5C AO@44C thermal@35.75C
2023-08-24 19:10:11 RAM 3090/3956MB (lfb 88x4MB) SWAP 2044/4026MB (cached 8MB) CPU [17%@1479,16%@1479,16%@1479,16%@1479] EMC_FREQ 0% GR3D_FREQ 88% PLL@34C CPU@38C PMIC@50C GPU@35.5C AO@44.5C thermal@36C
2023-08-24 19:11:11 RAM 3094/3956MB (lfb 88x4MB) SWAP 2044/4026MB (cached 8MB) CPU [17%@1224,15%@1224,16%@1224,16%@1224] EMC_FREQ 0% GR3D_FREQ 99% PLL@33.5C CPU@37.5C PMIC@50C GPU@35.5C AO@43.5C thermal@36.5C
2023-08-24 19:12:11 RAM 3090/3956MB (lfb 88x4MB) SWAP 2044/4026MB (cached 8MB) CPU [20%@1479,21%@1479,21%@1479,20%@1479] EMC_FREQ 0% GR3D_FREQ 99% PLL@34C CPU@37.5C PMIC@50C GPU@35.5C AO@44C thermal@36.25C
2023-08-24 19:13:11 RAM 3092/3956MB (lfb 88x4MB) SWAP 2045/4026MB (cached 8MB) CPU [16%@1224,16%@1224,15%@1224,16%@1224] EMC_FREQ 0% GR3D_FREQ 91% PLL@33C CPU@37C PMIC@50C GPU@35C AO@43.5C thermal@36C
2023-08-24 19:14:11 RAM 3088/3956MB (lfb 88x4MB) SWAP 2045/4026MB (cached 8MB) CPU [17%@1479,16%@1479,16%@1479,17%@1479] EMC_FREQ 0% GR3D_FREQ 99% PLL@33C CPU@37.5C PMIC@50C GPU@34.5C AO@44C thermal@36C
2023-08-24 19:15:11 RAM 3091/3956MB (lfb 88x4MB) SWAP 2045/4026MB (cached 8MB) CPU [15%@1224,16%@1224,16%@1224,16%@1224] EMC_FREQ 0% GR3D_FREQ 99% PLL@33C CPU@36.5C PMIC@50C GPU@35C AO@43.5C thermal@36.25C
2023-08-24 19:16:11 RAM 3086/3956MB (lfb 88x4MB) SWAP 2045/4026MB (cached 8MB) CPU [20%@1224,24%@1224,20%@1224,19%@1224] EMC_FREQ 0% GR3D_FREQ 99% PLL@33C CPU@37.5C PMIC@50C GPU@35.5C AO@44C thermal@36C
2023-08-24 19:17:11 RAM 3092/3956MB (lfb 88x4MB) SWAP 2045/4026MB (cached 8MB) CPU [15%@1224,16%@1224,17%@1224,16%@1224] EMC_FREQ 0% GR3D_FREQ 97% PLL@33C CPU@38C PMIC@50C GPU@35C AO@43.5C thermal@36.5C
2023-08-24 19:18:11 RAM 3096/3956MB (lfb 88x4MB) SWAP 2046/4026MB (cached 8MB) CPU [15%@1224,17%@1224,15%@1224,17%@1224] EMC_FREQ 0% GR3D_FREQ 99% PLL@33C CPU@37.5C PMIC@50C GPU@35C AO@43C thermal@35.75C
2023-08-24 19:19:11 RAM 3091/3956MB (lfb 88x4MB) SWAP 2046/4026MB (cached 8MB) CPU [17%@1224,17%@1224,16%@1224,16%@1224] EMC_FREQ 0% GR3D_FREQ 99% PLL@33C CPU@37.5C PMIC@50C GPU@35.5C AO@43.5C thermal@36.75C
2023-08-24 19:20:11 RAM 3095/3956MB (lfb 88x4MB) SWAP 2046/4026MB (cached 8MB) CPU [22%@1224,20%@1224,19%@1224,19%@1224] EMC_FREQ 0% GR3D_FREQ 99% PLL@33C CPU@37.5C PMIC@50C GPU@35C AO@44C thermal@37C
2023-08-24 19:21:11 RAM 3090/3956MB (lfb 88x4MB) SWAP 2046/4026MB (cached 8MB) CPU [17%@1224,16%@1224,16%@1224,16%@1224] EMC_FREQ 0% GR3D_FREQ 93% PLL@33.5C CPU@37.5C PMIC@50C GPU@35C AO@43.5C thermal@36.75C
2023-08-24 19:22:11 RAM 3095/3956MB (lfb 88x4MB) SWAP 2046/4026MB (cached 8MB) CPU [16%@1479,14%@1479,16%@1479,17%@1479] EMC_FREQ 0% GR3D_FREQ 99% PLL@33.5C CPU@38C PMIC@50C GPU@35C AO@44C thermal@36C
2023-08-24 19:23:11 RAM 3042/3956MB (lfb 88x4MB) SWAP 2039/4026MB (cached 8MB) CPU [21%@1224,20%@1224,22%@1224,22%@1224] EMC_FREQ 0% GR3D_FREQ 99% PLL@33C CPU@37.5C PMIC@50C GPU@35.5C AO@43.5C thermal@36.5C
2023-08-24 19:24:11 RAM 3035/3956MB (lfb 88x4MB) SWAP 2041/4026MB (cached 8MB) CPU [17%@1224,15%@1224,15%@1224,16%@1224] EMC_FREQ 0% GR3D_FREQ 99% PLL@33C CPU@37.5C PMIC@50C GPU@35.5C AO@44C thermal@36.25C
2023-08-24 19:25:11 RAM 3031/3956MB (lfb 88x4MB) SWAP 2040/4026MB (cached 8MB) CPU [18%@1479,17%@1479,16%@1479,14%@1479] EMC_FREQ 0% GR3D_FREQ 99% PLL@33C CPU@37C PMIC@50C GPU@35.5C AO@44C thermal@36C
2023-08-24 19:26:11 RAM 3035/3956MB (lfb 88x4MB) SWAP 2040/4026MB (cached 8MB) CPU [16%@1479,16%@1479,15%@1479,16%@1479] EMC_FREQ 0% GR3D_FREQ 99% PLL@33C CPU@38C PMIC@50C GPU@35.5C AO@43.5C thermal@36.25C
2023-08-24 19:27:11 RAM 3033/3956MB (lfb 88x4MB) SWAP 2040/4026MB (cached 8MB) CPU [23%@1224,20%@1224,18%@1224,21%@1224] EMC_FREQ 0% GR3D_FREQ 99% PLL@33C CPU@38C PMIC@50C GPU@35.5C AO@43.5C thermal@36.5C
2023-08-24 19:28:11 RAM 3034/3956MB (lfb 88x4MB) SWAP 2035/4026MB (cached 8MB) CPU [16%@1479,16%@1479,15%@1479,16%@1479] EMC_FREQ 0% GR3D_FREQ 87% PLL@33.5C CPU@37.5C PMIC@50C GPU@36C AO@43.5C thermal@36C
2023-08-24 19:29:11 RAM 3028/3956MB (lfb 88x4MB) SWAP 2035/4026MB (cached 8MB) CPU [17%@1224,15%@1224,16%@1224,16%@1224] EMC_FREQ 0% GR3D_FREQ 99% PLL@33C CPU@37C PMIC@50C GPU@35C AO@43.5C thermal@36.5C
2023-08-24 19:30:11 RAM 3034/3956MB (lfb 88x4MB) SWAP 2035/4026MB (cached 8MB) CPU [15%@1479,18%@1479,16%@1479,15%@1479] EMC_FREQ 0% GR3D_FREQ 99% PLL@33C CPU@36.5C PMIC@50C GPU@34.5C AO@43C thermal@35.75C
2023-08-24 19:31:11 RAM 3033/3956MB (lfb 88x4MB) SWAP 2035/4026MB (cached 8MB) CPU [24%@1224,18%@1224,19%@1224,19%@1224] EMC_FREQ 0% GR3D_FREQ 99% PLL@33C CPU@37C PMIC@50C GPU@35C AO@43.5C thermal@36.25C
2023-08-24 19:32:11 RAM 3034/3956MB (lfb 88x4MB) SWAP 2035/4026MB (cached 8MB) CPU [16%@1479,16%@1479,14%@1479,16%@1479] EMC_FREQ 0% GR3D_FREQ 99% PLL@32.5C CPU@38C PMIC@50C GPU@34.5C AO@43.5C thermal@36C
2023-08-24 19:33:11 RAM 3042/3956MB (lfb 88x4MB) SWAP 2035/4026MB (cached 8MB) CPU [15%@1224,16%@1224,15%@1224,15%@1224] EMC_FREQ 0% GR3D_FREQ 97% PLL@32.5C CPU@36.5C PMIC@50C GPU@34.5C AO@43C thermal@35.25C
2023-08-24 19:34:11 RAM 3033/3956MB (lfb 88x4MB) SWAP 2037/4026MB (cached 8MB) CPU [21%@1224,22%@1224,19%@1224,21%@1224] EMC_FREQ 0% GR3D_FREQ 98% PLL@32.5C CPU@36.5C PMIC@50C GPU@34.5C AO@43C thermal@35.5C
2023-08-24 19:35:11 RAM 3039/3956MB (lfb 88x4MB) SWAP 2037/4026MB (cached 8MB) CPU [16%@1224,18%@1224,16%@1224,15%@1224] EMC_FREQ 0% GR3D_FREQ 99% PLL@32.5C CPU@36C PMIC@50C GPU@34C AO@43C thermal@35.25C
2023-08-24 19:36:11 RAM 3038/3956MB (lfb 88x4MB) SWAP 2037/4026MB (cached 8MB) CPU [17%@1224,17%@1224,16%@1224,16%@1224] EMC_FREQ 0% GR3D_FREQ 99% PLL@32C CPU@36.5C PMIC@50C GPU@35C AO@42.5C thermal@35.5C
2023-08-24 19:37:11 RAM 3041/3956MB (lfb 88x4MB) SWAP 2037/4026MB (cached 8MB) CPU [16%@1224,15%@1224,16%@1224,16%@1224] EMC_FREQ 0% GR3D_FREQ 96% PLL@31.5C CPU@36C PMIC@50C GPU@34C AO@42.5C thermal@35.5C
2023-08-24 19:38:11 RAM 3036/3956MB (lfb 88x4MB) SWAP 2041/4026MB (cached 8MB) CPU [24%@1224,21%@1224,20%@1224,18%@1224] EMC_FREQ 0% GR3D_FREQ 99% PLL@32.5C CPU@36.5C PMIC@50C GPU@34C AO@42.5C thermal@35C
2023-08-24 19:39:11 RAM 3039/3956MB (lfb 88x4MB) SWAP 2043/4026MB (cached 8MB) CPU [19%@1224,16%@1224,15%@1224,16%@1224] EMC_FREQ 0% GR3D_FREQ 99% PLL@32C CPU@36.5C PMIC@50C GPU@34.5C AO@42.5C thermal@35.5C
2023-08-24 19:40:11 RAM 3031/3956MB (lfb 88x4MB) SWAP 2044/4026MB (cached 8MB) CPU [17%@1479,16%@1479,16%@1479,17%@1479] EMC_FREQ 0% GR3D_FREQ 99% PLL@32C CPU@36.5C PMIC@50C GPU@34C AO@42.5C thermal@35.25C
2023-08-24 19:41:11 RAM 3038/3956MB (lfb 88x4MB) SWAP 2045/4026MB (cached 8MB) CPU [17%@1224,15%@1224,17%@1224,16%@1224] EMC_FREQ 0% GR3D_FREQ 99% PLL@32C CPU@36.5C PMIC@50C GPU@34.5C AO@42.5C thermal@35.25C
2023-08-24 19:42:11 RAM 3033/3956MB (lfb 88x4MB) SWAP 2045/4026MB (cached 8MB) CPU [22%@1224,19%@1224,20%@1224,20%@1224] EMC_FREQ 0% GR3D_FREQ 99% PLL@31.5C CPU@36.5C PMIC@50C GPU@33.5C AO@42C thermal@35C
2023-08-24 19:43:11 RAM 3036/3956MB (lfb 88x4MB) SWAP 2045/4026MB (cached 8MB) CPU [16%@1224,16%@1224,16%@1224,15%@1224] EMC_FREQ 0% GR3D_FREQ 93% PLL@32C CPU@36C PMIC@50C GPU@34C AO@42.5C thermal@35C
2023-08-24 19:44:11 RAM 3033/3956MB (lfb 88x4MB) SWAP 2045/4026MB (cached 8MB) CPU [16%@1224,16%@1224,17%@1224,16%@1224] EMC_FREQ 0% GR3D_FREQ 99% PLL@31.5C CPU@36C PMIC@50C GPU@33.5C AO@42C thermal@34.25C
2023-08-24 19:45:11 RAM 3035/3956MB (lfb 88x4MB) SWAP 2045/4026MB (cached 8MB) CPU [20%@1479,21%@1479,19%@1479,20%@1479] EMC_FREQ 0% GR3D_FREQ 86% PLL@32.5C CPU@36.5C PMIC@50C GPU@34.5C AO@42.5C thermal@35.5C
2023-08-24 19:46:11 RAM 3040/3956MB (lfb 88x4MB) SWAP 2045/4026MB (cached 8MB) CPU [17%@1224,15%@1224,15%@1224,16%@1224] EMC_FREQ 0% GR3D_FREQ 99% PLL@33C CPU@37.5C PMIC@50C GPU@34C AO@42.5C thermal@35.5C
2023-08-24 19:47:11 RAM 3036/3956MB (lfb 88x4MB) SWAP 2046/4026MB (cached 8MB) CPU [18%@1479,16%@1479,16%@1479,15%@1479] EMC_FREQ 0% GR3D_FREQ 99% PLL@32.5C CPU@36.5C PMIC@50C GPU@33.5C AO@42.5C thermal@34.5C
2023-08-24 19:48:11 RAM 3039/3956MB (lfb 88x4MB) SWAP 2047/4026MB (cached 8MB) CPU [16%@1479,17%@1479,16%@1479,16%@1479] EMC_FREQ 0% GR3D_FREQ 99% PLL@32C CPU@36C PMIC@50C GPU@34C AO@42.5C thermal@35.25C
2023-08-24 19:49:11 RAM 3034/3956MB (lfb 88x4MB) SWAP 2047/4026MB (cached 8MB) CPU [20%@1479,21%@1479,22%@1479,18%@1479] EMC_FREQ 0% GR3D_FREQ 99% PLL@32C CPU@36.5C PMIC@50C GPU@34C AO@42.5C thermal@35.75C
2023-08-24 19:50:11 RAM 3037/3956MB (lfb 88x4MB) SWAP 2047/4026MB (cached 8MB) CPU [16%@1224,16%@1224,14%@1224,17%@1224] EMC_FREQ 0% GR3D_FREQ 99% PLL@31.5C CPU@36C PMIC@50C GPU@34C AO@42.5C thermal@35C
2023-08-24 19:51:11 RAM 3032/3956MB (lfb 88x4MB) SWAP 2042/4026MB (cached 8MB) CPU [17%@1224,16%@1224,16%@1224,15%@1224] EMC_FREQ 0% GR3D_FREQ 99% PLL@31.5C CPU@36C PMIC@50C GPU@34C AO@42C thermal@34.5C
2023-08-24 19:52:11 RAM 3036/3956MB (lfb 88x4MB) SWAP 2045/4026MB (cached 8MB) CPU [17%@1479,16%@1479,17%@1479,17%@1479] EMC_FREQ 0% GR3D_FREQ 99% PLL@32.5C CPU@36.5C PMIC@50C GPU@34C AO@42C thermal@35C
2023-08-24 19:53:11 RAM 3033/3956MB (lfb 88x4MB) SWAP 2045/4026MB (cached 8MB) CPU [22%@1479,22%@1479,21%@1479,20%@1479] EMC_FREQ 0% GR3D_FREQ 99% PLL@32.5C CPU@37C PMIC@50C GPU@34C AO@42.5C thermal@35C
2023-08-24 19:54:11 RAM 3036/3956MB (lfb 88x4MB) SWAP 2046/4026MB (cached 8MB) CPU [17%@1224,15%@1224,17%@1224,15%@1224] EMC_FREQ 0% GR3D_FREQ 91% PLL@31.5C CPU@35.5C PMIC@50C GPU@33.5C AO@42C thermal@35C
2023-08-24 19:55:11 RAM 3031/3956MB (lfb 88x4MB) SWAP 2047/4026MB (cached 8MB) CPU [16%@1224,16%@1224,16%@1224,17%@1224] EMC_FREQ 0% GR3D_FREQ 99% PLL@31.5C CPU@36.5C PMIC@50C GPU@34C AO@42.5C thermal@35.25C
2023-08-24 19:56:11 RAM 3036/3956MB (lfb 88x4MB) SWAP 2047/4026MB (cached 8MB) CPU [20%@1479,21%@1479,20%@1479,20%@1479] EMC_FREQ 0% GR3D_FREQ 99% PLL@32.5C CPU@37C PMIC@50C GPU@35C AO@42.5C thermal@35.5C
2023-08-24 19:57:11 RAM 3031/3956MB (lfb 88x4MB) SWAP 2048/4026MB (cached 8MB) CPU [18%@1479,16%@1479,16%@1479,17%@1479] EMC_FREQ 0% GR3D_FREQ 99% PLL@32.5C CPU@37C PMIC@50C GPU@34C AO@43C thermal@35.25C
2023-08-24 19:58:11 RAM 3035/3956MB (lfb 88x4MB) SWAP 2049/4026MB (cached 8MB) CPU [16%@1224,15%@1224,15%@1224,17%@1224] EMC_FREQ 0% GR3D_FREQ 99% PLL@31.5C CPU@36.5C PMIC@50C GPU@33.5C AO@42C thermal@35.25C
2023-08-24 19:59:11 RAM 3038/3956MB (lfb 88x4MB) SWAP 2049/4026MB (cached 8MB) CPU [17%@1224,16%@1224,16%@1224,16%@1224] EMC_FREQ 0% GR3D_FREQ 99% PLL@31.5C CPU@35.5C PMIC@50C GPU@34C AO@42C thermal@35.75C
2023-08-24 20:00:11 RAM 3034/3956MB (lfb 88x4MB) SWAP 2049/4026MB (cached 8MB) CPU [19%@1224,22%@1224,21%@1224,21%@1224] EMC_FREQ 0% GR3D_FREQ 99% PLL@31.5C CPU@36C PMIC@50C GPU@34C AO@42.5C thermal@34.75C
2023-08-24 20:01:11 RAM 3039/3956MB (lfb 88x4MB) SWAP 2049/4026MB (cached 8MB) CPU [17%@1224,14%@1224,16%@1224,17%@1224] EMC_FREQ 0% GR3D_FREQ 99% PLL@32C CPU@36.5C PMIC@50C GPU@34.5C AO@42.5C thermal@35C
2023-08-24 20:02:11 RAM 3034/3956MB (lfb 88x4MB) SWAP 2050/4026MB (cached 8MB) CPU [16%@1479,15%@1479,17%@1479,15%@1479] EMC_FREQ 0% GR3D_FREQ 99% PLL@32C CPU@36.5C PMIC@50C GPU@33.5C AO@42.5C thermal@34.25C
2023-08-24 20:03:11 RAM 3038/3956MB (lfb 88x4MB) SWAP 2051/4026MB (cached 8MB) CPU [16%@1224,15%@1224,17%@1224,17%@1224] EMC_FREQ 0% GR3D_FREQ 99% PLL@31.5C CPU@36C PMIC@50C GPU@33.5C AO@42C thermal@35C
2023-08-24 20:04:11 RAM 3031/3956MB (lfb 88x4MB) SWAP 2051/4026MB (cached 8MB) CPU [20%@1224,20%@1224,21%@1224,21%@1224] EMC_FREQ 0% GR3D_FREQ 99% PLL@32C CPU@36C PMIC@50C GPU@34C AO@42.5C thermal@35.5C
2023-08-24 20:05:11 RAM 3037/3956MB (lfb 88x4MB) SWAP 2052/4026MB (cached 8MB) CPU [17%@1224,15%@1224,15%@1224,14%@1224] EMC_FREQ 0% GR3D_FREQ 99% PLL@32C CPU@36C PMIC@50C GPU@34.5C AO@42.5C thermal@34.5C
2023-08-24 20:06:11 RAM 3031/3956MB (lfb 88x4MB) SWAP 2052/4026MB (cached 8MB) CPU [18%@1224,18%@1224,16%@1224,16%@1224] EMC_FREQ 0% GR3D_FREQ 97% PLL@32C CPU@35.5C PMIC@50C GPU@34.5C AO@42C thermal@34.75C
2023-08-24 20:07:11 RAM 3033/3956MB (lfb 88x4MB) SWAP 2052/4026MB (cached 8MB) CPU [20%@1479,18%@1479,19%@1479,21%@1479] EMC_FREQ 0% GR3D_FREQ 99% PLL@33C CPU@36C PMIC@50C GPU@34C AO@43C thermal@35.5C
2023-08-24 20:08:11 RAM 3023/3956MB (lfb 88x4MB) SWAP 2053/4026MB (cached 8MB) CPU [17%@1224,16%@1224,17%@1224,16%@1224] EMC_FREQ 0% GR3D_FREQ 99% PLL@32.5C CPU@36.5C PMIC@50C GPU@34.5C AO@42.5C thermal@36C
2023-08-24 20:09:11 RAM 3025/3956MB (lfb 88x4MB) SWAP 2054/4026MB (cached 8MB) CPU [17%@1479,16%@1479,15%@1479,16%@1479] EMC_FREQ 0% GR3D_FREQ 99% PLL@32.5C CPU@36.5C PMIC@50C GPU@34C AO@43C thermal@35.25C
2023-08-24 20:10:11 RAM 3030/3956MB (lfb 88x4MB) SWAP 2054/4026MB (cached 8MB) CPU [16%@1479,15%@1479,16%@1479,16%@1479] EMC_FREQ 0% GR3D_FREQ 99% PLL@33C CPU@37.5C PMIC@50C GPU@34C AO@43C thermal@35.25C
2023-08-24 20:11:11 RAM 3024/3956MB (lfb 88x4MB) SWAP 2054/4026MB (cached 8MB) CPU [22%@1224,21%@1224,22%@1224,19%@1224] EMC_FREQ 0% GR3D_FREQ 90% PLL@32.5C CPU@36.5C PMIC@50C GPU@34.5C AO@43C thermal@36C
2023-08-24 20:12:11 RAM 3027/3956MB (lfb 88x4MB) SWAP 2054/4026MB (cached 8MB) CPU [17%@1479,15%@1479,16%@1479,16%@1479] EMC_FREQ 0% GR3D_FREQ 99% PLL@32.5C CPU@36.5C PMIC@50C GPU@34.5C AO@43C thermal@35.25C
2023-08-24 20:13:11 RAM 3024/3956MB (lfb 88x4MB) SWAP 2054/4026MB (cached 8MB) CPU [17%@1224,16%@1224,16%@1224,16%@1224] EMC_FREQ 0% GR3D_FREQ 96% PLL@31.5C CPU@36.5C PMIC@50C GPU@33.5C AO@42.5C thermal@35C
2023-08-24 20:14:11 RAM 3029/3956MB (lfb 88x4MB) SWAP 2054/4026MB (cached 8MB) CPU [17%@1224,16%@1224,16%@1224,16%@1224] EMC_FREQ 0% GR3D_FREQ 99% PLL@31.5C CPU@36C PMIC@50C GPU@34C AO@42.5C thermal@35.25C
2023-08-24 20:15:11 RAM 3026/3956MB (lfb 88x4MB) SWAP 2053/4026MB (cached 8MB) CPU [19%@1224,20%@1224,22%@1224,21%@1224] EMC_FREQ 0% GR3D_FREQ 86% PLL@32C CPU@36.5C PMIC@50C GPU@34C AO@42.5C thermal@35.25C
2023-08-24 20:16:11 RAM 3029/3956MB (lfb 88x4MB) SWAP 2054/4026MB (cached 7MB) CPU [16%@1224,16%@1224,16%@1224,16%@1224] EMC_FREQ 0% GR3D_FREQ 99% PLL@31.5C CPU@36.5C PMIC@50C GPU@34C AO@42C thermal@35C
2023-08-24 20:17:11 RAM 3023/3956MB (lfb 88x4MB) SWAP 2054/4026MB (cached 7MB) CPU [17%@1224,16%@1224,15%@1224,17%@1224] EMC_FREQ 0% GR3D_FREQ 99% PLL@31.5C CPU@36.5C PMIC@50C GPU@34C AO@42.5C thermal@34.75C
2023-08-24 20:18:11 RAM 3025/3956MB (lfb 88x4MB) SWAP 2054/4026MB (cached 7MB) CPU [20%@1479,19%@1479,19%@1479,19%@1479] EMC_FREQ 0% GR3D_FREQ 99% PLL@33C CPU@37C PMIC@50C GPU@34.5C AO@42.5C thermal@36.25C
2023-08-24 20:19:11 RAM 3024/3956MB (lfb 88x4MB) SWAP 2054/4026MB (cached 7MB) CPU [17%@1224,16%@1224,19%@1224,16%@1224] EMC_FREQ 0% GR3D_FREQ 92% PLL@31.5C CPU@35.5C PMIC@50C GPU@33.5C AO@42.5C thermal@35.75C
2023-08-24 20:20:11 RAM 3029/3956MB (lfb 88x4MB) SWAP 2053/4026MB (cached 7MB) CPU [16%@1479,15%@1479,17%@1479,16%@1479] EMC_FREQ 0% GR3D_FREQ 99% PLL@32C CPU@36C PMIC@50C GPU@34C AO@42.5C thermal@35.5C
2023-08-24 20:21:11 RAM 3025/3956MB (lfb 88x4MB) SWAP 2054/4026MB (cached 7MB) CPU [16%@1224,16%@1224,17%@1224,18%@1224] EMC_FREQ 0% GR3D_FREQ 99% PLL@31.5C CPU@36C PMIC@50C GPU@34.5C AO@42C thermal@35.25C
2023-08-24 20:22:11 RAM 3028/3956MB (lfb 88x4MB) SWAP 2054/4026MB (cached 7MB) CPU [20%@1479,18%@1479,23%@1479,21%@1479] EMC_FREQ 0% GR3D_FREQ 99% PLL@32.5C CPU@36.5C PMIC@50C GPU@34C AO@42.5C thermal@34.75C
2023-08-24 20:23:11 RAM 3034/3956MB (lfb 88x4MB) SWAP 2054/4026MB (cached 7MB) CPU [16%@1479,16%@1479,16%@1479,15%@1479] EMC_FREQ 0% GR3D_FREQ 99% PLL@32C CPU@36C PMIC@50C GPU@34C AO@42.5C thermal@35C
2023-08-24 20:24:11 RAM 3030/3956MB (lfb 88x4MB) SWAP 2054/4026MB (cached 7MB) CPU [17%@1479,15%@1479,17%@1479,15%@1479] EMC_FREQ 0% GR3D_FREQ 99% PLL@33C CPU@37C PMIC@50C GPU@34.5C AO@42.5C thermal@35C
2023-08-24 20:25:11 RAM 3031/3956MB (lfb 88x4MB) SWAP 2054/4026MB (cached 7MB) CPU [16%@1479,16%@1479,16%@1479,16%@1479] EMC_FREQ 0% GR3D_FREQ 99% PLL@31.5C CPU@35.5C PMIC@50C GPU@34C AO@42.5C thermal@35.25C
2023-08-24 20:26:11 RAM 3028/3956MB (lfb 88x4MB) SWAP 2054/4026MB (cached 7MB) CPU [20%@1224,21%@1224,19%@1224,21%@1224] EMC_FREQ 0% GR3D_FREQ 90% PLL@32C CPU@35C PMIC@50C GPU@33.5C AO@42C thermal@35.75C
2023-08-24 20:27:11 RAM 3033/3956MB (lfb 88x4MB) SWAP 2054/4026MB (cached 7MB) CPU [18%@1224,15%@1224,15%@1224,14%@1224] EMC_FREQ 0% GR3D_FREQ 94% PLL@31.5C CPU@35.5C PMIC@50C GPU@33.5C AO@42C thermal@35.5C
2023-08-24 20:28:11 RAM 3028/3956MB (lfb 88x4MB) SWAP 2055/4026MB (cached 7MB) CPU [16%@1224,16%@1224,17%@1224,15%@1224] EMC_FREQ 0% GR3D_FREQ 99% PLL@32C CPU@37C PMIC@50C GPU@34.5C AO@42.5C thermal@35C
2023-08-24 20:29:11 RAM 3029/3956MB (lfb 88x4MB) SWAP 2055/4026MB (cached 7MB) CPU [15%@1479,22%@1479,21%@1479,18%@1479] EMC_FREQ 0% GR3D_FREQ 99% PLL@32.5C CPU@37C PMIC@50C GPU@34C AO@42.5C thermal@35C
2023-08-24 20:30:11 RAM 3028/3956MB (lfb 88x4MB) SWAP 2055/4026MB (cached 7MB) CPU [18%@1224,17%@1224,18%@1224,17%@1224] EMC_FREQ 0% GR3D_FREQ 99% PLL@31C CPU@35.5C PMIC@50C GPU@33C AO@42C thermal@35C
2023-08-24 20:31:11 RAM 3032/3956MB (lfb 88x4MB) SWAP 2055/4026MB (cached 7MB) CPU [17%@1224,15%@1224,15%@1224,15%@1224] EMC_FREQ 0% GR3D_FREQ 99% PLL@31.5C CPU@36.5C PMIC@50C GPU@33.5C AO@42C thermal@35.75C
2023-08-24 20:32:11 RAM 3030/3956MB (lfb 88x4MB) SWAP 2055/4026MB (cached 7MB) CPU [17%@1224,16%@1224,16%@1224,15%@1224] EMC_FREQ 0% GR3D_FREQ 99% PLL@31.5C CPU@35.5C PMIC@50C GPU@33.5C AO@42C thermal@34.5C
2023-08-24 20:33:11 RAM 3037/3956MB (lfb 88x4MB) SWAP 2055/4026MB (cached 7MB) CPU [20%@1224,23%@1224,20%@1224,19%@1224] EMC_FREQ 0% GR3D_FREQ 99% PLL@31.5C CPU@36C PMIC@50C GPU@34C AO@42.5C thermal@34.25C
2023-08-24 20:34:11 RAM 3030/3956MB (lfb 88x4MB) SWAP 2056/4026MB (cached 7MB) CPU [16%@1479,16%@1479,18%@1479,16%@1479] EMC_FREQ 0% GR3D_FREQ 99% PLL@31.5C CPU@36.5C PMIC@50C GPU@34C AO@42C thermal@35.25C
2023-08-24 20:35:11 RAM 3035/3956MB (lfb 88x4MB) SWAP 2056/4026MB (cached 7MB) CPU [16%@1224,16%@1224,17%@1224,15%@1224] EMC_FREQ 0% GR3D_FREQ 99% PLL@31.5C CPU@35C PMIC@50C GPU@33C AO@41.5C thermal@34.25C
2023-08-24 20:36:11 RAM 3032/3956MB (lfb 88x4MB) SWAP 2056/4026MB (cached 7MB) CPU [16%@1224,17%@1224,16%@1224,16%@1224] EMC_FREQ 0% GR3D_FREQ 99% PLL@31.5C CPU@35C PMIC@50C GPU@34C AO@41.5C thermal@35C
2023-08-24 20:37:11 RAM 3035/3956MB (lfb 88x4MB) SWAP 2056/4026MB (cached 7MB) CPU [21%@1224,20%@1224,21%@1224,19%@1224] EMC_FREQ 0% GR3D_FREQ 99% PLL@31.5C CPU@35.5C PMIC@50C GPU@34C AO@42C thermal@34.75C
2023-08-24 20:38:11 RAM 3032/3956MB (lfb 88x4MB) SWAP 2055/4026MB (cached 7MB) CPU [16%@1224,17%@1224,16%@1224,16%@1224] EMC_FREQ 0% GR3D_FREQ 99% PLL@32C CPU@36C PMIC@50C GPU@33.5C AO@42C thermal@34C
2023-08-24 20:39:11 RAM 3037/3956MB (lfb 88x4MB) SWAP 2054/4026MB (cached 7MB) CPU [16%@1479,16%@1479,16%@1479,16%@1479] EMC_FREQ 0% GR3D_FREQ 99% PLL@31.5C CPU@36C PMIC@50C GPU@34C AO@42.5C thermal@35C
2023-08-24 20:40:11 RAM 3040/3956MB (lfb 88x4MB) SWAP 2054/4026MB (cached 7MB) CPU [19%@1479,18%@1479,19%@1479,21%@1479] EMC_FREQ 0% GR3D_FREQ 99% PLL@32C CPU@37.5C PMIC@50C GPU@34.5C AO@41.5C thermal@35.25C
2023-08-24 20:41:11 RAM 3090/3956MB (lfb 88x4MB) SWAP 2010/4026MB (cached 16MB) CPU [32%@1224,33%@1224,31%@1224,31%@1224] EMC_FREQ 0% GR3D_FREQ 99% PLL@31.5C CPU@36C PMIC@50C GPU@34C AO@42.5C thermal@34.75C
2023-08-24 20:42:11 RAM 3076/3956MB (lfb 88x4MB) SWAP 2011/4026MB (cached 16MB) CPU [20%@1479,20%@1479,20%@1479,18%@1479] EMC_FREQ 0% GR3D_FREQ 56% PLL@31C CPU@35.5C PMIC@50C GPU@33.5C AO@42C thermal@34.25C
2023-08-24 20:43:11 RAM 3081/3956MB (lfb 88x4MB) SWAP 2011/4026MB (cached 16MB) CPU [17%@1224,16%@1224,16%@1224,17%@1224] EMC_FREQ 0% GR3D_FREQ 99% PLL@31.5C CPU@35.5C PMIC@50C GPU@34C AO@42C thermal@35.5C
2023-08-24 20:44:11 RAM 3071/3956MB (lfb 88x4MB) SWAP 2011/4026MB (cached 16MB) CPU [20%@1224,24%@1224,20%@1224,19%@1224] EMC_FREQ 0% GR3D_FREQ 99% PLL@31.5C CPU@35.5C PMIC@50C GPU@34C AO@42C thermal@35.25C
2023-08-24 20:45:11 RAM 3073/3956MB (lfb 88x4MB) SWAP 2012/4026MB (cached 16MB) CPU [17%@1224,16%@1224,15%@1224,17%@1224] EMC_FREQ 0% GR3D_FREQ 99% PLL@31.5C CPU@35.5C PMIC@50C GPU@33.5C AO@42C thermal@34C
2023-08-24 20:46:11 RAM 3069/3956MB (lfb 88x4MB) SWAP 2012/4026MB (cached 16MB) CPU [17%@1224,16%@1224,15%@1224,18%@1224] EMC_FREQ 0% GR3D_FREQ 99% PLL@31.5C CPU@35C PMIC@50C GPU@33.5C AO@42C thermal@34C
2023-08-24 20:47:11 RAM 3064/3956MB (lfb 88x4MB) SWAP 2050/4026MB (cached 10MB) CPU [24%@1479,22%@1479,26%@1479,21%@1479] EMC_FREQ 0% GR3D_FREQ 99% PLL@31.5C CPU@36.5C PMIC@50C GPU@33.5C AO@41.5C thermal@35C
2023-08-24 20:48:11 RAM 3063/3956MB (lfb 88x4MB) SWAP 2050/4026MB (cached 10MB) CPU [21%@1224,17%@1224,23%@1224,21%@1224] EMC_FREQ 0% GR3D_FREQ 99% PLL@31C CPU@35C PMIC@50C GPU@33C AO@41.5C thermal@34C
2023-08-24 20:49:11 RAM 3069/3956MB (lfb 88x4MB) SWAP 2050/4026MB (cached 10MB) CPU [17%@1224,16%@1224,17%@1224,17%@1224] EMC_FREQ 0% GR3D_FREQ 99% PLL@31.5C CPU@35.5C PMIC@50C GPU@33.5C AO@42C thermal@34.5C
2023-08-24 20:50:11 RAM 3066/3956MB (lfb 88x4MB) SWAP 2050/4026MB (cached 10MB) CPU [16%@1224,16%@1224,17%@1224,17%@1224] EMC_FREQ 0% GR3D_FREQ 99% PLL@31C CPU@35C PMIC@50C GPU@33.5C AO@41.5C thermal@34C
2023-08-24 20:51:11 RAM 3067/3956MB (lfb 88x4MB) SWAP 2050/4026MB (cached 10MB) CPU [17%@1479,16%@1479,18%@1479,17%@1479] EMC_FREQ 0% GR3D_FREQ 99% PLL@31.5C CPU@36C PMIC@50C GPU@33C AO@42.5C thermal@35C
2023-08-24 20:52:11 RAM 3064/3956MB (lfb 88x4MB) SWAP 2050/4026MB (cached 10MB) CPU [19%@1479,21%@1479,22%@1479,20%@1479] EMC_FREQ 0% GR3D_FREQ 99% PLL@31.5C CPU@35.5C PMIC@50C GPU@33.5C AO@41.5C thermal@34.5C
2023-08-24 20:53:11 RAM 3069/3956MB (lfb 88x4MB) SWAP 2050/4026MB (cached 10MB) CPU [16%@1224,17%@1224,17%@1224,16%@1224] EMC_FREQ 0% GR3D_FREQ 96% PLL@31C CPU@35C PMIC@50C GPU@33.5C AO@41.5C thermal@35C
2023-08-24 20:54:11 RAM 3066/3956MB (lfb 88x4MB) SWAP 2050/4026MB (cached 10MB) CPU [16%@1224,16%@1224,18%@1224,16%@1224] EMC_FREQ 0% GR3D_FREQ 99% PLL@31.5C CPU@35C PMIC@50C GPU@33C AO@41.5C thermal@34.25C
2023-08-24 20:55:11 RAM 3072/3956MB (lfb 88x4MB) SWAP 2050/4026MB (cached 10MB) CPU [18%@1479,25%@1479,19%@1479,20%@1479] EMC_FREQ 0% GR3D_FREQ 88% PLL@31.5C CPU@35.5C PMIC@50C GPU@34C AO@41.5C thermal@35C
2023-08-24 20:56:11 RAM 3066/3956MB (lfb 88x4MB) SWAP 2050/4026MB (cached 10MB) CPU [16%@1224,16%@1224,18%@1224,17%@1224] EMC_FREQ 0% GR3D_FREQ 99% PLL@31C CPU@34.5C PMIC@50C GPU@33C AO@41.5C thermal@33.75C
2023-08-24 20:57:11 RAM 3070/3956MB (lfb 88x4MB) SWAP 2050/4026MB (cached 10MB) CPU [17%@1479,16%@1479,17%@1479,17%@1479] EMC_FREQ 0% GR3D_FREQ 99% PLL@31.5C CPU@35.5C PMIC@50C GPU@33C AO@41.5C thermal@33.5C
2023-08-24 20:58:11 RAM 3066/3956MB (lfb 88x4MB) SWAP 2050/4026MB (cached 10MB) CPU [16%@1428,16%@1428,18%@1428,16%@1428] EMC_FREQ 0% GR3D_FREQ 68% PLL@31C CPU@34.5C PMIC@50C GPU@33C AO@41.5C thermal@34C
2023-08-24 20:59:11 RAM 3069/3956MB (lfb 88x4MB) SWAP 2049/4026MB (cached 10MB) CPU [21%@1224,19%@1224,20%@1224,22%@1224] EMC_FREQ 0% GR3D_FREQ 99% PLL@31C CPU@35C PMIC@50C GPU@33C AO@41.5C thermal@34.5C
2023-08-24 21:00:11 RAM 3074/3956MB (lfb 88x4MB) SWAP 2047/4026MB (cached 10MB) CPU [28%@1224,28%@1224,27%@1224,27%@1224] EMC_FREQ 0% GR3D_FREQ 99% PLL@31C CPU@35.5C PMIC@50C GPU@33C AO@42C thermal@35C
2023-08-24 21:01:11 RAM 3078/3956MB (lfb 88x4MB) SWAP 2047/4026MB (cached 10MB) CPU [17%@1479,16%@1479,19%@1479,17%@1479] EMC_FREQ 0% GR3D_FREQ 99% PLL@32C CPU@36.5C PMIC@50C GPU@33.5C AO@42C thermal@34.75C
2023-08-24 21:02:11 RAM 3070/3956MB (lfb 88x4MB) SWAP 2047/4026MB (cached 10MB) CPU [18%@1479,17%@1479,17%@1479,17%@1479] EMC_FREQ 0% GR3D_FREQ 99% PLL@32C CPU@35.5C PMIC@50C GPU@33C AO@42C thermal@34.25C
2023-08-24 21:03:11 RAM 3068/3956MB (lfb 88x4MB) SWAP 2047/4026MB (cached 10MB) CPU [23%@1224,23%@1224,24%@1224,23%@1224] EMC_FREQ 0% GR3D_FREQ 99% PLL@31.5C CPU@35.5C PMIC@50C GPU@34C AO@42C thermal@34.5C
2023-08-24 21:04:11 RAM 3074/3956MB (lfb 88x4MB) SWAP 2047/4026MB (cached 10MB) CPU [16%@1479,15%@1479,18%@1479,17%@1479] EMC_FREQ 0% GR3D_FREQ 99% PLL@31.5C CPU@35.5C PMIC@50C GPU@33C AO@41.5C thermal@34.5C
2023-08-24 21:05:11 RAM 3067/3956MB (lfb 88x4MB) SWAP 2047/4026MB (cached 10MB) CPU [16%@1224,16%@1224,18%@1224,18%@1224] EMC_FREQ 0% GR3D_FREQ 99% PLL@31.5C CPU@35C PMIC@50C GPU@33C AO@41.5C thermal@34.5C
2023-08-24 21:06:11 RAM 3084/3956MB (lfb 88x4MB) SWAP 2047/4026MB (cached 10MB) CPU [23%@1479,30%@1479,28%@1479,25%@1479] EMC_FREQ 0% GR3D_FREQ 99% PLL@32C CPU@37C PMIC@50C GPU@34C AO@42.5C thermal@35C
2023-08-24 21:07:11 RAM 3069/3956MB (lfb 88x4MB) SWAP 2047/4026MB (cached 10MB) CPU [18%@1479,18%@1479,20%@1479,16%@1479] EMC_FREQ 0% GR3D_FREQ 89% PLL@32C CPU@36C PMIC@50C GPU@33.5C AO@42C thermal@34.25C
2023-08-24 21:08:11 RAM 3072/3956MB (lfb 88x4MB) SWAP 2047/4026MB (cached 10MB) CPU [16%@1224,16%@1224,16%@1224,16%@1224] EMC_FREQ 0% GR3D_FREQ 95% PLL@31.5C CPU@35.5C PMIC@50C GPU@33C AO@42C thermal@34.25C
2023-08-24 21:09:11 RAM 3069/3956MB (lfb 88x4MB) SWAP 2047/4026MB (cached 10MB) CPU [17%@1479,16%@1479,18%@1479,16%@1479] EMC_FREQ 0% GR3D_FREQ 99% PLL@31.5C CPU@36C PMIC@50C GPU@33C AO@42C thermal@34.5C
2023-08-24 21:10:11 RAM 3070/3956MB (lfb 88x4MB) SWAP 2047/4026MB (cached 10MB) CPU [19%@1479,18%@1479,25%@1479,19%@1479] EMC_FREQ 0% GR3D_FREQ 69% PLL@31.5C CPU@35.5C PMIC@50C GPU@33.5C AO@41.5C thermal@34.5C
2023-08-24 21:11:11 RAM 3065/3956MB (lfb 88x4MB) SWAP 2047/4026MB (cached 10MB) CPU [17%@1224,16%@1224,18%@1224,18%@1224] EMC_FREQ 0% GR3D_FREQ 99% PLL@31.5C CPU@36C PMIC@50C GPU@33.5C AO@42.5C thermal@34.25C
2023-08-24 21:12:11 RAM 3070/3956MB (lfb 88x4MB) SWAP 2047/4026MB (cached 10MB) CPU [16%@1224,16%@1224,17%@1224,15%@1224] EMC_FREQ 0% GR3D_FREQ 99% PLL@31C CPU@35.5C PMIC@50C GPU@33.5C AO@42C thermal@34.5C
2023-08-24 21:13:11 RAM 3064/3956MB (lfb 88x4MB) SWAP 2047/4026MB (cached 10MB) CPU [15%@1224,16%@1224,18%@1224,17%@1224] EMC_FREQ 0% GR3D_FREQ 99% PLL@31C CPU@35.5C PMIC@50C GPU@33.5C AO@41.5C thermal@34C
2023-08-24 21:14:11 RAM 3067/3956MB (lfb 88x4MB) SWAP 2047/4026MB (cached 10MB) CPU [18%@1224,21%@1224,22%@1224,22%@1224] EMC_FREQ 0% GR3D_FREQ 99% PLL@31.5C CPU@36.5C PMIC@50C GPU@33.5C AO@42C thermal@34C
2023-08-24 21:15:11 RAM 3065/3956MB (lfb 88x4MB) SWAP 2047/4026MB (cached 10MB) CPU [16%@1479,16%@1479,17%@1479,15%@1479] EMC_FREQ 0% GR3D_FREQ 99% PLL@32C CPU@35C PMIC@50C GPU@33C AO@41.5C thermal@34C
2023-08-24 21:16:11 RAM 3070/3956MB (lfb 88x4MB) SWAP 2047/4026MB (cached 10MB) CPU [15%@1224,16%@1224,18%@1224,16%@1224] EMC_FREQ 0% GR3D_FREQ 98% PLL@31C CPU@35C PMIC@50C GPU@33C AO@41.5C thermal@34.25C
2023-08-24 21:17:11 RAM 3065/3956MB (lfb 88x4MB) SWAP 2047/4026MB (cached 10MB) CPU [17%@1479,18%@1479,19%@1479,18%@1479] EMC_FREQ 0% GR3D_FREQ 99% PLL@32.5C CPU@36.5C PMIC@50C GPU@33.5C AO@42C thermal@34.5C
2023-08-24 21:18:11 RAM 3066/3956MB (lfb 88x4MB) SWAP 2047/4026MB (cached 10MB) CPU [18%@1224,19%@1224,20%@1224,19%@1224] EMC_FREQ 0% GR3D_FREQ 99% PLL@31C CPU@35C PMIC@50C GPU@33C AO@41.5C thermal@34.5C
2023-08-24 21:19:11 RAM 3063/3956MB (lfb 88x4MB) SWAP 2047/4026MB (cached 10MB) CPU [17%@1224,16%@1224,17%@1224,17%@1224] EMC_FREQ 0% GR3D_FREQ 94% PLL@31.5C CPU@35.5C PMIC@50C GPU@33.5C AO@41.5C thermal@34C
2023-08-24 21:20:11 RAM 3068/3956MB (lfb 88x4MB) SWAP 2042/4026MB (cached 10MB) CPU [15%@1479,15%@1479,17%@1479,18%@1479] EMC_FREQ 0% GR3D_FREQ 99% PLL@31.5C CPU@35.5C PMIC@50C GPU@32.5C AO@41.5C thermal@34.25C
2023-08-24 21:21:11 RAM 3065/3956MB (lfb 88x4MB) SWAP 2042/4026MB (cached 10MB) CPU [26%@1224,20%@1224,20%@1224,17%@1224] EMC_FREQ 0% GR3D_FREQ 99% PLL@31.5C CPU@35.5C PMIC@50C GPU@33C AO@41.5C thermal@34C
2023-08-24 21:22:11 RAM 3070/3956MB (lfb 88x4MB) SWAP 2042/4026MB (cached 10MB) CPU [17%@1479,16%@1479,16%@1479,16%@1479] EMC_FREQ 0% GR3D_FREQ 99% PLL@31C CPU@35C PMIC@50C GPU@32.5C AO@42C thermal@34C
2023-08-24 21:23:11 RAM 3066/3956MB (lfb 88x4MB) SWAP 2042/4026MB (cached 10MB) CPU [17%@1224,16%@1224,17%@1224,16%@1224] EMC_FREQ 0% GR3D_FREQ 99% PLL@31C CPU@35.5C PMIC@50C GPU@33C AO@41.5C thermal@34C
2023-08-24 21:24:11 RAM 3070/3956MB (lfb 88x4MB) SWAP 2042/4026MB (cached 10MB) CPU [16%@1479,16%@1479,17%@1479,16%@1479] EMC_FREQ 0% GR3D_FREQ 99% PLL@31C CPU@35.5C PMIC@50C GPU@33C AO@41.5C thermal@33.5C
2023-08-24 21:25:11 RAM 3064/3956MB (lfb 88x4MB) SWAP 2042/4026MB (cached 10MB) CPU [18%@1479,21%@1479,24%@1479,20%@1479] EMC_FREQ 0% GR3D_FREQ 99% PLL@31.5C CPU@35.5C PMIC@50C GPU@33C AO@41.5C thermal@33.75C
2023-08-24 21:26:11 RAM 3070/3956MB (lfb 88x4MB) SWAP 2042/4026MB (cached 10MB) CPU [15%@1224,18%@1224,16%@1224,16%@1224] EMC_FREQ 0% GR3D_FREQ 95% PLL@31C CPU@35C PMIC@50C GPU@33C AO@41C thermal@34.5C
2023-08-24 21:27:11 RAM 3066/3956MB (lfb 88x4MB) SWAP 2042/4026MB (cached 10MB) CPU [17%@1224,17%@1224,15%@1224,17%@1224] EMC_FREQ 0% GR3D_FREQ 99% PLL@31C CPU@35.5C PMIC@50C GPU@32.5C AO@41.5C thermal@33.75C
2023-08-24 21:28:12 RAM 3071/3956MB (lfb 88x4MB) SWAP 2042/4026MB (cached 10MB) CPU [17%@1479,16%@1479,18%@1479,17%@1479] EMC_FREQ 0% GR3D_FREQ 99% PLL@31.5C CPU@36C PMIC@50C GPU@33C AO@42C thermal@34.25C
2023-08-24 21:29:12 RAM 3066/3956MB (lfb 88x4MB) SWAP 2042/4026MB (cached 10MB) CPU [18%@1479,21%@1479,23%@1479,19%@1479] EMC_FREQ 0% GR3D_FREQ 99% PLL@31.5C CPU@37C PMIC@50C GPU@33C AO@41.5C thermal@34.5C
2023-08-24 21:30:12 RAM 3070/3956MB (lfb 88x4MB) SWAP 2042/4026MB (cached 10MB) CPU [17%@1224,16%@1224,18%@1224,17%@1224] EMC_FREQ 0% GR3D_FREQ 93% PLL@31C CPU@35.5C PMIC@50C GPU@33.5C AO@42C thermal@34.75C
2023-08-24 21:31:12 RAM 3066/3956MB (lfb 88x4MB) SWAP 2042/4026MB (cached 9MB) CPU [18%@1479,16%@1479,16%@1479,17%@1479] EMC_FREQ 0% GR3D_FREQ 99% PLL@31.5C CPU@36C PMIC@50C GPU@33C AO@41.5C thermal@34.25C
2023-08-24 21:32:12 RAM 3071/3956MB (lfb 88x4MB) SWAP 2042/4026MB (cached 9MB) CPU [20%@1479,20%@1479,19%@1479,22%@1479] EMC_FREQ 0% GR3D_FREQ 99% PLL@31C CPU@35.5C PMIC@50C GPU@33C AO@42C thermal@34.5C
2023-08-24 21:33:12 RAM 3065/3956MB (lfb 88x4MB) SWAP 2042/4026MB (cached 9MB) CPU [17%@1224,16%@1224,16%@1224,18%@1224] EMC_FREQ 0% GR3D_FREQ 99% PLL@31C CPU@35C PMIC@50C GPU@33C AO@41.5C thermal@34.75C
2023-08-24 21:34:12 RAM 3083/3956MB (lfb 88x4MB) SWAP 2043/4026MB (cached 9MB) CPU [17%@1224,18%@1224,20%@1224,18%@1224] EMC_FREQ 0% GR3D_FREQ 99% PLL@31.5C CPU@35C PMIC@50C GPU@33C AO@41.5C thermal@34.5C
2023-08-24 21:35:12 RAM 3121/3956MB (lfb 88x4MB) SWAP 2016/4026MB (cached 8MB) CPU [24%@1224,25%@1224,26%@1224,23%@1224] EMC_FREQ 0% GR3D_FREQ 99% PLL@31C CPU@35C PMIC@50C GPU@33C AO@41.5C thermal@34.5C
2023-08-24 21:36:12 RAM 3111/3956MB (lfb 88x4MB) SWAP 2016/4026MB (cached 8MB) CPU [20%@1224,18%@1224,23%@1224,20%@1224] EMC_FREQ 0% GR3D_FREQ 97% PLL@31C CPU@35.5C PMIC@50C GPU@33C AO@42C thermal@34.25C
2023-08-24 21:37:12 RAM 3099/3956MB (lfb 88x4MB) SWAP 2018/4026MB (cached 8MB) CPU [16%@1224,17%@1224,16%@1224,17%@1224] EMC_FREQ 0% GR3D_FREQ 88% PLL@31.5C CPU@36.5C PMIC@50C GPU@33.5C AO@42C thermal@34.25C
2023-08-24 21:38:12 RAM 3104/3956MB (lfb 88x4MB) SWAP 2018/4026MB (cached 8MB) CPU [15%@1479,17%@1479,16%@1479,15%@1479] EMC_FREQ 0% GR3D_FREQ 99% PLL@31.5C CPU@35.5C PMIC@50C GPU@33C AO@42C thermal@34C
2023-08-24 21:39:12 RAM 3098/3956MB (lfb 88x4MB) SWAP 2018/4026MB (cached 8MB) CPU [16%@1224,16%@1224,19%@1224,16%@1224] EMC_FREQ 0% GR3D_FREQ 99% PLL@31C CPU@35C PMIC@50C GPU@33C AO@41.5C thermal@34.75C
2023-08-24 21:40:12 RAM 3106/3956MB (lfb 88x4MB) SWAP 2019/4026MB (cached 8MB) CPU [24%@1224,20%@1224,21%@1224,18%@1224] EMC_FREQ 0% GR3D_FREQ 99% PLL@31C CPU@36C PMIC@50C GPU@33.5C AO@41.5C thermal@34.25C
2023-08-24 21:41:12 RAM 3103/3956MB (lfb 88x4MB) SWAP 2014/4026MB (cached 8MB) CPU [16%@1479,16%@1479,16%@1479,16%@1479] EMC_FREQ 0% GR3D_FREQ 99% PLL@32C CPU@37C PMIC@50C GPU@33C AO@42C thermal@34.75C
2023-08-24 21:42:12 RAM 3192/3956MB (lfb 88x4MB) SWAP 2010/4026MB (cached 75MB) CPU [58%@1479,57%@1479,56%@1479,56%@1479] EMC_FREQ 0% GR3D_FREQ 99% PLL@32.5C CPU@37C PMIC@50C GPU@34C AO@42.5C thermal@35.25C
2023-08-24 21:43:12 RAM 3187/3956MB (lfb 88x4MB) SWAP 2021/4026MB (cached 68MB) CPU [56%@1479,60%@1479,58%@1479,59%@1479] EMC_FREQ 0% GR3D_FREQ 99% PLL@33C CPU@36.5C PMIC@50C GPU@34.5C AO@43C thermal@36C
2023-08-24 21:44:12 RAM 3173/3956MB (lfb 88x4MB) SWAP 2031/4026MB (cached 57MB) CPU [24%@1224,23%@1224,27%@1224,26%@1224] EMC_FREQ 0% GR3D_FREQ 92% PLL@32.5C CPU@36C PMIC@50C GPU@34C AO@42.5C thermal@35C
2023-08-24 21:45:12 RAM 3166/3956MB (lfb 88x4MB) SWAP 2031/4026MB (cached 57MB) CPU [17%@1224,16%@1224,18%@1224,17%@1224] EMC_FREQ 0% GR3D_FREQ 99% PLL@32C CPU@36.5C PMIC@50C GPU@34C AO@42.5C thermal@35.25C
2023-08-24 21:46:12 RAM 3122/3956MB (lfb 88x4MB) SWAP 2028/4026MB (cached 55MB) CPU [18%@1479,19%@1479,22%@1479,19%@1479] EMC_FREQ 0% GR3D_FREQ 99% PLL@33C CPU@37C PMIC@50C GPU@34.5C AO@42C thermal@34.25C
2023-08-24 21:47:12 RAM 3116/3956MB (lfb 88x4MB) SWAP 2028/4026MB (cached 55MB) CPU [21%@1479,20%@1479,18%@1479,20%@1479] EMC_FREQ 0% GR3D_FREQ 99% PLL@33C CPU@36C PMIC@50C GPU@34C AO@43C thermal@35.5C
2023-08-24 21:48:12 RAM 3119/3956MB (lfb 88x4MB) SWAP 2029/4026MB (cached 55MB) CPU [19%@1224,18%@1224,18%@1224,20%@1224] EMC_FREQ 0% GR3D_FREQ 93% PLL@32.5C CPU@36.5C PMIC@50C GPU@34C AO@42.5C thermal@35.25C
2023-08-24 21:49:12 RAM 3114/3956MB (lfb 88x4MB) SWAP 2029/4026MB (cached 54MB) CPU [17%@1224,17%@1224,18%@1224,16%@1224] EMC_FREQ 0% GR3D_FREQ 99% PLL@32C CPU@36C PMIC@50C GPU@33.5C AO@42.5C thermal@34C
2023-08-24 21:50:12 RAM 3118/3956MB (lfb 88x4MB) SWAP 2030/4026MB (cached 54MB) CPU [16%@1224,16%@1224,18%@1224,17%@1224] EMC_FREQ 0% GR3D_FREQ 99% PLL@31.5C CPU@36.5C PMIC@50C GPU@33.5C AO@41.5C thermal@35C
2023-08-24 21:51:12 RAM 3115/3956MB (lfb 88x4MB) SWAP 2030/4026MB (cached 54MB) CPU [24%@1224,22%@1224,22%@1224,21%@1224] EMC_FREQ 0% GR3D_FREQ 99% PLL@32C CPU@36C PMIC@50C GPU@34C AO@42.5C thermal@35.5C
2023-08-24 21:52:12 RAM 3114/3956MB (lfb 88x4MB) SWAP 2030/4026MB (cached 53MB) CPU [20%@1479,19%@1479,20%@1479,20%@1479] EMC_FREQ 0% GR3D_FREQ 99% PLL@32C CPU@36.5C PMIC@50C GPU@33.5C AO@42.5C thermal@35C
2023-08-24 21:53:12 RAM 3116/3956MB (lfb 88x4MB) SWAP 2036/4026MB (cached 46MB) CPU [26%@1224,24%@1224,27%@1224,25%@1224] EMC_FREQ 0% GR3D_FREQ 99% PLL@31.5C CPU@35.5C PMIC@50C GPU@33.5C AO@42C thermal@35C
2023-08-24 21:54:12 RAM 3118/3956MB (lfb 88x4MB) SWAP 2041/4026MB (cached 36MB) CPU [21%@1479,20%@1479,21%@1479,20%@1479] EMC_FREQ 0% GR3D_FREQ 97% PLL@32.5C CPU@36.5C PMIC@50C GPU@34C AO@42.5C thermal@35.75C
2023-08-24 21:55:12 RAM 3139/3956MB (lfb 88x4MB) SWAP 2046/4026MB (cached 29MB) CPU [59%@1479,56%@1479,60%@1479,77%@1479] EMC_FREQ 0% GR3D_FREQ 99% PLL@34.5C CPU@38.5C PMIC@50C GPU@35C AO@43.5C thermal@36.25C
2023-08-24 21:56:12 RAM 3139/3956MB (lfb 88x4MB) SWAP 2046/4026MB (cached 29MB) CPU [23%@1479,22%@1479,22%@1479,24%@1479] EMC_FREQ 0% GR3D_FREQ 99% PLL@34C CPU@38.5C PMIC@50C GPU@35.5C AO@44C thermal@36.5C
2023-08-24 21:57:12 RAM 3140/3956MB (lfb 88x4MB) SWAP 2045/4026MB (cached 28MB) CPU [22%@1479,22%@1479,21%@1479,21%@1479] EMC_FREQ 0% GR3D_FREQ 98% PLL@34C CPU@38.5C PMIC@50C GPU@36C AO@44C thermal@36.75C
2023-08-24 21:58:12 RAM 3103/3956MB (lfb 88x4MB) SWAP 2045/4026MB (cached 28MB) CPU [20%@1428,18%@1428,20%@1428,18%@1428] EMC_FREQ 0% GR3D_FREQ 99% PLL@34C CPU@38C PMIC@50C GPU@35.5C AO@44C thermal@36.75C
2023-08-24 21:59:12 RAM 3092/3956MB (lfb 88x4MB) SWAP 2043/4026MB (cached 28MB) CPU [22%@1479,20%@1479,19%@1479,22%@1479] EMC_FREQ 0% GR3D_FREQ 99% PLL@35C CPU@39C PMIC@50C GPU@36C AO@45C thermal@36.75C
2023-08-24 22:00:12 RAM 3096/3956MB (lfb 88x4MB) SWAP 2043/4026MB (cached 28MB) CPU [15%@1224,16%@1224,17%@1224,15%@1224] EMC_FREQ 0% GR3D_FREQ 98% PLL@34C CPU@37.5C PMIC@50C GPU@35.5C AO@44.5C thermal@37.25C
2023-08-24 22:01:12 RAM 3091/3956MB (lfb 88x4MB) SWAP 2043/4026MB (cached 28MB) CPU [17%@1224,15%@1224,16%@1224,17%@1224] EMC_FREQ 0% GR3D_FREQ 99% PLL@34C CPU@38.5C PMIC@50C GPU@36C AO@45C thermal@37.25C
2023-08-24 22:02:12 RAM 3096/3956MB (lfb 88x4MB) SWAP 2043/4026MB (cached 28MB) CPU [17%@1479,17%@1479,17%@1479,15%@1479] EMC_FREQ 0% GR3D_FREQ 99% PLL@35C CPU@39C PMIC@50C GPU@36.5C AO@45C thermal@37.75C
2023-08-24 22:03:12 RAM 3113/3956MB (lfb 88x4MB) SWAP 2043/4026MB (cached 28MB) CPU [22%@1224,23%@1224,23%@1224,23%@1224] EMC_FREQ 0% GR3D_FREQ 99% PLL@34.5C CPU@38C PMIC@50C GPU@36C AO@45C thermal@37.75C
2023-08-24 22:04:12 RAM 3155/3956MB (lfb 88x4MB) SWAP 2043/4026MB (cached 20MB) CPU [63%@1224,63%@1224,62%@1224,63%@1224] EMC_FREQ 0% GR3D_FREQ 99% PLL@35.5C CPU@39.5C PMIC@50C GPU@37C AO@45.5C thermal@38.25C
2023-08-24 22:05:12 RAM 3132/3956MB (lfb 88x4MB) SWAP 2043/4026MB (cached 20MB) CPU [17%@1224,17%@1224,17%@1224,17%@1224] EMC_FREQ 0% GR3D_FREQ 99% PLL@34.5C CPU@38.5C PMIC@50C GPU@36.5C AO@45C thermal@38C
2023-08-24 22:06:12 RAM 3111/3956MB (lfb 88x4MB) SWAP 2043/4026MB (cached 20MB) CPU [19%@1479,19%@1479,20%@1479,18%@1479] EMC_FREQ 0% GR3D_FREQ 99% PLL@35.5C CPU@40.5C PMIC@50C GPU@36.5C AO@45C thermal@38.25C
2023-08-24 22:07:12 RAM 3117/3956MB (lfb 88x4MB) SWAP 2038/4026MB (cached 20MB) CPU [19%@1224,18%@1224,18%@1224,18%@1224] EMC_FREQ 0% GR3D_FREQ 93% PLL@34.5C CPU@39C PMIC@50C GPU@36.5C AO@45C thermal@37C
2023-08-24 22:08:12 RAM 3115/3956MB (lfb 88x4MB) SWAP 2038/4026MB (cached 20MB) CPU [19%@1479,17%@1479,18%@1479,18%@1479] EMC_FREQ 0% GR3D_FREQ 99% PLL@34.5C CPU@39C PMIC@50C GPU@36.5C AO@45C thermal@37C
2023-08-24 22:09:12 RAM 3121/3956MB (lfb 88x4MB) SWAP 2038/4026MB (cached 20MB) CPU [18%@1224,18%@1224,18%@1224,18%@1224] EMC_FREQ 0% GR3D_FREQ 96% PLL@34C CPU@38C PMIC@50C GPU@35.5C AO@44.5C thermal@37.5C
2023-08-24 22:10:12 RAM 3132/3956MB (lfb 88x4MB) SWAP 2031/4026MB (cached 20MB) CPU [22%@1224,24%@1224,26%@1224,25%@1224] EMC_FREQ 0% GR3D_FREQ 0% PLL@33.5C CPU@36.5C PMIC@50C GPU@34.5C AO@44C thermal@36C
2023-08-24 22:11:12 RAM 3259/3956MB (lfb 88x4MB) SWAP 1899/4026MB (cached 26MB) CPU [20%@1479,13%@1479,16%@1479,13%@1479] EMC_FREQ 0% GR3D_FREQ 0% PLL@31.5C CPU@34C PMIC@50C GPU@32C AO@41.5C thermal@34C
2023-08-24 22:12:12 RAM 2128/3956MB (lfb 25x2MB) SWAP 822/4026MB (cached 30MB) CPU [14%@1224,15%@1224,12%@1224,11%@1224] EMC_FREQ 0% GR3D_FREQ 0% PLL@29.5C CPU@32.5C PMIC@50C GPU@30C AO@39.5C thermal@31.5C
2023-08-24 22:13:12 RAM 2134/3956MB (lfb 25x2MB) SWAP 822/4026MB (cached 30MB) CPU [13%@1479,12%@1479,11%@1479,11%@1479] EMC_FREQ 0% GR3D_FREQ 0% PLL@27.5C CPU@30.5C PMIC@50C GPU@28.5C AO@38C thermal@30.25C
