2023-08-30 15:43:00 RAM 2046/3956MB (lfb 124x4MB) SWAP 0/4026MB (cached 0MB) CPU [6%@1224,4%@1224,4%@1224,4%@1224] EMC_FREQ 0% GR3D_FREQ 0% PLL@26.5C CPU@29.5C PMIC@50C GPU@28.5C AO@37.5C thermal@29C
2023-08-30 15:44:00 RAM 2019/3956MB (lfb 107x4MB) SWAP 0/4026MB (cached 0MB) CPU [27%@1479,14%@1479,16%@1479,13%@1479] EMC_FREQ 0% GR3D_FREQ 47% PLL@28C CPU@31C PMIC@50C GPU@28.5C AO@38.5C thermal@29.25C
2023-08-30 15:45:00 RAM 2085/3956MB (lfb 46x4MB) SWAP 1/4026MB (cached 0MB) CPU [16%@1479,13%@1479,16%@1479,16%@1479] EMC_FREQ 0% GR3D_FREQ 0% PLL@28.5C CPU@31C PMIC@50C GPU@30.5C AO@38.5C thermal@30.25C
2023-08-30 15:46:01 RAM 3168/3956MB (lfb 8x4MB) SWAP 43/4026MB (cached 0MB) CPU [15%@1224,13%@1224,15%@1224,7%@1224] EMC_FREQ 0% GR3D_FREQ 0% PLL@28.5C CPU@31.5C PMIC@50C GPU@30.5C AO@39.5C thermal@31C
2023-08-30 15:47:06 RAM 3501/3956MB (lfb 10x4MB) SWAP 241/4026MB (cached 1MB) CPU [7%@1224,6%@1224,6%@1224,5%@1224] EMC_FREQ 0% GR3D_FREQ 0% PLL@29C CPU@32.5C PMIC@50C GPU@31C AO@40.5C thermal@31.75C
2023-08-30 15:48:03 RAM 3379/3956MB (lfb 10x4MB) SWAP 434/4026MB (cached 4MB) CPU [4%@1224,5%@1224,1%@1224,0%@1224] EMC_FREQ 0% GR3D_FREQ 0% PLL@30C CPU@33C PMIC@50C GPU@32C AO@40.5C thermal@32.5C
2023-08-30 15:49:06 RAM 3514/3956MB (lfb 10x4MB) SWAP 583/4026MB (cached 25MB) CPU [9%@1224,7%@1224,4%@1224,2%@1224] EMC_FREQ 0% GR3D_FREQ 0% PLL@30C CPU@33C PMIC@50C GPU@30.5C AO@41C thermal@32.25C
2023-08-30 15:50:05 RAM 3558/3956MB (lfb 10x4MB) SWAP 672/4026MB (cached 25MB) CPU [4%@1224,3%@1224,3%@1224,1%@1224] EMC_FREQ 0% GR3D_FREQ 0% PLL@28.5C CPU@31.5C PMIC@50C GPU@30.5C AO@39C thermal@31C
2023-08-30 15:51:08 RAM 3508/3956MB (lfb 10x4MB) SWAP 832/4026MB (cached 26MB) CPU [7%@1224,5%@1224,6%@1224,3%@1224] EMC_FREQ 0% GR3D_FREQ 0% PLL@28C CPU@32C PMIC@50C GPU@30C AO@38.5C thermal@29.75C
2023-08-30 15:52:07 RAM 3478/3956MB (lfb 11x4MB) SWAP 923/4026MB (cached 32MB) CPU [9%@102,7%@102,7%@102,3%@102] EMC_FREQ 0% GR3D_FREQ 0% PLL@27C CPU@29.5C PMIC@50C GPU@29C AO@37C thermal@29.25C
2023-08-30 15:53:09 RAM 3490/3956MB (lfb 11x4MB) SWAP 1003/4026MB (cached 28MB) CPU [18%@102,16%@102,16%@102,11%@204] EMC_FREQ 0% GR3D_FREQ 0% PLL@26C CPU@28.5C PMIC@50C GPU@28C AO@37C thermal@28.5C
2023-08-30 15:54:10 RAM 3466/3956MB (lfb 11x4MB) SWAP 1067/4026MB (cached 31MB) CPU [17%@1479,15%@1479,14%@1479,13%@1479] EMC_FREQ 0% GR3D_FREQ 0% PLL@26C CPU@29.5C PMIC@50C GPU@28C AO@36.5C thermal@28C
2023-08-30 15:55:10 RAM 3425/3956MB (lfb 11x4MB) SWAP 1156/4026MB (cached 33MB) CPU [13%@825,8%@825,11%@825,5%@825] EMC_FREQ 0% GR3D_FREQ 0% PLL@25.5C CPU@28C PMIC@50C GPU@27.5C AO@35.5C thermal@28.25C
2023-08-30 15:56:10 RAM 3348/3956MB (lfb 11x4MB) SWAP 1279/4026MB (cached 34MB) CPU [18%@204,13%@204,13%@204,10%@204] EMC_FREQ 0% GR3D_FREQ 0% PLL@25C CPU@27.5C PMIC@50C GPU@25.5C AO@35C thermal@27C
2023-08-30 15:57:09 RAM 3324/3956MB (lfb 11x4MB) SWAP 1390/4026MB (cached 73MB) CPU [31%@1479,22%@1479,23%@1479,23%@1479] EMC_FREQ 0% GR3D_FREQ 0% PLL@27C CPU@29.5C PMIC@50C GPU@27C AO@37C thermal@28.75C
2023-08-30 15:58:09 RAM 3329/3956MB (lfb 11x4MB) SWAP 1414/4026MB (cached 88MB) CPU [31%@102,28%@102,26%@102,24%@102] EMC_FREQ 0% GR3D_FREQ 0% PLL@26.5C CPU@29.5C PMIC@50C GPU@27.5C AO@37.5C thermal@28.75C
2023-08-30 15:59:09 RAM 3314/3956MB (lfb 11x4MB) SWAP 1441/4026MB (cached 88MB) CPU [32%@1479,28%@1479,27%@1479,27%@1479] EMC_FREQ 0% GR3D_FREQ 0% PLL@28C CPU@32.5C PMIC@50C GPU@29C AO@39.5C thermal@30.25C
2023-08-30 16:00:09 RAM 3330/3956MB (lfb 11x4MB) SWAP 1443/4026MB (cached 88MB) CPU [32%@1479,40%@1479,34%@1479,30%@1479] EMC_FREQ 0% GR3D_FREQ 0% PLL@29.5C CPU@33.5C PMIC@50C GPU@30C AO@40.5C thermal@32.25C
2023-08-30 16:01:09 RAM 3317/3956MB (lfb 11x4MB) SWAP 1465/4026MB (cached 89MB) CPU [36%@1479,36%@1479,39%@1479,31%@1479] EMC_FREQ 0% GR3D_FREQ 94% PLL@30C CPU@34C PMIC@50C GPU@31.5C AO@41C thermal@32.75C
2023-08-30 16:02:09 RAM 3317/3956MB (lfb 11x4MB) SWAP 1466/4026MB (cached 89MB) CPU [40%@1479,34%@1479,35%@1479,29%@1479] EMC_FREQ 0% GR3D_FREQ 0% PLL@30.5C CPU@35C PMIC@50C GPU@31.5C AO@42C thermal@32.75C
2023-08-30 16:03:09 RAM 3318/3956MB (lfb 11x4MB) SWAP 1467/4026MB (cached 89MB) CPU [39%@1479,35%@1479,36%@1479,31%@1479] EMC_FREQ 0% GR3D_FREQ 35% PLL@32C CPU@35.5C PMIC@50C GPU@33C AO@42.5C thermal@33.75C
2023-08-30 16:04:09 RAM 3322/3956MB (lfb 11x4MB) SWAP 1467/4026MB (cached 90MB) CPU [35%@1479,43%@1479,35%@1479,30%@1479] EMC_FREQ 0% GR3D_FREQ 0% PLL@34C CPU@37C PMIC@50C GPU@35C AO@45C thermal@35.75C
2023-08-30 16:05:09 RAM 3325/3956MB (lfb 11x4MB) SWAP 1468/4026MB (cached 94MB) CPU [36%@1479,25%@1479,25%@1479,47%@1479] EMC_FREQ 0% GR3D_FREQ 0% PLL@36C CPU@38.5C PMIC@50C GPU@36C AO@47C thermal@38.25C
2023-08-30 16:06:09 RAM 3332/3956MB (lfb 11x4MB) SWAP 1472/4026MB (cached 94MB) CPU [32%@1479,26%@1479,26%@1479,56%@1479] EMC_FREQ 0% GR3D_FREQ 0% PLL@38C CPU@41.5C PMIC@50C GPU@39C AO@49C thermal@39.5C
2023-08-30 16:07:09 RAM 3332/3956MB (lfb 11x4MB) SWAP 1472/4026MB (cached 93MB) CPU [40%@1479,37%@1479,40%@1479,26%@1479] EMC_FREQ 0% GR3D_FREQ 33% PLL@39.5C CPU@43.5C PMIC@50C GPU@40C AO@51.5C thermal@42C
2023-08-30 16:08:09 RAM 3332/3956MB (lfb 11x4MB) SWAP 1471/4026MB (cached 92MB) CPU [37%@1479,39%@1479,36%@1479,30%@1479] EMC_FREQ 0% GR3D_FREQ 0% PLL@41.5C CPU@44C PMIC@50C GPU@42C AO@53C thermal@44.25C
2023-08-30 16:09:09 RAM 3331/3956MB (lfb 11x4MB) SWAP 1472/4026MB (cached 92MB) CPU [36%@1479,37%@1479,31%@1479,38%@1479] EMC_FREQ 0% GR3D_FREQ 66% PLL@43C CPU@46.5C PMIC@50C GPU@43.5C AO@54C thermal@45.75C
2023-08-30 16:10:09 RAM 3336/3956MB (lfb 11x4MB) SWAP 1473/4026MB (cached 93MB) CPU [41%@1479,29%@1479,27%@1479,45%@1479] EMC_FREQ 0% GR3D_FREQ 31% PLL@44.5C CPU@48.5C PMIC@50C GPU@45.5C AO@56C thermal@46.75C
2023-08-30 16:11:09 RAM 3334/3956MB (lfb 11x4MB) SWAP 1474/4026MB (cached 93MB) CPU [46%@1479,36%@1479,31%@1479,29%@1479] EMC_FREQ 0% GR3D_FREQ 47% PLL@45.5C CPU@49.5C PMIC@50C GPU@46.5C AO@57C thermal@48C
2023-08-30 16:12:09 RAM 3316/3956MB (lfb 12x4MB) SWAP 1516/4026MB (cached 97MB) CPU [37%@1479,42%@1479,32%@1479,32%@1479] EMC_FREQ 0% GR3D_FREQ 0% PLL@42C CPU@46.5C PMIC@50C GPU@43.5C AO@54C thermal@45.25C
2023-08-30 16:13:09 RAM 3316/3956MB (lfb 12x4MB) SWAP 1538/4026MB (cached 100MB) CPU [35%@1479,44%@1479,39%@1479,31%@1479] EMC_FREQ 0% GR3D_FREQ 2% PLL@40C CPU@43.5C PMIC@50C GPU@41C AO@51.5C thermal@42.5C
2023-08-30 16:14:09 RAM 3308/3956MB (lfb 12x4MB) SWAP 1537/4026MB (cached 100MB) CPU [37%@1479,43%@1479,33%@1479,29%@1479] EMC_FREQ 0% GR3D_FREQ 0% PLL@39C CPU@43.5C PMIC@50C GPU@39.5C AO@50C thermal@40.75C
2023-08-30 16:15:09 RAM 3288/3956MB (lfb 12x4MB) SWAP 1580/4026MB (cached 100MB) CPU [38%@1479,36%@1479,42%@1479,30%@1479] EMC_FREQ 0% GR3D_FREQ 0% PLL@37.5C CPU@41.5C PMIC@50C GPU@39C AO@48C thermal@39.75C
2023-08-30 16:16:09 RAM 3284/3956MB (lfb 12x4MB) SWAP 1580/4026MB (cached 100MB) CPU [41%@1479,39%@1479,34%@1479,30%@1479] EMC_FREQ 0% GR3D_FREQ 0% PLL@36.5C CPU@41.5C PMIC@50C GPU@37.5C AO@48C thermal@39.5C
2023-08-30 16:17:09 RAM 3290/3956MB (lfb 12x4MB) SWAP 1584/4026MB (cached 100MB) CPU [34%@1479,39%@1479,37%@1479,36%@1479] EMC_FREQ 0% GR3D_FREQ 0% PLL@36C CPU@39C PMIC@50C GPU@36C AO@46.5C thermal@38.5C
2023-08-30 16:18:09 RAM 3289/3956MB (lfb 12x4MB) SWAP 1584/4026MB (cached 100MB) CPU [36%@1479,39%@1479,36%@1479,37%@1479] EMC_FREQ 0% GR3D_FREQ 0% PLL@35.5C CPU@39.5C PMIC@50C GPU@36.5C AO@46.5C thermal@38C
2023-08-30 16:19:09 RAM 3293/3956MB (lfb 12x4MB) SWAP 1583/4026MB (cached 101MB) CPU [36%@1479,35%@1479,41%@1479,35%@1479] EMC_FREQ 0% GR3D_FREQ 99% PLL@35C CPU@39.5C PMIC@50C GPU@36C AO@45.5C thermal@37C
2023-08-30 16:20:09 RAM 3294/3956MB (lfb 12x4MB) SWAP 1585/4026MB (cached 101MB) CPU [34%@1479,37%@1479,40%@1479,36%@1479] EMC_FREQ 0% GR3D_FREQ 70% PLL@34.5C CPU@37.5C PMIC@50C GPU@36C AO@46C thermal@37.25C
2023-08-30 16:21:09 RAM 3291/3956MB (lfb 12x4MB) SWAP 1585/4026MB (cached 101MB) CPU [39%@1479,37%@1479,31%@1479,40%@1479] EMC_FREQ 0% GR3D_FREQ 0% PLL@34.5C CPU@39C PMIC@50C GPU@35.5C AO@45C thermal@37C
2023-08-30 16:22:09 RAM 3292/3956MB (lfb 12x4MB) SWAP 1585/4026MB (cached 101MB) CPU [40%@1479,34%@1479,32%@1479,37%@1479] EMC_FREQ 0% GR3D_FREQ 99% PLL@34.5C CPU@38.5C PMIC@50C GPU@35C AO@45.5C thermal@36C
2023-08-30 16:23:09 RAM 3299/3956MB (lfb 12x4MB) SWAP 1585/4026MB (cached 101MB) CPU [34%@1479,40%@1479,35%@1479,38%@1479] EMC_FREQ 0% GR3D_FREQ 0% PLL@34C CPU@37C PMIC@50C GPU@34.5C AO@45C thermal@35.75C
2023-08-30 16:24:09 RAM 3299/3956MB (lfb 12x4MB) SWAP 1585/4026MB (cached 101MB) CPU [37%@1479,37%@1479,39%@1479,34%@1479] EMC_FREQ 0% GR3D_FREQ 26% PLL@35C CPU@38C PMIC@50C GPU@35C AO@45C thermal@36.25C
2023-08-30 16:25:09 RAM 3299/3956MB (lfb 12x4MB) SWAP 1586/4026MB (cached 101MB) CPU [40%@1479,36%@1479,33%@1479,37%@1479] EMC_FREQ 0% GR3D_FREQ 0% PLL@34C CPU@37C PMIC@50C GPU@34.5C AO@44.5C thermal@35.5C
2023-08-30 16:26:09 RAM 3296/3956MB (lfb 12x4MB) SWAP 1587/4026MB (cached 101MB) CPU [33%@1479,38%@1479,38%@1479,43%@1479] EMC_FREQ 0% GR3D_FREQ 87% PLL@34C CPU@38.5C PMIC@50C GPU@35C AO@44.5C thermal@35.75C
2023-08-30 16:27:09 RAM 3298/3956MB (lfb 12x4MB) SWAP 1587/4026MB (cached 101MB) CPU [33%@1479,37%@1479,38%@1479,40%@1479] EMC_FREQ 0% GR3D_FREQ 99% PLL@33.5C CPU@36.5C PMIC@50C GPU@34C AO@44.5C thermal@36C
2023-08-30 16:28:09 RAM 3294/3956MB (lfb 12x4MB) SWAP 1589/4026MB (cached 101MB) CPU [36%@1479,42%@1479,35%@1479,37%@1479] EMC_FREQ 0% GR3D_FREQ 99% PLL@33.5C CPU@38.5C PMIC@50C GPU@35C AO@44.5C thermal@36C
2023-08-30 16:29:09 RAM 3302/3956MB (lfb 12x4MB) SWAP 1588/4026MB (cached 101MB) CPU [39%@1479,33%@1479,36%@1479,40%@1479] EMC_FREQ 0% GR3D_FREQ 0% PLL@34.5C CPU@38C PMIC@50C GPU@34.5C AO@45C thermal@36.5C
2023-08-30 16:30:09 RAM 3305/3956MB (lfb 12x4MB) SWAP 1588/4026MB (cached 101MB) CPU [42%@1479,31%@1479,39%@1479,36%@1479] EMC_FREQ 0% GR3D_FREQ 0% PLL@33.5C CPU@38.5C PMIC@50C GPU@34.5C AO@44.5C thermal@35.25C
2023-08-30 16:31:09 RAM 3299/3956MB (lfb 12x4MB) SWAP 1593/4026MB (cached 101MB) CPU [39%@1479,36%@1479,38%@1479,39%@1479] EMC_FREQ 0% GR3D_FREQ 14% PLL@34C CPU@37.5C PMIC@50C GPU@34.5C AO@45C thermal@36.5C
2023-08-30 16:32:09 RAM 3299/3956MB (lfb 12x4MB) SWAP 1593/4026MB (cached 101MB) CPU [37%@1479,31%@1479,41%@1479,38%@1479] EMC_FREQ 0% GR3D_FREQ 52% PLL@34C CPU@38C PMIC@50C GPU@35C AO@44.5C thermal@35.25C
2023-08-30 16:33:09 RAM 3296/3956MB (lfb 12x4MB) SWAP 1593/4026MB (cached 101MB) CPU [38%@1479,37%@1479,34%@1479,38%@1479] EMC_FREQ 0% GR3D_FREQ 0% PLL@33.5C CPU@37.5C PMIC@50C GPU@34.5C AO@44.5C thermal@35.75C
2023-08-30 16:34:09 RAM 3294/3956MB (lfb 12x4MB) SWAP 1593/4026MB (cached 101MB) CPU [38%@1479,37%@1479,38%@1479,37%@1479] EMC_FREQ 0% GR3D_FREQ 0% PLL@34C CPU@36.5C PMIC@50C GPU@34C AO@44.5C thermal@36C
2023-08-30 16:35:09 RAM 3293/3956MB (lfb 12x4MB) SWAP 1593/4026MB (cached 101MB) CPU [36%@1479,36%@1479,38%@1479,38%@1479] EMC_FREQ 0% GR3D_FREQ 45% PLL@33.5C CPU@38.5C PMIC@50C GPU@35.5C AO@44C thermal@35.5C
2023-08-30 16:36:09 RAM 3305/3956MB (lfb 12x4MB) SWAP 1593/4026MB (cached 101MB) CPU [37%@1479,39%@1479,35%@1479,36%@1479] EMC_FREQ 0% GR3D_FREQ 90% PLL@33.5C CPU@38.5C PMIC@50C GPU@35C AO@44C thermal@36C
2023-08-30 16:37:09 RAM 3305/3956MB (lfb 12x4MB) SWAP 1593/4026MB (cached 101MB) CPU [34%@1479,44%@1479,34%@1479,36%@1479] EMC_FREQ 0% GR3D_FREQ 0% PLL@33.5C CPU@38.5C PMIC@50C GPU@34C AO@45C thermal@36.25C
2023-08-30 16:38:09 RAM 3309/3956MB (lfb 12x4MB) SWAP 1592/4026MB (cached 102MB) CPU [45%@1479,46%@1479,46%@1479,42%@1479] EMC_FREQ 0% GR3D_FREQ 0% PLL@34C CPU@37C PMIC@50C GPU@34C AO@44.5C thermal@36.25C
2023-08-30 16:39:09 RAM 3310/3956MB (lfb 12x4MB) SWAP 1591/4026MB (cached 102MB) CPU [38%@1479,36%@1479,37%@1479,37%@1479] EMC_FREQ 0% GR3D_FREQ 0% PLL@34C CPU@38C PMIC@50C GPU@34.5C AO@44.5C thermal@36.75C
2023-08-30 16:40:09 RAM 3309/3956MB (lfb 12x4MB) SWAP 1591/4026MB (cached 102MB) CPU [37%@1479,38%@1479,40%@1479,34%@1479] EMC_FREQ 0% GR3D_FREQ 0% PLL@33.5C CPU@38C PMIC@50C GPU@34.5C AO@45C thermal@36.5C
2023-08-30 16:41:09 RAM 3316/3956MB (lfb 12x4MB) SWAP 1591/4026MB (cached 102MB) CPU [37%@1479,36%@1479,36%@1479,37%@1479] EMC_FREQ 0% GR3D_FREQ 64% PLL@34C CPU@36.5C PMIC@50C GPU@34.5C AO@44.5C thermal@36.25C
2023-08-30 16:42:09 RAM 3318/3956MB (lfb 12x4MB) SWAP 1591/4026MB (cached 103MB) CPU [33%@1479,36%@1479,37%@1479,41%@1479] EMC_FREQ 0% GR3D_FREQ 94% PLL@33.5C CPU@37C PMIC@50C GPU@35C AO@44.5C thermal@35.25C
2023-08-30 16:43:09 RAM 3318/3956MB (lfb 12x4MB) SWAP 1591/4026MB (cached 103MB) CPU [39%@1479,36%@1479,36%@1479,37%@1479] EMC_FREQ 0% GR3D_FREQ 99% PLL@33C CPU@36.5C PMIC@50C GPU@34C AO@44.5C thermal@36.75C
2023-08-30 16:44:09 RAM 3316/3956MB (lfb 12x4MB) SWAP 1591/4026MB (cached 103MB) CPU [39%@1479,35%@1479,34%@1479,39%@1479] EMC_FREQ 0% GR3D_FREQ 95% PLL@33.5C CPU@38C PMIC@50C GPU@34.5C AO@45C thermal@36.25C
2023-08-30 16:45:09 RAM 3315/3956MB (lfb 12x4MB) SWAP 1593/4026MB (cached 103MB) CPU [37%@1479,40%@1479,34%@1479,38%@1479] EMC_FREQ 0% GR3D_FREQ 91% PLL@34C CPU@38C PMIC@50C GPU@35.5C AO@44.5C thermal@35.5C
2023-08-30 16:46:09 RAM 3321/3956MB (lfb 12x4MB) SWAP 1593/4026MB (cached 103MB) CPU [38%@1479,37%@1479,35%@1479,35%@1479] EMC_FREQ 0% GR3D_FREQ 97% PLL@34C CPU@37C PMIC@50C GPU@35C AO@44.5C thermal@35.5C
2023-08-30 16:47:09 RAM 3319/3956MB (lfb 12x4MB) SWAP 1593/4026MB (cached 103MB) CPU [41%@1479,37%@1479,33%@1479,37%@1479] EMC_FREQ 0% GR3D_FREQ 0% PLL@33.5C CPU@38.5C PMIC@50C GPU@34C AO@45C thermal@36.75C
2023-08-30 16:48:09 RAM 3319/3956MB (lfb 12x4MB) SWAP 1593/4026MB (cached 103MB) CPU [36%@1479,37%@1479,38%@1479,39%@1479] EMC_FREQ 0% GR3D_FREQ 35% PLL@34.5C CPU@37.5C PMIC@50C GPU@35C AO@44.5C thermal@36.25C
2023-08-30 16:49:09 RAM 3319/3956MB (lfb 12x4MB) SWAP 1592/4026MB (cached 103MB) CPU [36%@1479,36%@1479,38%@1479,38%@1479] EMC_FREQ 0% GR3D_FREQ 0% PLL@34.5C CPU@38C PMIC@50C GPU@35C AO@45C thermal@35.5C
2023-08-30 16:50:09 RAM 3317/3956MB (lfb 12x4MB) SWAP 1592/4026MB (cached 103MB) CPU [39%@1479,34%@1479,33%@1479,41%@1479] EMC_FREQ 0% GR3D_FREQ 0% PLL@33.5C CPU@38.5C PMIC@50C GPU@34C AO@45C thermal@37C
2023-08-30 16:51:09 RAM 3316/3956MB (lfb 12x4MB) SWAP 1592/4026MB (cached 103MB) CPU [36%@1479,33%@1479,38%@1479,40%@1479] EMC_FREQ 0% GR3D_FREQ 0% PLL@34.5C CPU@36.5C PMIC@50C GPU@34C AO@44.5C thermal@36.5C
2023-08-30 16:52:09 RAM 3316/3956MB (lfb 12x4MB) SWAP 1592/4026MB (cached 103MB) CPU [36%@1479,42%@1479,35%@1479,37%@1479] EMC_FREQ 0% GR3D_FREQ 94% PLL@34C CPU@37C PMIC@50C GPU@35C AO@44.5C thermal@35.75C
2023-08-30 16:53:09 RAM 3327/3956MB (lfb 12x4MB) SWAP 1592/4026MB (cached 103MB) CPU [41%@1479,35%@1479,35%@1479,37%@1479] EMC_FREQ 0% GR3D_FREQ 6% PLL@34C CPU@36.5C PMIC@50C GPU@34C AO@44.5C thermal@35.25C
2023-08-30 16:54:09 RAM 3323/3956MB (lfb 12x4MB) SWAP 1592/4026MB (cached 103MB) CPU [36%@1479,37%@1479,37%@1479,38%@1479] EMC_FREQ 0% GR3D_FREQ 3% PLL@34C CPU@37C PMIC@50C GPU@34.5C AO@44.5C thermal@35.75C
2023-08-30 16:55:09 RAM 3318/3956MB (lfb 12x4MB) SWAP 1590/4026MB (cached 103MB) CPU [35%@1479,39%@1479,38%@1479,35%@1479] EMC_FREQ 0% GR3D_FREQ 92% PLL@34C CPU@37.5C PMIC@50C GPU@35C AO@44.5C thermal@35.25C
2023-08-30 16:56:09 RAM 3316/3956MB (lfb 12x4MB) SWAP 1590/4026MB (cached 103MB) CPU [41%@1479,36%@1479,40%@1479,32%@1479] EMC_FREQ 0% GR3D_FREQ 0% PLL@33.5C CPU@38C PMIC@50C GPU@34.5C AO@44C thermal@36C
2023-08-30 16:57:09 RAM 3315/3956MB (lfb 12x4MB) SWAP 1590/4026MB (cached 103MB) CPU [38%@1479,38%@1479,36%@1479,35%@1479] EMC_FREQ 0% GR3D_FREQ 69% PLL@33.5C CPU@37.5C PMIC@50C GPU@34C AO@44.5C thermal@35.75C
2023-08-30 16:58:09 RAM 3314/3956MB (lfb 12x4MB) SWAP 1590/4026MB (cached 103MB) CPU [36%@1479,37%@1479,34%@1479,40%@1479] EMC_FREQ 0% GR3D_FREQ 66% PLL@33.5C CPU@38C PMIC@50C GPU@34.5C AO@44.5C thermal@36C
2023-08-30 16:59:09 RAM 3321/3956MB (lfb 12x4MB) SWAP 1590/4026MB (cached 103MB) CPU [37%@1479,35%@1479,35%@1479,39%@1479] EMC_FREQ 0% GR3D_FREQ 92% PLL@33.5C CPU@36.5C PMIC@50C GPU@34C AO@44C thermal@35C
2023-08-30 17:00:09 RAM 3320/3956MB (lfb 12x4MB) SWAP 1589/4026MB (cached 103MB) CPU [36%@1479,37%@1479,42%@1479,34%@1479] EMC_FREQ 0% GR3D_FREQ 0% PLL@33C CPU@37.5C PMIC@50C GPU@34C AO@44.5C thermal@34.75C
2023-08-30 17:01:09 RAM 3319/3956MB (lfb 12x4MB) SWAP 1589/4026MB (cached 103MB) CPU [43%@1479,35%@1479,36%@1479,36%@1479] EMC_FREQ 0% GR3D_FREQ 87% PLL@33.5C CPU@36C PMIC@50C GPU@33.5C AO@44C thermal@34.75C
2023-08-30 17:02:09 RAM 3318/3956MB (lfb 12x4MB) SWAP 1589/4026MB (cached 103MB) CPU [43%@1479,32%@1479,36%@1479,38%@1479] EMC_FREQ 0% GR3D_FREQ 99% PLL@34C CPU@36.5C PMIC@50C GPU@34C AO@44C thermal@34.5C
2023-08-30 17:03:09 RAM 3316/3956MB (lfb 12x4MB) SWAP 1589/4026MB (cached 103MB) CPU [41%@1479,36%@1479,36%@1479,35%@1479] EMC_FREQ 0% GR3D_FREQ 0% PLL@33.5C CPU@36C PMIC@50C GPU@33.5C AO@44C thermal@36.25C
2023-08-30 17:04:09 RAM 3314/3956MB (lfb 12x4MB) SWAP 1589/4026MB (cached 103MB) CPU [38%@1479,38%@1479,36%@1479,36%@1479] EMC_FREQ 0% GR3D_FREQ 0% PLL@33.5C CPU@37.5C PMIC@50C GPU@34C AO@44C thermal@35.75C
2023-08-30 17:05:09 RAM 3318/3956MB (lfb 12x4MB) SWAP 1587/4026MB (cached 104MB) CPU [36%@1479,42%@1479,36%@1479,39%@1479] EMC_FREQ 0% GR3D_FREQ 0% PLL@33.5C CPU@36.5C PMIC@50C GPU@34C AO@44C thermal@35.5C
2023-08-30 17:06:09 RAM 3317/3956MB (lfb 12x4MB) SWAP 1587/4026MB (cached 104MB) CPU [41%@1479,37%@1479,34%@1479,35%@1479] EMC_FREQ 0% GR3D_FREQ 0% PLL@34C CPU@37C PMIC@50C GPU@34.5C AO@44.5C thermal@36.75C
2023-08-30 17:07:09 RAM 3326/3956MB (lfb 12x4MB) SWAP 1587/4026MB (cached 104MB) CPU [41%@1479,37%@1479,33%@1479,35%@1479] EMC_FREQ 0% GR3D_FREQ 60% PLL@34C CPU@37.5C PMIC@50C GPU@34.5C AO@44.5C thermal@36.25C
2023-08-30 17:08:09 RAM 3324/3956MB (lfb 12x4MB) SWAP 1587/4026MB (cached 104MB) CPU [38%@1479,36%@1479,38%@1479,36%@1479] EMC_FREQ 0% GR3D_FREQ 99% PLL@33.5C CPU@37.5C PMIC@50C GPU@34C AO@44.5C thermal@36.25C
2023-08-30 17:09:09 RAM 3323/3956MB (lfb 12x4MB) SWAP 1587/4026MB (cached 104MB) CPU [34%@1479,41%@1479,39%@1479,34%@1479] EMC_FREQ 0% GR3D_FREQ 62% PLL@34C CPU@37.5C PMIC@50C GPU@35C AO@44.5C thermal@35.25C
2023-08-30 17:10:09 RAM 3321/3956MB (lfb 12x4MB) SWAP 1587/4026MB (cached 104MB) CPU [38%@1479,38%@1479,36%@1479,36%@1479] EMC_FREQ 0% GR3D_FREQ 33% PLL@33.5C CPU@37C PMIC@50C GPU@34.5C AO@44.5C thermal@36.25C
2023-08-30 17:11:09 RAM 3321/3956MB (lfb 12x4MB) SWAP 1587/4026MB (cached 104MB) CPU [38%@1479,39%@1479,34%@1479,37%@1479] EMC_FREQ 0% GR3D_FREQ 93% PLL@33.5C CPU@36.5C PMIC@50C GPU@34C AO@44C thermal@36.5C
2023-08-30 17:12:09 RAM 3322/3956MB (lfb 12x4MB) SWAP 1587/4026MB (cached 104MB) CPU [38%@1479,38%@1479,33%@1479,38%@1479] EMC_FREQ 0% GR3D_FREQ 0% PLL@34C CPU@38C PMIC@50C GPU@34.5C AO@44.5C thermal@36.75C
2023-08-30 17:13:09 RAM 3319/3956MB (lfb 12x4MB) SWAP 1586/4026MB (cached 104MB) CPU [37%@1479,36%@1479,35%@1479,39%@1479] EMC_FREQ 0% GR3D_FREQ 0% PLL@33.5C CPU@38C PMIC@50C GPU@34.5C AO@44.5C thermal@36.75C
2023-08-30 17:14:09 RAM 3330/3956MB (lfb 12x4MB) SWAP 1586/4026MB (cached 104MB) CPU [39%@1479,38%@1479,35%@1479,35%@1479] EMC_FREQ 0% GR3D_FREQ 99% PLL@33.5C CPU@36.5C PMIC@50C GPU@34C AO@44.5C thermal@36.5C
2023-08-30 17:15:09 RAM 3327/3956MB (lfb 12x4MB) SWAP 1586/4026MB (cached 104MB) CPU [39%@1479,36%@1479,37%@1479,37%@1479] EMC_FREQ 0% GR3D_FREQ 93% PLL@34C CPU@37.5C PMIC@50C GPU@34.5C AO@44.5C thermal@35.25C
2023-08-30 17:16:09 RAM 3326/3956MB (lfb 12x4MB) SWAP 1586/4026MB (cached 104MB) CPU [38%@1479,35%@1479,36%@1479,37%@1479] EMC_FREQ 0% GR3D_FREQ 78% PLL@33.5C CPU@37C PMIC@50C GPU@35C AO@44.5C thermal@35.75C
2023-08-30 17:17:09 RAM 3324/3956MB (lfb 12x4MB) SWAP 1586/4026MB (cached 104MB) CPU [32%@1479,37%@1479,41%@1479,38%@1479] EMC_FREQ 0% GR3D_FREQ 0% PLL@33.5C CPU@36.5C PMIC@50C GPU@34C AO@44.5C thermal@35.75C
2023-08-30 17:18:09 RAM 3323/3956MB (lfb 12x4MB) SWAP 1586/4026MB (cached 104MB) CPU [38%@1479,37%@1479,37%@1479,36%@1479] EMC_FREQ 0% GR3D_FREQ 99% PLL@33.5C CPU@37.5C PMIC@50C GPU@35C AO@44.5C thermal@37C
2023-08-30 17:19:09 RAM 3322/3956MB (lfb 12x4MB) SWAP 1586/4026MB (cached 104MB) CPU [39%@1479,32%@1479,41%@1479,37%@1479] EMC_FREQ 0% GR3D_FREQ 0% PLL@34C CPU@36.5C PMIC@50C GPU@34.5C AO@44C thermal@36.5C
2023-08-30 17:20:09 RAM 3319/3956MB (lfb 12x4MB) SWAP 1586/4026MB (cached 104MB) CPU [37%@1479,38%@1479,34%@1479,38%@1479] EMC_FREQ 0% GR3D_FREQ 0% PLL@33.5C CPU@36.5C PMIC@50C GPU@34.5C AO@44.5C thermal@36.5C
2023-08-30 17:21:09 RAM 3438/3956MB (lfb 12x4MB) SWAP 1552/4026MB (cached 127MB) CPU [32%@307,27%@307,32%@307,29%@307] EMC_FREQ 0% GR3D_FREQ 0% PLL@32C CPU@35C PMIC@50C GPU@34C AO@43C thermal@34.25C
2023-08-30 17:22:09 RAM 1946/3956MB (lfb 25x4MB) SWAP 907/4026MB (cached 83MB) CPU [14%@102,8%@102,9%@102,8%@102] EMC_FREQ 0% GR3D_FREQ 0% PLL@29.5C CPU@32.5C PMIC@50C GPU@31.5C AO@40.5C thermal@31.75C
