2023-09-05 00:29:47 RAM 2460/3956MB (lfb 2x1MB) SWAP 1001/4026MB (cached 58MB) CPU [20%@1224,26%@1224,19%@1224,19%@1224] EMC_FREQ 0% GR3D_FREQ 0% PLL@26.5C CPU@30.5C PMIC@50C GPU@27.5C AO@38C thermal@28.75C
2023-09-05 00:30:47 RAM 3297/3956MB (lfb 1x2MB) SWAP 1020/4026MB (cached 47MB) CPU [23%@1479,20%@1479,15%@1479,14%@1479] EMC_FREQ 0% GR3D_FREQ 0% PLL@26.5C CPU@31C PMIC@50C GPU@28.5C AO@37.5C thermal@30C
2023-09-05 00:31:49 RAM 3727/3956MB (lfb 3x1MB) SWAP 1116/4026MB (cached 46MB) CPU [12%@1224,11%@1224,14%@1224,9%@1224] EMC_FREQ 0% GR3D_FREQ 0% PLL@26.5C CPU@29C PMIC@50C GPU@26.5C AO@37C thermal@28.5C
2023-09-05 00:32:50 RAM 3743/3956MB (lfb 1x512kB) SWAP 1325/4026MB (cached 41MB) CPU [8%@1224,5%@1224,6%@1224,5%@1224] EMC_FREQ 0% GR3D_FREQ 0% PLL@25.5C CPU@29C PMIC@50C GPU@26.5C AO@37C thermal@28.5C
2023-09-05 00:33:52 RAM 3598/3956MB (lfb 1x512kB) SWAP 1831/4026MB (cached 108MB) CPU [11%@1479,8%@1479,8%@1479,8%@1479] EMC_FREQ 0% GR3D_FREQ 0% PLL@26.5C CPU@30C PMIC@50C GPU@28.5C AO@37C thermal@29C
2023-09-05 00:34:49 RAM 3621/3956MB (lfb 1x512kB) SWAP 1884/4026MB (cached 104MB) CPU [10%@1479,9%@1479,4%@1479,5%@1479] EMC_FREQ 0% GR3D_FREQ 99% PLL@26.5C CPU@30.5C PMIC@50C GPU@28C AO@37C thermal@28.75C
2023-09-05 00:35:49 RAM 3624/3956MB (lfb 1x512kB) SWAP 1921/4026MB (cached 104MB) CPU [24%@1479,30%@1479,32%@1479,28%@1479] EMC_FREQ 0% GR3D_FREQ 99% PLL@30.5C CPU@34.5C PMIC@50C GPU@32C AO@41.5C thermal@33.5C
2023-09-05 00:36:49 RAM 3629/3956MB (lfb 1x512kB) SWAP 1927/4026MB (cached 103MB) CPU [26%@1224,30%@1224,34%@1224,27%@1224] EMC_FREQ 0% GR3D_FREQ 99% PLL@32.5C CPU@36.5C PMIC@50C GPU@34C AO@43C thermal@35.25C
2023-09-05 00:37:49 RAM 3651/3956MB (lfb 1x512kB) SWAP 1957/4026MB (cached 123MB) CPU [12%@1479,19%@1479,13%@1479,12%@1479] EMC_FREQ 0% GR3D_FREQ 0% PLL@31.5C CPU@34.5C PMIC@50C GPU@32C AO@42.5C thermal@33.5C
2023-09-05 00:38:49 RAM 3604/3956MB (lfb 1x512kB) SWAP 2016/4026MB (cached 111MB) CPU [26%@1224,23%@1224,31%@1224,25%@1224] EMC_FREQ 0% GR3D_FREQ 99% PLL@33C CPU@36C PMIC@50C GPU@34.5C AO@43.5C thermal@35.5C
2023-09-05 00:39:49 RAM 3591/3956MB (lfb 1x512kB) SWAP 2014/4026MB (cached 89MB) CPU [26%@1224,24%@1224,37%@1224,29%@1224] EMC_FREQ 0% GR3D_FREQ 99% PLL@33.5C CPU@38C PMIC@50C GPU@35.5C AO@45C thermal@37C
2023-09-05 00:40:49 RAM 3584/3956MB (lfb 1x512kB) SWAP 2014/4026MB (cached 58MB) CPU [21%@1479,17%@1479,16%@1479,21%@1479] EMC_FREQ 0% GR3D_FREQ 99% PLL@33.5C CPU@38C PMIC@50C GPU@35C AO@45C thermal@36.25C
2023-09-05 00:41:49 RAM 3577/3956MB (lfb 1x512kB) SWAP 2014/4026MB (cached 55MB) CPU [27%@1479,27%@1479,31%@1479,29%@1479] EMC_FREQ 0% GR3D_FREQ 99% PLL@34.5C CPU@38.5C PMIC@50C GPU@36C AO@45.5C thermal@37.25C
2023-09-05 00:42:49 RAM 3571/3956MB (lfb 1x512kB) SWAP 2013/4026MB (cached 55MB) CPU [28%@1224,26%@1224,32%@1224,30%@1224] EMC_FREQ 0% GR3D_FREQ 99% PLL@34C CPU@38.5C PMIC@50C GPU@36C AO@45.5C thermal@38C
2023-09-05 00:43:49 RAM 3577/3956MB (lfb 1x512kB) SWAP 2012/4026MB (cached 55MB) CPU [18%@1479,23%@1479,23%@1479,23%@1479] EMC_FREQ 0% GR3D_FREQ 99% PLL@35C CPU@38.5C PMIC@50C GPU@36C AO@45.5C thermal@37.75C
2023-09-05 00:44:49 RAM 3579/3956MB (lfb 1x512kB) SWAP 2012/4026MB (cached 55MB) CPU [26%@1479,29%@1479,29%@1479,28%@1479] EMC_FREQ 0% GR3D_FREQ 99% PLL@35C CPU@38.5C PMIC@50C GPU@36C AO@45.5C thermal@37.75C
2023-09-05 00:45:49 RAM 3570/3956MB (lfb 1x512kB) SWAP 2011/4026MB (cached 56MB) CPU [23%@1224,23%@1224,26%@1224,26%@1224] EMC_FREQ 0% GR3D_FREQ 99% PLL@34C CPU@38C PMIC@50C GPU@36C AO@45.5C thermal@37C
2023-09-05 00:46:49 RAM 3578/3956MB (lfb 1x512kB) SWAP 2011/4026MB (cached 56MB) CPU [24%@1224,25%@1224,27%@1224,26%@1224] EMC_FREQ 0% GR3D_FREQ 99% PLL@34.5C CPU@39C PMIC@50C GPU@36.5C AO@45.5C thermal@37.5C
2023-09-05 00:47:49 RAM 3582/3956MB (lfb 1x512kB) SWAP 2010/4026MB (cached 56MB) CPU [29%@1479,27%@1479,31%@1479,28%@1479] EMC_FREQ 0% GR3D_FREQ 78% PLL@34C CPU@37.5C PMIC@50C GPU@36C AO@45C thermal@37C
2023-09-05 00:48:49 RAM 3590/3956MB (lfb 1x512kB) SWAP 2009/4026MB (cached 56MB) CPU [22%@1224,19%@1224,25%@1224,21%@1224] EMC_FREQ 0% GR3D_FREQ 99% PLL@34C CPU@38C PMIC@50C GPU@36C AO@45C thermal@37.5C
2023-09-05 00:49:49 RAM 3577/3956MB (lfb 1x512kB) SWAP 2009/4026MB (cached 56MB) CPU [32%@1224,29%@1224,29%@1224,27%@1224] EMC_FREQ 0% GR3D_FREQ 99% PLL@34.5C CPU@38C PMIC@50C GPU@36C AO@45.5C thermal@37.25C
2023-09-05 00:50:49 RAM 3559/3956MB (lfb 1x512kB) SWAP 1978/4026MB (cached 59MB) CPU [33%@1224,32%@1224,28%@1224,25%@1224] EMC_FREQ 0% GR3D_FREQ 99% PLL@34C CPU@38C PMIC@50C GPU@35.5C AO@45.5C thermal@36.75C
2023-09-05 00:51:49 RAM 3571/3956MB (lfb 1x512kB) SWAP 1978/4026MB (cached 59MB) CPU [19%@1479,23%@1479,23%@1479,19%@1479] EMC_FREQ 0% GR3D_FREQ 99% PLL@34.5C CPU@39C PMIC@50C GPU@35.5C AO@46C thermal@37C
2023-09-05 00:52:49 RAM 3560/3956MB (lfb 1x512kB) SWAP 1977/4026MB (cached 60MB) CPU [30%@1224,31%@1224,31%@1224,26%@1224] EMC_FREQ 0% GR3D_FREQ 99% PLL@34.5C CPU@38.5C PMIC@50C GPU@36C AO@45.5C thermal@37C
2023-09-05 00:53:49 RAM 3563/3956MB (lfb 1x512kB) SWAP 1977/4026MB (cached 60MB) CPU [24%@1224,32%@1224,33%@1224,26%@1224] EMC_FREQ 0% GR3D_FREQ 99% PLL@34C CPU@38C PMIC@50C GPU@36C AO@45.5C thermal@37.25C
2023-09-05 00:54:49 RAM 3571/3956MB (lfb 1x512kB) SWAP 1976/4026MB (cached 63MB) CPU [23%@1224,21%@1224,23%@1224,20%@1224] EMC_FREQ 0% GR3D_FREQ 99% PLL@34C CPU@38C PMIC@50C GPU@35.5C AO@45C thermal@36.75C
2023-09-05 00:55:49 RAM 3572/3956MB (lfb 1x512kB) SWAP 1977/4026MB (cached 63MB) CPU [28%@1479,29%@1479,31%@1479,28%@1479] EMC_FREQ 0% GR3D_FREQ 99% PLL@34C CPU@38C PMIC@50C GPU@35.5C AO@45C thermal@37.25C
2023-09-05 00:56:49 RAM 3565/3956MB (lfb 1x512kB) SWAP 1978/4026MB (cached 63MB) CPU [27%@1479,25%@1479,34%@1479,25%@1479] EMC_FREQ 0% GR3D_FREQ 99% PLL@34.5C CPU@39C PMIC@50C GPU@36C AO@45C thermal@36.75C
2023-09-05 00:57:49 RAM 3577/3956MB (lfb 1x512kB) SWAP 1977/4026MB (cached 65MB) CPU [24%@1479,24%@1479,20%@1479,27%@1479] EMC_FREQ 0% GR3D_FREQ 99% PLL@34.5C CPU@38.5C PMIC@50C GPU@36C AO@45C thermal@37C
2023-09-05 00:58:49 RAM 3568/3956MB (lfb 1x512kB) SWAP 1976/4026MB (cached 63MB) CPU [33%@1479,29%@1479,30%@1479,26%@1479] EMC_FREQ 0% GR3D_FREQ 99% PLL@34.5C CPU@39C PMIC@50C GPU@35C AO@45.5C thermal@37C
2023-09-05 00:59:49 RAM 3564/3956MB (lfb 1x512kB) SWAP 1980/4026MB (cached 62MB) CPU [26%@1224,24%@1224,27%@1224,20%@1224] EMC_FREQ 0% GR3D_FREQ 99% PLL@34C CPU@38C PMIC@50C GPU@35.5C AO@45C thermal@36.5C
2023-09-05 01:00:49 RAM 3556/3956MB (lfb 1x512kB) SWAP 1986/4026MB (cached 62MB) CPU [30%@1479,28%@1479,28%@1479,27%@1479] EMC_FREQ 0% GR3D_FREQ 99% PLL@34.5C CPU@38C PMIC@50C GPU@36C AO@45.5C thermal@37C
2023-09-05 01:01:49 RAM 3551/3956MB (lfb 1x512kB) SWAP 1991/4026MB (cached 63MB) CPU [32%@1224,28%@1224,29%@1224,30%@1224] EMC_FREQ 0% GR3D_FREQ 99% PLL@34C CPU@38C PMIC@50C GPU@35.5C AO@45C thermal@37C
2023-09-05 01:02:49 RAM 3550/3956MB (lfb 1x512kB) SWAP 1994/4026MB (cached 63MB) CPU [23%@1224,22%@1224,21%@1224,19%@1224] EMC_FREQ 0% GR3D_FREQ 99% PLL@34C CPU@37.5C PMIC@50C GPU@35.5C AO@45C thermal@36.75C
2023-09-05 01:03:49 RAM 3552/3956MB (lfb 1x512kB) SWAP 1996/4026MB (cached 62MB) CPU [31%@1224,29%@1224,30%@1224,29%@1224] EMC_FREQ 0% GR3D_FREQ 99% PLL@34C CPU@38C PMIC@50C GPU@35.5C AO@45C thermal@37C
2023-09-05 01:04:49 RAM 3551/3956MB (lfb 1x512kB) SWAP 1996/4026MB (cached 62MB) CPU [34%@1479,28%@1479,29%@1479,28%@1479] EMC_FREQ 0% GR3D_FREQ 99% PLL@34C CPU@39C PMIC@50C GPU@35.5C AO@45.5C thermal@36.5C
2023-09-05 01:05:49 RAM 3553/3956MB (lfb 1x512kB) SWAP 2000/4026MB (cached 62MB) CPU [22%@1479,23%@1479,23%@1479,21%@1479] EMC_FREQ 0% GR3D_FREQ 99% PLL@34.5C CPU@38C PMIC@50C GPU@35C AO@45C thermal@36.5C
2023-09-05 01:06:49 RAM 3548/3956MB (lfb 3x512kB) SWAP 2004/4026MB (cached 62MB) CPU [30%@1224,27%@1224,32%@1224,30%@1224] EMC_FREQ 0% GR3D_FREQ 99% PLL@34C CPU@37.5C PMIC@50C GPU@35.5C AO@45C thermal@36.5C
2023-09-05 01:07:49 RAM 3539/3956MB (lfb 3x512kB) SWAP 2006/4026MB (cached 62MB) CPU [30%@1479,30%@1479,29%@1479,30%@1479] EMC_FREQ 0% GR3D_FREQ 99% PLL@34C CPU@38.5C PMIC@50C GPU@36C AO@45C thermal@36.5C
2023-09-05 01:08:49 RAM 3550/3956MB (lfb 2x512kB) SWAP 2008/4026MB (cached 62MB) CPU [26%@1479,21%@1479,18%@1479,22%@1479] EMC_FREQ 0% GR3D_FREQ 99% PLL@34C CPU@39C PMIC@50C GPU@35.5C AO@45C thermal@36.5C
2023-09-05 01:09:49 RAM 3538/3956MB (lfb 3x512kB) SWAP 2012/4026MB (cached 62MB) CPU [32%@1224,27%@1224,27%@1224,32%@1224] EMC_FREQ 0% GR3D_FREQ 99% PLL@34C CPU@37.5C PMIC@50C GPU@36C AO@45C thermal@36.75C
2023-09-05 01:10:49 RAM 3541/3956MB (lfb 3x512kB) SWAP 2013/4026MB (cached 61MB) CPU [32%@1224,29%@1224,26%@1224,29%@1224] EMC_FREQ 0% GR3D_FREQ 99% PLL@33.5C CPU@38C PMIC@50C GPU@35.5C AO@45C thermal@36.75C
2023-09-05 01:11:49 RAM 3534/3956MB (lfb 1x1MB) SWAP 2014/4026MB (cached 57MB) CPU [25%@1479,25%@1479,23%@1479,21%@1479] EMC_FREQ 0% GR3D_FREQ 99% PLL@34C CPU@38C PMIC@50C GPU@35.5C AO@45C thermal@36.75C
2023-09-05 01:12:49 RAM 3535/3956MB (lfb 1x1MB) SWAP 2014/4026MB (cached 57MB) CPU [30%@1479,28%@1479,26%@1479,29%@1479] EMC_FREQ 0% GR3D_FREQ 99% PLL@34.5C CPU@38C PMIC@50C GPU@35.5C AO@45.5C thermal@36.5C
2023-09-05 01:13:49 RAM 3537/3956MB (lfb 1x1MB) SWAP 2014/4026MB (cached 57MB) CPU [26%@1224,25%@1224,26%@1224,24%@1224] EMC_FREQ 0% GR3D_FREQ 99% PLL@34C CPU@37.5C PMIC@50C GPU@35.5C AO@45C thermal@36.5C
2023-09-05 01:14:49 RAM 3543/3956MB (lfb 3x512kB) SWAP 2013/4026MB (cached 57MB) CPU [25%@1479,28%@1479,23%@1479,22%@1479] EMC_FREQ 0% GR3D_FREQ 99% PLL@34.5C CPU@37.5C PMIC@50C GPU@35.5C AO@45.5C thermal@36.75C
2023-09-05 01:15:49 RAM 3538/3956MB (lfb 3x512kB) SWAP 2013/4026MB (cached 57MB) CPU [26%@1479,30%@1479,31%@1479,27%@1479] EMC_FREQ 0% GR3D_FREQ 99% PLL@34C CPU@38.5C PMIC@50C GPU@36C AO@45.5C thermal@36.75C
2023-09-05 01:16:49 RAM 3537/3956MB (lfb 1x1MB) SWAP 2013/4026MB (cached 57MB) CPU [23%@1479,20%@1479,24%@1479,27%@1479] EMC_FREQ 0% GR3D_FREQ 99% PLL@34C CPU@38.5C PMIC@50C GPU@35.5C AO@45.5C thermal@36.5C
2023-09-05 01:17:49 RAM 3539/3956MB (lfb 2x512kB) SWAP 2013/4026MB (cached 55MB) CPU [27%@1479,25%@1479,28%@1479,28%@1479] EMC_FREQ 0% GR3D_FREQ 99% PLL@34C CPU@38C PMIC@50C GPU@35.5C AO@45C thermal@36.75C
2023-09-05 01:18:49 RAM 3534/3956MB (lfb 2x512kB) SWAP 2013/4026MB (cached 55MB) CPU [32%@1479,28%@1479,28%@1479,30%@1479] EMC_FREQ 0% GR3D_FREQ 99% PLL@34.5C CPU@39C PMIC@50C GPU@36C AO@45C thermal@37C
2023-09-05 01:19:49 RAM 3534/3956MB (lfb 2x512kB) SWAP 2013/4026MB (cached 55MB) CPU [23%@1224,20%@1224,20%@1224,22%@1224] EMC_FREQ 0% GR3D_FREQ 99% PLL@34C CPU@38C PMIC@50C GPU@35.5C AO@45C thermal@36.75C
2023-09-05 01:20:49 RAM 3546/3956MB (lfb 2x512kB) SWAP 2013/4026MB (cached 55MB) CPU [29%@1479,26%@1479,29%@1479,28%@1479] EMC_FREQ 0% GR3D_FREQ 99% PLL@34C CPU@38.5C PMIC@50C GPU@35.5C AO@45.5C thermal@36.5C
2023-09-05 01:21:49 RAM 3546/3956MB (lfb 1x1MB) SWAP 2013/4026MB (cached 55MB) CPU [30%@1224,28%@1224,27%@1224,29%@1224] EMC_FREQ 0% GR3D_FREQ 99% PLL@34C CPU@38C PMIC@50C GPU@36C AO@45C thermal@37C
2023-09-05 01:22:49 RAM 3539/3956MB (lfb 3x512kB) SWAP 2014/4026MB (cached 52MB) CPU [23%@1224,22%@1224,25%@1224,21%@1224] EMC_FREQ 0% GR3D_FREQ 99% PLL@34C CPU@37.5C PMIC@50C GPU@35.5C AO@45C thermal@37.25C
2023-09-05 01:23:49 RAM 3534/3956MB (lfb 3x512kB) SWAP 2013/4026MB (cached 36MB) CPU [33%@1479,29%@1479,33%@1479,28%@1479] EMC_FREQ 0% GR3D_FREQ 99% PLL@34C CPU@38.5C PMIC@50C GPU@35.5C AO@45C thermal@36.5C
2023-09-05 01:24:49 RAM 3537/3956MB (lfb 3x512kB) SWAP 2013/4026MB (cached 36MB) CPU [29%@1479,31%@1479,30%@1479,25%@1479] EMC_FREQ 0% GR3D_FREQ 99% PLL@34.5C CPU@39C PMIC@50C GPU@35.5C AO@45.5C thermal@36.75C
2023-09-05 01:25:49 RAM 3544/3956MB (lfb 2x512kB) SWAP 2013/4026MB (cached 36MB) CPU [22%@1479,22%@1479,23%@1479,22%@1479] EMC_FREQ 0% GR3D_FREQ 99% PLL@34C CPU@38.5C PMIC@50C GPU@35C AO@45.5C thermal@36.75C
2023-09-05 01:26:49 RAM 3530/3956MB (lfb 1x1MB) SWAP 2013/4026MB (cached 36MB) CPU [28%@1479,29%@1479,30%@1479,28%@1479] EMC_FREQ 0% GR3D_FREQ 99% PLL@34.5C CPU@37.5C PMIC@50C GPU@35.5C AO@45C thermal@36.75C
2023-09-05 01:27:49 RAM 3534/3956MB (lfb 1x1MB) SWAP 2013/4026MB (cached 36MB) CPU [29%@1479,28%@1479,29%@1479,29%@1479] EMC_FREQ 0% GR3D_FREQ 99% PLL@34C CPU@38.5C PMIC@50C GPU@35.5C AO@45.5C thermal@36.75C
2023-09-05 01:28:49 RAM 3549/3956MB (lfb 1x1MB) SWAP 2013/4026MB (cached 36MB) CPU [23%@1224,19%@1224,22%@1224,20%@1224] EMC_FREQ 0% GR3D_FREQ 99% PLL@34C CPU@38C PMIC@50C GPU@36C AO@45.5C thermal@37.25C
2023-09-05 01:29:49 RAM 3533/3956MB (lfb 1x2MB) SWAP 2013/4026MB (cached 36MB) CPU [29%@1479,27%@1479,30%@1479,30%@1479] EMC_FREQ 0% GR3D_FREQ 99% PLL@34C CPU@37.5C PMIC@50C GPU@35.5C AO@45.5C thermal@37.25C
2023-09-05 01:30:49 RAM 3538/3956MB (lfb 1x2MB) SWAP 2013/4026MB (cached 36MB) CPU [28%@1224,27%@1224,26%@1224,30%@1224] EMC_FREQ 0% GR3D_FREQ 99% PLL@33.5C CPU@38C PMIC@50C GPU@35.5C AO@45.5C thermal@36.25C
2023-09-05 01:31:49 RAM 3543/3956MB (lfb 1x2MB) SWAP 2013/4026MB (cached 36MB) CPU [24%@1479,20%@1479,23%@1479,21%@1479] EMC_FREQ 0% GR3D_FREQ 99% PLL@34.5C CPU@38C PMIC@50C GPU@35.5C AO@45.5C thermal@36.5C
2023-09-05 01:32:49 RAM 3546/3956MB (lfb 1x2MB) SWAP 2013/4026MB (cached 36MB) CPU [30%@1479,30%@1479,30%@1479,25%@1479] EMC_FREQ 0% GR3D_FREQ 99% PLL@34C CPU@39C PMIC@50C GPU@35.5C AO@45C thermal@36.25C
2023-09-05 01:33:49 RAM 3543/3956MB (lfb 1x2MB) SWAP 2012/4026MB (cached 36MB) CPU [29%@1224,24%@1224,29%@1224,24%@1224] EMC_FREQ 0% GR3D_FREQ 99% PLL@34C CPU@37.5C PMIC@50C GPU@35.5C AO@45C thermal@36.75C
2023-09-05 01:34:49 RAM 3544/3956MB (lfb 1x2MB) SWAP 2012/4026MB (cached 36MB) CPU [24%@1479,25%@1479,24%@1479,24%@1479] EMC_FREQ 0% GR3D_FREQ 99% PLL@34C CPU@37.5C PMIC@50C GPU@35C AO@45C thermal@36.75C
2023-09-05 01:35:49 RAM 3548/3956MB (lfb 1x2MB) SWAP 2011/4026MB (cached 36MB) CPU [28%@1479,33%@1479,27%@1479,26%@1479] EMC_FREQ 0% GR3D_FREQ 99% PLL@34C CPU@38C PMIC@50C GPU@35.5C AO@45C thermal@37C
2023-09-05 01:36:49 RAM 3550/3956MB (lfb 1x2MB) SWAP 2011/4026MB (cached 36MB) CPU [25%@1479,24%@1479,23%@1479,23%@1479] EMC_FREQ 0% GR3D_FREQ 74% PLL@34C CPU@37.5C PMIC@50C GPU@35.5C AO@45C thermal@36.5C
2023-09-05 01:37:49 RAM 3543/3956MB (lfb 1x2MB) SWAP 2006/4026MB (cached 36MB) CPU [28%@1224,26%@1224,28%@1224,25%@1224] EMC_FREQ 0% GR3D_FREQ 99% PLL@33.5C CPU@37.5C PMIC@50C GPU@35.5C AO@45C thermal@37.25C
2023-09-05 01:38:49 RAM 3547/3956MB (lfb 1x2MB) SWAP 2006/4026MB (cached 36MB) CPU [32%@1326,29%@1326,27%@1326,26%@1326] EMC_FREQ 0% GR3D_FREQ 99% PLL@34C CPU@38C PMIC@50C GPU@35.5C AO@45C thermal@37C
2023-09-05 01:39:49 RAM 3545/3956MB (lfb 1x2MB) SWAP 2007/4026MB (cached 36MB) CPU [25%@1479,23%@1479,21%@1479,21%@1479] EMC_FREQ 0% GR3D_FREQ 40% PLL@33.5C CPU@37.5C PMIC@50C GPU@35.5C AO@45.5C thermal@36.5C
2023-09-05 01:40:49 RAM 3543/3956MB (lfb 1x2MB) SWAP 2007/4026MB (cached 36MB) CPU [27%@1479,29%@1479,28%@1479,27%@1479] EMC_FREQ 0% GR3D_FREQ 99% PLL@34C CPU@38C PMIC@50C GPU@35.5C AO@45C thermal@36.5C
2023-09-05 01:41:49 RAM 3546/3956MB (lfb 1x2MB) SWAP 2007/4026MB (cached 36MB) CPU [28%@1224,32%@1224,26%@1224,29%@1224] EMC_FREQ 0% GR3D_FREQ 99% PLL@33.5C CPU@37.5C PMIC@50C GPU@36C AO@45C thermal@37C
2023-09-05 01:42:49 RAM 3554/3956MB (lfb 1x2MB) SWAP 2008/4026MB (cached 36MB) CPU [25%@1224,21%@1224,21%@1224,18%@1224] EMC_FREQ 0% GR3D_FREQ 99% PLL@33.5C CPU@37.5C PMIC@50C GPU@35.5C AO@45C thermal@36.75C
2023-09-05 01:43:49 RAM 3554/3956MB (lfb 1x2MB) SWAP 2007/4026MB (cached 36MB) CPU [30%@1479,28%@1479,28%@1479,28%@1479] EMC_FREQ 0% GR3D_FREQ 99% PLL@33.5C CPU@37C PMIC@50C GPU@35C AO@45C thermal@37C
2023-09-05 01:44:49 RAM 3550/3956MB (lfb 1x2MB) SWAP 2007/4026MB (cached 36MB) CPU [31%@1224,27%@1224,31%@1224,27%@1224] EMC_FREQ 0% GR3D_FREQ 99% PLL@33.5C CPU@37.5C PMIC@50C GPU@35.5C AO@44.5C thermal@36.5C
2023-09-05 01:45:49 RAM 3549/3956MB (lfb 1x2MB) SWAP 2007/4026MB (cached 36MB) CPU [24%@1224,24%@1224,17%@1224,20%@1224] EMC_FREQ 0% GR3D_FREQ 99% PLL@33.5C CPU@37.5C PMIC@50C GPU@35.5C AO@45C thermal@36.5C
2023-09-05 01:46:49 RAM 3553/3956MB (lfb 1x2MB) SWAP 2007/4026MB (cached 36MB) CPU [30%@1479,30%@1479,25%@1479,29%@1479] EMC_FREQ 0% GR3D_FREQ 99% PLL@34C CPU@38.5C PMIC@50C GPU@36C AO@45C thermal@37C
2023-09-05 01:47:49 RAM 3555/3956MB (lfb 1x2MB) SWAP 2007/4026MB (cached 36MB) CPU [24%@1479,26%@1479,31%@1479,33%@1479] EMC_FREQ 0% GR3D_FREQ 99% PLL@34C CPU@39C PMIC@50C GPU@35.5C AO@45.5C thermal@36.5C
2023-09-05 01:48:49 RAM 3549/3956MB (lfb 1x2MB) SWAP 2007/4026MB (cached 36MB) CPU [22%@1224,21%@1224,22%@1224,21%@1224] EMC_FREQ 0% GR3D_FREQ 99% PLL@33.5C CPU@37.5C PMIC@50C GPU@35.5C AO@45C thermal@36.5C
2023-09-05 01:49:49 RAM 3552/3956MB (lfb 1x2MB) SWAP 2007/4026MB (cached 36MB) CPU [32%@1479,28%@1479,29%@1479,26%@1479] EMC_FREQ 0% GR3D_FREQ 71% PLL@33.5C CPU@37C PMIC@50C GPU@35.5C AO@44.5C thermal@36.5C
2023-09-05 01:50:49 RAM 3553/3956MB (lfb 1x2MB) SWAP 2007/4026MB (cached 36MB) CPU [29%@1479,29%@1479,31%@1479,26%@1479] EMC_FREQ 0% GR3D_FREQ 99% PLL@34C CPU@37.5C PMIC@50C GPU@35.5C AO@45C thermal@37C
2023-09-05 01:51:49 RAM 3548/3956MB (lfb 1x2MB) SWAP 2007/4026MB (cached 36MB) CPU [23%@1479,22%@1479,22%@1479,21%@1479] EMC_FREQ 0% GR3D_FREQ 99% PLL@34C CPU@38.5C PMIC@50C GPU@35.5C AO@45C thermal@37.25C
2023-09-05 01:52:49 RAM 3549/3956MB (lfb 3x1MB) SWAP 2007/4026MB (cached 36MB) CPU [30%@1224,28%@1224,29%@1224,27%@1224] EMC_FREQ 0% GR3D_FREQ 99% PLL@33.5C CPU@38C PMIC@50C GPU@35.5C AO@45C thermal@36.75C
2023-09-05 01:53:49 RAM 3554/3956MB (lfb 3x1MB) SWAP 2007/4026MB (cached 36MB) CPU [30%@1224,27%@1224,28%@1224,27%@1224] EMC_FREQ 0% GR3D_FREQ 99% PLL@33.5C CPU@38C PMIC@50C GPU@35C AO@45C thermal@36.5C
2023-09-05 01:54:49 RAM 3554/3956MB (lfb 3x1MB) SWAP 2007/4026MB (cached 36MB) CPU [24%@1224,24%@1224,24%@1224,23%@1224] EMC_FREQ 0% GR3D_FREQ 99% PLL@34C CPU@37.5C PMIC@50C GPU@35.5C AO@45C thermal@37C
2023-09-05 01:55:49 RAM 3550/3956MB (lfb 3x1MB) SWAP 2007/4026MB (cached 36MB) CPU [29%@1479,31%@1479,31%@1479,27%@1479] EMC_FREQ 0% GR3D_FREQ 99% PLL@34C CPU@38C PMIC@50C GPU@35C AO@45C thermal@36.5C
2023-09-05 01:56:49 RAM 3551/3956MB (lfb 3x1MB) SWAP 2007/4026MB (cached 36MB) CPU [28%@1224,27%@1224,25%@1224,23%@1224] EMC_FREQ 0% GR3D_FREQ 99% PLL@33C CPU@37C PMIC@50C GPU@35.5C AO@44.5C thermal@36.5C
2023-09-05 01:57:49 RAM 3558/3956MB (lfb 3x1MB) SWAP 2007/4026MB (cached 36MB) CPU [27%@1224,23%@1224,24%@1224,22%@1224] EMC_FREQ 0% GR3D_FREQ 99% PLL@33C CPU@37.5C PMIC@50C GPU@35.5C AO@45C thermal@37C
2023-09-05 01:58:49 RAM 3553/3956MB (lfb 3x1MB) SWAP 2007/4026MB (cached 36MB) CPU [30%@1224,28%@1224,32%@1224,28%@1224] EMC_FREQ 0% GR3D_FREQ 99% PLL@33.5C CPU@38C PMIC@50C GPU@35.5C AO@44.5C thermal@36.5C
2023-09-05 01:59:49 RAM 3545/3956MB (lfb 3x1MB) SWAP 2012/4026MB (cached 37MB) CPU [27%@1224,27%@1224,25%@1224,23%@1224] EMC_FREQ 0% GR3D_FREQ 99% PLL@33.5C CPU@37.5C PMIC@50C GPU@35.5C AO@44.5C thermal@36.25C
2023-09-05 02:00:49 RAM 3542/3956MB (lfb 3x1MB) SWAP 2015/4026MB (cached 31MB) CPU [27%@1479,25%@1479,28%@1479,28%@1479] EMC_FREQ 0% GR3D_FREQ 99% PLL@33.5C CPU@37C PMIC@50C GPU@35C AO@44.5C thermal@36.75C
2023-09-05 02:01:49 RAM 3550/3956MB (lfb 3x1MB) SWAP 2015/4026MB (cached 31MB) CPU [30%@1224,31%@1224,26%@1224,28%@1224] EMC_FREQ 0% GR3D_FREQ 99% PLL@33.5C CPU@37.5C PMIC@50C GPU@34.5C AO@44.5C thermal@36.5C
2023-09-05 02:02:49 RAM 3547/3956MB (lfb 3x1MB) SWAP 2015/4026MB (cached 28MB) CPU [24%@1224,25%@1224,25%@1224,24%@1224] EMC_FREQ 0% GR3D_FREQ 99% PLL@33.5C CPU@37.5C PMIC@50C GPU@35.5C AO@44.5C thermal@36.5C
2023-09-05 02:03:49 RAM 3538/3956MB (lfb 3x1MB) SWAP 2015/4026MB (cached 23MB) CPU [32%@1479,25%@1479,29%@1479,29%@1479] EMC_FREQ 0% GR3D_FREQ 99% PLL@34C CPU@38C PMIC@50C GPU@35.5C AO@45C thermal@36.25C
2023-09-05 02:04:49 RAM 3538/3956MB (lfb 3x1MB) SWAP 2015/4026MB (cached 20MB) CPU [32%@1479,31%@1479,27%@1479,28%@1479] EMC_FREQ 0% GR3D_FREQ 99% PLL@33.5C CPU@38C PMIC@50C GPU@35C AO@45C thermal@36.5C
2023-09-05 02:05:49 RAM 3534/3956MB (lfb 3x1MB) SWAP 2016/4026MB (cached 15MB) CPU [23%@1224,23%@1224,25%@1224,23%@1224] EMC_FREQ 0% GR3D_FREQ 99% PLL@34C CPU@37.5C PMIC@50C GPU@35.5C AO@44.5C thermal@36C
2023-09-05 02:06:49 RAM 3532/3956MB (lfb 3x1MB) SWAP 2016/4026MB (cached 13MB) CPU [31%@1479,28%@1479,28%@1479,29%@1479] EMC_FREQ 0% GR3D_FREQ 99% PLL@34C CPU@38.5C PMIC@50C GPU@35.5C AO@45C thermal@36.25C
2023-09-05 02:07:49 RAM 3533/3956MB (lfb 3x1MB) SWAP 2016/4026MB (cached 11MB) CPU [28%@1479,27%@1479,30%@1479,32%@1479] EMC_FREQ 0% GR3D_FREQ 99% PLL@34C CPU@38C PMIC@50C GPU@35C AO@44.5C thermal@36.5C
2023-09-05 02:08:49 RAM 3537/3956MB (lfb 3x1MB) SWAP 2015/4026MB (cached 11MB) CPU [23%@1326,20%@1326,20%@1326,21%@1326] EMC_FREQ 0% GR3D_FREQ 99% PLL@33.5C CPU@37C PMIC@50C GPU@35C AO@44.5C thermal@36.25C
2023-09-05 02:09:49 RAM 3539/3956MB (lfb 3x1MB) SWAP 2015/4026MB (cached 11MB) CPU [31%@1224,29%@1224,24%@1224,31%@1224] EMC_FREQ 0% GR3D_FREQ 99% PLL@33.5C CPU@37.5C PMIC@50C GPU@35C AO@44.5C thermal@36.25C
2023-09-05 02:10:49 RAM 3528/3956MB (lfb 3x1MB) SWAP 2015/4026MB (cached 11MB) CPU [29%@1224,31%@1224,28%@1224,28%@1224] EMC_FREQ 0% GR3D_FREQ 80% PLL@33.5C CPU@37C PMIC@50C GPU@35C AO@44.5C thermal@36.5C
2023-09-05 02:11:49 RAM 3541/3956MB (lfb 3x1MB) SWAP 2010/4026MB (cached 11MB) CPU [24%@1479,19%@1479,21%@1479,20%@1479] EMC_FREQ 0% GR3D_FREQ 99% PLL@34C CPU@38.5C PMIC@50C GPU@34.5C AO@45C thermal@36.25C
2023-09-05 02:12:49 RAM 3540/3956MB (lfb 3x1MB) SWAP 2009/4026MB (cached 11MB) CPU [32%@1224,26%@1224,25%@1224,32%@1224] EMC_FREQ 0% GR3D_FREQ 99% PLL@33.5C CPU@37C PMIC@50C GPU@35C AO@45C thermal@36.25C
2023-09-05 02:13:49 RAM 3531/3956MB (lfb 3x1MB) SWAP 2009/4026MB (cached 11MB) CPU [31%@1224,30%@1224,30%@1224,28%@1224] EMC_FREQ 0% GR3D_FREQ 99% PLL@33.5C CPU@37.5C PMIC@50C GPU@35C AO@44.5C thermal@36.25C
2023-09-05 02:14:49 RAM 3537/3956MB (lfb 3x1MB) SWAP 2009/4026MB (cached 11MB) CPU [22%@1224,18%@1224,24%@1224,20%@1224] EMC_FREQ 0% GR3D_FREQ 99% PLL@34C CPU@37.5C PMIC@50C GPU@35.5C AO@44.5C thermal@36.25C
2023-09-05 02:15:49 RAM 3536/3956MB (lfb 3x1MB) SWAP 2018/4026MB (cached 11MB) CPU [32%@1224,30%@1224,28%@1224,31%@1224] EMC_FREQ 0% GR3D_FREQ 99% PLL@33.5C CPU@37.5C PMIC@50C GPU@35C AO@45C thermal@36.5C
2023-09-05 02:16:49 RAM 3533/3956MB (lfb 3x1MB) SWAP 2018/4026MB (cached 9MB) CPU [32%@1224,33%@1224,27%@1224,28%@1224] EMC_FREQ 0% GR3D_FREQ 99% PLL@33.5C CPU@37C PMIC@50C GPU@35C AO@45C thermal@36.5C
2023-09-05 02:17:49 RAM 3532/3956MB (lfb 3x1MB) SWAP 2019/4026MB (cached 9MB) CPU [23%@1224,23%@1224,22%@1224,19%@1224] EMC_FREQ 0% GR3D_FREQ 99% PLL@33.5C CPU@37.5C PMIC@50C GPU@35C AO@44.5C thermal@36.5C
2023-09-05 02:18:49 RAM 3526/3956MB (lfb 3x1MB) SWAP 2019/4026MB (cached 9MB) CPU [30%@1479,31%@1479,33%@1479,25%@1479] EMC_FREQ 0% GR3D_FREQ 99% PLL@33.5C CPU@37.5C PMIC@50C GPU@35C AO@44.5C thermal@36.25C
2023-09-05 02:19:49 RAM 3532/3956MB (lfb 3x1MB) SWAP 2020/4026MB (cached 9MB) CPU [29%@1479,30%@1479,28%@1479,29%@1479] EMC_FREQ 0% GR3D_FREQ 99% PLL@34C CPU@37.5C PMIC@50C GPU@35.5C AO@45C thermal@36.25C
2023-09-05 02:20:49 RAM 3541/3956MB (lfb 3x1MB) SWAP 2020/4026MB (cached 9MB) CPU [23%@1224,24%@1224,19%@1224,18%@1224] EMC_FREQ 0% GR3D_FREQ 97% PLL@33.5C CPU@37C PMIC@50C GPU@35C AO@45C thermal@36.25C
2023-09-05 02:21:49 RAM 3526/3956MB (lfb 3x1MB) SWAP 2020/4026MB (cached 9MB) CPU [30%@1479,33%@1479,29%@1479,27%@1479] EMC_FREQ 0% GR3D_FREQ 99% PLL@34C CPU@39C PMIC@50C GPU@35.5C AO@45C thermal@36.75C
2023-09-05 02:22:49 RAM 3530/3956MB (lfb 3x1MB) SWAP 2021/4026MB (cached 9MB) CPU [28%@1479,31%@1479,31%@1479,27%@1479] EMC_FREQ 0% GR3D_FREQ 99% PLL@34.5C CPU@38.5C PMIC@50C GPU@35.5C AO@45.5C thermal@36.5C
2023-09-05 02:23:49 RAM 3540/3956MB (lfb 3x512kB) SWAP 2036/4026MB (cached 17MB) CPU [27%@1224,23%@1224,22%@1224,21%@1224] EMC_FREQ 0% GR3D_FREQ 99% PLL@33C CPU@37.5C PMIC@50C GPU@35.5C AO@45C thermal@36.25C
2023-09-05 02:24:49 RAM 3522/3956MB (lfb 3x512kB) SWAP 2036/4026MB (cached 15MB) CPU [30%@1224,29%@1224,27%@1326,32%@1326] EMC_FREQ 0% GR3D_FREQ 99% PLL@34C CPU@37.5C PMIC@50C GPU@35C AO@44.5C thermal@36.5C
2023-09-05 02:25:49 RAM 3519/3956MB (lfb 3x512kB) SWAP 2036/4026MB (cached 12MB) CPU [29%@1479,34%@1479,30%@1479,27%@1479] EMC_FREQ 0% GR3D_FREQ 99% PLL@34C CPU@39C PMIC@50C GPU@35.5C AO@44.5C thermal@36.5C
2023-09-05 02:26:49 RAM 3526/3956MB (lfb 3x512kB) SWAP 2037/4026MB (cached 10MB) CPU [23%@1224,24%@1224,20%@1224,19%@1224] EMC_FREQ 0% GR3D_FREQ 99% PLL@33.5C CPU@37.5C PMIC@50C GPU@35C AO@44.5C thermal@36.75C
2023-09-05 02:27:49 RAM 3518/3956MB (lfb 3x1MB) SWAP 2037/4026MB (cached 10MB) CPU [32%@1479,29%@1479,29%@1479,26%@1479] EMC_FREQ 0% GR3D_FREQ 99% PLL@33.5C CPU@38C PMIC@50C GPU@35C AO@45C thermal@36.75C
2023-09-05 02:28:49 RAM 3523/3956MB (lfb 3x1MB) SWAP 2037/4026MB (cached 10MB) CPU [31%@1224,28%@1224,28%@1224,28%@1224] EMC_FREQ 0% GR3D_FREQ 99% PLL@33.5C CPU@37.5C PMIC@50C GPU@35.5C AO@44.5C thermal@36.25C
2023-09-05 02:29:49 RAM 3520/3956MB (lfb 3x1MB) SWAP 2037/4026MB (cached 10MB) CPU [24%@1479,22%@1479,20%@1479,22%@1479] EMC_FREQ 0% GR3D_FREQ 99% PLL@34C CPU@37.5C PMIC@50C GPU@35.5C AO@44.5C thermal@36.25C
2023-09-05 02:30:49 RAM 3522/3956MB (lfb 3x1MB) SWAP 2037/4026MB (cached 10MB) CPU [29%@1479,28%@1479,30%@1479,29%@1479] EMC_FREQ 0% GR3D_FREQ 99% PLL@33.5C CPU@37.5C PMIC@50C GPU@35C AO@45C thermal@36.5C
2023-09-05 02:31:49 RAM 3523/3956MB (lfb 3x1MB) SWAP 2037/4026MB (cached 10MB) CPU [29%@1479,29%@1479,26%@1479,32%@1479] EMC_FREQ 0% GR3D_FREQ 99% PLL@34C CPU@37.5C PMIC@50C GPU@35C AO@44.5C thermal@36C
2023-09-05 02:32:49 RAM 3531/3956MB (lfb 3x1MB) SWAP 2037/4026MB (cached 10MB) CPU [26%@1224,21%@1224,18%@1224,19%@1224] EMC_FREQ 0% GR3D_FREQ 99% PLL@33C CPU@37.5C PMIC@50C GPU@35.5C AO@44.5C thermal@36.25C
2023-09-05 02:33:49 RAM 3518/3956MB (lfb 3x1MB) SWAP 2037/4026MB (cached 10MB) CPU [31%@1224,28%@1224,31%@1224,29%@1224] EMC_FREQ 0% GR3D_FREQ 99% PLL@33.5C CPU@37C PMIC@50C GPU@35.5C AO@45C thermal@36.25C
2023-09-05 02:34:49 RAM 3521/3956MB (lfb 3x1MB) SWAP 2037/4026MB (cached 10MB) CPU [29%@1224,32%@1224,30%@1224,25%@1224] EMC_FREQ 0% GR3D_FREQ 99% PLL@33.5C CPU@37.5C PMIC@50C GPU@35C AO@44.5C thermal@36C
2023-09-05 02:35:49 RAM 3532/3956MB (lfb 3x1MB) SWAP 2036/4026MB (cached 10MB) CPU [19%@1479,17%@1479,15%@1479,15%@1479] EMC_FREQ 0% GR3D_FREQ 16% PLL@32C CPU@35.5C PMIC@50C GPU@33C AO@43.5C thermal@34.25C
2023-09-05 02:36:49 RAM 3735/3956MB (lfb 3x1MB) SWAP 2073/4026MB (cached 7MB) CPU [38%@1479,37%@1479,5%@1479,8%@1479] EMC_FREQ 0% GR3D_FREQ 0% PLL@30C CPU@34.5C PMIC@50C GPU@32C AO@41C thermal@33.25C
2023-09-05 02:37:49 RAM 3615/3956MB (lfb 3x1MB) SWAP 2068/4026MB (cached 6MB) CPU [22%@1224,7%@1224,5%@1224,5%@1224] EMC_FREQ 0% GR3D_FREQ 0% PLL@27.5C CPU@31C PMIC@50C GPU@28.5C AO@39C thermal@30.25C
2023-09-05 02:38:49 RAM 3554/3956MB (lfb 2x512kB) SWAP 1952/4026MB (cached 23MB) CPU [9%@1224,9%@1224,9%@1224,11%@1224] EMC_FREQ 0% GR3D_FREQ 0% PLL@27C CPU@31C PMIC@50C GPU@29C AO@38.5C thermal@29.5C
2023-09-05 02:39:49 RAM 2185/3956MB (lfb 8x2MB) SWAP 1415/4026MB (cached 5MB) CPU [3%@1224,4%@1224,2%@1224,2%@1224] EMC_FREQ 0% GR3D_FREQ 0% PLL@26C CPU@29C PMIC@50C GPU@28C AO@37C thermal@28.75C
2023-09-05 02:40:49 RAM 2186/3956MB (lfb 8x2MB) SWAP 1415/4026MB (cached 5MB) CPU [2%@1224,2%@1224,2%@1224,1%@1224] EMC_FREQ 0% GR3D_FREQ 0% PLL@25.5C CPU@28.5C PMIC@50C GPU@27.5C AO@36C thermal@28C
2023-09-05 02:41:49 RAM 2179/3956MB (lfb 9x2MB) SWAP 1415/4026MB (cached 5MB) CPU [2%@1224,3%@1224,2%@1224,1%@1224] EMC_FREQ 0% GR3D_FREQ 0% PLL@25C CPU@28C PMIC@50C GPU@27C AO@35.5C thermal@27.5C
2023-09-05 02:42:49 RAM 2181/3956MB (lfb 9x2MB) SWAP 1414/4026MB (cached 5MB) CPU [2%@1224,2%@1224,1%@1224,1%@1224] EMC_FREQ 0% GR3D_FREQ 0% PLL@24.5C CPU@28C PMIC@50C GPU@26.5C AO@35.5C thermal@27.5C
2023-09-05 02:43:49 RAM 2182/3956MB (lfb 9x2MB) SWAP 1414/4026MB (cached 6MB) CPU [2%@1224,2%@1224,1%@1224,1%@1224] EMC_FREQ 0% GR3D_FREQ 0% PLL@24C CPU@27.5C PMIC@50C GPU@26C AO@35.5C thermal@27C
2023-09-05 02:44:49 RAM 2182/3956MB (lfb 9x2MB) SWAP 1414/4026MB (cached 6MB) CPU [2%@1224,2%@1224,1%@1224,1%@1224] EMC_FREQ 0% GR3D_FREQ 0% PLL@24C CPU@27.5C PMIC@50C GPU@26C AO@35.5C thermal@27C
2023-09-05 02:45:49 RAM 2183/3956MB (lfb 9x2MB) SWAP 1414/4026MB (cached 6MB) CPU [2%@1224,2%@1224,2%@1224,1%@1224] EMC_FREQ 0% GR3D_FREQ 0% PLL@24C CPU@27.5C PMIC@50C GPU@26C AO@35.5C thermal@27C
2023-09-05 02:46:49 RAM 2183/3956MB (lfb 9x2MB) SWAP 1414/4026MB (cached 6MB) CPU [3%@1224,1%@1224,1%@1224,1%@1224] EMC_FREQ 0% GR3D_FREQ 0% PLL@24C CPU@27.5C PMIC@50C GPU@26C AO@34.5C thermal@26.75C
2023-09-05 02:47:49 RAM 2184/3956MB (lfb 9x2MB) SWAP 1414/4026MB (cached 6MB) CPU [2%@1224,1%@1224,1%@1224,1%@1224] EMC_FREQ 0% GR3D_FREQ 0% PLL@24.5C CPU@27.5C PMIC@50C GPU@26.5C AO@34.5C thermal@27C
2023-09-05 02:48:49 RAM 2187/3956MB (lfb 7x2MB) SWAP 1414/4026MB (cached 6MB) CPU [2%@1224,2%@1224,1%@1224,1%@1224] EMC_FREQ 0% GR3D_FREQ 0% PLL@24C CPU@27C PMIC@50C GPU@26C AO@34.5C thermal@27C
2023-09-05 02:49:49 RAM 2187/3956MB (lfb 7x2MB) SWAP 1414/4026MB (cached 6MB) CPU [2%@1224,2%@1224,2%@1224,1%@1224] EMC_FREQ 0% GR3D_FREQ 0% PLL@24C CPU@27.5C PMIC@50C GPU@26C AO@34.5C thermal@27C
2023-09-05 02:50:49 RAM 2176/3956MB (lfb 7x2MB) SWAP 1414/4026MB (cached 6MB) CPU [2%@1224,2%@1224,2%@1224,1%@1224] EMC_FREQ 0% GR3D_FREQ 0% PLL@24C CPU@27.5C PMIC@50C GPU@26C AO@35C thermal@27C
2023-09-05 02:51:49 RAM 2177/3956MB (lfb 7x2MB) SWAP 1414/4026MB (cached 6MB) CPU [2%@1224,2%@1224,1%@1224,1%@1224] EMC_FREQ 0% GR3D_FREQ 0% PLL@24C CPU@27.5C PMIC@50C GPU@26C AO@35C thermal@27C
2023-09-05 02:52:49 RAM 2178/3956MB (lfb 7x2MB) SWAP 1414/4026MB (cached 6MB) CPU [2%@1224,2%@1224,1%@1224,1%@1224] EMC_FREQ 0% GR3D_FREQ 0% PLL@24C CPU@27C PMIC@50C GPU@26C AO@35C thermal@26.75C
2023-09-05 02:53:49 RAM 2189/3956MB (lfb 7x2MB) SWAP 1412/4026MB (cached 8MB) CPU [2%@1224,4%@1224,2%@1224,1%@1224] EMC_FREQ 0% GR3D_FREQ 0% PLL@24C CPU@27.5C PMIC@50C GPU@26C AO@35C thermal@26.5C
2023-09-05 02:54:49 RAM 2193/3956MB (lfb 7x2MB) SWAP 1410/4026MB (cached 11MB) CPU [2%@1224,2%@1224,2%@1224,1%@1224] EMC_FREQ 0% GR3D_FREQ 0% PLL@24.5C CPU@27.5C PMIC@50C GPU@26.5C AO@35C thermal@26.75C
2023-09-05 02:55:49 RAM 2194/3956MB (lfb 7x2MB) SWAP 1410/4026MB (cached 11MB) CPU [2%@1224,2%@1224,2%@1224,1%@1224] EMC_FREQ 0% GR3D_FREQ 0% PLL@24.5C CPU@27C PMIC@50C GPU@26.5C AO@35C thermal@26.75C
2023-09-05 02:56:49 RAM 2195/3956MB (lfb 7x2MB) SWAP 1410/4026MB (cached 11MB) CPU [2%@1224,1%@1224,1%@1224,1%@1224] EMC_FREQ 0% GR3D_FREQ 0% PLL@24C CPU@27.5C PMIC@50C GPU@26C AO@35C thermal@26.75C
2023-09-05 02:57:49 RAM 2196/3956MB (lfb 7x2MB) SWAP 1410/4026MB (cached 11MB) CPU [3%@1224,1%@1224,1%@1224,1%@1224] EMC_FREQ 0% GR3D_FREQ 0% PLL@24.5C CPU@27C PMIC@50C GPU@26.5C AO@35C thermal@26.75C
2023-09-05 02:58:49 RAM 2194/3956MB (lfb 7x2MB) SWAP 1409/4026MB (cached 11MB) CPU [3%@1224,1%@1224,1%@1224,1%@1224] EMC_FREQ 0% GR3D_FREQ 0% PLL@24C CPU@27.5C PMIC@50C GPU@26C AO@35C thermal@27C
2023-09-05 02:59:49 RAM 2187/3956MB (lfb 7x2MB) SWAP 1408/4026MB (cached 11MB) CPU [3%@1224,2%@1224,2%@1224,1%@1224] EMC_FREQ 0% GR3D_FREQ 0% PLL@24.5C CPU@27C PMIC@50C GPU@26.5C AO@35C thermal@27C
2023-09-05 03:00:49 RAM 2188/3956MB (lfb 7x2MB) SWAP 1408/4026MB (cached 11MB) CPU [2%@1224,1%@1224,1%@1224,1%@1224] EMC_FREQ 0% GR3D_FREQ 0% PLL@24C CPU@27C PMIC@50C GPU@26C AO@35C thermal@27C
2023-09-05 03:01:49 RAM 2188/3956MB (lfb 7x2MB) SWAP 1405/4026MB (cached 16MB) CPU [2%@1224,2%@1224,2%@1224,1%@1224] EMC_FREQ 0% GR3D_FREQ 0% PLL@24C CPU@27.5C PMIC@50C GPU@26C AO@35C thermal@26.75C
2023-09-05 03:02:49 RAM 2188/3956MB (lfb 7x2MB) SWAP 1405/4026MB (cached 16MB) CPU [2%@1224,2%@1224,1%@1224,1%@1224] EMC_FREQ 0% GR3D_FREQ 0% PLL@24C CPU@27.5C PMIC@50C GPU@26C AO@34.5C thermal@26.75C
2023-09-05 03:03:49 RAM 2480/3956MB (lfb 7x2MB) SWAP 1210/4026MB (cached 145MB) CPU [27%@1479,27%@1479,29%@1479,26%@1479] EMC_FREQ 0% GR3D_FREQ 55% PLL@26.5C CPU@30C PMIC@50C GPU@27C AO@37C thermal@29.25C
2023-09-05 03:04:49 RAM 2651/3956MB (lfb 6x2MB) SWAP 1180/4026MB (cached 121MB) CPU [49%@1224,52%@1224,47%@1224,48%@1224] EMC_FREQ 0% GR3D_FREQ 0% PLL@26.5C CPU@30C PMIC@50C GPU@28.5C AO@38C thermal@29.25C
2023-09-05 03:05:49 RAM 3180/3956MB (lfb 2x512kB) SWAP 1152/4026MB (cached 83MB) CPU [21%@1224,18%@1224,20%@1224,17%@1224] EMC_FREQ 0% GR3D_FREQ 0% PLL@26.5C CPU@29C PMIC@50C GPU@27.5C AO@37.5C thermal@28.75C
2023-09-05 03:06:49 RAM 3069/3956MB (lfb 1x1MB) SWAP 1114/4026MB (cached 49MB) CPU [26%@1479,23%@1479,21%@1479,22%@1479] EMC_FREQ 0% GR3D_FREQ 58% PLL@27C CPU@29.5C PMIC@50C GPU@27.5C AO@37.5C thermal@28.75C
2023-09-05 03:07:49 RAM 3070/3956MB (lfb 1x1MB) SWAP 1114/4026MB (cached 49MB) CPU [30%@1428,23%@1428,23%@1428,24%@1428] EMC_FREQ 0% GR3D_FREQ 48% PLL@27C CPU@30C PMIC@50C GPU@28C AO@37.5C thermal@29.25C
2023-09-05 03:08:53 RAM 3543/3956MB (lfb 1x512kB) SWAP 1129/4026MB (cached 46MB) CPU [12%@1224,14%@1224,31%@1224,16%@1224] EMC_FREQ 0% GR3D_FREQ 0% PLL@26.5C CPU@29C PMIC@50C GPU@28.5C AO@37C thermal@28.5C
2023-09-05 03:09:50 RAM 3538/3956MB (lfb 1x512kB) SWAP 1361/4026MB (cached 44MB) CPU [8%@1224,6%@1224,8%@1224,4%@1224] EMC_FREQ 0% GR3D_FREQ 0% PLL@25.5C CPU@29C PMIC@50C GPU@26.5C AO@36.5C thermal@27.75C
2023-09-05 03:10:58 RAM 3598/3956MB (lfb 1x2MB) SWAP 1564/4026MB (cached 54MB) CPU [9%@1479,8%@1479,5%@1479,6%@1479] EMC_FREQ 0% GR3D_FREQ 0% PLL@26C CPU@29.5C PMIC@50C GPU@28C AO@36.5C thermal@28C
2023-09-05 03:12:01 RAM 3491/3956MB (lfb 1x2MB) SWAP 1788/4026MB (cached 55MB) CPU [14%@1224,14%@1224,12%@1224,8%@1224] EMC_FREQ 0% GR3D_FREQ 0% PLL@26C CPU@29.5C PMIC@50C GPU@28C AO@36.5C thermal@29.75C
2023-09-05 03:12:56 RAM 3501/3956MB (lfb 7x4MB) SWAP 1981/4026MB (cached 78MB) CPU [13%@1224,6%@1224,6%@1224,7%@1224] EMC_FREQ 0% GR3D_FREQ 0% PLL@26C CPU@29C PMIC@50C GPU@27C AO@37C thermal@29.25C
2023-09-05 03:13:55 RAM 3539/3956MB (lfb 7x4MB) SWAP 2004/4026MB (cached 86MB) CPU [28%@1224,24%@1224,31%@1224,24%@1224] EMC_FREQ 0% GR3D_FREQ 99% PLL@29C CPU@33C PMIC@50C GPU@31.5C AO@40.5C thermal@32.5C
2023-09-05 03:14:55 RAM 3540/3956MB (lfb 7x4MB) SWAP 1994/4026MB (cached 83MB) CPU [30%@1224,26%@1224,40%@1224,35%@1224] EMC_FREQ 0% GR3D_FREQ 99% PLL@31C CPU@35.5C PMIC@50C GPU@33.5C AO@42.5C thermal@34.5C
2023-09-05 03:15:55 RAM 3577/3956MB (lfb 7x4MB) SWAP 1995/4026MB (cached 106MB) CPU [20%@1479,19%@1479,21%@1479,16%@1479] EMC_FREQ 0% GR3D_FREQ 43% PLL@31C CPU@35C PMIC@50C GPU@33.5C AO@42.5C thermal@34.25C
2023-09-05 03:16:55 RAM 3574/3956MB (lfb 7x4MB) SWAP 2007/4026MB (cached 106MB) CPU [29%@1479,36%@1479,36%@1479,30%@1479] EMC_FREQ 0% GR3D_FREQ 98% PLL@32.5C CPU@36.5C PMIC@50C GPU@34C AO@43.5C thermal@35.25C
2023-09-05 03:17:55 RAM 3575/3956MB (lfb 7x4MB) SWAP 2009/4026MB (cached 108MB) CPU [32%@1479,31%@1479,35%@1479,35%@1479] EMC_FREQ 0% GR3D_FREQ 99% PLL@33.5C CPU@37C PMIC@50C GPU@35C AO@44C thermal@36.25C
2023-09-05 03:18:55 RAM 3563/3956MB (lfb 7x4MB) SWAP 1992/4026MB (cached 118MB) CPU [25%@1479,27%@1479,29%@1479,25%@1479] EMC_FREQ 0% GR3D_FREQ 99% PLL@33.5C CPU@37C PMIC@50C GPU@35.5C AO@44.5C thermal@36.25C
2023-09-05 03:19:55 RAM 3560/3956MB (lfb 7x4MB) SWAP 2006/4026MB (cached 117MB) CPU [31%@1479,36%@1479,31%@1479,34%@1479] EMC_FREQ 0% GR3D_FREQ 99% PLL@33.5C CPU@38.5C PMIC@50C GPU@35.5C AO@44.5C thermal@36.5C
2023-09-05 03:20:55 RAM 3560/3956MB (lfb 7x4MB) SWAP 2013/4026MB (cached 111MB) CPU [27%@1479,33%@1479,29%@1479,28%@1479] EMC_FREQ 0% GR3D_FREQ 99% PLL@33.5C CPU@38C PMIC@50C GPU@35C AO@44.5C thermal@36.25C
2023-09-05 03:21:55 RAM 3558/3956MB (lfb 7x4MB) SWAP 2012/4026MB (cached 105MB) CPU [30%@1479,31%@1479,26%@1479,30%@1479] EMC_FREQ 0% GR3D_FREQ 99% PLL@33.5C CPU@38C PMIC@50C GPU@35.5C AO@44.5C thermal@36.25C
2023-09-05 03:22:55 RAM 3553/3956MB (lfb 7x4MB) SWAP 2012/4026MB (cached 105MB) CPU [33%@1479,32%@1479,32%@1479,30%@1479] EMC_FREQ 0% GR3D_FREQ 99% PLL@33.5C CPU@38C PMIC@50C GPU@35.5C AO@45C thermal@36.25C
2023-09-05 03:23:55 RAM 3550/3956MB (lfb 7x4MB) SWAP 2013/4026MB (cached 69MB) CPU [27%@1479,24%@1479,26%@1479,26%@1479] EMC_FREQ 0% GR3D_FREQ 99% PLL@33.5C CPU@37.5C PMIC@50C GPU@35C AO@44.5C thermal@36.75C
2023-09-05 03:24:55 RAM 3531/3956MB (lfb 7x4MB) SWAP 2012/4026MB (cached 69MB) CPU [35%@1479,33%@1479,31%@1479,30%@1479] EMC_FREQ 0% GR3D_FREQ 99% PLL@33.5C CPU@38C PMIC@50C GPU@35C AO@45C thermal@36C
2023-09-05 03:25:55 RAM 3538/3956MB (lfb 7x4MB) SWAP 2012/4026MB (cached 69MB) CPU [34%@1479,33%@1479,29%@1479,32%@1479] EMC_FREQ 0% GR3D_FREQ 99% PLL@33.5C CPU@37.5C PMIC@50C GPU@35.5C AO@44.5C thermal@37C
2023-09-05 03:26:55 RAM 3550/3956MB (lfb 7x4MB) SWAP 2012/4026MB (cached 69MB) CPU [25%@1479,25%@1479,25%@1479,22%@1479] EMC_FREQ 0% GR3D_FREQ 99% PLL@34C CPU@37.5C PMIC@50C GPU@35C AO@44.5C thermal@36.75C
2023-09-05 03:27:55 RAM 3545/3956MB (lfb 7x4MB) SWAP 2011/4026MB (cached 70MB) CPU [34%@1479,32%@1479,29%@1479,34%@1479] EMC_FREQ 0% GR3D_FREQ 99% PLL@34C CPU@38C PMIC@50C GPU@35C AO@45C thermal@36C
2023-09-05 03:28:55 RAM 3545/3956MB (lfb 7x4MB) SWAP 2010/4026MB (cached 70MB) CPU [34%@1479,29%@1479,30%@1479,30%@1479] EMC_FREQ 0% GR3D_FREQ 99% PLL@33.5C CPU@37.5C PMIC@50C GPU@35.5C AO@44.5C thermal@36.25C
2023-09-05 03:29:55 RAM 3549/3956MB (lfb 7x4MB) SWAP 2010/4026MB (cached 70MB) CPU [26%@1479,27%@1479,26%@1479,27%@1479] EMC_FREQ 0% GR3D_FREQ 99% PLL@33.5C CPU@37.5C PMIC@50C GPU@35.5C AO@44.5C thermal@36C
2023-09-05 03:30:55 RAM 3550/3956MB (lfb 7x4MB) SWAP 2009/4026MB (cached 70MB) CPU [36%@1479,31%@1479,31%@1479,31%@1479] EMC_FREQ 0% GR3D_FREQ 99% PLL@34C CPU@37.5C PMIC@50C GPU@35C AO@44.5C thermal@36C
2023-09-05 03:31:55 RAM 3541/3956MB (lfb 7x4MB) SWAP 2009/4026MB (cached 70MB) CPU [25%@1224,24%@1224,25%@1224,28%@1224] EMC_FREQ 0% GR3D_FREQ 99% PLL@33.5C CPU@37.5C PMIC@50C GPU@35.5C AO@44.5C thermal@36C
2023-09-05 03:32:55 RAM 3551/3956MB (lfb 7x4MB) SWAP 2009/4026MB (cached 70MB) CPU [32%@1479,30%@1479,34%@1479,29%@1479] EMC_FREQ 0% GR3D_FREQ 99% PLL@33.5C CPU@38.5C PMIC@50C GPU@35.5C AO@44.5C thermal@36.5C
2023-09-05 03:33:55 RAM 3549/3956MB (lfb 7x4MB) SWAP 2008/4026MB (cached 70MB) CPU [32%@1224,28%@1224,34%@1224,33%@1224] EMC_FREQ 0% GR3D_FREQ 99% PLL@33.5C CPU@37C PMIC@50C GPU@35.5C AO@44.5C thermal@36C
2023-09-05 03:34:55 RAM 3549/3956MB (lfb 7x4MB) SWAP 2008/4026MB (cached 70MB) CPU [27%@1479,26%@1479,24%@1479,25%@1479] EMC_FREQ 0% GR3D_FREQ 99% PLL@33.5C CPU@38.5C PMIC@50C GPU@35C AO@44.5C thermal@37C
2023-09-05 03:35:55 RAM 3547/3956MB (lfb 7x4MB) SWAP 2008/4026MB (cached 70MB) CPU [33%@1479,31%@1479,31%@1479,34%@1479] EMC_FREQ 0% GR3D_FREQ 99% PLL@33.5C CPU@37.5C PMIC@50C GPU@35C AO@44.5C thermal@36.5C
2023-09-05 03:36:55 RAM 3551/3956MB (lfb 7x4MB) SWAP 2010/4026MB (cached 70MB) CPU [36%@1224,30%@1224,30%@1224,32%@1224] EMC_FREQ 0% GR3D_FREQ 99% PLL@33.5C CPU@37C PMIC@50C GPU@35C AO@44C thermal@36C
2023-09-05 03:37:55 RAM 3546/3956MB (lfb 7x4MB) SWAP 2012/4026MB (cached 70MB) CPU [28%@1479,26%@1479,25%@1479,25%@1479] EMC_FREQ 0% GR3D_FREQ 99% PLL@33.5C CPU@37C PMIC@50C GPU@35C AO@44.5C thermal@35.75C
2023-09-05 03:38:55 RAM 3543/3956MB (lfb 7x4MB) SWAP 2013/4026MB (cached 70MB) CPU [34%@1224,33%@1224,30%@1224,36%@1224] EMC_FREQ 0% GR3D_FREQ 99% PLL@33C CPU@37C PMIC@50C GPU@35C AO@44.5C thermal@35.75C
2023-09-05 03:39:55 RAM 3543/3956MB (lfb 7x4MB) SWAP 2013/4026MB (cached 69MB) CPU [31%@1479,25%@1479,27%@1479,28%@1479] EMC_FREQ 0% GR3D_FREQ 99% PLL@33.5C CPU@36.5C PMIC@50C GPU@35C AO@44.5C thermal@35.75C
2023-09-05 03:40:55 RAM 3548/3956MB (lfb 7x4MB) SWAP 2013/4026MB (cached 69MB) CPU [34%@1479,27%@1479,28%@1479,29%@1479] EMC_FREQ 0% GR3D_FREQ 99% PLL@33.5C CPU@37C PMIC@50C GPU@35C AO@45C thermal@36C
2023-09-05 03:41:55 RAM 3541/3956MB (lfb 7x4MB) SWAP 2013/4026MB (cached 67MB) CPU [34%@1224,31%@1224,34%@1224,35%@1224] EMC_FREQ 0% GR3D_FREQ 99% PLL@33C CPU@37C PMIC@50C GPU@35C AO@44C thermal@36C
2023-09-05 03:42:55 RAM 3546/3956MB (lfb 7x4MB) SWAP 2012/4026MB (cached 67MB) CPU [28%@1479,22%@1479,24%@1479,23%@1479] EMC_FREQ 0% GR3D_FREQ 99% PLL@33.5C CPU@37C PMIC@50C GPU@35C AO@44.5C thermal@36C
2023-09-05 03:43:55 RAM 3543/3956MB (lfb 7x4MB) SWAP 2012/4026MB (cached 67MB) CPU [31%@1479,35%@1479,32%@1479,31%@1479] EMC_FREQ 0% GR3D_FREQ 99% PLL@33C CPU@37C PMIC@50C GPU@35C AO@44C thermal@36C
2023-09-05 03:44:55 RAM 3551/3956MB (lfb 7x4MB) SWAP 2012/4026MB (cached 67MB) CPU [34%@1428,32%@1428,31%@1428,32%@1428] EMC_FREQ 0% GR3D_FREQ 79% PLL@33C CPU@37C PMIC@50C GPU@34.5C AO@44C thermal@36C
2023-09-05 03:45:55 RAM 3549/3956MB (lfb 7x4MB) SWAP 2012/4026MB (cached 67MB) CPU [27%@1224,23%@1224,26%@1224,25%@1224] EMC_FREQ 0% GR3D_FREQ 99% PLL@33.5C CPU@37C PMIC@50C GPU@35C AO@44C thermal@36C
2023-09-05 03:46:55 RAM 3545/3956MB (lfb 7x4MB) SWAP 2007/4026MB (cached 67MB) CPU [31%@1479,33%@1479,33%@1479,31%@1479] EMC_FREQ 0% GR3D_FREQ 99% PLL@33C CPU@38C PMIC@50C GPU@34.5C AO@44C thermal@35.75C
2023-09-05 03:47:55 RAM 3549/3956MB (lfb 7x4MB) SWAP 2006/4026MB (cached 67MB) CPU [32%@1224,28%@1224,28%@1224,31%@1224] EMC_FREQ 0% GR3D_FREQ 99% PLL@33C CPU@37C PMIC@50C GPU@35C AO@44.5C thermal@36.25C
2023-09-05 03:48:55 RAM 3537/3956MB (lfb 7x4MB) SWAP 2012/4026MB (cached 67MB) CPU [31%@1479,27%@1479,31%@1479,25%@1479] EMC_FREQ 0% GR3D_FREQ 99% PLL@33C CPU@37.5C PMIC@50C GPU@35C AO@44.5C thermal@36.5C
2023-09-05 03:49:55 RAM 3542/3956MB (lfb 7x4MB) SWAP 2012/4026MB (cached 67MB) CPU [34%@1479,30%@1479,34%@1479,33%@1479] EMC_FREQ 0% GR3D_FREQ 99% PLL@33.5C CPU@37.5C PMIC@50C GPU@34.5C AO@44.5C thermal@36C
2023-09-05 03:50:55 RAM 3527/3956MB (lfb 7x4MB) SWAP 2014/4026MB (cached 48MB) CPU [27%@1224,27%@1224,24%@1224,27%@1224] EMC_FREQ 0% GR3D_FREQ 99% PLL@33C CPU@37C PMIC@50C GPU@34.5C AO@44C thermal@36C
2023-09-05 03:51:55 RAM 3528/3956MB (lfb 7x4MB) SWAP 2014/4026MB (cached 45MB) CPU [32%@1224,33%@1224,29%@1224,31%@1224] EMC_FREQ 0% GR3D_FREQ 99% PLL@33C CPU@36.5C PMIC@50C GPU@35C AO@44C thermal@36.25C
2023-09-05 03:52:55 RAM 3523/3956MB (lfb 7x4MB) SWAP 2014/4026MB (cached 42MB) CPU [32%@1224,33%@1224,38%@1224,33%@1224] EMC_FREQ 0% GR3D_FREQ 99% PLL@33C CPU@37C PMIC@50C GPU@35C AO@44C thermal@36C
2023-09-05 03:53:55 RAM 3528/3956MB (lfb 7x4MB) SWAP 2014/4026MB (cached 38MB) CPU [27%@1224,28%@1224,25%@1224,23%@1224] EMC_FREQ 0% GR3D_FREQ 99% PLL@33C CPU@36.5C PMIC@50C GPU@35C AO@44C thermal@35.75C
2023-09-05 03:54:55 RAM 3528/3956MB (lfb 7x4MB) SWAP 2014/4026MB (cached 37MB) CPU [34%@1224,30%@1224,33%@1224,32%@1224] EMC_FREQ 0% GR3D_FREQ 99% PLL@33C CPU@36.5C PMIC@50C GPU@35C AO@44.5C thermal@35.75C
2023-09-05 03:55:55 RAM 3522/3956MB (lfb 7x4MB) SWAP 2014/4026MB (cached 37MB) CPU [33%@1479,33%@1479,33%@1479,35%@1479] EMC_FREQ 0% GR3D_FREQ 99% PLL@33.5C CPU@37.5C PMIC@50C GPU@34.5C AO@44.5C thermal@36.25C
2023-09-05 03:56:55 RAM 3528/3956MB (lfb 7x4MB) SWAP 2013/4026MB (cached 35MB) CPU [25%@1479,24%@1479,24%@1479,28%@1479] EMC_FREQ 0% GR3D_FREQ 99% PLL@33C CPU@38C PMIC@50C GPU@35C AO@44.5C thermal@35.75C
2023-09-05 03:57:55 RAM 3526/3956MB (lfb 7x4MB) SWAP 2013/4026MB (cached 35MB) CPU [34%@1224,30%@1224,34%@1224,30%@1224] EMC_FREQ 0% GR3D_FREQ 99% PLL@33C CPU@37C PMIC@50C GPU@35C AO@44.5C thermal@36.25C
2023-09-05 03:58:55 RAM 3526/3956MB (lfb 7x4MB) SWAP 2013/4026MB (cached 35MB) CPU [31%@1479,29%@1479,32%@1479,27%@1479] EMC_FREQ 0% GR3D_FREQ 99% PLL@33.5C CPU@37C PMIC@50C GPU@34.5C AO@44.5C thermal@35.75C
2023-09-05 03:59:55 RAM 3525/3956MB (lfb 7x4MB) SWAP 2013/4026MB (cached 35MB) CPU [26%@1479,27%@1479,28%@1479,29%@1479] EMC_FREQ 0% GR3D_FREQ 99% PLL@33C CPU@37C PMIC@50C GPU@35C AO@44C thermal@36C
2023-09-05 04:00:55 RAM 3527/3956MB (lfb 7x4MB) SWAP 2013/4026MB (cached 35MB) CPU [34%@1224,32%@1224,33%@1224,30%@1224] EMC_FREQ 0% GR3D_FREQ 99% PLL@33C CPU@37C PMIC@50C GPU@35C AO@44.5C thermal@36C
2023-09-05 04:01:55 RAM 3527/3956MB (lfb 7x4MB) SWAP 2013/4026MB (cached 35MB) CPU [27%@1224,25%@1224,27%@1224,24%@1224] EMC_FREQ 0% GR3D_FREQ 99% PLL@33.5C CPU@37C PMIC@50C GPU@34.5C AO@44C thermal@35.75C
2023-09-05 04:02:55 RAM 3526/3956MB (lfb 7x4MB) SWAP 2013/4026MB (cached 35MB) CPU [31%@1479,30%@1479,33%@1479,32%@1479] EMC_FREQ 0% GR3D_FREQ 99% PLL@33.5C CPU@37.5C PMIC@50C GPU@35C AO@44.5C thermal@36.25C
2023-09-05 04:03:55 RAM 3532/3956MB (lfb 7x4MB) SWAP 2011/4026MB (cached 38MB) CPU [34%@1479,33%@1479,33%@1479,30%@1479] EMC_FREQ 0% GR3D_FREQ 99% PLL@33C CPU@37C PMIC@50C GPU@34.5C AO@44C thermal@36.25C
2023-09-05 04:04:55 RAM 3538/3956MB (lfb 7x4MB) SWAP 2011/4026MB (cached 38MB) CPU [25%@1479,25%@1479,23%@1479,25%@1479] EMC_FREQ 0% GR3D_FREQ 99% PLL@33C CPU@37C PMIC@50C GPU@35C AO@44C thermal@35.75C
2023-09-05 04:05:55 RAM 3531/3956MB (lfb 7x4MB) SWAP 2011/4026MB (cached 38MB) CPU [34%@1224,33%@1224,32%@1224,32%@1224] EMC_FREQ 0% GR3D_FREQ 99% PLL@33C CPU@37.5C PMIC@50C GPU@35C AO@44C thermal@36C
2023-09-05 04:06:55 RAM 3531/3956MB (lfb 7x4MB) SWAP 2011/4026MB (cached 38MB) CPU [37%@1479,31%@1479,28%@1479,34%@1479] EMC_FREQ 0% GR3D_FREQ 99% PLL@33C CPU@37C PMIC@50C GPU@34.5C AO@44C thermal@35.5C
2023-09-05 04:07:55 RAM 3540/3956MB (lfb 7x4MB) SWAP 2011/4026MB (cached 38MB) CPU [25%@1479,24%@1479,24%@1479,24%@1479] EMC_FREQ 0% GR3D_FREQ 99% PLL@33C CPU@38C PMIC@50C GPU@35C AO@44C thermal@36.5C
2023-09-05 04:08:55 RAM 3537/3956MB (lfb 7x4MB) SWAP 2011/4026MB (cached 38MB) CPU [33%@1479,33%@1479,30%@1479,32%@1479] EMC_FREQ 0% GR3D_FREQ 99% PLL@33C CPU@38C PMIC@50C GPU@34.5C AO@44.5C thermal@35.75C
2023-09-05 04:09:55 RAM 3530/3956MB (lfb 7x4MB) SWAP 2011/4026MB (cached 38MB) CPU [31%@1224,28%@1224,30%@1224,30%@1224] EMC_FREQ 0% GR3D_FREQ 99% PLL@33C CPU@37C PMIC@50C GPU@34.5C AO@44C thermal@36C
2023-09-05 04:10:55 RAM 3535/3956MB (lfb 7x4MB) SWAP 2011/4026MB (cached 38MB) CPU [29%@1224,28%@1224,26%@1224,26%@1224] EMC_FREQ 0% GR3D_FREQ 97% PLL@33.5C CPU@37C PMIC@50C GPU@35C AO@44C thermal@36C
2023-09-05 04:11:55 RAM 3535/3956MB (lfb 7x4MB) SWAP 2011/4026MB (cached 38MB) CPU [36%@1224,30%@1224,32%@1224,31%@1224] EMC_FREQ 0% GR3D_FREQ 99% PLL@33C CPU@37.5C PMIC@50C GPU@35C AO@44.5C thermal@35.75C
2023-09-05 04:12:55 RAM 3524/3956MB (lfb 7x4MB) SWAP 2011/4026MB (cached 38MB) CPU [26%@1224,23%@1224,28%@1224,26%@1224] EMC_FREQ 0% GR3D_FREQ 99% PLL@33C CPU@37.5C PMIC@50C GPU@35C AO@44.5C thermal@36C
2023-09-05 04:13:55 RAM 3541/3956MB (lfb 7x4MB) SWAP 2011/4026MB (cached 38MB) CPU [34%@1224,29%@1224,34%@1224,30%@1224] EMC_FREQ 0% GR3D_FREQ 99% PLL@33C CPU@37C PMIC@50C GPU@35C AO@44.5C thermal@35.75C
2023-09-05 04:14:55 RAM 3537/3956MB (lfb 7x4MB) SWAP 2011/4026MB (cached 38MB) CPU [32%@1224,32%@1224,35%@1224,29%@1224] EMC_FREQ 0% GR3D_FREQ 99% PLL@33.5C CPU@37C PMIC@50C GPU@35C AO@44.5C thermal@36.25C
2023-09-05 04:15:55 RAM 3538/3956MB (lfb 7x4MB) SWAP 2011/4026MB (cached 38MB) CPU [27%@1479,25%@1479,25%@1479,23%@1479] EMC_FREQ 0% GR3D_FREQ 99% PLL@33C CPU@38.5C PMIC@50C GPU@35C AO@44.5C thermal@36C
2023-09-05 04:16:55 RAM 3536/3956MB (lfb 7x4MB) SWAP 2011/4026MB (cached 39MB) CPU [31%@1224,32%@1224,34%@1224,31%@1224] EMC_FREQ 0% GR3D_FREQ 99% PLL@33C CPU@37.5C PMIC@50C GPU@35C AO@44.5C thermal@36.75C
2023-09-05 04:17:55 RAM 3535/3956MB (lfb 7x4MB) SWAP 2011/4026MB (cached 39MB) CPU [31%@1224,33%@1224,30%@1224,35%@1224] EMC_FREQ 0% GR3D_FREQ 99% PLL@33C CPU@37.5C PMIC@50C GPU@35C AO@44.5C thermal@36.25C
2023-09-05 04:18:55 RAM 3538/3956MB (lfb 7x4MB) SWAP 2006/4026MB (cached 39MB) CPU [25%@1224,24%@1224,22%@1224,26%@1224] EMC_FREQ 0% GR3D_FREQ 99% PLL@33C CPU@37C PMIC@50C GPU@35C AO@44C thermal@36C
2023-09-05 04:19:55 RAM 3530/3956MB (lfb 7x4MB) SWAP 2006/4026MB (cached 39MB) CPU [35%@1224,34%@1224,32%@1224,31%@1224] EMC_FREQ 0% GR3D_FREQ 99% PLL@32.5C CPU@37.5C PMIC@50C GPU@35C AO@44C thermal@36C
2023-09-05 04:20:55 RAM 3536/3956MB (lfb 7x4MB) SWAP 2006/4026MB (cached 39MB) CPU [31%@1224,29%@1224,26%@1224,27%@1224] EMC_FREQ 0% GR3D_FREQ 99% PLL@32.5C CPU@37C PMIC@50C GPU@35C AO@44C thermal@36C
2023-09-05 04:21:55 RAM 3543/3956MB (lfb 7x4MB) SWAP 2006/4026MB (cached 39MB) CPU [29%@1224,28%@1224,26%@1224,29%@1224] EMC_FREQ 0% GR3D_FREQ 99% PLL@33C CPU@37C PMIC@50C GPU@35C AO@44.5C thermal@36C
2023-09-05 04:22:55 RAM 3533/3956MB (lfb 7x4MB) SWAP 2006/4026MB (cached 39MB) CPU [36%@1479,33%@1479,31%@1479,31%@1479] EMC_FREQ 0% GR3D_FREQ 99% PLL@33C CPU@37.5C PMIC@50C GPU@34.5C AO@44.5C thermal@36C
2023-09-05 04:23:55 RAM 3536/3956MB (lfb 7x4MB) SWAP 2005/4026MB (cached 39MB) CPU [26%@1224,25%@1224,28%@1224,21%@1224] EMC_FREQ 0% GR3D_FREQ 99% PLL@32C CPU@37C PMIC@50C GPU@34.5C AO@44C thermal@36C
2023-09-05 04:24:55 RAM 3542/3956MB (lfb 7x4MB) SWAP 2005/4026MB (cached 39MB) CPU [32%@1479,34%@1479,34%@1479,29%@1479] EMC_FREQ 0% GR3D_FREQ 99% PLL@33C CPU@38C PMIC@50C GPU@35C AO@44.5C thermal@35.5C
2023-09-05 04:25:55 RAM 3542/3956MB (lfb 7x4MB) SWAP 2005/4026MB (cached 39MB) CPU [33%@1479,30%@1479,31%@1479,36%@1479] EMC_FREQ 0% GR3D_FREQ 99% PLL@33C CPU@37C PMIC@50C GPU@35C AO@44C thermal@35.75C
2023-09-05 04:26:55 RAM 3548/3956MB (lfb 7x4MB) SWAP 2005/4026MB (cached 39MB) CPU [26%@1479,21%@1479,26%@1479,28%@1479] EMC_FREQ 0% GR3D_FREQ 99% PLL@33.5C CPU@37C PMIC@50C GPU@35C AO@44C thermal@35.75C
2023-09-05 04:27:55 RAM 3541/3956MB (lfb 7x4MB) SWAP 2005/4026MB (cached 39MB) CPU [34%@1224,33%@1224,32%@1224,31%@1224] EMC_FREQ 0% GR3D_FREQ 99% PLL@33C CPU@37C PMIC@50C GPU@34.5C AO@44C thermal@35.5C
2023-09-05 04:28:55 RAM 3545/3956MB (lfb 7x4MB) SWAP 2005/4026MB (cached 39MB) CPU [37%@1479,29%@1479,32%@1479,30%@1479] EMC_FREQ 0% GR3D_FREQ 99% PLL@32.5C CPU@36.5C PMIC@50C GPU@34C AO@44C thermal@35C
2023-09-05 04:29:55 RAM 3540/3956MB (lfb 7x4MB) SWAP 2008/4026MB (cached 39MB) CPU [28%@1479,31%@1479,23%@1479,24%@1479] EMC_FREQ 0% GR3D_FREQ 99% PLL@33C CPU@38C PMIC@50C GPU@34C AO@44.5C thermal@36.25C
2023-09-05 04:30:55 RAM 3537/3956MB (lfb 7x4MB) SWAP 2009/4026MB (cached 39MB) CPU [32%@1479,33%@1479,35%@1479,37%@1479] EMC_FREQ 0% GR3D_FREQ 99% PLL@33C CPU@38C PMIC@50C GPU@34.5C AO@44.5C thermal@35.75C
2023-09-05 04:31:55 RAM 3545/3956MB (lfb 7x4MB) SWAP 2009/4026MB (cached 40MB) CPU [31%@1479,29%@1479,26%@1224,29%@1224] EMC_FREQ 0% GR3D_FREQ 99% PLL@32.5C CPU@37C PMIC@50C GPU@34.5C AO@44.5C thermal@35.75C
2023-09-05 04:32:55 RAM 3555/3956MB (lfb 7x4MB) SWAP 2009/4026MB (cached 40MB) CPU [24%@1224,29%@1224,32%@1224,28%@1224] EMC_FREQ 0% GR3D_FREQ 99% PLL@33C CPU@37C PMIC@50C GPU@34.5C AO@44C thermal@36C
2023-09-05 04:33:55 RAM 3542/3956MB (lfb 7x4MB) SWAP 2009/4026MB (cached 40MB) CPU [34%@1326,33%@1326,32%@1326,31%@1326] EMC_FREQ 0% GR3D_FREQ 99% PLL@32.5C CPU@37C PMIC@50C GPU@34C AO@44C thermal@35.75C
2023-09-05 04:34:55 RAM 3545/3956MB (lfb 7x4MB) SWAP 2009/4026MB (cached 40MB) CPU [27%@1224,25%@1224,23%@1224,25%@1224] EMC_FREQ 0% GR3D_FREQ 99% PLL@32.5C CPU@37C PMIC@50C GPU@35C AO@44C thermal@36.25C
2023-09-05 04:35:55 RAM 3546/3956MB (lfb 7x4MB) SWAP 2012/4026MB (cached 40MB) CPU [33%@1479,29%@1479,33%@1479,34%@1479] EMC_FREQ 0% GR3D_FREQ 99% PLL@33C CPU@37C PMIC@50C GPU@35C AO@44C thermal@36.25C
2023-09-05 04:36:55 RAM 3540/3956MB (lfb 7x4MB) SWAP 2013/4026MB (cached 39MB) CPU [36%@1479,34%@1479,38%@1479,31%@1479] EMC_FREQ 0% GR3D_FREQ 99% PLL@33C CPU@38.5C PMIC@50C GPU@34.5C AO@44C thermal@36.25C
2023-09-05 04:37:55 RAM 3550/3956MB (lfb 7x4MB) SWAP 2013/4026MB (cached 39MB) CPU [26%@1479,24%@1479,24%@1479,23%@1479] EMC_FREQ 0% GR3D_FREQ 99% PLL@33C CPU@37.5C PMIC@50C GPU@34C AO@43.5C thermal@36C
2023-09-05 04:38:55 RAM 3546/3956MB (lfb 7x4MB) SWAP 2013/4026MB (cached 39MB) CPU [33%@1224,35%@1224,30%@1224,29%@1224] EMC_FREQ 0% GR3D_FREQ 99% PLL@33C CPU@36.5C PMIC@50C GPU@34C AO@44C thermal@35.75C
2023-09-05 04:39:55 RAM 3539/3956MB (lfb 7x4MB) SWAP 2013/4026MB (cached 36MB) CPU [32%@1224,35%@1224,34%@1224,35%@1224] EMC_FREQ 0% GR3D_FREQ 99% PLL@33C CPU@37.5C PMIC@50C GPU@34.5C AO@44.5C thermal@36.25C
2023-09-05 04:40:55 RAM 3546/3956MB (lfb 7x4MB) SWAP 2013/4026MB (cached 35MB) CPU [26%@1479,22%@1479,26%@1479,25%@1479] EMC_FREQ 0% GR3D_FREQ 99% PLL@33C CPU@38C PMIC@50C GPU@34.5C AO@44.5C thermal@35.75C
2023-09-05 04:41:55 RAM 3541/3956MB (lfb 7x4MB) SWAP 2013/4026MB (cached 35MB) CPU [34%@1224,29%@1224,31%@1224,33%@1224] EMC_FREQ 0% GR3D_FREQ 99% PLL@33C CPU@37C PMIC@50C GPU@34.5C AO@44.5C thermal@35.75C
2023-09-05 04:42:55 RAM 3540/3956MB (lfb 7x4MB) SWAP 2013/4026MB (cached 35MB) CPU [31%@1224,26%@1224,28%@1224,29%@1224] EMC_FREQ 0% GR3D_FREQ 99% PLL@32.5C CPU@37C PMIC@50C GPU@34.5C AO@44.5C thermal@35.75C
2023-09-05 04:43:55 RAM 3542/3956MB (lfb 7x4MB) SWAP 2013/4026MB (cached 35MB) CPU [29%@1224,27%@1224,30%@1224,29%@1224] EMC_FREQ 0% GR3D_FREQ 99% PLL@33.5C CPU@37C PMIC@50C GPU@34.5C AO@44.5C thermal@36C
2023-09-05 04:44:55 RAM 3543/3956MB (lfb 7x4MB) SWAP 2013/4026MB (cached 34MB) CPU [34%@1479,34%@1479,30%@1479,31%@1479] EMC_FREQ 0% GR3D_FREQ 99% PLL@33C CPU@38C PMIC@50C GPU@34.5C AO@44.5C thermal@36.25C
2023-09-05 04:45:55 RAM 3544/3956MB (lfb 7x4MB) SWAP 2013/4026MB (cached 33MB) CPU [26%@1224,26%@1224,24%@1224,25%@1224] EMC_FREQ 0% GR3D_FREQ 99% PLL@33C CPU@37C PMIC@50C GPU@34.5C AO@44C thermal@35.5C
2023-09-05 04:46:55 RAM 3546/3956MB (lfb 7x4MB) SWAP 2013/4026MB (cached 33MB) CPU [32%@1479,33%@1479,34%@1479,28%@1479] EMC_FREQ 0% GR3D_FREQ 99% PLL@33C CPU@37C PMIC@50C GPU@34.5C AO@44.5C thermal@35.75C
2023-09-05 04:47:55 RAM 3540/3956MB (lfb 7x4MB) SWAP 2013/4026MB (cached 33MB) CPU [33%@1224,30%@1224,35%@1224,34%@1224] EMC_FREQ 0% GR3D_FREQ 99% PLL@33C CPU@37C PMIC@50C GPU@34.5C AO@44.5C thermal@36.25C
2023-09-05 04:48:55 RAM 3547/3956MB (lfb 7x4MB) SWAP 2013/4026MB (cached 33MB) CPU [26%@1479,26%@1479,22%@1479,24%@1479] EMC_FREQ 0% GR3D_FREQ 99% PLL@33.5C CPU@37C PMIC@50C GPU@34C AO@44.5C thermal@36.5C
2023-09-05 04:49:55 RAM 3542/3956MB (lfb 7x4MB) SWAP 2013/4026MB (cached 33MB) CPU [35%@1224,32%@1224,32%@1224,31%@1224] EMC_FREQ 0% GR3D_FREQ 99% PLL@33C CPU@37C PMIC@50C GPU@34.5C AO@44C thermal@35.5C
2023-09-05 04:50:55 RAM 3539/3956MB (lfb 7x4MB) SWAP 2013/4026MB (cached 33MB) CPU [32%@1224,31%@1224,32%@1224,32%@1224] EMC_FREQ 0% GR3D_FREQ 99% PLL@32.5C CPU@36.5C PMIC@50C GPU@34.5C AO@44C thermal@36C
2023-09-05 04:51:55 RAM 3547/3956MB (lfb 7x4MB) SWAP 2008/4026MB (cached 33MB) CPU [28%@1224,26%@1224,24%@1224,24%@1224] EMC_FREQ 0% GR3D_FREQ 99% PLL@33C CPU@37C PMIC@50C GPU@34.5C AO@44C thermal@36C
2023-09-05 04:52:55 RAM 3544/3956MB (lfb 7x4MB) SWAP 2008/4026MB (cached 33MB) CPU [34%@1224,32%@1224,29%@1224,34%@1224] EMC_FREQ 0% GR3D_FREQ 99% PLL@33C CPU@37C PMIC@50C GPU@34.5C AO@43.5C thermal@35.75C
2023-09-05 04:53:55 RAM 3547/3956MB (lfb 7x4MB) SWAP 2008/4026MB (cached 33MB) CPU [30%@1224,27%@1224,28%@1224,25%@1224] EMC_FREQ 0% GR3D_FREQ 99% PLL@33C CPU@37C PMIC@50C GPU@35C AO@44C thermal@36C
2023-09-05 04:54:55 RAM 3540/3956MB (lfb 7x4MB) SWAP 2012/4026MB (cached 33MB) CPU [32%@1224,32%@1224,32%@1224,30%@1224] EMC_FREQ 0% GR3D_FREQ 99% PLL@33C CPU@37C PMIC@50C GPU@34.5C AO@44C thermal@35.75C
2023-09-05 04:55:55 RAM 3544/3956MB (lfb 7x4MB) SWAP 2013/4026MB (cached 33MB) CPU [39%@1479,33%@1479,27%@1479,31%@1479] EMC_FREQ 0% GR3D_FREQ 99% PLL@33C CPU@37C PMIC@50C GPU@34.5C AO@44.5C thermal@35.75C
2023-09-05 04:56:55 RAM 3552/3956MB (lfb 7x4MB) SWAP 2013/4026MB (cached 33MB) CPU [27%@1479,25%@1479,22%@1479,23%@1479] EMC_FREQ 0% GR3D_FREQ 99% PLL@33.5C CPU@37.5C PMIC@50C GPU@35C AO@44C thermal@35.75C
2023-09-05 04:57:55 RAM 3540/3956MB (lfb 7x4MB) SWAP 2013/4026MB (cached 33MB) CPU [35%@1224,33%@1224,33%@1224,32%@1224] EMC_FREQ 0% GR3D_FREQ 99% PLL@33C CPU@37C PMIC@50C GPU@35C AO@44.5C thermal@35.75C
2023-09-05 04:58:55 RAM 3539/3956MB (lfb 7x4MB) SWAP 2013/4026MB (cached 29MB) CPU [38%@1479,32%@1479,29%@1479,36%@1479] EMC_FREQ 0% GR3D_FREQ 99% PLL@33.5C CPU@37.5C PMIC@50C GPU@34.5C AO@44.5C thermal@35.75C
2023-09-05 04:59:55 RAM 3538/3956MB (lfb 7x4MB) SWAP 2014/4026MB (cached 26MB) CPU [26%@1479,23%@1479,27%@1479,28%@1479] EMC_FREQ 0% GR3D_FREQ 99% PLL@33C CPU@37.5C PMIC@50C GPU@34.5C AO@44C thermal@35.75C
2023-09-05 05:00:55 RAM 3522/3956MB (lfb 7x4MB) SWAP 2012/4026MB (cached 26MB) CPU [37%@1224,30%@1224,33%@1224,37%@1224] EMC_FREQ 0% GR3D_FREQ 99% PLL@33C CPU@36.5C PMIC@50C GPU@35C AO@44C thermal@36.25C
2023-09-05 05:01:55 RAM 3528/3956MB (lfb 7x4MB) SWAP 2011/4026MB (cached 26MB) CPU [30%@1224,32%@1224,32%@1224,31%@1224] EMC_FREQ 0% GR3D_FREQ 99% PLL@33C CPU@37C PMIC@50C GPU@35C AO@44.5C thermal@35.75C
2023-09-05 05:02:55 RAM 3539/3956MB (lfb 7x4MB) SWAP 2011/4026MB (cached 26MB) CPU [29%@1224,25%@1224,23%@1224,26%@1224] EMC_FREQ 0% GR3D_FREQ 99% PLL@33C CPU@37.5C PMIC@50C GPU@35C AO@44.5C thermal@35.75C
2023-09-05 05:03:55 RAM 3534/3956MB (lfb 7x4MB) SWAP 2011/4026MB (cached 26MB) CPU [32%@1224,30%@1224,35%@1224,32%@1224] EMC_FREQ 0% GR3D_FREQ 99% PLL@33C CPU@37C PMIC@50C GPU@35C AO@44C thermal@36C
2023-09-05 05:04:55 RAM 3525/3956MB (lfb 7x4MB) SWAP 2011/4026MB (cached 26MB) CPU [29%@1224,31%@1224,27%@1224,24%@1224] EMC_FREQ 0% GR3D_FREQ 99% PLL@33C CPU@36.5C PMIC@50C GPU@34.5C AO@44C thermal@35.75C
2023-09-05 05:05:55 RAM 3532/3956MB (lfb 7x4MB) SWAP 2011/4026MB (cached 26MB) CPU [30%@1479,28%@1479,31%@1479,28%@1479] EMC_FREQ 0% GR3D_FREQ 99% PLL@33C CPU@38C PMIC@50C GPU@34.5C AO@45C thermal@35.75C
2023-09-05 05:06:55 RAM 3535/3956MB (lfb 7x4MB) SWAP 2011/4026MB (cached 26MB) CPU [36%@1479,31%@1479,30%@1479,32%@1479] EMC_FREQ 0% GR3D_FREQ 99% PLL@33C CPU@37.5C PMIC@50C GPU@35C AO@44.5C thermal@36.5C
2023-09-05 05:07:55 RAM 3544/3956MB (lfb 7x4MB) SWAP 2011/4026MB (cached 26MB) CPU [24%@1224,27%@1224,23%@1224,23%@1224] EMC_FREQ 0% GR3D_FREQ 99% PLL@33C CPU@37C PMIC@50C GPU@34.5C AO@44C thermal@36.25C
2023-09-05 05:08:55 RAM 3533/3956MB (lfb 7x4MB) SWAP 2011/4026MB (cached 26MB) CPU [35%@1224,33%@1224,31%@1224,33%@1224] EMC_FREQ 0% GR3D_FREQ 99% PLL@33.5C CPU@37.5C PMIC@50C GPU@35C AO@44C thermal@36C
2023-09-05 05:09:55 RAM 3534/3956MB (lfb 7x4MB) SWAP 2012/4026MB (cached 28MB) CPU [36%@1479,30%@1479,33%@1479,33%@1479] EMC_FREQ 0% GR3D_FREQ 99% PLL@33.5C CPU@38C PMIC@50C GPU@34.5C AO@44.5C thermal@35.75C
2023-09-05 05:10:55 RAM 3597/3956MB (lfb 7x4MB) SWAP 2009/4026MB (cached 61MB) CPU [43%@1224,44%@1224,45%@1224,44%@1224] EMC_FREQ 0% GR3D_FREQ 99% PLL@33.5C CPU@37C PMIC@50C GPU@34.5C AO@44.5C thermal@36.25C
2023-09-05 05:11:55 RAM 3559/3956MB (lfb 7x4MB) SWAP 2019/4026MB (cached 42MB) CPU [35%@1479,34%@1479,36%@1479,35%@1479] EMC_FREQ 0% GR3D_FREQ 99% PLL@33.5C CPU@38C PMIC@50C GPU@35C AO@44.5C thermal@36.5C
2023-09-05 05:12:55 RAM 3551/3956MB (lfb 7x4MB) SWAP 2018/4026MB (cached 40MB) CPU [32%@1479,34%@1479,37%@1479,35%@1479] EMC_FREQ 0% GR3D_FREQ 99% PLL@33.5C CPU@37.5C PMIC@50C GPU@34.5C AO@44.5C thermal@35.75C
2023-09-05 05:13:55 RAM 3558/3956MB (lfb 7x4MB) SWAP 2018/4026MB (cached 28MB) CPU [24%@1479,25%@1479,24%@1479,24%@1479] EMC_FREQ 0% GR3D_FREQ 99% PLL@33.5C CPU@37C PMIC@50C GPU@34.5C AO@44.5C thermal@36.5C
2023-09-05 05:14:55 RAM 3548/3956MB (lfb 7x4MB) SWAP 2015/4026MB (cached 21MB) CPU [33%@1479,32%@1479,35%@1479,37%@1479] EMC_FREQ 0% GR3D_FREQ 99% PLL@33C CPU@38C PMIC@50C GPU@34.5C AO@44.5C thermal@36.75C
2023-09-05 05:15:55 RAM 3536/3956MB (lfb 7x4MB) SWAP 2017/4026MB (cached 19MB) CPU [30%@1224,34%@1224,32%@1224,34%@1224] EMC_FREQ 0% GR3D_FREQ 99% PLL@33C CPU@37.5C PMIC@50C GPU@35C AO@44.5C thermal@36C
2023-09-05 05:16:55 RAM 3542/3956MB (lfb 7x4MB) SWAP 2017/4026MB (cached 14MB) CPU [27%@1479,25%@1479,23%@1479,26%@1479] EMC_FREQ 0% GR3D_FREQ 99% PLL@33C CPU@37.5C PMIC@50C GPU@34.5C AO@44.5C thermal@37C
2023-09-05 05:17:55 RAM 3540/3956MB (lfb 7x4MB) SWAP 2016/4026MB (cached 14MB) CPU [37%@1479,35%@1479,28%@1479,32%@1479] EMC_FREQ 0% GR3D_FREQ 99% PLL@33.5C CPU@37.5C PMIC@50C GPU@35C AO@44C thermal@35.75C
2023-09-05 05:18:55 RAM 3538/3956MB (lfb 7x4MB) SWAP 2017/4026MB (cached 13MB) CPU [30%@1224,28%@1224,24%@1224,30%@1224] EMC_FREQ 0% GR3D_FREQ 99% PLL@33C CPU@37C PMIC@50C GPU@35C AO@44.5C thermal@36C
2023-09-05 05:19:55 RAM 3542/3956MB (lfb 7x4MB) SWAP 2017/4026MB (cached 10MB) CPU [31%@1479,32%@1479,27%@1479,33%@1479] EMC_FREQ 0% GR3D_FREQ 99% PLL@33.5C CPU@37.5C PMIC@50C GPU@34.5C AO@44.5C thermal@36C
2023-09-05 05:20:55 RAM 3539/3956MB (lfb 7x4MB) SWAP 2017/4026MB (cached 10MB) CPU [34%@1479,36%@1479,30%@1479,30%@1479] EMC_FREQ 0% GR3D_FREQ 99% PLL@33C CPU@38.5C PMIC@50C GPU@35C AO@44.5C thermal@35.75C
2023-09-05 05:21:55 RAM 3553/3956MB (lfb 7x4MB) SWAP 2016/4026MB (cached 10MB) CPU [26%@1479,23%@1479,25%@1479,24%@1479] EMC_FREQ 0% GR3D_FREQ 99% PLL@33C CPU@37C PMIC@50C GPU@34.5C AO@44.5C thermal@36C
2023-09-05 05:22:55 RAM 3541/3956MB (lfb 7x4MB) SWAP 2018/4026MB (cached 8MB) CPU [38%@1479,37%@1479,31%@1479,32%@1479] EMC_FREQ 0% GR3D_FREQ 99% PLL@33.5C CPU@37.5C PMIC@50C GPU@35C AO@44.5C thermal@36C
2023-09-05 05:23:55 RAM 3528/3956MB (lfb 7x4MB) SWAP 2031/4026MB (cached 14MB) CPU [35%@1479,34%@1479,34%@1479,32%@1479] EMC_FREQ 0% GR3D_FREQ 99% PLL@33C CPU@38.5C PMIC@50C GPU@34.5C AO@43.5C thermal@35.75C
2023-09-05 05:24:55 RAM 3531/3956MB (lfb 7x4MB) SWAP 2032/4026MB (cached 6MB) CPU [24%@1479,27%@1479,26%@1479,23%@1479] EMC_FREQ 0% GR3D_FREQ 99% PLL@33.5C CPU@37C PMIC@50C GPU@35C AO@44C thermal@35.75C
2023-09-05 05:25:55 RAM 3524/3956MB (lfb 7x4MB) SWAP 2032/4026MB (cached 6MB) CPU [33%@1479,29%@1479,33%@1479,35%@1479] EMC_FREQ 0% GR3D_FREQ 99% PLL@33.5C CPU@38.5C PMIC@50C GPU@35C AO@44C thermal@36C
2023-09-05 05:26:55 RAM 3516/3956MB (lfb 7x4MB) SWAP 2032/4026MB (cached 6MB) CPU [34%@1479,34%@1479,34%@1479,30%@1479] EMC_FREQ 0% GR3D_FREQ 99% PLL@33.5C CPU@38C PMIC@50C GPU@35C AO@44.5C thermal@36C
2023-09-05 05:27:55 RAM 3527/3956MB (lfb 7x4MB) SWAP 2032/4026MB (cached 6MB) CPU [26%@1479,24%@1479,23%@1479,25%@1479] EMC_FREQ 0% GR3D_FREQ 99% PLL@33.5C CPU@37.5C PMIC@50C GPU@35C AO@44.5C thermal@36.75C
2023-09-05 05:28:55 RAM 3520/3956MB (lfb 7x4MB) SWAP 2032/4026MB (cached 6MB) CPU [31%@1479,35%@1479,33%@1479,30%@1479] EMC_FREQ 0% GR3D_FREQ 99% PLL@33C CPU@37C PMIC@50C GPU@34.5C AO@44.5C thermal@35.75C
2023-09-05 05:29:55 RAM 3510/3956MB (lfb 7x4MB) SWAP 2032/4026MB (cached 6MB) CPU [28%@1224,32%@1224,31%@1224,26%@1224] EMC_FREQ 0% GR3D_FREQ 99% PLL@33C CPU@36.5C PMIC@50C GPU@35C AO@44C thermal@35.5C
2023-09-05 05:30:55 RAM 3525/3956MB (lfb 7x4MB) SWAP 2032/4026MB (cached 6MB) CPU [32%@1479,28%@1479,29%@1479,22%@1479] EMC_FREQ 0% GR3D_FREQ 99% PLL@33.5C CPU@37C PMIC@50C GPU@34.5C AO@44C thermal@36.5C
2023-09-05 05:31:55 RAM 3523/3956MB (lfb 7x4MB) SWAP 2032/4026MB (cached 6MB) CPU [32%@1224,31%@1224,35%@1224,31%@1224] EMC_FREQ 0% GR3D_FREQ 99% PLL@33.5C CPU@37C PMIC@50C GPU@35C AO@44.5C thermal@35.75C
2023-09-05 05:32:55 RAM 3520/3956MB (lfb 7x4MB) SWAP 2032/4026MB (cached 6MB) CPU [27%@1224,25%@1224,25%@1224,20%@1224] EMC_FREQ 0% GR3D_FREQ 99% PLL@33C CPU@37.5C PMIC@50C GPU@35C AO@44C thermal@36C
2023-09-05 05:33:55 RAM 3519/3956MB (lfb 7x4MB) SWAP 2032/4026MB (cached 6MB) CPU [34%@1479,31%@1479,35%@1479,31%@1479] EMC_FREQ 0% GR3D_FREQ 99% PLL@33C CPU@37C PMIC@50C GPU@35C AO@44.5C thermal@36C
2023-09-05 05:34:55 RAM 3519/3956MB (lfb 7x4MB) SWAP 2032/4026MB (cached 6MB) CPU [31%@1479,34%@1479,35%@1479,29%@1479] EMC_FREQ 0% GR3D_FREQ 99% PLL@33.5C CPU@38C PMIC@50C GPU@35C AO@44.5C thermal@35.75C
2023-09-05 05:35:55 RAM 3524/3956MB (lfb 7x4MB) SWAP 2032/4026MB (cached 6MB) CPU [25%@1479,24%@1479,26%@1479,22%@1479] EMC_FREQ 0% GR3D_FREQ 99% PLL@33.5C CPU@37.5C PMIC@50C GPU@34.5C AO@44.5C thermal@35.75C
2023-09-05 05:36:55 RAM 3516/3956MB (lfb 7x4MB) SWAP 2032/4026MB (cached 6MB) CPU [34%@1224,35%@1224,33%@1224,31%@1224] EMC_FREQ 0% GR3D_FREQ 99% PLL@33C CPU@37C PMIC@50C GPU@35C AO@44.5C thermal@36C
2023-09-05 05:37:55 RAM 3537/3956MB (lfb 7x4MB) SWAP 2036/4026MB (cached 9MB) CPU [38%@1224,33%@1224,36%@1224,34%@1224] EMC_FREQ 0% GR3D_FREQ 99% PLL@32.5C CPU@37C PMIC@50C GPU@34.5C AO@44C thermal@35.5C
2023-09-05 05:38:55 RAM 3533/3956MB (lfb 7x4MB) SWAP 2036/4026MB (cached 6MB) CPU [25%@1479,26%@1479,21%@1479,27%@1479] EMC_FREQ 0% GR3D_FREQ 99% PLL@33.5C CPU@37C PMIC@50C GPU@34.5C AO@44.5C thermal@36.25C
2023-09-05 05:39:55 RAM 3519/3956MB (lfb 7x4MB) SWAP 2036/4026MB (cached 6MB) CPU [36%@1479,33%@1479,33%@1479,32%@1479] EMC_FREQ 0% GR3D_FREQ 99% PLL@33C CPU@37.5C PMIC@50C GPU@35C AO@44.5C thermal@36.25C
2023-09-05 05:40:55 RAM 3516/3956MB (lfb 7x4MB) SWAP 2035/4026MB (cached 6MB) CPU [28%@1479,31%@1479,28%@1479,31%@1479] EMC_FREQ 0% GR3D_FREQ 99% PLL@33.5C CPU@37C PMIC@50C GPU@34.5C AO@44.5C thermal@36C
2023-09-05 05:41:55 RAM 3522/3956MB (lfb 7x4MB) SWAP 2035/4026MB (cached 6MB) CPU [26%@1224,28%@1224,28%@1224,26%@1224] EMC_FREQ 0% GR3D_FREQ 99% PLL@33C CPU@36.5C PMIC@50C GPU@34.5C AO@44C thermal@35.5C
2023-09-05 05:42:55 RAM 3523/3956MB (lfb 7x4MB) SWAP 2035/4026MB (cached 6MB) CPU [32%@1224,33%@1224,29%@1224,34%@1224] EMC_FREQ 0% GR3D_FREQ 99% PLL@33C CPU@37C PMIC@50C GPU@35C AO@44C thermal@36.25C
2023-09-05 05:43:55 RAM 3517/3956MB (lfb 7x4MB) SWAP 2035/4026MB (cached 6MB) CPU [30%@1224,25%@1224,22%@1224,29%@1224] EMC_FREQ 0% GR3D_FREQ 99% PLL@33C CPU@37.5C PMIC@50C GPU@35C AO@44.5C thermal@36.25C
2023-09-05 05:44:55 RAM 3527/3956MB (lfb 7x4MB) SWAP 2035/4026MB (cached 6MB) CPU [32%@1479,33%@1479,29%@1479,28%@1479] EMC_FREQ 0% GR3D_FREQ 99% PLL@33C CPU@37.5C PMIC@50C GPU@34.5C AO@44.5C thermal@36C
2023-09-05 05:45:55 RAM 3527/3956MB (lfb 7x4MB) SWAP 2035/4026MB (cached 6MB) CPU [37%@1479,28%@1479,31%@1479,33%@1479] EMC_FREQ 0% GR3D_FREQ 99% PLL@33C CPU@37C PMIC@50C GPU@34.5C AO@44C thermal@35.75C
2023-09-05 05:46:55 RAM 3538/3956MB (lfb 7x4MB) SWAP 2035/4026MB (cached 6MB) CPU [28%@1479,21%@1479,24%@1479,24%@1479] EMC_FREQ 0% GR3D_FREQ 99% PLL@33C CPU@37C PMIC@50C GPU@34.5C AO@44C thermal@35.75C
2023-09-05 05:47:55 RAM 3526/3956MB (lfb 7x4MB) SWAP 2035/4026MB (cached 6MB) CPU [33%@1479,31%@1479,32%@1479,35%@1479] EMC_FREQ 0% GR3D_FREQ 99% PLL@32.5C CPU@37C PMIC@50C GPU@34.5C AO@44C thermal@36C
2023-09-05 05:48:55 RAM 3527/3956MB (lfb 7x4MB) SWAP 2035/4026MB (cached 6MB) CPU [33%@1479,32%@1479,31%@1479,32%@1479] EMC_FREQ 0% GR3D_FREQ 51% PLL@33C CPU@37C PMIC@50C GPU@34.5C AO@43.5C thermal@35.75C
2023-09-05 05:49:55 RAM 3537/3956MB (lfb 7x4MB) SWAP 2035/4026MB (cached 6MB) CPU [26%@1479,27%@1479,22%@1479,22%@1479] EMC_FREQ 0% GR3D_FREQ 99% PLL@33.5C CPU@37C PMIC@50C GPU@34.5C AO@44.5C thermal@35.5C
2023-09-05 05:50:55 RAM 3528/3956MB (lfb 7x4MB) SWAP 2035/4026MB (cached 6MB) CPU [32%@1224,32%@1224,36%@1224,32%@1224] EMC_FREQ 0% GR3D_FREQ 99% PLL@33C CPU@37.5C PMIC@50C GPU@34.5C AO@44.5C thermal@36.25C
2023-09-05 05:51:55 RAM 3527/3956MB (lfb 7x4MB) SWAP 2035/4026MB (cached 6MB) CPU [31%@1224,31%@1224,34%@1224,31%@1224] EMC_FREQ 0% GR3D_FREQ 99% PLL@33C CPU@37C PMIC@50C GPU@34.5C AO@43.5C thermal@35.75C
2023-09-05 05:52:55 RAM 3535/3956MB (lfb 7x4MB) SWAP 2035/4026MB (cached 6MB) CPU [28%@1224,25%@1224,23%@1224,21%@1224] EMC_FREQ 0% GR3D_FREQ 79% PLL@33C CPU@37C PMIC@50C GPU@34.5C AO@44C thermal@35.75C
2023-09-05 05:53:55 RAM 3531/3956MB (lfb 7x4MB) SWAP 2035/4026MB (cached 6MB) CPU [34%@1479,34%@1479,34%@1479,29%@1479] EMC_FREQ 0% GR3D_FREQ 99% PLL@33.5C CPU@37C PMIC@50C GPU@34.5C AO@44C thermal@35.75C
2023-09-05 05:54:55 RAM 3522/3956MB (lfb 7x4MB) SWAP 2035/4026MB (cached 6MB) CPU [29%@1479,31%@1479,32%@1479,27%@1479] EMC_FREQ 0% GR3D_FREQ 99% PLL@32.5C CPU@37C PMIC@50C GPU@34.5C AO@44C thermal@35.75C
2023-09-05 05:55:55 RAM 3539/3956MB (lfb 7x4MB) SWAP 2030/4026MB (cached 6MB) CPU [28%@1479,27%@1479,28%@1479,26%@1479] EMC_FREQ 0% GR3D_FREQ 99% PLL@33.5C CPU@37C PMIC@50C GPU@34.5C AO@44C thermal@35.75C
2023-09-05 05:56:55 RAM 3533/3956MB (lfb 7x4MB) SWAP 2030/4026MB (cached 6MB) CPU [33%@1224,34%@1224,32%@1224,30%@1224] EMC_FREQ 0% GR3D_FREQ 99% PLL@33.5C CPU@37.5C PMIC@50C GPU@35C AO@44C thermal@36.25C
2023-09-05 05:57:55 RAM 3525/3956MB (lfb 7x4MB) SWAP 2030/4026MB (cached 6MB) CPU [30%@1224,26%@1224,25%@1224,25%@1224] EMC_FREQ 0% GR3D_FREQ 99% PLL@33C CPU@37C PMIC@50C GPU@34.5C AO@44C thermal@35.5C
2023-09-05 05:58:55 RAM 3532/3956MB (lfb 7x4MB) SWAP 2030/4026MB (cached 6MB) CPU [30%@1224,30%@1224,35%@1224,27%@1224] EMC_FREQ 0% GR3D_FREQ 99% PLL@33C CPU@37C PMIC@50C GPU@35C AO@44C thermal@35.75C
2023-09-05 05:59:55 RAM 3533/3956MB (lfb 7x4MB) SWAP 2030/4026MB (cached 6MB) CPU [33%@1479,30%@1479,32%@1479,33%@1479] EMC_FREQ 0% GR3D_FREQ 99% PLL@33.5C CPU@37C PMIC@50C GPU@35C AO@44C thermal@35.75C
2023-09-05 06:00:55 RAM 3541/3956MB (lfb 7x4MB) SWAP 2030/4026MB (cached 6MB) CPU [25%@1224,22%@1224,23%@1224,27%@1224] EMC_FREQ 0% GR3D_FREQ 99% PLL@33C CPU@37C PMIC@50C GPU@34.5C AO@43.5C thermal@35.75C
2023-09-05 06:01:55 RAM 3535/3956MB (lfb 7x4MB) SWAP 2030/4026MB (cached 6MB) CPU [33%@1479,34%@1479,33%@1479,32%@1479] EMC_FREQ 0% GR3D_FREQ 99% PLL@33.5C CPU@37.5C PMIC@50C GPU@34.5C AO@44C thermal@35.75C
2023-09-05 06:02:55 RAM 3530/3956MB (lfb 7x4MB) SWAP 2030/4026MB (cached 6MB) CPU [32%@1479,32%@1479,32%@1479,32%@1479] EMC_FREQ 0% GR3D_FREQ 99% PLL@33.5C CPU@37.5C PMIC@50C GPU@34.5C AO@44.5C thermal@35.75C
2023-09-05 06:03:55 RAM 3545/3956MB (lfb 7x4MB) SWAP 2030/4026MB (cached 8MB) CPU [26%@1479,27%@1479,25%@1479,27%@1479] EMC_FREQ 0% GR3D_FREQ 99% PLL@34C CPU@37C PMIC@50C GPU@34.5C AO@44C thermal@36.5C
2023-09-05 06:04:55 RAM 3536/3956MB (lfb 7x4MB) SWAP 2030/4026MB (cached 8MB) CPU [32%@1224,35%@1224,33%@1224,32%@1224] EMC_FREQ 0% GR3D_FREQ 99% PLL@33C CPU@36.5C PMIC@50C GPU@34.5C AO@44C thermal@36C
2023-09-05 06:05:55 RAM 3533/3956MB (lfb 7x4MB) SWAP 2030/4026MB (cached 8MB) CPU [33%@1479,29%@1479,30%@1479,32%@1479] EMC_FREQ 0% GR3D_FREQ 99% PLL@33.5C CPU@37.5C PMIC@50C GPU@34.5C AO@44.5C thermal@35.75C
2023-09-05 06:06:55 RAM 3513/3956MB (lfb 7x4MB) SWAP 2109/4026MB (cached 14MB) CPU [52%@1479,52%@1479,47%@1479,51%@1479] EMC_FREQ 0% GR3D_FREQ 99% PLL@33C CPU@37C PMIC@50C GPU@34.5C AO@44C thermal@36C
2023-09-05 06:07:55 RAM 3468/3956MB (lfb 7x4MB) SWAP 2150/4026MB (cached 15MB) CPU [50%@1224,44%@1224,45%@1224,48%@1224] EMC_FREQ 0% GR3D_FREQ 0% PLL@32.5C CPU@35.5C PMIC@50C GPU@33C AO@43.5C thermal@35.75C
2023-09-05 06:08:55 RAM 3371/3956MB (lfb 7x4MB) SWAP 2221/4026MB (cached 25MB) CPU [27%@1224,30%@1224,32%@1224,31%@1224] EMC_FREQ 0% GR3D_FREQ 99% PLL@32C CPU@35.5C PMIC@50C GPU@33.5C AO@42.5C thermal@34.5C
2023-09-05 06:09:55 RAM 3373/3956MB (lfb 7x4MB) SWAP 2217/4026MB (cached 24MB) CPU [32%@1224,27%@1224,30%@1224,31%@1224] EMC_FREQ 0% GR3D_FREQ 99% PLL@31.5C CPU@36C PMIC@50C GPU@33.5C AO@43C thermal@34.75C
2023-09-05 06:10:55 RAM 3375/3956MB (lfb 7x4MB) SWAP 2217/4026MB (cached 24MB) CPU [27%@1224,27%@1224,30%@1224,28%@1224] EMC_FREQ 0% GR3D_FREQ 99% PLL@32.5C CPU@36.5C PMIC@50C GPU@33.5C AO@43.5C thermal@35.5C
2023-09-05 06:11:55 RAM 3365/3956MB (lfb 7x4MB) SWAP 2217/4026MB (cached 24MB) CPU [28%@1224,37%@1224,36%@1224,34%@1224] EMC_FREQ 0% GR3D_FREQ 99% PLL@32.5C CPU@36.5C PMIC@50C GPU@34.5C AO@43.5C thermal@35.5C
2023-09-05 06:12:55 RAM 3362/3956MB (lfb 7x4MB) SWAP 2217/4026MB (cached 24MB) CPU [23%@1479,29%@1479,29%@1479,24%@1479] EMC_FREQ 0% GR3D_FREQ 99% PLL@33C CPU@37C PMIC@50C GPU@34.5C AO@44C thermal@35.75C
2023-09-05 06:13:55 RAM 3492/3956MB (lfb 7x4MB) SWAP 2219/4026MB (cached 10MB) CPU [16%@1479,18%@1479,19%@1479,32%@1479] EMC_FREQ 0% GR3D_FREQ 0% PLL@31C CPU@34.5C PMIC@50C GPU@33C AO@41.5C thermal@33.75C
2023-09-05 06:14:55 RAM 3490/3956MB (lfb 7x4MB) SWAP 2122/4026MB (cached 14MB) CPU [12%@1479,37%@1479,20%@1479,5%@1479] EMC_FREQ 0% GR3D_FREQ 0% PLL@29.5C CPU@32C PMIC@50C GPU@30C AO@39.5C thermal@31C
2023-09-05 06:15:55 RAM 2308/3956MB (lfb 2x2MB) SWAP 1174/4026MB (cached 14MB) CPU [11%@1224,10%@1224,9%@1224,8%@1224] EMC_FREQ 0% GR3D_FREQ 0% PLL@28C CPU@31C PMIC@50C GPU@30C AO@38.5C thermal@30.25C
2023-09-05 06:16:55 RAM 2308/3956MB (lfb 2x2MB) SWAP 1174/4026MB (cached 14MB) CPU [2%@1224,2%@1224,2%@1224,1%@1224] EMC_FREQ 0% GR3D_FREQ 0% PLL@26.5C CPU@29.5C PMIC@50C GPU@28.5C AO@37.5C thermal@29C
2023-09-05 06:17:55 RAM 2310/3956MB (lfb 2x2MB) SWAP 1174/4026MB (cached 14MB) CPU [3%@1224,1%@1224,2%@1224,1%@1224] EMC_FREQ 0% GR3D_FREQ 0% PLL@26C CPU@28.5C PMIC@50C GPU@28C AO@36.5C thermal@28C
2023-09-05 06:18:55 RAM 2311/3956MB (lfb 2x2MB) SWAP 1173/4026MB (cached 14MB) CPU [3%@1224,1%@1224,1%@1224,1%@1224] EMC_FREQ 0% GR3D_FREQ 0% PLL@25.5C CPU@28.5C PMIC@50C GPU@27.5C AO@35.5C thermal@27.5C
2023-09-05 06:19:55 RAM 2318/3956MB (lfb 2x2MB) SWAP 1169/4026MB (cached 21MB) CPU [10%@1224,9%@1224,9%@1224,9%@1224] EMC_FREQ 0% GR3D_FREQ 0% PLL@25.5C CPU@28.5C PMIC@50C GPU@27.5C AO@36C thermal@27.25C
2023-09-05 06:20:55 RAM 2344/3956MB (lfb 2x2MB) SWAP 1157/4026MB (cached 30MB) CPU [17%@1224,17%@1224,15%@1224,14%@1224] EMC_FREQ 0% GR3D_FREQ 0% PLL@26C CPU@29C PMIC@50C GPU@28C AO@36.5C thermal@27.5C
2023-09-05 06:21:55 RAM 2374/3956MB (lfb 69x4MB) SWAP 1157/4026MB (cached 30MB) CPU [9%@1224,7%@1224,6%@1224,6%@1224] EMC_FREQ 0% GR3D_FREQ 0% PLL@25C CPU@28C PMIC@50C GPU@27C AO@36C thermal@28C
2023-09-05 06:22:55 RAM 2380/3956MB (lfb 69x4MB) SWAP 1157/4026MB (cached 30MB) CPU [6%@1224,4%@1224,4%@1224,4%@1224] EMC_FREQ 0% GR3D_FREQ 0% PLL@25C CPU@28.5C PMIC@50C GPU@27C AO@36C thermal@26.75C
2023-09-05 06:23:55 RAM 2385/3956MB (lfb 69x4MB) SWAP 1151/4026MB (cached 30MB) CPU [10%@1224,8%@1224,6%@1224,5%@1224] EMC_FREQ 0% GR3D_FREQ 0% PLL@25C CPU@28C PMIC@50C GPU@27C AO@35.5C thermal@27.75C
