2023-09-03 23:41:19 RAM 2434/3956MB (lfb 18x4MB) SWAP 975/4026MB (cached 167MB) CPU [27%@102,22%@102,25%@102,21%@102] EMC_FREQ 0% GR3D_FREQ 0% PLL@24.5C CPU@28C PMIC@50C GPU@25.5C AO@35.5C thermal@26.75C
2023-09-03 23:42:20 RAM 3273/3956MB (lfb 9x4MB) SWAP 984/4026MB (cached 160MB) CPU [21%@1224,15%@1224,20%@1224,16%@1224] EMC_FREQ 0% GR3D_FREQ 0% PLL@24C CPU@27.5C PMIC@50C GPU@26C AO@35C thermal@27.25C
2023-09-03 23:43:20 RAM 3495/3956MB (lfb 9x4MB) SWAP 1018/4026MB (cached 152MB) CPU [15%@204,12%@204,11%@204,7%@204] EMC_FREQ 0% GR3D_FREQ 0% PLL@24C CPU@27C PMIC@50C GPU@26C AO@34.5C thermal@26.75C
2023-09-03 23:44:20 RAM 3508/3956MB (lfb 9x4MB) SWAP 1062/4026MB (cached 133MB) CPU [17%@102,12%@204,14%@204,9%@204] EMC_FREQ 0% GR3D_FREQ 0% PLL@24C CPU@26.5C PMIC@50C GPU@26C AO@34.5C thermal@26C
2023-09-03 23:45:21 RAM 3469/3956MB (lfb 9x4MB) SWAP 1153/4026MB (cached 143MB) CPU [15%@102,11%@102,11%@102,10%@204] EMC_FREQ 0% GR3D_FREQ 0% PLL@24C CPU@27C PMIC@50C GPU@26C AO@34C thermal@26C
2023-09-03 23:46:19 RAM 3423/3956MB (lfb 9x4MB) SWAP 1248/4026MB (cached 146MB) CPU [20%@1479,23%@1479,15%@1479,12%@1479] EMC_FREQ 0% GR3D_FREQ 99% PLL@25.5C CPU@30C PMIC@50C GPU@28C AO@36.5C thermal@29.75C
2023-09-03 23:47:19 RAM 3366/3956MB (lfb 11x4MB) SWAP 1450/4026MB (cached 148MB) CPU [25%@1036,23%@1036,22%@1036,24%@1036] EMC_FREQ 0% GR3D_FREQ 99% PLL@28C CPU@32C PMIC@50C GPU@30C AO@38.5C thermal@31C
2023-09-03 23:48:19 RAM 3364/3956MB (lfb 11x4MB) SWAP 1449/4026MB (cached 151MB) CPU [26%@1479,22%@1479,24%@1479,25%@1479] EMC_FREQ 0% GR3D_FREQ 90% PLL@28.5C CPU@32C PMIC@50C GPU@30C AO@39C thermal@31C
2023-09-03 23:49:19 RAM 3375/3956MB (lfb 11x4MB) SWAP 1461/4026MB (cached 150MB) CPU [32%@1479,23%@1479,23%@1479,27%@1479] EMC_FREQ 0% GR3D_FREQ 99% PLL@30.5C CPU@35C PMIC@50C GPU@32.5C AO@41.5C thermal@33.75C
2023-09-03 23:50:20 RAM 3361/3956MB (lfb 11x4MB) SWAP 1487/4026MB (cached 151MB) CPU [27%@204,20%@204,26%@307,25%@307] EMC_FREQ 0% GR3D_FREQ 0% PLL@29.5C CPU@32.5C PMIC@50C GPU@31.5C AO@41C thermal@32C
2023-09-03 23:51:19 RAM 3325/3956MB (lfb 11x4MB) SWAP 1560/4026MB (cached 150MB) CPU [20%@204,14%@204,16%@204,11%@204] EMC_FREQ 0% GR3D_FREQ 99% PLL@29C CPU@33C PMIC@50C GPU@31.5C AO@40.5C thermal@32.5C
2023-09-03 23:52:19 RAM 3254/3956MB (lfb 11x4MB) SWAP 1676/4026MB (cached 138MB) CPU [22%@1479,18%@1479,18%@1479,16%@1479] EMC_FREQ 0% GR3D_FREQ 99% PLL@29C CPU@32.5C PMIC@50C GPU@30.5C AO@39.5C thermal@31.5C
2023-09-03 23:53:19 RAM 3241/3956MB (lfb 11x4MB) SWAP 1692/4026MB (cached 137MB) CPU [27%@1479,26%@1479,29%@1479,29%@1479] EMC_FREQ 0% GR3D_FREQ 99% PLL@30.5C CPU@34.5C PMIC@50C GPU@32C AO@41.5C thermal@33.5C
2023-09-03 23:54:19 RAM 3242/3956MB (lfb 11x4MB) SWAP 1695/4026MB (cached 137MB) CPU [27%@1479,27%@1479,27%@1479,24%@1479] EMC_FREQ 0% GR3D_FREQ 99% PLL@31.5C CPU@36C PMIC@50C GPU@33C AO@42C thermal@34.25C
2023-09-03 23:55:19 RAM 3235/3956MB (lfb 11x4MB) SWAP 1702/4026MB (cached 137MB) CPU [30%@204,26%@204,27%@204,24%@204] EMC_FREQ 0% GR3D_FREQ 99% PLL@31.5C CPU@35C PMIC@50C GPU@33.5C AO@42.5C thermal@34.5C
2023-09-03 23:56:19 RAM 3227/3956MB (lfb 11x4MB) SWAP 1733/4026MB (cached 136MB) CPU [22%@1224,18%@1224,19%@1224,15%@1224] EMC_FREQ 0% GR3D_FREQ 99% PLL@31.5C CPU@35.5C PMIC@50C GPU@33.5C AO@42.5C thermal@33.75C
2023-09-03 23:57:19 RAM 3217/3956MB (lfb 11x4MB) SWAP 1756/4026MB (cached 135MB) CPU [33%@403,26%@403,27%@403,27%@403] EMC_FREQ 0% GR3D_FREQ 99% PLL@32C CPU@36C PMIC@50C GPU@34C AO@43C thermal@35C
2023-09-03 23:58:19 RAM 3209/3956MB (lfb 11x4MB) SWAP 1758/4026MB (cached 135MB) CPU [31%@825,28%@825,28%@825,23%@825] EMC_FREQ 0% GR3D_FREQ 99% PLL@32.5C CPU@37C PMIC@50C GPU@34.5C AO@43.5C thermal@35.5C
2023-09-03 23:59:19 RAM 3230/3956MB (lfb 11x4MB) SWAP 1760/4026MB (cached 135MB) CPU [26%@1479,28%@1479,29%@1479,28%@1479] EMC_FREQ 0% GR3D_FREQ 99% PLL@32.5C CPU@37C PMIC@50C GPU@34.5C AO@44.5C thermal@36C
2023-09-04 00:00:19 RAM 3221/3956MB (lfb 11x4MB) SWAP 1758/4026MB (cached 136MB) CPU [22%@1479,21%@1479,21%@1479,19%@1479] EMC_FREQ 0% GR3D_FREQ 99% PLL@32.5C CPU@37.5C PMIC@50C GPU@35C AO@43.5C thermal@35C
2023-09-04 00:01:19 RAM 3216/3956MB (lfb 11x4MB) SWAP 1763/4026MB (cached 136MB) CPU [28%@307,30%@307,28%@307,26%@307] EMC_FREQ 0% GR3D_FREQ 99% PLL@32.5C CPU@37C PMIC@50C GPU@35C AO@44C thermal@35.75C
2023-09-04 00:02:19 RAM 3219/3956MB (lfb 11x4MB) SWAP 1762/4026MB (cached 136MB) CPU [25%@1479,26%@1479,30%@1479,25%@1479] EMC_FREQ 0% GR3D_FREQ 99% PLL@33.5C CPU@37C PMIC@50C GPU@35C AO@43.5C thermal@35.75C
2023-09-04 00:03:19 RAM 3222/3956MB (lfb 11x4MB) SWAP 1762/4026MB (cached 136MB) CPU [27%@1479,26%@1479,27%@1479,25%@1479] EMC_FREQ 0% GR3D_FREQ 99% PLL@33C CPU@37.5C PMIC@50C GPU@35C AO@44C thermal@36C
2023-09-04 00:04:19 RAM 3228/3956MB (lfb 11x4MB) SWAP 1761/4026MB (cached 136MB) CPU [27%@204,22%@204,20%@204,19%@204] EMC_FREQ 0% GR3D_FREQ 99% PLL@32.5C CPU@36.5C PMIC@50C GPU@35C AO@44C thermal@36C
2023-09-04 00:05:19 RAM 3223/3956MB (lfb 11x4MB) SWAP 1763/4026MB (cached 136MB) CPU [31%@1479,30%@1479,28%@1479,28%@1479] EMC_FREQ 0% GR3D_FREQ 99% PLL@33C CPU@37.5C PMIC@50C GPU@34.5C AO@43.5C thermal@35.5C
2023-09-04 00:06:19 RAM 3227/3956MB (lfb 11x4MB) SWAP 1757/4026MB (cached 136MB) CPU [30%@204,27%@204,28%@204,26%@204] EMC_FREQ 0% GR3D_FREQ 99% PLL@32C CPU@36.5C PMIC@50C GPU@34.5C AO@43C thermal@35.25C
2023-09-04 00:07:19 RAM 3216/3956MB (lfb 11x4MB) SWAP 1756/4026MB (cached 136MB) CPU [28%@1479,27%@1479,27%@1479,25%@1479] EMC_FREQ 0% GR3D_FREQ 99% PLL@32.5C CPU@36.5C PMIC@50C GPU@34.5C AO@43.5C thermal@35.25C
2023-09-04 00:08:19 RAM 3219/3956MB (lfb 11x4MB) SWAP 1756/4026MB (cached 136MB) CPU [24%@614,19%@614,19%@614,19%@307] EMC_FREQ 0% GR3D_FREQ 99% PLL@32C CPU@36C PMIC@50C GPU@34C AO@43.5C thermal@35.5C
2023-09-04 00:09:19 RAM 3223/3956MB (lfb 11x4MB) SWAP 1756/4026MB (cached 136MB) CPU [24%@403,26%@403,27%@403,26%@403] EMC_FREQ 0% GR3D_FREQ 99% PLL@32.5C CPU@36.5C PMIC@50C GPU@34.5C AO@43.5C thermal@35.75C
2023-09-04 00:10:19 RAM 3218/3956MB (lfb 11x4MB) SWAP 1756/4026MB (cached 136MB) CPU [28%@518,28%@518,27%@518,25%@518] EMC_FREQ 0% GR3D_FREQ 99% PLL@32.5C CPU@36.5C PMIC@50C GPU@34.5C AO@43.5C thermal@35.25C
2023-09-04 00:11:19 RAM 3207/3956MB (lfb 11x4MB) SWAP 1747/4026MB (cached 131MB) CPU [29%@403,25%@403,26%@403,29%@403] EMC_FREQ 0% GR3D_FREQ 99% PLL@32C CPU@36.5C PMIC@50C GPU@34C AO@43.5C thermal@35.5C
2023-09-04 00:12:19 RAM 3212/3956MB (lfb 11x4MB) SWAP 1747/4026MB (cached 131MB) CPU [24%@518,20%@518,18%@518,21%@518] EMC_FREQ 0% GR3D_FREQ 99% PLL@32C CPU@36C PMIC@50C GPU@34C AO@43C thermal@35.25C
2023-09-04 00:13:19 RAM 3214/3956MB (lfb 11x4MB) SWAP 1751/4026MB (cached 131MB) CPU [33%@1224,23%@1224,25%@1224,24%@1224] EMC_FREQ 0% GR3D_FREQ 99% PLL@32C CPU@36C PMIC@50C GPU@33.5C AO@43C thermal@35C
2023-09-04 00:14:19 RAM 3216/3956MB (lfb 11x4MB) SWAP 1750/4026MB (cached 131MB) CPU [31%@1479,28%@1479,26%@1479,23%@1479] EMC_FREQ 0% GR3D_FREQ 99% PLL@32C CPU@36C PMIC@50C GPU@33.5C AO@43.5C thermal@34.5C
2023-09-04 00:15:19 RAM 3213/3956MB (lfb 11x4MB) SWAP 1750/4026MB (cached 131MB) CPU [28%@1479,25%@1479,28%@1479,26%@1479] EMC_FREQ 0% GR3D_FREQ 99% PLL@32.5C CPU@37C PMIC@50C GPU@34C AO@43C thermal@34.75C
2023-09-04 00:16:19 RAM 3217/3956MB (lfb 11x4MB) SWAP 1750/4026MB (cached 131MB) CPU [25%@307,21%@307,18%@307,19%@307] EMC_FREQ 0% GR3D_FREQ 99% PLL@32C CPU@35.5C PMIC@50C GPU@33.5C AO@43C thermal@34.5C
2023-09-04 00:17:19 RAM 3214/3956MB (lfb 11x4MB) SWAP 1750/4026MB (cached 131MB) CPU [26%@1479,26%@1479,25%@1479,28%@1479] EMC_FREQ 0% GR3D_FREQ 99% PLL@32C CPU@36C PMIC@50C GPU@34C AO@43C thermal@35C
2023-09-04 00:18:19 RAM 3221/3956MB (lfb 11x4MB) SWAP 1751/4026MB (cached 131MB) CPU [29%@307,28%@307,25%@307,23%@307] EMC_FREQ 0% GR3D_FREQ 99% PLL@32C CPU@35.5C PMIC@50C GPU@34C AO@43C thermal@35C
2023-09-04 00:19:19 RAM 3211/3956MB (lfb 11x4MB) SWAP 1751/4026MB (cached 131MB) CPU [27%@1479,27%@1479,30%@1479,23%@1479] EMC_FREQ 0% GR3D_FREQ 99% PLL@32.5C CPU@37.5C PMIC@50C GPU@34C AO@43C thermal@35C
2023-09-04 00:20:19 RAM 3211/3956MB (lfb 11x4MB) SWAP 1751/4026MB (cached 131MB) CPU [23%@307,20%@307,20%@307,20%@307] EMC_FREQ 0% GR3D_FREQ 99% PLL@32C CPU@36C PMIC@50C GPU@34C AO@43C thermal@34.75C
2023-09-04 00:21:19 RAM 3218/3956MB (lfb 11x4MB) SWAP 1751/4026MB (cached 131MB) CPU [26%@403,26%@403,27%@403,26%@403] EMC_FREQ 0% GR3D_FREQ 99% PLL@32C CPU@36.5C PMIC@50C GPU@34C AO@43C thermal@35.25C
2023-09-04 00:22:19 RAM 3215/3956MB (lfb 11x4MB) SWAP 1754/4026MB (cached 131MB) CPU [27%@307,25%@307,27%@307,28%@307] EMC_FREQ 0% GR3D_FREQ 99% PLL@32.5C CPU@36C PMIC@50C GPU@34C AO@43C thermal@35.25C
2023-09-04 00:23:19 RAM 3214/3956MB (lfb 11x4MB) SWAP 1754/4026MB (cached 131MB) CPU [27%@403,26%@403,26%@403,27%@403] EMC_FREQ 0% GR3D_FREQ 99% PLL@32.5C CPU@36.5C PMIC@50C GPU@34C AO@43C thermal@35.5C
2023-09-04 00:24:19 RAM 3214/3956MB (lfb 11x4MB) SWAP 1754/4026MB (cached 131MB) CPU [26%@518,19%@518,18%@518,21%@518] EMC_FREQ 0% GR3D_FREQ 99% PLL@32C CPU@36C PMIC@50C GPU@34C AO@43C thermal@35C
2023-09-04 00:25:19 RAM 3214/3956MB (lfb 20x4MB) SWAP 1754/4026MB (cached 131MB) CPU [31%@307,24%@307,26%@307,24%@307] EMC_FREQ 0% GR3D_FREQ 99% PLL@32.5C CPU@36.5C PMIC@50C GPU@34C AO@43.5C thermal@35.25C
2023-09-04 00:26:19 RAM 3221/3956MB (lfb 22x4MB) SWAP 1754/4026MB (cached 131MB) CPU [27%@614,23%@614,29%@614,28%@614] EMC_FREQ 0% GR3D_FREQ 99% PLL@32.5C CPU@36.5C PMIC@50C GPU@34.5C AO@43.5C thermal@35.75C
2023-09-04 00:27:19 RAM 3219/3956MB (lfb 22x4MB) SWAP 1754/4026MB (cached 131MB) CPU [29%@204,27%@204,25%@204,28%@204] EMC_FREQ 0% GR3D_FREQ 99% PLL@32C CPU@36.5C PMIC@50C GPU@34C AO@43C thermal@35.5C
2023-09-04 00:28:19 RAM 3219/3956MB (lfb 22x4MB) SWAP 1754/4026MB (cached 131MB) CPU [26%@307,21%@307,19%@307,20%@307] EMC_FREQ 0% GR3D_FREQ 99% PLL@32.5C CPU@36C PMIC@50C GPU@34.5C AO@43C thermal@35.25C
2023-09-04 00:29:19 RAM 3217/3956MB (lfb 22x4MB) SWAP 1740/4026MB (cached 137MB) CPU [27%@1479,26%@1479,26%@1479,27%@1479] EMC_FREQ 0% GR3D_FREQ 99% PLL@33C CPU@36C PMIC@50C GPU@33.5C AO@43.5C thermal@35.25C
2023-09-04 00:30:19 RAM 3229/3956MB (lfb 22x4MB) SWAP 1740/4026MB (cached 137MB) CPU [25%@307,26%@307,28%@307,27%@307] EMC_FREQ 0% GR3D_FREQ 99% PLL@32C CPU@36.5C PMIC@50C GPU@34C AO@43C thermal@35.25C
2023-09-04 00:31:19 RAM 3219/3956MB (lfb 22x4MB) SWAP 1742/4026MB (cached 137MB) CPU [31%@1479,26%@1479,27%@1479,27%@1479] EMC_FREQ 0% GR3D_FREQ 99% PLL@32.5C CPU@36C PMIC@50C GPU@33.5C AO@43.5C thermal@35.25C
2023-09-04 00:32:19 RAM 3219/3956MB (lfb 22x4MB) SWAP 1736/4026MB (cached 137MB) CPU [23%@825,21%@825,24%@825,20%@825] EMC_FREQ 0% GR3D_FREQ 99% PLL@32C CPU@36C PMIC@50C GPU@33.5C AO@43C thermal@35.25C
2023-09-04 00:33:19 RAM 3224/3956MB (lfb 22x4MB) SWAP 1736/4026MB (cached 137MB) CPU [33%@1479,23%@1479,20%@1479,24%@1479] EMC_FREQ 0% GR3D_FREQ 99% PLL@32.5C CPU@36.5C PMIC@50C GPU@34C AO@43C thermal@35.25C
2023-09-04 00:34:19 RAM 3227/3956MB (lfb 22x4MB) SWAP 1736/4026MB (cached 137MB) CPU [26%@1224,25%@1224,28%@1224,25%@1224] EMC_FREQ 0% GR3D_FREQ 99% PLL@32C CPU@36.5C PMIC@50C GPU@34C AO@43C thermal@35C
2023-09-04 00:35:19 RAM 3221/3956MB (lfb 22x4MB) SWAP 1736/4026MB (cached 137MB) CPU [29%@307,26%@307,27%@307,26%@307] EMC_FREQ 0% GR3D_FREQ 99% PLL@32.5C CPU@36C PMIC@50C GPU@34.5C AO@43C thermal@35.25C
2023-09-04 00:36:19 RAM 3225/3956MB (lfb 22x4MB) SWAP 1736/4026MB (cached 137MB) CPU [26%@204,21%@204,22%@204,20%@307] EMC_FREQ 0% GR3D_FREQ 99% PLL@32C CPU@36C PMIC@50C GPU@34C AO@43C thermal@34.75C
2023-09-04 00:37:19 RAM 3220/3956MB (lfb 22x4MB) SWAP 1736/4026MB (cached 137MB) CPU [27%@307,25%@307,23%@307,24%@307] EMC_FREQ 0% GR3D_FREQ 99% PLL@32.5C CPU@36.5C PMIC@50C GPU@34C AO@43C thermal@35.25C
2023-09-04 00:38:19 RAM 3223/3956MB (lfb 22x4MB) SWAP 1736/4026MB (cached 137MB) CPU [25%@1479,25%@1479,28%@1479,27%@1479] EMC_FREQ 0% GR3D_FREQ 99% PLL@32.5C CPU@36C PMIC@50C GPU@34C AO@43C thermal@35.25C
2023-09-04 00:39:19 RAM 3227/3956MB (lfb 22x4MB) SWAP 1736/4026MB (cached 137MB) CPU [29%@307,28%@307,26%@307,26%@307] EMC_FREQ 0% GR3D_FREQ 99% PLL@32C CPU@36C PMIC@50C GPU@34C AO@43C thermal@35.25C
2023-09-04 00:40:19 RAM 3226/3956MB (lfb 22x4MB) SWAP 1736/4026MB (cached 137MB) CPU [25%@204,21%@204,21%@204,22%@204] EMC_FREQ 0% GR3D_FREQ 99% PLL@31.5C CPU@36C PMIC@50C GPU@34C AO@43C thermal@34.75C
2023-09-04 00:41:19 RAM 3247/3956MB (lfb 22x4MB) SWAP 1735/4026MB (cached 137MB) CPU [29%@1479,28%@1479,27%@1479,23%@1479] EMC_FREQ 0% GR3D_FREQ 99% PLL@32.5C CPU@36C PMIC@50C GPU@34C AO@43.5C thermal@35C
2023-09-04 00:42:19 RAM 3234/3956MB (lfb 22x4MB) SWAP 1735/4026MB (cached 137MB) CPU [32%@1479,27%@1479,25%@1479,28%@1479] EMC_FREQ 0% GR3D_FREQ 99% PLL@33C CPU@36.5C PMIC@50C GPU@34C AO@43C thermal@35C
2023-09-04 00:43:19 RAM 3228/3956MB (lfb 22x4MB) SWAP 1735/4026MB (cached 137MB) CPU [31%@1479,25%@1479,24%@1479,28%@1479] EMC_FREQ 0% GR3D_FREQ 99% PLL@32.5C CPU@37C PMIC@50C GPU@34.5C AO@43.5C thermal@35.25C
2023-09-04 00:44:19 RAM 3247/3956MB (lfb 22x4MB) SWAP 1735/4026MB (cached 137MB) CPU [27%@1224,26%@1224,25%@1224,23%@1224] EMC_FREQ 0% GR3D_FREQ 99% PLL@32C CPU@36C PMIC@50C GPU@34C AO@43C thermal@35C
2023-09-04 00:45:19 RAM 3232/3956MB (lfb 22x4MB) SWAP 1735/4026MB (cached 137MB) CPU [25%@1224,23%@1224,24%@1224,22%@1224] EMC_FREQ 0% GR3D_FREQ 99% PLL@31.5C CPU@36C PMIC@50C GPU@34C AO@43C thermal@35C
2023-09-04 00:46:20 RAM 3228/3956MB (lfb 22x4MB) SWAP 1735/4026MB (cached 137MB) CPU [28%@204,24%@204,29%@204,24%@204] EMC_FREQ 0% GR3D_FREQ 99% PLL@31.5C CPU@35.5C PMIC@50C GPU@34C AO@43C thermal@34.75C
2023-09-04 00:47:20 RAM 3231/3956MB (lfb 22x4MB) SWAP 1735/4026MB (cached 137MB) CPU [28%@1326,26%@1326,26%@1326,28%@1326] EMC_FREQ 0% GR3D_FREQ 99% PLL@32C CPU@36.5C PMIC@50C GPU@34.5C AO@43C thermal@35C
2023-09-04 00:48:20 RAM 3233/3956MB (lfb 22x4MB) SWAP 1735/4026MB (cached 137MB) CPU [26%@1036,24%@1036,22%@1036,22%@1036] EMC_FREQ 0% GR3D_FREQ 99% PLL@31.5C CPU@35.5C PMIC@50C GPU@34C AO@43C thermal@35C
2023-09-04 00:49:20 RAM 3234/3956MB (lfb 22x4MB) SWAP 1735/4026MB (cached 137MB) CPU [26%@1479,22%@1479,23%@1479,22%@1479] EMC_FREQ 0% GR3D_FREQ 45% PLL@31.5C CPU@35.5C PMIC@50C GPU@33.5C AO@42.5C thermal@34.75C
2023-09-04 00:50:20 RAM 3231/3956MB (lfb 22x4MB) SWAP 1736/4026MB (cached 137MB) CPU [29%@403,26%@403,28%@403,27%@403] EMC_FREQ 0% GR3D_FREQ 99% PLL@32C CPU@36C PMIC@50C GPU@34C AO@43C thermal@34.5C
2023-09-04 00:51:20 RAM 3233/3956MB (lfb 22x4MB) SWAP 1733/4026MB (cached 138MB) CPU [29%@307,24%@307,24%@307,29%@307] EMC_FREQ 0% GR3D_FREQ 99% PLL@31.5C CPU@35.5C PMIC@50C GPU@34C AO@42.5C thermal@34.75C
2023-09-04 00:52:20 RAM 3234/3956MB (lfb 22x4MB) SWAP 1734/4026MB (cached 138MB) CPU [27%@307,24%@307,21%@307,22%@307] EMC_FREQ 0% GR3D_FREQ 99% PLL@31.5C CPU@35.5C PMIC@50C GPU@34C AO@42.5C thermal@34.5C
2023-09-04 00:53:20 RAM 3231/3956MB (lfb 22x4MB) SWAP 1736/4026MB (cached 138MB) CPU [27%@1479,22%@1479,22%@1479,23%@1479] EMC_FREQ 0% GR3D_FREQ 99% PLL@32C CPU@37.5C PMIC@50C GPU@34.5C AO@43C thermal@35.25C
2023-09-04 00:54:20 RAM 3236/3956MB (lfb 22x4MB) SWAP 1731/4026MB (cached 138MB) CPU [26%@307,27%@307,28%@307,25%@307] EMC_FREQ 0% GR3D_FREQ 99% PLL@34.5C CPU@38.5C PMIC@50C GPU@36.5C AO@45.5C thermal@37.5C
2023-09-04 00:55:20 RAM 3228/3956MB (lfb 22x4MB) SWAP 1733/4026MB (cached 138MB) CPU [31%@1479,27%@1479,26%@1479,25%@1479] EMC_FREQ 0% GR3D_FREQ 99% PLL@35.5C CPU@40C PMIC@50C GPU@37C AO@46C thermal@38C
2023-09-04 00:56:20 RAM 3229/3956MB (lfb 22x4MB) SWAP 1733/4026MB (cached 138MB) CPU [26%@204,23%@204,25%@204,24%@204] EMC_FREQ 0% GR3D_FREQ 99% PLL@35.5C CPU@39.5C PMIC@50C GPU@37.5C AO@46.5C thermal@38.5C
2023-09-04 00:57:20 RAM 3233/3956MB (lfb 22x4MB) SWAP 1735/4026MB (cached 138MB) CPU [27%@1428,23%@1428,23%@1428,22%@1428] EMC_FREQ 0% GR3D_FREQ 99% PLL@36C CPU@39.5C PMIC@50C GPU@38C AO@47C thermal@39.5C
2023-09-04 00:58:20 RAM 3229/3956MB (lfb 22x4MB) SWAP 1735/4026MB (cached 138MB) CPU [28%@204,28%@204,27%@204,26%@204] EMC_FREQ 0% GR3D_FREQ 99% PLL@36C CPU@40C PMIC@50C GPU@38C AO@47C thermal@39C
2023-09-04 00:59:20 RAM 3232/3956MB (lfb 22x4MB) SWAP 1735/4026MB (cached 138MB) CPU [32%@307,26%@307,25%@307,25%@307] EMC_FREQ 0% GR3D_FREQ 99% PLL@36C CPU@40C PMIC@50C GPU@38C AO@47C thermal@39.5C
2023-09-04 01:00:20 RAM 3232/3956MB (lfb 22x4MB) SWAP 1735/4026MB (cached 138MB) CPU [31%@1479,25%@1479,22%@1479,24%@1479] EMC_FREQ 0% GR3D_FREQ 99% PLL@36C CPU@40C PMIC@50C GPU@38.5C AO@47C thermal@39C
2023-09-04 01:01:20 RAM 3228/3956MB (lfb 22x4MB) SWAP 1735/4026MB (cached 138MB) CPU [26%@307,23%@307,21%@307,19%@307] EMC_FREQ 0% GR3D_FREQ 99% PLL@36C CPU@40.5C PMIC@50C GPU@38.5C AO@47C thermal@39.25C
2023-09-04 01:02:20 RAM 3230/3956MB (lfb 22x4MB) SWAP 1737/4026MB (cached 138MB) CPU [29%@921,26%@921,26%@921,28%@921] EMC_FREQ 0% GR3D_FREQ 99% PLL@36.5C CPU@40C PMIC@50C GPU@38.5C AO@47C thermal@39C
2023-09-04 01:03:20 RAM 3232/3956MB (lfb 22x4MB) SWAP 1737/4026MB (cached 138MB) CPU [31%@307,24%@307,25%@307,25%@307] EMC_FREQ 0% GR3D_FREQ 99% PLL@35.5C CPU@39.5C PMIC@50C GPU@38C AO@47C thermal@39C
2023-09-04 01:04:20 RAM 3224/3956MB (lfb 22x4MB) SWAP 1737/4026MB (cached 138MB) CPU [30%@1479,28%@1479,26%@1479,28%@1479] EMC_FREQ 0% GR3D_FREQ 99% PLL@36C CPU@40C PMIC@50C GPU@37.5C AO@47C thermal@39C
2023-09-04 01:05:20 RAM 3229/3956MB (lfb 22x4MB) SWAP 1737/4026MB (cached 138MB) CPU [25%@1479,18%@1479,19%@1479,19%@1479] EMC_FREQ 0% GR3D_FREQ 99% PLL@35.5C CPU@40C PMIC@50C GPU@38C AO@47C thermal@39.5C
2023-09-04 01:06:20 RAM 3233/3956MB (lfb 22x4MB) SWAP 1737/4026MB (cached 138MB) CPU [28%@1479,26%@1479,25%@1479,28%@1479] EMC_FREQ 0% GR3D_FREQ 99% PLL@36C CPU@40C PMIC@50C GPU@38C AO@47.5C thermal@39.25C
2023-09-04 01:07:20 RAM 3226/3956MB (lfb 22x4MB) SWAP 1739/4026MB (cached 138MB) CPU [27%@1479,29%@1479,26%@1479,28%@1479] EMC_FREQ 0% GR3D_FREQ 99% PLL@36C CPU@41C PMIC@50C GPU@38C AO@47.5C thermal@38.75C
2023-09-04 01:08:20 RAM 3225/3956MB (lfb 22x4MB) SWAP 1741/4026MB (cached 138MB) CPU [29%@1479,25%@1479,29%@1479,25%@1479] EMC_FREQ 0% GR3D_FREQ 99% PLL@36.5C CPU@41C PMIC@50C GPU@38C AO@47C thermal@38.75C
2023-09-04 01:09:20 RAM 3223/3956MB (lfb 22x4MB) SWAP 1742/4026MB (cached 138MB) CPU [22%@307,19%@307,22%@307,19%@307] EMC_FREQ 0% GR3D_FREQ 99% PLL@35.5C CPU@39.5C PMIC@50C GPU@37.5C AO@46.5C thermal@38.5C
2023-09-04 01:10:20 RAM 3229/3956MB (lfb 22x4MB) SWAP 1743/4026MB (cached 138MB) CPU [27%@307,25%@307,31%@307,24%@307] EMC_FREQ 0% GR3D_FREQ 99% PLL@35.5C CPU@39.5C PMIC@50C GPU@38C AO@47C thermal@38.75C
2023-09-04 01:11:20 RAM 3221/3956MB (lfb 22x4MB) SWAP 1743/4026MB (cached 138MB) CPU [30%@710,23%@710,29%@710,29%@710] EMC_FREQ 0% GR3D_FREQ 99% PLL@36C CPU@39.5C PMIC@50C GPU@37.5C AO@47C thermal@39.5C
2023-09-04 01:12:20 RAM 3226/3956MB (lfb 22x4MB) SWAP 1743/4026MB (cached 138MB) CPU [26%@1479,26%@1479,29%@1479,24%@1479] EMC_FREQ 0% GR3D_FREQ 99% PLL@36C CPU@40.5C PMIC@50C GPU@38C AO@47C thermal@39C
2023-09-04 01:13:20 RAM 3228/3956MB (lfb 22x4MB) SWAP 1745/4026MB (cached 138MB) CPU [25%@204,20%@204,21%@204,23%@204] EMC_FREQ 0% GR3D_FREQ 99% PLL@35.5C CPU@40C PMIC@50C GPU@38C AO@46.5C thermal@38.75C
2023-09-04 01:14:20 RAM 3225/3956MB (lfb 22x4MB) SWAP 1744/4026MB (cached 138MB) CPU [28%@1479,26%@1479,26%@1479,26%@1479] EMC_FREQ 0% GR3D_FREQ 99% PLL@36C CPU@40.5C PMIC@50C GPU@38C AO@47C thermal@38.5C
2023-09-04 01:15:20 RAM 3227/3956MB (lfb 22x4MB) SWAP 1744/4026MB (cached 138MB) CPU [29%@307,28%@307,27%@307,23%@307] EMC_FREQ 0% GR3D_FREQ 99% PLL@35.5C CPU@40C PMIC@50C GPU@38C AO@47C thermal@38.75C
2023-09-04 01:16:20 RAM 3220/3956MB (lfb 22x4MB) SWAP 1745/4026MB (cached 138MB) CPU [30%@1479,26%@1479,26%@1479,27%@1479] EMC_FREQ 0% GR3D_FREQ 99% PLL@36.5C CPU@40C PMIC@50C GPU@37.5C AO@47C thermal@39.25C
2023-09-04 01:17:20 RAM 3219/3956MB (lfb 22x4MB) SWAP 1748/4026MB (cached 138MB) CPU [26%@1479,21%@1479,21%@1479,22%@1479] EMC_FREQ 0% GR3D_FREQ 42% PLL@35.5C CPU@39.5C PMIC@50C GPU@38C AO@47C thermal@38.75C
2023-09-04 01:18:20 RAM 3222/3956MB (lfb 22x4MB) SWAP 1749/4026MB (cached 137MB) CPU [25%@307,22%@307,27%@307,24%@307] EMC_FREQ 0% GR3D_FREQ 99% PLL@36C CPU@39.5C PMIC@50C GPU@37.5C AO@47C thermal@38.5C
2023-09-04 01:19:20 RAM 3225/3956MB (lfb 22x4MB) SWAP 1750/4026MB (cached 137MB) CPU [28%@1479,26%@1479,26%@1479,27%@1479] EMC_FREQ 0% GR3D_FREQ 99% PLL@36C CPU@39.5C PMIC@50C GPU@37.5C AO@47C thermal@38.75C
2023-09-04 01:20:20 RAM 3217/3956MB (lfb 22x4MB) SWAP 1746/4026MB (cached 137MB) CPU [29%@307,28%@307,28%@307,27%@307] EMC_FREQ 0% GR3D_FREQ 99% PLL@35.5C CPU@39.5C PMIC@50C GPU@38C AO@47C thermal@39C
2023-09-04 01:21:20 RAM 3226/3956MB (lfb 22x4MB) SWAP 1744/4026MB (cached 137MB) CPU [24%@1224,25%@1224,25%@1224,24%@1224] EMC_FREQ 0% GR3D_FREQ 99% PLL@36C CPU@39.5C PMIC@50C GPU@38C AO@47C thermal@38.75C
2023-09-04 01:22:20 RAM 3227/3956MB (lfb 22x4MB) SWAP 1745/4026MB (cached 137MB) CPU [28%@307,22%@307,26%@307,23%@307] EMC_FREQ 0% GR3D_FREQ 99% PLL@36C CPU@40C PMIC@50C GPU@38C AO@47C thermal@38.75C
2023-09-04 01:23:20 RAM 3217/3956MB (lfb 22x4MB) SWAP 1745/4026MB (cached 136MB) CPU [33%@1479,29%@1479,25%@1479,26%@1479] EMC_FREQ 0% GR3D_FREQ 99% PLL@36.5C CPU@40C PMIC@50C GPU@38C AO@47C thermal@38.75C
2023-09-04 01:24:20 RAM 3224/3956MB (lfb 22x4MB) SWAP 1745/4026MB (cached 136MB) CPU [30%@518,29%@518,26%@518,28%@518] EMC_FREQ 0% GR3D_FREQ 99% PLL@36.5C CPU@39.5C PMIC@50C GPU@38C AO@47C thermal@39C
2023-09-04 01:25:20 RAM 3226/3956MB (lfb 22x4MB) SWAP 1746/4026MB (cached 135MB) CPU [30%@307,22%@307,27%@307,21%@307] EMC_FREQ 0% GR3D_FREQ 99% PLL@35.5C CPU@39.5C PMIC@50C GPU@38C AO@47C thermal@38.75C
2023-09-04 01:26:20 RAM 3219/3956MB (lfb 22x4MB) SWAP 1744/4026MB (cached 135MB) CPU [25%@307,23%@307,21%@307,18%@307] EMC_FREQ 0% GR3D_FREQ 99% PLL@36C CPU@39.5C PMIC@50C GPU@38C AO@47C thermal@39.75C
2023-09-04 01:27:20 RAM 3217/3956MB (lfb 22x4MB) SWAP 1745/4026MB (cached 134MB) CPU [28%@307,30%@307,27%@307,26%@307] EMC_FREQ 0% GR3D_FREQ 99% PLL@36C CPU@39.5C PMIC@50C GPU@38C AO@46.5C thermal@38.75C
2023-09-04 01:28:20 RAM 3220/3956MB (lfb 22x4MB) SWAP 1745/4026MB (cached 133MB) CPU [32%@307,24%@307,26%@307,26%@307] EMC_FREQ 0% GR3D_FREQ 99% PLL@36C CPU@40C PMIC@50C GPU@38C AO@47.5C thermal@39C
2023-09-04 01:29:20 RAM 3214/3956MB (lfb 22x4MB) SWAP 1746/4026MB (cached 133MB) CPU [26%@1036,26%@1036,31%@1036,27%@1036] EMC_FREQ 0% GR3D_FREQ 99% PLL@36.5C CPU@40C PMIC@50C GPU@37.5C AO@47C thermal@39C
2023-09-04 01:30:20 RAM 3217/3956MB (lfb 22x4MB) SWAP 1746/4026MB (cached 133MB) CPU [22%@204,21%@204,20%@204,20%@204] EMC_FREQ 0% GR3D_FREQ 99% PLL@36C CPU@39.5C PMIC@50C GPU@38C AO@47C thermal@39C
2023-09-04 01:31:20 RAM 3219/3956MB (lfb 22x4MB) SWAP 1747/4026MB (cached 132MB) CPU [27%@307,24%@307,26%@307,29%@307] EMC_FREQ 0% GR3D_FREQ 99% PLL@36C CPU@39.5C PMIC@50C GPU@37.5C AO@47C thermal@39C
2023-09-04 01:32:20 RAM 3214/3956MB (lfb 22x4MB) SWAP 1748/4026MB (cached 131MB) CPU [31%@1479,26%@1479,27%@1479,28%@1479] EMC_FREQ 0% GR3D_FREQ 38% PLL@35.5C CPU@39.5C PMIC@50C GPU@37C AO@47C thermal@39.25C
2023-09-04 01:33:20 RAM 3216/3956MB (lfb 22x4MB) SWAP 1749/4026MB (cached 130MB) CPU [29%@1479,27%@1479,30%@1479,28%@1479] EMC_FREQ 0% GR3D_FREQ 99% PLL@36.5C CPU@40C PMIC@50C GPU@38C AO@47C thermal@38.75C
2023-09-04 01:34:20 RAM 3213/3956MB (lfb 22x4MB) SWAP 1750/4026MB (cached 129MB) CPU [25%@403,22%@403,23%@403,20%@403] EMC_FREQ 0% GR3D_FREQ 99% PLL@35.5C CPU@39.5C PMIC@50C GPU@37.5C AO@47C thermal@38.75C
2023-09-04 01:35:20 RAM 3211/3956MB (lfb 22x4MB) SWAP 1745/4026MB (cached 129MB) CPU [29%@307,26%@307,28%@307,25%@307] EMC_FREQ 0% GR3D_FREQ 99% PLL@35.5C CPU@40C PMIC@50C GPU@38C AO@47C thermal@39C
2023-09-04 01:36:20 RAM 3219/3956MB (lfb 22x4MB) SWAP 1745/4026MB (cached 128MB) CPU [29%@1479,27%@1479,28%@1479,28%@1479] EMC_FREQ 0% GR3D_FREQ 99% PLL@36C CPU@40C PMIC@50C GPU@37.5C AO@47C thermal@38.5C
2023-09-04 01:37:20 RAM 3216/3956MB (lfb 22x4MB) SWAP 1746/4026MB (cached 127MB) CPU [28%@1479,26%@1479,28%@1479,31%@1479] EMC_FREQ 0% GR3D_FREQ 99% PLL@35.5C CPU@40.5C PMIC@50C GPU@37.5C AO@47C thermal@38.5C
2023-09-04 01:38:20 RAM 3217/3956MB (lfb 22x4MB) SWAP 1746/4026MB (cached 125MB) CPU [24%@1224,22%@1224,22%@1224,22%@1224] EMC_FREQ 0% GR3D_FREQ 99% PLL@35.5C CPU@39C PMIC@50C GPU@37.5C AO@47C thermal@38.5C
2023-09-04 01:39:20 RAM 3206/3956MB (lfb 22x4MB) SWAP 1747/4026MB (cached 125MB) CPU [27%@1479,28%@1479,26%@1479,23%@1479] EMC_FREQ 0% GR3D_FREQ 99% PLL@36C CPU@39.5C PMIC@50C GPU@37C AO@47C thermal@38.75C
2023-09-04 01:40:20 RAM 3209/3956MB (lfb 22x4MB) SWAP 1747/4026MB (cached 123MB) CPU [29%@825,25%@825,24%@825,27%@825] EMC_FREQ 0% GR3D_FREQ 99% PLL@35.5C CPU@39.5C PMIC@50C GPU@37.5C AO@47C thermal@38.25C
2023-09-04 01:41:20 RAM 3202/3956MB (lfb 22x4MB) SWAP 1747/4026MB (cached 122MB) CPU [29%@1224,25%@1224,26%@1224,28%@1224] EMC_FREQ 0% GR3D_FREQ 78% PLL@35.5C CPU@40C PMIC@50C GPU@37C AO@47C thermal@38.75C
2023-09-04 01:42:20 RAM 3204/3956MB (lfb 22x4MB) SWAP 1748/4026MB (cached 121MB) CPU [27%@1479,26%@1479,21%@1479,22%@1479] EMC_FREQ 0% GR3D_FREQ 59% PLL@35.5C CPU@39.5C PMIC@50C GPU@37.5C AO@47C thermal@38.5C
2023-09-04 01:43:20 RAM 3206/3956MB (lfb 22x4MB) SWAP 1748/4026MB (cached 119MB) CPU [27%@307,24%@307,21%@307,25%@307] EMC_FREQ 0% GR3D_FREQ 99% PLL@35.5C CPU@39.5C PMIC@50C GPU@37.5C AO@46.5C thermal@38.5C
2023-09-04 01:44:20 RAM 3204/3956MB (lfb 22x4MB) SWAP 1749/4026MB (cached 118MB) CPU [28%@1479,26%@1479,28%@1479,28%@1479] EMC_FREQ 0% GR3D_FREQ 99% PLL@36.5C CPU@40C PMIC@50C GPU@37.5C AO@47.5C thermal@38.5C
2023-09-04 01:45:20 RAM 3199/3956MB (lfb 22x4MB) SWAP 1751/4026MB (cached 118MB) CPU [28%@1479,26%@1479,26%@1479,26%@1479] EMC_FREQ 0% GR3D_FREQ 99% PLL@36.5C CPU@40C PMIC@50C GPU@37.5C AO@47C thermal@38.5C
2023-09-04 01:46:20 RAM 3203/3956MB (lfb 22x4MB) SWAP 1753/4026MB (cached 117MB) CPU [28%@204,22%@204,27%@204,23%@204] EMC_FREQ 0% GR3D_FREQ 99% PLL@35.5C CPU@39.5C PMIC@50C GPU@37.5C AO@47C thermal@38.5C
2023-09-04 01:47:20 RAM 3201/3956MB (lfb 22x4MB) SWAP 1754/4026MB (cached 117MB) CPU [27%@921,21%@921,22%@921,22%@921] EMC_FREQ 0% GR3D_FREQ 99% PLL@36C CPU@40C PMIC@50C GPU@38C AO@47C thermal@39C
2023-09-04 01:48:20 RAM 3201/3956MB (lfb 22x4MB) SWAP 1754/4026MB (cached 117MB) CPU [30%@1479,25%@1479,27%@1479,28%@1479] EMC_FREQ 0% GR3D_FREQ 99% PLL@36.5C CPU@40.5C PMIC@50C GPU@37.5C AO@47.5C thermal@38.75C
2023-09-04 01:49:20 RAM 3203/3956MB (lfb 22x4MB) SWAP 1754/4026MB (cached 117MB) CPU [27%@403,25%@403,28%@403,27%@403] EMC_FREQ 0% GR3D_FREQ 99% PLL@35.5C CPU@40C PMIC@50C GPU@38C AO@47C thermal@38.75C
2023-09-04 01:50:20 RAM 3205/3956MB (lfb 22x4MB) SWAP 1757/4026MB (cached 117MB) CPU [27%@204,25%@204,27%@204,26%@204] EMC_FREQ 0% GR3D_FREQ 99% PLL@35.5C CPU@39.5C PMIC@50C GPU@37.5C AO@46.5C thermal@38.5C
2023-09-04 01:51:20 RAM 3196/3956MB (lfb 22x4MB) SWAP 1759/4026MB (cached 116MB) CPU [25%@403,24%@403,21%@403,20%@403] EMC_FREQ 0% GR3D_FREQ 99% PLL@35.5C CPU@40C PMIC@50C GPU@38C AO@47C thermal@38.75C
2023-09-04 01:52:20 RAM 3199/3956MB (lfb 22x4MB) SWAP 1759/4026MB (cached 115MB) CPU [28%@1479,27%@1479,28%@1479,25%@1479] EMC_FREQ 0% GR3D_FREQ 99% PLL@36C CPU@40C PMIC@50C GPU@37.5C AO@47.5C thermal@38.75C
2023-09-04 01:53:20 RAM 3199/3956MB (lfb 22x4MB) SWAP 1761/4026MB (cached 114MB) CPU [26%@307,28%@307,28%@307,25%@307] EMC_FREQ 0% GR3D_FREQ 99% PLL@36C CPU@40C PMIC@50C GPU@37.5C AO@47.5C thermal@38.75C
2023-09-04 01:54:20 RAM 3195/3956MB (lfb 22x4MB) SWAP 1761/4026MB (cached 114MB) CPU [26%@614,27%@614,30%@614,27%@614] EMC_FREQ 0% GR3D_FREQ 99% PLL@36C CPU@40C PMIC@50C GPU@38C AO@47C thermal@39C
2023-09-04 01:55:20 RAM 3201/3956MB (lfb 22x4MB) SWAP 1761/4026MB (cached 114MB) CPU [24%@307,19%@307,20%@307,20%@307] EMC_FREQ 0% GR3D_FREQ 99% PLL@35.5C CPU@40C PMIC@50C GPU@38C AO@47C thermal@38.75C
2023-09-04 01:56:20 RAM 3204/3956MB (lfb 22x4MB) SWAP 1761/4026MB (cached 114MB) CPU [28%@403,26%@403,28%@403,25%@403] EMC_FREQ 0% GR3D_FREQ 99% PLL@35.5C CPU@40C PMIC@50C GPU@38C AO@47C thermal@38.75C
2023-09-04 01:57:20 RAM 3198/3956MB (lfb 22x4MB) SWAP 1761/4026MB (cached 114MB) CPU [29%@204,24%@204,29%@204,28%@204] EMC_FREQ 0% GR3D_FREQ 99% PLL@35.5C CPU@40C PMIC@50C GPU@37.5C AO@47C thermal@39C
2023-09-04 01:58:20 RAM 3203/3956MB (lfb 22x4MB) SWAP 1761/4026MB (cached 114MB) CPU [28%@1479,26%@1479,24%@1479,29%@1479] EMC_FREQ 0% GR3D_FREQ 99% PLL@36.5C CPU@40.5C PMIC@50C GPU@37.5C AO@46.5C thermal@38.5C
2023-09-04 01:59:20 RAM 3202/3956MB (lfb 22x4MB) SWAP 1761/4026MB (cached 114MB) CPU [25%@921,19%@921,23%@921,19%@921] EMC_FREQ 0% GR3D_FREQ 45% PLL@35.5C CPU@39.5C PMIC@50C GPU@37.5C AO@46.5C thermal@38.75C
2023-09-04 02:00:20 RAM 3200/3956MB (lfb 22x4MB) SWAP 1761/4026MB (cached 114MB) CPU [32%@1224,27%@1224,25%@1224,27%@1224] EMC_FREQ 0% GR3D_FREQ 99% PLL@35.5C CPU@40C PMIC@50C GPU@37.5C AO@47C thermal@38.5C
2023-09-04 02:01:20 RAM 3207/3956MB (lfb 22x4MB) SWAP 1761/4026MB (cached 114MB) CPU [26%@307,32%@307,26%@307,26%@307] EMC_FREQ 0% GR3D_FREQ 99% PLL@35.5C CPU@39.5C PMIC@50C GPU@37.5C AO@47C thermal@38.5C
2023-09-04 02:02:20 RAM 3206/3956MB (lfb 22x4MB) SWAP 1759/4026MB (cached 114MB) CPU [29%@204,26%@204,27%@204,28%@204] EMC_FREQ 0% GR3D_FREQ 99% PLL@35.5C CPU@39.5C PMIC@50C GPU@38C AO@47C thermal@38.5C
2023-09-04 02:03:20 RAM 3199/3956MB (lfb 22x4MB) SWAP 1760/4026MB (cached 114MB) CPU [28%@204,24%@204,21%@204,25%@204] EMC_FREQ 0% GR3D_FREQ 99% PLL@35.5C CPU@39.5C PMIC@50C GPU@37.5C AO@47C thermal@38.75C
2023-09-04 02:04:20 RAM 3202/3956MB (lfb 22x4MB) SWAP 1759/4026MB (cached 114MB) CPU [28%@403,29%@403,23%@1479,19%@1479] EMC_FREQ 0% GR3D_FREQ 99% PLL@36C CPU@40C PMIC@50C GPU@38C AO@47C thermal@38.5C
2023-09-04 02:05:20 RAM 3202/3956MB (lfb 22x4MB) SWAP 1759/4026MB (cached 114MB) CPU [29%@710,28%@710,25%@710,25%@710] EMC_FREQ 0% GR3D_FREQ 99% PLL@36C CPU@40C PMIC@50C GPU@37.5C AO@47C thermal@38.75C
2023-09-04 02:06:20 RAM 3193/3956MB (lfb 22x4MB) SWAP 1759/4026MB (cached 114MB) CPU [29%@204,24%@204,25%@204,30%@204] EMC_FREQ 0% GR3D_FREQ 99% PLL@36C CPU@39.5C PMIC@50C GPU@38C AO@47C thermal@39C
2023-09-04 02:07:20 RAM 3198/3956MB (lfb 22x4MB) SWAP 1759/4026MB (cached 114MB) CPU [27%@307,23%@307,26%@307,24%@307] EMC_FREQ 0% GR3D_FREQ 99% PLL@36C CPU@40C PMIC@50C GPU@37.5C AO@47C thermal@38.75C
2023-09-04 02:08:20 RAM 3201/3956MB (lfb 22x4MB) SWAP 1759/4026MB (cached 114MB) CPU [28%@307,22%@307,22%@307,21%@307] EMC_FREQ 0% GR3D_FREQ 99% PLL@36.5C CPU@40C PMIC@50C GPU@37.5C AO@47C thermal@38.5C
2023-09-04 02:09:20 RAM 3197/3956MB (lfb 22x4MB) SWAP 1759/4026MB (cached 114MB) CPU [30%@307,25%@307,28%@307,26%@307] EMC_FREQ 0% GR3D_FREQ 99% PLL@35.5C CPU@39.5C PMIC@50C GPU@37.5C AO@47C thermal@38.5C
2023-09-04 02:10:20 RAM 3200/3956MB (lfb 22x4MB) SWAP 1759/4026MB (cached 114MB) CPU [27%@1479,28%@1479,28%@1479,24%@1479] EMC_FREQ 0% GR3D_FREQ 99% PLL@36.5C CPU@40C PMIC@50C GPU@37.5C AO@46.5C thermal@38.5C
2023-09-04 02:11:20 RAM 3204/3956MB (lfb 22x4MB) SWAP 1759/4026MB (cached 114MB) CPU [30%@307,25%@307,26%@307,27%@307] EMC_FREQ 0% GR3D_FREQ 99% PLL@35.5C CPU@39.5C PMIC@50C GPU@38C AO@47C thermal@38.5C
2023-09-04 02:12:20 RAM 3194/3956MB (lfb 22x4MB) SWAP 1759/4026MB (cached 114MB) CPU [23%@403,21%@403,22%@403,21%@403] EMC_FREQ 0% GR3D_FREQ 99% PLL@35.5C CPU@39.5C PMIC@50C GPU@38C AO@47C thermal@39.5C
2023-09-04 02:13:20 RAM 3200/3956MB (lfb 22x4MB) SWAP 1760/4026MB (cached 114MB) CPU [29%@307,25%@307,24%@307,27%@307] EMC_FREQ 0% GR3D_FREQ 99% PLL@35.5C CPU@40C PMIC@50C GPU@38C AO@47C thermal@38.75C
2023-09-04 02:14:20 RAM 3201/3956MB (lfb 22x4MB) SWAP 1765/4026MB (cached 114MB) CPU [30%@307,31%@307,31%@307,30%@307] EMC_FREQ 0% GR3D_FREQ 99% PLL@35.5C CPU@39.5C PMIC@50C GPU@37.5C AO@46.5C thermal@38.25C
2023-09-04 02:15:20 RAM 3194/3956MB (lfb 22x4MB) SWAP 1766/4026MB (cached 114MB) CPU [28%@518,24%@518,27%@518,29%@518] EMC_FREQ 0% GR3D_FREQ 99% PLL@35.5C CPU@40C PMIC@50C GPU@37.5C AO@47C thermal@38.5C
2023-09-04 02:16:20 RAM 3192/3956MB (lfb 22x4MB) SWAP 1768/4026MB (cached 114MB) CPU [26%@1479,18%@1479,22%@1479,17%@1479] EMC_FREQ 0% GR3D_FREQ 99% PLL@35.5C CPU@40C PMIC@50C GPU@37.5C AO@46.5C thermal@38.5C
2023-09-04 02:17:20 RAM 3194/3956MB (lfb 22x4MB) SWAP 1772/4026MB (cached 114MB) CPU [30%@204,27%@204,30%@204,27%@204] EMC_FREQ 0% GR3D_FREQ 99% PLL@35C CPU@39.5C PMIC@50C GPU@37.5C AO@46.5C thermal@39C
2023-09-04 02:18:20 RAM 3194/3956MB (lfb 22x4MB) SWAP 1773/4026MB (cached 114MB) CPU [30%@1479,29%@1479,27%@1479,28%@1479] EMC_FREQ 0% GR3D_FREQ 99% PLL@35.5C CPU@39.5C PMIC@50C GPU@37.5C AO@46.5C thermal@38.5C
2023-09-04 02:19:20 RAM 3191/3956MB (lfb 22x4MB) SWAP 1773/4026MB (cached 114MB) CPU [29%@204,25%@204,28%@204,25%@204] EMC_FREQ 0% GR3D_FREQ 99% PLL@35.5C CPU@39.5C PMIC@50C GPU@37.5C AO@47C thermal@38.5C
2023-09-04 02:20:20 RAM 3189/3956MB (lfb 22x4MB) SWAP 1776/4026MB (cached 114MB) CPU [25%@614,21%@614,24%@614,21%@614] EMC_FREQ 0% GR3D_FREQ 22% PLL@35.5C CPU@39.5C PMIC@50C GPU@37.5C AO@46.5C thermal@38.5C
2023-09-04 02:21:20 RAM 3189/3956MB (lfb 22x4MB) SWAP 1772/4026MB (cached 114MB) CPU [28%@307,24%@307,25%@307,26%@307] EMC_FREQ 0% GR3D_FREQ 99% PLL@35.5C CPU@39C PMIC@50C GPU@37.5C AO@46.5C thermal@37.75C
2023-09-04 02:22:20 RAM 3202/3956MB (lfb 22x4MB) SWAP 1775/4026MB (cached 114MB) CPU [30%@1479,30%@1479,29%@1479,30%@1479] EMC_FREQ 0% GR3D_FREQ 99% PLL@35.5C CPU@40.5C PMIC@50C GPU@37.5C AO@46.5C thermal@38.5C
2023-09-04 02:23:20 RAM 3189/3956MB (lfb 22x4MB) SWAP 1779/4026MB (cached 114MB) CPU [31%@1479,23%@1479,27%@1479,26%@1479] EMC_FREQ 0% GR3D_FREQ 99% PLL@35.5C CPU@40C PMIC@50C GPU@37.5C AO@46.5C thermal@38.75C
2023-09-04 02:24:20 RAM 3179/3956MB (lfb 22x4MB) SWAP 1782/4026MB (cached 114MB) CPU [27%@204,24%@204,24%@204,23%@204] EMC_FREQ 0% GR3D_FREQ 99% PLL@35.5C CPU@39.5C PMIC@50C GPU@37C AO@46.5C thermal@38.5C
2023-09-04 02:25:20 RAM 3182/3956MB (lfb 22x4MB) SWAP 1783/4026MB (cached 114MB) CPU [25%@307,25%@307,22%@307,24%@307] EMC_FREQ 0% GR3D_FREQ 99% PLL@35.5C CPU@39.5C PMIC@50C GPU@37.5C AO@46.5C thermal@38.5C
2023-09-04 02:26:20 RAM 3182/3956MB (lfb 22x4MB) SWAP 1785/4026MB (cached 114MB) CPU [27%@403,26%@403,27%@403,28%@403] EMC_FREQ 0% GR3D_FREQ 99% PLL@35.5C CPU@39C PMIC@50C GPU@37.5C AO@46.5C thermal@38.5C
2023-09-04 02:27:20 RAM 3177/3956MB (lfb 22x4MB) SWAP 1789/4026MB (cached 114MB) CPU [29%@307,28%@307,27%@307,27%@307] EMC_FREQ 0% GR3D_FREQ 99% PLL@35.5C CPU@39.5C PMIC@50C GPU@37.5C AO@46.5C thermal@39C
2023-09-04 02:28:20 RAM 3176/3956MB (lfb 22x4MB) SWAP 1791/4026MB (cached 114MB) CPU [27%@307,25%@307,28%@307,22%@307] EMC_FREQ 0% GR3D_FREQ 99% PLL@35.5C CPU@39C PMIC@50C GPU@37.5C AO@46C thermal@38.25C
2023-09-04 02:29:20 RAM 3179/3956MB (lfb 22x4MB) SWAP 1791/4026MB (cached 114MB) CPU [29%@307,22%@307,21%@307,19%@307] EMC_FREQ 0% GR3D_FREQ 99% PLL@35C CPU@39.5C PMIC@50C GPU@37C AO@46.5C thermal@38.25C
2023-09-04 02:30:20 RAM 3181/3956MB (lfb 22x4MB) SWAP 1791/4026MB (cached 114MB) CPU [29%@1479,27%@1479,26%@1479,24%@1479] EMC_FREQ 0% GR3D_FREQ 99% PLL@35C CPU@39.5C PMIC@50C GPU@37.5C AO@47C thermal@38.5C
2023-09-04 02:31:20 RAM 3177/3956MB (lfb 22x4MB) SWAP 1791/4026MB (cached 114MB) CPU [30%@1479,27%@1479,27%@1479,25%@1479] EMC_FREQ 0% GR3D_FREQ 38% PLL@35.5C CPU@39.5C PMIC@50C GPU@37.5C AO@46.5C thermal@38.5C
2023-09-04 02:32:20 RAM 3180/3956MB (lfb 22x4MB) SWAP 1791/4026MB (cached 114MB) CPU [29%@1036,23%@1036,31%@1036,24%@1036] EMC_FREQ 0% GR3D_FREQ 37% PLL@35.5C CPU@39.5C PMIC@50C GPU@37.5C AO@46.5C thermal@38.5C
2023-09-04 02:33:20 RAM 3182/3956MB (lfb 22x4MB) SWAP 1791/4026MB (cached 114MB) CPU [25%@1224,20%@1224,18%@1224,20%@1224] EMC_FREQ 0% GR3D_FREQ 99% PLL@35C CPU@39C PMIC@50C GPU@37.5C AO@47C thermal@38.5C
2023-09-04 02:34:20 RAM 3176/3956MB (lfb 22x4MB) SWAP 1791/4026MB (cached 114MB) CPU [31%@204,23%@204,26%@204,28%@204] EMC_FREQ 0% GR3D_FREQ 99% PLL@35C CPU@40C PMIC@50C GPU@37C AO@46.5C thermal@38.75C
2023-09-04 02:35:20 RAM 3179/3956MB (lfb 22x4MB) SWAP 1791/4026MB (cached 114MB) CPU [28%@1479,23%@1479,30%@1479,26%@1479] EMC_FREQ 0% GR3D_FREQ 99% PLL@36C CPU@40C PMIC@50C GPU@37.5C AO@47C thermal@38.75C
2023-09-04 02:36:20 RAM 3174/3956MB (lfb 22x4MB) SWAP 1791/4026MB (cached 114MB) CPU [27%@1479,27%@1479,27%@1479,29%@1479] EMC_FREQ 0% GR3D_FREQ 94% PLL@35.5C CPU@40.5C PMIC@50C GPU@37C AO@47C thermal@38.75C
2023-09-04 02:37:20 RAM 3175/3956MB (lfb 22x4MB) SWAP 1791/4026MB (cached 114MB) CPU [22%@1036,21%@1036,22%@1036,19%@1036] EMC_FREQ 0% GR3D_FREQ 99% PLL@35.5C CPU@39.5C PMIC@50C GPU@37.5C AO@47C thermal@38.5C
2023-09-04 02:38:20 RAM 3181/3956MB (lfb 22x4MB) SWAP 1791/4026MB (cached 114MB) CPU [26%@204,24%@204,28%@204,26%@204] EMC_FREQ 0% GR3D_FREQ 99% PLL@35.5C CPU@39.5C PMIC@50C GPU@37.5C AO@46.5C thermal@39.25C
2023-09-04 02:39:20 RAM 3183/3956MB (lfb 22x4MB) SWAP 1791/4026MB (cached 114MB) CPU [28%@307,26%@307,26%@307,27%@307] EMC_FREQ 0% GR3D_FREQ 99% PLL@35.5C CPU@40C PMIC@50C GPU@37.5C AO@46.5C thermal@38.5C
2023-09-04 02:40:20 RAM 3177/3956MB (lfb 22x4MB) SWAP 1791/4026MB (cached 114MB) CPU [30%@307,25%@307,28%@307,26%@307] EMC_FREQ 0% GR3D_FREQ 99% PLL@35.5C CPU@40C PMIC@50C GPU@37.5C AO@46.5C thermal@38.75C
2023-09-04 02:41:20 RAM 3179/3956MB (lfb 22x4MB) SWAP 1791/4026MB (cached 114MB) CPU [27%@204,21%@204,20%@204,22%@204] EMC_FREQ 0% GR3D_FREQ 99% PLL@35C CPU@39.5C PMIC@50C GPU@37.5C AO@46.5C thermal@38.75C
2023-09-04 02:42:20 RAM 3183/3956MB (lfb 22x4MB) SWAP 1791/4026MB (cached 114MB) CPU [30%@1479,24%@1479,21%@1479,22%@1479] EMC_FREQ 0% GR3D_FREQ 99% PLL@36C CPU@40C PMIC@50C GPU@37.5C AO@47C thermal@38.75C
2023-09-04 02:43:20 RAM 3175/3956MB (lfb 22x4MB) SWAP 1791/4026MB (cached 114MB) CPU [28%@204,30%@204,24%@204,27%@204] EMC_FREQ 0% GR3D_FREQ 99% PLL@35.5C CPU@39.5C PMIC@50C GPU@37.5C AO@47C thermal@38.75C
2023-09-04 02:44:20 RAM 3184/3956MB (lfb 22x4MB) SWAP 1791/4026MB (cached 114MB) CPU [27%@1479,23%@1479,30%@1479,28%@1479] EMC_FREQ 0% GR3D_FREQ 99% PLL@36C CPU@39.5C PMIC@50C GPU@37C AO@46.5C thermal@38.5C
2023-09-04 02:45:20 RAM 3196/3956MB (lfb 22x4MB) SWAP 1791/4026MB (cached 114MB) CPU [30%@1479,25%@1479,25%@1479,23%@1479] EMC_FREQ 0% GR3D_FREQ 99% PLL@36C CPU@40C PMIC@50C GPU@37C AO@47C thermal@38.5C
2023-09-04 02:46:20 RAM 3185/3956MB (lfb 22x4MB) SWAP 1791/4026MB (cached 114MB) CPU [33%@1479,23%@1479,20%@1479,22%@1479] EMC_FREQ 0% GR3D_FREQ 99% PLL@36C CPU@40.5C PMIC@50C GPU@37.5C AO@46.5C thermal@38.5C
2023-09-04 02:47:20 RAM 3184/3956MB (lfb 22x4MB) SWAP 1791/4026MB (cached 114MB) CPU [30%@614,25%@614,26%@614,27%@614] EMC_FREQ 0% GR3D_FREQ 99% PLL@35.5C CPU@39.5C PMIC@50C GPU@37C AO@46.5C thermal@38.25C
2023-09-04 02:48:20 RAM 3189/3956MB (lfb 22x4MB) SWAP 1788/4026MB (cached 114MB) CPU [28%@1479,27%@1479,28%@1479,26%@1479] EMC_FREQ 0% GR3D_FREQ 99% PLL@35.5C CPU@39.5C PMIC@50C GPU@37.5C AO@46.5C thermal@38.5C
2023-09-04 02:49:20 RAM 3182/3956MB (lfb 22x4MB) SWAP 1788/4026MB (cached 114MB) CPU [29%@204,28%@204,24%@204,26%@403] EMC_FREQ 0% GR3D_FREQ 99% PLL@35C CPU@39C PMIC@50C GPU@37C AO@47C thermal@37.75C
2023-09-04 02:50:20 RAM 3188/3956MB (lfb 22x4MB) SWAP 1788/4026MB (cached 114MB) CPU [24%@307,23%@307,19%@307,18%@307] EMC_FREQ 0% GR3D_FREQ 99% PLL@35C CPU@39C PMIC@50C GPU@37.5C AO@46.5C thermal@38.75C
2023-09-04 02:51:20 RAM 3189/3956MB (lfb 22x4MB) SWAP 1788/4026MB (cached 114MB) CPU [26%@1479,26%@1479,27%@1479,28%@1479] EMC_FREQ 0% GR3D_FREQ 99% PLL@35.5C CPU@39C PMIC@50C GPU@37C AO@46.5C thermal@38.25C
2023-09-04 02:52:20 RAM 3188/3956MB (lfb 22x4MB) SWAP 1788/4026MB (cached 114MB) CPU [27%@1479,31%@1479,28%@1479,25%@1479] EMC_FREQ 0% GR3D_FREQ 99% PLL@35.5C CPU@39.5C PMIC@50C GPU@37C AO@47C thermal@38.75C
2023-09-04 02:53:20 RAM 3188/3956MB (lfb 22x4MB) SWAP 1787/4026MB (cached 114MB) CPU [27%@1224,25%@1224,29%@1224,27%@1224] EMC_FREQ 0% GR3D_FREQ 99% PLL@35C CPU@39C PMIC@50C GPU@37.5C AO@46.5C thermal@38.75C
2023-09-04 02:54:20 RAM 3188/3956MB (lfb 22x4MB) SWAP 1789/4026MB (cached 114MB) CPU [25%@307,21%@307,19%@307,19%@307] EMC_FREQ 0% GR3D_FREQ 99% PLL@34.5C CPU@39.5C PMIC@50C GPU@37C AO@46.5C thermal@38C
2023-09-04 02:55:20 RAM 3184/3956MB (lfb 22x4MB) SWAP 1789/4026MB (cached 114MB) CPU [29%@307,27%@307,27%@307,26%@307] EMC_FREQ 0% GR3D_FREQ 99% PLL@35C CPU@39C PMIC@50C GPU@37C AO@46.5C thermal@38.5C
2023-09-04 02:56:20 RAM 3192/3956MB (lfb 22x4MB) SWAP 1791/4026MB (cached 114MB) CPU [28%@1479,24%@1479,27%@1479,29%@1479] EMC_FREQ 0% GR3D_FREQ 99% PLL@35.5C CPU@39.5C PMIC@50C GPU@37C AO@47C thermal@38.5C
2023-09-04 02:57:20 RAM 3193/3956MB (lfb 22x4MB) SWAP 1793/4026MB (cached 114MB) CPU [29%@403,30%@403,25%@403,25%@403] EMC_FREQ 0% GR3D_FREQ 99% PLL@35.5C CPU@39.5C PMIC@50C GPU@37C AO@46.5C thermal@38.25C
2023-09-04 02:58:20 RAM 3186/3956MB (lfb 22x4MB) SWAP 1796/4026MB (cached 114MB) CPU [28%@307,23%@307,24%@307,21%@307] EMC_FREQ 0% GR3D_FREQ 99% PLL@35.5C CPU@39.5C PMIC@50C GPU@37.5C AO@46.5C thermal@38.25C
2023-09-04 02:59:20 RAM 3189/3956MB (lfb 22x4MB) SWAP 1797/4026MB (cached 114MB) CPU [27%@403,23%@403,27%@403,22%@403] EMC_FREQ 0% GR3D_FREQ 99% PLL@35.5C CPU@39C PMIC@50C GPU@37C AO@46.5C thermal@38.5C
2023-09-04 03:00:20 RAM 3189/3956MB (lfb 22x4MB) SWAP 1800/4026MB (cached 114MB) CPU [29%@1479,28%@1479,24%@1479,26%@1479] EMC_FREQ 0% GR3D_FREQ 99% PLL@35.5C CPU@39.5C PMIC@50C GPU@37C AO@47C thermal@38.25C
2023-09-04 03:01:20 RAM 3184/3956MB (lfb 22x4MB) SWAP 1801/4026MB (cached 114MB) CPU [31%@1479,27%@1479,28%@1479,27%@1479] EMC_FREQ 0% GR3D_FREQ 99% PLL@35.5C CPU@39.5C PMIC@50C GPU@37.5C AO@46.5C thermal@38.25C
2023-09-04 03:02:20 RAM 3188/3956MB (lfb 22x4MB) SWAP 1802/4026MB (cached 114MB) CPU [27%@204,23%@204,27%@204,25%@204] EMC_FREQ 0% GR3D_FREQ 99% PLL@35.5C CPU@39.5C PMIC@50C GPU@37.5C AO@46.5C thermal@38.25C
2023-09-04 03:03:20 RAM 3190/3956MB (lfb 22x4MB) SWAP 1804/4026MB (cached 114MB) CPU [28%@1479,23%@1479,22%@1479,23%@1479] EMC_FREQ 0% GR3D_FREQ 99% PLL@35.5C CPU@40C PMIC@50C GPU@37C AO@46.5C thermal@38.25C
2023-09-04 03:04:20 RAM 3193/3956MB (lfb 22x4MB) SWAP 1805/4026MB (cached 114MB) CPU [31%@204,25%@204,24%@204,26%@204] EMC_FREQ 0% GR3D_FREQ 99% PLL@35C CPU@39C PMIC@50C GPU@37C AO@46.5C thermal@38.5C
2023-09-04 03:05:20 RAM 3180/3956MB (lfb 22x4MB) SWAP 1808/4026MB (cached 114MB) CPU [31%@1224,26%@1224,27%@1224,26%@1224] EMC_FREQ 0% GR3D_FREQ 99% PLL@35.5C CPU@39C PMIC@50C GPU@37.5C AO@46.5C thermal@38.75C
2023-09-04 03:06:20 RAM 3184/3956MB (lfb 22x4MB) SWAP 1810/4026MB (cached 114MB) CPU [27%@1479,26%@1479,30%@1479,26%@1479] EMC_FREQ 0% GR3D_FREQ 99% PLL@35.5C CPU@40C PMIC@50C GPU@37C AO@46.5C thermal@39C
2023-09-04 03:07:20 RAM 3190/3956MB (lfb 22x4MB) SWAP 1810/4026MB (cached 114MB) CPU [23%@307,20%@307,19%@307,20%@307] EMC_FREQ 0% GR3D_FREQ 99% PLL@35.5C CPU@39.5C PMIC@50C GPU@37.5C AO@46C thermal@38.25C
2023-09-04 03:08:20 RAM 3183/3956MB (lfb 22x4MB) SWAP 1810/4026MB (cached 114MB) CPU [28%@1479,27%@1479,28%@1479,27%@1479] EMC_FREQ 0% GR3D_FREQ 99% PLL@35.5C CPU@39.5C PMIC@50C GPU@37.5C AO@46.5C thermal@38.5C
2023-09-04 03:09:20 RAM 3187/3956MB (lfb 22x4MB) SWAP 1810/4026MB (cached 114MB) CPU [30%@1479,26%@1479,27%@1479,26%@1479] EMC_FREQ 0% GR3D_FREQ 99% PLL@35.5C CPU@40.5C PMIC@50C GPU@37C AO@47C thermal@38C
2023-09-04 03:10:20 RAM 3188/3956MB (lfb 22x4MB) SWAP 1811/4026MB (cached 114MB) CPU [29%@307,23%@307,27%@307,27%@307] EMC_FREQ 0% GR3D_FREQ 99% PLL@35C CPU@39.5C PMIC@50C GPU@37.5C AO@46.5C thermal@38C
2023-09-04 03:11:20 RAM 3179/3956MB (lfb 22x4MB) SWAP 1810/4026MB (cached 115MB) CPU [27%@204,21%@204,22%@204,20%@204] EMC_FREQ 0% GR3D_FREQ 99% PLL@35.5C CPU@39C PMIC@50C GPU@37C AO@46.5C thermal@38C
2023-09-04 03:12:20 RAM 3185/3956MB (lfb 22x4MB) SWAP 1811/4026MB (cached 115MB) CPU [28%@1479,27%@1479,24%@1479,26%@1479] EMC_FREQ 0% GR3D_FREQ 99% PLL@36.5C CPU@39.5C PMIC@50C GPU@37C AO@46.5C thermal@38.25C
2023-09-04 03:13:20 RAM 3188/3956MB (lfb 22x4MB) SWAP 1811/4026MB (cached 115MB) CPU [29%@1479,24%@1479,27%@1479,26%@1479] EMC_FREQ 0% GR3D_FREQ 99% PLL@36C CPU@40.5C PMIC@50C GPU@37.5C AO@46.5C thermal@38.5C
2023-09-04 03:14:20 RAM 3184/3956MB (lfb 22x4MB) SWAP 1812/4026MB (cached 115MB) CPU [30%@403,28%@403,26%@403,28%@403] EMC_FREQ 0% GR3D_FREQ 99% PLL@35.5C CPU@39.5C PMIC@50C GPU@37C AO@46.5C thermal@38C
2023-09-04 03:15:20 RAM 3188/3956MB (lfb 22x4MB) SWAP 1809/4026MB (cached 115MB) CPU [28%@1479,25%@1479,21%@1479,18%@1479] EMC_FREQ 0% GR3D_FREQ 99% PLL@35.5C CPU@40C PMIC@50C GPU@37C AO@46.5C thermal@38C
2023-09-04 03:16:20 RAM 3186/3956MB (lfb 22x4MB) SWAP 1816/4026MB (cached 115MB) CPU [30%@1479,23%@1479,24%@1479,24%@1479] EMC_FREQ 0% GR3D_FREQ 99% PLL@35.5C CPU@40C PMIC@50C GPU@37C AO@46.5C thermal@38.25C
2023-09-04 03:17:20 RAM 3179/3956MB (lfb 22x4MB) SWAP 1819/4026MB (cached 115MB) CPU [29%@204,27%@307,28%@307,27%@307] EMC_FREQ 0% GR3D_FREQ 99% PLL@35C CPU@39.5C PMIC@50C GPU@37.5C AO@46C thermal@38.5C
2023-09-04 03:18:20 RAM 3177/3956MB (lfb 22x4MB) SWAP 1821/4026MB (cached 115MB) CPU [32%@1036,28%@1036,28%@1036,25%@1036] EMC_FREQ 0% GR3D_FREQ 99% PLL@35C CPU@39.5C PMIC@50C GPU@37.5C AO@46.5C thermal@38.5C
2023-09-04 03:19:20 RAM 3177/3956MB (lfb 22x4MB) SWAP 1824/4026MB (cached 115MB) CPU [27%@403,23%@403,26%@403,25%@403] EMC_FREQ 0% GR3D_FREQ 99% PLL@35.5C CPU@39C PMIC@50C GPU@37.5C AO@46C thermal@38C
2023-09-04 03:20:20 RAM 3174/3956MB (lfb 22x4MB) SWAP 1825/4026MB (cached 115MB) CPU [25%@1479,23%@1479,25%@1479,22%@1479] EMC_FREQ 0% GR3D_FREQ 99% PLL@35.5C CPU@40C PMIC@50C GPU@37C AO@46.5C thermal@38C
2023-09-04 03:21:20 RAM 3175/3956MB (lfb 22x4MB) SWAP 1827/4026MB (cached 115MB) CPU [30%@307,26%@307,26%@307,26%@307] EMC_FREQ 0% GR3D_FREQ 99% PLL@35C CPU@39.5C PMIC@50C GPU@37.5C AO@46.5C thermal@38.5C
2023-09-04 03:22:20 RAM 3179/3956MB (lfb 22x4MB) SWAP 1830/4026MB (cached 115MB) CPU [30%@307,29%@307,32%@307,27%@307] EMC_FREQ 0% GR3D_FREQ 99% PLL@35C CPU@39.5C PMIC@50C GPU@37C AO@46.5C thermal@38.5C
2023-09-04 03:23:20 RAM 3171/3956MB (lfb 22x4MB) SWAP 1832/4026MB (cached 115MB) CPU [30%@1326,26%@1326,30%@1326,24%@1326] EMC_FREQ 0% GR3D_FREQ 99% PLL@35.5C CPU@39.5C PMIC@50C GPU@37.5C AO@46.5C thermal@38.25C
2023-09-04 03:24:20 RAM 3168/3956MB (lfb 22x4MB) SWAP 1835/4026MB (cached 115MB) CPU [23%@1479,22%@1479,23%@1479,17%@1479] EMC_FREQ 0% GR3D_FREQ 99% PLL@35C CPU@39C PMIC@50C GPU@37.5C AO@46.5C thermal@38C
2023-09-04 03:25:20 RAM 3169/3956MB (lfb 22x4MB) SWAP 1835/4026MB (cached 115MB) CPU [28%@1479,26%@1479,29%@1479,23%@1479] EMC_FREQ 0% GR3D_FREQ 99% PLL@36C CPU@39.5C PMIC@50C GPU@37C AO@46.5C thermal@38.5C
2023-09-04 03:26:20 RAM 3166/3956MB (lfb 22x4MB) SWAP 1835/4026MB (cached 115MB) CPU [26%@1479,28%@1479,26%@1479,29%@1479] EMC_FREQ 0% GR3D_FREQ 99% PLL@35.5C CPU@39C PMIC@50C GPU@37C AO@46.5C thermal@38.25C
2023-09-04 03:27:20 RAM 3166/3956MB (lfb 22x4MB) SWAP 1836/4026MB (cached 115MB) CPU [31%@1479,27%@1479,26%@1479,25%@1479] EMC_FREQ 0% GR3D_FREQ 99% PLL@35.5C CPU@39.5C PMIC@50C GPU@37C AO@46.5C thermal@38.5C
2023-09-04 03:28:20 RAM 3164/3956MB (lfb 22x4MB) SWAP 1840/4026MB (cached 115MB) CPU [23%@307,24%@307,21%@307,21%@307] EMC_FREQ 0% GR3D_FREQ 99% PLL@35C CPU@39.5C PMIC@50C GPU@37.5C AO@46C thermal@38.25C
2023-09-04 03:29:20 RAM 3165/3956MB (lfb 22x4MB) SWAP 1844/4026MB (cached 115MB) CPU [29%@1479,26%@1479,22%@1479,26%@1479] EMC_FREQ 0% GR3D_FREQ 99% PLL@35.5C CPU@40C PMIC@50C GPU@37C AO@46.5C thermal@38.5C
2023-09-04 03:30:20 RAM 3157/3956MB (lfb 22x4MB) SWAP 1847/4026MB (cached 115MB) CPU [29%@1479,27%@1479,26%@1479,28%@1479] EMC_FREQ 0% GR3D_FREQ 99% PLL@35.5C CPU@39C PMIC@50C GPU@37C AO@46.5C thermal@38.5C
2023-09-04 03:31:20 RAM 3162/3956MB (lfb 22x4MB) SWAP 1847/4026MB (cached 115MB) CPU [28%@403,25%@403,29%@403,26%@403] EMC_FREQ 0% GR3D_FREQ 99% PLL@35.5C CPU@40C PMIC@50C GPU@37C AO@46.5C thermal@38.5C
2023-09-04 03:32:20 RAM 3163/3956MB (lfb 22x4MB) SWAP 1847/4026MB (cached 115MB) CPU [26%@1479,25%@1479,24%@1479,22%@1479] EMC_FREQ 0% GR3D_FREQ 99% PLL@35.5C CPU@39.5C PMIC@50C GPU@37C AO@46C thermal@38.25C
2023-09-04 03:33:20 RAM 3156/3956MB (lfb 22x4MB) SWAP 1851/4026MB (cached 115MB) CPU [28%@307,27%@307,22%@307,20%@307] EMC_FREQ 0% GR3D_FREQ 99% PLL@35.5C CPU@39.5C PMIC@50C GPU@37C AO@46.5C thermal@38.25C
2023-09-04 03:34:20 RAM 3157/3956MB (lfb 22x4MB) SWAP 1858/4026MB (cached 115MB) CPU [27%@204,28%@204,25%@204,27%@204] EMC_FREQ 0% GR3D_FREQ 99% PLL@35.5C CPU@39.5C PMIC@50C GPU@37C AO@46.5C thermal@38.75C
2023-09-04 03:35:20 RAM 3157/3956MB (lfb 22x4MB) SWAP 1858/4026MB (cached 115MB) CPU [30%@1479,24%@1479,29%@1479,25%@1479] EMC_FREQ 0% GR3D_FREQ 99% PLL@35.5C CPU@40.5C PMIC@50C GPU@37.5C AO@46.5C thermal@38.25C
2023-09-04 03:36:20 RAM 3152/3956MB (lfb 22x4MB) SWAP 1858/4026MB (cached 115MB) CPU [30%@518,26%@518,27%@518,22%@518] EMC_FREQ 0% GR3D_FREQ 99% PLL@35.5C CPU@39C PMIC@50C GPU@37.5C AO@46C thermal@38.5C
2023-09-04 03:37:20 RAM 3153/3956MB (lfb 22x4MB) SWAP 1858/4026MB (cached 115MB) CPU [27%@1479,20%@1479,21%@1479,20%@1479] EMC_FREQ 0% GR3D_FREQ 93% PLL@35.5C CPU@39.5C PMIC@50C GPU@37C AO@46.5C thermal@38.25C
2023-09-04 03:38:20 RAM 3157/3956MB (lfb 22x4MB) SWAP 1858/4026MB (cached 115MB) CPU [26%@921,30%@921,27%@921,25%@921] EMC_FREQ 0% GR3D_FREQ 99% PLL@35.5C CPU@39.5C PMIC@50C GPU@37C AO@46C thermal@38.25C
2023-09-04 03:39:20 RAM 3152/3956MB (lfb 22x4MB) SWAP 1858/4026MB (cached 115MB) CPU [30%@307,26%@307,28%@307,25%@307] EMC_FREQ 0% GR3D_FREQ 99% PLL@35.5C CPU@39.5C PMIC@50C GPU@37.5C AO@46.5C thermal@38C
2023-09-04 03:40:20 RAM 3156/3956MB (lfb 22x4MB) SWAP 1858/4026MB (cached 115MB) CPU [29%@614,28%@1479,27%@1479,24%@1479] EMC_FREQ 0% GR3D_FREQ 99% PLL@35.5C CPU@39C PMIC@50C GPU@37C AO@46.5C thermal@38.25C
2023-09-04 03:41:20 RAM 3155/3956MB (lfb 22x4MB) SWAP 1858/4026MB (cached 115MB) CPU [25%@1224,21%@1224,18%@1224,19%@1224] EMC_FREQ 0% GR3D_FREQ 99% PLL@35.5C CPU@39.5C PMIC@50C GPU@37C AO@46C thermal@38C
2023-09-04 03:42:20 RAM 3150/3956MB (lfb 22x4MB) SWAP 1862/4026MB (cached 115MB) CPU [28%@518,29%@518,26%@518,26%@518] EMC_FREQ 0% GR3D_FREQ 99% PLL@35.5C CPU@39C PMIC@50C GPU@37C AO@46.5C thermal@38.5C
2023-09-04 03:43:20 RAM 3155/3956MB (lfb 22x4MB) SWAP 1859/4026MB (cached 120MB) CPU [37%@307,29%@307,34%@307,36%@307] EMC_FREQ 0% GR3D_FREQ 99% PLL@35.5C CPU@39C PMIC@50C GPU@37C AO@47C thermal@38C
2023-09-04 03:44:20 RAM 3158/3956MB (lfb 22x4MB) SWAP 1860/4026MB (cached 120MB) CPU [29%@825,21%@825,30%@825,29%@825] EMC_FREQ 0% GR3D_FREQ 99% PLL@35.5C CPU@39.5C PMIC@50C GPU@37.5C AO@46.5C thermal@38.75C
2023-09-04 03:45:20 RAM 3161/3956MB (lfb 22x4MB) SWAP 1861/4026MB (cached 120MB) CPU [27%@204,23%@204,21%@204,21%@204] EMC_FREQ 0% GR3D_FREQ 99% PLL@35.5C CPU@39C PMIC@50C GPU@37C AO@46C thermal@38.5C
2023-09-04 03:46:20 RAM 3155/3956MB (lfb 22x4MB) SWAP 1863/4026MB (cached 120MB) CPU [28%@1036,26%@1036,25%@1036,22%@1036] EMC_FREQ 0% GR3D_FREQ 99% PLL@35.5C CPU@39.5C PMIC@50C GPU@37C AO@46.5C thermal@38.25C
2023-09-04 03:47:20 RAM 3156/3956MB (lfb 22x4MB) SWAP 1866/4026MB (cached 120MB) CPU [29%@1036,26%@1036,27%@1036,28%@1036] EMC_FREQ 0% GR3D_FREQ 99% PLL@35.5C CPU@40.5C PMIC@50C GPU@37.5C AO@46.5C thermal@38.5C
2023-09-04 03:48:20 RAM 3157/3956MB (lfb 22x4MB) SWAP 1868/4026MB (cached 120MB) CPU [27%@1224,26%@1224,30%@1224,26%@1224] EMC_FREQ 0% GR3D_FREQ 99% PLL@36C CPU@39.5C PMIC@50C GPU@37C AO@46.5C thermal@38.25C
2023-09-04 03:49:20 RAM 3174/3956MB (lfb 22x4MB) SWAP 1869/4026MB (cached 120MB) CPU [29%@1224,24%@1224,30%@1224,26%@1224] EMC_FREQ 0% GR3D_FREQ 99% PLL@35.5C CPU@39C PMIC@50C GPU@36.5C AO@46.5C thermal@38.25C
2023-09-04 03:50:20 RAM 3156/3956MB (lfb 22x4MB) SWAP 1869/4026MB (cached 120MB) CPU [29%@1326,22%@1326,22%@1326,23%@1326] EMC_FREQ 0% GR3D_FREQ 99% PLL@35C CPU@39C PMIC@50C GPU@37C AO@46C thermal@38.25C
2023-09-04 03:51:20 RAM 3177/3956MB (lfb 22x4MB) SWAP 1869/4026MB (cached 120MB) CPU [39%@518,30%@518,32%@518,28%@518] EMC_FREQ 0% GR3D_FREQ 99% PLL@35.5C CPU@39.5C PMIC@50C GPU@37C AO@46C thermal@38.75C
2023-09-04 03:52:20 RAM 3158/3956MB (lfb 22x4MB) SWAP 1869/4026MB (cached 120MB) CPU [27%@1479,30%@1479,26%@1479,30%@1479] EMC_FREQ 0% GR3D_FREQ 99% PLL@35.5C CPU@40C PMIC@50C GPU@37C AO@47C thermal@38.25C
2023-09-04 03:53:20 RAM 3158/3956MB (lfb 22x4MB) SWAP 1869/4026MB (cached 120MB) CPU [33%@307,29%@307,31%@307,29%@307] EMC_FREQ 0% GR3D_FREQ 99% PLL@35C CPU@39C PMIC@50C GPU@37C AO@46.5C thermal@38.5C
2023-09-04 03:54:20 RAM 3157/3956MB (lfb 22x4MB) SWAP 1871/4026MB (cached 120MB) CPU [24%@1224,23%@1224,21%@1224,24%@1224] EMC_FREQ 0% GR3D_FREQ 99% PLL@35C CPU@39.5C PMIC@50C GPU@37C AO@46.5C thermal@38.25C
2023-09-04 03:55:20 RAM 3153/3956MB (lfb 22x4MB) SWAP 1876/4026MB (cached 120MB) CPU [28%@1479,25%@1479,30%@1479,26%@1479] EMC_FREQ 0% GR3D_FREQ 99% PLL@35.5C CPU@39.5C PMIC@50C GPU@37C AO@46.5C thermal@38.25C
2023-09-04 03:56:20 RAM 3171/3956MB (lfb 22x4MB) SWAP 1876/4026MB (cached 120MB) CPU [33%@1479,30%@1479,30%@1479,26%@1479] EMC_FREQ 0% GR3D_FREQ 99% PLL@35.5C CPU@39.5C PMIC@50C GPU@37C AO@46C thermal@38.25C
2023-09-04 03:57:20 RAM 3154/3956MB (lfb 22x4MB) SWAP 1876/4026MB (cached 120MB) CPU [31%@1224,28%@1224,29%@1224,29%@1224] EMC_FREQ 0% GR3D_FREQ 99% PLL@35C CPU@39C PMIC@50C GPU@37.5C AO@46C thermal@38C
2023-09-04 03:58:20 RAM 3154/3956MB (lfb 22x4MB) SWAP 1879/4026MB (cached 120MB) CPU [25%@307,24%@307,24%@307,24%@307] EMC_FREQ 0% GR3D_FREQ 99% PLL@35C CPU@38.5C PMIC@50C GPU@37C AO@46C thermal@37.75C
2023-09-04 03:59:20 RAM 3147/3956MB (lfb 22x4MB) SWAP 1882/4026MB (cached 120MB) CPU [25%@1479,25%@1479,24%@1479,23%@1479] EMC_FREQ 0% GR3D_FREQ 99% PLL@35C CPU@39.5C PMIC@50C GPU@37C AO@46C thermal@38C
2023-09-04 04:00:20 RAM 3149/3956MB (lfb 22x4MB) SWAP 1882/4026MB (cached 120MB) CPU [30%@204,25%@204,30%@204,23%@204] EMC_FREQ 0% GR3D_FREQ 99% PLL@35C CPU@39C PMIC@50C GPU@37C AO@46C thermal@38.25C
2023-09-04 04:01:20 RAM 3164/3956MB (lfb 22x4MB) SWAP 1886/4026MB (cached 119MB) CPU [40%@1224,36%@1224,35%@1224,34%@1224] EMC_FREQ 0% GR3D_FREQ 99% PLL@35.5C CPU@39.5C PMIC@50C GPU@37C AO@46C thermal@38.5C
2023-09-04 04:02:20 RAM 3146/3956MB (lfb 22x4MB) SWAP 1886/4026MB (cached 119MB) CPU [30%@204,26%@307,27%@307,26%@307] EMC_FREQ 0% GR3D_FREQ 99% PLL@35.5C CPU@39C PMIC@50C GPU@37C AO@46C thermal@38C
2023-09-04 04:03:20 RAM 3171/3956MB (lfb 22x4MB) SWAP 1886/4026MB (cached 119MB) CPU [25%@518,21%@518,21%@518,19%@518] EMC_FREQ 0% GR3D_FREQ 99% PLL@35.5C CPU@39.5C PMIC@50C GPU@37C AO@46C thermal@37.75C
2023-09-04 04:04:20 RAM 3153/3956MB (lfb 22x4MB) SWAP 1886/4026MB (cached 119MB) CPU [28%@1479,26%@1479,27%@1479,26%@1479] EMC_FREQ 0% GR3D_FREQ 99% PLL@36C CPU@39.5C PMIC@50C GPU@37C AO@46.5C thermal@39C
2023-09-04 04:05:20 RAM 3154/3956MB (lfb 22x4MB) SWAP 1886/4026MB (cached 119MB) CPU [29%@1479,25%@1479,28%@1479,28%@1479] EMC_FREQ 0% GR3D_FREQ 99% PLL@36C CPU@40C PMIC@50C GPU@37C AO@46.5C thermal@38.5C
2023-09-04 04:06:20 RAM 3148/3956MB (lfb 22x4MB) SWAP 1882/4026MB (cached 119MB) CPU [29%@403,28%@518,30%@518,21%@518] EMC_FREQ 0% GR3D_FREQ 99% PLL@35.5C CPU@39.5C PMIC@50C GPU@37C AO@46.5C thermal@38.25C
2023-09-04 04:07:20 RAM 3148/3956MB (lfb 22x4MB) SWAP 1883/4026MB (cached 119MB) CPU [26%@1132,19%@1132,21%@1132,20%@1132] EMC_FREQ 0% GR3D_FREQ 30% PLL@35.5C CPU@39C PMIC@50C GPU@37C AO@46.5C thermal@38.25C
2023-09-04 04:08:20 RAM 3144/3956MB (lfb 22x4MB) SWAP 1883/4026MB (cached 119MB) CPU [30%@614,25%@614,27%@614,26%@614] EMC_FREQ 0% GR3D_FREQ 99% PLL@35.5C CPU@40.5C PMIC@50C GPU@37C AO@46.5C thermal@38.5C
2023-09-04 04:09:20 RAM 3151/3956MB (lfb 22x4MB) SWAP 1884/4026MB (cached 119MB) CPU [28%@307,25%@307,30%@307,27%@307] EMC_FREQ 0% GR3D_FREQ 99% PLL@35.5C CPU@39.5C PMIC@50C GPU@37C AO@46C thermal@38.25C
2023-09-04 04:10:20 RAM 3148/3956MB (lfb 22x4MB) SWAP 1887/4026MB (cached 119MB) CPU [28%@1479,28%@1479,26%@1479,26%@1479] EMC_FREQ 0% GR3D_FREQ 99% PLL@35.5C CPU@39.5C PMIC@50C GPU@37C AO@46.5C thermal@38.25C
2023-09-04 04:11:20 RAM 3142/3956MB (lfb 22x4MB) SWAP 1890/4026MB (cached 119MB) CPU [24%@307,25%@307,25%@307,22%@307] EMC_FREQ 0% GR3D_FREQ 99% PLL@35.5C CPU@39C PMIC@50C GPU@37C AO@46.5C thermal@38.25C
2023-09-04 04:12:20 RAM 3144/3956MB (lfb 22x4MB) SWAP 1892/4026MB (cached 118MB) CPU [27%@1224,24%@1224,24%@1224,24%@1224] EMC_FREQ 0% GR3D_FREQ 99% PLL@35.5C CPU@39.5C PMIC@50C GPU@37C AO@46C thermal@38C
2023-09-04 04:13:20 RAM 3144/3956MB (lfb 22x4MB) SWAP 1895/4026MB (cached 118MB) CPU [30%@403,23%@403,29%@403,26%@403] EMC_FREQ 0% GR3D_FREQ 99% PLL@35C CPU@39C PMIC@50C GPU@37C AO@46C thermal@38C
2023-09-04 04:14:20 RAM 3137/3956MB (lfb 22x4MB) SWAP 1896/4026MB (cached 118MB) CPU [32%@307,25%@307,27%@307,30%@307] EMC_FREQ 0% GR3D_FREQ 99% PLL@35C CPU@39C PMIC@50C GPU@37C AO@46C thermal@38.25C
2023-09-04 04:15:20 RAM 3144/3956MB (lfb 22x4MB) SWAP 1898/4026MB (cached 118MB) CPU [33%@204,29%@204,30%@204,30%@204] EMC_FREQ 0% GR3D_FREQ 99% PLL@35.5C CPU@39C PMIC@50C GPU@37C AO@46.5C thermal@38C
2023-09-04 04:16:20 RAM 3140/3956MB (lfb 22x4MB) SWAP 1902/4026MB (cached 118MB) CPU [24%@1479,19%@1479,19%@1479,22%@1479] EMC_FREQ 0% GR3D_FREQ 99% PLL@35.5C CPU@39.5C PMIC@50C GPU@37C AO@46C thermal@38C
2023-09-04 04:17:20 RAM 3135/3956MB (lfb 22x4MB) SWAP 1904/4026MB (cached 118MB) CPU [31%@204,25%@204,25%@204,29%@204] EMC_FREQ 0% GR3D_FREQ 99% PLL@35.5C CPU@39C PMIC@50C GPU@37C AO@46C thermal@38.25C
2023-09-04 04:18:20 RAM 3133/3956MB (lfb 22x4MB) SWAP 1907/4026MB (cached 118MB) CPU [32%@1479,25%@1479,27%@1479,27%@1479] EMC_FREQ 0% GR3D_FREQ 99% PLL@35.5C CPU@39C PMIC@50C GPU@36.5C AO@46.5C thermal@37.75C
2023-09-04 04:19:20 RAM 3136/3956MB (lfb 22x4MB) SWAP 1911/4026MB (cached 118MB) CPU [29%@204,27%@204,28%@204,26%@204] EMC_FREQ 0% GR3D_FREQ 99% PLL@35.5C CPU@39C PMIC@50C GPU@37C AO@46C thermal@38C
2023-09-04 04:20:20 RAM 3129/3956MB (lfb 22x4MB) SWAP 1911/4026MB (cached 118MB) CPU [26%@1224,21%@1224,20%@1224,22%@1224] EMC_FREQ 0% GR3D_FREQ 99% PLL@35C CPU@39C PMIC@50C GPU@36.5C AO@46C thermal@37.75C
2023-09-04 04:21:20 RAM 3133/3956MB (lfb 22x4MB) SWAP 1911/4026MB (cached 118MB) CPU [27%@518,28%@518,25%@518,24%@518] EMC_FREQ 0% GR3D_FREQ 99% PLL@35C CPU@39C PMIC@50C GPU@37C AO@46C thermal@38C
2023-09-04 04:22:20 RAM 3136/3956MB (lfb 22x4MB) SWAP 1915/4026MB (cached 118MB) CPU [30%@1479,27%@1479,25%@1479,28%@1479] EMC_FREQ 0% GR3D_FREQ 99% PLL@35.5C CPU@39C PMIC@50C GPU@37C AO@46C thermal@37.75C
2023-09-04 04:23:20 RAM 3145/3956MB (lfb 22x4MB) SWAP 1918/4026MB (cached 118MB) CPU [31%@1479,27%@1479,31%@1479,23%@1479] EMC_FREQ 0% GR3D_FREQ 99% PLL@35.5C CPU@39.5C PMIC@50C GPU@37C AO@46.5C thermal@38C
2023-09-04 04:24:20 RAM 3129/3956MB (lfb 22x4MB) SWAP 1923/4026MB (cached 118MB) CPU [28%@204,24%@204,25%@204,25%@204] EMC_FREQ 0% GR3D_FREQ 99% PLL@35C CPU@38.5C PMIC@50C GPU@37C AO@45.5C thermal@37.5C
2023-09-04 04:25:20 RAM 3125/3956MB (lfb 22x4MB) SWAP 1921/4026MB (cached 118MB) CPU [27%@1224,23%@1224,25%@1224,25%@1224] EMC_FREQ 0% GR3D_FREQ 99% PLL@35C CPU@39C PMIC@50C GPU@36.5C AO@45.5C thermal@38C
2023-09-04 04:26:20 RAM 3121/3956MB (lfb 22x4MB) SWAP 1923/4026MB (cached 118MB) CPU [28%@1479,26%@1479,29%@1479,29%@1479] EMC_FREQ 0% GR3D_FREQ 99% PLL@35.5C CPU@40.5C PMIC@50C GPU@36.5C AO@46C thermal@37.75C
2023-09-04 04:27:20 RAM 3123/3956MB (lfb 22x4MB) SWAP 1923/4026MB (cached 118MB) CPU [29%@1479,23%@1479,29%@1479,24%@1479] EMC_FREQ 0% GR3D_FREQ 72% PLL@35.5C CPU@39C PMIC@50C GPU@36.5C AO@46C thermal@38C
2023-09-04 04:28:20 RAM 3127/3956MB (lfb 22x4MB) SWAP 1929/4026MB (cached 118MB) CPU [27%@1479,28%@1479,28%@1479,23%@1479] EMC_FREQ 0% GR3D_FREQ 99% PLL@35.5C CPU@39C PMIC@50C GPU@36.5C AO@46C thermal@37.25C
2023-09-04 04:29:20 RAM 3115/3956MB (lfb 22x4MB) SWAP 1934/4026MB (cached 117MB) CPU [25%@1479,24%@1479,19%@1479,22%@1479] EMC_FREQ 0% GR3D_FREQ 99% PLL@35C CPU@39C PMIC@50C GPU@36.5C AO@46C thermal@38C
2023-09-04 04:30:20 RAM 3120/3956MB (lfb 22x4MB) SWAP 1935/4026MB (cached 117MB) CPU [28%@307,28%@307,31%@403,28%@403] EMC_FREQ 0% GR3D_FREQ 99% PLL@35C CPU@38.5C PMIC@50C GPU@36.5C AO@45.5C thermal@37.5C
2023-09-04 04:31:20 RAM 3118/3956MB (lfb 22x4MB) SWAP 1940/4026MB (cached 116MB) CPU [28%@1479,27%@1479,28%@1479,28%@1479] EMC_FREQ 0% GR3D_FREQ 99% PLL@35.5C CPU@40C PMIC@50C GPU@36.5C AO@46C thermal@37.75C
2023-09-04 04:32:20 RAM 3118/3956MB (lfb 22x4MB) SWAP 1942/4026MB (cached 115MB) CPU [31%@614,28%@614,30%@614,27%@614] EMC_FREQ 0% GR3D_FREQ 99% PLL@35C CPU@39C PMIC@50C GPU@36.5C AO@46C thermal@37.25C
2023-09-04 04:33:20 RAM 3106/3956MB (lfb 22x4MB) SWAP 1942/4026MB (cached 115MB) CPU [25%@614,22%@614,20%@614,22%@614] EMC_FREQ 0% GR3D_FREQ 99% PLL@35C CPU@38.5C PMIC@50C GPU@36C AO@45.5C thermal@37.5C
2023-09-04 04:34:20 RAM 3114/3956MB (lfb 22x4MB) SWAP 1942/4026MB (cached 115MB) CPU [29%@1479,27%@1479,28%@1479,28%@1479] EMC_FREQ 0% GR3D_FREQ 99% PLL@35.5C CPU@40.5C PMIC@50C GPU@37C AO@45.5C thermal@37.75C
2023-09-04 04:35:20 RAM 3111/3956MB (lfb 22x4MB) SWAP 1944/4026MB (cached 115MB) CPU [29%@1479,28%@1479,31%@1479,31%@1479] EMC_FREQ 0% GR3D_FREQ 99% PLL@36C CPU@39C PMIC@50C GPU@36.5C AO@45.5C thermal@37.75C
2023-09-04 04:36:20 RAM 3110/3956MB (lfb 22x4MB) SWAP 1939/4026MB (cached 115MB) CPU [32%@1479,29%@1479,25%@1479,28%@1479] EMC_FREQ 0% GR3D_FREQ 99% PLL@35C CPU@38.5C PMIC@50C GPU@36.5C AO@46C thermal@37.75C
2023-09-04 04:37:20 RAM 3104/3956MB (lfb 22x4MB) SWAP 1944/4026MB (cached 113MB) CPU [28%@403,21%@403,24%@403,23%@403] EMC_FREQ 0% GR3D_FREQ 99% PLL@33C CPU@37C PMIC@50C GPU@34.5C AO@43.5C thermal@35.5C
2023-09-04 04:38:20 RAM 3106/3956MB (lfb 22x4MB) SWAP 1947/4026MB (cached 112MB) CPU [27%@921,25%@921,23%@921,20%@921] EMC_FREQ 0% GR3D_FREQ 99% PLL@32C CPU@36C PMIC@50C GPU@34C AO@43C thermal@34.75C
2023-09-04 04:39:20 RAM 3119/3956MB (lfb 22x4MB) SWAP 1947/4026MB (cached 112MB) CPU [30%@1479,29%@1479,32%@1479,28%@1479] EMC_FREQ 0% GR3D_FREQ 99% PLL@31.5C CPU@35.5C PMIC@50C GPU@33C AO@42.5C thermal@34C
2023-09-04 04:40:20 RAM 3105/3956MB (lfb 22x4MB) SWAP 1947/4026MB (cached 112MB) CPU [30%@1479,26%@1479,27%@1479,30%@1479] EMC_FREQ 0% GR3D_FREQ 99% PLL@31.5C CPU@36C PMIC@50C GPU@33C AO@42C thermal@34C
2023-09-04 04:41:20 RAM 3105/3956MB (lfb 22x4MB) SWAP 1947/4026MB (cached 112MB) CPU [28%@307,26%@307,25%@307,27%@307] EMC_FREQ 0% GR3D_FREQ 99% PLL@31C CPU@35C PMIC@50C GPU@32.5C AO@41.5C thermal@34C
2023-09-04 04:42:20 RAM 3099/3956MB (lfb 22x4MB) SWAP 1947/4026MB (cached 112MB) CPU [29%@1479,21%@1479,19%@1479,20%@1479] EMC_FREQ 0% GR3D_FREQ 99% PLL@31.5C CPU@36C PMIC@50C GPU@32.5C AO@41.5C thermal@33.5C
2023-09-04 04:43:20 RAM 3126/3956MB (lfb 22x4MB) SWAP 1947/4026MB (cached 112MB) CPU [34%@1479,26%@1479,24%@1479,28%@1479] EMC_FREQ 0% GR3D_FREQ 99% PLL@31.5C CPU@35C PMIC@50C GPU@32.5C AO@42C thermal@34C
2023-09-04 04:44:20 RAM 3106/3956MB (lfb 22x4MB) SWAP 1949/4026MB (cached 111MB) CPU [32%@1479,28%@1479,28%@1479,30%@1479] EMC_FREQ 0% GR3D_FREQ 99% PLL@31.5C CPU@35.5C PMIC@50C GPU@32.5C AO@42C thermal@34.25C
2023-09-04 04:45:20 RAM 3101/3956MB (lfb 22x4MB) SWAP 1949/4026MB (cached 111MB) CPU [30%@1479,28%@1479,29%@1479,27%@1479] EMC_FREQ 0% GR3D_FREQ 99% PLL@31.5C CPU@35C PMIC@50C GPU@32.5C AO@41.5C thermal@33.75C
2023-09-04 04:46:20 RAM 3115/3956MB (lfb 22x4MB) SWAP 1949/4026MB (cached 111MB) CPU [30%@1479,23%@1479,19%@1479,21%@1479] EMC_FREQ 0% GR3D_FREQ 99% PLL@31.5C CPU@35.5C PMIC@50C GPU@32.5C AO@42C thermal@33.75C
2023-09-04 04:47:20 RAM 3106/3956MB (lfb 22x4MB) SWAP 1947/4026MB (cached 110MB) CPU [36%@307,27%@307,27%@307,28%@307] EMC_FREQ 0% GR3D_FREQ 99% PLL@31C CPU@34.5C PMIC@50C GPU@32.5C AO@42C thermal@33.75C
2023-09-04 04:48:20 RAM 3097/3956MB (lfb 22x4MB) SWAP 1950/4026MB (cached 110MB) CPU [32%@1479,29%@1479,29%@1479,28%@1479] EMC_FREQ 0% GR3D_FREQ 99% PLL@31C CPU@36C PMIC@50C GPU@32.5C AO@42C thermal@33.75C
2023-09-04 04:49:20 RAM 3098/3956MB (lfb 22x4MB) SWAP 1950/4026MB (cached 110MB) CPU [31%@1479,25%@1479,29%@1479,29%@1479] EMC_FREQ 0% GR3D_FREQ 99% PLL@31C CPU@35.5C PMIC@50C GPU@32.5C AO@41.5C thermal@33.75C
2023-09-04 04:50:20 RAM 3099/3956MB (lfb 22x4MB) SWAP 1950/4026MB (cached 110MB) CPU [28%@403,23%@403,26%@403,23%@403] EMC_FREQ 0% GR3D_FREQ 99% PLL@30.5C CPU@34.5C PMIC@50C GPU@32.5C AO@41C thermal@33.5C
2023-09-04 04:51:20 RAM 3109/3956MB (lfb 22x4MB) SWAP 1953/4026MB (cached 110MB) CPU [29%@1224,24%@1224,25%@1224,24%@1224] EMC_FREQ 0% GR3D_FREQ 99% PLL@31C CPU@34.5C PMIC@50C GPU@32C AO@41.5C thermal@33C
2023-09-04 04:52:20 RAM 3100/3956MB (lfb 22x4MB) SWAP 1953/4026MB (cached 110MB) CPU [29%@307,27%@307,31%@307,28%@307] EMC_FREQ 0% GR3D_FREQ 99% PLL@31C CPU@35C PMIC@50C GPU@32.5C AO@41.5C thermal@34.25C
2023-09-04 04:53:20 RAM 3102/3956MB (lfb 22x4MB) SWAP 1956/4026MB (cached 110MB) CPU [32%@1479,26%@1479,30%@1479,29%@1479] EMC_FREQ 0% GR3D_FREQ 99% PLL@31.5C CPU@36C PMIC@50C GPU@33C AO@42C thermal@34.25C
2023-09-04 04:54:20 RAM 3097/3956MB (lfb 22x4MB) SWAP 1951/4026MB (cached 110MB) CPU [34%@204,25%@204,28%@204,30%@204] EMC_FREQ 0% GR3D_FREQ 99% PLL@30.5C CPU@34C PMIC@50C GPU@32.5C AO@41.5C thermal@33.5C
2023-09-04 04:55:20 RAM 3095/3956MB (lfb 22x4MB) SWAP 1951/4026MB (cached 110MB) CPU [25%@1479,22%@1479,19%@1479,21%@1479] EMC_FREQ 0% GR3D_FREQ 99% PLL@31C CPU@34.5C PMIC@50C GPU@32C AO@41.5C thermal@33.5C
2023-09-04 04:56:20 RAM 3097/3956MB (lfb 22x4MB) SWAP 1955/4026MB (cached 110MB) CPU [31%@307,28%@307,25%@307,31%@307] EMC_FREQ 0% GR3D_FREQ 99% PLL@31C CPU@34.5C PMIC@50C GPU@32C AO@41.5C thermal@33.5C
2023-09-04 04:57:20 RAM 3092/3956MB (lfb 22x4MB) SWAP 1955/4026MB (cached 110MB) CPU [27%@1479,31%@1479,30%@1479,26%@1479] EMC_FREQ 0% GR3D_FREQ 99% PLL@31C CPU@35.5C PMIC@50C GPU@32.5C AO@41.5C thermal@33.5C
2023-09-04 04:58:20 RAM 3098/3956MB (lfb 22x4MB) SWAP 1955/4026MB (cached 110MB) CPU [30%@403,27%@403,27%@403,26%@403] EMC_FREQ 0% GR3D_FREQ 99% PLL@31C CPU@34.5C PMIC@50C GPU@32C AO@41.5C thermal@33.5C
2023-09-04 04:59:20 RAM 3096/3956MB (lfb 22x4MB) SWAP 1955/4026MB (cached 110MB) CPU [25%@204,22%@204,19%@204,18%@204] EMC_FREQ 0% GR3D_FREQ 99% PLL@30.5C CPU@34C PMIC@50C GPU@32.5C AO@41.5C thermal@33.5C
2023-09-04 05:00:20 RAM 3100/3956MB (lfb 22x4MB) SWAP 1955/4026MB (cached 110MB) CPU [29%@1479,25%@1479,27%@1479,25%@1479] EMC_FREQ 0% GR3D_FREQ 99% PLL@31.5C CPU@34.5C PMIC@50C GPU@32C AO@41.5C thermal@33.5C
2023-09-04 05:01:20 RAM 3093/3956MB (lfb 22x4MB) SWAP 1955/4026MB (cached 110MB) CPU [28%@1479,24%@1479,28%@1479,28%@1479] EMC_FREQ 0% GR3D_FREQ 99% PLL@31.5C CPU@35.5C PMIC@50C GPU@32.5C AO@42C thermal@33.5C
2023-09-04 05:02:20 RAM 3098/3956MB (lfb 22x4MB) SWAP 1955/4026MB (cached 110MB) CPU [29%@614,25%@614,27%@614,27%@614] EMC_FREQ 0% GR3D_FREQ 99% PLL@31C CPU@34.5C PMIC@50C GPU@33C AO@42C thermal@34.25C
2023-09-04 05:03:20 RAM 3101/3956MB (lfb 22x4MB) SWAP 1955/4026MB (cached 110MB) CPU [27%@1224,20%@1224,24%@1224,22%@1224] EMC_FREQ 0% GR3D_FREQ 99% PLL@30.5C CPU@34.5C PMIC@50C GPU@32.5C AO@41.5C thermal@33.5C
2023-09-04 05:04:20 RAM 3097/3956MB (lfb 22x4MB) SWAP 1955/4026MB (cached 110MB) CPU [39%@307,23%@307,26%@307,24%@307] EMC_FREQ 0% GR3D_FREQ 99% PLL@31C CPU@34.5C PMIC@50C GPU@32.5C AO@41.5C thermal@33.5C
2023-09-04 05:05:20 RAM 3099/3956MB (lfb 22x4MB) SWAP 1952/4026MB (cached 110MB) CPU [41%@307,29%@307,31%@307,29%@307] EMC_FREQ 0% GR3D_FREQ 99% PLL@30.5C CPU@34C PMIC@50C GPU@32.5C AO@42C thermal@33.25C
2023-09-04 05:06:20 RAM 3110/3956MB (lfb 22x4MB) SWAP 1958/4026MB (cached 110MB) CPU [38%@1479,31%@1479,30%@1479,36%@1479] EMC_FREQ 0% GR3D_FREQ 99% PLL@31C CPU@34.5C PMIC@50C GPU@32.5C AO@42C thermal@34C
2023-09-04 05:07:20 RAM 3094/3956MB (lfb 22x4MB) SWAP 1961/4026MB (cached 110MB) CPU [45%@403,31%@403,31%@403,29%@403] EMC_FREQ 0% GR3D_FREQ 99% PLL@31C CPU@34.5C PMIC@50C GPU@33C AO@41.5C thermal@33.75C
2023-09-04 05:08:20 RAM 3099/3956MB (lfb 22x4MB) SWAP 1961/4026MB (cached 110MB) CPU [26%@1479,21%@1479,19%@1479,21%@1479] EMC_FREQ 0% GR3D_FREQ 99% PLL@31C CPU@35C PMIC@50C GPU@32.5C AO@41.5C thermal@33.75C
2023-09-04 05:09:20 RAM 3094/3956MB (lfb 22x4MB) SWAP 1963/4026MB (cached 110MB) CPU [38%@307,31%@307,31%@307,30%@307] EMC_FREQ 0% GR3D_FREQ 99% PLL@31C CPU@34.5C PMIC@50C GPU@33C AO@41.5C thermal@34.5C
2023-09-04 05:10:20 RAM 3112/3956MB (lfb 22x4MB) SWAP 1963/4026MB (cached 110MB) CPU [31%@1479,28%@1479,29%@1479,30%@1479] EMC_FREQ 0% GR3D_FREQ 99% PLL@31.5C CPU@35C PMIC@50C GPU@32.5C AO@42C thermal@34C
2023-09-04 05:11:20 RAM 3126/3956MB (lfb 22x4MB) SWAP 1961/4026MB (cached 112MB) CPU [51%@1224,30%@1224,36%@1224,29%@1224] EMC_FREQ 0% GR3D_FREQ 99% PLL@31C CPU@34.5C PMIC@50C GPU@33C AO@42C thermal@34.25C
2023-09-04 05:12:20 RAM 3100/3956MB (lfb 22x4MB) SWAP 1966/4026MB (cached 112MB) CPU [28%@204,24%@204,25%@204,24%@204] EMC_FREQ 0% GR3D_FREQ 99% PLL@31C CPU@34.5C PMIC@50C GPU@32.5C AO@41.5C thermal@33.75C
2023-09-04 05:13:20 RAM 3097/3956MB (lfb 22x4MB) SWAP 1968/4026MB (cached 112MB) CPU [29%@1479,29%@1479,28%@1479,27%@1479] EMC_FREQ 0% GR3D_FREQ 99% PLL@31C CPU@35C PMIC@50C GPU@32.5C AO@41.5C thermal@33.75C
2023-09-04 05:14:20 RAM 3113/3956MB (lfb 22x4MB) SWAP 1968/4026MB (cached 112MB) CPU [30%@1479,29%@1479,27%@1479,29%@1479] EMC_FREQ 0% GR3D_FREQ 99% PLL@31.5C CPU@35C PMIC@50C GPU@33C AO@42C thermal@34.25C
2023-09-04 05:15:20 RAM 3094/3956MB (lfb 22x4MB) SWAP 1971/4026MB (cached 112MB) CPU [30%@1479,27%@1479,29%@1479,29%@1479] EMC_FREQ 0% GR3D_FREQ 99% PLL@31C CPU@34.5C PMIC@50C GPU@33C AO@41.5C thermal@33.75C
2023-09-04 05:16:20 RAM 3088/3956MB (lfb 22x4MB) SWAP 1971/4026MB (cached 112MB) CPU [33%@518,25%@518,27%@518,26%@518] EMC_FREQ 0% GR3D_FREQ 99% PLL@30.5C CPU@34.5C PMIC@50C GPU@33C AO@41.5C thermal@33.5C
2023-09-04 05:17:20 RAM 3095/3956MB (lfb 22x4MB) SWAP 1973/4026MB (cached 112MB) CPU [27%@614,24%@614,25%@614,23%@614] EMC_FREQ 0% GR3D_FREQ 99% PLL@31C CPU@35C PMIC@50C GPU@33C AO@41.5C thermal@33.5C
2023-09-04 05:18:20 RAM 3094/3956MB (lfb 22x4MB) SWAP 1979/4026MB (cached 111MB) CPU [32%@204,26%@204,33%@204,31%@204] EMC_FREQ 0% GR3D_FREQ 99% PLL@30.5C CPU@35C PMIC@50C GPU@32.5C AO@41.5C thermal@33.75C
2023-09-04 05:19:20 RAM 3097/3956MB (lfb 22x4MB) SWAP 1977/4026MB (cached 111MB) CPU [28%@1479,30%@1479,28%@1479,28%@1479] EMC_FREQ 0% GR3D_FREQ 99% PLL@31C CPU@34C PMIC@50C GPU@32.5C AO@41.5C thermal@33.25C
2023-09-04 05:20:20 RAM 3087/3956MB (lfb 22x4MB) SWAP 1978/4026MB (cached 111MB) CPU [27%@307,27%@307,28%@307,28%@307] EMC_FREQ 0% GR3D_FREQ 99% PLL@31C CPU@34.5C PMIC@50C GPU@32.5C AO@41.5C thermal@33.75C
2023-09-04 05:21:20 RAM 3092/3956MB (lfb 22x4MB) SWAP 1979/4026MB (cached 111MB) CPU [26%@1479,22%@1479,18%@1479,19%@1479] EMC_FREQ 0% GR3D_FREQ 99% PLL@31C CPU@34.5C PMIC@50C GPU@32.5C AO@41.5C thermal@33.75C
2023-09-04 05:22:20 RAM 3093/3956MB (lfb 22x4MB) SWAP 1979/4026MB (cached 111MB) CPU [26%@307,26%@307,28%@307,26%@307] EMC_FREQ 0% GR3D_FREQ 99% PLL@31C CPU@34.5C PMIC@50C GPU@32.5C AO@41.5C thermal@33.75C
2023-09-04 05:23:20 RAM 3096/3956MB (lfb 22x4MB) SWAP 1979/4026MB (cached 111MB) CPU [28%@307,28%@307,31%@307,29%@307] EMC_FREQ 0% GR3D_FREQ 99% PLL@31C CPU@34.5C PMIC@50C GPU@32C AO@41.5C thermal@33.5C
2023-09-04 05:24:20 RAM 3092/3956MB (lfb 22x4MB) SWAP 1979/4026MB (cached 111MB) CPU [28%@1479,27%@1479,24%@1479,29%@1479] EMC_FREQ 0% GR3D_FREQ 99% PLL@31C CPU@34.5C PMIC@50C GPU@32.5C AO@41.5C thermal@33.5C
2023-09-04 05:25:20 RAM 3088/3956MB (lfb 22x4MB) SWAP 1984/4026MB (cached 111MB) CPU [27%@307,21%@307,22%@307,20%@307] EMC_FREQ 0% GR3D_FREQ 99% PLL@31C CPU@35C PMIC@50C GPU@32.5C AO@41.5C thermal@33.5C
2023-09-04 05:26:20 RAM 3081/3956MB (lfb 22x4MB) SWAP 1984/4026MB (cached 111MB) CPU [32%@403,24%@403,21%@403,25%@403] EMC_FREQ 0% GR3D_FREQ 99% PLL@31C CPU@34.5C PMIC@50C GPU@32.5C AO@41.5C thermal@33.75C
2023-09-04 05:27:20 RAM 3085/3956MB (lfb 22x4MB) SWAP 1984/4026MB (cached 111MB) CPU [29%@307,25%@307,26%@307,26%@307] EMC_FREQ 0% GR3D_FREQ 99% PLL@31C CPU@34.5C PMIC@50C GPU@32.5C AO@41.5C thermal@33.5C
2023-09-04 05:28:20 RAM 3085/3956MB (lfb 22x4MB) SWAP 1984/4026MB (cached 111MB) CPU [29%@518,27%@518,29%@518,24%@518] EMC_FREQ 0% GR3D_FREQ 99% PLL@31C CPU@34.5C PMIC@50C GPU@33C AO@41.5C thermal@34C
2023-09-04 05:29:20 RAM 3085/3956MB (lfb 22x4MB) SWAP 1984/4026MB (cached 111MB) CPU [31%@1224,28%@1224,25%@1224,25%@1224] EMC_FREQ 0% GR3D_FREQ 99% PLL@30.5C CPU@34.5C PMIC@50C GPU@32.5C AO@41.5C thermal@33.5C
2023-09-04 05:30:20 RAM 3086/3956MB (lfb 22x4MB) SWAP 1984/4026MB (cached 111MB) CPU [28%@1479,21%@1479,20%@1479,20%@1479] EMC_FREQ 0% GR3D_FREQ 99% PLL@31C CPU@34.5C PMIC@50C GPU@32.5C AO@41.5C thermal@33.5C
2023-09-04 05:31:20 RAM 3088/3956MB (lfb 22x4MB) SWAP 1984/4026MB (cached 111MB) CPU [27%@1479,26%@1479,27%@1479,29%@1479] EMC_FREQ 0% GR3D_FREQ 99% PLL@31C CPU@34.5C PMIC@50C GPU@32.5C AO@41.5C thermal@34C
2023-09-04 05:32:20 RAM 3091/3956MB (lfb 22x4MB) SWAP 1980/4026MB (cached 111MB) CPU [31%@1479,31%@1479,33%@1479,29%@1479] EMC_FREQ 0% GR3D_FREQ 99% PLL@31C CPU@34.5C PMIC@50C GPU@32C AO@41.5C thermal@33.5C
2023-09-04 05:33:20 RAM 3163/3956MB (lfb 22x4MB) SWAP 1937/4026MB (cached 162MB) CPU [31%@1224,23%@1224,26%@1224,27%@1224] EMC_FREQ 0% GR3D_FREQ 99% PLL@30C CPU@34.5C PMIC@50C GPU@32.5C AO@41.5C thermal@33.25C
2023-09-04 05:34:20 RAM 3143/3956MB (lfb 22x4MB) SWAP 1940/4026MB (cached 162MB) CPU [25%@204,19%@204,20%@204,18%@204] EMC_FREQ 0% GR3D_FREQ 99% PLL@30.5C CPU@34.5C PMIC@50C GPU@32C AO@41C thermal@33.25C
2023-09-04 05:35:21 RAM 3254/3956MB (lfb 22x4MB) SWAP 1958/4026MB (cached 161MB) CPU [31%@204,20%@204,22%@204,25%@204] EMC_FREQ 0% GR3D_FREQ 0% PLL@29C CPU@31.5C PMIC@50C GPU@31C AO@40C thermal@31.75C
2023-09-04 05:36:20 RAM 3315/3956MB (lfb 22x4MB) SWAP 1743/4026MB (cached 168MB) CPU [19%@1479,17%@1479,13%@1479,13%@1479] EMC_FREQ 0% GR3D_FREQ 0% PLL@28.5C CPU@32.5C PMIC@50C GPU@28C AO@39C thermal@30.25C
2023-09-04 05:37:20 RAM 2011/3956MB (lfb 32x4MB) SWAP 1081/4026MB (cached 144MB) CPU [18%@102,8%@102,10%@102,8%@102] EMC_FREQ 0% GR3D_FREQ 0% PLL@25.5C CPU@28.5C PMIC@50C GPU@27.5C AO@36C thermal@28C
2023-09-04 05:38:20 RAM 2031/3956MB (lfb 32x4MB) SWAP 1080/4026MB (cached 144MB) CPU [28%@204,6%@204,5%@204,5%@307] EMC_FREQ 0% GR3D_FREQ 0% PLL@24.5C CPU@27.5C PMIC@50C GPU@26.5C AO@35C thermal@27C
2023-09-04 05:39:20 RAM 2005/3956MB (lfb 32x4MB) SWAP 1077/4026MB (cached 148MB) CPU [14%@102,9%@102,8%@102,8%@102] EMC_FREQ 0% GR3D_FREQ 0% PLL@24C CPU@26.5C PMIC@50C GPU@24C AO@34C thermal@26C
2023-09-04 05:40:20 RAM 2215/3956MB (lfb 32x4MB) SWAP 1025/4026MB (cached 207MB) CPU [60%@307,57%@307,56%@307,56%@307] EMC_FREQ 0% GR3D_FREQ 0% PLL@25C CPU@28C PMIC@50C GPU@25.5C AO@35.5C thermal@26.75C
2023-09-04 05:41:20 RAM 2649/3956MB (lfb 27x4MB) SWAP 1025/4026MB (cached 207MB) CPU [27%@204,28%@204,27%@204,25%@204] EMC_FREQ 0% GR3D_FREQ 0% PLL@24.5C CPU@27.5C PMIC@50C GPU@26.5C AO@35C thermal@26.25C
2023-09-04 05:42:21 RAM 3414/3956MB (lfb 2x4MB) SWAP 1032/4026MB (cached 196MB) CPU [23%@204,16%@204,14%@204,16%@204] EMC_FREQ 0% GR3D_FREQ 0% PLL@24C CPU@27C PMIC@50C GPU@24.5C AO@35C thermal@25.75C
2023-09-04 05:43:21 RAM 3612/3956MB (lfb 2x4MB) SWAP 1030/4026MB (cached 176MB) CPU [16%@1479,14%@1479,13%@1479,9%@1479] EMC_FREQ 0% GR3D_FREQ 0% PLL@24C CPU@26.5C PMIC@50C GPU@26C AO@34C thermal@26.5C
2023-09-04 05:44:22 RAM 3615/3956MB (lfb 2x4MB) SWAP 1084/4026MB (cached 144MB) CPU [14%@102,12%@102,12%@102,9%@102] EMC_FREQ 0% GR3D_FREQ 0% PLL@23.5C CPU@26C PMIC@50C GPU@25.5C AO@34C thermal@25.75C
2023-09-04 05:45:21 RAM 3576/3956MB (lfb 2x4MB) SWAP 1142/4026MB (cached 140MB) CPU [15%@102,11%@102,14%@102,7%@102] EMC_FREQ 0% GR3D_FREQ 0% PLL@23.5C CPU@26C PMIC@50C GPU@25.5C AO@33.5C thermal@25.75C
2023-09-04 05:46:21 RAM 3560/3956MB (lfb 2x4MB) SWAP 1274/4026MB (cached 169MB) CPU [22%@307,18%@307,17%@307,12%@307] EMC_FREQ 0% GR3D_FREQ 63% PLL@24C CPU@26.5C PMIC@50C GPU@24C AO@34C thermal@25C
2023-09-04 05:47:21 RAM 3529/3956MB (lfb 2x4MB) SWAP 1320/4026MB (cached 168MB) CPU [19%@102,14%@102,13%@102,12%@102] EMC_FREQ 0% GR3D_FREQ 0% PLL@24C CPU@26.5C PMIC@50C GPU@26C AO@34C thermal@26C
2023-09-04 05:48:30 RAM 3494/3956MB (lfb 3x4MB) SWAP 1496/4026MB (cached 153MB) CPU [16%@204,8%@204,9%@204,11%@204] EMC_FREQ 0% GR3D_FREQ 0% PLL@24C CPU@26.5C PMIC@50C GPU@26C AO@33.5C thermal@25.75C
2023-09-04 05:49:26 RAM 3425/3956MB (lfb 3x4MB) SWAP 1624/4026MB (cached 166MB) CPU [13%@102,11%@102,7%@102,5%@102] EMC_FREQ 0% GR3D_FREQ 0% PLL@23.5C CPU@26C PMIC@50C GPU@24C AO@33.5C thermal@25C
2023-09-04 05:50:25 RAM 3347/3956MB (lfb 3x4MB) SWAP 1766/4026MB (cached 167MB) CPU [18%@1479,17%@1479,12%@1479,12%@1479] EMC_FREQ 0% GR3D_FREQ 5% PLL@24C CPU@27C PMIC@50C GPU@24.5C AO@34.5C thermal@25.5C
2023-09-04 05:51:24 RAM 3326/3956MB (lfb 3x4MB) SWAP 1870/4026MB (cached 174MB) CPU [22%@1479,18%@1479,16%@1479,15%@1479] EMC_FREQ 0% GR3D_FREQ 0% PLL@25C CPU@29C PMIC@50C GPU@25.5C AO@35C thermal@26.75C
2023-09-04 05:52:24 RAM 3302/3956MB (lfb 3x4MB) SWAP 1957/4026MB (cached 183MB) CPU [43%@1479,36%@1479,40%@1479,37%@1479] EMC_FREQ 0% GR3D_FREQ 45% PLL@26.5C CPU@29.5C PMIC@50C GPU@27C AO@36C thermal@28C
2023-09-04 05:53:25 RAM 3303/3956MB (lfb 3x4MB) SWAP 1979/4026MB (cached 185MB) CPU [27%@1479,19%@1479,25%@1479,21%@1479] EMC_FREQ 0% GR3D_FREQ 0% PLL@25C CPU@28.5C PMIC@50C GPU@26C AO@35.5C thermal@27.25C
2023-09-04 05:54:24 RAM 3281/3956MB (lfb 3x4MB) SWAP 1990/4026MB (cached 176MB) CPU [34%@1479,39%@1479,35%@1479,30%@1479] EMC_FREQ 0% GR3D_FREQ 1% PLL@26.5C CPU@31.5C PMIC@50C GPU@27.5C AO@37.5C thermal@28.75C
2023-09-04 05:55:24 RAM 3282/3956MB (lfb 3x4MB) SWAP 1995/4026MB (cached 177MB) CPU [34%@1479,37%@1479,41%@1479,28%@1479] EMC_FREQ 0% GR3D_FREQ 9% PLL@27C CPU@30.5C PMIC@50C GPU@28C AO@38C thermal@29.5C
2023-09-04 05:56:24 RAM 3271/3956MB (lfb 3x4MB) SWAP 1996/4026MB (cached 173MB) CPU [39%@1479,37%@1479,32%@1479,37%@1479] EMC_FREQ 0% GR3D_FREQ 0% PLL@27.5C CPU@31.5C PMIC@50C GPU@28C AO@38C thermal@29.5C
2023-09-04 05:57:24 RAM 3277/3956MB (lfb 3x4MB) SWAP 1996/4026MB (cached 175MB) CPU [43%@1479,33%@1479,41%@1479,32%@1479] EMC_FREQ 0% GR3D_FREQ 67% PLL@27C CPU@32C PMIC@50C GPU@28C AO@38C thermal@30.5C
2023-09-04 05:58:24 RAM 3280/3956MB (lfb 3x4MB) SWAP 1994/4026MB (cached 175MB) CPU [40%@1479,42%@1479,36%@1479,32%@1479] EMC_FREQ 0% GR3D_FREQ 73% PLL@27.5C CPU@32.5C PMIC@50C GPU@29C AO@37.5C thermal@30C
2023-09-04 05:59:24 RAM 3278/3956MB (lfb 3x4MB) SWAP 1992/4026MB (cached 175MB) CPU [40%@1479,40%@1479,41%@1479,37%@1479] EMC_FREQ 0% GR3D_FREQ 0% PLL@28C CPU@32C PMIC@50C GPU@28.5C AO@38.5C thermal@30.5C
2023-09-04 06:00:24 RAM 3280/3956MB (lfb 3x4MB) SWAP 1990/4026MB (cached 174MB) CPU [37%@1479,44%@1479,42%@1479,41%@1479] EMC_FREQ 0% GR3D_FREQ 97% PLL@28C CPU@32.5C PMIC@50C GPU@29C AO@38C thermal@30.25C
2023-09-04 06:01:24 RAM 3283/3956MB (lfb 3x4MB) SWAP 1988/4026MB (cached 174MB) CPU [42%@1479,38%@1479,39%@1479,44%@1479] EMC_FREQ 0% GR3D_FREQ 39% PLL@28C CPU@32.5C PMIC@50C GPU@29C AO@38.5C thermal@30.25C
2023-09-04 06:02:24 RAM 3284/3956MB (lfb 3x4MB) SWAP 1988/4026MB (cached 174MB) CPU [37%@1479,39%@1479,41%@1479,41%@1479] EMC_FREQ 0% GR3D_FREQ 94% PLL@28.5C CPU@31.5C PMIC@50C GPU@28.5C AO@38C thermal@29.75C
2023-09-04 06:03:24 RAM 3287/3956MB (lfb 3x4MB) SWAP 1982/4026MB (cached 174MB) CPU [37%@1479,36%@1479,43%@1479,42%@1479] EMC_FREQ 0% GR3D_FREQ 41% PLL@28.5C CPU@31.5C PMIC@50C GPU@29.5C AO@38.5C thermal@30.25C
2023-09-04 06:04:24 RAM 3281/3956MB (lfb 3x4MB) SWAP 1982/4026MB (cached 174MB) CPU [43%@1479,41%@1479,36%@1479,37%@1479] EMC_FREQ 0% GR3D_FREQ 0% PLL@28.5C CPU@32.5C PMIC@50C GPU@29C AO@38.5C thermal@29.5C
2023-09-04 06:05:24 RAM 3288/3956MB (lfb 3x4MB) SWAP 1981/4026MB (cached 174MB) CPU [39%@1479,35%@1479,42%@1479,40%@1479] EMC_FREQ 0% GR3D_FREQ 70% PLL@28C CPU@31C PMIC@50C GPU@28.5C AO@38.5C thermal@30.5C
2023-09-04 06:06:24 RAM 3289/3956MB (lfb 3x4MB) SWAP 1981/4026MB (cached 174MB) CPU [41%@1479,40%@1479,37%@1479,39%@1479] EMC_FREQ 0% GR3D_FREQ 0% PLL@28C CPU@32C PMIC@50C GPU@28.5C AO@38.5C thermal@30.75C
2023-09-04 06:07:24 RAM 3287/3956MB (lfb 3x4MB) SWAP 1980/4026MB (cached 174MB) CPU [39%@1479,42%@1479,42%@1479,36%@1479] EMC_FREQ 0% GR3D_FREQ 0% PLL@28.5C CPU@31.5C PMIC@50C GPU@28.5C AO@39C thermal@30.75C
2023-09-04 06:08:24 RAM 3285/3956MB (lfb 3x4MB) SWAP 1980/4026MB (cached 173MB) CPU [37%@1479,35%@1479,42%@1479,42%@1479] EMC_FREQ 0% GR3D_FREQ 99% PLL@28C CPU@32C PMIC@50C GPU@29C AO@38.5C thermal@30.75C
2023-09-04 06:09:24 RAM 3294/3956MB (lfb 3x4MB) SWAP 1979/4026MB (cached 173MB) CPU [38%@1479,37%@1479,34%@1479,46%@1479] EMC_FREQ 0% GR3D_FREQ 93% PLL@28.5C CPU@32.5C PMIC@50C GPU@29C AO@38.5C thermal@30.75C
2023-09-04 06:10:24 RAM 3301/3956MB (lfb 3x4MB) SWAP 1974/4026MB (cached 173MB) CPU [37%@1479,38%@1479,36%@1479,46%@1479] EMC_FREQ 0% GR3D_FREQ 42% PLL@28C CPU@32.5C PMIC@50C GPU@29C AO@38.5C thermal@30.5C
2023-09-04 06:11:24 RAM 3297/3956MB (lfb 3x4MB) SWAP 1972/4026MB (cached 172MB) CPU [41%@1479,35%@1479,40%@1479,42%@1479] EMC_FREQ 0% GR3D_FREQ 99% PLL@28.5C CPU@31C PMIC@50C GPU@28.5C AO@38.5C thermal@30.25C
2023-09-04 06:12:24 RAM 3296/3956MB (lfb 3x4MB) SWAP 1971/4026MB (cached 172MB) CPU [39%@1479,36%@1479,45%@1479,38%@1479] EMC_FREQ 0% GR3D_FREQ 2% PLL@28C CPU@32C PMIC@50C GPU@28.5C AO@38.5C thermal@30.5C
2023-09-04 06:13:24 RAM 3297/3956MB (lfb 3x4MB) SWAP 1971/4026MB (cached 172MB) CPU [39%@1479,38%@1479,40%@1479,40%@1479] EMC_FREQ 0% GR3D_FREQ 34% PLL@28.5C CPU@31.5C PMIC@50C GPU@29C AO@38.5C thermal@30.5C
2023-09-04 06:14:24 RAM 3297/3956MB (lfb 3x4MB) SWAP 1971/4026MB (cached 172MB) CPU [36%@1479,36%@1479,42%@1479,42%@1479] EMC_FREQ 0% GR3D_FREQ 0% PLL@28C CPU@31C PMIC@50C GPU@28.5C AO@38C thermal@30C
2023-09-04 06:15:24 RAM 3299/3956MB (lfb 3x4MB) SWAP 1969/4026MB (cached 171MB) CPU [41%@1479,39%@1479,40%@1479,39%@1479] EMC_FREQ 0% GR3D_FREQ 0% PLL@28C CPU@32.5C PMIC@50C GPU@29C AO@38.5C thermal@30.75C
2023-09-04 06:16:24 RAM 3298/3956MB (lfb 3x4MB) SWAP 1963/4026MB (cached 171MB) CPU [38%@1479,36%@1479,40%@1479,45%@1479] EMC_FREQ 0% GR3D_FREQ 0% PLL@28.5C CPU@30.5C PMIC@50C GPU@28.5C AO@38.5C thermal@30.5C
2023-09-04 06:17:24 RAM 3303/3956MB (lfb 3x4MB) SWAP 1963/4026MB (cached 171MB) CPU [36%@1479,36%@1479,42%@1479,43%@1479] EMC_FREQ 0% GR3D_FREQ 99% PLL@28C CPU@31.5C PMIC@50C GPU@28.5C AO@38.5C thermal@31C
2023-09-04 06:18:24 RAM 3296/3956MB (lfb 4x4MB) SWAP 1963/4026MB (cached 171MB) CPU [42%@1479,38%@1479,36%@1479,42%@1479] EMC_FREQ 0% GR3D_FREQ 51% PLL@28C CPU@32.5C PMIC@50C GPU@29.5C AO@38.5C thermal@30.75C
2023-09-04 06:19:24 RAM 3298/3956MB (lfb 4x4MB) SWAP 1962/4026MB (cached 171MB) CPU [38%@1479,38%@1479,43%@1479,37%@1479] EMC_FREQ 0% GR3D_FREQ 0% PLL@28.5C CPU@31C PMIC@50C GPU@28.5C AO@38C thermal@30.25C
2023-09-04 06:20:24 RAM 3296/3956MB (lfb 4x4MB) SWAP 1962/4026MB (cached 171MB) CPU [42%@1479,39%@1479,35%@1479,42%@1479] EMC_FREQ 0% GR3D_FREQ 87% PLL@28.5C CPU@31C PMIC@50C GPU@29C AO@38.5C thermal@30.25C
2023-09-04 06:21:24 RAM 3297/3956MB (lfb 4x4MB) SWAP 1962/4026MB (cached 171MB) CPU [39%@1479,40%@1479,41%@1479,38%@1479] EMC_FREQ 0% GR3D_FREQ 12% PLL@28C CPU@32.5C PMIC@50C GPU@28.5C AO@39C thermal@30.75C
2023-09-04 06:22:24 RAM 3304/3956MB (lfb 4x4MB) SWAP 1961/4026MB (cached 170MB) CPU [37%@1479,38%@1479,41%@1479,40%@1479] EMC_FREQ 0% GR3D_FREQ 0% PLL@28C CPU@32C PMIC@50C GPU@29C AO@38.5C thermal@31C
2023-09-04 06:23:24 RAM 3284/3956MB (lfb 4x4MB) SWAP 2006/4026MB (cached 174MB) CPU [37%@1479,43%@1479,41%@1479,39%@1479] EMC_FREQ 0% GR3D_FREQ 60% PLL@28C CPU@31.5C PMIC@50C GPU@29C AO@38.5C thermal@30.25C
2023-09-04 06:24:24 RAM 3282/3956MB (lfb 4x4MB) SWAP 2005/4026MB (cached 174MB) CPU [40%@1479,41%@1479,40%@1479,36%@1479] EMC_FREQ 0% GR3D_FREQ 0% PLL@27.5C CPU@33C PMIC@50C GPU@29C AO@39C thermal@30.75C
2023-09-04 06:25:24 RAM 3288/3956MB (lfb 3x4MB) SWAP 2003/4026MB (cached 174MB) CPU [42%@1479,47%@1479,49%@1479,40%@1479] EMC_FREQ 0% GR3D_FREQ 79% PLL@28.5C CPU@32.5C PMIC@50C GPU@29.5C AO@38.5C thermal@30.25C
2023-09-04 06:26:24 RAM 3287/3956MB (lfb 3x4MB) SWAP 2002/4026MB (cached 174MB) CPU [39%@1479,42%@1479,36%@1479,37%@1479] EMC_FREQ 0% GR3D_FREQ 11% PLL@28.5C CPU@30.5C PMIC@50C GPU@28.5C AO@38.5C thermal@30.25C
2023-09-04 06:27:24 RAM 3287/3956MB (lfb 3x4MB) SWAP 2002/4026MB (cached 174MB) CPU [39%@1479,37%@1479,39%@1479,42%@1479] EMC_FREQ 0% GR3D_FREQ 99% PLL@28C CPU@32C PMIC@50C GPU@28.5C AO@38C thermal@30.75C
2023-09-04 06:28:24 RAM 3284/3956MB (lfb 3x4MB) SWAP 2002/4026MB (cached 174MB) CPU [40%@1479,40%@1479,35%@1479,42%@1479] EMC_FREQ 0% GR3D_FREQ 50% PLL@28C CPU@32.5C PMIC@50C GPU@29C AO@38.5C thermal@30.25C
2023-09-04 06:29:24 RAM 3280/3956MB (lfb 3x4MB) SWAP 1996/4026MB (cached 174MB) CPU [43%@1479,39%@1479,36%@1479,40%@1479] EMC_FREQ 0% GR3D_FREQ 72% PLL@28C CPU@32C PMIC@50C GPU@29.5C AO@38.5C thermal@30.25C
2023-09-04 06:30:24 RAM 3281/3956MB (lfb 3x4MB) SWAP 1996/4026MB (cached 174MB) CPU [41%@1479,41%@1479,39%@1479,37%@1479] EMC_FREQ 0% GR3D_FREQ 0% PLL@28.5C CPU@31C PMIC@50C GPU@28.5C AO@38.5C thermal@30.75C
2023-09-04 06:31:24 RAM 3282/3956MB (lfb 3x4MB) SWAP 1996/4026MB (cached 174MB) CPU [41%@1479,36%@1479,41%@1479,38%@1479] EMC_FREQ 0% GR3D_FREQ 0% PLL@28C CPU@31.5C PMIC@50C GPU@28.5C AO@39C thermal@30.75C
2023-09-04 06:32:24 RAM 3291/3956MB (lfb 3x4MB) SWAP 1996/4026MB (cached 173MB) CPU [39%@1479,33%@1479,38%@1479,44%@1479] EMC_FREQ 0% GR3D_FREQ 73% PLL@28C CPU@32.5C PMIC@50C GPU@29C AO@38.5C thermal@30.25C
2023-09-04 06:33:24 RAM 3290/3956MB (lfb 3x4MB) SWAP 1996/4026MB (cached 174MB) CPU [39%@1479,36%@1479,45%@1479,36%@1479] EMC_FREQ 0% GR3D_FREQ 0% PLL@27.5C CPU@33C PMIC@50C GPU@28.5C AO@39C thermal@30.5C
2023-09-04 06:34:24 RAM 3289/3956MB (lfb 3x4MB) SWAP 1996/4026MB (cached 173MB) CPU [40%@1479,34%@1479,39%@1479,43%@1479] EMC_FREQ 0% GR3D_FREQ 99% PLL@28C CPU@32C PMIC@50C GPU@28.5C AO@38.5C thermal@30C
2023-09-04 06:35:24 RAM 3291/3956MB (lfb 3x4MB) SWAP 1996/4026MB (cached 173MB) CPU [37%@1479,40%@1479,38%@1479,41%@1479] EMC_FREQ 0% GR3D_FREQ 43% PLL@28.5C CPU@33C PMIC@50C GPU@29.5C AO@38.5C thermal@31C
2023-09-04 06:36:24 RAM 3291/3956MB (lfb 3x4MB) SWAP 1995/4026MB (cached 174MB) CPU [41%@1479,41%@1479,37%@1479,38%@1479] EMC_FREQ 0% GR3D_FREQ 14% PLL@28C CPU@32.5C PMIC@50C GPU@29C AO@38.5C thermal@30.25C
2023-09-04 06:37:24 RAM 3291/3956MB (lfb 3x4MB) SWAP 1995/4026MB (cached 174MB) CPU [39%@1479,39%@1479,41%@1479,38%@1479] EMC_FREQ 0% GR3D_FREQ 70% PLL@28.5C CPU@32.5C PMIC@50C GPU@29.5C AO@38.5C thermal@30.5C
2023-09-04 06:38:24 RAM 3292/3956MB (lfb 3x4MB) SWAP 1995/4026MB (cached 174MB) CPU [38%@102,40%@102,38%@102,37%@102] EMC_FREQ 0% GR3D_FREQ 0% PLL@27C CPU@29.5C PMIC@50C GPU@28C AO@38C thermal@28.75C
2023-09-04 06:39:24 RAM 2050/3956MB (lfb 8x4MB) SWAP 1085/4026MB (cached 169MB) CPU [20%@1224,13%@1224,16%@1224,14%@1224] EMC_FREQ 0% GR3D_FREQ 0% PLL@25C CPU@29C PMIC@50C GPU@27C AO@35.5C thermal@27.25C
2023-09-04 06:40:24 RAM 1394/3956MB (lfb 12x4MB) SWAP 604/4026MB (cached 48MB) CPU [12%@204,13%@204,8%@204,8%@204] EMC_FREQ 0% GR3D_FREQ 0% PLL@24C CPU@27C PMIC@50C GPU@25C AO@34.5C thermal@26C
