2023-09-03 03:14:28 RAM 2810/3956MB (lfb 1x2MB) SWAP 938/4026MB (cached 131MB) CPU [13%@1224,18%@1224,14%@1224,10%@1224] EMC_FREQ 0% GR3D_FREQ 0% PLL@25C CPU@28C PMIC@50C GPU@27C AO@36C thermal@27.5C
2023-09-03 03:15:28 RAM 3392/3956MB (lfb 11x1MB) SWAP 945/4026MB (cached 125MB) CPU [14%@1224,10%@1224,9%@1224,8%@1224] EMC_FREQ 0% GR3D_FREQ 1% PLL@24.5C CPU@27.5C PMIC@50C GPU@25.5C AO@35C thermal@27.5C
2023-09-03 03:16:30 RAM 3578/3956MB (lfb 1x4MB) SWAP 1044/4026MB (cached 112MB) CPU [8%@1479,4%@1479,3%@1479,2%@1479] EMC_FREQ 0% GR3D_FREQ 0% PLL@24C CPU@27C PMIC@50C GPU@26C AO@34C thermal@26.5C
2023-09-03 03:17:28 RAM 3539/3956MB (lfb 1x4MB) SWAP 1131/4026MB (cached 114MB) CPU [12%@1479,8%@1479,18%@1479,3%@1479] EMC_FREQ 0% GR3D_FREQ 99% PLL@26C CPU@30C PMIC@50C GPU@28C AO@36.5C thermal@29C
2023-09-03 03:18:28 RAM 3565/3956MB (lfb 1x2MB) SWAP 1174/4026MB (cached 116MB) CPU [17%@1479,17%@1479,16%@1479,15%@1479] EMC_FREQ 0% GR3D_FREQ 99% PLL@28.5C CPU@32C PMIC@50C GPU@29.5C AO@39C thermal@31C
2023-09-03 03:19:28 RAM 3546/3956MB (lfb 1x2MB) SWAP 1225/4026MB (cached 119MB) CPU [32%@1479,15%@1479,22%@1479,14%@1479] EMC_FREQ 0% GR3D_FREQ 99% PLL@30C CPU@34C PMIC@50C GPU@32C AO@40.5C thermal@32.5C
2023-09-03 03:20:28 RAM 3560/3956MB (lfb 1x2MB) SWAP 1224/4026MB (cached 120MB) CPU [21%@1224,22%@1224,16%@1224,18%@1224] EMC_FREQ 0% GR3D_FREQ 99% PLL@31C CPU@36C PMIC@50C GPU@33C AO@42C thermal@34.75C
2023-09-03 03:21:28 RAM 3537/3956MB (lfb 1x2MB) SWAP 1262/4026MB (cached 118MB) CPU [12%@1479,11%@1479,15%@1479,10%@1479] EMC_FREQ 0% GR3D_FREQ 99% PLL@30C CPU@34.5C PMIC@50C GPU@32C AO@41C thermal@33C
2023-09-03 03:22:28 RAM 3538/3956MB (lfb 17x1MB) SWAP 1271/4026MB (cached 118MB) CPU [10%@1479,13%@1479,15%@1479,14%@1479] EMC_FREQ 0% GR3D_FREQ 99% PLL@31.5C CPU@36.5C PMIC@50C GPU@33.5C AO@42C thermal@35C
2023-09-03 03:23:28 RAM 3542/3956MB (lfb 1x2MB) SWAP 1270/4026MB (cached 118MB) CPU [15%@1479,20%@1479,23%@1479,19%@1479] EMC_FREQ 0% GR3D_FREQ 99% PLL@32.5C CPU@36.5C PMIC@50C GPU@34.5C AO@43C thermal@35.25C
2023-09-03 03:24:28 RAM 3539/3956MB (lfb 12x1MB) SWAP 1269/4026MB (cached 118MB) CPU [18%@1479,18%@1479,22%@1479,18%@1479] EMC_FREQ 0% GR3D_FREQ 99% PLL@33C CPU@37.5C PMIC@50C GPU@34.5C AO@43.5C thermal@35.5C
2023-09-03 03:25:28 RAM 3547/3956MB (lfb 12x1MB) SWAP 1269/4026MB (cached 119MB) CPU [15%@1479,10%@1479,17%@1479,12%@1479] EMC_FREQ 0% GR3D_FREQ 99% PLL@32.5C CPU@36.5C PMIC@50C GPU@34.5C AO@43.5C thermal@35.75C
2023-09-03 03:26:28 RAM 3543/3956MB (lfb 7x1MB) SWAP 1269/4026MB (cached 119MB) CPU [19%@1479,15%@1479,15%@1479,16%@1479] EMC_FREQ 0% GR3D_FREQ 99% PLL@32.5C CPU@37C PMIC@50C GPU@35C AO@44C thermal@35.5C
2023-09-03 03:27:28 RAM 3550/3956MB (lfb 7x1MB) SWAP 1269/4026MB (cached 118MB) CPU [19%@1479,18%@1479,21%@1479,18%@1479] EMC_FREQ 0% GR3D_FREQ 99% PLL@33C CPU@37.5C PMIC@50C GPU@34.5C AO@43.5C thermal@36C
2023-09-03 03:28:28 RAM 3549/3956MB (lfb 7x1MB) SWAP 1269/4026MB (cached 118MB) CPU [21%@1479,15%@1479,19%@1479,19%@1479] EMC_FREQ 0% GR3D_FREQ 99% PLL@33.5C CPU@37C PMIC@50C GPU@35C AO@44C thermal@36.5C
2023-09-03 03:29:28 RAM 3544/3956MB (lfb 7x1MB) SWAP 1268/4026MB (cached 118MB) CPU [13%@1479,9%@1479,11%@1479,10%@1479] EMC_FREQ 0% GR3D_FREQ 99% PLL@33C CPU@38C PMIC@50C GPU@35C AO@43.5C thermal@36C
2023-09-03 03:30:28 RAM 3548/3956MB (lfb 7x1MB) SWAP 1269/4026MB (cached 118MB) CPU [18%@1479,21%@1479,21%@1479,18%@1479] EMC_FREQ 0% GR3D_FREQ 99% PLL@33C CPU@37.5C PMIC@50C GPU@35.5C AO@44C thermal@36.25C
2023-09-03 03:31:28 RAM 3543/3956MB (lfb 7x1MB) SWAP 1269/4026MB (cached 118MB) CPU [15%@1479,20%@1479,20%@1479,20%@1479] EMC_FREQ 0% GR3D_FREQ 99% PLL@33C CPU@38C PMIC@50C GPU@35C AO@44C thermal@36C
2023-09-03 03:32:28 RAM 3540/3956MB (lfb 7x1MB) SWAP 1276/4026MB (cached 119MB) CPU [13%@1479,23%@1479,17%@1479,16%@1479] EMC_FREQ 0% GR3D_FREQ 99% PLL@33C CPU@37.5C PMIC@50C GPU@35C AO@44C thermal@36.25C
2023-09-03 03:33:28 RAM 3551/3956MB (lfb 14x1MB) SWAP 1281/4026MB (cached 124MB) CPU [13%@1479,15%@1479,14%@1479,14%@1479] EMC_FREQ 0% GR3D_FREQ 99% PLL@33.5C CPU@38C PMIC@50C GPU@35C AO@44C thermal@36.25C
2023-09-03 03:34:28 RAM 3544/3956MB (lfb 14x1MB) SWAP 1281/4026MB (cached 124MB) CPU [17%@1224,20%@1224,24%@1224,19%@1224] EMC_FREQ 0% GR3D_FREQ 99% PLL@34C CPU@38.5C PMIC@50C GPU@36C AO@45C thermal@37.25C
2023-09-03 03:35:28 RAM 3552/3956MB (lfb 8x1MB) SWAP 1282/4026MB (cached 124MB) CPU [16%@1479,21%@1479,23%@1479,17%@1479] EMC_FREQ 0% GR3D_FREQ 99% PLL@33.5C CPU@37.5C PMIC@50C GPU@35.5C AO@44.5C thermal@36.5C
2023-09-03 03:36:28 RAM 3553/3956MB (lfb 8x1MB) SWAP 1283/4026MB (cached 124MB) CPU [11%@1479,14%@1479,16%@1479,13%@1479] EMC_FREQ 0% GR3D_FREQ 99% PLL@33C CPU@37C PMIC@50C GPU@35C AO@43.5C thermal@36C
2023-09-03 03:37:28 RAM 3551/3956MB (lfb 8x1MB) SWAP 1283/4026MB (cached 124MB) CPU [19%@1479,17%@1479,18%@1479,15%@1479] EMC_FREQ 0% GR3D_FREQ 99% PLL@33.5C CPU@37.5C PMIC@50C GPU@35C AO@44C thermal@36.25C
2023-09-03 03:38:28 RAM 3564/3956MB (lfb 8x1MB) SWAP 1258/4026MB (cached 134MB) CPU [28%@1479,22%@1479,15%@1479,13%@1479] EMC_FREQ 0% GR3D_FREQ 99% PLL@33C CPU@37.5C PMIC@50C GPU@35.5C AO@43.5C thermal@36C
2023-09-03 03:39:28 RAM 3557/3956MB (lfb 8x1MB) SWAP 1258/4026MB (cached 134MB) CPU [26%@1479,16%@1479,19%@1479,17%@1479] EMC_FREQ 0% GR3D_FREQ 99% PLL@33C CPU@37C PMIC@50C GPU@35C AO@44C thermal@36.25C
2023-09-03 03:40:28 RAM 3560/3956MB (lfb 8x1MB) SWAP 1258/4026MB (cached 133MB) CPU [10%@1224,13%@1224,10%@1224,10%@1224] EMC_FREQ 0% GR3D_FREQ 99% PLL@32.5C CPU@36.5C PMIC@50C GPU@34.5C AO@43C thermal@35.75C
2023-09-03 03:41:28 RAM 3550/3956MB (lfb 8x1MB) SWAP 1258/4026MB (cached 132MB) CPU [20%@1479,20%@1479,21%@1479,18%@1479] EMC_FREQ 0% GR3D_FREQ 99% PLL@33.5C CPU@38C PMIC@50C GPU@35C AO@43.5C thermal@36.25C
2023-09-03 03:42:28 RAM 3547/3956MB (lfb 8x1MB) SWAP 1258/4026MB (cached 132MB) CPU [18%@1479,18%@1479,24%@1479,18%@1479] EMC_FREQ 0% GR3D_FREQ 99% PLL@33.5C CPU@37.5C PMIC@50C GPU@35C AO@43.5C thermal@35.75C
2023-09-03 03:43:28 RAM 3549/3956MB (lfb 8x1MB) SWAP 1257/4026MB (cached 132MB) CPU [15%@1479,16%@1479,21%@1479,15%@1479] EMC_FREQ 0% GR3D_FREQ 99% PLL@33.5C CPU@37.5C PMIC@50C GPU@34.5C AO@43.5C thermal@36C
2023-09-03 03:44:28 RAM 3552/3956MB (lfb 8x1MB) SWAP 1257/4026MB (cached 132MB) CPU [15%@1479,11%@1479,13%@1479,12%@1479] EMC_FREQ 0% GR3D_FREQ 99% PLL@33.5C CPU@38C PMIC@50C GPU@34.5C AO@43.5C thermal@35.75C
2023-09-03 03:45:28 RAM 3550/3956MB (lfb 8x1MB) SWAP 1257/4026MB (cached 132MB) CPU [21%@1479,14%@1479,22%@1479,20%@1479] EMC_FREQ 0% GR3D_FREQ 99% PLL@33.5C CPU@37.5C PMIC@50C GPU@34.5C AO@43.5C thermal@36C
2023-09-03 03:46:28 RAM 3555/3956MB (lfb 8x1MB) SWAP 1257/4026MB (cached 132MB) CPU [21%@1479,15%@1479,21%@1479,19%@1479] EMC_FREQ 0% GR3D_FREQ 99% PLL@33C CPU@37.5C PMIC@50C GPU@35C AO@43.5C thermal@36C
2023-09-03 03:47:28 RAM 3551/3956MB (lfb 8x1MB) SWAP 1256/4026MB (cached 132MB) CPU [12%@1479,15%@1479,13%@1479,14%@1479] EMC_FREQ 0% GR3D_FREQ 99% PLL@33C CPU@36.5C PMIC@50C GPU@34.5C AO@43.5C thermal@35.5C
2023-09-03 03:48:28 RAM 3554/3956MB (lfb 8x1MB) SWAP 1256/4026MB (cached 132MB) CPU [17%@1479,15%@1479,17%@1479,17%@1479] EMC_FREQ 0% GR3D_FREQ 99% PLL@33C CPU@38C PMIC@50C GPU@35C AO@43.5C thermal@35.75C
2023-09-03 03:49:28 RAM 3562/3956MB (lfb 8x1MB) SWAP 1256/4026MB (cached 132MB) CPU [17%@1479,21%@1479,18%@1479,19%@1479] EMC_FREQ 0% GR3D_FREQ 99% PLL@33C CPU@37C PMIC@50C GPU@34.5C AO@43.5C thermal@35.75C
2023-09-03 03:50:28 RAM 3555/3956MB (lfb 8x1MB) SWAP 1256/4026MB (cached 132MB) CPU [16%@1479,22%@1479,18%@1479,20%@1479] EMC_FREQ 0% GR3D_FREQ 99% PLL@32.5C CPU@37C PMIC@50C GPU@34.5C AO@43.5C thermal@36C
2023-09-03 03:51:28 RAM 3559/3956MB (lfb 8x1MB) SWAP 1256/4026MB (cached 132MB) CPU [15%@1479,9%@1479,11%@1479,9%@1479] EMC_FREQ 0% GR3D_FREQ 99% PLL@32.5C CPU@37C PMIC@50C GPU@34.5C AO@43.5C thermal@35.5C
2023-09-03 03:52:28 RAM 3555/3956MB (lfb 8x1MB) SWAP 1256/4026MB (cached 132MB) CPU [18%@1479,18%@1479,21%@1479,20%@1479] EMC_FREQ 0% GR3D_FREQ 99% PLL@33.5C CPU@38C PMIC@50C GPU@35C AO@43.5C thermal@35.75C
2023-09-03 03:53:28 RAM 3562/3956MB (lfb 8x1MB) SWAP 1256/4026MB (cached 131MB) CPU [22%@1479,14%@1479,23%@1479,17%@1479] EMC_FREQ 0% GR3D_FREQ 99% PLL@33C CPU@37.5C PMIC@50C GPU@35C AO@44C thermal@36.5C
2023-09-03 03:54:28 RAM 3560/3956MB (lfb 8x1MB) SWAP 1256/4026MB (cached 131MB) CPU [16%@1479,12%@1479,20%@1479,16%@1479] EMC_FREQ 0% GR3D_FREQ 99% PLL@33C CPU@37C PMIC@50C GPU@34.5C AO@43C thermal@35.75C
2023-09-03 03:55:28 RAM 3555/3956MB (lfb 8x1MB) SWAP 1255/4026MB (cached 132MB) CPU [10%@1479,16%@1479,14%@1479,14%@1479] EMC_FREQ 0% GR3D_FREQ 99% PLL@32.5C CPU@36.5C PMIC@50C GPU@34C AO@43C thermal@35.75C
2023-09-03 03:56:28 RAM 3563/3956MB (lfb 8x1MB) SWAP 1255/4026MB (cached 132MB) CPU [16%@1479,21%@1479,20%@1479,20%@1479] EMC_FREQ 0% GR3D_FREQ 99% PLL@33C CPU@38C PMIC@50C GPU@34.5C AO@43.5C thermal@35.75C
2023-09-03 03:57:28 RAM 3551/3956MB (lfb 8x1MB) SWAP 1258/4026MB (cached 131MB) CPU [16%@1479,18%@1479,25%@1479,18%@1479] EMC_FREQ 0% GR3D_FREQ 99% PLL@32.5C CPU@37C PMIC@50C GPU@34.5C AO@43.5C thermal@36C
2023-09-03 03:58:28 RAM 3554/3956MB (lfb 8x1MB) SWAP 1260/4026MB (cached 132MB) CPU [14%@1479,12%@1479,14%@1479,11%@1479] EMC_FREQ 0% GR3D_FREQ 99% PLL@32.5C CPU@37.5C PMIC@50C GPU@34.5C AO@43C thermal@35.25C
2023-09-03 03:59:28 RAM 3558/3956MB (lfb 8x1MB) SWAP 1260/4026MB (cached 132MB) CPU [17%@1479,16%@1479,20%@1479,15%@1479] EMC_FREQ 0% GR3D_FREQ 99% PLL@32.5C CPU@36.5C PMIC@50C GPU@34.5C AO@43.5C thermal@36.25C
2023-09-03 04:00:28 RAM 3545/3956MB (lfb 8x1MB) SWAP 1256/4026MB (cached 128MB) CPU [21%@1479,16%@1479,26%@1479,19%@1479] EMC_FREQ 0% GR3D_FREQ 99% PLL@33.5C CPU@37.5C PMIC@50C GPU@34C AO@43.5C thermal@35.5C
2023-09-03 04:01:28 RAM 3546/3956MB (lfb 2x2MB) SWAP 1276/4026MB (cached 130MB) CPU [18%@1479,20%@1479,18%@1479,18%@1479] EMC_FREQ 0% GR3D_FREQ 99% PLL@33.5C CPU@37C PMIC@50C GPU@34.5C AO@43C thermal@34.75C
2023-09-03 04:02:28 RAM 3535/3956MB (lfb 5x1MB) SWAP 1309/4026MB (cached 131MB) CPU [18%@1224,17%@1224,17%@1224,16%@1224] EMC_FREQ 0% GR3D_FREQ 99% PLL@33C CPU@37C PMIC@50C GPU@34C AO@43.5C thermal@36C
2023-09-03 04:03:28 RAM 3521/3956MB (lfb 5x1MB) SWAP 1311/4026MB (cached 131MB) CPU [21%@1479,23%@1479,20%@1479,22%@1479] EMC_FREQ 0% GR3D_FREQ 99% PLL@33.5C CPU@38C PMIC@50C GPU@35C AO@44C thermal@36.25C
2023-09-03 04:04:28 RAM 3511/3956MB (lfb 5x1MB) SWAP 1317/4026MB (cached 130MB) CPU [19%@1479,25%@1479,20%@1479,21%@1479] EMC_FREQ 0% GR3D_FREQ 99% PLL@33.5C CPU@37.5C PMIC@50C GPU@34.5C AO@44C thermal@36C
2023-09-03 04:05:28 RAM 3515/3956MB (lfb 5x1MB) SWAP 1317/4026MB (cached 130MB) CPU [18%@1326,19%@1326,21%@1326,16%@1326] EMC_FREQ 0% GR3D_FREQ 99% PLL@33C CPU@37.5C PMIC@50C GPU@34.5C AO@43.5C thermal@35.5C
2023-09-03 04:06:28 RAM 3517/3956MB (lfb 5x1MB) SWAP 1317/4026MB (cached 130MB) CPU [12%@1479,15%@1479,17%@1479,15%@1479] EMC_FREQ 0% GR3D_FREQ 99% PLL@33C CPU@37C PMIC@50C GPU@34.5C AO@43.5C thermal@36C
2023-09-03 04:07:28 RAM 3507/3956MB (lfb 5x1MB) SWAP 1317/4026MB (cached 130MB) CPU [18%@1428,20%@1428,24%@1428,22%@1428] EMC_FREQ 0% GR3D_FREQ 99% PLL@33C CPU@37C PMIC@50C GPU@35C AO@44C thermal@36C
2023-09-03 04:08:28 RAM 3512/3956MB (lfb 5x1MB) SWAP 1317/4026MB (cached 130MB) CPU [17%@1479,18%@1479,25%@1479,22%@1479] EMC_FREQ 0% GR3D_FREQ 99% PLL@33.5C CPU@38C PMIC@50C GPU@35C AO@44C thermal@35.75C
2023-09-03 04:09:28 RAM 3507/3956MB (lfb 5x1MB) SWAP 1316/4026MB (cached 130MB) CPU [19%@1479,15%@1479,16%@1479,12%@1479] EMC_FREQ 0% GR3D_FREQ 99% PLL@33C CPU@37.5C PMIC@50C GPU@34.5C AO@43.5C thermal@36.25C
2023-09-03 04:10:28 RAM 3510/3956MB (lfb 5x1MB) SWAP 1316/4026MB (cached 130MB) CPU [19%@1479,18%@1479,17%@1479,17%@1479] EMC_FREQ 0% GR3D_FREQ 99% PLL@33C CPU@37C PMIC@50C GPU@34C AO@43.5C thermal@36C
2023-09-03 04:11:28 RAM 3514/3956MB (lfb 17x1MB) SWAP 1316/4026MB (cached 130MB) CPU [19%@1326,19%@1326,22%@1326,22%@1326] EMC_FREQ 0% GR3D_FREQ 99% PLL@32.5C CPU@37C PMIC@50C GPU@34.5C AO@43C thermal@35.75C
2023-09-03 04:12:28 RAM 3507/3956MB (lfb 19x1MB) SWAP 1316/4026MB (cached 130MB) CPU [20%@1479,19%@1479,21%@1479,23%@1479] EMC_FREQ 0% GR3D_FREQ 99% PLL@32.5C CPU@36.5C PMIC@50C GPU@34.5C AO@43.5C thermal@35.5C
2023-09-03 04:13:28 RAM 3511/3956MB (lfb 19x1MB) SWAP 1316/4026MB (cached 130MB) CPU [15%@1479,12%@1479,11%@1479,12%@1479] EMC_FREQ 0% GR3D_FREQ 99% PLL@32.5C CPU@36.5C PMIC@50C GPU@34C AO@43C thermal@35C
2023-09-03 04:14:28 RAM 3516/3956MB (lfb 20x1MB) SWAP 1316/4026MB (cached 130MB) CPU [20%@1479,18%@1479,23%@1479,21%@1479] EMC_FREQ 0% GR3D_FREQ 99% PLL@33C CPU@37C PMIC@50C GPU@34.5C AO@43.5C thermal@36C
2023-09-03 04:15:28 RAM 3510/3956MB (lfb 20x1MB) SWAP 1316/4026MB (cached 130MB) CPU [18%@1479,23%@1479,21%@1479,21%@1479] EMC_FREQ 0% GR3D_FREQ 99% PLL@32.5C CPU@37.5C PMIC@50C GPU@34.5C AO@43C thermal@35.5C
2023-09-03 04:16:28 RAM 3516/3956MB (lfb 20x1MB) SWAP 1316/4026MB (cached 130MB) CPU [16%@1224,20%@1224,20%@1224,20%@1224] EMC_FREQ 0% GR3D_FREQ 99% PLL@33C CPU@37C PMIC@50C GPU@34.5C AO@43.5C thermal@35.25C
2023-09-03 04:17:28 RAM 3519/3956MB (lfb 20x1MB) SWAP 1316/4026MB (cached 130MB) CPU [16%@1224,11%@1224,16%@1224,13%@1224] EMC_FREQ 0% GR3D_FREQ 99% PLL@32.5C CPU@37C PMIC@50C GPU@34C AO@43C thermal@35.25C
2023-09-03 04:18:28 RAM 3510/3956MB (lfb 20x1MB) SWAP 1316/4026MB (cached 130MB) CPU [21%@1479,19%@1479,22%@1479,22%@1479] EMC_FREQ 0% GR3D_FREQ 99% PLL@33.5C CPU@37.5C PMIC@50C GPU@34C AO@43.5C thermal@35.5C
2023-09-03 04:19:28 RAM 3515/3956MB (lfb 20x1MB) SWAP 1316/4026MB (cached 130MB) CPU [22%@1479,17%@1479,22%@1479,21%@1479] EMC_FREQ 0% GR3D_FREQ 92% PLL@33C CPU@37C PMIC@50C GPU@34C AO@43C thermal@35.5C
2023-09-03 04:20:28 RAM 3509/3956MB (lfb 20x1MB) SWAP 1316/4026MB (cached 130MB) CPU [13%@1479,16%@1479,20%@1479,16%@1479] EMC_FREQ 0% GR3D_FREQ 99% PLL@32.5C CPU@37C PMIC@50C GPU@34C AO@43.5C thermal@35C
2023-09-03 04:21:28 RAM 3514/3956MB (lfb 20x1MB) SWAP 1316/4026MB (cached 130MB) CPU [19%@1479,16%@1479,14%@1479,18%@1479] EMC_FREQ 0% GR3D_FREQ 99% PLL@32.5C CPU@36.5C PMIC@50C GPU@34C AO@43C thermal@35.25C
2023-09-03 04:22:28 RAM 3520/3956MB (lfb 20x1MB) SWAP 1316/4026MB (cached 130MB) CPU [23%@1479,21%@1479,19%@1479,19%@1479] EMC_FREQ 0% GR3D_FREQ 99% PLL@32.5C CPU@36.5C PMIC@50C GPU@34.5C AO@43C thermal@35C
2023-09-03 04:23:28 RAM 3513/3956MB (lfb 20x1MB) SWAP 1316/4026MB (cached 130MB) CPU [19%@1479,24%@1479,20%@1479,19%@1479] EMC_FREQ 0% GR3D_FREQ 99% PLL@32.5C CPU@38C PMIC@50C GPU@34.5C AO@43C thermal@35.5C
2023-09-03 04:24:28 RAM 3516/3956MB (lfb 20x1MB) SWAP 1315/4026MB (cached 130MB) CPU [13%@1479,13%@1479,13%@1479,12%@1479] EMC_FREQ 0% GR3D_FREQ 99% PLL@32C CPU@36.5C PMIC@50C GPU@34C AO@43C thermal@35C
2023-09-03 04:25:28 RAM 3518/3956MB (lfb 20x1MB) SWAP 1315/4026MB (cached 130MB) CPU [17%@1479,23%@1479,19%@1479,21%@1479] EMC_FREQ 0% GR3D_FREQ 99% PLL@32.5C CPU@36.5C PMIC@50C GPU@34C AO@43.5C thermal@35.25C
2023-09-03 04:26:28 RAM 3513/3956MB (lfb 20x1MB) SWAP 1315/4026MB (cached 130MB) CPU [19%@1224,20%@1224,24%@1224,20%@1224] EMC_FREQ 0% GR3D_FREQ 99% PLL@32.5C CPU@37C PMIC@50C GPU@34C AO@43C thermal@35.5C
2023-09-03 04:27:28 RAM 3518/3956MB (lfb 20x1MB) SWAP 1315/4026MB (cached 130MB) CPU [17%@1479,26%@1479,17%@1479,18%@1479] EMC_FREQ 0% GR3D_FREQ 99% PLL@32.5C CPU@35.5C PMIC@50C GPU@34C AO@42.5C thermal@35.25C
2023-09-03 04:28:28 RAM 3518/3956MB (lfb 20x1MB) SWAP 1315/4026MB (cached 130MB) CPU [15%@1224,15%@1224,11%@1224,12%@1224] EMC_FREQ 0% GR3D_FREQ 99% PLL@32C CPU@36C PMIC@50C GPU@33.5C AO@43C thermal@35C
2023-09-03 04:29:28 RAM 3512/3956MB (lfb 20x1MB) SWAP 1315/4026MB (cached 130MB) CPU [20%@1479,21%@1479,18%@1479,23%@1479] EMC_FREQ 0% GR3D_FREQ 99% PLL@32C CPU@37C PMIC@50C GPU@34C AO@43C thermal@35C
2023-09-03 04:30:28 RAM 3517/3956MB (lfb 20x1MB) SWAP 1315/4026MB (cached 130MB) CPU [20%@1479,23%@1479,19%@1479,19%@1479] EMC_FREQ 0% GR3D_FREQ 99% PLL@32.5C CPU@36C PMIC@50C GPU@34C AO@43C thermal@35.25C
2023-09-03 04:31:28 RAM 3512/3956MB (lfb 20x1MB) SWAP 1315/4026MB (cached 130MB) CPU [21%@1479,17%@1479,16%@1479,15%@1479] EMC_FREQ 0% GR3D_FREQ 99% PLL@32.5C CPU@36C PMIC@50C GPU@34C AO@42.5C thermal@34.75C
2023-09-03 04:32:28 RAM 3515/3956MB (lfb 20x1MB) SWAP 1315/4026MB (cached 130MB) CPU [17%@1479,18%@1479,13%@1479,16%@1479] EMC_FREQ 0% GR3D_FREQ 99% PLL@32C CPU@36C PMIC@50C GPU@34C AO@42.5C thermal@35C
2023-09-03 04:33:28 RAM 3522/3956MB (lfb 20x1MB) SWAP 1315/4026MB (cached 130MB) CPU [22%@1479,19%@1479,20%@1479,21%@1479] EMC_FREQ 0% GR3D_FREQ 99% PLL@33C CPU@37C PMIC@50C GPU@34.5C AO@43C thermal@35.25C
2023-09-03 04:34:28 RAM 3516/3956MB (lfb 20x1MB) SWAP 1315/4026MB (cached 130MB) CPU [20%@1479,18%@1479,22%@1479,22%@1479] EMC_FREQ 0% GR3D_FREQ 99% PLL@32.5C CPU@36C PMIC@50C GPU@34C AO@43C thermal@35.5C
2023-09-03 04:35:28 RAM 3521/3956MB (lfb 20x1MB) SWAP 1315/4026MB (cached 130MB) CPU [15%@1224,10%@1224,14%@1224,15%@1224] EMC_FREQ 0% GR3D_FREQ 99% PLL@32C CPU@36C PMIC@50C GPU@33.5C AO@42.5C thermal@35C
2023-09-03 04:36:28 RAM 3517/3956MB (lfb 20x1MB) SWAP 1315/4026MB (cached 130MB) CPU [19%@1224,17%@1224,21%@1224,22%@1224] EMC_FREQ 0% GR3D_FREQ 99% PLL@32.5C CPU@36C PMIC@50C GPU@34C AO@43C thermal@35.25C
2023-09-03 04:37:28 RAM 3519/3956MB (lfb 20x1MB) SWAP 1315/4026MB (cached 130MB) CPU [21%@1479,17%@1479,24%@1479,19%@1479] EMC_FREQ 0% GR3D_FREQ 99% PLL@32.5C CPU@36.5C PMIC@50C GPU@34.5C AO@43C thermal@36C
2023-09-03 04:38:28 RAM 3523/3956MB (lfb 20x1MB) SWAP 1315/4026MB (cached 130MB) CPU [18%@1479,21%@1479,23%@1479,21%@1479] EMC_FREQ 0% GR3D_FREQ 99% PLL@33C CPU@36.5C PMIC@50C GPU@34C AO@43C thermal@35.5C
2023-09-03 04:39:28 RAM 3517/3956MB (lfb 20x1MB) SWAP 1315/4026MB (cached 130MB) CPU [13%@1479,14%@1479,14%@1479,12%@1479] EMC_FREQ 0% GR3D_FREQ 99% PLL@32C CPU@36.5C PMIC@50C GPU@34.5C AO@43C thermal@35C
2023-09-03 04:40:28 RAM 3520/3956MB (lfb 20x1MB) SWAP 1315/4026MB (cached 130MB) CPU [18%@1479,21%@1479,24%@1479,19%@1479] EMC_FREQ 0% GR3D_FREQ 99% PLL@33C CPU@36.5C PMIC@50C GPU@34C AO@43.5C thermal@35.25C
2023-09-03 04:41:28 RAM 3507/3956MB (lfb 20x1MB) SWAP 1306/4026MB (cached 122MB) CPU [16%@1428,26%@1428,22%@1428,21%@1428] EMC_FREQ 0% GR3D_FREQ 99% PLL@32.5C CPU@36.5C PMIC@50C GPU@34C AO@43C thermal@35.5C
2023-09-03 04:42:28 RAM 3503/3956MB (lfb 20x1MB) SWAP 1306/4026MB (cached 122MB) CPU [16%@1479,21%@1479,19%@1479,18%@1479] EMC_FREQ 0% GR3D_FREQ 99% PLL@32C CPU@36C PMIC@50C GPU@34.5C AO@43C thermal@35.25C
2023-09-03 04:43:28 RAM 3507/3956MB (lfb 20x1MB) SWAP 1306/4026MB (cached 122MB) CPU [15%@1224,14%@1224,15%@1224,15%@1224] EMC_FREQ 0% GR3D_FREQ 99% PLL@32C CPU@36.5C PMIC@50C GPU@34.5C AO@43C thermal@35C
2023-09-03 04:44:28 RAM 3511/3956MB (lfb 20x1MB) SWAP 1306/4026MB (cached 122MB) CPU [20%@1479,18%@1479,22%@1479,22%@1479] EMC_FREQ 0% GR3D_FREQ 99% PLL@33.5C CPU@37.5C PMIC@50C GPU@34.5C AO@43.5C thermal@35.5C
2023-09-03 04:45:28 RAM 3502/3956MB (lfb 20x1MB) SWAP 1306/4026MB (cached 122MB) CPU [23%@1479,17%@1479,22%@1479,20%@1479] EMC_FREQ 0% GR3D_FREQ 99% PLL@32C CPU@36.5C PMIC@50C GPU@34C AO@43C thermal@35.25C
2023-09-03 04:46:28 RAM 3507/3956MB (lfb 20x1MB) SWAP 1306/4026MB (cached 122MB) CPU [15%@1479,14%@1479,14%@1479,14%@1479] EMC_FREQ 0% GR3D_FREQ 99% PLL@32.5C CPU@36.5C PMIC@50C GPU@34C AO@43C thermal@35C
2023-09-03 04:47:28 RAM 3503/3956MB (lfb 20x1MB) SWAP 1306/4026MB (cached 122MB) CPU [22%@1479,19%@1479,16%@1479,18%@1479] EMC_FREQ 0% GR3D_FREQ 99% PLL@32.5C CPU@37C PMIC@50C GPU@34C AO@43C thermal@35.75C
2023-09-03 04:48:28 RAM 3511/3956MB (lfb 20x1MB) SWAP 1306/4026MB (cached 122MB) CPU [19%@1479,23%@1479,19%@1479,20%@1479] EMC_FREQ 0% GR3D_FREQ 99% PLL@33C CPU@37.5C PMIC@50C GPU@34.5C AO@43.5C thermal@35.75C
2023-09-03 04:49:28 RAM 3514/3956MB (lfb 20x1MB) SWAP 1306/4026MB (cached 122MB) CPU [20%@1479,22%@1479,20%@1479,20%@1479] EMC_FREQ 0% GR3D_FREQ 99% PLL@32.5C CPU@36.5C PMIC@50C GPU@34C AO@43.5C thermal@35.75C
2023-09-03 04:50:28 RAM 3505/3956MB (lfb 11x1MB) SWAP 1306/4026MB (cached 122MB) CPU [12%@1224,13%@1224,13%@1224,12%@1224] EMC_FREQ 0% GR3D_FREQ 99% PLL@32C CPU@36.5C PMIC@50C GPU@34C AO@42.5C thermal@35.5C
2023-09-03 04:51:28 RAM 3506/3956MB (lfb 11x1MB) SWAP 1306/4026MB (cached 122MB) CPU [19%@1479,19%@1479,23%@1479,20%@1479] EMC_FREQ 0% GR3D_FREQ 99% PLL@32.5C CPU@36.5C PMIC@50C GPU@34.5C AO@43C thermal@35.5C
2023-09-03 04:52:28 RAM 3507/3956MB (lfb 11x1MB) SWAP 1306/4026MB (cached 122MB) CPU [19%@1479,20%@1479,26%@1479,19%@1479] EMC_FREQ 0% GR3D_FREQ 99% PLL@33.5C CPU@37C PMIC@50C GPU@34C AO@43.5C thermal@36C
2023-09-03 04:53:28 RAM 3511/3956MB (lfb 11x1MB) SWAP 1306/4026MB (cached 122MB) CPU [24%@1479,16%@1479,18%@1479,14%@1479] EMC_FREQ 0% GR3D_FREQ 99% PLL@32.5C CPU@36.5C PMIC@50C GPU@34C AO@43.5C thermal@35.25C
2023-09-03 04:54:28 RAM 3514/3956MB (lfb 11x1MB) SWAP 1306/4026MB (cached 122MB) CPU [19%@1479,11%@1479,15%@1479,13%@1479] EMC_FREQ 0% GR3D_FREQ 99% PLL@32C CPU@36C PMIC@50C GPU@34C AO@43C thermal@35C
2023-09-03 04:55:28 RAM 3508/3956MB (lfb 11x1MB) SWAP 1306/4026MB (cached 122MB) CPU [23%@1479,19%@1479,21%@1479,19%@1479] EMC_FREQ 0% GR3D_FREQ 99% PLL@32.5C CPU@37C PMIC@50C GPU@34.5C AO@43C thermal@35.25C
2023-09-03 04:56:28 RAM 3511/3956MB (lfb 11x1MB) SWAP 1306/4026MB (cached 122MB) CPU [20%@1479,21%@1479,22%@1479,20%@1479] EMC_FREQ 0% GR3D_FREQ 99% PLL@32.5C CPU@36.5C PMIC@50C GPU@34C AO@43.5C thermal@35.5C
2023-09-03 04:57:28 RAM 3516/3956MB (lfb 11x1MB) SWAP 1306/4026MB (cached 122MB) CPU [20%@1326,16%@1326,13%@1326,11%@1326] EMC_FREQ 0% GR3D_FREQ 99% PLL@32C CPU@37C PMIC@50C GPU@34C AO@43C thermal@35C
2023-09-03 04:58:28 RAM 3511/3956MB (lfb 11x1MB) SWAP 1306/4026MB (cached 122MB) CPU [18%@1479,22%@1479,16%@1479,18%@1479] EMC_FREQ 0% GR3D_FREQ 99% PLL@33C CPU@37C PMIC@50C GPU@34C AO@43.5C thermal@35.25C
2023-09-03 04:59:28 RAM 3518/3956MB (lfb 11x1MB) SWAP 1306/4026MB (cached 122MB) CPU [22%@1479,23%@1479,17%@1479,20%@1479] EMC_FREQ 0% GR3D_FREQ 99% PLL@32.5C CPU@37C PMIC@50C GPU@34C AO@43C thermal@35.25C
2023-09-03 05:00:28 RAM 3512/3956MB (lfb 11x1MB) SWAP 1306/4026MB (cached 122MB) CPU [18%@1479,26%@1479,19%@1479,20%@1479] EMC_FREQ 0% GR3D_FREQ 99% PLL@33C CPU@38C PMIC@50C GPU@34C AO@43C thermal@35.25C
2023-09-03 05:01:28 RAM 3513/3956MB (lfb 11x1MB) SWAP 1306/4026MB (cached 122MB) CPU [13%@1479,15%@1479,10%@1479,12%@1479] EMC_FREQ 0% GR3D_FREQ 99% PLL@32C CPU@36C PMIC@50C GPU@34C AO@43C thermal@35C
2023-09-03 05:02:28 RAM 3517/3956MB (lfb 11x1MB) SWAP 1306/4026MB (cached 122MB) CPU [23%@1479,18%@1479,19%@1479,23%@1479] EMC_FREQ 0% GR3D_FREQ 99% PLL@32.5C CPU@38C PMIC@50C GPU@34.5C AO@43C thermal@35.5C
2023-09-03 05:03:28 RAM 3511/3956MB (lfb 11x1MB) SWAP 1306/4026MB (cached 122MB) CPU [20%@1479,26%@1479,17%@1479,22%@1479] EMC_FREQ 0% GR3D_FREQ 99% PLL@32.5C CPU@36.5C PMIC@50C GPU@34C AO@43C thermal@35.5C
2023-09-03 05:04:28 RAM 3517/3956MB (lfb 11x1MB) SWAP 1306/4026MB (cached 122MB) CPU [17%@1479,23%@1479,19%@1479,19%@1479] EMC_FREQ 0% GR3D_FREQ 99% PLL@32.5C CPU@36.5C PMIC@50C GPU@34C AO@42.5C thermal@35.25C
2023-09-03 05:05:28 RAM 3521/3956MB (lfb 11x1MB) SWAP 1306/4026MB (cached 122MB) CPU [13%@1224,12%@1224,15%@1224,15%@1224] EMC_FREQ 0% GR3D_FREQ 99% PLL@32C CPU@36.5C PMIC@50C GPU@34C AO@43C thermal@36C
2023-09-03 05:06:28 RAM 3516/3956MB (lfb 11x1MB) SWAP 1306/4026MB (cached 122MB) CPU [20%@1479,20%@1479,22%@1479,20%@1479] EMC_FREQ 0% GR3D_FREQ 99% PLL@32.5C CPU@37C PMIC@50C GPU@34C AO@43C thermal@35.75C
2023-09-03 05:07:28 RAM 3517/3956MB (lfb 11x1MB) SWAP 1306/4026MB (cached 122MB) CPU [23%@1224,21%@1224,19%@1224,19%@1224] EMC_FREQ 0% GR3D_FREQ 99% PLL@32.5C CPU@36.5C PMIC@50C GPU@34.5C AO@43C thermal@35.5C
2023-09-03 05:08:28 RAM 3512/3956MB (lfb 11x1MB) SWAP 1306/4026MB (cached 122MB) CPU [15%@1224,19%@1224,18%@1224,16%@1224] EMC_FREQ 0% GR3D_FREQ 99% PLL@32.5C CPU@36.5C PMIC@50C GPU@34C AO@43C thermal@35C
2023-09-03 05:09:28 RAM 3518/3956MB (lfb 11x1MB) SWAP 1306/4026MB (cached 122MB) CPU [18%@1479,16%@1479,17%@1479,16%@1479] EMC_FREQ 0% GR3D_FREQ 99% PLL@32C CPU@37C PMIC@50C GPU@34C AO@43C thermal@35C
2023-09-03 05:10:28 RAM 3522/3956MB (lfb 8x1MB) SWAP 1306/4026MB (cached 122MB) CPU [20%@1479,18%@1479,24%@1479,20%@1479] EMC_FREQ 0% GR3D_FREQ 99% PLL@32.5C CPU@37.5C PMIC@50C GPU@34C AO@43.5C thermal@35C
2023-09-03 05:11:28 RAM 3516/3956MB (lfb 8x1MB) SWAP 1306/4026MB (cached 122MB) CPU [19%@1224,19%@1224,25%@1224,20%@1224] EMC_FREQ 0% GR3D_FREQ 99% PLL@32.5C CPU@36.5C PMIC@50C GPU@34C AO@43C thermal@35.25C
2023-09-03 05:12:28 RAM 3519/3956MB (lfb 8x1MB) SWAP 1306/4026MB (cached 122MB) CPU [12%@1224,13%@1224,15%@1224,12%@1224] EMC_FREQ 0% GR3D_FREQ 99% PLL@32.5C CPU@36.5C PMIC@50C GPU@33.5C AO@42.5C thermal@34.75C
2023-09-03 05:13:28 RAM 3519/3956MB (lfb 8x1MB) SWAP 1306/4026MB (cached 122MB) CPU [21%@1224,23%@1224,22%@1224,22%@1224] EMC_FREQ 0% GR3D_FREQ 99% PLL@32.5C CPU@37C PMIC@50C GPU@34.5C AO@43C thermal@35.25C
2023-09-03 05:14:28 RAM 3525/3956MB (lfb 8x1MB) SWAP 1306/4026MB (cached 122MB) CPU [20%@1224,19%@1224,24%@1224,19%@1224] EMC_FREQ 0% GR3D_FREQ 61% PLL@33C CPU@37C PMIC@50C GPU@34C AO@43C thermal@35.5C
2023-09-03 05:15:28 RAM 3528/3956MB (lfb 8x1MB) SWAP 1306/4026MB (cached 122MB) CPU [18%@1428,23%@1428,23%@1428,19%@1428] EMC_FREQ 0% GR3D_FREQ 99% PLL@32.5C CPU@36C PMIC@50C GPU@34C AO@43C thermal@35C
2023-09-03 05:16:28 RAM 3522/3956MB (lfb 8x1MB) SWAP 1306/4026MB (cached 122MB) CPU [13%@1224,14%@1224,13%@1224,12%@1224] EMC_FREQ 0% GR3D_FREQ 99% PLL@32.5C CPU@37C PMIC@50C GPU@34C AO@43C thermal@35C
2023-09-03 05:17:28 RAM 3529/3956MB (lfb 8x1MB) SWAP 1306/4026MB (cached 122MB) CPU [19%@1479,22%@1479,23%@1479,20%@1479] EMC_FREQ 0% GR3D_FREQ 99% PLL@33C CPU@37C PMIC@50C GPU@34.5C AO@43C thermal@36.25C
2023-09-03 05:18:28 RAM 3531/3956MB (lfb 8x1MB) SWAP 1306/4026MB (cached 122MB) CPU [22%@1479,16%@1479,23%@1479,21%@1479] EMC_FREQ 0% GR3D_FREQ 89% PLL@33C CPU@37C PMIC@50C GPU@34C AO@43.5C thermal@35.75C
2023-09-03 05:19:28 RAM 3524/3956MB (lfb 8x1MB) SWAP 1306/4026MB (cached 122MB) CPU [16%@1479,16%@1479,21%@1479,17%@1479] EMC_FREQ 0% GR3D_FREQ 99% PLL@32.5C CPU@37C PMIC@50C GPU@34C AO@43C thermal@35.25C
2023-09-03 05:20:28 RAM 3526/3956MB (lfb 8x1MB) SWAP 1306/4026MB (cached 122MB) CPU [15%@1479,16%@1479,16%@1479,17%@1479] EMC_FREQ 0% GR3D_FREQ 99% PLL@33C CPU@36.5C PMIC@50C GPU@34C AO@43C thermal@35.25C
2023-09-03 05:21:28 RAM 3518/3956MB (lfb 8x1MB) SWAP 1306/4026MB (cached 122MB) CPU [17%@1326,19%@1326,27%@1326,21%@1326] EMC_FREQ 0% GR3D_FREQ 99% PLL@33C CPU@37C PMIC@50C GPU@34.5C AO@43C thermal@35.25C
2023-09-03 05:22:28 RAM 3523/3956MB (lfb 8x1MB) SWAP 1306/4026MB (cached 122MB) CPU [17%@1224,21%@1224,25%@1224,20%@1224] EMC_FREQ 0% GR3D_FREQ 99% PLL@32.5C CPU@37C PMIC@50C GPU@34C AO@43C thermal@35.25C
2023-09-03 05:23:28 RAM 3526/3956MB (lfb 8x1MB) SWAP 1306/4026MB (cached 122MB) CPU [13%@1479,14%@1479,16%@1479,14%@1479] EMC_FREQ 0% GR3D_FREQ 99% PLL@32.5C CPU@36.5C PMIC@50C GPU@34C AO@43C thermal@35.25C
2023-09-03 05:24:28 RAM 3524/3956MB (lfb 8x1MB) SWAP 1306/4026MB (cached 122MB) CPU [19%@1479,21%@1479,21%@1479,17%@1479] EMC_FREQ 0% GR3D_FREQ 99% PLL@32.5C CPU@36.5C PMIC@50C GPU@34C AO@43C thermal@35.5C
2023-09-03 05:25:28 RAM 3527/3956MB (lfb 8x1MB) SWAP 1306/4026MB (cached 122MB) CPU [17%@1224,24%@1224,23%@1224,19%@1224] EMC_FREQ 0% GR3D_FREQ 99% PLL@32.5C CPU@37C PMIC@50C GPU@34C AO@43.5C thermal@35.25C
2023-09-03 05:26:28 RAM 3532/3956MB (lfb 8x1MB) SWAP 1306/4026MB (cached 122MB) CPU [19%@1479,20%@1479,25%@1479,17%@1479] EMC_FREQ 0% GR3D_FREQ 99% PLL@33C CPU@37.5C PMIC@50C GPU@34C AO@43C thermal@35.5C
2023-09-03 05:27:28 RAM 3522/3956MB (lfb 8x1MB) SWAP 1306/4026MB (cached 122MB) CPU [14%@1479,11%@1479,14%@1479,12%@1479] EMC_FREQ 0% GR3D_FREQ 99% PLL@33C CPU@37C PMIC@50C GPU@34C AO@43.5C thermal@35.5C
2023-09-03 05:28:28 RAM 3529/3956MB (lfb 8x1MB) SWAP 1306/4026MB (cached 122MB) CPU [21%@1224,21%@1224,23%@1224,17%@1224] EMC_FREQ 0% GR3D_FREQ 99% PLL@32.5C CPU@37C PMIC@50C GPU@34C AO@43.5C thermal@35.5C
2023-09-03 05:29:28 RAM 3525/3956MB (lfb 8x1MB) SWAP 1307/4026MB (cached 122MB) CPU [24%@1479,18%@1479,24%@1479,20%@1479] EMC_FREQ 0% GR3D_FREQ 99% PLL@32.5C CPU@37.5C PMIC@50C GPU@34.5C AO@44C thermal@36C
2023-09-03 05:30:28 RAM 3525/3956MB (lfb 8x1MB) SWAP 1307/4026MB (cached 122MB) CPU [16%@1224,17%@1224,21%@1224,17%@1224] EMC_FREQ 0% GR3D_FREQ 99% PLL@32.5C CPU@36.5C PMIC@50C GPU@33.5C AO@43C thermal@35.5C
2023-09-03 05:31:28 RAM 3529/3956MB (lfb 8x1MB) SWAP 1307/4026MB (cached 122MB) CPU [15%@1479,15%@1479,16%@1479,14%@1479] EMC_FREQ 0% GR3D_FREQ 99% PLL@33C CPU@37C PMIC@50C GPU@34C AO@43C thermal@35.25C
2023-09-03 05:32:28 RAM 3522/3956MB (lfb 8x1MB) SWAP 1307/4026MB (cached 122MB) CPU [19%@1224,19%@1224,25%@1224,21%@1224] EMC_FREQ 0% GR3D_FREQ 99% PLL@32.5C CPU@36.5C PMIC@50C GPU@34C AO@43C thermal@35.25C
2023-09-03 05:33:28 RAM 3529/3956MB (lfb 8x1MB) SWAP 1307/4026MB (cached 122MB) CPU [21%@1479,19%@1479,23%@1479,20%@1479] EMC_FREQ 0% GR3D_FREQ 99% PLL@32.5C CPU@37C PMIC@50C GPU@34.5C AO@43C thermal@35.5C
2023-09-03 05:34:28 RAM 3531/3956MB (lfb 8x1MB) SWAP 1307/4026MB (cached 122MB) CPU [17%@1479,15%@1479,17%@1479,13%@1479] EMC_FREQ 0% GR3D_FREQ 99% PLL@32.5C CPU@37C PMIC@50C GPU@34C AO@43C thermal@35.25C
2023-09-03 05:35:28 RAM 3529/3956MB (lfb 8x1MB) SWAP 1307/4026MB (cached 122MB) CPU [16%@1479,20%@1479,21%@1479,17%@1479] EMC_FREQ 0% GR3D_FREQ 99% PLL@33C CPU@37C PMIC@50C GPU@33.5C AO@43.5C thermal@35.25C
2023-09-03 05:36:28 RAM 3531/3956MB (lfb 8x1MB) SWAP 1307/4026MB (cached 122MB) CPU [17%@1479,20%@1479,26%@1479,20%@1479] EMC_FREQ 0% GR3D_FREQ 99% PLL@32.5C CPU@36.5C PMIC@50C GPU@34C AO@43C thermal@35.5C
2023-09-03 05:37:28 RAM 3527/3956MB (lfb 8x1MB) SWAP 1307/4026MB (cached 122MB) CPU [19%@1479,19%@1479,27%@1479,19%@1479] EMC_FREQ 0% GR3D_FREQ 99% PLL@33C CPU@37C PMIC@50C GPU@34C AO@43C thermal@35.25C
2023-09-03 05:38:28 RAM 3530/3956MB (lfb 8x1MB) SWAP 1302/4026MB (cached 122MB) CPU [11%@1479,13%@1479,14%@1479,12%@1479] EMC_FREQ 0% GR3D_FREQ 99% PLL@32.5C CPU@36.5C PMIC@50C GPU@34C AO@43C thermal@35.75C
2023-09-03 05:39:28 RAM 3534/3956MB (lfb 8x1MB) SWAP 1300/4026MB (cached 123MB) CPU [18%@1479,20%@1479,22%@1479,22%@1479] EMC_FREQ 0% GR3D_FREQ 99% PLL@33C CPU@36.5C PMIC@50C GPU@34C AO@43.5C thermal@35.25C
2023-09-03 05:40:28 RAM 3529/3956MB (lfb 8x1MB) SWAP 1300/4026MB (cached 123MB) CPU [19%@1479,20%@1479,21%@1479,22%@1479] EMC_FREQ 0% GR3D_FREQ 99% PLL@33C CPU@36.5C PMIC@50C GPU@34C AO@43.5C thermal@35.5C
2023-09-03 05:41:28 RAM 3532/3956MB (lfb 8x1MB) SWAP 1300/4026MB (cached 123MB) CPU [18%@1224,20%@1224,18%@1224,20%@1224] EMC_FREQ 0% GR3D_FREQ 99% PLL@32.5C CPU@37C PMIC@50C GPU@34.5C AO@43.5C thermal@35.25C
2023-09-03 05:42:28 RAM 3531/3956MB (lfb 8x1MB) SWAP 1300/4026MB (cached 123MB) CPU [18%@1224,14%@1224,13%@1224,12%@1224] EMC_FREQ 0% GR3D_FREQ 99% PLL@32.5C CPU@36.5C PMIC@50C GPU@34C AO@43.5C thermal@35.75C
2023-09-03 05:43:28 RAM 3529/3956MB (lfb 8x1MB) SWAP 1300/4026MB (cached 123MB) CPU [23%@1479,21%@1479,21%@1479,18%@1479] EMC_FREQ 0% GR3D_FREQ 99% PLL@33C CPU@37C PMIC@50C GPU@34.5C AO@43C thermal@35.75C
2023-09-03 05:44:28 RAM 3530/3956MB (lfb 8x1MB) SWAP 1300/4026MB (cached 123MB) CPU [19%@1224,19%@1224,25%@1224,19%@1326] EMC_FREQ 0% GR3D_FREQ 71% PLL@32.5C CPU@36.5C PMIC@50C GPU@34.5C AO@43C thermal@35.25C
2023-09-03 05:45:28 RAM 3532/3956MB (lfb 8x1MB) SWAP 1300/4026MB (cached 123MB) CPU [15%@1479,15%@1479,18%@1479,16%@1479] EMC_FREQ 0% GR3D_FREQ 99% PLL@33C CPU@37C PMIC@50C GPU@34C AO@43.5C thermal@35.25C
2023-09-03 05:46:28 RAM 3527/3956MB (lfb 8x1MB) SWAP 1300/4026MB (cached 123MB) CPU [17%@1479,15%@1479,19%@1479,18%@1479] EMC_FREQ 0% GR3D_FREQ 99% PLL@33C CPU@37.5C PMIC@50C GPU@34C AO@43.5C thermal@35.75C
2023-09-03 05:47:28 RAM 3531/3956MB (lfb 8x1MB) SWAP 1300/4026MB (cached 123MB) CPU [20%@1428,21%@1428,22%@1428,19%@1428] EMC_FREQ 0% GR3D_FREQ 99% PLL@32.5C CPU@37C PMIC@50C GPU@34.5C AO@43.5C thermal@35.75C
2023-09-03 05:48:28 RAM 3527/3956MB (lfb 8x1MB) SWAP 1300/4026MB (cached 123MB) CPU [17%@1479,19%@1479,26%@1479,21%@1479] EMC_FREQ 0% GR3D_FREQ 99% PLL@32.5C CPU@37.5C PMIC@50C GPU@34C AO@43.5C thermal@35.5C
2023-09-03 05:49:28 RAM 3528/3956MB (lfb 8x1MB) SWAP 1300/4026MB (cached 123MB) CPU [14%@1479,11%@1479,13%@1479,13%@1479] EMC_FREQ 0% GR3D_FREQ 99% PLL@32C CPU@36.5C PMIC@50C GPU@34C AO@43C thermal@35C
2023-09-03 05:50:28 RAM 3532/3956MB (lfb 8x1MB) SWAP 1300/4026MB (cached 123MB) CPU [20%@1479,19%@1479,22%@1479,19%@1479] EMC_FREQ 0% GR3D_FREQ 99% PLL@33C CPU@37C PMIC@50C GPU@34C AO@43.5C thermal@35.25C
2023-09-03 05:51:28 RAM 3526/3956MB (lfb 8x1MB) SWAP 1300/4026MB (cached 123MB) CPU [18%@1479,20%@1479,26%@1479,20%@1479] EMC_FREQ 0% GR3D_FREQ 99% PLL@32.5C CPU@37C PMIC@50C GPU@34C AO@43C thermal@35.25C
2023-09-03 05:52:28 RAM 3531/3956MB (lfb 8x1MB) SWAP 1300/4026MB (cached 123MB) CPU [17%@1326,20%@1326,24%@1326,18%@1326] EMC_FREQ 0% GR3D_FREQ 99% PLL@31.5C CPU@36.5C PMIC@50C GPU@33.5C AO@43C thermal@35.25C
2023-09-03 05:53:28 RAM 3535/3956MB (lfb 8x1MB) SWAP 1306/4026MB (cached 122MB) CPU [13%@1479,10%@1479,11%@1479,10%@1479] EMC_FREQ 0% GR3D_FREQ 73% PLL@32C CPU@36.5C PMIC@50C GPU@33.5C AO@42.5C thermal@34.75C
2023-09-03 05:54:28 RAM 3592/3956MB (lfb 4x1MB) SWAP 1362/4026MB (cached 120MB) CPU [23%@1224,12%@1224,12%@1224,19%@1224] EMC_FREQ 0% GR3D_FREQ 0% PLL@29C CPU@31.5C PMIC@50C GPU@29C AO@39.5C thermal@30.5C
2023-09-03 05:55:28 RAM 3569/3956MB (lfb 1x2MB) SWAP 1448/4026MB (cached 119MB) CPU [20%@1224,15%@1224,14%@1224,15%@1224] EMC_FREQ 0% GR3D_FREQ 99% PLL@28.5C CPU@33C PMIC@50C GPU@30.5C AO@39C thermal@30.25C
2023-09-03 05:56:28 RAM 2029/3956MB (lfb 31x4MB) SWAP 1075/4026MB (cached 120MB) CPU [6%@1479,7%@1479,5%@1479,5%@1479] EMC_FREQ 0% GR3D_FREQ 0% PLL@26C CPU@29C PMIC@50C GPU@26.5C AO@36.5C thermal@27.5C
2023-09-03 05:57:28 RAM 2115/3956MB (lfb 31x4MB) SWAP 1018/4026MB (cached 163MB) CPU [28%@1479,28%@1479,28%@1479,29%@1479] EMC_FREQ 0% GR3D_FREQ 0% PLL@25.5C CPU@28.5C PMIC@50C GPU@26C AO@36.5C thermal@27.5C
2023-09-03 05:58:28 RAM 2922/3956MB (lfb 2x4MB) SWAP 1011/4026MB (cached 171MB) CPU [18%@1479,16%@1479,20%@1479,11%@1479] EMC_FREQ 0% GR3D_FREQ 0% PLL@24.5C CPU@27.5C PMIC@50C GPU@25.5C AO@35.5C thermal@27.75C
2023-09-03 05:59:28 RAM 3459/3956MB (lfb 3x256kB) SWAP 994/4026MB (cached 154MB) CPU [9%@1479,8%@1479,8%@1479,5%@1479] EMC_FREQ 0% GR3D_FREQ 44% PLL@24.5C CPU@28.5C PMIC@50C GPU@24.5C AO@35C thermal@26.5C
2023-09-03 06:00:28 RAM 3583/3956MB (lfb 3x256kB) SWAP 1005/4026MB (cached 147MB) CPU [6%@1224,4%@1224,4%@1224,2%@1224] EMC_FREQ 0% GR3D_FREQ 0% PLL@23.5C CPU@27C PMIC@50C GPU@25.5C AO@34C thermal@26C
2023-09-03 06:01:28 RAM 3560/3956MB (lfb 4x256kB) SWAP 1074/4026MB (cached 125MB) CPU [15%@1479,14%@1479,11%@1479,18%@1479] EMC_FREQ 0% GR3D_FREQ 99% PLL@26.5C CPU@30C PMIC@50C GPU@27.5C AO@36.5C thermal@29.25C
2023-09-03 06:02:28 RAM 3530/3956MB (lfb 1x2MB) SWAP 1149/4026MB (cached 116MB) CPU [28%@1479,18%@1479,22%@1479,15%@1479] EMC_FREQ 0% GR3D_FREQ 99% PLL@28C CPU@32.5C PMIC@50C GPU@30C AO@39.5C thermal@31C
2023-09-03 06:03:28 RAM 3503/3956MB (lfb 1x2MB) SWAP 1204/4026MB (cached 117MB) CPU [23%@1479,19%@1479,25%@1479,22%@1479] EMC_FREQ 0% GR3D_FREQ 99% PLL@30C CPU@34C PMIC@50C GPU@31.5C AO@40.5C thermal@33C
2023-09-03 06:04:28 RAM 3475/3956MB (lfb 1x2MB) SWAP 1288/4026MB (cached 119MB) CPU [15%@1224,18%@1224,17%@1224,15%@1224] EMC_FREQ 0% GR3D_FREQ 0% PLL@28.5C CPU@31.5C PMIC@50C GPU@30.5C AO@39.5C thermal@31C
2023-09-03 06:05:28 RAM 3467/3956MB (lfb 3x2MB) SWAP 1326/4026MB (cached 125MB) CPU [9%@1224,10%@1224,8%@1224,6%@1224] EMC_FREQ 0% GR3D_FREQ 99% PLL@28.5C CPU@33C PMIC@50C GPU@30.5C AO@39.5C thermal@31C
2023-09-03 06:06:28 RAM 3409/3956MB (lfb 7x2MB) SWAP 1433/4026MB (cached 125MB) CPU [23%@1479,21%@1479,16%@1479,21%@1479] EMC_FREQ 0% GR3D_FREQ 99% PLL@31C CPU@34.5C PMIC@50C GPU@32C AO@41.5C thermal@33.25C
2023-09-03 06:07:28 RAM 3413/3956MB (lfb 7x2MB) SWAP 1432/4026MB (cached 125MB) CPU [23%@1479,17%@1479,17%@1479,26%@1479] EMC_FREQ 0% GR3D_FREQ 99% PLL@31C CPU@35C PMIC@50C GPU@32.5C AO@42C thermal@34C
2023-09-03 06:08:28 RAM 3414/3956MB (lfb 7x2MB) SWAP 1432/4026MB (cached 125MB) CPU [25%@1479,15%@1479,13%@1479,13%@1479] EMC_FREQ 0% GR3D_FREQ 99% PLL@31C CPU@35.5C PMIC@50C GPU@33.5C AO@42C thermal@34C
2023-09-03 06:09:28 RAM 3420/3956MB (lfb 7x2MB) SWAP 1431/4026MB (cached 125MB) CPU [21%@1428,20%@1428,15%@1224,18%@1479] EMC_FREQ 0% GR3D_FREQ 99% PLL@31.5C CPU@35.5C PMIC@50C GPU@33.5C AO@42.5C thermal@34.75C
2023-09-03 06:10:28 RAM 3417/3956MB (lfb 7x2MB) SWAP 1430/4026MB (cached 125MB) CPU [22%@1479,19%@1479,21%@1479,21%@1479] EMC_FREQ 0% GR3D_FREQ 99% PLL@32.5C CPU@37.5C PMIC@50C GPU@34C AO@43C thermal@35C
2023-09-03 06:11:28 RAM 3422/3956MB (lfb 7x2MB) SWAP 1430/4026MB (cached 125MB) CPU [17%@1479,16%@1479,13%@1479,18%@1479] EMC_FREQ 0% GR3D_FREQ 99% PLL@32C CPU@36C PMIC@50C GPU@33.5C AO@42.5C thermal@35C
2023-09-03 06:12:28 RAM 3418/3956MB (lfb 7x2MB) SWAP 1429/4026MB (cached 125MB) CPU [18%@1479,19%@1479,19%@1479,17%@1479] EMC_FREQ 0% GR3D_FREQ 99% PLL@32.5C CPU@36C PMIC@50C GPU@34C AO@43C thermal@35.25C
2023-09-03 06:13:28 RAM 3422/3956MB (lfb 7x2MB) SWAP 1429/4026MB (cached 125MB) CPU [17%@1479,24%@1479,22%@1479,19%@1479] EMC_FREQ 0% GR3D_FREQ 99% PLL@32C CPU@36C PMIC@50C GPU@34C AO@43C thermal@35.5C
2023-09-03 06:14:28 RAM 3418/3956MB (lfb 6x2MB) SWAP 1428/4026MB (cached 125MB) CPU [19%@1479,15%@1479,20%@1479,16%@1479] EMC_FREQ 0% GR3D_FREQ 99% PLL@32C CPU@36.5C PMIC@50C GPU@34C AO@43C thermal@34.75C
2023-09-03 06:15:28 RAM 3423/3956MB (lfb 6x2MB) SWAP 1428/4026MB (cached 125MB) CPU [20%@1479,17%@1479,16%@1479,14%@1479] EMC_FREQ 0% GR3D_FREQ 99% PLL@33C CPU@37C PMIC@50C GPU@34C AO@43.5C thermal@35C
2023-09-03 06:16:28 RAM 3416/3956MB (lfb 6x2MB) SWAP 1431/4026MB (cached 125MB) CPU [27%@1479,19%@1479,17%@1479,22%@1479] EMC_FREQ 0% GR3D_FREQ 99% PLL@32.5C CPU@36.5C PMIC@50C GPU@34C AO@43.5C thermal@35.25C
2023-09-03 06:17:28 RAM 3436/3956MB (lfb 6x2MB) SWAP 1448/4026MB (cached 128MB) CPU [23%@1479,18%@1479,17%@1479,17%@1479] EMC_FREQ 0% GR3D_FREQ 99% PLL@33C CPU@36.5C PMIC@50C GPU@34C AO@43.5C thermal@35.5C
2023-09-03 06:18:28 RAM 3402/3956MB (lfb 7x2MB) SWAP 1475/4026MB (cached 131MB) CPU [21%@1479,19%@1479,16%@1479,15%@1479] EMC_FREQ 0% GR3D_FREQ 99% PLL@32.5C CPU@36.5C PMIC@50C GPU@34C AO@43C thermal@36C
2023-09-03 06:19:28 RAM 3409/3956MB (lfb 7x2MB) SWAP 1474/4026MB (cached 131MB) CPU [17%@1479,24%@1479,23%@1479,20%@1479] EMC_FREQ 0% GR3D_FREQ 99% PLL@33.5C CPU@37.5C PMIC@50C GPU@34C AO@43.5C thermal@35.25C
2023-09-03 06:20:28 RAM 3402/3956MB (lfb 7x2MB) SWAP 1476/4026MB (cached 131MB) CPU [21%@1479,19%@1479,26%@1479,19%@1479] EMC_FREQ 0% GR3D_FREQ 99% PLL@32.5C CPU@36C PMIC@50C GPU@34.5C AO@43C thermal@35.25C
2023-09-03 06:21:28 RAM 3409/3956MB (lfb 7x2MB) SWAP 1475/4026MB (cached 131MB) CPU [15%@1479,16%@1479,15%@1479,14%@1479] EMC_FREQ 0% GR3D_FREQ 99% PLL@32.5C CPU@36.5C PMIC@50C GPU@34C AO@43C thermal@35.5C
2023-09-03 06:22:28 RAM 3405/3956MB (lfb 7x2MB) SWAP 1475/4026MB (cached 131MB) CPU [25%@1479,20%@1479,21%@1479,20%@1479] EMC_FREQ 0% GR3D_FREQ 99% PLL@33C CPU@37C PMIC@50C GPU@34C AO@43C thermal@35.5C
2023-09-03 06:23:28 RAM 3412/3956MB (lfb 7x2MB) SWAP 1474/4026MB (cached 131MB) CPU [17%@1479,23%@1479,20%@1479,19%@1479] EMC_FREQ 0% GR3D_FREQ 99% PLL@32.5C CPU@36.5C PMIC@50C GPU@34.5C AO@43C thermal@35.5C
2023-09-03 06:24:28 RAM 3408/3956MB (lfb 7x2MB) SWAP 1474/4026MB (cached 131MB) CPU [15%@1479,14%@1479,16%@1479,15%@1479] EMC_FREQ 0% GR3D_FREQ 99% PLL@33.5C CPU@37.5C PMIC@50C GPU@34.5C AO@43.5C thermal@35.75C
2023-09-03 06:25:28 RAM 3414/3956MB (lfb 6x2MB) SWAP 1473/4026MB (cached 131MB) CPU [20%@1479,21%@1479,21%@1479,22%@1479] EMC_FREQ 0% GR3D_FREQ 99% PLL@33C CPU@37.5C PMIC@50C GPU@34.5C AO@43.5C thermal@36C
2023-09-03 06:26:28 RAM 3409/3956MB (lfb 7x2MB) SWAP 1473/4026MB (cached 131MB) CPU [21%@1479,20%@1479,21%@1479,21%@1479] EMC_FREQ 0% GR3D_FREQ 99% PLL@32C CPU@37C PMIC@50C GPU@34.5C AO@43C thermal@35.5C
2023-09-03 06:27:28 RAM 3413/3956MB (lfb 7x2MB) SWAP 1472/4026MB (cached 131MB) CPU [16%@1479,13%@1479,13%@1479,12%@1479] EMC_FREQ 0% GR3D_FREQ 61% PLL@33C CPU@37C PMIC@50C GPU@34.5C AO@43C thermal@35.75C
2023-09-03 06:28:28 RAM 3425/3956MB (lfb 3x2MB) SWAP 1470/4026MB (cached 136MB) CPU [24%@1479,20%@1479,22%@1479,20%@1479] EMC_FREQ 0% GR3D_FREQ 99% PLL@33C CPU@38.5C PMIC@50C GPU@34.5C AO@43C thermal@35.75C
2023-09-03 06:29:28 RAM 3432/3956MB (lfb 3x2MB) SWAP 1469/4026MB (cached 136MB) CPU [23%@1479,21%@1479,20%@1479,20%@1479] EMC_FREQ 0% GR3D_FREQ 99% PLL@33.5C CPU@37.5C PMIC@50C GPU@34.5C AO@43.5C thermal@35.5C
2023-09-03 06:30:28 RAM 3415/3956MB (lfb 7x2MB) SWAP 1465/4026MB (cached 140MB) CPU [15%@1479,17%@1479,10%@1479,14%@1479] EMC_FREQ 0% GR3D_FREQ 99% PLL@32C CPU@36C PMIC@50C GPU@34C AO@43C thermal@35C
2023-09-03 06:31:28 RAM 3423/3956MB (lfb 6x2MB) SWAP 1463/4026MB (cached 140MB) CPU [23%@1479,20%@1479,20%@1479,20%@1479] EMC_FREQ 0% GR3D_FREQ 99% PLL@32.5C CPU@36.5C PMIC@50C GPU@34C AO@43C thermal@35.5C
2023-09-03 06:32:28 RAM 3421/3956MB (lfb 6x2MB) SWAP 1463/4026MB (cached 141MB) CPU [23%@1479,19%@1479,22%@1479,21%@1479] EMC_FREQ 0% GR3D_FREQ 99% PLL@32.5C CPU@36.5C PMIC@50C GPU@34C AO@43.5C thermal@35.25C
2023-09-03 06:33:28 RAM 3425/3956MB (lfb 6x2MB) SWAP 1461/4026MB (cached 141MB) CPU [16%@1479,16%@1479,10%@1479,12%@1479] EMC_FREQ 0% GR3D_FREQ 99% PLL@32.5C CPU@37.5C PMIC@50C GPU@34C AO@43.5C thermal@35.5C
2023-09-03 06:34:28 RAM 3421/3956MB (lfb 6x2MB) SWAP 1461/4026MB (cached 141MB) CPU [24%@1224,23%@1224,19%@1224,19%@1224] EMC_FREQ 0% GR3D_FREQ 99% PLL@32.5C CPU@36.5C PMIC@50C GPU@34C AO@43C thermal@35.5C
2023-09-03 06:35:28 RAM 3428/3956MB (lfb 6x2MB) SWAP 1460/4026MB (cached 141MB) CPU [23%@1479,21%@1479,19%@1479,21%@1479] EMC_FREQ 0% GR3D_FREQ 99% PLL@32.5C CPU@36.5C PMIC@50C GPU@34.5C AO@43C thermal@35.5C
2023-09-03 06:36:28 RAM 3421/3956MB (lfb 6x2MB) SWAP 1460/4026MB (cached 141MB) CPU [15%@1479,16%@1479,12%@1479,10%@1479] EMC_FREQ 0% GR3D_FREQ 78% PLL@31.5C CPU@36.5C PMIC@50C GPU@34C AO@43C thermal@35C
2023-09-03 06:37:28 RAM 3424/3956MB (lfb 6x2MB) SWAP 1460/4026MB (cached 141MB) CPU [22%@1479,20%@1479,18%@1479,22%@1479] EMC_FREQ 0% GR3D_FREQ 99% PLL@32.5C CPU@37C PMIC@50C GPU@33.5C AO@43C thermal@35C
2023-09-03 06:38:28 RAM 3423/3956MB (lfb 6x2MB) SWAP 1460/4026MB (cached 141MB) CPU [23%@1479,21%@1479,21%@1479,19%@1479] EMC_FREQ 0% GR3D_FREQ 99% PLL@32C CPU@37C PMIC@50C GPU@34C AO@43.5C thermal@35.25C
2023-09-03 06:39:28 RAM 3426/3956MB (lfb 6x2MB) SWAP 1459/4026MB (cached 141MB) CPU [17%@1479,14%@1479,11%@1479,11%@1479] EMC_FREQ 0% GR3D_FREQ 99% PLL@32C CPU@36.5C PMIC@50C GPU@34C AO@42.5C thermal@35C
2023-09-03 06:40:28 RAM 3443/3956MB (lfb 3x512kB) SWAP 1490/4026MB (cached 145MB) CPU [28%@1479,26%@1479,24%@1479,24%@1479] EMC_FREQ 0% GR3D_FREQ 99% PLL@33C CPU@37.5C PMIC@50C GPU@34C AO@43C thermal@35.25C
2023-09-03 06:41:28 RAM 3428/3956MB (lfb 1x2MB) SWAP 1488/4026MB (cached 144MB) CPU [24%@1479,23%@1479,25%@1479,26%@1479] EMC_FREQ 0% GR3D_FREQ 99% PLL@32.5C CPU@37C PMIC@50C GPU@34C AO@43C thermal@35.75C
2023-09-03 06:42:28 RAM 3412/3956MB (lfb 1x2MB) SWAP 1500/4026MB (cached 144MB) CPU [13%@1479,15%@1479,14%@1479,16%@1479] EMC_FREQ 0% GR3D_FREQ 99% PLL@32C CPU@36C PMIC@50C GPU@33.5C AO@43C thermal@34.75C
2023-09-03 06:43:28 RAM 3417/3956MB (lfb 2x2MB) SWAP 1500/4026MB (cached 144MB) CPU [25%@1479,18%@1479,17%@1479,23%@1479] EMC_FREQ 0% GR3D_FREQ 99% PLL@32C CPU@37C PMIC@50C GPU@34C AO@43.5C thermal@35C
2023-09-03 06:44:28 RAM 3416/3956MB (lfb 2x2MB) SWAP 1500/4026MB (cached 144MB) CPU [21%@1479,22%@1479,19%@1479,23%@1479] EMC_FREQ 0% GR3D_FREQ 99% PLL@32.5C CPU@37.5C PMIC@50C GPU@34.5C AO@43.5C thermal@35C
2023-09-03 06:45:28 RAM 3411/3956MB (lfb 2x2MB) SWAP 1513/4026MB (cached 143MB) CPU [17%@1479,15%@1479,13%@1479,13%@1479] EMC_FREQ 0% GR3D_FREQ 99% PLL@32C CPU@36C PMIC@50C GPU@34C AO@43C thermal@35C
2023-09-03 06:46:28 RAM 3407/3956MB (lfb 2x2MB) SWAP 1513/4026MB (cached 144MB) CPU [22%@1479,21%@1479,19%@1479,19%@1479] EMC_FREQ 0% GR3D_FREQ 99% PLL@32C CPU@36.5C PMIC@50C GPU@34C AO@43C thermal@35C
2023-09-03 06:47:28 RAM 3412/3956MB (lfb 1x2MB) SWAP 1512/4026MB (cached 144MB) CPU [22%@1224,21%@1224,18%@1224,22%@1224] EMC_FREQ 0% GR3D_FREQ 99% PLL@32C CPU@36C PMIC@50C GPU@34C AO@43C thermal@35C
2023-09-03 06:48:28 RAM 3407/3956MB (lfb 34x1MB) SWAP 1512/4026MB (cached 144MB) CPU [17%@1479,17%@1479,14%@1479,16%@1479] EMC_FREQ 0% GR3D_FREQ 99% PLL@31.5C CPU@36C PMIC@50C GPU@33.5C AO@43C thermal@34.5C
2023-09-03 06:49:28 RAM 3415/3956MB (lfb 34x1MB) SWAP 1512/4026MB (cached 144MB) CPU [21%@1479,21%@1479,15%@1479,19%@1479] EMC_FREQ 0% GR3D_FREQ 99% PLL@33C CPU@37.5C PMIC@50C GPU@34C AO@43.5C thermal@35C
2023-09-03 06:50:28 RAM 3410/3956MB (lfb 34x1MB) SWAP 1512/4026MB (cached 144MB) CPU [22%@1479,26%@1479,15%@1479,21%@1479] EMC_FREQ 0% GR3D_FREQ 99% PLL@32.5C CPU@36C PMIC@50C GPU@33.5C AO@43C thermal@35C
2023-09-03 06:51:28 RAM 3418/3956MB (lfb 34x1MB) SWAP 1512/4026MB (cached 144MB) CPU [15%@1479,21%@1479,15%@1479,13%@1479] EMC_FREQ 0% GR3D_FREQ 99% PLL@32.5C CPU@37C PMIC@50C GPU@33.5C AO@43C thermal@34.5C
2023-09-03 06:52:28 RAM 3412/3956MB (lfb 34x1MB) SWAP 1512/4026MB (cached 144MB) CPU [16%@1479,18%@1479,19%@1479,21%@1479] EMC_FREQ 0% GR3D_FREQ 99% PLL@31.5C CPU@35C PMIC@50C GPU@33.5C AO@42.5C thermal@34.25C
2023-09-03 06:53:28 RAM 3412/3956MB (lfb 34x1MB) SWAP 1512/4026MB (cached 144MB) CPU [22%@1479,24%@1479,25%@1479,25%@1479] EMC_FREQ 0% GR3D_FREQ 99% PLL@31.5C CPU@36C PMIC@50C GPU@34C AO@43C thermal@35.5C
2023-09-03 06:54:28 RAM 3417/3956MB (lfb 34x1MB) SWAP 1512/4026MB (cached 144MB) CPU [19%@1479,16%@1479,20%@1479,17%@1479] EMC_FREQ 0% GR3D_FREQ 99% PLL@31.5C CPU@35.5C PMIC@50C GPU@33C AO@42.5C thermal@34C
