2023-09-01 07:48:48 RAM 3149/3956MB (lfb 4x512kB) SWAP 898/4026MB (cached 201MB) CPU [17%@102,15%@102,18%@102,18%@102] EMC_FREQ 0% GR3D_FREQ 0% PLL@23.5C CPU@26.5C PMIC@50C GPU@24C AO@34C thermal@25.5C
2023-09-01 07:49:48 RAM 3690/3956MB (lfb 6x1MB) SWAP 905/4026MB (cached 198MB) CPU [13%@1479,11%@1479,11%@1479,7%@1479] EMC_FREQ 0% GR3D_FREQ 0% PLL@23.5C CPU@27.5C PMIC@50C GPU@23.5C AO@33.5C thermal@25.5C
2023-09-01 07:50:48 RAM 3666/3956MB (lfb 2x2MB) SWAP 927/4026MB (cached 180MB) CPU [17%@204,14%@204,14%@204,9%@204] EMC_FREQ 0% GR3D_FREQ 0% PLL@23C CPU@26C PMIC@50C GPU@25C AO@33C thermal@25.25C
2023-09-01 07:51:48 RAM 3694/3956MB (lfb 4x1MB) SWAP 993/4026MB (cached 174MB) CPU [28%@307,17%@307,14%@307,17%@307] EMC_FREQ 0% GR3D_FREQ 99% PLL@24C CPU@28.5C PMIC@50C GPU@26.5C AO@34.5C thermal@26.5C
2023-09-01 07:52:48 RAM 3643/3956MB (lfb 1x2MB) SWAP 1096/4026MB (cached 143MB) CPU [25%@102,20%@102,24%@102,22%@102] EMC_FREQ 0% GR3D_FREQ 0% PLL@26.5C CPU@29C PMIC@50C GPU@26.5C AO@37C thermal@28.75C
2023-09-01 07:53:48 RAM 3595/3956MB (lfb 1x2MB) SWAP 1179/4026MB (cached 154MB) CPU [27%@403,21%@403,29%@403,27%@403] EMC_FREQ 0% GR3D_FREQ 99% PLL@29.5C CPU@33C PMIC@50C GPU@31C AO@39.5C thermal@32.25C
2023-09-01 07:54:48 RAM 3585/3956MB (lfb 1x2MB) SWAP 1200/4026MB (cached 154MB) CPU [27%@204,26%@204,30%@204,31%@204] EMC_FREQ 0% GR3D_FREQ 99% PLL@30.5C CPU@34.5C PMIC@50C GPU@32.5C AO@40.5C thermal@33.5C
2023-09-01 07:55:48 RAM 3576/3956MB (lfb 1x1MB) SWAP 1247/4026MB (cached 160MB) CPU [21%@204,17%@204,19%@204,14%@204] EMC_FREQ 0% GR3D_FREQ 99% PLL@30C CPU@34C PMIC@50C GPU@31.5C AO@40.5C thermal@32.75C
2023-09-01 07:56:48 RAM 3545/3956MB (lfb 1x2MB) SWAP 1198/4026MB (cached 160MB) CPU [31%@204,29%@204,28%@204,25%@204] EMC_FREQ 0% GR3D_FREQ 99% PLL@31C CPU@35C PMIC@50C GPU@33C AO@41.5C thermal@34C
2023-09-01 07:57:48 RAM 3539/3956MB (lfb 3x1MB) SWAP 1192/4026MB (cached 155MB) CPU [30%@1479,31%@1479,28%@1479,27%@1479] EMC_FREQ 0% GR3D_FREQ 99% PLL@32C CPU@37C PMIC@50C GPU@33.5C AO@43C thermal@35.5C
2023-09-01 07:58:48 RAM 3527/3956MB (lfb 3x1MB) SWAP 1191/4026MB (cached 155MB) CPU [23%@307,23%@307,28%@307,23%@307] EMC_FREQ 0% GR3D_FREQ 99% PLL@32C CPU@36C PMIC@50C GPU@34C AO@43C thermal@34.75C
2023-09-01 07:59:48 RAM 3523/3956MB (lfb 2x1MB) SWAP 1190/4026MB (cached 155MB) CPU [27%@518,26%@518,31%@518,25%@518] EMC_FREQ 0% GR3D_FREQ 99% PLL@32.5C CPU@36.5C PMIC@50C GPU@34.5C AO@43C thermal@35.75C
2023-09-01 08:00:48 RAM 3528/3956MB (lfb 1x1MB) SWAP 1190/4026MB (cached 155MB) CPU [28%@710,26%@710,32%@710,28%@710] EMC_FREQ 0% GR3D_FREQ 99% PLL@32.5C CPU@37C PMIC@50C GPU@35C AO@43C thermal@36C
2023-09-01 08:01:48 RAM 3530/3956MB (lfb 1x1MB) SWAP 1190/4026MB (cached 155MB) CPU [27%@614,25%@614,27%@614,24%@614] EMC_FREQ 0% GR3D_FREQ 99% PLL@33C CPU@36.5C PMIC@50C GPU@34C AO@43C thermal@35.5C
2023-09-01 08:02:48 RAM 3526/3956MB (lfb 2x1MB) SWAP 1191/4026MB (cached 155MB) CPU [30%@614,25%@614,27%@614,25%@614] EMC_FREQ 0% GR3D_FREQ 99% PLL@33C CPU@37C PMIC@50C GPU@34.5C AO@43.5C thermal@35.5C
2023-09-01 08:03:48 RAM 3530/3956MB (lfb 11x512kB) SWAP 1191/4026MB (cached 155MB) CPU [23%@518,29%@518,34%@518,26%@518] EMC_FREQ 0% GR3D_FREQ 99% PLL@33C CPU@36.5C PMIC@50C GPU@34.5C AO@43C thermal@35.75C
2023-09-01 08:04:48 RAM 3531/3956MB (lfb 10x512kB) SWAP 1191/4026MB (cached 155MB) CPU [27%@1479,25%@1479,29%@1479,25%@1479] EMC_FREQ 0% GR3D_FREQ 43% PLL@32.5C CPU@36.5C PMIC@50C GPU@34C AO@43C thermal@35.5C
2023-09-01 08:05:48 RAM 3527/3956MB (lfb 10x512kB) SWAP 1191/4026MB (cached 155MB) CPU [28%@1479,25%@1479,28%@1479,23%@1479] EMC_FREQ 0% GR3D_FREQ 99% PLL@33C CPU@38C PMIC@50C GPU@34.5C AO@43.5C thermal@35.75C
2023-09-01 08:06:48 RAM 3534/3956MB (lfb 10x512kB) SWAP 1191/4026MB (cached 155MB) CPU [29%@518,29%@518,29%@518,27%@518] EMC_FREQ 0% GR3D_FREQ 99% PLL@33C CPU@37C PMIC@50C GPU@34.5C AO@43.5C thermal@36.25C
2023-09-01 08:07:48 RAM 3537/3956MB (lfb 10x512kB) SWAP 1191/4026MB (cached 155MB) CPU [26%@921,26%@921,30%@921,23%@921] EMC_FREQ 0% GR3D_FREQ 99% PLL@32.5C CPU@36.5C PMIC@50C GPU@34.5C AO@43.5C thermal@35.75C
2023-09-01 08:08:48 RAM 3534/3956MB (lfb 8x512kB) SWAP 1192/4026MB (cached 155MB) CPU [28%@518,25%@518,24%@518,24%@518] EMC_FREQ 0% GR3D_FREQ 99% PLL@32.5C CPU@36.5C PMIC@50C GPU@35C AO@43.5C thermal@35.5C
2023-09-01 08:09:48 RAM 3545/3956MB (lfb 8x512kB) SWAP 1208/4026MB (cached 155MB) CPU [31%@307,27%@307,28%@307,30%@307] EMC_FREQ 0% GR3D_FREQ 99% PLL@33C CPU@37C PMIC@50C GPU@35C AO@43.5C thermal@35.5C
2023-09-01 08:10:48 RAM 3537/3956MB (lfb 8x512kB) SWAP 1208/4026MB (cached 155MB) CPU [26%@204,28%@204,29%@204,25%@204] EMC_FREQ 0% GR3D_FREQ 99% PLL@32.5C CPU@37C PMIC@50C GPU@34.5C AO@43.5C thermal@35.5C
2023-09-01 08:11:48 RAM 3534/3956MB (lfb 8x512kB) SWAP 1202/4026MB (cached 157MB) CPU [22%@921,26%@921,27%@921,23%@921] EMC_FREQ 0% GR3D_FREQ 99% PLL@33C CPU@37.5C PMIC@50C GPU@35C AO@43C thermal@35.75C
2023-09-01 08:12:48 RAM 3542/3956MB (lfb 8x512kB) SWAP 1202/4026MB (cached 157MB) CPU [27%@403,30%@403,34%@403,25%@403] EMC_FREQ 0% GR3D_FREQ 99% PLL@33.5C CPU@37.5C PMIC@50C GPU@35C AO@43.5C thermal@35.75C
2023-09-01 08:13:48 RAM 3547/3956MB (lfb 8x512kB) SWAP 1203/4026MB (cached 157MB) CPU [27%@710,27%@710,33%@710,27%@710] EMC_FREQ 0% GR3D_FREQ 99% PLL@32.5C CPU@36.5C PMIC@50C GPU@34.5C AO@43.5C thermal@36.25C
2023-09-01 08:14:48 RAM 3543/3956MB (lfb 8x512kB) SWAP 1203/4026MB (cached 157MB) CPU [24%@1479,23%@1479,26%@1479,22%@1479] EMC_FREQ 0% GR3D_FREQ 99% PLL@33C CPU@38C PMIC@50C GPU@34.5C AO@44C thermal@36C
2023-09-01 08:15:48 RAM 3546/3956MB (lfb 8x512kB) SWAP 1202/4026MB (cached 157MB) CPU [28%@1479,28%@1479,28%@1479,30%@1479] EMC_FREQ 0% GR3D_FREQ 99% PLL@33.5C CPU@37.5C PMIC@50C GPU@35C AO@43.5C thermal@36C
2023-09-01 08:16:48 RAM 3550/3956MB (lfb 2x1MB) SWAP 1204/4026MB (cached 156MB) CPU [34%@1479,27%@1479,28%@1479,24%@1479] EMC_FREQ 0% GR3D_FREQ 99% PLL@33C CPU@37.5C PMIC@50C GPU@34.5C AO@44C thermal@36.5C
2023-09-01 08:17:48 RAM 3541/3956MB (lfb 1x1MB) SWAP 1206/4026MB (cached 156MB) CPU [26%@518,24%@518,25%@518,22%@518] EMC_FREQ 0% GR3D_FREQ 99% PLL@33C CPU@37C PMIC@50C GPU@35C AO@44C thermal@36.5C
2023-09-01 08:18:48 RAM 3549/3956MB (lfb 1x1MB) SWAP 1206/4026MB (cached 156MB) CPU [28%@307,30%@307,30%@307,28%@307] EMC_FREQ 0% GR3D_FREQ 99% PLL@33C CPU@37.5C PMIC@50C GPU@35C AO@44C thermal@35.75C
2023-09-01 08:19:48 RAM 3552/3956MB (lfb 1x1MB) SWAP 1207/4026MB (cached 156MB) CPU [28%@825,24%@825,29%@825,32%@825] EMC_FREQ 0% GR3D_FREQ 99% PLL@33C CPU@37.5C PMIC@50C GPU@35C AO@44C thermal@36C
2023-09-01 08:20:48 RAM 3548/3956MB (lfb 1x1MB) SWAP 1208/4026MB (cached 156MB) CPU [24%@204,22%@204,24%@204,23%@204] EMC_FREQ 0% GR3D_FREQ 99% PLL@32.5C CPU@37C PMIC@50C GPU@35C AO@44C thermal@36C
2023-09-01 08:21:48 RAM 3553/3956MB (lfb 1x1MB) SWAP 1208/4026MB (cached 156MB) CPU [28%@307,29%@307,30%@307,28%@307] EMC_FREQ 0% GR3D_FREQ 99% PLL@33.5C CPU@37C PMIC@50C GPU@35.5C AO@44C thermal@36.25C
2023-09-01 08:22:48 RAM 3553/3956MB (lfb 1x1MB) SWAP 1210/4026MB (cached 156MB) CPU [26%@710,33%@710,30%@710,27%@710] EMC_FREQ 0% GR3D_FREQ 99% PLL@33.5C CPU@38C PMIC@50C GPU@35.5C AO@44.5C thermal@36.75C
2023-09-01 08:23:48 RAM 3549/3956MB (lfb 1x1MB) SWAP 1210/4026MB (cached 156MB) CPU [24%@1132,23%@1132,24%@1132,24%@1132] EMC_FREQ 0% GR3D_FREQ 99% PLL@34C CPU@38C PMIC@50C GPU@35.5C AO@44.5C thermal@36.5C
2023-09-01 08:24:48 RAM 3553/3956MB (lfb 1x1MB) SWAP 1210/4026MB (cached 156MB) CPU [29%@1479,29%@1479,28%@1479,28%@1479] EMC_FREQ 0% GR3D_FREQ 99% PLL@34.5C CPU@38.5C PMIC@50C GPU@35.5C AO@45C thermal@37C
2023-09-01 08:25:48 RAM 3559/3956MB (lfb 1x1MB) SWAP 1210/4026MB (cached 156MB) CPU [30%@1479,28%@1479,28%@1479,29%@1479] EMC_FREQ 0% GR3D_FREQ 99% PLL@34.5C CPU@39C PMIC@50C GPU@36C AO@44.5C thermal@37C
2023-09-01 08:26:48 RAM 3555/3956MB (lfb 1x1MB) SWAP 1210/4026MB (cached 156MB) CPU [25%@1479,25%@1479,25%@1479,20%@1479] EMC_FREQ 0% GR3D_FREQ 99% PLL@34C CPU@39C PMIC@50C GPU@36C AO@44.5C thermal@36.75C
2023-09-01 08:27:48 RAM 3556/3956MB (lfb 1x1MB) SWAP 1211/4026MB (cached 156MB) CPU [30%@1479,27%@1479,28%@1479,29%@1479] EMC_FREQ 0% GR3D_FREQ 99% PLL@34C CPU@38C PMIC@50C GPU@35.5C AO@44.5C thermal@36.75C
2023-09-01 08:28:48 RAM 3560/3956MB (lfb 1x1MB) SWAP 1213/4026MB (cached 156MB) CPU [26%@1479,32%@1479,30%@1479,27%@1479] EMC_FREQ 0% GR3D_FREQ 99% PLL@34C CPU@37.5C PMIC@50C GPU@35.5C AO@44.5C thermal@36.5C
2023-09-01 08:29:48 RAM 3547/3956MB (lfb 1x1MB) SWAP 1221/4026MB (cached 156MB) CPU [24%@307,22%@307,27%@307,22%@307] EMC_FREQ 0% GR3D_FREQ 99% PLL@33C CPU@37C PMIC@50C GPU@35C AO@44C thermal@36C
2023-09-01 08:30:48 RAM 3557/3956MB (lfb 1x1MB) SWAP 1223/4026MB (cached 156MB) CPU [31%@1479,29%@1479,28%@1479,27%@1479] EMC_FREQ 0% GR3D_FREQ 99% PLL@33C CPU@38.5C PMIC@50C GPU@35.5C AO@44.5C thermal@36.5C
2023-09-01 08:31:48 RAM 3546/3956MB (lfb 1x2MB) SWAP 1251/4026MB (cached 159MB) CPU [33%@1479,32%@1479,25%@1479,26%@1479] EMC_FREQ 0% GR3D_FREQ 99% PLL@33C CPU@37.5C PMIC@50C GPU@35C AO@44C thermal@36.25C
2023-09-01 08:32:48 RAM 3536/3956MB (lfb 2x1MB) SWAP 1254/4026MB (cached 159MB) CPU [28%@307,24%@307,21%@307,22%@307] EMC_FREQ 0% GR3D_FREQ 99% PLL@33C CPU@36.5C PMIC@50C GPU@35C AO@43.5C thermal@35.5C
2023-09-01 08:33:48 RAM 3544/3956MB (lfb 1x2MB) SWAP 1260/4026MB (cached 159MB) CPU [29%@1479,27%@1479,28%@1479,28%@1479] EMC_FREQ 0% GR3D_FREQ 99% PLL@33.5C CPU@37.5C PMIC@50C GPU@35C AO@44.5C thermal@36C
2023-09-01 08:34:48 RAM 3546/3956MB (lfb 1x2MB) SWAP 1262/4026MB (cached 159MB) CPU [31%@1479,29%@1479,29%@1479,27%@1479] EMC_FREQ 0% GR3D_FREQ 99% PLL@34C CPU@37.5C PMIC@50C GPU@35C AO@44C thermal@36.25C
2023-09-01 08:35:48 RAM 3539/3956MB (lfb 1x2MB) SWAP 1265/4026MB (cached 159MB) CPU [25%@1479,28%@1479,24%@1479,23%@1479] EMC_FREQ 0% GR3D_FREQ 99% PLL@33.5C CPU@37C PMIC@50C GPU@35C AO@44C thermal@36C
2023-09-01 08:36:48 RAM 3541/3956MB (lfb 2x2MB) SWAP 1271/4026MB (cached 159MB) CPU [29%@1479,27%@1479,26%@1479,26%@1479] EMC_FREQ 0% GR3D_FREQ 99% PLL@34C CPU@37C PMIC@50C GPU@35C AO@43.5C thermal@36C
2023-09-01 08:37:48 RAM 3544/3956MB (lfb 2x2MB) SWAP 1271/4026MB (cached 159MB) CPU [31%@403,28%@403,27%@403,28%@403] EMC_FREQ 0% GR3D_FREQ 99% PLL@33.5C CPU@37C PMIC@50C GPU@35C AO@43.5C thermal@37C
2023-09-01 08:38:48 RAM 3539/3956MB (lfb 2x2MB) SWAP 1271/4026MB (cached 159MB) CPU [28%@204,30%@204,22%@204,25%@204] EMC_FREQ 0% GR3D_FREQ 99% PLL@33C CPU@37C PMIC@50C GPU@35C AO@44C thermal@36C
2023-09-01 08:39:48 RAM 3560/3956MB (lfb 2x2MB) SWAP 1273/4026MB (cached 159MB) CPU [30%@307,25%@307,27%@307,26%@307] EMC_FREQ 0% GR3D_FREQ 99% PLL@33C CPU@37C PMIC@50C GPU@35C AO@44C thermal@36C
2023-09-01 08:40:48 RAM 3524/3956MB (lfb 1x4MB) SWAP 1313/4026MB (cached 158MB) CPU [32%@307,30%@307,28%@307,26%@307] EMC_FREQ 0% GR3D_FREQ 99% PLL@33C CPU@37C PMIC@50C GPU@35C AO@44C thermal@37C
2023-09-01 08:41:48 RAM 3522/3956MB (lfb 1x4MB) SWAP 1315/4026MB (cached 158MB) CPU [30%@307,27%@307,26%@307,22%@307] EMC_FREQ 0% GR3D_FREQ 99% PLL@33C CPU@36.5C PMIC@50C GPU@34.5C AO@43.5C thermal@36C
2023-09-01 08:42:48 RAM 3521/3956MB (lfb 1x4MB) SWAP 1321/4026MB (cached 158MB) CPU [28%@307,24%@307,27%@307,27%@307] EMC_FREQ 0% GR3D_FREQ 99% PLL@33C CPU@36.5C PMIC@50C GPU@35.5C AO@43.5C thermal@36.25C
2023-09-01 08:43:48 RAM 3524/3956MB (lfb 1x4MB) SWAP 1327/4026MB (cached 158MB) CPU [31%@307,29%@307,29%@307,27%@307] EMC_FREQ 0% GR3D_FREQ 99% PLL@33C CPU@37.5C PMIC@50C GPU@35C AO@44C thermal@36.25C
2023-09-01 08:44:48 RAM 3516/3956MB (lfb 1x4MB) SWAP 1332/4026MB (cached 158MB) CPU [29%@1479,29%@1479,27%@1479,22%@1479] EMC_FREQ 0% GR3D_FREQ 99% PLL@33.5C CPU@37.5C PMIC@50C GPU@34.5C AO@44C thermal@35.75C
2023-09-01 08:45:48 RAM 3525/3956MB (lfb 1x4MB) SWAP 1332/4026MB (cached 158MB) CPU [29%@307,25%@307,24%@307,22%@307] EMC_FREQ 0% GR3D_FREQ 99% PLL@32.5C CPU@37C PMIC@50C GPU@35C AO@44C thermal@36.5C
2023-09-01 08:46:48 RAM 3525/3956MB (lfb 1x4MB) SWAP 1338/4026MB (cached 158MB) CPU [31%@307,29%@307,28%@307,27%@307] EMC_FREQ 0% GR3D_FREQ 99% PLL@33.5C CPU@37C PMIC@50C GPU@36C AO@44C thermal@36.25C
2023-09-01 08:47:48 RAM 3518/3956MB (lfb 1x4MB) SWAP 1344/4026MB (cached 158MB) CPU [30%@710,31%@710,27%@710,26%@710] EMC_FREQ 0% GR3D_FREQ 99% PLL@33C CPU@37.5C PMIC@50C GPU@35.5C AO@44C thermal@36C
2023-09-01 08:48:48 RAM 3517/3956MB (lfb 1x4MB) SWAP 1350/4026MB (cached 158MB) CPU [29%@518,27%@518,22%@518,21%@518] EMC_FREQ 0% GR3D_FREQ 99% PLL@32.5C CPU@37.5C PMIC@50C GPU@35.5C AO@44.5C thermal@37C
2023-09-01 08:49:48 RAM 3516/3956MB (lfb 1x4MB) SWAP 1354/4026MB (cached 158MB) CPU [30%@1479,29%@1479,32%@1479,28%@1479] EMC_FREQ 0% GR3D_FREQ 99% PLL@34C CPU@38.5C PMIC@50C GPU@35.5C AO@44.5C thermal@36.25C
2023-09-01 08:50:48 RAM 3502/3956MB (lfb 1x4MB) SWAP 1401/4026MB (cached 156MB) CPU [34%@518,33%@518,33%@518,29%@518] EMC_FREQ 0% GR3D_FREQ 99% PLL@33.5C CPU@37C PMIC@50C GPU@35C AO@44C thermal@37C
2023-09-01 08:51:48 RAM 3504/3956MB (lfb 1x4MB) SWAP 1402/4026MB (cached 156MB) CPU [26%@307,24%@307,19%@307,17%@307] EMC_FREQ 0% GR3D_FREQ 99% PLL@33C CPU@37.5C PMIC@50C GPU@35C AO@44C thermal@36.25C
2023-09-01 08:52:48 RAM 3511/3956MB (lfb 1x4MB) SWAP 1404/4026MB (cached 156MB) CPU [30%@307,27%@307,24%@307,26%@307] EMC_FREQ 0% GR3D_FREQ 99% PLL@32.5C CPU@37C PMIC@50C GPU@35.5C AO@44C thermal@36.5C
2023-09-01 08:53:48 RAM 3506/3956MB (lfb 1x4MB) SWAP 1404/4026MB (cached 156MB) CPU [27%@307,26%@307,27%@307,27%@307] EMC_FREQ 0% GR3D_FREQ 99% PLL@33.5C CPU@37.5C PMIC@50C GPU@35C AO@44C thermal@36.25C
2023-09-01 08:54:48 RAM 3508/3956MB (lfb 1x4MB) SWAP 1404/4026MB (cached 156MB) CPU [26%@1479,15%@1479,18%@1479,22%@1479] EMC_FREQ 0% GR3D_FREQ 99% PLL@33.5C CPU@37C PMIC@50C GPU@34.5C AO@44C thermal@35.75C
2023-09-01 08:55:48 RAM 3513/3956MB (lfb 1x4MB) SWAP 1405/4026MB (cached 156MB) CPU [30%@1479,29%@1479,24%@1479,27%@1479] EMC_FREQ 0% GR3D_FREQ 99% PLL@33.5C CPU@38.5C PMIC@50C GPU@35.5C AO@44C thermal@36C
2023-09-01 08:56:48 RAM 3508/3956MB (lfb 1x4MB) SWAP 1405/4026MB (cached 156MB) CPU [28%@1479,30%@1479,27%@1479,25%@1479] EMC_FREQ 0% GR3D_FREQ 99% PLL@34C CPU@37.5C PMIC@50C GPU@35C AO@44C thermal@36.5C
2023-09-01 08:57:48 RAM 3511/3956MB (lfb 1x4MB) SWAP 1405/4026MB (cached 156MB) CPU [25%@307,20%@307,21%@307,16%@307] EMC_FREQ 0% GR3D_FREQ 99% PLL@33C CPU@37.5C PMIC@50C GPU@35C AO@44C thermal@36C
2023-09-01 08:58:48 RAM 3516/3956MB (lfb 1x4MB) SWAP 1405/4026MB (cached 156MB) CPU [30%@307,25%@307,23%@307,27%@307] EMC_FREQ 0% GR3D_FREQ 99% PLL@33C CPU@37C PMIC@50C GPU@35C AO@43.5C thermal@36C
2023-09-01 08:59:48 RAM 3511/3956MB (lfb 1x4MB) SWAP 1405/4026MB (cached 156MB) CPU [31%@204,26%@204,27%@204,25%@204] EMC_FREQ 0% GR3D_FREQ 99% PLL@33.5C CPU@37.5C PMIC@50C GPU@34.5C AO@44C thermal@36C
2023-09-01 09:00:48 RAM 3516/3956MB (lfb 1x4MB) SWAP 1405/4026MB (cached 156MB) CPU [23%@1479,25%@1479,19%@1479,18%@1479] EMC_FREQ 0% GR3D_FREQ 99% PLL@33.5C CPU@36.5C PMIC@50C GPU@34.5C AO@43.5C thermal@36.75C
2023-09-01 09:01:48 RAM 3519/3956MB (lfb 1x4MB) SWAP 1405/4026MB (cached 156MB) CPU [29%@1479,28%@1479,24%@1479,24%@1479] EMC_FREQ 0% GR3D_FREQ 99% PLL@33.5C CPU@38.5C PMIC@50C GPU@35C AO@44.5C thermal@36C
2023-09-01 09:02:48 RAM 3514/3956MB (lfb 1x4MB) SWAP 1405/4026MB (cached 156MB) CPU [26%@921,27%@921,26%@921,27%@921] EMC_FREQ 0% GR3D_FREQ 99% PLL@33.5C CPU@38C PMIC@50C GPU@35.5C AO@44C thermal@36.25C
2023-09-01 09:03:48 RAM 3520/3956MB (lfb 1x4MB) SWAP 1405/4026MB (cached 156MB) CPU [23%@307,20%@307,22%@307,19%@307] EMC_FREQ 0% GR3D_FREQ 99% PLL@33C CPU@37.5C PMIC@50C GPU@35C AO@44C thermal@36C
2023-09-01 09:04:48 RAM 3524/3956MB (lfb 1x4MB) SWAP 1405/4026MB (cached 156MB) CPU [24%@710,30%@710,28%@710,26%@710] EMC_FREQ 0% GR3D_FREQ 99% PLL@33.5C CPU@37.5C PMIC@50C GPU@35.5C AO@44C thermal@36.5C
2023-09-01 09:05:48 RAM 3518/3956MB (lfb 1x4MB) SWAP 1405/4026MB (cached 156MB) CPU [27%@204,27%@204,26%@204,29%@204] EMC_FREQ 0% GR3D_FREQ 99% PLL@33C CPU@38C PMIC@50C GPU@35.5C AO@44C thermal@36.25C
2023-09-01 09:06:48 RAM 3523/3956MB (lfb 1x4MB) SWAP 1405/4026MB (cached 156MB) CPU [25%@1326,24%@1326,17%@1326,18%@1326] EMC_FREQ 0% GR3D_FREQ 99% PLL@33C CPU@37.5C PMIC@50C GPU@35.5C AO@44C thermal@36.5C
2023-09-01 09:07:48 RAM 3526/3956MB (lfb 1x4MB) SWAP 1405/4026MB (cached 156MB) CPU [30%@1036,30%@1036,24%@1036,23%@1036] EMC_FREQ 0% GR3D_FREQ 99% PLL@33C CPU@37C PMIC@50C GPU@35C AO@44C thermal@36C
2023-09-01 09:08:48 RAM 3523/3956MB (lfb 1x4MB) SWAP 1403/4026MB (cached 157MB) CPU [30%@1479,30%@1479,26%@1479,25%@1479] EMC_FREQ 0% GR3D_FREQ 99% PLL@33.5C CPU@38C PMIC@50C GPU@35C AO@44.5C thermal@36.25C
2023-09-01 09:09:48 RAM 3538/3956MB (lfb 1x4MB) SWAP 1409/4026MB (cached 157MB) CPU [27%@1479,19%@1479,22%@1479,17%@1479] EMC_FREQ 0% GR3D_FREQ 99% PLL@33.5C CPU@39C PMIC@50C GPU@35C AO@43.5C thermal@36C
2023-09-01 09:10:48 RAM 3530/3956MB (lfb 1x4MB) SWAP 1409/4026MB (cached 157MB) CPU [28%@1479,26%@1479,24%@1479,29%@1479] EMC_FREQ 0% GR3D_FREQ 99% PLL@33.5C CPU@39C PMIC@50C GPU@35C AO@43.5C thermal@36.25C
2023-09-01 09:11:48 RAM 3526/3956MB (lfb 1x4MB) SWAP 1412/4026MB (cached 157MB) CPU [30%@307,27%@307,24%@307,27%@307] EMC_FREQ 0% GR3D_FREQ 99% PLL@33.5C CPU@37.5C PMIC@50C GPU@35C AO@44C thermal@37.25C
2023-09-01 09:12:48 RAM 3526/3956MB (lfb 1x4MB) SWAP 1419/4026MB (cached 157MB) CPU [28%@307,22%@307,16%@307,19%@307] EMC_FREQ 0% GR3D_FREQ 99% PLL@33C CPU@37C PMIC@50C GPU@35C AO@43.5C thermal@35.5C
2023-09-01 09:13:48 RAM 3529/3956MB (lfb 1x4MB) SWAP 1419/4026MB (cached 157MB) CPU [25%@518,29%@518,26%@518,27%@518] EMC_FREQ 0% GR3D_FREQ 71% PLL@33C CPU@37C PMIC@50C GPU@35C AO@43.5C thermal@35.75C
2023-09-01 09:14:48 RAM 3526/3956MB (lfb 1x4MB) SWAP 1419/4026MB (cached 157MB) CPU [32%@307,28%@307,23%@518,26%@518] EMC_FREQ 0% GR3D_FREQ 99% PLL@33C CPU@37C PMIC@50C GPU@35C AO@43.5C thermal@36C
2023-09-01 09:15:48 RAM 3529/3956MB (lfb 1x4MB) SWAP 1419/4026MB (cached 157MB) CPU [26%@1479,17%@1479,17%@1479,22%@1479] EMC_FREQ 0% GR3D_FREQ 99% PLL@33.5C CPU@38.5C PMIC@50C GPU@34.5C AO@44C thermal@35.75C
2023-09-01 09:16:48 RAM 3534/3956MB (lfb 1x4MB) SWAP 1419/4026MB (cached 157MB) CPU [31%@1479,28%@1479,24%@1479,22%@1479] EMC_FREQ 0% GR3D_FREQ 99% PLL@33C CPU@38C PMIC@50C GPU@35C AO@44C thermal@36.75C
2023-09-01 09:17:48 RAM 3537/3956MB (lfb 1x4MB) SWAP 1420/4026MB (cached 157MB) CPU [32%@204,28%@204,24%@204,22%@204] EMC_FREQ 0% GR3D_FREQ 99% PLL@33C CPU@37C PMIC@50C GPU@35C AO@44C thermal@36.25C
2023-09-01 09:18:48 RAM 3534/3956MB (lfb 1x4MB) SWAP 1419/4026MB (cached 157MB) CPU [23%@204,22%@204,22%@204,18%@204] EMC_FREQ 0% GR3D_FREQ 99% PLL@33C CPU@37C PMIC@50C GPU@34.5C AO@43.5C thermal@36.25C
2023-09-01 09:19:48 RAM 3536/3956MB (lfb 1x4MB) SWAP 1420/4026MB (cached 157MB) CPU [26%@1479,24%@1479,29%@1479,26%@1479] EMC_FREQ 0% GR3D_FREQ 99% PLL@33.5C CPU@37C PMIC@50C GPU@34.5C AO@44C thermal@37C
2023-09-01 09:20:48 RAM 3534/3956MB (lfb 1x4MB) SWAP 1429/4026MB (cached 157MB) CPU [28%@1479,30%@1479,29%@1479,23%@1479] EMC_FREQ 0% GR3D_FREQ 99% PLL@33.5C CPU@37.5C PMIC@50C GPU@34.5C AO@44C thermal@36.25C
2023-09-01 09:21:48 RAM 3530/3956MB (lfb 1x4MB) SWAP 1429/4026MB (cached 157MB) CPU [27%@1479,19%@1479,22%@1479,18%@1479] EMC_FREQ 0% GR3D_FREQ 99% PLL@33.5C CPU@38C PMIC@50C GPU@34.5C AO@44.5C thermal@36C
2023-09-01 09:22:48 RAM 3534/3956MB (lfb 1x4MB) SWAP 1429/4026MB (cached 157MB) CPU [30%@403,27%@403,29%@403,19%@403] EMC_FREQ 0% GR3D_FREQ 99% PLL@33C CPU@37.5C PMIC@50C GPU@35C AO@44C thermal@36.25C
2023-09-01 09:23:48 RAM 3535/3956MB (lfb 1x4MB) SWAP 1427/4026MB (cached 157MB) CPU [26%@1479,27%@1479,25%@1479,29%@1479] EMC_FREQ 0% GR3D_FREQ 99% PLL@33C CPU@37.5C PMIC@50C GPU@35C AO@44.5C thermal@36.5C
2023-09-01 09:24:48 RAM 3527/3956MB (lfb 1x4MB) SWAP 1427/4026MB (cached 157MB) CPU [25%@204,24%@204,17%@204,18%@204] EMC_FREQ 0% GR3D_FREQ 99% PLL@32.5C CPU@37C PMIC@50C GPU@35C AO@43C thermal@36C
2023-09-01 09:25:48 RAM 3533/3956MB (lfb 1x4MB) SWAP 1427/4026MB (cached 157MB) CPU [29%@1479,25%@1479,25%@1479,27%@1479] EMC_FREQ 0% GR3D_FREQ 99% PLL@33C CPU@38.5C PMIC@50C GPU@35C AO@43.5C thermal@36.75C
2023-09-01 09:26:48 RAM 3534/3956MB (lfb 1x4MB) SWAP 1430/4026MB (cached 157MB) CPU [28%@1479,27%@1479,25%@1479,27%@1479] EMC_FREQ 0% GR3D_FREQ 99% PLL@33.5C CPU@39C PMIC@50C GPU@35C AO@44C thermal@36C
2023-09-01 09:27:48 RAM 3529/3956MB (lfb 1x4MB) SWAP 1435/4026MB (cached 156MB) CPU [23%@204,22%@204,17%@204,21%@204] EMC_FREQ 0% GR3D_FREQ 99% PLL@32.5C CPU@37C PMIC@50C GPU@34.5C AO@43.5C thermal@36C
2023-09-01 09:28:48 RAM 3531/3956MB (lfb 1x4MB) SWAP 1435/4026MB (cached 156MB) CPU [28%@518,28%@518,24%@518,25%@518] EMC_FREQ 0% GR3D_FREQ 99% PLL@32.5C CPU@37.5C PMIC@50C GPU@35.5C AO@43.5C thermal@36.25C
2023-09-01 09:29:48 RAM 3530/3956MB (lfb 1x4MB) SWAP 1442/4026MB (cached 156MB) CPU [26%@307,33%@307,24%@307,27%@307] EMC_FREQ 0% GR3D_FREQ 99% PLL@33C CPU@37C PMIC@50C GPU@35C AO@44C thermal@37C
2023-09-01 09:30:48 RAM 3531/3956MB (lfb 1x4MB) SWAP 1442/4026MB (cached 156MB) CPU [26%@307,20%@307,20%@307,21%@307] EMC_FREQ 0% GR3D_FREQ 99% PLL@33C CPU@36.5C PMIC@50C GPU@34.5C AO@43.5C thermal@35.75C
2023-09-01 09:31:48 RAM 3529/3956MB (lfb 1x4MB) SWAP 1442/4026MB (cached 156MB) CPU [27%@204,28%@204,26%@204,24%@204] EMC_FREQ 0% GR3D_FREQ 99% PLL@32.5C CPU@37C PMIC@50C GPU@35C AO@43.5C thermal@36.75C
2023-09-01 09:32:48 RAM 3533/3956MB (lfb 1x4MB) SWAP 1444/4026MB (cached 156MB) CPU [32%@614,24%@614,26%@614,25%@614] EMC_FREQ 0% GR3D_FREQ 56% PLL@33C CPU@37C PMIC@50C GPU@35C AO@44C thermal@36C
2023-09-01 09:33:48 RAM 3535/3956MB (lfb 1x4MB) SWAP 1444/4026MB (cached 157MB) CPU [25%@307,20%@307,20%@307,24%@307] EMC_FREQ 0% GR3D_FREQ 99% PLL@32.5C CPU@36.5C PMIC@50C GPU@34.5C AO@43.5C thermal@35.5C
2023-09-01 09:34:48 RAM 3531/3956MB (lfb 1x4MB) SWAP 1444/4026MB (cached 157MB) CPU [29%@1479,27%@1479,22%@1479,28%@1479] EMC_FREQ 0% GR3D_FREQ 99% PLL@33C CPU@38C PMIC@50C GPU@34.5C AO@44C thermal@36C
2023-09-01 09:35:48 RAM 3541/3956MB (lfb 1x4MB) SWAP 1444/4026MB (cached 157MB) CPU [26%@1479,26%@1479,27%@1479,27%@1479] EMC_FREQ 0% GR3D_FREQ 99% PLL@33.5C CPU@37.5C PMIC@50C GPU@35C AO@44C thermal@36.25C
2023-09-01 09:36:48 RAM 3544/3956MB (lfb 1x4MB) SWAP 1444/4026MB (cached 157MB) CPU [28%@204,17%@204,20%@204,21%@204] EMC_FREQ 0% GR3D_FREQ 99% PLL@32.5C CPU@37C PMIC@50C GPU@34.5C AO@43C thermal@35.5C
2023-09-01 09:37:48 RAM 3546/3956MB (lfb 1x4MB) SWAP 1473/4026MB (cached 160MB) CPU [31%@518,29%@518,27%@518,28%@518] EMC_FREQ 0% GR3D_FREQ 99% PLL@33C CPU@37C PMIC@50C GPU@35C AO@43.5C thermal@36C
2023-09-01 09:38:48 RAM 3540/3956MB (lfb 1x4MB) SWAP 1478/4026MB (cached 160MB) CPU [31%@307,30%@307,28%@307,27%@307] EMC_FREQ 0% GR3D_FREQ 99% PLL@33C CPU@37C PMIC@50C GPU@35C AO@44C thermal@36.25C
2023-09-01 09:39:48 RAM 3549/3956MB (lfb 1x4MB) SWAP 1483/4026MB (cached 160MB) CPU [27%@204,23%@204,26%@204,21%@204] EMC_FREQ 0% GR3D_FREQ 99% PLL@33C CPU@37.5C PMIC@50C GPU@35C AO@43.5C thermal@36.25C
2023-09-01 09:40:48 RAM 3543/3956MB (lfb 1x4MB) SWAP 1485/4026MB (cached 160MB) CPU [27%@204,29%@204,26%@204,24%@204] EMC_FREQ 0% GR3D_FREQ 99% PLL@33C CPU@37C PMIC@50C GPU@34.5C AO@43.5C thermal@35.75C
2023-09-01 09:41:48 RAM 3538/3956MB (lfb 1x4MB) SWAP 1486/4026MB (cached 160MB) CPU [28%@1479,29%@1479,31%@1479,27%@1479] EMC_FREQ 0% GR3D_FREQ 99% PLL@33.5C CPU@38C PMIC@50C GPU@35C AO@44C thermal@36.25C
2023-09-01 09:42:48 RAM 3537/3956MB (lfb 1x4MB) SWAP 1490/4026MB (cached 160MB) CPU [27%@204,27%@204,26%@204,23%@204] EMC_FREQ 0% GR3D_FREQ 99% PLL@33C CPU@37C PMIC@50C GPU@35C AO@43.5C thermal@36C
2023-09-01 09:43:48 RAM 3546/3956MB (lfb 1x4MB) SWAP 1492/4026MB (cached 160MB) CPU [28%@1479,28%@1479,25%@1479,26%@1479] EMC_FREQ 0% GR3D_FREQ 99% PLL@34C CPU@38C PMIC@50C GPU@35.5C AO@44C thermal@36.5C
2023-09-01 09:44:48 RAM 3540/3956MB (lfb 1x4MB) SWAP 1492/4026MB (cached 160MB) CPU [31%@825,27%@825,28%@825,29%@825] EMC_FREQ 0% GR3D_FREQ 99% PLL@33.5C CPU@38C PMIC@50C GPU@35.5C AO@44.5C thermal@36.25C
2023-09-01 09:45:48 RAM 3539/3956MB (lfb 1x4MB) SWAP 1493/4026MB (cached 160MB) CPU [29%@307,29%@307,23%@204,24%@204] EMC_FREQ 0% GR3D_FREQ 99% PLL@33C CPU@37C PMIC@50C GPU@35C AO@44C thermal@36C
2023-09-01 09:46:48 RAM 3538/3956MB (lfb 1x4MB) SWAP 1510/4026MB (cached 159MB) CPU [28%@204,27%@204,25%@204,24%@204] EMC_FREQ 0% GR3D_FREQ 99% PLL@33C CPU@37C PMIC@50C GPU@35C AO@44C thermal@36C
2023-09-01 09:47:48 RAM 3534/3956MB (lfb 1x4MB) SWAP 1511/4026MB (cached 159MB) CPU [29%@403,28%@403,32%@403,26%@403] EMC_FREQ 0% GR3D_FREQ 99% PLL@33C CPU@37.5C PMIC@50C GPU@35.5C AO@44.5C thermal@36C
2023-09-01 09:48:48 RAM 3535/3956MB (lfb 1x4MB) SWAP 1511/4026MB (cached 159MB) CPU [25%@204,30%@204,27%@204,22%@204] EMC_FREQ 0% GR3D_FREQ 99% PLL@33C CPU@37C PMIC@50C GPU@35C AO@44C thermal@36C
2023-09-01 09:49:48 RAM 3536/3956MB (lfb 1x4MB) SWAP 1517/4026MB (cached 159MB) CPU [24%@1479,26%@1479,27%@1479,23%@1479] EMC_FREQ 0% GR3D_FREQ 99% PLL@33.5C CPU@38.5C PMIC@50C GPU@35.5C AO@44.5C thermal@36C
2023-09-01 09:50:48 RAM 3423/3956MB (lfb 1x4MB) SWAP 1517/4026MB (cached 159MB) CPU [29%@403,33%@403,28%@403,27%@403] EMC_FREQ 0% GR3D_FREQ 99% PLL@34C CPU@37.5C PMIC@50C GPU@35.5C AO@44C thermal@36C
2023-09-01 09:51:48 RAM 3422/3956MB (lfb 1x4MB) SWAP 1517/4026MB (cached 159MB) CPU [28%@204,27%@204,29%@204,24%@204] EMC_FREQ 0% GR3D_FREQ 99% PLL@33C CPU@37.5C PMIC@50C GPU@35.5C AO@43.5C thermal@36.5C
2023-09-01 09:52:48 RAM 3425/3956MB (lfb 1x4MB) SWAP 1517/4026MB (cached 159MB) CPU [28%@204,22%@204,24%@204,23%@204] EMC_FREQ 0% GR3D_FREQ 99% PLL@33C CPU@37C PMIC@50C GPU@34.5C AO@44C thermal@36C
2023-09-01 09:53:48 RAM 3420/3956MB (lfb 1x4MB) SWAP 1517/4026MB (cached 159MB) CPU [27%@518,32%@518,27%@518,27%@518] EMC_FREQ 0% GR3D_FREQ 99% PLL@33C CPU@37C PMIC@50C GPU@35C AO@44C thermal@36.25C
2023-09-01 09:54:48 RAM 3422/3956MB (lfb 1x4MB) SWAP 1517/4026MB (cached 159MB) CPU [30%@921,28%@921,27%@921,27%@921] EMC_FREQ 0% GR3D_FREQ 99% PLL@33.5C CPU@37C PMIC@50C GPU@35C AO@43.5C thermal@36.25C
2023-09-01 09:55:48 RAM 3426/3956MB (lfb 1x4MB) SWAP 1517/4026MB (cached 159MB) CPU [23%@1479,26%@1479,23%@1479,21%@1479] EMC_FREQ 0% GR3D_FREQ 99% PLL@33.5C CPU@38.5C PMIC@50C GPU@36C AO@44.5C thermal@36C
2023-09-01 09:56:48 RAM 3420/3956MB (lfb 1x4MB) SWAP 1517/4026MB (cached 159MB) CPU [31%@1479,30%@1479,29%@1479,28%@1479] EMC_FREQ 0% GR3D_FREQ 99% PLL@33.5C CPU@38.5C PMIC@50C GPU@35C AO@44.5C thermal@36.5C
2023-09-01 09:57:48 RAM 3423/3956MB (lfb 1x4MB) SWAP 1517/4026MB (cached 159MB) CPU [27%@518,29%@518,27%@518,29%@518] EMC_FREQ 0% GR3D_FREQ 99% PLL@33C CPU@37.5C PMIC@50C GPU@35.5C AO@44.5C thermal@36.5C
2023-09-01 09:58:48 RAM 3428/3956MB (lfb 1x4MB) SWAP 1517/4026MB (cached 159MB) CPU [27%@307,21%@307,22%@307,21%@307] EMC_FREQ 0% GR3D_FREQ 99% PLL@33C CPU@37C PMIC@50C GPU@35C AO@44C thermal@35.75C
2023-09-01 09:59:48 RAM 3423/3956MB (lfb 1x4MB) SWAP 1517/4026MB (cached 159MB) CPU [32%@307,28%@307,30%@307,27%@307] EMC_FREQ 0% GR3D_FREQ 99% PLL@33.5C CPU@37.5C PMIC@50C GPU@35.5C AO@44C thermal@36C
2023-09-01 10:00:48 RAM 3429/3956MB (lfb 1x4MB) SWAP 1517/4026MB (cached 159MB) CPU [34%@1479,24%@1479,29%@1479,26%@1479] EMC_FREQ 0% GR3D_FREQ 99% PLL@34C CPU@38C PMIC@50C GPU@35C AO@44C thermal@36.25C
2023-09-01 10:01:48 RAM 3431/3956MB (lfb 1x4MB) SWAP 1517/4026MB (cached 159MB) CPU [27%@1479,19%@1479,22%@1479,22%@1479] EMC_FREQ 0% GR3D_FREQ 99% PLL@33.5C CPU@38C PMIC@50C GPU@35C AO@44C thermal@35.5C
2023-09-01 10:02:48 RAM 3434/3956MB (lfb 1x4MB) SWAP 1517/4026MB (cached 159MB) CPU [29%@1479,33%@1479,26%@1479,24%@1479] EMC_FREQ 0% GR3D_FREQ 99% PLL@33.5C CPU@39C PMIC@50C GPU@35.5C AO@44C thermal@36C
2023-09-01 10:03:48 RAM 3432/3956MB (lfb 1x4MB) SWAP 1516/4026MB (cached 159MB) CPU [28%@518,30%@518,29%@518,28%@518] EMC_FREQ 0% GR3D_FREQ 99% PLL@33.5C CPU@37.5C PMIC@50C GPU@35.5C AO@44C thermal@36.25C
2023-09-01 10:04:48 RAM 3433/3956MB (lfb 1x4MB) SWAP 1516/4026MB (cached 159MB) CPU [24%@307,22%@307,22%@307,24%@307] EMC_FREQ 0% GR3D_FREQ 99% PLL@33C CPU@37C PMIC@50C GPU@35C AO@44C thermal@36C
2023-09-01 10:05:48 RAM 3439/3956MB (lfb 1x4MB) SWAP 1516/4026MB (cached 159MB) CPU [32%@307,26%@307,26%@307,27%@307] EMC_FREQ 0% GR3D_FREQ 99% PLL@33C CPU@37C PMIC@50C GPU@35C AO@44C thermal@36C
2023-09-01 10:06:48 RAM 3434/3956MB (lfb 1x4MB) SWAP 1516/4026MB (cached 159MB) CPU [28%@403,28%@403,29%@403,30%@403] EMC_FREQ 0% GR3D_FREQ 99% PLL@33C CPU@37C PMIC@50C GPU@35.5C AO@44.5C thermal@36.25C
2023-09-01 10:07:48 RAM 3437/3956MB (lfb 1x4MB) SWAP 1516/4026MB (cached 159MB) CPU [27%@1479,24%@1479,21%@1479,20%@1479] EMC_FREQ 0% GR3D_FREQ 99% PLL@33.5C CPU@38C PMIC@50C GPU@35C AO@43.5C thermal@35.75C
2023-09-01 10:08:48 RAM 3444/3956MB (lfb 1x4MB) SWAP 1516/4026MB (cached 159MB) CPU [29%@825,28%@825,27%@1428,28%@1428] EMC_FREQ 0% GR3D_FREQ 99% PLL@33C CPU@37C PMIC@50C GPU@35.5C AO@43.5C thermal@37C
2023-09-01 10:09:48 RAM 3453/3956MB (lfb 1x4MB) SWAP 1511/4026MB (cached 159MB) CPU [31%@307,27%@307,28%@307,26%@307] EMC_FREQ 0% GR3D_FREQ 99% PLL@33C CPU@37.5C PMIC@50C GPU@35C AO@44C thermal@37C
2023-09-01 10:10:48 RAM 3443/3956MB (lfb 1x4MB) SWAP 1511/4026MB (cached 159MB) CPU [21%@204,23%@204,22%@204,23%@204] EMC_FREQ 0% GR3D_FREQ 99% PLL@33C CPU@37C PMIC@50C GPU@35C AO@43C thermal@36.25C
2023-09-01 10:11:48 RAM 3450/3956MB (lfb 1x4MB) SWAP 1511/4026MB (cached 159MB) CPU [29%@1479,32%@1479,29%@1479,28%@1479] EMC_FREQ 0% GR3D_FREQ 99% PLL@33C CPU@37.5C PMIC@50C GPU@34.5C AO@44C thermal@36.25C
2023-09-01 10:12:48 RAM 3445/3956MB (lfb 1x4MB) SWAP 1511/4026MB (cached 159MB) CPU [27%@1479,29%@1479,28%@1479,31%@1479] EMC_FREQ 0% GR3D_FREQ 99% PLL@33C CPU@38C PMIC@50C GPU@35C AO@44C thermal@36.5C
2023-09-01 10:13:48 RAM 3448/3956MB (lfb 1x4MB) SWAP 1511/4026MB (cached 159MB) CPU [20%@204,26%@204,23%@204,19%@204] EMC_FREQ 0% GR3D_FREQ 99% PLL@32C CPU@36.5C PMIC@50C GPU@34.5C AO@43.5C thermal@35.75C
2023-09-01 10:14:48 RAM 3453/3956MB (lfb 1x4MB) SWAP 1511/4026MB (cached 159MB) CPU [27%@307,26%@307,28%@307,30%@307] EMC_FREQ 0% GR3D_FREQ 99% PLL@33C CPU@37C PMIC@50C GPU@35C AO@43.5C thermal@36.5C
2023-09-01 10:15:48 RAM 3446/3956MB (lfb 1x4MB) SWAP 1511/4026MB (cached 160MB) CPU [32%@307,34%@307,28%@307,25%@307] EMC_FREQ 0% GR3D_FREQ 99% PLL@33C CPU@37C PMIC@50C GPU@35C AO@43.5C thermal@36.25C
2023-09-01 10:16:48 RAM 3449/3956MB (lfb 1x4MB) SWAP 1511/4026MB (cached 160MB) CPU [23%@204,25%@204,23%@204,22%@204] EMC_FREQ 0% GR3D_FREQ 99% PLL@32.5C CPU@37C PMIC@50C GPU@34.5C AO@43.5C thermal@35.75C
2023-09-01 10:17:48 RAM 3454/3956MB (lfb 1x4MB) SWAP 1511/4026MB (cached 160MB) CPU [30%@307,28%@307,24%@307,26%@307] EMC_FREQ 0% GR3D_FREQ 99% PLL@33C CPU@36.5C PMIC@50C GPU@34.5C AO@43.5C thermal@36.25C
2023-09-01 10:18:48 RAM 3450/3956MB (lfb 1x4MB) SWAP 1511/4026MB (cached 160MB) CPU [27%@307,29%@307,27%@307,32%@307] EMC_FREQ 0% GR3D_FREQ 99% PLL@33C CPU@37C PMIC@50C GPU@35C AO@43.5C thermal@36C
2023-09-01 10:19:48 RAM 3453/3956MB (lfb 1x4MB) SWAP 1511/4026MB (cached 160MB) CPU [29%@1479,24%@1479,23%@1479,20%@1479] EMC_FREQ 0% GR3D_FREQ 99% PLL@33C CPU@37.5C PMIC@50C GPU@34.5C AO@43C thermal@35.5C
2023-09-01 10:20:48 RAM 3458/3956MB (lfb 1x4MB) SWAP 1511/4026MB (cached 160MB) CPU [30%@1479,27%@1479,25%@1479,26%@1479] EMC_FREQ 0% GR3D_FREQ 99% PLL@34C CPU@37.5C PMIC@50C GPU@35C AO@43.5C thermal@36.5C
2023-09-01 10:21:48 RAM 3454/3956MB (lfb 1x4MB) SWAP 1511/4026MB (cached 160MB) CPU [34%@614,26%@614,28%@614,25%@614] EMC_FREQ 0% GR3D_FREQ 99% PLL@33C CPU@37C PMIC@50C GPU@35.5C AO@43.5C thermal@36C
2023-09-01 10:22:48 RAM 3453/3956MB (lfb 1x4MB) SWAP 1515/4026MB (cached 160MB) CPU [31%@307,25%@307,24%@307,20%@307] EMC_FREQ 0% GR3D_FREQ 99% PLL@33.5C CPU@36.5C PMIC@50C GPU@35C AO@43.5C thermal@35.5C
2023-09-01 10:23:48 RAM 3457/3956MB (lfb 1x4MB) SWAP 1518/4026MB (cached 159MB) CPU [29%@307,26%@307,27%@307,24%@307] EMC_FREQ 0% GR3D_FREQ 99% PLL@32.5C CPU@37C PMIC@50C GPU@35C AO@43.5C thermal@37.25C
2023-09-01 10:24:48 RAM 3450/3956MB (lfb 1x4MB) SWAP 1521/4026MB (cached 159MB) CPU [28%@1479,34%@1479,28%@1479,26%@1479] EMC_FREQ 0% GR3D_FREQ 99% PLL@33.5C CPU@37.5C PMIC@50C GPU@34.5C AO@44C thermal@36C
2023-09-01 10:25:48 RAM 3456/3956MB (lfb 1x4MB) SWAP 1521/4026MB (cached 159MB) CPU [29%@307,28%@307,24%@307,22%@307] EMC_FREQ 0% GR3D_FREQ 99% PLL@33C CPU@36.5C PMIC@50C GPU@35C AO@43.5C thermal@35.75C
2023-09-01 10:26:48 RAM 3458/3956MB (lfb 1x4MB) SWAP 1521/4026MB (cached 159MB) CPU [28%@1479,28%@1479,23%@1479,21%@1479] EMC_FREQ 0% GR3D_FREQ 99% PLL@33.5C CPU@38.5C PMIC@50C GPU@35C AO@43.5C thermal@36.75C
2023-09-01 10:27:48 RAM 3454/3956MB (lfb 1x4MB) SWAP 1521/4026MB (cached 159MB) CPU [30%@1036,31%@1036,28%@1036,27%@1036] EMC_FREQ 0% GR3D_FREQ 99% PLL@33.5C CPU@37.5C PMIC@50C GPU@35.5C AO@43.5C thermal@36.5C
2023-09-01 10:28:48 RAM 3459/3956MB (lfb 1x4MB) SWAP 1521/4026MB (cached 159MB) CPU [31%@710,24%@710,26%@710,23%@710] EMC_FREQ 0% GR3D_FREQ 97% PLL@32.5C CPU@37C PMIC@50C GPU@35C AO@43.5C thermal@36.25C
2023-09-01 10:29:48 RAM 3463/3956MB (lfb 1x4MB) SWAP 1521/4026MB (cached 159MB) CPU [28%@1479,25%@1479,26%@1479,20%@1479] EMC_FREQ 0% GR3D_FREQ 99% PLL@33C CPU@37.5C PMIC@50C GPU@34.5C AO@44C thermal@36C
2023-09-01 10:30:48 RAM 3457/3956MB (lfb 1x4MB) SWAP 1521/4026MB (cached 159MB) CPU [30%@1479,31%@1479,27%@1479,27%@1479] EMC_FREQ 0% GR3D_FREQ 99% PLL@33.5C CPU@37.5C PMIC@50C GPU@35C AO@44C thermal@36.25C
2023-09-01 10:31:48 RAM 3461/3956MB (lfb 1x4MB) SWAP 1521/4026MB (cached 159MB) CPU [26%@1479,24%@1479,31%@1479,24%@1479] EMC_FREQ 0% GR3D_FREQ 99% PLL@33C CPU@37C PMIC@50C GPU@34.5C AO@44C thermal@36.25C
2023-09-01 10:32:48 RAM 3466/3956MB (lfb 1x4MB) SWAP 1516/4026MB (cached 160MB) CPU [26%@307,24%@307,26%@307,24%@307] EMC_FREQ 0% GR3D_FREQ 99% PLL@33C CPU@37C PMIC@50C GPU@35C AO@43.5C thermal@36C
2023-09-01 10:33:48 RAM 3463/3956MB (lfb 1x4MB) SWAP 1516/4026MB (cached 160MB) CPU [30%@307,28%@307,28%@307,30%@307] EMC_FREQ 0% GR3D_FREQ 99% PLL@33C CPU@37C PMIC@50C GPU@35C AO@43.5C thermal@36C
2023-09-01 10:34:48 RAM 3476/3956MB (lfb 1x4MB) SWAP 1517/4026MB (cached 160MB) CPU [34%@307,36%@307,35%@307,33%@307] EMC_FREQ 0% GR3D_FREQ 99% PLL@33C CPU@37.5C PMIC@50C GPU@35C AO@43.5C thermal@36.5C
2023-09-01 10:35:48 RAM 3516/3956MB (lfb 1x4MB) SWAP 1579/4026MB (cached 198MB) CPU [57%@1479,57%@1479,56%@1479,57%@1479] EMC_FREQ 0% GR3D_FREQ 99% PLL@34.5C CPU@39.5C PMIC@50C GPU@36C AO@45C thermal@37.75C
2023-09-01 10:36:48 RAM 3512/3956MB (lfb 1x4MB) SWAP 1613/4026MB (cached 198MB) CPU [43%@1479,44%@1479,45%@1479,42%@1479] EMC_FREQ 0% GR3D_FREQ 99% PLL@34C CPU@38.5C PMIC@50C GPU@36C AO@44.5C thermal@37.25C
2023-09-01 10:37:48 RAM 3510/3956MB (lfb 1x4MB) SWAP 1621/4026MB (cached 193MB) CPU [31%@1479,29%@1479,32%@1479,31%@1479] EMC_FREQ 0% GR3D_FREQ 99% PLL@34C CPU@38C PMIC@50C GPU@35.5C AO@44.5C thermal@36.75C
2023-09-01 10:38:48 RAM 3499/3956MB (lfb 1x4MB) SWAP 1625/4026MB (cached 193MB) CPU [27%@1479,25%@1479,22%@1479,20%@1479] EMC_FREQ 0% GR3D_FREQ 99% PLL@33.5C CPU@38.5C PMIC@50C GPU@35.5C AO@44.5C thermal@36.25C
2023-09-01 10:39:48 RAM 3458/3956MB (lfb 1x4MB) SWAP 1613/4026MB (cached 188MB) CPU [32%@921,30%@921,28%@921,32%@921] EMC_FREQ 0% GR3D_FREQ 99% PLL@33C CPU@37C PMIC@50C GPU@35.5C AO@44C thermal@36C
2023-09-01 10:40:48 RAM 3436/3956MB (lfb 1x4MB) SWAP 1613/4026MB (cached 188MB) CPU [31%@204,30%@204,30%@204,29%@204] EMC_FREQ 0% GR3D_FREQ 99% PLL@33C CPU@37.5C PMIC@50C GPU@35C AO@43.5C thermal@36.5C
2023-09-01 10:41:48 RAM 3442/3956MB (lfb 1x4MB) SWAP 1613/4026MB (cached 188MB) CPU [25%@204,24%@204,22%@204,21%@204] EMC_FREQ 0% GR3D_FREQ 99% PLL@33C CPU@37.5C PMIC@50C GPU@34.5C AO@43.5C thermal@36C
2023-09-01 10:42:48 RAM 3445/3956MB (lfb 1x4MB) SWAP 1613/4026MB (cached 188MB) CPU [32%@204,28%@204,27%@204,27%@204] EMC_FREQ 0% GR3D_FREQ 99% PLL@33C CPU@37.5C PMIC@50C GPU@35.5C AO@43.5C thermal@36.5C
2023-09-01 10:43:48 RAM 3441/3956MB (lfb 1x4MB) SWAP 1613/4026MB (cached 188MB) CPU [31%@204,28%@204,28%@204,27%@204] EMC_FREQ 0% GR3D_FREQ 99% PLL@32.5C CPU@37C PMIC@50C GPU@35C AO@43.5C thermal@36C
2023-09-01 10:44:48 RAM 3443/3956MB (lfb 1x4MB) SWAP 1613/4026MB (cached 188MB) CPU [24%@204,24%@204,20%@204,22%@204] EMC_FREQ 0% GR3D_FREQ 99% PLL@32.5C CPU@37C PMIC@50C GPU@35C AO@43.5C thermal@35.5C
2023-09-01 10:45:48 RAM 3447/3956MB (lfb 1x4MB) SWAP 1613/4026MB (cached 188MB) CPU [28%@1479,31%@1479,30%@1479,26%@1479] EMC_FREQ 0% GR3D_FREQ 99% PLL@33.5C CPU@38.5C PMIC@50C GPU@35C AO@44C thermal@36.75C
2023-09-01 10:46:48 RAM 3443/3956MB (lfb 1x4MB) SWAP 1613/4026MB (cached 188MB) CPU [29%@1479,30%@1479,30%@1479,26%@1479] EMC_FREQ 0% GR3D_FREQ 99% PLL@33.5C CPU@37C PMIC@50C GPU@35C AO@44C thermal@37.25C
2023-09-01 10:47:48 RAM 3446/3956MB (lfb 1x4MB) SWAP 1613/4026MB (cached 188MB) CPU [26%@307,26%@307,21%@307,19%@307] EMC_FREQ 0% GR3D_FREQ 99% PLL@32.5C CPU@37C PMIC@50C GPU@35C AO@43C thermal@36.25C
2023-09-01 10:48:48 RAM 3452/3956MB (lfb 1x4MB) SWAP 1612/4026MB (cached 188MB) CPU [31%@518,26%@518,29%@518,25%@518] EMC_FREQ 0% GR3D_FREQ 99% PLL@33.5C CPU@38C PMIC@50C GPU@35C AO@44C thermal@36.25C
2023-09-01 10:49:48 RAM 3447/3956MB (lfb 1x4MB) SWAP 1612/4026MB (cached 188MB) CPU [32%@307,31%@307,29%@307,26%@307] EMC_FREQ 0% GR3D_FREQ 99% PLL@33C CPU@37.5C PMIC@50C GPU@35C AO@43.5C thermal@36C
2023-09-01 10:50:48 RAM 3451/3956MB (lfb 1x4MB) SWAP 1612/4026MB (cached 188MB) CPU [24%@204,27%@204,22%@204,23%@204] EMC_FREQ 0% GR3D_FREQ 99% PLL@33C CPU@37.5C PMIC@50C GPU@35C AO@43.5C thermal@36.25C
2023-09-01 10:51:48 RAM 3454/3956MB (lfb 1x4MB) SWAP 1607/4026MB (cached 188MB) CPU [26%@204,27%@204,26%@204,29%@204] EMC_FREQ 0% GR3D_FREQ 99% PLL@32.5C CPU@37C PMIC@50C GPU@34.5C AO@43.5C thermal@36.5C
2023-09-01 10:52:48 RAM 3450/3956MB (lfb 1x4MB) SWAP 1607/4026MB (cached 188MB) CPU [27%@204,28%@204,32%@204,25%@204] EMC_FREQ 0% GR3D_FREQ 99% PLL@32.5C CPU@37C PMIC@50C GPU@35C AO@43.5C thermal@36C
2023-09-01 10:53:48 RAM 3454/3956MB (lfb 1x4MB) SWAP 1607/4026MB (cached 188MB) CPU [28%@307,27%@307,21%@307,23%@307] EMC_FREQ 0% GR3D_FREQ 99% PLL@32.5C CPU@37C PMIC@50C GPU@35C AO@43.5C thermal@36C
2023-09-01 10:54:48 RAM 3458/3956MB (lfb 1x4MB) SWAP 1607/4026MB (cached 188MB) CPU [32%@1479,23%@1479,27%@1479,24%@1479] EMC_FREQ 0% GR3D_FREQ 99% PLL@33C CPU@37C PMIC@50C GPU@34.5C AO@43.5C thermal@36C
2023-09-01 10:55:48 RAM 3454/3956MB (lfb 1x4MB) SWAP 1607/4026MB (cached 188MB) CPU [29%@1479,28%@1479,29%@1479,27%@1479] EMC_FREQ 0% GR3D_FREQ 99% PLL@33.5C CPU@37.5C PMIC@50C GPU@35C AO@44C thermal@36.5C
2023-09-01 10:56:48 RAM 3458/3956MB (lfb 1x4MB) SWAP 1607/4026MB (cached 188MB) CPU [27%@1428,29%@1479,21%@1479,23%@1479] EMC_FREQ 0% GR3D_FREQ 3% PLL@32.5C CPU@37C PMIC@50C GPU@34.5C AO@43.5C thermal@36C
2023-09-01 10:57:48 RAM 3462/3956MB (lfb 1x4MB) SWAP 1607/4026MB (cached 188MB) CPU [31%@1479,27%@1479,23%@1479,24%@1479] EMC_FREQ 0% GR3D_FREQ 99% PLL@33C CPU@37.5C PMIC@50C GPU@34.5C AO@44C thermal@36.5C
2023-09-01 10:58:48 RAM 3460/3956MB (lfb 1x4MB) SWAP 1607/4026MB (cached 188MB) CPU [29%@825,30%@825,29%@825,27%@825] EMC_FREQ 0% GR3D_FREQ 99% PLL@33C CPU@37C PMIC@50C GPU@35C AO@44C thermal@35.5C
2023-09-01 10:59:48 RAM 3462/3956MB (lfb 1x4MB) SWAP 1607/4026MB (cached 188MB) CPU [27%@1479,30%@1479,26%@1479,23%@1479] EMC_FREQ 0% GR3D_FREQ 53% PLL@32.5C CPU@36.5C PMIC@50C GPU@34.5C AO@43.5C thermal@35.75C
2023-09-01 11:00:48 RAM 3467/3956MB (lfb 1x4MB) SWAP 1607/4026MB (cached 188MB) CPU [23%@307,27%@307,25%@307,24%@307] EMC_FREQ 0% GR3D_FREQ 99% PLL@32.5C CPU@37C PMIC@50C GPU@35C AO@43.5C thermal@36.25C
2023-09-01 11:01:48 RAM 3462/3956MB (lfb 1x4MB) SWAP 1607/4026MB (cached 188MB) CPU [30%@307,33%@307,28%@307,26%@307] EMC_FREQ 0% GR3D_FREQ 99% PLL@33C CPU@37C PMIC@50C GPU@35C AO@43.5C thermal@37.25C
2023-09-01 11:02:48 RAM 3467/3956MB (lfb 1x4MB) SWAP 1607/4026MB (cached 188MB) CPU [27%@1326,26%@1326,28%@1326,27%@1326] EMC_FREQ 0% GR3D_FREQ 99% PLL@33.5C CPU@37.5C PMIC@50C GPU@35C AO@43.5C thermal@36C
2023-09-01 11:03:48 RAM 3470/3956MB (lfb 1x4MB) SWAP 1607/4026MB (cached 188MB) CPU [27%@307,21%@307,25%@204,24%@403] EMC_FREQ 0% GR3D_FREQ 69% PLL@32.5C CPU@37C PMIC@50C GPU@35C AO@43.5C thermal@36.25C
2023-09-01 11:04:48 RAM 3465/3956MB (lfb 1x4MB) SWAP 1607/4026MB (cached 188MB) CPU [29%@1479,28%@1479,32%@1479,24%@1479] EMC_FREQ 0% GR3D_FREQ 99% PLL@33C CPU@38C PMIC@50C GPU@35C AO@44C thermal@36C
2023-09-01 11:05:48 RAM 3470/3956MB (lfb 1x4MB) SWAP 1607/4026MB (cached 188MB) CPU [30%@204,27%@204,26%@204,23%@204] EMC_FREQ 0% GR3D_FREQ 99% PLL@33C CPU@37C PMIC@50C GPU@35C AO@43.5C thermal@36C
2023-09-01 11:06:48 RAM 3475/3956MB (lfb 1x4MB) SWAP 1607/4026MB (cached 188MB) CPU [27%@307,23%@307,26%@307,21%@307] EMC_FREQ 0% GR3D_FREQ 99% PLL@32.5C CPU@36.5C PMIC@50C GPU@35C AO@43.5C thermal@36.25C
2023-09-01 11:07:48 RAM 3469/3956MB (lfb 1x4MB) SWAP 1607/4026MB (cached 188MB) CPU [30%@825,28%@825,30%@825,26%@825] EMC_FREQ 0% GR3D_FREQ 99% PLL@33C CPU@37C PMIC@50C GPU@35C AO@43.5C thermal@36C
2023-09-01 11:08:48 RAM 3475/3956MB (lfb 1x4MB) SWAP 1607/4026MB (cached 188MB) CPU [29%@307,26%@307,28%@307,27%@307] EMC_FREQ 0% GR3D_FREQ 99% PLL@33C CPU@37C PMIC@50C GPU@35C AO@44C thermal@36C
2023-09-01 11:09:48 RAM 3494/3956MB (lfb 1x4MB) SWAP 1607/4026MB (cached 187MB) CPU [27%@307,21%@307,21%@307,23%@307] EMC_FREQ 0% GR3D_FREQ 99% PLL@32.5C CPU@37C PMIC@50C GPU@34.5C AO@43C thermal@36C
2023-09-01 11:10:48 RAM 3478/3956MB (lfb 1x4MB) SWAP 1606/4026MB (cached 187MB) CPU [31%@204,28%@204,30%@204,29%@204] EMC_FREQ 0% GR3D_FREQ 99% PLL@33C CPU@37C PMIC@50C GPU@35C AO@43.5C thermal@36.75C
2023-09-01 11:11:48 RAM 3483/3956MB (lfb 1x4MB) SWAP 1606/4026MB (cached 187MB) CPU [33%@1326,30%@1326,28%@1326,25%@1326] EMC_FREQ 0% GR3D_FREQ 99% PLL@33.5C CPU@37.5C PMIC@50C GPU@35C AO@44C thermal@36C
2023-09-01 11:12:48 RAM 3488/3956MB (lfb 1x4MB) SWAP 1606/4026MB (cached 187MB) CPU [24%@1479,22%@1479,24%@1479,22%@1479] EMC_FREQ 0% GR3D_FREQ 99% PLL@33C CPU@37.5C PMIC@50C GPU@35C AO@43.5C thermal@36.5C
2023-09-01 11:13:48 RAM 3482/3956MB (lfb 1x4MB) SWAP 1602/4026MB (cached 187MB) CPU [28%@1479,31%@1479,27%@1479,29%@1479] EMC_FREQ 0% GR3D_FREQ 99% PLL@33.5C CPU@37.5C PMIC@50C GPU@35C AO@44C thermal@36.25C
2023-09-01 11:14:48 RAM 3488/3956MB (lfb 1x4MB) SWAP 1602/4026MB (cached 187MB) CPU [29%@1479,28%@1479,29%@1479,28%@1479] EMC_FREQ 0% GR3D_FREQ 99% PLL@33.5C CPU@37.5C PMIC@50C GPU@34.5C AO@43.5C thermal@36.5C
2023-09-01 11:15:48 RAM 3490/3956MB (lfb 1x4MB) SWAP 1591/4026MB (cached 174MB) CPU [26%@1479,24%@1479,22%@1479,22%@1479] EMC_FREQ 0% GR3D_FREQ 99% PLL@33C CPU@38C PMIC@50C GPU@35C AO@43C thermal@35.75C
2023-09-01 11:16:48 RAM 3486/3956MB (lfb 1x4MB) SWAP 1593/4026MB (cached 175MB) CPU [33%@307,31%@307,27%@307,29%@307] EMC_FREQ 0% GR3D_FREQ 99% PLL@32.5C CPU@37C PMIC@50C GPU@35.5C AO@43.5C thermal@36C
2023-09-01 11:17:48 RAM 3489/3956MB (lfb 1x4MB) SWAP 1595/4026MB (cached 175MB) CPU [28%@307,30%@307,27%@518,29%@518] EMC_FREQ 0% GR3D_FREQ 99% PLL@32.5C CPU@37C PMIC@50C GPU@35C AO@43.5C thermal@36.5C
2023-09-01 11:18:48 RAM 3482/3956MB (lfb 1x4MB) SWAP 1599/4026MB (cached 175MB) CPU [26%@307,27%@307,20%@307,22%@307] EMC_FREQ 0% GR3D_FREQ 99% PLL@32.5C CPU@37C PMIC@50C GPU@34.5C AO@43.5C thermal@36.5C
2023-09-01 11:19:48 RAM 3481/3956MB (lfb 1x4MB) SWAP 1603/4026MB (cached 175MB) CPU [28%@1479,32%@1479,27%@1479,27%@1479] EMC_FREQ 0% GR3D_FREQ 56% PLL@33C CPU@37.5C PMIC@50C GPU@35C AO@43.5C thermal@35.75C
2023-09-01 11:20:48 RAM 3483/3956MB (lfb 1x4MB) SWAP 1608/4026MB (cached 175MB) CPU [31%@403,30%@403,27%@403,28%@403] EMC_FREQ 0% GR3D_FREQ 99% PLL@33C CPU@37C PMIC@50C GPU@35C AO@44C thermal@36C
2023-09-01 11:21:48 RAM 3479/3956MB (lfb 1x4MB) SWAP 1608/4026MB (cached 175MB) CPU [26%@518,23%@518,22%@518,21%@518] EMC_FREQ 0% GR3D_FREQ 99% PLL@33C CPU@37C PMIC@50C GPU@34.5C AO@43.5C thermal@36C
2023-09-01 11:22:48 RAM 3483/3956MB (lfb 1x4MB) SWAP 1610/4026MB (cached 175MB) CPU [31%@921,30%@921,30%@921,27%@921] EMC_FREQ 0% GR3D_FREQ 99% PLL@32.5C CPU@37.5C PMIC@50C GPU@35C AO@44C thermal@36.25C
2023-09-01 11:23:48 RAM 3526/3956MB (lfb 5x1MB) SWAP 1591/4026MB (cached 207MB) CPU [30%@1479,32%@1479,26%@1479,27%@1479] EMC_FREQ 0% GR3D_FREQ 99% PLL@33C CPU@37C PMIC@50C GPU@35C AO@44C thermal@36C
2023-09-01 11:24:48 RAM 3523/3956MB (lfb 5x1MB) SWAP 1594/4026MB (cached 207MB) CPU [27%@614,22%@1036,22%@1036,21%@1036] EMC_FREQ 0% GR3D_FREQ 99% PLL@32.5C CPU@37C PMIC@50C GPU@34.5C AO@44C thermal@36C
2023-09-01 11:25:48 RAM 3531/3956MB (lfb 6x1MB) SWAP 1594/4026MB (cached 207MB) CPU [31%@1479,28%@1479,29%@1479,24%@1479] EMC_FREQ 0% GR3D_FREQ 99% PLL@33C CPU@37.5C PMIC@50C GPU@35C AO@43.5C thermal@36C
2023-09-01 11:26:48 RAM 3522/3956MB (lfb 6x1MB) SWAP 1597/4026MB (cached 207MB) CPU [30%@1479,28%@1479,29%@1479,28%@1479] EMC_FREQ 0% GR3D_FREQ 41% PLL@33C CPU@37.5C PMIC@50C GPU@35C AO@44C thermal@37C
2023-09-01 11:27:48 RAM 3523/3956MB (lfb 6x1MB) SWAP 1597/4026MB (cached 207MB) CPU [24%@1428,26%@1428,24%@1428,23%@1428] EMC_FREQ 0% GR3D_FREQ 99% PLL@32.5C CPU@36.5C PMIC@50C GPU@35C AO@43C thermal@35.5C
2023-09-01 11:28:48 RAM 3527/3956MB (lfb 6x1MB) SWAP 1599/4026MB (cached 207MB) CPU [33%@1479,31%@1479,22%@1479,27%@1479] EMC_FREQ 0% GR3D_FREQ 99% PLL@33.5C CPU@37.5C PMIC@50C GPU@35C AO@43.5C thermal@36.75C
2023-09-01 11:29:48 RAM 3525/3956MB (lfb 6x1MB) SWAP 1601/4026MB (cached 207MB) CPU [33%@1479,27%@1479,30%@1479,25%@1479] EMC_FREQ 0% GR3D_FREQ 99% PLL@33.5C CPU@38.5C PMIC@50C GPU@35C AO@44.5C thermal@36C
2023-09-01 11:30:48 RAM 3522/3956MB (lfb 6x1MB) SWAP 1605/4026MB (cached 207MB) CPU [29%@1479,26%@1479,23%@1479,17%@1479] EMC_FREQ 0% GR3D_FREQ 99% PLL@32.5C CPU@37C PMIC@50C GPU@34.5C AO@43.5C thermal@35.75C
2023-09-01 11:31:48 RAM 3529/3956MB (lfb 6x1MB) SWAP 1609/4026MB (cached 207MB) CPU [31%@1479,28%@1479,26%@1479,25%@1479] EMC_FREQ 0% GR3D_FREQ 99% PLL@33C CPU@37C PMIC@50C GPU@35C AO@43.5C thermal@36.5C
2023-09-01 11:32:48 RAM 3521/3956MB (lfb 6x1MB) SWAP 1611/4026MB (cached 207MB) CPU [31%@1326,28%@1326,29%@1326,28%@1326] EMC_FREQ 0% GR3D_FREQ 99% PLL@33C CPU@37C PMIC@50C GPU@34.5C AO@43.5C thermal@36.5C
2023-09-01 11:33:48 RAM 3523/3956MB (lfb 6x1MB) SWAP 1613/4026MB (cached 207MB) CPU [25%@1224,26%@1224,25%@1224,22%@1224] EMC_FREQ 0% GR3D_FREQ 99% PLL@33C CPU@37C PMIC@50C GPU@35.5C AO@43C thermal@36C
2023-09-01 11:34:48 RAM 3528/3956MB (lfb 8x1MB) SWAP 1615/4026MB (cached 207MB) CPU [28%@1479,26%@1479,24%@1479,26%@1479] EMC_FREQ 0% GR3D_FREQ 75% PLL@33C CPU@37C PMIC@50C GPU@35C AO@43.5C thermal@35.75C
2023-09-01 11:35:48 RAM 3523/3956MB (lfb 8x1MB) SWAP 1616/4026MB (cached 207MB) CPU [32%@1479,28%@1479,25%@1479,29%@1479] EMC_FREQ 0% GR3D_FREQ 99% PLL@33.5C CPU@37.5C PMIC@50C GPU@34.5C AO@43.5C thermal@35.75C
2023-09-01 11:36:48 RAM 3524/3956MB (lfb 8x1MB) SWAP 1616/4026MB (cached 207MB) CPU [29%@1479,27%@1479,24%@1479,25%@1479] EMC_FREQ 0% GR3D_FREQ 99% PLL@33C CPU@37.5C PMIC@50C GPU@35.5C AO@43.5C thermal@35.5C
2023-09-01 11:37:48 RAM 3527/3956MB (lfb 8x1MB) SWAP 1620/4026MB (cached 207MB) CPU [28%@1479,25%@1479,22%@1479,28%@1479] EMC_FREQ 0% GR3D_FREQ 99% PLL@33.5C CPU@38C PMIC@50C GPU@35C AO@44C thermal@36.25C
2023-09-01 11:38:48 RAM 3521/3956MB (lfb 8x1MB) SWAP 1620/4026MB (cached 207MB) CPU [28%@1479,31%@1479,28%@1479,28%@1479] EMC_FREQ 0% GR3D_FREQ 99% PLL@33.5C CPU@37.5C PMIC@50C GPU@35.5C AO@44C thermal@36.5C
2023-09-01 11:39:48 RAM 3539/3956MB (lfb 8x1MB) SWAP 1622/4026MB (cached 207MB) CPU [28%@1479,27%@1479,26%@1479,27%@1479] EMC_FREQ 0% GR3D_FREQ 99% PLL@33C CPU@37.5C PMIC@50C GPU@35C AO@43.5C thermal@36C
2023-09-01 11:40:48 RAM 3528/3956MB (lfb 5x1MB) SWAP 1624/4026MB (cached 207MB) CPU [26%@1479,26%@1479,24%@1479,26%@1479] EMC_FREQ 0% GR3D_FREQ 99% PLL@33.5C CPU@37.5C PMIC@50C GPU@35.5C AO@44C thermal@35.75C
2023-09-01 11:41:48 RAM 3529/3956MB (lfb 4x1MB) SWAP 1624/4026MB (cached 207MB) CPU [31%@307,31%@307,29%@307,28%@307] EMC_FREQ 0% GR3D_FREQ 99% PLL@33C CPU@37C PMIC@50C GPU@35.5C AO@43.5C thermal@36.5C
2023-09-01 11:42:48 RAM 3532/3956MB (lfb 4x1MB) SWAP 1627/4026MB (cached 207MB) CPU [28%@204,23%@204,31%@204,24%@204] EMC_FREQ 0% GR3D_FREQ 99% PLL@33C CPU@37C PMIC@50C GPU@35C AO@43.5C thermal@36.25C
2023-09-01 11:43:48 RAM 3525/3956MB (lfb 4x1MB) SWAP 1631/4026MB (cached 207MB) CPU [24%@204,25%@204,21%@204,25%@204] EMC_FREQ 0% GR3D_FREQ 99% PLL@33C CPU@37.5C PMIC@50C GPU@35.5C AO@43.5C thermal@37C
2023-09-01 11:44:48 RAM 3416/3956MB (lfb 4x1MB) SWAP 1631/4026MB (cached 207MB) CPU [34%@403,30%@403,25%@403,26%@403] EMC_FREQ 0% GR3D_FREQ 99% PLL@33C CPU@37.5C PMIC@50C GPU@35C AO@43.5C thermal@36.75C
2023-09-01 11:45:48 RAM 3414/3956MB (lfb 4x1MB) SWAP 1631/4026MB (cached 207MB) CPU [25%@307,30%@307,25%@307,26%@307] EMC_FREQ 0% GR3D_FREQ 99% PLL@32.5C CPU@36.5C PMIC@50C GPU@35C AO@43.5C thermal@35.75C
2023-09-01 11:46:48 RAM 3406/3956MB (lfb 4x1MB) SWAP 1631/4026MB (cached 207MB) CPU [26%@307,24%@307,22%@307,22%@307] EMC_FREQ 0% GR3D_FREQ 99% PLL@33C CPU@37.5C PMIC@50C GPU@35.5C AO@44C thermal@36.5C
2023-09-01 11:47:48 RAM 3406/3956MB (lfb 4x1MB) SWAP 1631/4026MB (cached 207MB) CPU [34%@1479,25%@1479,27%@1479,25%@1479] EMC_FREQ 0% GR3D_FREQ 99% PLL@33.5C CPU@39C PMIC@50C GPU@35.5C AO@43.5C thermal@36C
2023-09-01 11:48:48 RAM 3401/3956MB (lfb 4x1MB) SWAP 1627/4026MB (cached 205MB) CPU [29%@204,26%@204,26%@204,30%@204] EMC_FREQ 0% GR3D_FREQ 99% PLL@32.5C CPU@37.5C PMIC@50C GPU@35C AO@43.5C thermal@36.25C
2023-09-01 11:49:48 RAM 3393/3956MB (lfb 4x1MB) SWAP 1627/4026MB (cached 205MB) CPU [27%@1479,24%@1479,19%@1479,23%@1479] EMC_FREQ 0% GR3D_FREQ 99% PLL@33C CPU@38C PMIC@50C GPU@35.5C AO@43.5C thermal@36.25C
2023-09-01 11:50:48 RAM 3396/3956MB (lfb 4x1MB) SWAP 1627/4026MB (cached 205MB) CPU [29%@307,25%@307,27%@307,27%@307] EMC_FREQ 0% GR3D_FREQ 99% PLL@33C CPU@37C PMIC@50C GPU@35.5C AO@43C thermal@36C
2023-09-01 11:51:48 RAM 3401/3956MB (lfb 4x1MB) SWAP 1627/4026MB (cached 205MB) CPU [29%@204,29%@204,26%@204,24%@204] EMC_FREQ 0% GR3D_FREQ 99% PLL@33C CPU@37C PMIC@50C GPU@35.5C AO@43.5C thermal@36C
2023-09-01 11:52:48 RAM 3394/3956MB (lfb 4x1MB) SWAP 1627/4026MB (cached 205MB) CPU [28%@307,25%@307,19%@307,18%@307] EMC_FREQ 0% GR3D_FREQ 99% PLL@33C CPU@37C PMIC@50C GPU@35C AO@43.5C thermal@35.75C
2023-09-01 11:53:48 RAM 3400/3956MB (lfb 21x1MB) SWAP 1626/4026MB (cached 203MB) CPU [29%@614,28%@614,28%@614,25%@614] EMC_FREQ 0% GR3D_FREQ 99% PLL@33.5C CPU@37.5C PMIC@50C GPU@35.5C AO@43.5C thermal@36.5C
2023-09-01 11:54:48 RAM 3398/3956MB (lfb 22x1MB) SWAP 1626/4026MB (cached 203MB) CPU [28%@307,30%@307,24%@307,27%@307] EMC_FREQ 0% GR3D_FREQ 99% PLL@33C CPU@37C PMIC@50C GPU@35C AO@43.5C thermal@36.5C
2023-09-01 11:55:48 RAM 3398/3956MB (lfb 22x1MB) SWAP 1626/4026MB (cached 203MB) CPU [26%@307,26%@307,19%@307,16%@307] EMC_FREQ 0% GR3D_FREQ 99% PLL@33C CPU@37C PMIC@50C GPU@35C AO@43.5C thermal@37C
2023-09-01 11:56:48 RAM 3402/3956MB (lfb 22x1MB) SWAP 1626/4026MB (cached 203MB) CPU [30%@307,28%@307,26%@307,25%@307] EMC_FREQ 0% GR3D_FREQ 99% PLL@33C CPU@37C PMIC@50C GPU@35C AO@43.5C thermal@36.25C
2023-09-01 11:57:48 RAM 3399/3956MB (lfb 22x1MB) SWAP 1626/4026MB (cached 203MB) CPU [27%@518,30%@518,26%@518,29%@518] EMC_FREQ 0% GR3D_FREQ 99% PLL@33.5C CPU@37C PMIC@50C GPU@35.5C AO@44C thermal@36.5C
2023-09-01 11:58:48 RAM 3401/3956MB (lfb 22x1MB) SWAP 1626/4026MB (cached 203MB) CPU [25%@204,21%@204,20%@204,22%@204] EMC_FREQ 0% GR3D_FREQ 99% PLL@32.5C CPU@36.5C PMIC@50C GPU@35C AO@43.5C thermal@36C
2023-09-01 11:59:48 RAM 3405/3956MB (lfb 27x1MB) SWAP 1626/4026MB (cached 203MB) CPU [27%@204,29%@204,25%@307,29%@307] EMC_FREQ 0% GR3D_FREQ 99% PLL@33C CPU@37C PMIC@50C GPU@34.5C AO@43.5C thermal@36C
2023-09-01 12:00:48 RAM 3404/3956MB (lfb 27x1MB) SWAP 1626/4026MB (cached 203MB) CPU [30%@403,27%@403,25%@403,28%@403] EMC_FREQ 0% GR3D_FREQ 99% PLL@32.5C CPU@36.5C PMIC@50C GPU@35C AO@43.5C thermal@36.25C
2023-09-01 12:01:48 RAM 3406/3956MB (lfb 27x1MB) SWAP 1626/4026MB (cached 203MB) CPU [24%@307,21%@307,22%@307,22%@307] EMC_FREQ 0% GR3D_FREQ 99% PLL@32.5C CPU@36.5C PMIC@50C GPU@34.5C AO@43C thermal@35.75C
2023-09-01 12:02:48 RAM 3411/3956MB (lfb 27x1MB) SWAP 1626/4026MB (cached 203MB) CPU [27%@307,29%@307,26%@307,29%@307] EMC_FREQ 0% GR3D_FREQ 99% PLL@32.5C CPU@37C PMIC@50C GPU@35C AO@43.5C thermal@36C
2023-09-01 12:03:48 RAM 3409/3956MB (lfb 27x1MB) SWAP 1626/4026MB (cached 203MB) CPU [30%@204,24%@204,30%@204,29%@204] EMC_FREQ 0% GR3D_FREQ 99% PLL@33C CPU@37C PMIC@50C GPU@35C AO@43.5C thermal@36.25C
2023-09-01 12:04:48 RAM 3412/3956MB (lfb 27x1MB) SWAP 1626/4026MB (cached 203MB) CPU [23%@307,19%@307,17%@307,20%@307] EMC_FREQ 0% GR3D_FREQ 99% PLL@32.5C CPU@36.5C PMIC@50C GPU@34.5C AO@42.5C thermal@35.25C
2023-09-01 12:05:48 RAM 3475/3956MB (lfb 5x1MB) SWAP 1643/4026MB (cached 200MB) CPU [31%@102,17%@102,15%@102,12%@102] EMC_FREQ 0% GR3D_FREQ 99% PLL@31C CPU@35C PMIC@50C GPU@33C AO@41C thermal@33.75C
2023-09-01 12:06:48 RAM 2088/3956MB (lfb 54x4MB) SWAP 916/4026MB (cached 171MB) CPU [16%@102,13%@102,11%@102,9%@102] EMC_FREQ 0% GR3D_FREQ 0% PLL@27C CPU@30C PMIC@50C GPU@29.5C AO@37.5C thermal@30C
2023-09-01 12:07:48 RAM 2100/3956MB (lfb 54x4MB) SWAP 899/4026MB (cached 160MB) CPU [22%@204,19%@204,19%@204,18%@204] EMC_FREQ 0% GR3D_FREQ 0% PLL@26C CPU@28.5C PMIC@50C GPU@26.5C AO@35.5C thermal@27.5C
2023-09-01 12:08:48 RAM 2174/3956MB (lfb 54x4MB) SWAP 897/4026MB (cached 158MB) CPU [63%@1479,60%@1479,57%@1479,61%@1479] EMC_FREQ 0% GR3D_FREQ 7% PLL@27C CPU@30C PMIC@50C GPU@27C AO@36.5C thermal@29.75C
2023-09-01 12:09:48 RAM 2230/3956MB (lfb 54x4MB) SWAP 895/4026MB (cached 159MB) CPU [32%@1479,27%@1479,33%@1479,26%@1479] EMC_FREQ 0% GR3D_FREQ 0% PLL@25C CPU@28C PMIC@50C GPU@27C AO@35C thermal@27.5C
2023-09-01 12:10:48 RAM 3123/3956MB (lfb 5x512kB) SWAP 900/4026MB (cached 156MB) CPU [17%@1479,16%@1479,22%@1479,18%@1479] EMC_FREQ 0% GR3D_FREQ 38% PLL@25C CPU@29.5C PMIC@50C GPU@25.5C AO@35C thermal@28.25C
2023-09-01 12:11:48 RAM 3655/3956MB (lfb 2x128kB) SWAP 915/4026MB (cached 142MB) CPU [16%@204,14%@204,13%@204,9%@204] EMC_FREQ 0% GR3D_FREQ 0% PLL@24C CPU@26.5C PMIC@50C GPU@24.5C AO@33.5C thermal@25.25C
2023-09-01 12:12:48 RAM 3689/3956MB (lfb 1x512kB) SWAP 929/4026MB (cached 132MB) CPU [16%@1479,12%@1479,12%@1479,10%@1479] EMC_FREQ 0% GR3D_FREQ 0% PLL@23.5C CPU@27C PMIC@50C GPU@25.5C AO@33C thermal@25.75C
2023-09-01 12:13:48 RAM 3664/3956MB (lfb 1x2MB) SWAP 980/4026MB (cached 114MB) CPU [22%@102,15%@1428,13%@1428,15%@1428] EMC_FREQ 0% GR3D_FREQ 0% PLL@23.5C CPU@27C PMIC@50C GPU@25.5C AO@34C thermal@24.75C
2023-09-01 12:14:48 RAM 3621/3956MB (lfb 1x2MB) SWAP 1162/4026MB (cached 111MB) CPU [19%@1326,17%@1326,15%@1326,12%@1326] EMC_FREQ 0% GR3D_FREQ 91% PLL@23.5C CPU@27C PMIC@50C GPU@25.5C AO@33.5C thermal@26.5C
2023-09-01 12:15:48 RAM 3676/3956MB (lfb 1x2MB) SWAP 1203/4026MB (cached 167MB) CPU [29%@1479,21%@1479,25%@1479,21%@1479] EMC_FREQ 0% GR3D_FREQ 90% PLL@26C CPU@31C PMIC@50C GPU@27.5C AO@35.5C thermal@28.75C
2023-09-01 12:16:49 RAM 3589/3956MB (lfb 3x2MB) SWAP 1427/4026MB (cached 184MB) CPU [37%@1479,29%@1479,33%@1479,30%@1479] EMC_FREQ 0% GR3D_FREQ 99% PLL@27C CPU@30.5C PMIC@50C GPU@28.5C AO@37C thermal@30.75C
2023-09-01 12:17:49 RAM 3570/3956MB (lfb 11x256kB) SWAP 1479/4026MB (cached 181MB) CPU [27%@1479,28%@1479,27%@1479,23%@1479] EMC_FREQ 0% GR3D_FREQ 0% PLL@28.5C CPU@32.5C PMIC@50C GPU@29C AO@38C thermal@31.25C
2023-09-01 12:18:49 RAM 3561/3956MB (lfb 1x512kB) SWAP 1497/4026MB (cached 185MB) CPU [30%@1479,46%@1479,40%@1479,29%@1479] EMC_FREQ 0% GR3D_FREQ 99% PLL@30C CPU@33.5C PMIC@50C GPU@31.5C AO@40C thermal@33C
2023-09-01 12:19:49 RAM 3551/3956MB (lfb 8x256kB) SWAP 1515/4026MB (cached 185MB) CPU [33%@1479,42%@1479,39%@1479,33%@1479] EMC_FREQ 0% GR3D_FREQ 95% PLL@31C CPU@36C PMIC@50C GPU@32.5C AO@41C thermal@34.25C
2023-09-01 12:20:49 RAM 3555/3956MB (lfb 2x512kB) SWAP 1519/4026MB (cached 185MB) CPU [32%@1479,51%@1479,38%@1479,32%@1479] EMC_FREQ 0% GR3D_FREQ 99% PLL@32.5C CPU@36.5C PMIC@50C GPU@34C AO@42.5C thermal@35C
2023-09-01 12:21:49 RAM 3554/3956MB (lfb 2x512kB) SWAP 1519/4026MB (cached 185MB) CPU [40%@1479,37%@1479,42%@1479,35%@1479] EMC_FREQ 0% GR3D_FREQ 99% PLL@33C CPU@37.5C PMIC@50C GPU@34.5C AO@43C thermal@36C
2023-09-01 12:22:49 RAM 3565/3956MB (lfb 1x2MB) SWAP 1522/4026MB (cached 185MB) CPU [36%@1224,42%@1224,39%@1224,38%@1224] EMC_FREQ 0% GR3D_FREQ 88% PLL@33C CPU@37C PMIC@50C GPU@35C AO@43.5C thermal@36C
2023-09-01 12:23:49 RAM 3557/3956MB (lfb 1x2MB) SWAP 1534/4026MB (cached 184MB) CPU [39%@1479,41%@1479,38%@1479,39%@1479] EMC_FREQ 0% GR3D_FREQ 99% PLL@33.5C CPU@37.5C PMIC@50C GPU@35C AO@44C thermal@36C
2023-09-01 12:24:49 RAM 3559/3956MB (lfb 1x2MB) SWAP 1533/4026MB (cached 185MB) CPU [38%@1479,38%@1479,39%@1479,41%@1479] EMC_FREQ 0% GR3D_FREQ 99% PLL@33.5C CPU@37.5C PMIC@50C GPU@34.5C AO@44C thermal@37C
2023-09-01 12:25:49 RAM 3567/3956MB (lfb 1x2MB) SWAP 1528/4026MB (cached 185MB) CPU [37%@204,38%@1479,38%@1479,43%@1479] EMC_FREQ 0% GR3D_FREQ 99% PLL@33.5C CPU@37C PMIC@50C GPU@35C AO@44C thermal@36C
2023-09-01 12:26:49 RAM 3557/3956MB (lfb 1x2MB) SWAP 1538/4026MB (cached 185MB) CPU [37%@1479,38%@1479,39%@1479,43%@1479] EMC_FREQ 0% GR3D_FREQ 98% PLL@33.5C CPU@37C PMIC@50C GPU@35C AO@44C thermal@36C
2023-09-01 12:27:49 RAM 3557/3956MB (lfb 5x1MB) SWAP 1540/4026MB (cached 185MB) CPU [39%@1479,37%@1479,39%@1479,42%@1479] EMC_FREQ 0% GR3D_FREQ 99% PLL@34C CPU@37.5C PMIC@50C GPU@35C AO@44C thermal@36.75C
2023-09-01 12:28:49 RAM 3568/3956MB (lfb 1x2MB) SWAP 1541/4026MB (cached 185MB) CPU [43%@1479,36%@1479,40%@1479,37%@1479] EMC_FREQ 0% GR3D_FREQ 99% PLL@33.5C CPU@39.5C PMIC@50C GPU@35.5C AO@44C thermal@36.75C
2023-09-01 12:29:49 RAM 3569/3956MB (lfb 1x2MB) SWAP 1541/4026MB (cached 185MB) CPU [36%@1479,40%@1479,36%@1479,43%@1479] EMC_FREQ 0% GR3D_FREQ 99% PLL@33.5C CPU@37C PMIC@50C GPU@35C AO@44C thermal@37.25C
2023-09-01 12:30:49 RAM 3567/3956MB (lfb 1x2MB) SWAP 1540/4026MB (cached 185MB) CPU [38%@825,37%@825,42%@825,41%@825] EMC_FREQ 0% GR3D_FREQ 99% PLL@33.5C CPU@37C PMIC@50C GPU@35C AO@44.5C thermal@36C
2023-09-01 12:31:49 RAM 3572/3956MB (lfb 1x2MB) SWAP 1543/4026MB (cached 187MB) CPU [41%@1479,40%@1479,39%@1479,39%@1479] EMC_FREQ 0% GR3D_FREQ 95% PLL@34.5C CPU@37C PMIC@50C GPU@35C AO@44C thermal@36.75C
2023-09-01 12:32:49 RAM 3573/3956MB (lfb 1x2MB) SWAP 1532/4026MB (cached 187MB) CPU [46%@1036,36%@1036,37%@1036,37%@1036] EMC_FREQ 0% GR3D_FREQ 85% PLL@34C CPU@37C PMIC@50C GPU@35C AO@44C thermal@36.25C
2023-09-01 12:33:49 RAM 3577/3956MB (lfb 1x2MB) SWAP 1532/4026MB (cached 187MB) CPU [41%@1479,36%@1479,37%@1479,40%@1479] EMC_FREQ 0% GR3D_FREQ 89% PLL@33.5C CPU@38.5C PMIC@50C GPU@35C AO@44.5C thermal@37.25C
2023-09-01 12:34:49 RAM 3584/3956MB (lfb 1x2MB) SWAP 1531/4026MB (cached 187MB) CPU [40%@1479,37%@1479,41%@1479,38%@1479] EMC_FREQ 0% GR3D_FREQ 99% PLL@34C CPU@37.5C PMIC@50C GPU@35C AO@44C thermal@36.25C
2023-09-01 12:35:49 RAM 3582/3956MB (lfb 1x2MB) SWAP 1536/4026MB (cached 187MB) CPU [37%@1479,40%@1479,40%@1479,40%@1479] EMC_FREQ 0% GR3D_FREQ 99% PLL@33.5C CPU@38C PMIC@50C GPU@34.5C AO@44C thermal@36C
2023-09-01 12:36:49 RAM 3523/3956MB (lfb 1x2MB) SWAP 1507/4026MB (cached 188MB) CPU [40%@1479,38%@1479,45%@1479,36%@1479] EMC_FREQ 0% GR3D_FREQ 99% PLL@33.5C CPU@37C PMIC@50C GPU@35C AO@44C thermal@36C
2023-09-01 12:37:49 RAM 3520/3956MB (lfb 1x2MB) SWAP 1507/4026MB (cached 188MB) CPU [42%@1479,36%@1479,34%@1479,44%@1479] EMC_FREQ 0% GR3D_FREQ 99% PLL@33.5C CPU@37.5C PMIC@50C GPU@35C AO@44C thermal@36.5C
2023-09-01 12:38:49 RAM 3517/3956MB (lfb 1x2MB) SWAP 1506/4026MB (cached 188MB) CPU [36%@1479,36%@1479,39%@1479,45%@1479] EMC_FREQ 0% GR3D_FREQ 99% PLL@33.5C CPU@38C PMIC@50C GPU@35.5C AO@43.5C thermal@36.5C
2023-09-01 12:39:49 RAM 3533/3956MB (lfb 1x1MB) SWAP 1506/4026MB (cached 188MB) CPU [42%@1479,43%@1479,38%@1479,37%@1479] EMC_FREQ 0% GR3D_FREQ 90% PLL@33.5C CPU@38.5C PMIC@50C GPU@35C AO@44C thermal@35.75C
2023-09-01 12:40:49 RAM 3526/3956MB (lfb 2x2MB) SWAP 1506/4026MB (cached 188MB) CPU [36%@1479,37%@1479,41%@1479,40%@1479] EMC_FREQ 0% GR3D_FREQ 92% PLL@33.5C CPU@38C PMIC@50C GPU@35.5C AO@43.5C thermal@36.75C
2023-09-01 12:41:49 RAM 3526/3956MB (lfb 2x2MB) SWAP 1501/4026MB (cached 188MB) CPU [36%@1479,35%@1479,43%@1479,42%@1479] EMC_FREQ 0% GR3D_FREQ 92% PLL@33C CPU@37C PMIC@50C GPU@35C AO@44C thermal@36C
2023-09-01 12:42:49 RAM 3525/3956MB (lfb 2x2MB) SWAP 1501/4026MB (cached 188MB) CPU [38%@1479,40%@1479,35%@1479,45%@1479] EMC_FREQ 0% GR3D_FREQ 80% PLL@33.5C CPU@37.5C PMIC@50C GPU@35.5C AO@44.5C thermal@37C
2023-09-01 12:43:49 RAM 3527/3956MB (lfb 2x2MB) SWAP 1501/4026MB (cached 188MB) CPU [38%@1479,35%@1479,44%@1479,40%@1479] EMC_FREQ 0% GR3D_FREQ 99% PLL@34C CPU@37.5C PMIC@50C GPU@35C AO@44C thermal@37.25C
2023-09-01 12:44:49 RAM 3530/3956MB (lfb 1x2MB) SWAP 1501/4026MB (cached 188MB) CPU [39%@1479,41%@1479,41%@1479,35%@1479] EMC_FREQ 0% GR3D_FREQ 99% PLL@34C CPU@39.5C PMIC@50C GPU@35.5C AO@44C thermal@36.75C
2023-09-01 12:45:49 RAM 3530/3956MB (lfb 1x2MB) SWAP 1501/4026MB (cached 188MB) CPU [42%@1479,37%@1479,37%@1479,39%@1479] EMC_FREQ 0% GR3D_FREQ 99% PLL@34C CPU@38C PMIC@50C GPU@35.5C AO@44C thermal@36.5C
2023-09-01 12:46:49 RAM 3539/3956MB (lfb 1x2MB) SWAP 1501/4026MB (cached 188MB) CPU [42%@1479,37%@1479,39%@1479,36%@1479] EMC_FREQ 0% GR3D_FREQ 86% PLL@34.5C CPU@38C PMIC@50C GPU@35C AO@44C thermal@36.75C
2023-09-01 12:47:49 RAM 3541/3956MB (lfb 1x2MB) SWAP 1501/4026MB (cached 188MB) CPU [44%@1479,37%@1479,42%@1479,33%@1479] EMC_FREQ 0% GR3D_FREQ 94% PLL@34C CPU@39C PMIC@50C GPU@35.5C AO@44C thermal@36.25C
2023-09-01 12:48:49 RAM 3543/3956MB (lfb 1x2MB) SWAP 1501/4026MB (cached 188MB) CPU [38%@1479,41%@1479,39%@1479,38%@1479] EMC_FREQ 0% GR3D_FREQ 99% PLL@33.5C CPU@39C PMIC@50C GPU@35.5C AO@44.5C thermal@36C
2023-09-01 12:49:49 RAM 3543/3956MB (lfb 1x2MB) SWAP 1501/4026MB (cached 188MB) CPU [40%@1479,34%@1479,37%@1479,45%@1479] EMC_FREQ 0% GR3D_FREQ 99% PLL@34C CPU@37.5C PMIC@50C GPU@34.5C AO@44C thermal@36.25C
2023-09-01 12:50:49 RAM 3546/3956MB (lfb 1x2MB) SWAP 1501/4026MB (cached 188MB) CPU [37%@1479,37%@1479,41%@1479,40%@1479] EMC_FREQ 0% GR3D_FREQ 99% PLL@34C CPU@37.5C PMIC@50C GPU@35C AO@44.5C thermal@37C
2023-09-01 12:51:49 RAM 3549/3956MB (lfb 1x2MB) SWAP 1501/4026MB (cached 188MB) CPU [38%@1479,40%@1479,39%@1479,40%@1479] EMC_FREQ 0% GR3D_FREQ 99% PLL@34C CPU@37.5C PMIC@50C GPU@35C AO@44C thermal@36.25C
2023-09-01 12:52:49 RAM 3556/3956MB (lfb 1x2MB) SWAP 1501/4026MB (cached 188MB) CPU [38%@1479,40%@1479,37%@1479,40%@1479] EMC_FREQ 0% GR3D_FREQ 99% PLL@33C CPU@37.5C PMIC@50C GPU@35.5C AO@44C thermal@36C
2023-09-01 12:53:49 RAM 3560/3956MB (lfb 1x2MB) SWAP 1498/4026MB (cached 186MB) CPU [37%@1479,40%@1479,39%@1479,45%@1479] EMC_FREQ 0% GR3D_FREQ 38% PLL@33.5C CPU@37.5C PMIC@50C GPU@35C AO@44C thermal@37C
2023-09-01 12:54:49 RAM 3558/3956MB (lfb 1x2MB) SWAP 1497/4026MB (cached 185MB) CPU [39%@1479,39%@1479,39%@1479,38%@1479] EMC_FREQ 0% GR3D_FREQ 86% PLL@34C CPU@39C PMIC@50C GPU@35.5C AO@44C thermal@36.5C
2023-09-01 12:55:49 RAM 3558/3956MB (lfb 1x2MB) SWAP 1497/4026MB (cached 185MB) CPU [40%@1479,36%@1479,36%@1479,43%@1479] EMC_FREQ 0% GR3D_FREQ 90% PLL@33.5C CPU@39C PMIC@50C GPU@35C AO@43.5C thermal@36.75C
2023-09-01 12:56:49 RAM 3564/3956MB (lfb 1x2MB) SWAP 1486/4026MB (cached 186MB) CPU [41%@1479,35%@1479,42%@1479,39%@1479] EMC_FREQ 0% GR3D_FREQ 99% PLL@34.5C CPU@37.5C PMIC@50C GPU@35C AO@44C thermal@36.25C
2023-09-01 12:57:49 RAM 3563/3956MB (lfb 1x2MB) SWAP 1486/4026MB (cached 186MB) CPU [41%@1479,38%@1479,42%@1479,34%@1479] EMC_FREQ 0% GR3D_FREQ 99% PLL@34C CPU@37C PMIC@50C GPU@35C AO@44C thermal@36.5C
2023-09-01 12:58:49 RAM 3572/3956MB (lfb 1x2MB) SWAP 1486/4026MB (cached 186MB) CPU [41%@1479,36%@1479,37%@1479,42%@1479] EMC_FREQ 0% GR3D_FREQ 99% PLL@34C CPU@38.5C PMIC@50C GPU@35C AO@44.5C thermal@36.75C
2023-09-01 12:59:49 RAM 3571/3956MB (lfb 1x2MB) SWAP 1487/4026MB (cached 186MB) CPU [39%@1479,37%@1479,36%@1479,43%@1479] EMC_FREQ 0% GR3D_FREQ 91% PLL@34.5C CPU@37.5C PMIC@50C GPU@35C AO@44.5C thermal@37C
2023-09-01 13:00:49 RAM 3572/3956MB (lfb 2x1MB) SWAP 1487/4026MB (cached 186MB) CPU [39%@1479,42%@1479,37%@1479,41%@1479] EMC_FREQ 0% GR3D_FREQ 91% PLL@34C CPU@38.5C PMIC@50C GPU@35C AO@43.5C thermal@36.75C
2023-09-01 13:01:49 RAM 3571/3956MB (lfb 1x1MB) SWAP 1487/4026MB (cached 186MB) CPU [41%@1479,38%@1479,38%@1479,37%@1479] EMC_FREQ 0% GR3D_FREQ 99% PLL@34.5C CPU@37.5C PMIC@50C GPU@35C AO@44C thermal@36.25C
2023-09-01 13:02:49 RAM 3573/3956MB (lfb 1x1MB) SWAP 1489/4026MB (cached 186MB) CPU [36%@1479,39%@1479,40%@1479,42%@1479] EMC_FREQ 0% GR3D_FREQ 91% PLL@34.5C CPU@38C PMIC@50C GPU@35.5C AO@44.5C thermal@37.75C
2023-09-01 13:03:49 RAM 3569/3956MB (lfb 1x1MB) SWAP 1491/4026MB (cached 186MB) CPU [36%@1224,42%@1224,42%@1224,37%@1224] EMC_FREQ 0% GR3D_FREQ 99% PLL@34.5C CPU@38C PMIC@50C GPU@35.5C AO@45C thermal@36.75C
2023-09-01 13:04:49 RAM 3580/3956MB (lfb 1x1MB) SWAP 1491/4026MB (cached 186MB) CPU [37%@1479,43%@1479,40%@1479,40%@1479] EMC_FREQ 0% GR3D_FREQ 99% PLL@35.5C CPU@39C PMIC@50C GPU@36C AO@45C thermal@37.25C
2023-09-01 13:05:49 RAM 3573/3956MB (lfb 1x1MB) SWAP 1494/4026MB (cached 186MB) CPU [40%@1479,40%@1479,39%@1479,37%@1479] EMC_FREQ 0% GR3D_FREQ 69% PLL@35.5C CPU@39C PMIC@50C GPU@36.5C AO@45.5C thermal@37.5C
2023-09-01 13:06:49 RAM 3581/3956MB (lfb 1x1MB) SWAP 1494/4026MB (cached 186MB) CPU [34%@1479,42%@1479,41%@1479,38%@1479] EMC_FREQ 0% GR3D_FREQ 94% PLL@35.5C CPU@39C PMIC@50C GPU@36.5C AO@45.5C thermal@37.75C
2023-09-01 13:07:49 RAM 3579/3956MB (lfb 1x1MB) SWAP 1496/4026MB (cached 186MB) CPU [36%@1479,44%@1479,39%@1479,37%@1479] EMC_FREQ 0% GR3D_FREQ 99% PLL@34.5C CPU@40C PMIC@50C GPU@36C AO@45C thermal@37C
2023-09-01 13:08:49 RAM 3581/3956MB (lfb 1x1MB) SWAP 1498/4026MB (cached 186MB) CPU [39%@1479,39%@1479,39%@1479,40%@1479] EMC_FREQ 0% GR3D_FREQ 99% PLL@34C CPU@38C PMIC@50C GPU@35.5C AO@44.5C thermal@36.75C
2023-09-01 13:09:49 RAM 3576/3956MB (lfb 1x1MB) SWAP 1540/4026MB (cached 186MB) CPU [37%@1479,42%@1479,36%@1479,44%@1479] EMC_FREQ 0% GR3D_FREQ 99% PLL@34C CPU@38.5C PMIC@50C GPU@35C AO@44.5C thermal@37C
2023-09-01 13:10:49 RAM 3568/3956MB (lfb 2x1MB) SWAP 1547/4026MB (cached 186MB) CPU [39%@1479,37%@1479,39%@1479,42%@1479] EMC_FREQ 0% GR3D_FREQ 94% PLL@33.5C CPU@38C PMIC@50C GPU@35.5C AO@44.5C thermal@36.5C
2023-09-01 13:11:49 RAM 3570/3956MB (lfb 2x1MB) SWAP 1545/4026MB (cached 186MB) CPU [39%@1479,42%@1479,38%@1479,39%@1479] EMC_FREQ 0% GR3D_FREQ 92% PLL@34C CPU@37.5C PMIC@50C GPU@35.5C AO@44C thermal@37.25C
2023-09-01 13:12:49 RAM 3567/3956MB (lfb 2x1MB) SWAP 1547/4026MB (cached 186MB) CPU [34%@1479,41%@1479,45%@1479,38%@1479] EMC_FREQ 0% GR3D_FREQ 97% PLL@34C CPU@39C PMIC@50C GPU@35.5C AO@44.5C thermal@36.25C
2023-09-01 13:13:49 RAM 3565/3956MB (lfb 2x1MB) SWAP 1554/4026MB (cached 186MB) CPU [39%@1479,39%@1479,40%@1479,40%@1479] EMC_FREQ 0% GR3D_FREQ 99% PLL@34.5C CPU@37.5C PMIC@50C GPU@35.5C AO@44C thermal@36.75C
2023-09-01 13:14:49 RAM 3562/3956MB (lfb 2x1MB) SWAP 1560/4026MB (cached 186MB) CPU [39%@1479,37%@1479,43%@1479,41%@1479] EMC_FREQ 0% GR3D_FREQ 99% PLL@33.5C CPU@37.5C PMIC@50C GPU@35.5C AO@44C thermal@36.25C
2023-09-01 13:15:49 RAM 3560/3956MB (lfb 2x1MB) SWAP 1567/4026MB (cached 186MB) CPU [42%@1479,39%@1479,41%@1479,43%@1479] EMC_FREQ 0% GR3D_FREQ 99% PLL@34.5C CPU@38C PMIC@50C GPU@35C AO@44.5C thermal@36.25C
2023-09-01 13:16:49 RAM 3566/3956MB (lfb 2x1MB) SWAP 1573/4026MB (cached 186MB) CPU [40%@1479,42%@1479,38%@1479,38%@1479] EMC_FREQ 0% GR3D_FREQ 87% PLL@34C CPU@38C PMIC@50C GPU@35C AO@44.5C thermal@36.25C
2023-09-01 13:17:49 RAM 3559/3956MB (lfb 2x1MB) SWAP 1579/4026MB (cached 186MB) CPU [36%@1479,45%@1479,44%@1479,36%@1479] EMC_FREQ 0% GR3D_FREQ 92% PLL@34C CPU@39C PMIC@50C GPU@35.5C AO@44C thermal@37.5C
2023-09-01 13:18:49 RAM 3564/3956MB (lfb 2x1MB) SWAP 1579/4026MB (cached 186MB) CPU [41%@1479,40%@1479,39%@1479,35%@1479] EMC_FREQ 0% GR3D_FREQ 99% PLL@34C CPU@38.5C PMIC@50C GPU@35C AO@44.5C thermal@37.25C
2023-09-01 13:19:49 RAM 3562/3956MB (lfb 11x1MB) SWAP 1582/4026MB (cached 186MB) CPU [41%@1479,36%@1479,39%@1479,41%@1479] EMC_FREQ 0% GR3D_FREQ 84% PLL@34C CPU@37C PMIC@50C GPU@35C AO@44.5C thermal@36C
2023-09-01 13:20:49 RAM 3562/3956MB (lfb 10x1MB) SWAP 1582/4026MB (cached 186MB) CPU [40%@1479,37%@1479,40%@1479,39%@1479] EMC_FREQ 0% GR3D_FREQ 99% PLL@34C CPU@39C PMIC@50C GPU@35C AO@44.5C thermal@36.25C
2023-09-01 13:21:49 RAM 3570/3956MB (lfb 10x1MB) SWAP 1582/4026MB (cached 186MB) CPU [41%@1479,36%@1479,38%@1479,40%@1479] EMC_FREQ 0% GR3D_FREQ 99% PLL@33.5C CPU@38C PMIC@50C GPU@35C AO@44.5C thermal@36.5C
2023-09-01 13:22:49 RAM 3572/3956MB (lfb 10x1MB) SWAP 1582/4026MB (cached 186MB) CPU [37%@1479,37%@1479,40%@1479,40%@1479] EMC_FREQ 0% GR3D_FREQ 99% PLL@33.5C CPU@39C PMIC@50C GPU@35C AO@44.5C thermal@37.25C
2023-09-01 13:23:49 RAM 3572/3956MB (lfb 10x1MB) SWAP 1585/4026MB (cached 186MB) CPU [38%@1479,39%@1479,38%@1479,42%@1479] EMC_FREQ 0% GR3D_FREQ 99% PLL@34C CPU@38C PMIC@50C GPU@35C AO@44.5C thermal@36.25C
2023-09-01 13:24:49 RAM 3574/3956MB (lfb 10x1MB) SWAP 1589/4026MB (cached 186MB) CPU [34%@1479,39%@1479,43%@1479,42%@1479] EMC_FREQ 0% GR3D_FREQ 86% PLL@34C CPU@37.5C PMIC@50C GPU@35.5C AO@44.5C thermal@37.25C
2023-09-01 13:25:49 RAM 3570/3956MB (lfb 10x1MB) SWAP 1592/4026MB (cached 186MB) CPU [36%@1326,37%@1326,43%@1326,44%@1326] EMC_FREQ 0% GR3D_FREQ 99% PLL@34C CPU@37.5C PMIC@50C GPU@35C AO@44C thermal@36.5C
2023-09-01 13:26:49 RAM 3568/3956MB (lfb 10x1MB) SWAP 1594/4026MB (cached 186MB) CPU [43%@1479,39%@1479,43%@1479,37%@1479] EMC_FREQ 0% GR3D_FREQ 99% PLL@34C CPU@39C PMIC@50C GPU@35.5C AO@45C thermal@36.75C
2023-09-01 13:27:49 RAM 3575/3956MB (lfb 10x1MB) SWAP 1597/4026MB (cached 186MB) CPU [43%@1479,38%@1479,39%@1479,35%@1479] EMC_FREQ 0% GR3D_FREQ 96% PLL@34.5C CPU@38C PMIC@50C GPU@35.5C AO@44C thermal@37.25C
2023-09-01 13:28:49 RAM 3575/3956MB (lfb 10x1MB) SWAP 1600/4026MB (cached 186MB) CPU [40%@1479,39%@1479,37%@1479,40%@1479] EMC_FREQ 0% GR3D_FREQ 49% PLL@34.5C CPU@37.5C PMIC@50C GPU@35.5C AO@44.5C thermal@36.75C
2023-09-01 13:29:49 RAM 3579/3956MB (lfb 10x1MB) SWAP 1600/4026MB (cached 186MB) CPU [41%@1479,39%@1479,39%@1479,41%@1479] EMC_FREQ 0% GR3D_FREQ 99% PLL@34.5C CPU@38.5C PMIC@50C GPU@35.5C AO@44.5C thermal@36.5C
2023-09-01 13:30:49 RAM 3581/3956MB (lfb 10x1MB) SWAP 1600/4026MB (cached 186MB) CPU [38%@1479,37%@1479,38%@1479,45%@1479] EMC_FREQ 0% GR3D_FREQ 99% PLL@34.5C CPU@39C PMIC@50C GPU@35.5C AO@44.5C thermal@36.75C
2023-09-01 13:31:49 RAM 3582/3956MB (lfb 10x1MB) SWAP 1600/4026MB (cached 186MB) CPU [42%@1479,37%@1479,40%@1479,36%@1479] EMC_FREQ 0% GR3D_FREQ 99% PLL@34C CPU@38C PMIC@50C GPU@35.5C AO@44.5C thermal@37.75C
2023-09-01 13:32:49 RAM 3592/3956MB (lfb 10x1MB) SWAP 1600/4026MB (cached 186MB) CPU [36%@1479,36%@1479,42%@1479,38%@1479] EMC_FREQ 0% GR3D_FREQ 99% PLL@34.5C CPU@38C PMIC@50C GPU@35C AO@44.5C thermal@36.75C
2023-09-01 13:33:49 RAM 3593/3956MB (lfb 10x1MB) SWAP 1600/4026MB (cached 186MB) CPU [39%@1479,35%@1479,40%@1479,44%@1479] EMC_FREQ 0% GR3D_FREQ 96% PLL@34C CPU@39C PMIC@50C GPU@36C AO@44.5C thermal@36.5C
2023-09-01 13:34:49 RAM 3594/3956MB (lfb 10x1MB) SWAP 1600/4026MB (cached 187MB) CPU [39%@1479,36%@1479,40%@1479,41%@1479] EMC_FREQ 0% GR3D_FREQ 99% PLL@33.5C CPU@39C PMIC@50C GPU@36C AO@44C thermal@36.5C
2023-09-01 13:35:49 RAM 3595/3956MB (lfb 5x1MB) SWAP 1600/4026MB (cached 187MB) CPU [42%@1479,38%@1479,36%@1479,39%@1479] EMC_FREQ 0% GR3D_FREQ 81% PLL@33.5C CPU@37.5C PMIC@50C GPU@35C AO@44.5C thermal@37.25C
2023-09-01 13:36:49 RAM 3597/3956MB (lfb 5x1MB) SWAP 1600/4026MB (cached 187MB) CPU [37%@1224,41%@1224,39%@1224,41%@1224] EMC_FREQ 0% GR3D_FREQ 47% PLL@34C CPU@37C PMIC@50C GPU@35C AO@44.5C thermal@36.25C
2023-09-01 13:37:49 RAM 3605/3956MB (lfb 5x1MB) SWAP 1600/4026MB (cached 187MB) CPU [37%@1479,40%@1479,41%@1479,40%@1479] EMC_FREQ 0% GR3D_FREQ 99% PLL@33.5C CPU@37.5C PMIC@50C GPU@35C AO@44C thermal@36.5C
2023-09-01 13:38:49 RAM 3474/3956MB (lfb 5x1MB) SWAP 1600/4026MB (cached 187MB) CPU [39%@1479,34%@1479,42%@1479,44%@1479] EMC_FREQ 0% GR3D_FREQ 99% PLL@33.5C CPU@39C PMIC@50C GPU@35.5C AO@44.5C thermal@37C
2023-09-01 13:39:49 RAM 3486/3956MB (lfb 5x1MB) SWAP 1600/4026MB (cached 187MB) CPU [40%@1479,37%@1479,38%@1479,43%@1479] EMC_FREQ 0% GR3D_FREQ 94% PLL@33.5C CPU@37.5C PMIC@50C GPU@35C AO@44.5C thermal@37C
2023-09-01 13:40:49 RAM 3474/3956MB (lfb 5x1MB) SWAP 1600/4026MB (cached 187MB) CPU [39%@1479,39%@1479,40%@1479,38%@1479] EMC_FREQ 0% GR3D_FREQ 53% PLL@34C CPU@38C PMIC@50C GPU@35C AO@44C thermal@37C
2023-09-01 13:41:49 RAM 3473/3956MB (lfb 5x1MB) SWAP 1600/4026MB (cached 187MB) CPU [38%@1479,38%@1479,41%@1479,40%@1479] EMC_FREQ 0% GR3D_FREQ 89% PLL@34C CPU@37.5C PMIC@50C GPU@35.5C AO@44C thermal@37.5C
2023-09-01 13:42:49 RAM 3492/3956MB (lfb 1x1MB) SWAP 1631/4026MB (cached 187MB) CPU [33%@102,31%@102,29%@102,27%@102] EMC_FREQ 0% GR3D_FREQ 99% PLL@31C CPU@33.5C PMIC@50C GPU@32C AO@41C thermal@33.25C
2023-09-01 13:43:49 RAM 2034/3956MB (lfb 13x4MB) SWAP 1012/4026MB (cached 132MB) CPU [22%@1479,17%@1479,17%@1479,15%@1479] EMC_FREQ 0% GR3D_FREQ 0% PLL@29C CPU@31C PMIC@50C GPU@28.5C AO@38C thermal@30.25C
