2023-08-27 23:06:24 RAM 2270/3956MB (lfb 3x4MB) SWAP 4/4026MB (cached 0MB) CPU [31%@1479,30%@1479,32%@1479,31%@1479] EMC_FREQ 0% GR3D_FREQ 2% PLL@36.5C CPU@40C PMIC@50C GPU@37C AO@47.5C thermal@38.25C
2023-08-27 23:07:24 RAM 2360/3956MB (lfb 4x512kB) SWAP 7/4026MB (cached 0MB) CPU [52%@1224,57%@1224,52%@1224,53%@1224] EMC_FREQ 0% GR3D_FREQ 0% PLL@36.5C CPU@39.5C PMIC@50C GPU@38.5C AO@47.5C thermal@39.25C
2023-08-27 23:08:25 RAM 3398/3956MB (lfb 1x2MB) SWAP 52/4026MB (cached 0MB) CPU [14%@1224,11%@1224,15%@1224,11%@1224] EMC_FREQ 0% GR3D_FREQ 0% PLL@36.5C CPU@39C PMIC@50C GPU@38.5C AO@47.5C thermal@38.5C
2023-08-27 23:09:24 RAM 3493/3956MB (lfb 2x4MB) SWAP 181/4026MB (cached 1MB) CPU [9%@1224,10%@1224,5%@1224,5%@1224] EMC_FREQ 0% GR3D_FREQ 0% PLL@36.5C CPU@39.5C PMIC@50C GPU@37C AO@47.5C thermal@38C
2023-08-27 23:10:29 RAM 3601/3956MB (lfb 3x4MB) SWAP 480/4026MB (cached 12MB) CPU [9%@1224,9%@1224,8%@1224,10%@1224] EMC_FREQ 0% GR3D_FREQ 0% PLL@35.5C CPU@38.5C PMIC@50C GPU@37.5C AO@47.5C thermal@38C
2023-08-27 23:11:29 RAM 3549/3956MB (lfb 3x4MB) SWAP 635/4026MB (cached 16MB) CPU [4%@204,4%@204,3%@204,2%@204] EMC_FREQ 0% GR3D_FREQ 0% PLL@34C CPU@37C PMIC@50C GPU@34.5C AO@45C thermal@36.5C
2023-08-27 23:12:36 RAM 3611/3956MB (lfb 2x2MB) SWAP 772/4026MB (cached 11MB) CPU [5%@1224,5%@1224,3%@1224,3%@1224] EMC_FREQ 0% GR3D_FREQ 0% PLL@31.5C CPU@34.5C PMIC@50C GPU@33.5C AO@42.5C thermal@34C
2023-08-27 23:13:36 RAM 3633/3956MB (lfb 3x2MB) SWAP 875/4026MB (cached 16MB) CPU [5%@1224,4%@1224,3%@1224,1%@1224] EMC_FREQ 0% GR3D_FREQ 0% PLL@30C CPU@33C PMIC@50C GPU@30.5C AO@41C thermal@32C
2023-08-27 23:14:36 RAM 3593/3956MB (lfb 2x2MB) SWAP 995/4026MB (cached 10MB) CPU [5%@1224,5%@1224,2%@1224,2%@1224] EMC_FREQ 0% GR3D_FREQ 0% PLL@28C CPU@31C PMIC@50C GPU@30C AO@39C thermal@30.5C
2023-08-27 23:15:33 RAM 3545/3956MB (lfb 2x2MB) SWAP 1111/4026MB (cached 20MB) CPU [6%@1224,4%@1224,5%@1224,3%@1224] EMC_FREQ 0% GR3D_FREQ 0% PLL@25.5C CPU@28.5C PMIC@50C GPU@27.5C AO@36C thermal@27.5C
2023-08-27 23:16:32 RAM 3355/3956MB (lfb 6x2MB) SWAP 1451/4026MB (cached 45MB) CPU [14%@1479,7%@1479,8%@1479,5%@1479] EMC_FREQ 0% GR3D_FREQ 99% PLL@26C CPU@30.5C PMIC@50C GPU@28.5C AO@36C thermal@29.25C
2023-08-27 23:17:32 RAM 3388/3956MB (lfb 7x2MB) SWAP 1493/4026MB (cached 68MB) CPU [23%@1224,25%@1224,26%@1224,29%@1224] EMC_FREQ 0% GR3D_FREQ 99% PLL@28C CPU@32.5C PMIC@50C GPU@30.5C AO@38.5C thermal@31C
2023-08-27 23:18:32 RAM 3395/3956MB (lfb 7x2MB) SWAP 1493/4026MB (cached 68MB) CPU [18%@1224,22%@1224,22%@1224,22%@1224] EMC_FREQ 0% GR3D_FREQ 99% PLL@30C CPU@34C PMIC@50C GPU@32C AO@41C thermal@33C
2023-08-27 23:19:32 RAM 3480/3956MB (lfb 7x2MB) SWAP 1444/4026MB (cached 118MB) CPU [21%@1479,19%@1479,21%@1479,21%@1479] EMC_FREQ 0% GR3D_FREQ 99% PLL@31C CPU@35C PMIC@50C GPU@33C AO@42C thermal@34C
2023-08-27 23:20:32 RAM 3448/3956MB (lfb 8x2MB) SWAP 1477/4026MB (cached 120MB) CPU [22%@1479,31%@1479,24%@1479,23%@1479] EMC_FREQ 0% GR3D_FREQ 99% PLL@31.5C CPU@35.5C PMIC@50C GPU@33.5C AO@42.5C thermal@34.75C
2023-08-27 23:21:32 RAM 3451/3956MB (lfb 4x2MB) SWAP 1500/4026MB (cached 116MB) CPU [15%@1479,18%@1479,19%@1479,16%@1479] EMC_FREQ 0% GR3D_FREQ 99% PLL@32.5C CPU@37C PMIC@50C GPU@34C AO@43C thermal@35C
2023-08-27 23:22:32 RAM 3446/3956MB (lfb 4x2MB) SWAP 1508/4026MB (cached 116MB) CPU [21%@1224,19%@1224,19%@1224,24%@1224] EMC_FREQ 0% GR3D_FREQ 99% PLL@33C CPU@37C PMIC@50C GPU@35C AO@43.5C thermal@35.75C
2023-08-27 23:23:32 RAM 3443/3956MB (lfb 5x2MB) SWAP 1514/4026MB (cached 115MB) CPU [23%@1224,18%@1224,24%@1224,21%@1224] EMC_FREQ 0% GR3D_FREQ 99% PLL@33C CPU@37.5C PMIC@50C GPU@35.5C AO@44C thermal@36C
2023-08-27 23:24:32 RAM 3439/3956MB (lfb 5x2MB) SWAP 1521/4026MB (cached 115MB) CPU [21%@1224,21%@1224,21%@1224,23%@1224] EMC_FREQ 0% GR3D_FREQ 99% PLL@35C CPU@39C PMIC@50C GPU@37C AO@46C thermal@37.5C
2023-08-27 23:25:32 RAM 3438/3956MB (lfb 5x2MB) SWAP 1520/4026MB (cached 115MB) CPU [19%@1479,23%@1479,23%@1479,22%@1479] EMC_FREQ 0% GR3D_FREQ 99% PLL@36.5C CPU@41C PMIC@50C GPU@38.5C AO@47.5C thermal@39.25C
2023-08-27 23:26:32 RAM 3440/3956MB (lfb 5x2MB) SWAP 1520/4026MB (cached 115MB) CPU [16%@1479,20%@1479,19%@1479,18%@1479] EMC_FREQ 0% GR3D_FREQ 99% PLL@37C CPU@42C PMIC@50C GPU@39C AO@48.5C thermal@40C
2023-08-27 23:27:32 RAM 3449/3956MB (lfb 5x2MB) SWAP 1521/4026MB (cached 115MB) CPU [20%@1224,20%@1224,23%@1224,22%@1224] EMC_FREQ 0% GR3D_FREQ 99% PLL@36.5C CPU@41.5C PMIC@50C GPU@39C AO@48C thermal@39.5C
2023-08-27 23:28:32 RAM 3445/3956MB (lfb 5x2MB) SWAP 1520/4026MB (cached 115MB) CPU [21%@1224,20%@1224,25%@1224,21%@1224] EMC_FREQ 0% GR3D_FREQ 99% PLL@36.5C CPU@40.5C PMIC@50C GPU@38.5C AO@47.5C thermal@39.75C
2023-08-27 23:29:32 RAM 3443/3956MB (lfb 5x2MB) SWAP 1528/4026MB (cached 115MB) CPU [21%@1224,19%@1224,24%@1224,22%@1224] EMC_FREQ 0% GR3D_FREQ 99% PLL@37C CPU@40.5C PMIC@50C GPU@38.5C AO@47.5C thermal@40C
2023-08-27 23:30:32 RAM 3468/3956MB (lfb 1x2MB) SWAP 1527/4026MB (cached 113MB) CPU [25%@1224,26%@1224,29%@1224,26%@1224] EMC_FREQ 0% GR3D_FREQ 99% PLL@36.5C CPU@41C PMIC@50C GPU@39C AO@48.5C thermal@39.75C
2023-08-27 23:31:32 RAM 3461/3956MB (lfb 1x4MB) SWAP 1526/4026MB (cached 113MB) CPU [15%@1224,19%@1224,19%@1224,18%@1224] EMC_FREQ 0% GR3D_FREQ 99% PLL@38C CPU@41.5C PMIC@50C GPU@39.5C AO@49C thermal@40.25C
2023-08-27 23:32:32 RAM 3457/3956MB (lfb 1x4MB) SWAP 1524/4026MB (cached 116MB) CPU [21%@1224,21%@1224,23%@1224,22%@1224] EMC_FREQ 0% GR3D_FREQ 99% PLL@40.5C CPU@46C PMIC@50C GPU@42.5C AO@51.5C thermal@43.75C
2023-08-27 23:33:32 RAM 3454/3956MB (lfb 2x2MB) SWAP 1533/4026MB (cached 117MB) CPU [21%@1224,23%@1224,23%@1224,21%@1224] EMC_FREQ 0% GR3D_FREQ 99% PLL@42.5C CPU@47.5C PMIC@50C GPU@45C AO@54C thermal@45.75C
2023-08-27 23:34:32 RAM 3447/3956MB (lfb 2x2MB) SWAP 1533/4026MB (cached 117MB) CPU [21%@1224,21%@1224,23%@1224,23%@1224] EMC_FREQ 0% GR3D_FREQ 99% PLL@45.5C CPU@49.5C PMIC@50C GPU@47.5C AO@56.5C thermal@48.75C
2023-08-27 23:35:32 RAM 3450/3956MB (lfb 2x2MB) SWAP 1533/4026MB (cached 117MB) CPU [21%@1224,19%@1224,19%@1224,19%@1224] EMC_FREQ 0% GR3D_FREQ 99% PLL@47.5C CPU@51C PMIC@50C GPU@49C AO@58.5C thermal@50C
2023-08-27 23:36:32 RAM 3419/3956MB (lfb 3x2MB) SWAP 1556/4026MB (cached 117MB) CPU [20%@1224,20%@1224,18%@1224,20%@1224] EMC_FREQ 0% GR3D_FREQ 99% PLL@49.5C CPU@54C PMIC@50C GPU@51.5C AO@60.5C thermal@52.25C
2023-08-27 23:37:32 RAM 3422/3956MB (lfb 4x2MB) SWAP 1556/4026MB (cached 117MB) CPU [20%@1479,22%@1479,20%@1479,19%@1479] EMC_FREQ 0% GR3D_FREQ 99% PLL@49C CPU@53C PMIC@50C GPU@50.5C AO@60.5C thermal@52C
2023-08-27 23:38:32 RAM 3425/3956MB (lfb 5x2MB) SWAP 1556/4026MB (cached 117MB) CPU [22%@307,20%@307,16%@307,19%@307] EMC_FREQ 0% GR3D_FREQ 99% PLL@46.5C CPU@50.5C PMIC@50C GPU@48.5C AO@58C thermal@49.5C
2023-08-27 23:39:32 RAM 3422/3956MB (lfb 5x2MB) SWAP 1555/4026MB (cached 116MB) CPU [21%@1479,21%@1479,19%@1479,21%@1479] EMC_FREQ 0% GR3D_FREQ 22% PLL@45C CPU@49.5C PMIC@50C GPU@47.5C AO@56.5C thermal@48.5C
2023-08-27 23:40:32 RAM 3425/3956MB (lfb 5x2MB) SWAP 1552/4026MB (cached 114MB) CPU [19%@1224,15%@1224,17%@1224,16%@1224] EMC_FREQ 0% GR3D_FREQ 99% PLL@44C CPU@48.5C PMIC@50C GPU@46.5C AO@55.5C thermal@47.5C
2023-08-27 23:41:32 RAM 3434/3956MB (lfb 5x2MB) SWAP 1550/4026MB (cached 125MB) CPU [18%@1224,19%@1224,17%@1224,20%@1224] EMC_FREQ 0% GR3D_FREQ 99% PLL@44C CPU@48C PMIC@50C GPU@45.5C AO@55C thermal@47.25C
2023-08-27 23:42:32 RAM 3425/3956MB (lfb 5x2MB) SWAP 1555/4026MB (cached 125MB) CPU [22%@1224,19%@1224,19%@1224,20%@1224] EMC_FREQ 0% GR3D_FREQ 99% PLL@43C CPU@47.5C PMIC@50C GPU@44.5C AO@54.5C thermal@46.5C
2023-08-27 23:43:32 RAM 3432/3956MB (lfb 5x2MB) SWAP 1555/4026MB (cached 125MB) CPU [20%@1224,19%@1224,21%@1224,19%@1224] EMC_FREQ 0% GR3D_FREQ 99% PLL@42.5C CPU@47.5C PMIC@50C GPU@44.5C AO@54C thermal@46C
2023-08-27 23:44:32 RAM 3436/3956MB (lfb 4x2MB) SWAP 1555/4026MB (cached 125MB) CPU [21%@1224,20%@1224,18%@1224,19%@1224] EMC_FREQ 0% GR3D_FREQ 99% PLL@42.5C CPU@46.5C PMIC@50C GPU@44C AO@53.5C thermal@45.5C
2023-08-27 23:45:32 RAM 3435/3956MB (lfb 5x1MB) SWAP 1555/4026MB (cached 125MB) CPU [16%@1224,15%@1224,14%@1224,16%@1224] EMC_FREQ 0% GR3D_FREQ 99% PLL@42C CPU@46C PMIC@50C GPU@43.5C AO@53.5C thermal@45C
2023-08-27 23:46:32 RAM 3424/3956MB (lfb 11x1MB) SWAP 1556/4026MB (cached 125MB) CPU [22%@1224,21%@1224,20%@1224,20%@1224] EMC_FREQ 0% GR3D_FREQ 99% PLL@42C CPU@46.5C PMIC@50C GPU@44C AO@53.5C thermal@45.25C
2023-08-27 23:47:32 RAM 3427/3956MB (lfb 1x2MB) SWAP 1556/4026MB (cached 125MB) CPU [23%@1479,19%@1479,17%@1479,20%@1479] EMC_FREQ 0% GR3D_FREQ 99% PLL@42C CPU@47C PMIC@50C GPU@43.5C AO@53C thermal@45C
2023-08-27 23:48:32 RAM 3422/3956MB (lfb 13x1MB) SWAP 1556/4026MB (cached 125MB) CPU [19%@1224,22%@1224,18%@1224,20%@1224] EMC_FREQ 0% GR3D_FREQ 99% PLL@41.5C CPU@46C PMIC@50C GPU@43.5C AO@52.5C thermal@44.25C
2023-08-27 23:49:32 RAM 3426/3956MB (lfb 13x1MB) SWAP 1556/4026MB (cached 125MB) CPU [17%@1326,18%@1326,19%@1326,19%@1326] EMC_FREQ 0% GR3D_FREQ 88% PLL@41.5C CPU@45.5C PMIC@50C GPU@43.5C AO@52.5C thermal@45.5C
2023-08-27 23:50:32 RAM 3428/3956MB (lfb 13x1MB) SWAP 1556/4026MB (cached 125MB) CPU [17%@1479,15%@1479,18%@1479,15%@1479] EMC_FREQ 0% GR3D_FREQ 99% PLL@41C CPU@46C PMIC@50C GPU@43C AO@52.5C thermal@44.25C
2023-08-27 23:51:32 RAM 3423/3956MB (lfb 13x1MB) SWAP 1556/4026MB (cached 125MB) CPU [17%@1479,23%@1479,20%@1479,20%@1479] EMC_FREQ 0% GR3D_FREQ 99% PLL@41C CPU@46.5C PMIC@50C GPU@43C AO@52.5C thermal@44C
2023-08-27 23:52:32 RAM 3427/3956MB (lfb 13x1MB) SWAP 1556/4026MB (cached 125MB) CPU [18%@1224,19%@1224,20%@1224,20%@1224] EMC_FREQ 0% GR3D_FREQ 99% PLL@40.5C CPU@45C PMIC@50C GPU@43C AO@52C thermal@43.5C
2023-08-27 23:53:32 RAM 3430/3956MB (lfb 13x1MB) SWAP 1556/4026MB (cached 125MB) CPU [18%@1224,19%@1224,19%@1224,20%@1224] EMC_FREQ 0% GR3D_FREQ 99% PLL@41C CPU@44.5C PMIC@50C GPU@43C AO@52.5C thermal@44.25C
2023-08-27 23:54:32 RAM 3425/3956MB (lfb 12x1MB) SWAP 1556/4026MB (cached 125MB) CPU [19%@1224,17%@1224,16%@1224,14%@1224] EMC_FREQ 0% GR3D_FREQ 99% PLL@41C CPU@45.5C PMIC@50C GPU@43.5C AO@53C thermal@44.5C
2023-08-27 23:55:32 RAM 3427/3956MB (lfb 12x1MB) SWAP 1556/4026MB (cached 125MB) CPU [18%@1224,19%@1224,19%@1224,16%@1224] EMC_FREQ 0% GR3D_FREQ 99% PLL@41.5C CPU@46C PMIC@50C GPU@44C AO@53C thermal@44.75C
2023-08-27 23:56:32 RAM 3431/3956MB (lfb 12x1MB) SWAP 1558/4026MB (cached 125MB) CPU [19%@1224,20%@1224,20%@1224,20%@1224] EMC_FREQ 0% GR3D_FREQ 99% PLL@42C CPU@46.5C PMIC@50C GPU@44C AO@53.5C thermal@45C
2023-08-27 23:57:32 RAM 3426/3956MB (lfb 12x1MB) SWAP 1558/4026MB (cached 125MB) CPU [22%@1224,21%@1224,17%@1224,20%@1224] EMC_FREQ 0% GR3D_FREQ 99% PLL@42.5C CPU@46.5C PMIC@50C GPU@44C AO@53.5C thermal@45C
2023-08-27 23:58:32 RAM 3429/3956MB (lfb 12x1MB) SWAP 1559/4026MB (cached 125MB) CPU [22%@1479,19%@1479,20%@1479,19%@1479] EMC_FREQ 0% GR3D_FREQ 99% PLL@42.5C CPU@46C PMIC@50C GPU@44C AO@53.5C thermal@45C
2023-08-27 23:59:32 RAM 3430/3956MB (lfb 12x1MB) SWAP 1559/4026MB (cached 125MB) CPU [15%@1224,16%@1224,15%@1224,15%@1224] EMC_FREQ 0% GR3D_FREQ 99% PLL@42.5C CPU@46.5C PMIC@50C GPU@45C AO@54C thermal@45.75C
2023-08-28 00:00:32 RAM 3436/3956MB (lfb 10x1MB) SWAP 1554/4026MB (cached 125MB) CPU [21%@1479,21%@1479,18%@1479,23%@1479] EMC_FREQ 0% GR3D_FREQ 99% PLL@43C CPU@47.5C PMIC@50C GPU@44.5C AO@54.5C thermal@45.75C
2023-08-28 00:01:32 RAM 3437/3956MB (lfb 10x1MB) SWAP 1554/4026MB (cached 125MB) CPU [23%@1479,18%@1479,17%@1479,19%@1479] EMC_FREQ 0% GR3D_FREQ 99% PLL@43C CPU@47C PMIC@50C GPU@45C AO@54.5C thermal@45.75C
2023-08-28 00:02:32 RAM 3440/3956MB (lfb 10x1MB) SWAP 1554/4026MB (cached 125MB) CPU [19%@1479,21%@1479,19%@1479,19%@1479] EMC_FREQ 0% GR3D_FREQ 99% PLL@43C CPU@47C PMIC@50C GPU@44.5C AO@54.5C thermal@46C
2023-08-28 00:03:32 RAM 3438/3956MB (lfb 10x1MB) SWAP 1554/4026MB (cached 126MB) CPU [19%@1479,19%@1479,19%@1479,18%@1479] EMC_FREQ 0% GR3D_FREQ 99% PLL@43C CPU@48.5C PMIC@50C GPU@44.5C AO@55C thermal@46.25C
2023-08-28 00:04:32 RAM 3441/3956MB (lfb 10x1MB) SWAP 1554/4026MB (cached 126MB) CPU [16%@1479,16%@1479,18%@1479,18%@1479] EMC_FREQ 0% GR3D_FREQ 99% PLL@43.5C CPU@47.5C PMIC@50C GPU@45.5C AO@54.5C thermal@46C
2023-08-28 00:05:32 RAM 3444/3956MB (lfb 10x1MB) SWAP 1553/4026MB (cached 126MB) CPU [19%@1224,18%@1224,20%@1224,21%@1224] EMC_FREQ 0% GR3D_FREQ 99% PLL@43C CPU@47C PMIC@50C GPU@45C AO@54.5C thermal@46.25C
2023-08-28 00:06:32 RAM 3442/3956MB (lfb 10x1MB) SWAP 1553/4026MB (cached 126MB) CPU [17%@1479,22%@1479,21%@1479,21%@1479] EMC_FREQ 0% GR3D_FREQ 99% PLL@43.5C CPU@47.5C PMIC@50C GPU@45C AO@54.5C thermal@46.5C
2023-08-28 00:07:32 RAM 3445/3956MB (lfb 10x1MB) SWAP 1553/4026MB (cached 126MB) CPU [18%@1224,18%@1224,24%@1224,20%@1224] EMC_FREQ 0% GR3D_FREQ 99% PLL@43C CPU@47C PMIC@50C GPU@45.5C AO@54.5C thermal@46.75C
2023-08-28 00:08:32 RAM 3446/3956MB (lfb 10x1MB) SWAP 1553/4026MB (cached 126MB) CPU [12%@1479,19%@1479,19%@1479,15%@1479] EMC_FREQ 0% GR3D_FREQ 99% PLL@43.5C CPU@47.5C PMIC@50C GPU@45C AO@54.5C thermal@46C
2023-08-28 00:09:32 RAM 3441/3956MB (lfb 10x1MB) SWAP 1553/4026MB (cached 126MB) CPU [17%@1479,20%@1479,20%@1479,21%@1479] EMC_FREQ 0% GR3D_FREQ 99% PLL@43.5C CPU@48C PMIC@50C GPU@45C AO@55C thermal@46.25C
2023-08-28 00:10:32 RAM 3440/3956MB (lfb 10x1MB) SWAP 1553/4026MB (cached 126MB) CPU [20%@1479,19%@1479,18%@1479,20%@1479] EMC_FREQ 0% GR3D_FREQ 99% PLL@44C CPU@48.5C PMIC@50C GPU@45C AO@55C thermal@46.25C
2023-08-28 00:11:32 RAM 3439/3956MB (lfb 8x1MB) SWAP 1553/4026MB (cached 126MB) CPU [21%@1224,20%@1224,20%@1224,20%@1224] EMC_FREQ 0% GR3D_FREQ 99% PLL@43.5C CPU@47C PMIC@50C GPU@45C AO@54.5C thermal@46.75C
2023-08-28 00:12:32 RAM 3441/3956MB (lfb 8x1MB) SWAP 1553/4026MB (cached 126MB) CPU [20%@1479,19%@1479,18%@1479,20%@1479] EMC_FREQ 0% GR3D_FREQ 99% PLL@43C CPU@47C PMIC@50C GPU@45C AO@54.5C thermal@46C
2023-08-28 00:13:32 RAM 3441/3956MB (lfb 8x1MB) SWAP 1554/4026MB (cached 126MB) CPU [16%@1224,15%@1224,15%@1224,16%@1224] EMC_FREQ 0% GR3D_FREQ 99% PLL@43C CPU@46.5C PMIC@50C GPU@44.5C AO@54C thermal@45.25C
2023-08-28 00:14:32 RAM 3442/3956MB (lfb 7x1MB) SWAP 1557/4026MB (cached 126MB) CPU [20%@1479,21%@1479,18%@1479,20%@1479] EMC_FREQ 0% GR3D_FREQ 99% PLL@42.5C CPU@47C PMIC@50C GPU@44C AO@53.5C thermal@44.75C
2023-08-28 00:15:32 RAM 3437/3956MB (lfb 7x1MB) SWAP 1559/4026MB (cached 126MB) CPU [20%@1224,20%@1224,20%@1224,22%@1224] EMC_FREQ 0% GR3D_FREQ 99% PLL@41.5C CPU@46C PMIC@50C GPU@43.5C AO@53C thermal@45C
2023-08-28 00:16:32 RAM 3435/3956MB (lfb 6x1MB) SWAP 1573/4026MB (cached 126MB) CPU [22%@1479,19%@1479,21%@1479,19%@1479] EMC_FREQ 0% GR3D_FREQ 99% PLL@42C CPU@46C PMIC@50C GPU@43.5C AO@53C thermal@44.75C
2023-08-28 00:17:32 RAM 3428/3956MB (lfb 7x1MB) SWAP 1576/4026MB (cached 126MB) CPU [19%@1224,17%@1224,20%@1224,16%@1224] EMC_FREQ 0% GR3D_FREQ 99% PLL@41C CPU@45.5C PMIC@50C GPU@43C AO@52.5C thermal@44C
2023-08-28 00:18:32 RAM 3427/3956MB (lfb 7x1MB) SWAP 1577/4026MB (cached 126MB) CPU [19%@1326,18%@1326,20%@1326,16%@1326] EMC_FREQ 0% GR3D_FREQ 99% PLL@41.5C CPU@46C PMIC@50C GPU@43C AO@52.5C thermal@44C
2023-08-28 00:19:32 RAM 3429/3956MB (lfb 7x1MB) SWAP 1579/4026MB (cached 127MB) CPU [21%@1224,19%@1224,21%@1224,19%@1224] EMC_FREQ 0% GR3D_FREQ 99% PLL@41.5C CPU@45.5C PMIC@50C GPU@43C AO@52.5C thermal@44.25C
2023-08-28 00:20:32 RAM 3427/3956MB (lfb 7x1MB) SWAP 1600/4026MB (cached 127MB) CPU [23%@1224,22%@1224,22%@1224,20%@1224] EMC_FREQ 0% GR3D_FREQ 99% PLL@41.5C CPU@45C PMIC@50C GPU@43C AO@52.5C thermal@44C
2023-08-28 00:21:32 RAM 3437/3956MB (lfb 5x1MB) SWAP 1597/4026MB (cached 129MB) CPU [30%@921,26%@921,23%@921,26%@921] EMC_FREQ 0% GR3D_FREQ 99% PLL@41.5C CPU@45C PMIC@50C GPU@43C AO@53C thermal@44.25C
2023-08-28 00:22:32 RAM 3422/3956MB (lfb 3x1MB) SWAP 1597/4026MB (cached 129MB) CPU [27%@204,20%@204,21%@204,22%@204] EMC_FREQ 0% GR3D_FREQ 99% PLL@41C CPU@45C PMIC@50C GPU@43C AO@52.5C thermal@44.25C
2023-08-28 00:23:32 RAM 3428/3956MB (lfb 3x1MB) SWAP 1595/4026MB (cached 129MB) CPU [30%@1479,23%@1479,24%@1479,23%@1479] EMC_FREQ 0% GR3D_FREQ 99% PLL@41C CPU@45C PMIC@50C GPU@43C AO@52.5C thermal@43.75C
2023-08-28 00:24:32 RAM 3427/3956MB (lfb 3x1MB) SWAP 1595/4026MB (cached 129MB) CPU [28%@204,26%@204,25%@204,23%@204] EMC_FREQ 0% GR3D_FREQ 99% PLL@40C CPU@44.5C PMIC@50C GPU@42C AO@52C thermal@44C
2023-08-28 00:25:32 RAM 3429/3956MB (lfb 3x1MB) SWAP 1595/4026MB (cached 129MB) CPU [29%@307,27%@307,24%@307,24%@307] EMC_FREQ 0% GR3D_FREQ 99% PLL@40.5C CPU@44.5C PMIC@50C GPU@42.5C AO@52C thermal@43.5C
2023-08-28 00:26:32 RAM 3434/3956MB (lfb 1x2MB) SWAP 1595/4026MB (cached 129MB) CPU [29%@307,27%@307,22%@307,22%@307] EMC_FREQ 0% GR3D_FREQ 99% PLL@40.5C CPU@44.5C PMIC@50C GPU@43C AO@52C thermal@44.75C
2023-08-28 00:27:32 RAM 3426/3956MB (lfb 1x2MB) SWAP 1595/4026MB (cached 129MB) CPU [25%@307,22%@307,21%@307,23%@307] EMC_FREQ 0% GR3D_FREQ 99% PLL@40.5C CPU@44.5C PMIC@50C GPU@42.5C AO@52C thermal@43.25C
2023-08-28 00:28:32 RAM 3430/3956MB (lfb 1x2MB) SWAP 1595/4026MB (cached 129MB) CPU [29%@403,26%@403,22%@403,24%@403] EMC_FREQ 0% GR3D_FREQ 99% PLL@41C CPU@45C PMIC@50C GPU@42.5C AO@51.5C thermal@44.25C
2023-08-28 00:29:32 RAM 3433/3956MB (lfb 27x1MB) SWAP 1595/4026MB (cached 129MB) CPU [28%@307,28%@307,25%@307,22%@307] EMC_FREQ 0% GR3D_FREQ 99% PLL@40.5C CPU@44.5C PMIC@50C GPU@43C AO@52C thermal@43.5C
2023-08-28 00:30:32 RAM 3430/3956MB (lfb 27x1MB) SWAP 1594/4026MB (cached 130MB) CPU [28%@1479,28%@1479,27%@1479,24%@1479] EMC_FREQ 0% GR3D_FREQ 99% PLL@41C CPU@44.5C PMIC@50C GPU@42.5C AO@52.5C thermal@43.75C
2023-08-28 00:31:32 RAM 3431/3956MB (lfb 27x1MB) SWAP 1594/4026MB (cached 130MB) CPU [25%@1479,24%@1479,23%@1479,20%@1479] EMC_FREQ 0% GR3D_FREQ 99% PLL@41.5C CPU@45C PMIC@50C GPU@42.5C AO@51.5C thermal@43.75C
2023-08-28 00:32:32 RAM 3435/3956MB (lfb 27x1MB) SWAP 1594/4026MB (cached 130MB) CPU [26%@204,24%@204,21%@204,22%@204] EMC_FREQ 0% GR3D_FREQ 99% PLL@40.5C CPU@44.5C PMIC@50C GPU@42.5C AO@51C thermal@43.5C
2023-08-28 00:33:32 RAM 3434/3956MB (lfb 27x1MB) SWAP 1594/4026MB (cached 130MB) CPU [36%@518,27%@518,26%@518,26%@518] EMC_FREQ 0% GR3D_FREQ 99% PLL@41C CPU@44.5C PMIC@50C GPU@42.5C AO@52C thermal@43.5C
2023-08-28 00:34:32 RAM 3439/3956MB (lfb 27x1MB) SWAP 1594/4026MB (cached 130MB) CPU [30%@1479,25%@1479,24%@1479,24%@1479] EMC_FREQ 0% GR3D_FREQ 99% PLL@41C CPU@45C PMIC@50C GPU@42.5C AO@52C thermal@43.25C
2023-08-28 00:35:32 RAM 3435/3956MB (lfb 27x1MB) SWAP 1594/4026MB (cached 130MB) CPU [27%@307,26%@307,24%@307,26%@307] EMC_FREQ 0% GR3D_FREQ 99% PLL@40.5C CPU@44.5C PMIC@50C GPU@42.5C AO@51.5C thermal@43.75C
2023-08-28 00:36:32 RAM 3432/3956MB (lfb 27x1MB) SWAP 1594/4026MB (cached 130MB) CPU [22%@1479,22%@1479,20%@1479,21%@1479] EMC_FREQ 0% GR3D_FREQ 99% PLL@40.5C CPU@44.5C PMIC@50C GPU@42.5C AO@51.5C thermal@43.5C
2023-08-28 00:37:32 RAM 3438/3956MB (lfb 27x1MB) SWAP 1594/4026MB (cached 130MB) CPU [27%@307,26%@307,24%@307,23%@307] EMC_FREQ 0% GR3D_FREQ 99% PLL@40C CPU@44C PMIC@50C GPU@42C AO@51.5C thermal@43.25C
2023-08-28 00:38:33 RAM 3454/3956MB (lfb 8x1MB) SWAP 1570/4026MB (cached 134MB) CPU [31%@403,28%@403,26%@403,29%@403] EMC_FREQ 0% GR3D_FREQ 99% PLL@40C CPU@44C PMIC@50C GPU@42C AO@51C thermal@44C
2023-08-28 00:39:33 RAM 3492/3956MB (lfb 12x1MB) SWAP 1564/4026MB (cached 135MB) CPU [58%@1479,55%@1479,58%@1479,59%@1479] EMC_FREQ 0% GR3D_FREQ 99% PLL@41.5C CPU@45.5C PMIC@50C GPU@42.5C AO@52.5C thermal@44C
2023-08-28 00:40:33 RAM 3410/3956MB (lfb 7x1MB) SWAP 1549/4026MB (cached 131MB) CPU [37%@204,37%@204,37%@204,37%@204] EMC_FREQ 0% GR3D_FREQ 99% PLL@40.5C CPU@44.5C PMIC@50C GPU@42.5C AO@52C thermal@43.5C
2023-08-28 00:41:33 RAM 3407/3956MB (lfb 11x1MB) SWAP 1549/4026MB (cached 131MB) CPU [29%@1479,23%@1479,25%@1479,24%@1479] EMC_FREQ 0% GR3D_FREQ 99% PLL@41C CPU@44.5C PMIC@50C GPU@43C AO@52C thermal@44C
2023-08-28 00:42:33 RAM 3406/3956MB (lfb 11x1MB) SWAP 1548/4026MB (cached 131MB) CPU [29%@204,27%@204,25%@204,24%@204] EMC_FREQ 0% GR3D_FREQ 99% PLL@41C CPU@44.5C PMIC@50C GPU@43C AO@52C thermal@43.75C
2023-08-28 00:43:33 RAM 3409/3956MB (lfb 11x1MB) SWAP 1549/4026MB (cached 131MB) CPU [27%@403,26%@403,26%@403,27%@403] EMC_FREQ 0% GR3D_FREQ 99% PLL@41C CPU@45C PMIC@50C GPU@43C AO@52.5C thermal@44.25C
2023-08-28 00:44:33 RAM 3403/3956MB (lfb 8x1MB) SWAP 1550/4026MB (cached 131MB) CPU [29%@1479,29%@1479,23%@1479,24%@1479] EMC_FREQ 0% GR3D_FREQ 48% PLL@41C CPU@45C PMIC@50C GPU@42.5C AO@52.5C thermal@44C
2023-08-28 00:45:33 RAM 3403/3956MB (lfb 8x1MB) SWAP 1552/4026MB (cached 131MB) CPU [28%@307,24%@307,24%@307,23%@307] EMC_FREQ 0% GR3D_FREQ 99% PLL@41C CPU@44.5C PMIC@50C GPU@43C AO@52C thermal@43.5C
2023-08-28 00:46:33 RAM 3408/3956MB (lfb 8x1MB) SWAP 1553/4026MB (cached 131MB) CPU [26%@1479,27%@1479,23%@1479,22%@1479] EMC_FREQ 0% GR3D_FREQ 99% PLL@41.5C CPU@45C PMIC@50C GPU@43C AO@52.5C thermal@44C
2023-08-28 00:47:33 RAM 3401/3956MB (lfb 8x1MB) SWAP 1555/4026MB (cached 131MB) CPU [29%@307,26%@307,27%@307,25%@307] EMC_FREQ 0% GR3D_FREQ 99% PLL@41.5C CPU@44.5C PMIC@50C GPU@43.5C AO@52C thermal@44C
2023-08-28 00:48:33 RAM 3410/3956MB (lfb 9x1MB) SWAP 1529/4026MB (cached 131MB) CPU [31%@204,28%@204,26%@204,26%@204] EMC_FREQ 0% GR3D_FREQ 99% PLL@41C CPU@44.5C PMIC@50C GPU@43C AO@52C thermal@43.5C
2023-08-28 00:49:33 RAM 3404/3956MB (lfb 9x1MB) SWAP 1531/4026MB (cached 131MB) CPU [28%@1479,29%@1479,25%@1479,24%@1479] EMC_FREQ 0% GR3D_FREQ 99% PLL@41C CPU@45.5C PMIC@50C GPU@43C AO@52.5C thermal@44.75C
2023-08-28 00:50:33 RAM 3403/3956MB (lfb 9x1MB) SWAP 1532/4026MB (cached 131MB) CPU [25%@307,21%@307,24%@307,23%@307] EMC_FREQ 0% GR3D_FREQ 99% PLL@41C CPU@45C PMIC@50C GPU@43C AO@51.5C thermal@43.5C
2023-08-28 00:51:33 RAM 3403/3956MB (lfb 9x1MB) SWAP 1534/4026MB (cached 131MB) CPU [28%@1479,26%@1479,24%@1479,25%@1479] EMC_FREQ 0% GR3D_FREQ 99% PLL@41.5C CPU@46C PMIC@50C GPU@43C AO@52C thermal@43.5C
2023-08-28 00:52:33 RAM 3399/3956MB (lfb 9x1MB) SWAP 1533/4026MB (cached 132MB) CPU [29%@307,27%@307,28%@307,25%@307] EMC_FREQ 0% GR3D_FREQ 99% PLL@41C CPU@45C PMIC@50C GPU@43C AO@52C thermal@44C
2023-08-28 00:53:33 RAM 3401/3956MB (lfb 9x1MB) SWAP 1535/4026MB (cached 132MB) CPU [27%@1479,27%@1479,25%@1479,25%@1479] EMC_FREQ 0% GR3D_FREQ 99% PLL@41.5C CPU@46C PMIC@50C GPU@43.5C AO@52.5C thermal@44.25C
2023-08-28 00:54:33 RAM 3396/3956MB (lfb 9x1MB) SWAP 1537/4026MB (cached 132MB) CPU [26%@204,27%@204,27%@204,24%@204] EMC_FREQ 0% GR3D_FREQ 99% PLL@41C CPU@45C PMIC@50C GPU@43C AO@52C thermal@43.75C
2023-08-28 00:55:33 RAM 3398/3956MB (lfb 9x1MB) SWAP 1537/4026MB (cached 132MB) CPU [26%@307,26%@307,21%@307,19%@307] EMC_FREQ 0% GR3D_FREQ 99% PLL@40.5C CPU@45C PMIC@50C GPU@43.5C AO@52.5C thermal@44.25C
2023-08-28 00:56:33 RAM 3405/3956MB (lfb 9x1MB) SWAP 1537/4026MB (cached 132MB) CPU [27%@1479,27%@1479,25%@1479,24%@1479] EMC_FREQ 0% GR3D_FREQ 99% PLL@41C CPU@45.5C PMIC@50C GPU@43C AO@52.5C thermal@43.75C
2023-08-28 00:57:33 RAM 3401/3956MB (lfb 9x1MB) SWAP 1537/4026MB (cached 132MB) CPU [30%@204,25%@204,25%@204,27%@204] EMC_FREQ 0% GR3D_FREQ 99% PLL@40.5C CPU@45C PMIC@50C GPU@43C AO@52C thermal@43.75C
