2023-08-25 03:24:20 RAM 3261/3956MB (lfb 28x4MB) SWAP 1565/4026MB (cached 98MB) CPU [30%@1479,30%@1479,31%@1479,30%@1479] EMC_FREQ 0% GR3D_FREQ 99% PLL@28.5C CPU@33.5C PMIC@50C GPU@30C AO@38.5C thermal@32C
2023-08-25 03:25:20 RAM 3259/3956MB (lfb 1x4MB) SWAP 1607/4026MB (cached 99MB) CPU [29%@1479,33%@1479,31%@1479,31%@1479] EMC_FREQ 0% GR3D_FREQ 0% PLL@27.5C CPU@31C PMIC@50C GPU@29.5C AO@37C thermal@30.25C
2023-08-25 03:26:20 RAM 3187/3956MB (lfb 2x1MB) SWAP 1608/4026MB (cached 101MB) CPU [25%@1224,25%@1224,24%@1224,27%@1224] EMC_FREQ 0% GR3D_FREQ 99% PLL@28C CPU@32C PMIC@50C GPU@30.5C AO@38C thermal@31.25C
2023-08-25 03:27:20 RAM 3189/3956MB (lfb 8x2MB) SWAP 1607/4026MB (cached 101MB) CPU [23%@1479,25%@1479,24%@1479,25%@1479] EMC_FREQ 0% GR3D_FREQ 99% PLL@28.5C CPU@33C PMIC@50C GPU@30C AO@38.5C thermal@31.25C
2023-08-25 03:28:20 RAM 3201/3956MB (lfb 8x2MB) SWAP 1604/4026MB (cached 103MB) CPU [25%@1479,26%@1479,28%@1479,26%@1479] EMC_FREQ 0% GR3D_FREQ 99% PLL@29C CPU@33.5C PMIC@50C GPU@31C AO@39C thermal@32C
2023-08-25 03:29:20 RAM 3189/3956MB (lfb 10x2MB) SWAP 1603/4026MB (cached 103MB) CPU [26%@307,25%@307,26%@307,23%@307] EMC_FREQ 0% GR3D_FREQ 99% PLL@28.5C CPU@32.5C PMIC@50C GPU@31C AO@39C thermal@32C
2023-08-25 03:30:20 RAM 3194/3956MB (lfb 10x2MB) SWAP 1600/4026MB (cached 105MB) CPU [29%@1428,29%@1428,28%@1428,23%@1428] EMC_FREQ 0% GR3D_FREQ 99% PLL@28.5C CPU@32.5C PMIC@50C GPU@30.5C AO@38.5C thermal@32.5C
2023-08-25 03:31:20 RAM 3190/3956MB (lfb 10x2MB) SWAP 1600/4026MB (cached 105MB) CPU [34%@204,29%@204,26%@204,28%@204] EMC_FREQ 0% GR3D_FREQ 99% PLL@28.5C CPU@32.5C PMIC@50C GPU@31C AO@39C thermal@32C
2023-08-25 03:32:20 RAM 3194/3956MB (lfb 10x2MB) SWAP 1598/4026MB (cached 105MB) CPU [31%@204,28%@204,29%@204,24%@204] EMC_FREQ 0% GR3D_FREQ 99% PLL@28.5C CPU@33C PMIC@50C GPU@31C AO@38.5C thermal@31.75C
2023-08-25 03:33:20 RAM 3191/3956MB (lfb 10x2MB) SWAP 1597/4026MB (cached 104MB) CPU [26%@614,28%@614,26%@614,23%@825] EMC_FREQ 0% GR3D_FREQ 74% PLL@28.5C CPU@32.5C PMIC@50C GPU@30C AO@38.5C thermal@31.25C
2023-08-25 03:34:20 RAM 3196/3956MB (lfb 10x2MB) SWAP 1596/4026MB (cached 104MB) CPU [32%@1479,30%@1479,28%@1479,25%@1479] EMC_FREQ 0% GR3D_FREQ 99% PLL@29C CPU@33C PMIC@50C GPU@30C AO@38.5C thermal@31.5C
2023-08-25 03:35:20 RAM 3194/3956MB (lfb 10x2MB) SWAP 1596/4026MB (cached 104MB) CPU [33%@1479,28%@1479,29%@1479,25%@1479] EMC_FREQ 0% GR3D_FREQ 99% PLL@28.5C CPU@33.5C PMIC@50C GPU@30C AO@39C thermal@31.25C
2023-08-25 03:36:20 RAM 3202/3956MB (lfb 11x2MB) SWAP 1595/4026MB (cached 106MB) CPU [26%@1326,24%@1326,26%@1326,24%@1326] EMC_FREQ 0% GR3D_FREQ 99% PLL@28.5C CPU@32.5C PMIC@50C GPU@31C AO@38.5C thermal@31.5C
2023-08-25 03:37:20 RAM 3218/3956MB (lfb 7x2MB) SWAP 1593/4026MB (cached 106MB) CPU [31%@1479,28%@1479,27%@1479,28%@1479] EMC_FREQ 0% GR3D_FREQ 99% PLL@29C CPU@32.5C PMIC@50C GPU@30.5C AO@38.5C thermal@32C
2023-08-25 03:38:20 RAM 3202/3956MB (lfb 5x2MB) SWAP 1593/4026MB (cached 106MB) CPU [32%@1479,31%@1479,30%@1479,27%@1479] EMC_FREQ 0% GR3D_FREQ 99% PLL@29C CPU@34C PMIC@50C GPU@30.5C AO@39C thermal@32.25C
2023-08-25 03:39:20 RAM 3200/3956MB (lfb 6x2MB) SWAP 1595/4026MB (cached 106MB) CPU [30%@204,25%@204,26%@307,22%@307] EMC_FREQ 0% GR3D_FREQ 99% PLL@28.5C CPU@32.5C PMIC@50C GPU@31C AO@38.5C thermal@32C
2023-08-25 03:40:20 RAM 3196/3956MB (lfb 5x2MB) SWAP 1594/4026MB (cached 106MB) CPU [28%@403,29%@403,28%@403,25%@403] EMC_FREQ 0% GR3D_FREQ 99% PLL@28.5C CPU@33C PMIC@50C GPU@31C AO@38.5C thermal@32C
2023-08-25 03:41:20 RAM 3202/3956MB (lfb 5x2MB) SWAP 1594/4026MB (cached 106MB) CPU [31%@307,29%@307,28%@307,26%@307] EMC_FREQ 0% GR3D_FREQ 99% PLL@29C CPU@32.5C PMIC@50C GPU@31C AO@38.5C thermal@32C
2023-08-25 03:42:20 RAM 3219/3956MB (lfb 5x2MB) SWAP 1588/4026MB (cached 113MB) CPU [34%@403,35%@403,32%@403,31%@403] EMC_FREQ 0% GR3D_FREQ 99% PLL@28.5C CPU@33C PMIC@50C GPU@30.5C AO@39C thermal@32C
2023-08-25 03:43:20 RAM 3230/3956MB (lfb 5x2MB) SWAP 1588/4026MB (cached 113MB) CPU [28%@1479,28%@1479,29%@1479,25%@1479] EMC_FREQ 0% GR3D_FREQ 99% PLL@29C CPU@34C PMIC@50C GPU@31C AO@39C thermal@31.5C
2023-08-25 03:44:20 RAM 3222/3956MB (lfb 5x2MB) SWAP 1588/4026MB (cached 114MB) CPU [31%@1479,29%@1479,32%@1479,26%@1479] EMC_FREQ 0% GR3D_FREQ 99% PLL@29C CPU@33.5C PMIC@50C GPU@31C AO@39C thermal@31.75C
2023-08-25 03:45:20 RAM 3219/3956MB (lfb 6x2MB) SWAP 1588/4026MB (cached 114MB) CPU [32%@1479,29%@1479,33%@1479,29%@1479] EMC_FREQ 0% GR3D_FREQ 99% PLL@29C CPU@33.5C PMIC@50C GPU@31C AO@39C thermal@31.75C
2023-08-25 03:46:20 RAM 3225/3956MB (lfb 6x2MB) SWAP 1587/4026MB (cached 114MB) CPU [31%@1479,27%@1479,24%@1479,24%@1479] EMC_FREQ 0% GR3D_FREQ 99% PLL@29.5C CPU@33.5C PMIC@50C GPU@30.5C AO@39C thermal@31.25C
2023-08-25 03:47:20 RAM 3223/3956MB (lfb 6x2MB) SWAP 1587/4026MB (cached 114MB) CPU [32%@403,29%@403,31%@403,28%@403] EMC_FREQ 0% GR3D_FREQ 99% PLL@28.5C CPU@33C PMIC@50C GPU@31C AO@39C thermal@32C
2023-08-25 03:48:20 RAM 3252/3956MB (lfb 5x2MB) SWAP 1587/4026MB (cached 114MB) CPU [31%@1224,32%@1224,30%@1224,30%@1224] EMC_FREQ 0% GR3D_FREQ 99% PLL@29C CPU@33C PMIC@50C GPU@31C AO@39C thermal@32.25C
2023-08-25 03:49:20 RAM 3232/3956MB (lfb 6x2MB) SWAP 1583/4026MB (cached 117MB) CPU [31%@1479,30%@1479,32%@1479,29%@1479] EMC_FREQ 0% GR3D_FREQ 99% PLL@29C CPU@33C PMIC@50C GPU@30.5C AO@39C thermal@32C
2023-08-25 03:50:20 RAM 3240/3956MB (lfb 5x2MB) SWAP 1583/4026MB (cached 117MB) CPU [27%@1224,31%@1224,29%@1224,27%@1224] EMC_FREQ 0% GR3D_FREQ 99% PLL@29C CPU@33C PMIC@50C GPU@31C AO@39C thermal@31.25C
2023-08-25 03:51:20 RAM 3235/3956MB (lfb 5x2MB) SWAP 1583/4026MB (cached 117MB) CPU [31%@1479,28%@1479,31%@1479,31%@1479] EMC_FREQ 0% GR3D_FREQ 69% PLL@29C CPU@33C PMIC@50C GPU@30C AO@39C thermal@32C
2023-08-25 03:52:20 RAM 3241/3956MB (lfb 5x2MB) SWAP 1582/4026MB (cached 117MB) CPU [31%@1479,30%@1479,30%@1479,31%@1479] EMC_FREQ 0% GR3D_FREQ 99% PLL@29C CPU@34C PMIC@50C GPU@30.5C AO@38.5C thermal@32.25C
2023-08-25 03:53:20 RAM 3234/3956MB (lfb 5x2MB) SWAP 1582/4026MB (cached 117MB) CPU [27%@403,26%@403,29%@403,27%@403] EMC_FREQ 0% GR3D_FREQ 99% PLL@29C CPU@32C PMIC@50C GPU@30C AO@39C thermal@32C
2023-08-25 03:54:20 RAM 3239/3956MB (lfb 5x2MB) SWAP 1582/4026MB (cached 117MB) CPU [30%@1479,31%@1479,33%@1479,28%@1479] EMC_FREQ 0% GR3D_FREQ 71% PLL@29C CPU@32.5C PMIC@50C GPU@30.5C AO@39C thermal@31.5C
2023-08-25 03:55:20 RAM 3234/3956MB (lfb 5x2MB) SWAP 1582/4026MB (cached 117MB) CPU [32%@1479,29%@1479,34%@1479,29%@1479] EMC_FREQ 0% GR3D_FREQ 99% PLL@29.5C CPU@33C PMIC@50C GPU@30.5C AO@39C thermal@31.75C
2023-08-25 03:56:20 RAM 3237/3956MB (lfb 5x2MB) SWAP 1582/4026MB (cached 117MB) CPU [26%@307,28%@307,32%@307,24%@307] EMC_FREQ 0% GR3D_FREQ 99% PLL@29C CPU@33C PMIC@50C GPU@31C AO@39C thermal@31.75C
2023-08-25 03:57:20 RAM 3242/3956MB (lfb 5x2MB) SWAP 1582/4026MB (cached 117MB) CPU [30%@1479,29%@1479,29%@1479,29%@1479] EMC_FREQ 0% GR3D_FREQ 99% PLL@29.5C CPU@34C PMIC@50C GPU@30.5C AO@39C thermal@31.75C
2023-08-25 03:58:20 RAM 3239/3956MB (lfb 5x2MB) SWAP 1581/4026MB (cached 118MB) CPU [33%@1479,29%@1479,33%@1479,31%@1479] EMC_FREQ 0% GR3D_FREQ 99% PLL@29.5C CPU@33C PMIC@50C GPU@30.5C AO@39C thermal@32C
2023-08-25 03:59:20 RAM 3244/3956MB (lfb 5x2MB) SWAP 1581/4026MB (cached 118MB) CPU [32%@403,29%@403,32%@403,30%@403] EMC_FREQ 0% GR3D_FREQ 99% PLL@29C CPU@32.5C PMIC@50C GPU@31C AO@39C thermal@31.25C
2023-08-25 04:00:20 RAM 3234/3956MB (lfb 5x2MB) SWAP 1581/4026MB (cached 118MB) CPU [43%@518,34%@518,36%@518,34%@518] EMC_FREQ 0% GR3D_FREQ 99% PLL@28.5C CPU@32.5C PMIC@50C GPU@31.5C AO@39.5C thermal@32.25C
2023-08-25 04:01:20 RAM 3237/3956MB (lfb 5x2MB) SWAP 1581/4026MB (cached 118MB) CPU [34%@1479,30%@1479,32%@1479,30%@1479] EMC_FREQ 0% GR3D_FREQ 99% PLL@29.5C CPU@33C PMIC@50C GPU@30.5C AO@39C thermal@31.5C
2023-08-25 04:02:20 RAM 3235/3956MB (lfb 5x2MB) SWAP 1581/4026MB (cached 118MB) CPU [33%@307,30%@307,30%@307,28%@307] EMC_FREQ 0% GR3D_FREQ 99% PLL@28.5C CPU@33C PMIC@50C GPU@30.5C AO@39C thermal@31.75C
2023-08-25 04:03:20 RAM 3234/3956MB (lfb 5x2MB) SWAP 1580/4026MB (cached 118MB) CPU [28%@1479,27%@1479,29%@1479,27%@1479] EMC_FREQ 0% GR3D_FREQ 99% PLL@29C CPU@33C PMIC@50C GPU@30.5C AO@39C thermal@31.5C
2023-08-25 04:04:20 RAM 1974/3956MB (lfb 6x4MB) SWAP 957/4026MB (cached 72MB) CPU [20%@1036,19%@1036,19%@1036,16%@1036] EMC_FREQ 0% GR3D_FREQ 66% PLL@25.5C CPU@29C PMIC@50C GPU@26C AO@35C thermal@26.75C
2023-08-25 04:05:20 RAM 1973/3956MB (lfb 6x4MB) SWAP 957/4026MB (cached 74MB) CPU [21%@1224,14%@1224,12%@1224,15%@1224] EMC_FREQ 0% GR3D_FREQ 0% PLL@23C CPU@27C PMIC@50C GPU@24C AO@33.5C thermal@25.75C
2023-08-25 04:06:20 RAM 1982/3956MB (lfb 5x4MB) SWAP 953/4026MB (cached 74MB) CPU [20%@1479,17%@1479,15%@1479,16%@1479] EMC_FREQ 0% GR3D_FREQ 6% PLL@23.5C CPU@26.5C PMIC@50C GPU@24C AO@33C thermal@25.25C
2023-08-25 04:07:20 RAM 1984/3956MB (lfb 6x4MB) SWAP 950/4026MB (cached 75MB) CPU [20%@1224,18%@1224,14%@1224,16%@1224] EMC_FREQ 0% GR3D_FREQ 0% PLL@23C CPU@26C PMIC@50C GPU@25C AO@32.5C thermal@25.25C
2023-08-25 04:08:20 RAM 1996/3956MB (lfb 6x4MB) SWAP 949/4026MB (cached 75MB) CPU [9%@1224,7%@1224,7%@1224,8%@1224] EMC_FREQ 0% GR3D_FREQ 0% PLL@23C CPU@26C PMIC@50C GPU@25C AO@33C thermal@25.25C
2023-08-25 04:09:20 RAM 1989/3956MB (lfb 6x4MB) SWAP 949/4026MB (cached 75MB) CPU [5%@1224,3%@1224,2%@1224,3%@1224] EMC_FREQ 0% GR3D_FREQ 0% PLL@23C CPU@25.5C PMIC@50C GPU@25C AO@32C thermal@25C
2023-08-25 04:10:20 RAM 1979/3956MB (lfb 6x4MB) SWAP 937/4026MB (cached 73MB) CPU [11%@1224,9%@1224,10%@1224,10%@1224] EMC_FREQ 0% GR3D_FREQ 0% PLL@23C CPU@26C PMIC@50C GPU@25C AO@33C thermal@25.5C
2023-08-25 04:11:20 RAM 2002/3956MB (lfb 7x4MB) SWAP 935/4026MB (cached 74MB) CPU [11%@1224,9%@1224,7%@1224,8%@1224] EMC_FREQ 0% GR3D_FREQ 0% PLL@23C CPU@26C PMIC@50C GPU@23.5C AO@32.5C thermal@24.5C
